#
# A fatal error has been detected by the Java Runtime Environment:
#
#  EXCEPTION_ACCESS_VIOLATION (0xc0000005) at pc=0x00007ffb81a463b7, pid=10540, tid=5564
#
# JRE version: Java(TM) SE Runtime Environment (18.0.2.1+1) (build 18.0.2.1+1-1)
# Java VM: Java HotSpot(TM) 64-Bit Server VM (18.0.2.1+1-1, mixed mode, sharing, tiered, compressed oops, compressed class ptrs, g1 gc, windows-amd64)
# Problematic frame:
# C  [glass.dll+0x263b7]
#
# No core dump will be written. Minidumps are not enabled by default on client versions of Windows
#
# If you would like to submit a bug report, please visit:
#   https://bugreport.java.com/bugreport/crash.jsp
#

---------------  S U M M A R Y ------------

Command Line: --module-path=C:/Program Files/Java/openjfx-19_windows-x64_bin-sdk/javafx-sdk-19/lib --add-modules=javafx.controls,javafx.fxml -javaagent:C:\Program Files\JetBrains\IntelliJ IDEA Community Edition 2022.2.1\lib\idea_rt.jar=55605:C:\Program Files\JetBrains\IntelliJ IDEA Community Edition 2022.2.1\bin -Dfile.encoding=UTF-8 -Dsun.stdout.encoding=UTF-8 -Dsun.stderr.encoding=UTF-8 Client

Host: Intel(R) Core(TM) i3-7130U CPU @ 2.70GHz, 4 cores, 7G,  Windows 10 , 64 bit Build 19041 (10.0.19041.1806)
Time: Mon Dec  5 23:52:06 2022  Windows 10 , 64 bit Build 19041 (10.0.19041.1806) elapsed time: 61.402210 seconds (0d 0h 1m 1s)

---------------  T H R E A D  ---------------

Current thread (0x000001b4c6c86790):  VMThread "VM Thread" [stack: 0x0000003f55e00000,0x0000003f55f00000] [id=5564]

Stack: [0x0000003f55e00000,0x0000003f55f00000],  sp=0x0000003f55eff030,  free space=1020k
Native frames: (J=compiled Java code, j=interpreted, Vv=VM code, C=native code)
C  [glass.dll+0x263b7]


siginfo: EXCEPTION_ACCESS_VIOLATION (0xc0000005), reading address 0x0000000000000000


Register to memory mapping:

RIP=0x00007ffb81a463b7 glass.dll
RAX=0x0 is NULL
RBX=0x000001b4c6c95828 is a global jni handle
RCX=0x000001b4c6c86790 points into unknown readable memory: 0x00007ffb43b6ea28 | 28 ea b6 43 fb 7f 00 00
RDX=0x0000003f55eff030 points into unknown readable memory: 0x0000000000000000 | 00 00 00 00 00 00 00 00
RSP=0x0000003f55eff030 points into unknown readable memory: 0x0000000000000000 | 00 00 00 00 00 00 00 00
RBP=0x000001b4cc2e04a8 points into unknown readable memory: 0x0000308874249ef2 | f2 9e 24 74 88 30 00 00
RSI=0x000001b4cc2e0480 points into unknown readable memory: 0xe02030898bca9862 | 62 98 ca 8b 89 30 20 e0
RDI=0x0000308874249ef2 is an unknown value
R8 =0x0000000000010002 is an unknown value
R9 =0x0000308874249ef2 is an unknown value
R10=0x0000000000008000 is an unknown value
R11=0x0000003f55efefc0 points into unknown readable memory: 0x000001b4cc2e0480 | 80 04 2e cc b4 01 00 00
R12=0x00007ffb81a43cf0 glass.dll
R13=0x00007ffb43d30c00 jvm.dll
R14=0x0000003f55eff128 points into unknown readable memory: 0x0000003f55eff110 | 10 f1 ef 55 3f 00 00 00
R15=0x000001b4cc2e0480 points into unknown readable memory: 0xe02030898bca9862 | 62 98 ca 8b 89 30 20 e0


Registers:
RAX=0x0000000000000000, RBX=0x000001b4c6c95828, RCX=0x000001b4c6c86790, RDX=0x0000003f55eff030
RSP=0x0000003f55eff030, RBP=0x000001b4cc2e04a8, RSI=0x000001b4cc2e0480, RDI=0x0000308874249ef2
R8 =0x0000000000010002, R9 =0x0000308874249ef2, R10=0x0000000000008000, R11=0x0000003f55efefc0
R12=0x00007ffb81a43cf0, R13=0x00007ffb43d30c00, R14=0x0000003f55eff128, R15=0x000001b4cc2e0480
RIP=0x00007ffb81a463b7, EFLAGS=0x0000000000010206

Top of Stack: (sp=0x0000003f55eff030)
0x0000003f55eff030:   0000000000000000 000001b4cc2e0480
0x0000003f55eff040:   00007ffb43d30c00 00007ffb81a43cf0
0x0000003f55eff050:   000001b4cc2e0488 00007ffba2f442d6
0x0000003f55eff060:   0000308874249ef2 000001b400000000
0x0000003f55eff070:   000001b4cc2e04a8 000001b4cc2e0480
0x0000003f55eff080:   fffffffffffffffe 0000000000000000
0x0000003f55eff090:   0000000000000001 00007ffb81a20000
0x0000003f55eff0a0:   0000003f55eff118 00007ffba2f441fb
0x0000003f55eff0b0:   0000000000000000 0000003f55eff128
0x0000003f55eff0c0:   0000003f55eff3f0 00007ffba3020e40
0x0000003f55eff0d0:   0000000000000001 00007ffba2f441b4
0x0000003f55eff0e0:   0000000000000000 0000000000000001
0x0000003f55eff0f0:   00007ffb00000001 0000003f55eff118
0x0000003f55eff100:   0000000000000000 00007ffb81a43b7d
0x0000003f55eff110:   00007ffb81a59f88 00007ffb00000002
0x0000003f55eff120:   0000000000000002 0000003f55eff110 

Instructions: (pc=0x00007ffb81a463b7)
0x00007ffb81a462b7:   8b 4d 58 e8 7d cf ff ff 48 8b 4d 60 e8 74 cf ff
0x00007ffb81a462c7:   ff 48 8b 95 80 00 00 00 48 8b 8d 18 01 00 00 e8
0x00007ffb81a462d7:   66 c4 ff ff 33 d2 33 c9 e8 bc e1 ff ff 90 48 89
0x00007ffb81a462e7:   54 24 10 55 48 83 ec 20 48 8b ea 48 b8 00 00 00
0x00007ffb81a462f7:   00 00 00 00 00 48 83 c4 20 5d c3 cc 40 55 48 8b
0x00007ffb81a46307:   ea 48 8b 01 33 c9 81 38 05 00 00 c0 0f 94 c1 8b
0x00007ffb81a46317:   c1 5d c3 cc 40 55 48 83 ec 20 48 8b ea 8a 4d 40
0x00007ffb81a46327:   48 83 c4 20 5d e9 63 d3 ff ff cc 40 55 48 83 ec
0x00007ffb81a46337:   20 48 8b ea 8a 4d 20 e8 51 d3 ff ff 90 48 83 c4
0x00007ffb81a46347:   20 5d c3 cc 40 55 48 83 ec 20 48 8b ea 48 83 c4
0x00007ffb81a46357:   20 5d e9 b2 d1 ff ff cc 40 55 48 83 ec 30 48 8b
0x00007ffb81a46367:   ea 48 8b 01 8b 10 48 89 4c 24 28 89 54 24 20 4c
0x00007ffb81a46377:   8d 0d 53 d6 ff ff 4c 8b 45 70 8b 55 68 48 8b 4d
0x00007ffb81a46387:   60 e8 f3 d0 ff ff 90 48 83 c4 30 5d c3 cc cc cc
0x00007ffb81a46397:   cc cc cc cc cc cc cc cc cc 40 53 48 83 ec 20 48
0x00007ffb81a463a7:   8b 1d db 35 01 00 48 85 db 74 16 e8 79 8b ff ff
0x00007ffb81a463b7:   4c 8b 00 48 8b d3 48 8b c8 41 ff 90 b0 00 00 00
0x00007ffb81a463c7:   90 48 83 c4 20 5b c3 cc cc 40 53 48 83 ec 20 48
0x00007ffb81a463d7:   8b 1d 4b 37 01 00 48 85 db 74 57 b8 ff ff ff ff
0x00007ffb81a463e7:   f0 0f c1 43 10 83 f8 01 75 3d 48 85 db 74 38 48
0x00007ffb81a463f7:   8b 0b 48 85 c9 74 0d ff 15 a4 0e 00 00 48 c7 03
0x00007ffb81a46407:   00 00 00 00 48 8b 4b 08 48 85 c9 74 0d e8 23 ce
0x00007ffb81a46417:   ff ff 48 c7 43 08 00 00 00 00 ba 18 00 00 00 48
0x00007ffb81a46427:   8b cb e8 0e ce ff ff 48 c7 05 ef 36 01 00 00 00
0x00007ffb81a46437:   00 00 48 83 c4 20 5b c3 cc 40 53 48 83 ec 20 48
0x00007ffb81a46447:   8b 1d bb 36 01 00 48 85 db 74 57 b8 ff ff ff ff
0x00007ffb81a46457:   f0 0f c1 43 10 83 f8 01 75 3d 48 85 db 74 38 48
0x00007ffb81a46467:   8b 0b 48 85 c9 74 0d ff 15 34 0e 00 00 48 c7 03
0x00007ffb81a46477:   00 00 00 00 48 8b 4b 08 48 85 c9 74 0d e8 b3 cd
0x00007ffb81a46487:   ff ff 48 c7 43 08 00 00 00 00 ba 18 00 00 00 48
0x00007ffb81a46497:   8b cb e8 9e cd ff ff 48 c7 05 5f 36 01 00 00 00
0x00007ffb81a464a7:   00 00 48 83 c4 20 5b c3 cc 40 53 48 83 ec 20 48 


Stack slot to memory mapping:
stack at sp + 0 slots: 0x0 is NULL
stack at sp + 1 slots: 0x000001b4cc2e0480 points into unknown readable memory: 0xe02030898bca9862 | 62 98 ca 8b 89 30 20 e0
stack at sp + 2 slots: 0x00007ffb43d30c00 jvm.dll
stack at sp + 3 slots: 0x00007ffb81a43cf0 glass.dll
stack at sp + 4 slots: 0x000001b4cc2e0488 points into unknown readable memory: 0x0000308874249ef2 | f2 9e 24 74 88 30 00 00
stack at sp + 5 slots: 0x00007ffba2f442d6 ucrtbase.dll
stack at sp + 6 slots: 0x0000308874249ef2 is an unknown value
stack at sp + 7 slots: 0x000001b400000000 is an unknown value

VM_Operation (0x0000003f555fee80): Exit, mode: safepoint, requested by thread 0x000001b4cc0b9800


---------------  P R O C E S S  ---------------

Threads class SMR info:
_java_thread_list=0x000001b4cd3e06d0, length=20, elements={
0x000001b4a93cf7a0, 0x000001b4c6c89b50, 0x000001b4c6c8aca0, 0x000001b4c6ca62e0,
0x000001b4c6ca6890, 0x000001b4c6ca6e40, 0x000001b4c6cabb30, 0x000001b4c6d13150,
0x000001b4c6d1d650, 0x000001b4c6d54f90, 0x000001b4cc391250, 0x000001b4cc0d85b0,
0x000001b4cbbfe460, 0x000001b4cd2eacd0, 0x000001b4ccb26010, 0x000001b4cc978d50,
0x000001b4cc7a6280, 0x000001b4cc75cd40, 0x000001b4cc75d6e0, 0x000001b4cc0b9800
}

Java Threads: ( => current thread )
  0x000001b4a93cf7a0 JavaThread "main" [_thread_blocked, id=10656, stack(0x0000003f55800000,0x0000003f55900000)]
  0x000001b4c6c89b50 JavaThread "Reference Handler" daemon [_thread_blocked, id=11184, stack(0x0000003f55f00000,0x0000003f56000000)]
  0x000001b4c6c8aca0 JavaThread "Finalizer" daemon [_thread_blocked, id=4828, stack(0x0000003f56000000,0x0000003f56100000)]
  0x000001b4c6ca62e0 JavaThread "Attach Listener" daemon [_thread_blocked, id=11476, stack(0x0000003f56200000,0x0000003f56300000)]
  0x000001b4c6ca6890 JavaThread "Service Thread" daemon [_thread_blocked, id=1628, stack(0x0000003f56300000,0x0000003f56400000)]
  0x000001b4c6ca6e40 JavaThread "Monitor Deflation Thread" daemon [_thread_blocked, id=9884, stack(0x0000003f56400000,0x0000003f56500000)]
  0x000001b4c6cabb30 JavaThread "C2 CompilerThread0" daemon [_thread_blocked, id=7576, stack(0x0000003f56500000,0x0000003f56600000)]
  0x000001b4c6d13150 JavaThread "C1 CompilerThread0" daemon [_thread_blocked, id=9752, stack(0x0000003f56600000,0x0000003f56700000)]
  0x000001b4c6d1d650 JavaThread "Sweeper thread" daemon [_thread_blocked, id=4736, stack(0x0000003f56700000,0x0000003f56800000)]
  0x000001b4c6d54f90 JavaThread "Common-Cleaner" daemon [_thread_blocked, id=12008, stack(0x0000003f56800000,0x0000003f56900000)]
  0x000001b4cc391250 JavaThread "Monitor Ctrl-Break" daemon [_thread_in_native, id=10120, stack(0x0000003f56a00000,0x0000003f56b00000)]
  0x000001b4cc0d85b0 JavaThread "Notification Thread" daemon [_thread_blocked, id=5876, stack(0x0000003f56b00000,0x0000003f56c00000)]
  0x000001b4cbbfe460 JavaThread "QuantumRenderer-0" daemon [_thread_blocked, id=4340, stack(0x0000003f56d00000,0x0000003f56e00000)]
  0x000001b4cd2eacd0 JavaThread "InvokeLaterDispatcher" daemon [_thread_blocked, id=3372, stack(0x0000003f56e00000,0x0000003f56f00000)]
  0x000001b4ccb26010 JavaThread "JavaFX Application Thread" [_thread_in_native, id=9272, stack(0x0000003f56f00000,0x0000003f57000000)]
  0x000001b4cc978d50 JavaThread "Thread-1" daemon [_thread_in_native, id=8224, stack(0x0000003f57600000,0x0000003f57700000)]
  0x000001b4cc7a6280 JavaThread "JavaFX-Launcher" [_thread_blocked, id=7172, stack(0x0000003f57700000,0x0000003f57800000)]
  0x000001b4cc75cd40 JavaThread "Prism Font Disposer" daemon [_thread_blocked, id=11284, stack(0x0000003f57b00000,0x0000003f57c00000)]
  0x000001b4cc75d6e0 JavaThread "Cleaner-0" daemon [_thread_blocked, id=2716, stack(0x0000003f56900000,0x0000003f56a00000)]
  0x000001b4cc0b9800 JavaThread "SIGINT handler" daemon [_thread_blocked, id=9060, stack(0x0000003f55500000,0x0000003f55600000)]

Other Threads:
=>0x000001b4c6c86790 VMThread "VM Thread" [stack: 0x0000003f55e00000,0x0000003f55f00000] [id=5564]
  0x000001b4a942f220 WorkerThread "GC Thread#0" [stack: 0x0000003f55900000,0x0000003f55a00000] [id=12024]
  0x000001b4cc3c5190 WorkerThread "GC Thread#1" [stack: 0x0000003f57000000,0x0000003f57100000] [id=1740]
  0x000001b4cc2fae10 WorkerThread "GC Thread#2" [stack: 0x0000003f57100000,0x0000003f57200000] [id=11636]
  0x000001b4cc994bf0 WorkerThread "GC Thread#3" [stack: 0x0000003f57200000,0x0000003f57300000] [id=3704]
  0x000001b4a9441db0 ConcurrentGCThread "G1 Main Marker" terminated
  0x000001b4a9442f40 WorkerThread "G1 Conc#0" [stack: 0x0000003f55b00000,0x0000003f55c00000] [id=9608]
  0x000001b4a94817b0 ConcurrentGCThread "G1 Refine#0" terminated
  0x000001b4a9484480 ConcurrentGCThread "G1 Service" terminated

Threads with active compile tasks:

VM state: at safepoint (shutting down)

VM Mutex/Monitor currently owned by a thread:  ([mutex/lock_event])
[0x000001b4a93cbdd0] Threads_lock - owner thread: 0x000001b4c6c86790
[0x000001b4a93cc5b0] Heap_lock - owner thread: 0x000001b4cc0b9800

Heap address: 0x0000000081e00000, size: 2018 MB, Compressed Oops mode: 32-bit

CDS archive(s) mapped at: [0x0000000800000000-0x0000000800ba0000-0x0000000800ba0000), size 12189696, SharedBaseAddress: 0x0000000800000000, ArchiveRelocationMode: 0.
Compressed class space mapped at: 0x0000000800c00000-0x0000000840c00000, reserved size: 1073741824
Narrow klass base: 0x0000000800000000, Narrow klass shift: 0, Narrow klass range: 0x100000000

GC Precious Log:
 CardTable entry size: 512
 Card Set container configuration: InlinePtr #cards 5 size 8 Array Of Cards #cards 12 size 40 Howl #buckets 4 coarsen threshold 1843 Howl Bitmap #cards 512 size 80 coarsen threshold 460 Card regions per heap region 1 cards per card region 2048
 CPUs: 4 total, 4 available
 Memory: 8066M
 Large Page Support: Disabled
 NUMA Support: Disabled
 Compressed Oops: Enabled (32-bit)
 Heap Region Size: 1M
 Heap Min Capacity: 8M
 Heap Initial Capacity: 128M
 Heap Max Capacity: 2018M
 Pre-touch: Disabled
 Parallel Workers: 4
 Concurrent Workers: 1
 Concurrent Refinement Workers: 4
 Periodic GC: Disabled

Heap:
 garbage-first heap   total 131072K, used 50696K [0x0000000081e00000, 0x0000000100000000)
  region size 1024K, 46 young (47104K), 3 survivors (3072K)
 Metaspace       used 18654K, committed 18944K, reserved 1114112K
  class space    used 2723K, committed 2880K, reserved 1048576K

Heap Regions: E=young(eden), S=young(survivor), O=old, HS=humongous(starts), HC=humongous(continues), CS=collection set, F=free, OA=open archive, CA=closed archive, TAMS=top-at-mark-start (previous, next)
|   0|0x0000000081e00000, 0x0000000081f00000, 0x0000000081f00000|100%| O|  |TAMS 0x0000000081e00000, 0x0000000081e00000| Untracked 
|   1|0x0000000081f00000, 0x0000000082000000, 0x0000000082000000|100%| O|  |TAMS 0x0000000081f00000, 0x0000000081f00000| Untracked 
|   2|0x0000000082000000, 0x0000000082082000, 0x0000000082100000| 50%| O|  |TAMS 0x0000000082000000, 0x0000000082000000| Untracked 
|   3|0x0000000082100000, 0x0000000082200000, 0x0000000082200000|100%|HS|  |TAMS 0x0000000082100000, 0x0000000082100000| Complete 
|   4|0x0000000082200000, 0x0000000082300000, 0x0000000082300000|100%|HC|  |TAMS 0x0000000082200000, 0x0000000082200000| Complete 
|   5|0x0000000082300000, 0x0000000082300000, 0x0000000082400000|  0%| F|  |TAMS 0x0000000082300000, 0x0000000082300000| Untracked 
|   6|0x0000000082400000, 0x0000000082400000, 0x0000000082500000|  0%| F|  |TAMS 0x0000000082400000, 0x0000000082400000| Untracked 
|   7|0x0000000082500000, 0x0000000082500000, 0x0000000082600000|  0%| F|  |TAMS 0x0000000082500000, 0x0000000082500000| Untracked 
|   8|0x0000000082600000, 0x0000000082600000, 0x0000000082700000|  0%| F|  |TAMS 0x0000000082600000, 0x0000000082600000| Untracked 
|   9|0x0000000082700000, 0x0000000082700000, 0x0000000082800000|  0%| F|  |TAMS 0x0000000082700000, 0x0000000082700000| Untracked 
|  10|0x0000000082800000, 0x0000000082800000, 0x0000000082900000|  0%| F|  |TAMS 0x0000000082800000, 0x0000000082800000| Untracked 
|  11|0x0000000082900000, 0x0000000082900000, 0x0000000082a00000|  0%| F|  |TAMS 0x0000000082900000, 0x0000000082900000| Untracked 
|  12|0x0000000082a00000, 0x0000000082a00000, 0x0000000082b00000|  0%| F|  |TAMS 0x0000000082a00000, 0x0000000082a00000| Untracked 
|  13|0x0000000082b00000, 0x0000000082b00000, 0x0000000082c00000|  0%| F|  |TAMS 0x0000000082b00000, 0x0000000082b00000| Untracked 
|  14|0x0000000082c00000, 0x0000000082c00000, 0x0000000082d00000|  0%| F|  |TAMS 0x0000000082c00000, 0x0000000082c00000| Untracked 
|  15|0x0000000082d00000, 0x0000000082d00000, 0x0000000082e00000|  0%| F|  |TAMS 0x0000000082d00000, 0x0000000082d00000| Untracked 
|  16|0x0000000082e00000, 0x0000000082e00000, 0x0000000082f00000|  0%| F|  |TAMS 0x0000000082e00000, 0x0000000082e00000| Untracked 
|  17|0x0000000082f00000, 0x0000000082f00000, 0x0000000083000000|  0%| F|  |TAMS 0x0000000082f00000, 0x0000000082f00000| Untracked 
|  18|0x0000000083000000, 0x0000000083000000, 0x0000000083100000|  0%| F|  |TAMS 0x0000000083000000, 0x0000000083000000| Untracked 
|  19|0x0000000083100000, 0x0000000083100000, 0x0000000083200000|  0%| F|  |TAMS 0x0000000083100000, 0x0000000083100000| Untracked 
|  20|0x0000000083200000, 0x0000000083200000, 0x0000000083300000|  0%| F|  |TAMS 0x0000000083200000, 0x0000000083200000| Untracked 
|  21|0x0000000083300000, 0x0000000083300000, 0x0000000083400000|  0%| F|  |TAMS 0x0000000083300000, 0x0000000083300000| Untracked 
|  22|0x0000000083400000, 0x0000000083400000, 0x0000000083500000|  0%| F|  |TAMS 0x0000000083400000, 0x0000000083400000| Untracked 
|  23|0x0000000083500000, 0x0000000083500000, 0x0000000083600000|  0%| F|  |TAMS 0x0000000083500000, 0x0000000083500000| Untracked 
|  24|0x0000000083600000, 0x0000000083600000, 0x0000000083700000|  0%| F|  |TAMS 0x0000000083600000, 0x0000000083600000| Untracked 
|  25|0x0000000083700000, 0x0000000083700000, 0x0000000083800000|  0%| F|  |TAMS 0x0000000083700000, 0x0000000083700000| Untracked 
|  26|0x0000000083800000, 0x0000000083800000, 0x0000000083900000|  0%| F|  |TAMS 0x0000000083800000, 0x0000000083800000| Untracked 
|  27|0x0000000083900000, 0x0000000083900000, 0x0000000083a00000|  0%| F|  |TAMS 0x0000000083900000, 0x0000000083900000| Untracked 
|  28|0x0000000083a00000, 0x0000000083a00000, 0x0000000083b00000|  0%| F|  |TAMS 0x0000000083a00000, 0x0000000083a00000| Untracked 
|  29|0x0000000083b00000, 0x0000000083b00000, 0x0000000083c00000|  0%| F|  |TAMS 0x0000000083b00000, 0x0000000083b00000| Untracked 
|  30|0x0000000083c00000, 0x0000000083c00000, 0x0000000083d00000|  0%| F|  |TAMS 0x0000000083c00000, 0x0000000083c00000| Untracked 
|  31|0x0000000083d00000, 0x0000000083d00000, 0x0000000083e00000|  0%| F|  |TAMS 0x0000000083d00000, 0x0000000083d00000| Untracked 
|  32|0x0000000083e00000, 0x0000000083e00000, 0x0000000083f00000|  0%| F|  |TAMS 0x0000000083e00000, 0x0000000083e00000| Untracked 
|  33|0x0000000083f00000, 0x0000000083f00000, 0x0000000084000000|  0%| F|  |TAMS 0x0000000083f00000, 0x0000000083f00000| Untracked 
|  34|0x0000000084000000, 0x0000000084000000, 0x0000000084100000|  0%| F|  |TAMS 0x0000000084000000, 0x0000000084000000| Untracked 
|  35|0x0000000084100000, 0x0000000084100000, 0x0000000084200000|  0%| F|  |TAMS 0x0000000084100000, 0x0000000084100000| Untracked 
|  36|0x0000000084200000, 0x0000000084200000, 0x0000000084300000|  0%| F|  |TAMS 0x0000000084200000, 0x0000000084200000| Untracked 
|  37|0x0000000084300000, 0x0000000084300000, 0x0000000084400000|  0%| F|  |TAMS 0x0000000084300000, 0x0000000084300000| Untracked 
|  38|0x0000000084400000, 0x0000000084400000, 0x0000000084500000|  0%| F|  |TAMS 0x0000000084400000, 0x0000000084400000| Untracked 
|  39|0x0000000084500000, 0x0000000084500000, 0x0000000084600000|  0%| F|  |TAMS 0x0000000084500000, 0x0000000084500000| Untracked 
|  40|0x0000000084600000, 0x0000000084600000, 0x0000000084700000|  0%| F|  |TAMS 0x0000000084600000, 0x0000000084600000| Untracked 
|  41|0x0000000084700000, 0x0000000084700000, 0x0000000084800000|  0%| F|  |TAMS 0x0000000084700000, 0x0000000084700000| Untracked 
|  42|0x0000000084800000, 0x0000000084800000, 0x0000000084900000|  0%| F|  |TAMS 0x0000000084800000, 0x0000000084800000| Untracked 
|  43|0x0000000084900000, 0x0000000084900000, 0x0000000084a00000|  0%| F|  |TAMS 0x0000000084900000, 0x0000000084900000| Untracked 
|  44|0x0000000084a00000, 0x0000000084a00000, 0x0000000084b00000|  0%| F|  |TAMS 0x0000000084a00000, 0x0000000084a00000| Untracked 
|  45|0x0000000084b00000, 0x0000000084b00000, 0x0000000084c00000|  0%| F|  |TAMS 0x0000000084b00000, 0x0000000084b00000| Untracked 
|  46|0x0000000084c00000, 0x0000000084c00000, 0x0000000084d00000|  0%| F|  |TAMS 0x0000000084c00000, 0x0000000084c00000| Untracked 
|  47|0x0000000084d00000, 0x0000000084d00000, 0x0000000084e00000|  0%| F|  |TAMS 0x0000000084d00000, 0x0000000084d00000| Untracked 
|  48|0x0000000084e00000, 0x0000000084e00000, 0x0000000084f00000|  0%| F|  |TAMS 0x0000000084e00000, 0x0000000084e00000| Untracked 
|  49|0x0000000084f00000, 0x0000000084f00000, 0x0000000085000000|  0%| F|  |TAMS 0x0000000084f00000, 0x0000000084f00000| Untracked 
|  50|0x0000000085000000, 0x0000000085000000, 0x0000000085100000|  0%| F|  |TAMS 0x0000000085000000, 0x0000000085000000| Untracked 
|  51|0x0000000085100000, 0x0000000085100000, 0x0000000085200000|  0%| F|  |TAMS 0x0000000085100000, 0x0000000085100000| Untracked 
|  52|0x0000000085200000, 0x0000000085200000, 0x0000000085300000|  0%| F|  |TAMS 0x0000000085200000, 0x0000000085200000| Untracked 
|  53|0x0000000085300000, 0x0000000085300000, 0x0000000085400000|  0%| F|  |TAMS 0x0000000085300000, 0x0000000085300000| Untracked 
|  54|0x0000000085400000, 0x0000000085400000, 0x0000000085500000|  0%| F|  |TAMS 0x0000000085400000, 0x0000000085400000| Untracked 
|  55|0x0000000085500000, 0x0000000085500000, 0x0000000085600000|  0%| F|  |TAMS 0x0000000085500000, 0x0000000085500000| Untracked 
|  56|0x0000000085600000, 0x0000000085600000, 0x0000000085700000|  0%| F|  |TAMS 0x0000000085600000, 0x0000000085600000| Untracked 
|  57|0x0000000085700000, 0x0000000085700000, 0x0000000085800000|  0%| F|  |TAMS 0x0000000085700000, 0x0000000085700000| Untracked 
|  58|0x0000000085800000, 0x0000000085800000, 0x0000000085900000|  0%| F|  |TAMS 0x0000000085800000, 0x0000000085800000| Untracked 
|  59|0x0000000085900000, 0x0000000085900000, 0x0000000085a00000|  0%| F|  |TAMS 0x0000000085900000, 0x0000000085900000| Untracked 
|  60|0x0000000085a00000, 0x0000000085a00000, 0x0000000085b00000|  0%| F|  |TAMS 0x0000000085a00000, 0x0000000085a00000| Untracked 
|  61|0x0000000085b00000, 0x0000000085b00000, 0x0000000085c00000|  0%| F|  |TAMS 0x0000000085b00000, 0x0000000085b00000| Untracked 
|  62|0x0000000085c00000, 0x0000000085c00000, 0x0000000085d00000|  0%| F|  |TAMS 0x0000000085c00000, 0x0000000085c00000| Untracked 
|  63|0x0000000085d00000, 0x0000000085d00000, 0x0000000085e00000|  0%| F|  |TAMS 0x0000000085d00000, 0x0000000085d00000| Untracked 
|  64|0x0000000085e00000, 0x0000000085e00000, 0x0000000085f00000|  0%| F|  |TAMS 0x0000000085e00000, 0x0000000085e00000| Untracked 
|  65|0x0000000085f00000, 0x0000000085f00000, 0x0000000086000000|  0%| F|  |TAMS 0x0000000085f00000, 0x0000000085f00000| Untracked 
|  66|0x0000000086000000, 0x0000000086000000, 0x0000000086100000|  0%| F|  |TAMS 0x0000000086000000, 0x0000000086000000| Untracked 
|  67|0x0000000086100000, 0x0000000086100000, 0x0000000086200000|  0%| F|  |TAMS 0x0000000086100000, 0x0000000086100000| Untracked 
|  68|0x0000000086200000, 0x0000000086200000, 0x0000000086300000|  0%| F|  |TAMS 0x0000000086200000, 0x0000000086200000| Untracked 
|  69|0x0000000086300000, 0x0000000086300000, 0x0000000086400000|  0%| F|  |TAMS 0x0000000086300000, 0x0000000086300000| Untracked 
|  70|0x0000000086400000, 0x0000000086400000, 0x0000000086500000|  0%| F|  |TAMS 0x0000000086400000, 0x0000000086400000| Untracked 
|  71|0x0000000086500000, 0x0000000086500000, 0x0000000086600000|  0%| F|  |TAMS 0x0000000086500000, 0x0000000086500000| Untracked 
|  72|0x0000000086600000, 0x0000000086600000, 0x0000000086700000|  0%| F|  |TAMS 0x0000000086600000, 0x0000000086600000| Untracked 
|  73|0x0000000086700000, 0x0000000086700000, 0x0000000086800000|  0%| F|  |TAMS 0x0000000086700000, 0x0000000086700000| Untracked 
|  74|0x0000000086800000, 0x0000000086800000, 0x0000000086900000|  0%| F|  |TAMS 0x0000000086800000, 0x0000000086800000| Untracked 
|  75|0x0000000086900000, 0x0000000086900000, 0x0000000086a00000|  0%| F|  |TAMS 0x0000000086900000, 0x0000000086900000| Untracked 
|  76|0x0000000086a00000, 0x0000000086a00000, 0x0000000086b00000|  0%| F|  |TAMS 0x0000000086a00000, 0x0000000086a00000| Untracked 
|  77|0x0000000086b00000, 0x0000000086b00000, 0x0000000086c00000|  0%| F|  |TAMS 0x0000000086b00000, 0x0000000086b00000| Untracked 
|  78|0x0000000086c00000, 0x0000000086c00000, 0x0000000086d00000|  0%| F|  |TAMS 0x0000000086c00000, 0x0000000086c00000| Untracked 
|  79|0x0000000086d00000, 0x0000000086d00000, 0x0000000086e00000|  0%| F|  |TAMS 0x0000000086d00000, 0x0000000086d00000| Untracked 
|  80|0x0000000086e00000, 0x0000000086e00000, 0x0000000086f00000|  0%| F|  |TAMS 0x0000000086e00000, 0x0000000086e00000| Untracked 
|  81|0x0000000086f00000, 0x0000000086f00000, 0x0000000087000000|  0%| F|  |TAMS 0x0000000086f00000, 0x0000000086f00000| Untracked 
|  82|0x0000000087000000, 0x000000008704b420, 0x0000000087100000| 29%| E|  |TAMS 0x0000000087000000, 0x0000000087000000| Complete 
|  83|0x0000000087100000, 0x0000000087200000, 0x0000000087200000|100%| E|CS|TAMS 0x0000000087100000, 0x0000000087100000| Complete 
|  84|0x0000000087200000, 0x0000000087300000, 0x0000000087300000|100%| E|CS|TAMS 0x0000000087200000, 0x0000000087200000| Complete 
|  85|0x0000000087300000, 0x0000000087400000, 0x0000000087400000|100%| E|CS|TAMS 0x0000000087300000, 0x0000000087300000| Complete 
|  86|0x0000000087400000, 0x0000000087500000, 0x0000000087500000|100%| E|CS|TAMS 0x0000000087400000, 0x0000000087400000| Complete 
|  87|0x0000000087500000, 0x0000000087600000, 0x0000000087600000|100%| E|CS|TAMS 0x0000000087500000, 0x0000000087500000| Complete 
|  88|0x0000000087600000, 0x0000000087700000, 0x0000000087700000|100%| E|CS|TAMS 0x0000000087600000, 0x0000000087600000| Complete 
|  89|0x0000000087700000, 0x0000000087800000, 0x0000000087800000|100%| E|CS|TAMS 0x0000000087700000, 0x0000000087700000| Complete 
|  90|0x0000000087800000, 0x0000000087900000, 0x0000000087900000|100%| E|CS|TAMS 0x0000000087800000, 0x0000000087800000| Complete 
|  91|0x0000000087900000, 0x0000000087a00000, 0x0000000087a00000|100%| E|CS|TAMS 0x0000000087900000, 0x0000000087900000| Complete 
|  92|0x0000000087a00000, 0x0000000087b00000, 0x0000000087b00000|100%| E|CS|TAMS 0x0000000087a00000, 0x0000000087a00000| Complete 
|  93|0x0000000087b00000, 0x0000000087c00000, 0x0000000087c00000|100%| E|CS|TAMS 0x0000000087b00000, 0x0000000087b00000| Complete 
|  94|0x0000000087c00000, 0x0000000087d00000, 0x0000000087d00000|100%| E|CS|TAMS 0x0000000087c00000, 0x0000000087c00000| Complete 
|  95|0x0000000087d00000, 0x0000000087e00000, 0x0000000087e00000|100%| E|CS|TAMS 0x0000000087d00000, 0x0000000087d00000| Complete 
|  96|0x0000000087e00000, 0x0000000087f00000, 0x0000000087f00000|100%| E|CS|TAMS 0x0000000087e00000, 0x0000000087e00000| Complete 
|  97|0x0000000087f00000, 0x0000000088000000, 0x0000000088000000|100%| E|CS|TAMS 0x0000000087f00000, 0x0000000087f00000| Complete 
|  98|0x0000000088000000, 0x0000000088100000, 0x0000000088100000|100%| E|CS|TAMS 0x0000000088000000, 0x0000000088000000| Complete 
|  99|0x0000000088100000, 0x0000000088200000, 0x0000000088200000|100%| E|CS|TAMS 0x0000000088100000, 0x0000000088100000| Complete 
| 100|0x0000000088200000, 0x0000000088300000, 0x0000000088300000|100%| E|CS|TAMS 0x0000000088200000, 0x0000000088200000| Complete 
| 101|0x0000000088300000, 0x0000000088400000, 0x0000000088400000|100%| E|CS|TAMS 0x0000000088300000, 0x0000000088300000| Complete 
| 102|0x0000000088400000, 0x0000000088500000, 0x0000000088500000|100%| E|CS|TAMS 0x0000000088400000, 0x0000000088400000| Complete 
| 103|0x0000000088500000, 0x0000000088600000, 0x0000000088600000|100%| E|CS|TAMS 0x0000000088500000, 0x0000000088500000| Complete 
| 104|0x0000000088600000, 0x0000000088700000, 0x0000000088700000|100%| E|CS|TAMS 0x0000000088600000, 0x0000000088600000| Complete 
| 105|0x0000000088700000, 0x0000000088800000, 0x0000000088800000|100%| E|CS|TAMS 0x0000000088700000, 0x0000000088700000| Complete 
| 106|0x0000000088800000, 0x0000000088900000, 0x0000000088900000|100%| S|CS|TAMS 0x0000000088800000, 0x0000000088800000| Complete 
| 107|0x0000000088900000, 0x0000000088a00000, 0x0000000088a00000|100%| S|CS|TAMS 0x0000000088900000, 0x0000000088900000| Complete 
| 108|0x0000000088a00000, 0x0000000088b00000, 0x0000000088b00000|100%| S|CS|TAMS 0x0000000088a00000, 0x0000000088a00000| Complete 
| 109|0x0000000088b00000, 0x0000000088c00000, 0x0000000088c00000|100%| E|CS|TAMS 0x0000000088b00000, 0x0000000088b00000| Complete 
| 110|0x0000000088c00000, 0x0000000088d00000, 0x0000000088d00000|100%| E|CS|TAMS 0x0000000088c00000, 0x0000000088c00000| Complete 
| 111|0x0000000088d00000, 0x0000000088e00000, 0x0000000088e00000|100%| E|CS|TAMS 0x0000000088d00000, 0x0000000088d00000| Complete 
| 112|0x0000000088e00000, 0x0000000088f00000, 0x0000000088f00000|100%| E|CS|TAMS 0x0000000088e00000, 0x0000000088e00000| Complete 
| 113|0x0000000088f00000, 0x0000000089000000, 0x0000000089000000|100%| E|CS|TAMS 0x0000000088f00000, 0x0000000088f00000| Complete 
| 114|0x0000000089000000, 0x0000000089100000, 0x0000000089100000|100%| E|CS|TAMS 0x0000000089000000, 0x0000000089000000| Complete 
| 115|0x0000000089100000, 0x0000000089200000, 0x0000000089200000|100%| E|CS|TAMS 0x0000000089100000, 0x0000000089100000| Complete 
| 116|0x0000000089200000, 0x0000000089300000, 0x0000000089300000|100%| E|CS|TAMS 0x0000000089200000, 0x0000000089200000| Complete 
| 117|0x0000000089300000, 0x0000000089400000, 0x0000000089400000|100%| E|CS|TAMS 0x0000000089300000, 0x0000000089300000| Complete 
| 118|0x0000000089400000, 0x0000000089500000, 0x0000000089500000|100%| E|CS|TAMS 0x0000000089400000, 0x0000000089400000| Complete 
| 119|0x0000000089500000, 0x0000000089600000, 0x0000000089600000|100%| E|CS|TAMS 0x0000000089500000, 0x0000000089500000| Complete 
| 120|0x0000000089600000, 0x0000000089700000, 0x0000000089700000|100%| E|CS|TAMS 0x0000000089600000, 0x0000000089600000| Complete 
| 121|0x0000000089700000, 0x0000000089800000, 0x0000000089800000|100%| E|CS|TAMS 0x0000000089700000, 0x0000000089700000| Complete 
| 122|0x0000000089800000, 0x0000000089900000, 0x0000000089900000|100%| E|CS|TAMS 0x0000000089800000, 0x0000000089800000| Complete 
| 123|0x0000000089900000, 0x0000000089a00000, 0x0000000089a00000|100%| E|CS|TAMS 0x0000000089900000, 0x0000000089900000| Complete 
| 124|0x0000000089a00000, 0x0000000089b00000, 0x0000000089b00000|100%| E|CS|TAMS 0x0000000089a00000, 0x0000000089a00000| Complete 
| 125|0x0000000089b00000, 0x0000000089c00000, 0x0000000089c00000|100%| E|CS|TAMS 0x0000000089b00000, 0x0000000089b00000| Complete 
| 126|0x0000000089c00000, 0x0000000089d00000, 0x0000000089d00000|100%| E|CS|TAMS 0x0000000089c00000, 0x0000000089c00000| Complete 
| 127|0x0000000089d00000, 0x0000000089e00000, 0x0000000089e00000|100%| E|CS|TAMS 0x0000000089d00000, 0x0000000089d00000| Complete 

Card table byte_map: [0x000001b4c0110000,0x000001b4c0510000] _byte_map_base: 0x000001b4bfd01000

Marking Bits (Prev, Next): (CMBitMap*) 0x000001b4a9430830, (CMBitMap*) 0x000001b4a9430870
 Prev Bits: [0x000001b4c0910000, 0x000001b4c2898000)
 Next Bits: [0x000001b4c28a0000, 0x000001b4c4828000)

Polling page: 0x000001b4a71f0000

Metaspace:

Usage:
  Non-class:     15.56 MB used.
      Class:      2.66 MB used.
       Both:     18.22 MB used.

Virtual space:
  Non-class space:       64.00 MB reserved,      15.69 MB ( 25%) committed,  1 nodes.
      Class space:        1.00 GB reserved,       2.81 MB ( <1%) committed,  1 nodes.
             Both:        1.06 GB reserved,      18.50 MB (  2%) committed. 

Chunk freelists:
   Non-Class:  128.00 KB
       Class:  1.19 MB
        Both:  1.32 MB

MaxMetaspaceSize: unlimited
CompressedClassSpaceSize: 1.00 GB
Initial GC threshold: 21.00 MB
Current GC threshold: 21.00 MB
CDS: on
MetaspaceReclaimPolicy: balanced
 - commit_granule_bytes: 65536.
 - commit_granule_words: 8192.
 - virtual_space_node_default_size: 8388608.
 - enlarge_chunks_in_place: 1.
 - new_chunks_are_fully_committed: 0.
 - uncommit_free_chunks: 1.
 - use_allocation_guard: 0.


Internal statistics:

num_allocs_failed_limit: 0.
num_arena_births: 378.
num_arena_deaths: 0.
num_vsnodes_births: 2.
num_vsnodes_deaths: 0.
num_space_committed: 296.
num_space_uncommitted: 0.
num_chunks_returned_to_freelist: 0.
num_chunks_taken_from_freelist: 1006.
num_chunk_merges: 0.
num_chunk_splits: 678.
num_chunks_enlarged: 508.
num_inconsistent_stats: 0.

CodeHeap 'non-profiled nmethods': size=120000Kb used=1219Kb max_used=1219Kb free=118780Kb
 bounds [0x000001b4b87e0000, 0x000001b4b8a50000, 0x000001b4bfd10000]
CodeHeap 'profiled nmethods': size=120000Kb used=6820Kb max_used=6820Kb free=113179Kb
 bounds [0x000001b4b12b0000, 0x000001b4b1960000, 0x000001b4b87e0000]
CodeHeap 'non-nmethods': size=5760Kb used=1440Kb max_used=1480Kb free=4319Kb
 bounds [0x000001b4b0d10000, 0x000001b4b0f80000, 0x000001b4b12b0000]
 total_blobs=4267 nmethods=3465 adapters=713
 compilation: enabled
              stopped_count=0, restarted_count=0
 full_count=0

Compilation events (20 events):
Event: 8.166 Thread 0x000001b4c6d13150 nmethod 3463 0x000001b4b1937990 code [0x000001b4b1937b40, 0x000001b4b1937d08]
Event: 8.166 Thread 0x000001b4c6d13150 3465       3       javafx.scene.Node::isDisabled (19 bytes)
Event: 8.167 Thread 0x000001b4c6d13150 nmethod 3465 0x000001b4b1937e10 code [0x000001b4b1937fc0, 0x000001b4b1938348]
Event: 8.168 Thread 0x000001b4c6d13150 3466       1       java.lang.Class::getAnnotationType (5 bytes)
Event: 8.168 Thread 0x000001b4c6d13150 nmethod 3466 0x000001b4b890e510 code [0x000001b4b890e6a0, 0x000001b4b890e778]
Event: 8.170 Thread 0x000001b4c6d13150 3467       3       java.lang.invoke.LambdaForm$MH/0x0000000800e78400::invoke (67 bytes)
Event: 8.179 Thread 0x000001b4c6d13150 nmethod 3467 0x000001b4b1938490 code [0x000001b4b1938c80, 0x000001b4b193e3e8]
Event: 8.179 Thread 0x000001b4c6d13150 3468   !   3       com.sun.javafx.reflect.MethodUtil::invoke (111 bytes)
Event: 8.190 Thread 0x000001b4c6d13150 nmethod 3468 0x000001b4b1940d90 code [0x000001b4b1941880, 0x000001b4b1948b98]
Event: 8.190 Thread 0x000001b4c6d13150 3469       3       java.lang.invoke.DirectMethodHandle$Holder::invokeStatic (18 bytes)
Event: 8.190 Thread 0x000001b4c6d13150 nmethod 3469 0x000001b4b194ed10 code [0x000001b4b194eee0, 0x000001b4b194f458]
Event: 8.190 Thread 0x000001b4c6d13150 3470       3       com.sun.javafx.reflect.Trampoline::invoke (11 bytes)
Event: 8.198 Thread 0x000001b4c6d13150 nmethod 3470 0x000001b4b194f590 code [0x000001b4b194fdc0, 0x000001b4b19552f8]
Event: 8.198 Thread 0x000001b4c6d13150 3471       3       com.sun.javafx.reflect.Trampoline::ensureInvocableMethod (53 bytes)
Event: 8.199 Thread 0x000001b4c6d13150 nmethod 3471 0x000001b4b1957d10 code [0x000001b4b1957f20, 0x000001b4b1958698]
Event: 8.199 Thread 0x000001b4c6d13150 3472       1       java.lang.reflect.Method::getRoot (5 bytes)
Event: 8.199 Thread 0x000001b4c6d13150 nmethod 3472 0x000001b4b890e810 code [0x000001b4b890e9a0, 0x000001b4b890ea78]
Event: 8.208 Thread 0x000001b4c6cabb30 nmethod 3464 0x000001b4b890eb10 code [0x000001b4b890eda0, 0x000001b4b890fe98]
Event: 61.055 Thread 0x000001b4c6d13150 3473       3       java.lang.invoke.MethodHandles$Lookup::restrictReceiver (127 bytes)
Event: 61.056 Thread 0x000001b4c6d13150 nmethod 3473 0x000001b4b1958910 code [0x000001b4b1958b20, 0x000001b4b1959048]

GC Heap History (4 events):
Event: 0.701 GC heap before
{Heap before GC invocations=0 (full 0):
 garbage-first heap   total 131072K, used 13312K [0x0000000081e00000, 0x0000000100000000)
  region size 1024K, 13 young (13312K), 0 survivors (0K)
 Metaspace       used 2766K, committed 2944K, reserved 1114112K
  class space    used 289K, committed 384K, reserved 1048576K
}
Event: 0.705 GC heap after
{Heap after GC invocations=1 (full 0):
 garbage-first heap   total 131072K, used 2321K [0x0000000081e00000, 0x0000000100000000)
  region size 1024K, 2 young (2048K), 2 survivors (2048K)
 Metaspace       used 2766K, committed 2944K, reserved 1114112K
  class space    used 289K, committed 384K, reserved 1048576K
}
Event: 1.275 GC heap before
{Heap before GC invocations=1 (full 0):
 garbage-first heap   total 131072K, used 19729K [0x0000000081e00000, 0x0000000100000000)
  region size 1024K, 19 young (19456K), 2 survivors (2048K)
 Metaspace       used 8262K, committed 8512K, reserved 1114112K
  class space    used 1053K, committed 1152K, reserved 1048576K
}
Event: 1.283 GC heap after
{Heap after GC invocations=2 (full 0):
 garbage-first heap   total 131072K, used 5640K [0x0000000081e00000, 0x0000000100000000)
  region size 1024K, 3 young (3072K), 3 survivors (3072K)
 Metaspace       used 8262K, committed 8512K, reserved 1114112K
  class space    used 1053K, committed 1152K, reserved 1048576K
}

Deoptimization events (20 events):
Event: 6.138 Thread 0x000001b4ccb26010 Uncommon trap: trap_request=0xffffffde fr.pc=0x000001b4b88ccf2c relative=0x0000000000002ecc
Event: 6.138 Thread 0x000001b4ccb26010 Uncommon trap: reason=class_check action=maybe_recompile pc=0x000001b4b88ccf2c method=com.sun.javafx.css.StyleMap.getCascadingStyles()Ljava/util/Map; @ 77 c2
Event: 6.138 Thread 0x000001b4ccb26010 DEOPT PACKING pc=0x000001b4b88ccf2c sp=0x0000003f56ffae90
Event: 6.138 Thread 0x000001b4ccb26010 DEOPT UNPACKING pc=0x000001b4b0d623a3 sp=0x0000003f56ffae78 mode 2
Event: 6.140 Thread 0x000001b4ccb26010 Uncommon trap: trap_request=0xffffffde fr.pc=0x000001b4b88ccf2c relative=0x0000000000002ecc
Event: 6.141 Thread 0x000001b4ccb26010 Uncommon trap: reason=class_check action=maybe_recompile pc=0x000001b4b88ccf2c method=com.sun.javafx.css.StyleMap.getCascadingStyles()Ljava/util/Map; @ 77 c2
Event: 6.141 Thread 0x000001b4ccb26010 DEOPT PACKING pc=0x000001b4b88ccf2c sp=0x0000003f56ffb260
Event: 6.141 Thread 0x000001b4ccb26010 DEOPT UNPACKING pc=0x000001b4b0d623a3 sp=0x0000003f56ffb248 mode 2
Event: 6.143 Thread 0x000001b4ccb26010 Uncommon trap: trap_request=0xffffffde fr.pc=0x000001b4b88ccf2c relative=0x0000000000002ecc
Event: 6.143 Thread 0x000001b4ccb26010 Uncommon trap: reason=class_check action=maybe_recompile pc=0x000001b4b88ccf2c method=com.sun.javafx.css.StyleMap.getCascadingStyles()Ljava/util/Map; @ 77 c2
Event: 6.143 Thread 0x000001b4ccb26010 DEOPT PACKING pc=0x000001b4b88ccf2c sp=0x0000003f56ffb260
Event: 6.143 Thread 0x000001b4ccb26010 DEOPT UNPACKING pc=0x000001b4b0d623a3 sp=0x0000003f56ffb248 mode 2
Event: 6.310 Thread 0x000001b4cbbfe460 Uncommon trap: trap_request=0xffffff45 fr.pc=0x000001b4b88acef4 relative=0x0000000000000fb4
Event: 6.310 Thread 0x000001b4cbbfe460 Uncommon trap: reason=unstable_if action=reinterpret pc=0x000001b4b88acef4 method=com.sun.scenario.effect.impl.state.BoxRenderState.validateWeights()V @ 147 c2
Event: 6.311 Thread 0x000001b4cbbfe460 DEOPT PACKING pc=0x000001b4b88acef4 sp=0x0000003f56dfc190
Event: 6.311 Thread 0x000001b4cbbfe460 DEOPT UNPACKING pc=0x000001b4b0d623a3 sp=0x0000003f56dfc118 mode 2
Event: 7.478 Thread 0x000001b4cbbfe460 Uncommon trap: trap_request=0xffffff45 fr.pc=0x000001b4b88afb8c relative=0x000000000000008c
Event: 7.478 Thread 0x000001b4cbbfe460 Uncommon trap: reason=unstable_if action=reinterpret pc=0x000001b4b88afb8c method=com.sun.javafx.geom.RectBounds.isEmpty()Z @ 21 c2
Event: 7.478 Thread 0x000001b4cbbfe460 DEOPT PACKING pc=0x000001b4b88afb8c sp=0x0000003f56dfd550
Event: 7.478 Thread 0x000001b4cbbfe460 DEOPT UNPACKING pc=0x000001b4b0d623a3 sp=0x0000003f56dfd4e0 mode 2

Classes loaded (20 events):
Event: 8.111 Loading class java/lang/constant/MethodHandleDesc
Event: 8.111 Loading class java/lang/constant/MethodHandleDesc done
Event: 8.111 Loading class java/lang/constant/MethodHandleDesc$1
Event: 8.111 Loading class java/lang/constant/MethodHandleDesc$1 done
Event: 8.111 Loading class java/lang/constant/DirectMethodHandleDescImpl
Event: 8.111 Loading class java/lang/constant/DirectMethodHandleDesc
Event: 8.111 Loading class java/lang/constant/DirectMethodHandleDesc done
Event: 8.111 Loading class java/lang/constant/DirectMethodHandleDescImpl done
Event: 8.111 Loading class java/lang/constant/DirectMethodHandleDescImpl$1
Event: 8.111 Loading class java/lang/constant/DirectMethodHandleDescImpl$1 done
Event: 8.111 Loading class java/lang/constant/DirectMethodHandleDesc$1
Event: 8.111 Loading class java/lang/constant/DirectMethodHandleDesc$1 done
Event: 8.112 Loading class java/lang/constant/PrimitiveClassDescImpl
Event: 8.112 Loading class java/lang/constant/DynamicConstantDesc
Event: 8.112 Loading class java/lang/constant/DynamicConstantDesc done
Event: 8.112 Loading class java/lang/constant/PrimitiveClassDescImpl done
Event: 8.112 Loading class java/lang/constant/DynamicConstantDesc$AnonymousDynamicConstantDesc
Event: 8.112 Loading class java/lang/constant/DynamicConstantDesc$AnonymousDynamicConstantDesc done
Event: 61.053 Loading class jdk/internal/misc/Signal$1
Event: 61.053 Loading class jdk/internal/misc/Signal$1 done

Classes unloaded (0 events):
No events

Classes redefined (0 events):
No events

Internal exceptions (20 events):
Event: 1.812 Thread 0x000001b4ccb26010 Exception <a 'java/lang/ClassNotFoundException'{0x0000000088f78310}: com/sun/javafx/scene/control/skin/resources/controls> (0x0000000088f78310) 
thrown [s\open\src\hotspot\share\prims\jni.cpp, line 535]
Event: 1.813 Thread 0x000001b4ccb26010 Exception <a 'java/lang/ClassNotFoundException'{0x0000000088f862b0}: com/sun/javafx/scene/control/skin/resources/controls_ru> (0x0000000088f862b0) 
thrown [s\open\src\hotspot\share\prims\jni.cpp, line 535]
Event: 1.814 Thread 0x000001b4ccb26010 Exception <a 'java/lang/ClassNotFoundException'{0x0000000088f87a18}: com/sun/javafx/scene/control/skin/resources/controls_ru_RU> (0x0000000088f87a18) 
thrown [s\open\src\hotspot\share\prims\jni.cpp, line 535]
Event: 1.875 Thread 0x000001b4ccb26010 Exception <a 'java/lang/NoSuchMethodError'{0x0000000088daf3f8}: 'void java.lang.invoke.DirectMethodHandle$Holder.invokeSpecial(java.lang.Object, java.lang.Object, java.lang.Object, java.lang.Object, java.lang.Object, java.lang.Object)'> (0x0000000088daf3f8) 
thrown [s\open\src\hotspot\share\interpreter\linkResolver.cpp, line 759]
Event: 1.965 Thread 0x000001b4ccb26010 Exception <a 'java/lang/NoSuchMethodError'{0x00000000886216d0}: 'int java.lang.invoke.DirectMethodHandle$Holder.invokeSpecial(java.lang.Object, java.lang.Object, int)'> (0x00000000886216d0) 
thrown [s\open\src\hotspot\share\interpreter\linkResolver.cpp, line 759]
Event: 1.977 Thread 0x000001b4ccb26010 Exception <a 'java/lang/NoSuchMethodError'{0x0000000088653e60}: 'java.lang.Object java.lang.invoke.DirectMethodHandle$Holder.newInvokeSpecial(java.lang.Object, java.lang.Object, int)'> (0x0000000088653e60) 
thrown [s\open\src\hotspot\share\interpreter\linkResolver.cpp, line 759]
Event: 2.007 Thread 0x000001b4cbbfe460 Exception <a 'java/lang/NoSuchMethodError'{0x0000000088563da8}: 'int java.lang.invoke.DirectMethodHandle$Holder.invokeStaticInit(java.lang.Object, java.lang.Object)'> (0x0000000088563da8) 
thrown [s\open\src\hotspot\share\interpreter\linkResolver.cpp, line 759]
Event: 2.016 Thread 0x000001b4ccb26010 Exception <a 'java/lang/NoSuchMethodError'{0x0000000088549580}: 'long java.lang.invoke.DirectMethodHandle$Holder.invokeStatic(java.lang.Object, java.lang.Object, java.lang.Object)'> (0x0000000088549580) 
thrown [s\open\src\hotspot\share\interpreter\linkResolver.cpp, line 759]
Event: 2.017 Thread 0x000001b4ccb26010 Exception <a 'java/lang/NoSuchMethodError'{0x00000000885cbe90}: 'long java.lang.invoke.DirectMethodHandle$Holder.invokeStaticInit(java.lang.Object, java.lang.Object, java.lang.Object)'> (0x00000000885cbe90) 
thrown [s\open\src\hotspot\share\interpreter\linkResolver.cpp, line 759]
Event: 2.020 Thread 0x000001b4ccb26010 Exception <a 'java/lang/NoSuchMethodError'{0x00000000885e44d8}: 'java.lang.Object java.lang.invoke.DirectMethodHandle$Holder.newInvokeSpecial(java.lang.Object, java.lang.Object, long)'> (0x00000000885e44d8) 
thrown [s\open\src\hotspot\share\interpreter\linkResolver.cpp, line 759]
Event: 2.020 Thread 0x000001b4ccb26010 Exception <a 'java/lang/NoSuchMethodError'{0x00000000885e8050}: 'java.lang.Object java.lang.invoke.Invokers$Holder.linkToTargetMethod(java.lang.Object, long, java.lang.Object)'> (0x00000000885e8050) 
thrown [s\open\src\hotspot\share\interpreter\linkResolver.cpp, line 759]
Event: 2.167 Thread 0x000001b4cbbfe460 Exception <a 'java/lang/NoSuchMethodError'{0x000000008815b048}: 'java.lang.Object java.lang.invoke.DirectMethodHandle$Holder.invokeStaticInit(java.lang.Object, int)'> (0x000000008815b048) 
thrown [s\open\src\hotspot\share\interpreter\linkResolver.cpp, line 759]
Event: 4.163 Thread 0x000001b4ccb26010 Exception <a 'java/lang/NoSuchMethodError'{0x0000000087f54768}: 'java.lang.Object java.lang.invoke.DirectMethodHandle$Holder.newInvokeSpecial(java.lang.Object, java.lang.Object, int, int, int, int, int, java.lang.Object)'> (0x0000000087f54768) 
thrown [s\open\src\hotspot\share\interpreter\linkResolver.cpp, line 759]
Event: 4.166 Thread 0x000001b4ccb26010 Exception <a 'java/lang/NoSuchMethodError'{0x0000000087f67748}: 'java.lang.Object java.lang.invoke.DirectMethodHandle$Holder.newInvokeSpecial(java.lang.Object, java.lang.Object, java.lang.Object, int, int, int, int, int)'> (0x0000000087f67748) 
thrown [s\open\src\hotspot\share\interpreter\linkResolver.cpp, line 759]
Event: 4.167 Thread 0x000001b4ccb26010 Exception <a 'java/lang/NoSuchMethodError'{0x0000000087f6efb0}: 'java.lang.Object java.lang.invoke.Invokers$Holder.linkToTargetMethod(java.lang.Object, java.lang.Object, int, int, int, int, int, java.lang.Object)'> (0x0000000087f6efb0) 
thrown [s\open\src\hotspot\share\interpreter\linkResolver.cpp, line 759]
Event: 4.812 Thread 0x000001b4ccb26010 Exception <a 'java/lang/NoSuchMethodError'{0x0000000087feace0}: 'long java.lang.invoke.DirectMethodHandle$Holder.invokeSpecial(java.lang.Object, java.lang.Object)'> (0x0000000087feace0) 
thrown [s\open\src\hotspot\share\interpreter\linkResolver.cpp, line 759]
Event: 4.813 Thread 0x000001b4ccb26010 Exception <a 'java/lang/NoSuchMethodError'{0x0000000087fee620}: 'long java.lang.invoke.Invokers$Holder.invokeExact_MT(java.lang.Object, java.lang.Object)'> (0x0000000087fee620) 
thrown [s\open\src\hotspot\share\interpreter\linkResolver.cpp, line 759]
Event: 6.060 Thread 0x000001b4ccb26010 Exception <a 'java/lang/NoSuchMethodError'{0x00000000878c8470}: 'int java.lang.invoke.DirectMethodHandle$Holder.invokeVirtual(java.lang.Object, java.lang.Object)'> (0x00000000878c8470) 
thrown [s\open\src\hotspot\share\interpreter\linkResolver.cpp, line 759]
Event: 7.432 Thread 0x000001b4ccb26010 Exception <a 'java/lang/NoSuchMethodError'{0x00000000874f7570}: 'void java.lang.invoke.DirectMethodHandle$Holder.invokeVirtual(java.lang.Object, java.lang.Object, int)'> (0x00000000874f7570) 
thrown [s\open\src\hotspot\share\interpreter\linkResolver.cpp, line 759]
Event: 8.096 Thread 0x000001b4ccb26010 Exception <a 'java/lang/NoSuchMethodError'{0x00000000872c5050}: static [I.<clinit>()V> (0x00000000872c5050) 
thrown [s\open\src\hotspot\share\prims\jni.cpp, line 1104]

VM Operations (20 events):
Event: 3.880 Executing VM operation: ICBufferFull done
Event: 4.881 Executing VM operation: Cleanup
Event: 4.881 Executing VM operation: Cleanup done
Event: 5.885 Executing VM operation: Cleanup
Event: 5.885 Executing VM operation: Cleanup done
Event: 6.236 Executing VM operation: ICBufferFull
Event: 6.236 Executing VM operation: ICBufferFull done
Event: 6.295 Executing VM operation: HandshakeAllThreads
Event: 6.295 Executing VM operation: HandshakeAllThreads done
Event: 7.296 Executing VM operation: Cleanup
Event: 7.296 Executing VM operation: Cleanup done
Event: 7.431 Executing VM operation: HandshakeAllThreads
Event: 7.431 Executing VM operation: HandshakeAllThreads done
Event: 7.439 Executing VM operation: HandshakeAllThreads
Event: 7.439 Executing VM operation: HandshakeAllThreads done
Event: 8.098 Executing VM operation: HandshakeAllThreads
Event: 8.098 Executing VM operation: HandshakeAllThreads done
Event: 9.099 Executing VM operation: Cleanup
Event: 9.099 Executing VM operation: Cleanup done
Event: 61.056 Executing VM operation: Exit

Events (20 events):
Event: 0.701 Thread 0x000001b4ccb26010 Thread added: 0x000001b4ccb26010
Event: 0.814 Thread 0x000001b4cc978d50 Thread added: 0x000001b4cc978d50
Event: 0.819 Loaded shared library C:\Program Files\Java\jdk-18.0.2.1\bin\jimage.dll
Event: 0.834 Thread 0x000001b4cc7a6280 Thread added: 0x000001b4cc7a6280
Event: 1.079 Loaded shared library C:\Program Files\Java\openjfx-19_windows-x64_bin-sdk\javafx-sdk-19\bin\javafx_font.dll
Event: 1.752 Thread 0x000001b4cc75cd40 Thread added: 0x000001b4cc75cd40
Event: 2.081 Thread 0x000001b4cb13d940 Thread exited: 0x000001b4cb13d940
Event: 2.089 Thread 0x000001b4cc75d6e0 Thread added: 0x000001b4cc75d6e0
Event: 6.138 Thread 0x000001b4cd301ed0 Thread added: 0x000001b4cd301ed0
Event: 6.718 Thread 0x000001b4cd301ed0 Thread exited: 0x000001b4cd301ed0
Event: 7.448 Thread 0x000001b4ccc1c120 Thread added: 0x000001b4ccc1c120
Event: 7.698 Thread 0x000001b4ccc1c120 Thread exited: 0x000001b4ccc1c120
Event: 8.042 Thread 0x000001b4ccc1c120 Thread added: 0x000001b4ccc1c120
Event: 13.171 Thread 0x000001b4ccc1c120 Thread exited: 0x000001b4ccc1c120
Event: 61.053 Thread 0x000001b4cc0b9800 Thread added: 0x000001b4cc0b9800
Event: 61.054 Thread 0x000001b4cc0bb4e0 Thread added: 0x000001b4cc0bb4e0
Event: 61.054 Thread 0x000001b4cc0bc820 Thread added: 0x000001b4cc0bc820
Event: 61.054 Thread 0x000001b4cc0bb4e0 Thread exited: 0x000001b4cc0bb4e0
Event: 61.056 Thread 0x000001b4cc0bc820 Thread exited: 0x000001b4cc0bc820
Event: 61.056 Thread 0x000001b4c6ca5d30 Thread exited: 0x000001b4c6ca5d30


Dynamic libraries:
0x00007ff691320000 - 0x00007ff691330000 	C:\Program Files\Java\jdk-18.0.2.1\bin\java.exe
0x00007ffba56f0000 - 0x00007ffba58e8000 	C:\Windows\SYSTEM32\ntdll.dll
0x00007ffba3d30000 - 0x00007ffba3ded000 	C:\Windows\System32\KERNEL32.DLL
0x00007ffba3060000 - 0x00007ffba332e000 	C:\Windows\System32\KERNELBASE.dll
0x00007ffba2f30000 - 0x00007ffba3030000 	C:\Windows\System32\ucrtbase.dll
0x00007ffb9e790000 - 0x00007ffb9e7aa000 	C:\Program Files\Java\jdk-18.0.2.1\bin\VCRUNTIME140.dll
0x00007ffb9e760000 - 0x00007ffb9e778000 	C:\Program Files\Java\jdk-18.0.2.1\bin\jli.dll
0x00007ffba4230000 - 0x00007ffba42de000 	C:\Windows\System32\ADVAPI32.dll
0x00007ffba4de0000 - 0x00007ffba4e7e000 	C:\Windows\System32\msvcrt.dll
0x00007ffba4180000 - 0x00007ffba421c000 	C:\Windows\System32\sechost.dll
0x00007ffba3df0000 - 0x00007ffba3f15000 	C:\Windows\System32\RPCRT4.dll
0x00007ffba42e0000 - 0x00007ffba4480000 	C:\Windows\System32\USER32.dll
0x00007ffb8dfa0000 - 0x00007ffb8e23a000 	C:\Windows\WinSxS\amd64_microsoft.windows.common-controls_6595b64144ccf1df_6.0.19041.1110_none_60b5254171f9507e\COMCTL32.dll
0x00007ffba4ef0000 - 0x00007ffba4f1a000 	C:\Windows\System32\GDI32.dll
0x00007ffba3030000 - 0x00007ffba3052000 	C:\Windows\System32\win32u.dll
0x00007ffba33c0000 - 0x00007ffba34cb000 	C:\Windows\System32\gdi32full.dll
0x00007ffba3550000 - 0x00007ffba35ed000 	C:\Windows\System32\msvcp_win.dll
0x00007ffb9d0b0000 - 0x00007ffb9d0ba000 	C:\Windows\SYSTEM32\VERSION.dll
0x00007ffba38c0000 - 0x00007ffba38f0000 	C:\Windows\System32\IMM32.DLL
0x00007ffb9f4c0000 - 0x00007ffb9f4cc000 	C:\Program Files\Java\jdk-18.0.2.1\bin\vcruntime140_1.dll
0x00007ffb9e6a0000 - 0x00007ffb9e72d000 	C:\Program Files\Java\jdk-18.0.2.1\bin\msvcp140.dll
0x00007ffb431c0000 - 0x00007ffb43dd1000 	C:\Program Files\Java\jdk-18.0.2.1\bin\server\jvm.dll
0x00007ffba3f20000 - 0x00007ffba3f28000 	C:\Windows\System32\PSAPI.DLL
0x00007ffb8e400000 - 0x00007ffb8e427000 	C:\Windows\SYSTEM32\WINMM.dll
0x00007ffb8c640000 - 0x00007ffb8c649000 	C:\Windows\SYSTEM32\WSOCK32.dll
0x00007ffba4e80000 - 0x00007ffba4eeb000 	C:\Windows\System32\WS2_32.dll
0x00007ffba16a0000 - 0x00007ffba16b2000 	C:\Windows\SYSTEM32\kernel.appcore.dll
0x00007ffb9e750000 - 0x00007ffb9e75a000 	C:\Program Files\Java\jdk-18.0.2.1\bin\jimage.dll
0x00007ffba1480000 - 0x00007ffba1664000 	C:\Windows\SYSTEM32\DBGHELP.DLL
0x00007ffb89a50000 - 0x00007ffb89a7c000 	C:\Windows\SYSTEM32\dbgcore.DLL
0x00007ffba3330000 - 0x00007ffba33b2000 	C:\Windows\System32\bcryptPrimitives.dll
0x00007ffb9e740000 - 0x00007ffb9e74e000 	C:\Program Files\Java\jdk-18.0.2.1\bin\instrument.dll
0x00007ffb9e660000 - 0x00007ffb9e685000 	C:\Program Files\Java\jdk-18.0.2.1\bin\java.dll
0x00007ffb85e30000 - 0x00007ffb85f06000 	C:\Program Files\Java\jdk-18.0.2.1\bin\jsvml.dll
0x00007ffba4690000 - 0x00007ffba4dd4000 	C:\Windows\System32\SHELL32.dll
0x00007ffba0ce0000 - 0x00007ffba1474000 	C:\Windows\SYSTEM32\windows.storage.dll
0x00007ffba38f0000 - 0x00007ffba3c44000 	C:\Windows\System32\combase.dll
0x00007ffba2870000 - 0x00007ffba28a0000 	C:\Windows\SYSTEM32\Wldp.dll
0x00007ffba5600000 - 0x00007ffba56ad000 	C:\Windows\System32\SHCORE.dll
0x00007ffba4f20000 - 0x00007ffba4f75000 	C:\Windows\System32\shlwapi.dll
0x00007ffba2d50000 - 0x00007ffba2d6f000 	C:\Windows\SYSTEM32\profapi.dll
0x00007ffb9dbd0000 - 0x00007ffb9dbe3000 	C:\Program Files\Java\jdk-18.0.2.1\bin\net.dll
0x00007ffb905d0000 - 0x00007ffb906da000 	C:\Windows\SYSTEM32\WINHTTP.dll
0x00007ffba25d0000 - 0x00007ffba263a000 	C:\Windows\system32\mswsock.dll
0x00007ffb9cdb0000 - 0x00007ffb9cdc6000 	C:\Program Files\Java\jdk-18.0.2.1\bin\nio.dll
0x00007ffb9ddc0000 - 0x00007ffb9ddd8000 	C:\Program Files\Java\jdk-18.0.2.1\bin\zip.dll
0x00007ffb9b170000 - 0x00007ffb9b18a000 	C:\Program Files\JetBrains\IntelliJ IDEA Community Edition 2022.2.1\bin\breakgen64.dll
0x000001b4a9330000 - 0x000001b4a9333000 	C:\Program Files\Java\openjfx-19_windows-x64_bin-sdk\javafx-sdk-19\bin\api-ms-win-core-console-l1-1-0.dll
0x000001b4a9340000 - 0x000001b4a9343000 	C:\Program Files\Java\openjfx-19_windows-x64_bin-sdk\javafx-sdk-19\bin\api-ms-win-core-console-l1-2-0.dll
0x000001b4a9350000 - 0x000001b4a9353000 	C:\Program Files\Java\openjfx-19_windows-x64_bin-sdk\javafx-sdk-19\bin\api-ms-win-core-datetime-l1-1-0.dll
0x000001b4a9360000 - 0x000001b4a9363000 	C:\Program Files\Java\openjfx-19_windows-x64_bin-sdk\javafx-sdk-19\bin\api-ms-win-core-debug-l1-1-0.dll
0x000001b4a9370000 - 0x000001b4a9373000 	C:\Program Files\Java\openjfx-19_windows-x64_bin-sdk\javafx-sdk-19\bin\api-ms-win-core-errorhandling-l1-1-0.dll
0x000001b4a9380000 - 0x000001b4a9384000 	C:\Program Files\Java\openjfx-19_windows-x64_bin-sdk\javafx-sdk-19\bin\api-ms-win-core-file-l1-1-0.dll
0x000001b4a9390000 - 0x000001b4a9393000 	C:\Program Files\Java\openjfx-19_windows-x64_bin-sdk\javafx-sdk-19\bin\api-ms-win-core-file-l1-2-0.dll
0x000001b4cdd60000 - 0x000001b4cdd63000 	C:\Program Files\Java\openjfx-19_windows-x64_bin-sdk\javafx-sdk-19\bin\api-ms-win-core-file-l2-1-0.dll
0x000001b4cdd70000 - 0x000001b4cdd73000 	C:\Program Files\Java\openjfx-19_windows-x64_bin-sdk\javafx-sdk-19\bin\api-ms-win-core-handle-l1-1-0.dll
0x000001b4cdd80000 - 0x000001b4cdd83000 	C:\Program Files\Java\openjfx-19_windows-x64_bin-sdk\javafx-sdk-19\bin\api-ms-win-core-heap-l1-1-0.dll
0x000001b4cdd90000 - 0x000001b4cdd93000 	C:\Program Files\Java\openjfx-19_windows-x64_bin-sdk\javafx-sdk-19\bin\api-ms-win-core-interlocked-l1-1-0.dll
0x000001b4cdda0000 - 0x000001b4cdda3000 	C:\Program Files\Java\openjfx-19_windows-x64_bin-sdk\javafx-sdk-19\bin\api-ms-win-core-libraryloader-l1-1-0.dll
0x000001b4c6e70000 - 0x000001b4c6e73000 	C:\Program Files\Java\openjfx-19_windows-x64_bin-sdk\javafx-sdk-19\bin\api-ms-win-core-localization-l1-2-0.dll
0x000001b4c6e80000 - 0x000001b4c6e83000 	C:\Program Files\Java\openjfx-19_windows-x64_bin-sdk\javafx-sdk-19\bin\api-ms-win-core-memory-l1-1-0.dll
0x000001b4c6e90000 - 0x000001b4c6e93000 	C:\Program Files\Java\openjfx-19_windows-x64_bin-sdk\javafx-sdk-19\bin\api-ms-win-core-namedpipe-l1-1-0.dll
0x000001b4c6ff0000 - 0x000001b4c6ff3000 	C:\Program Files\Java\openjfx-19_windows-x64_bin-sdk\javafx-sdk-19\bin\api-ms-win-core-processenvironment-l1-1-0.dll
0x000001b4cdd00000 - 0x000001b4cdd03000 	C:\Program Files\Java\openjfx-19_windows-x64_bin-sdk\javafx-sdk-19\bin\api-ms-win-core-processthreads-l1-1-0.dll
0x000001b4cdd10000 - 0x000001b4cdd13000 	C:\Program Files\Java\openjfx-19_windows-x64_bin-sdk\javafx-sdk-19\bin\api-ms-win-core-processthreads-l1-1-1.dll
0x000001b4cdd20000 - 0x000001b4cdd23000 	C:\Program Files\Java\openjfx-19_windows-x64_bin-sdk\javafx-sdk-19\bin\api-ms-win-core-profile-l1-1-0.dll
0x000001b4cdd30000 - 0x000001b4cdd33000 	C:\Program Files\Java\openjfx-19_windows-x64_bin-sdk\javafx-sdk-19\bin\api-ms-win-core-rtlsupport-l1-1-0.dll
0x000001b4c6ea0000 - 0x000001b4c6ea3000 	C:\Program Files\Java\openjfx-19_windows-x64_bin-sdk\javafx-sdk-19\bin\api-ms-win-core-string-l1-1-0.dll
0x000001b4c6eb0000 - 0x000001b4c6eb3000 	C:\Program Files\Java\openjfx-19_windows-x64_bin-sdk\javafx-sdk-19\bin\api-ms-win-core-synch-l1-1-0.dll
0x000001b4c6ec0000 - 0x000001b4c6ec3000 	C:\Program Files\Java\openjfx-19_windows-x64_bin-sdk\javafx-sdk-19\bin\api-ms-win-core-synch-l1-2-0.dll
0x000001b4c6ed0000 - 0x000001b4c6ed3000 	C:\Program Files\Java\openjfx-19_windows-x64_bin-sdk\javafx-sdk-19\bin\api-ms-win-core-sysinfo-l1-1-0.dll
0x000001b4c6ee0000 - 0x000001b4c6ee3000 	C:\Program Files\Java\openjfx-19_windows-x64_bin-sdk\javafx-sdk-19\bin\api-ms-win-core-timezone-l1-1-0.dll
0x000001b4c6ef0000 - 0x000001b4c6ef3000 	C:\Program Files\Java\openjfx-19_windows-x64_bin-sdk\javafx-sdk-19\bin\api-ms-win-core-util-l1-1-0.dll
0x000001b4c6f00000 - 0x000001b4c6f03000 	C:\Program Files\Java\openjfx-19_windows-x64_bin-sdk\javafx-sdk-19\bin\api-ms-win-crt-conio-l1-1-0.dll
0x000001b4c6f10000 - 0x000001b4c6f14000 	C:\Program Files\Java\openjfx-19_windows-x64_bin-sdk\javafx-sdk-19\bin\api-ms-win-crt-convert-l1-1-0.dll
0x000001b4c6f20000 - 0x000001b4c6f23000 	C:\Program Files\Java\openjfx-19_windows-x64_bin-sdk\javafx-sdk-19\bin\api-ms-win-crt-environment-l1-1-0.dll
0x000001b4c6f30000 - 0x000001b4c6f33000 	C:\Program Files\Java\openjfx-19_windows-x64_bin-sdk\javafx-sdk-19\bin\api-ms-win-crt-filesystem-l1-1-0.dll
0x000001b4c6f40000 - 0x000001b4c6f43000 	C:\Program Files\Java\openjfx-19_windows-x64_bin-sdk\javafx-sdk-19\bin\api-ms-win-crt-heap-l1-1-0.dll
0x000001b4c6f50000 - 0x000001b4c6f53000 	C:\Program Files\Java\openjfx-19_windows-x64_bin-sdk\javafx-sdk-19\bin\api-ms-win-crt-locale-l1-1-0.dll
0x000001b4c6f60000 - 0x000001b4c6f65000 	C:\Program Files\Java\openjfx-19_windows-x64_bin-sdk\javafx-sdk-19\bin\api-ms-win-crt-math-l1-1-0.dll
0x000001b4c6f70000 - 0x000001b4c6f75000 	C:\Program Files\Java\openjfx-19_windows-x64_bin-sdk\javafx-sdk-19\bin\api-ms-win-crt-multibyte-l1-1-0.dll
0x000001b4c6f80000 - 0x000001b4c6f90000 	C:\Program Files\Java\openjfx-19_windows-x64_bin-sdk\javafx-sdk-19\bin\api-ms-win-crt-private-l1-1-0.dll
0x000001b4c6f90000 - 0x000001b4c6f93000 	C:\Program Files\Java\openjfx-19_windows-x64_bin-sdk\javafx-sdk-19\bin\api-ms-win-crt-process-l1-1-0.dll
0x000001b4c6fa0000 - 0x000001b4c6fa4000 	C:\Program Files\Java\openjfx-19_windows-x64_bin-sdk\javafx-sdk-19\bin\api-ms-win-crt-runtime-l1-1-0.dll
0x000001b4c6fb0000 - 0x000001b4c6fb4000 	C:\Program Files\Java\openjfx-19_windows-x64_bin-sdk\javafx-sdk-19\bin\api-ms-win-crt-stdio-l1-1-0.dll
0x000001b4c6fc0000 - 0x000001b4c6fc4000 	C:\Program Files\Java\openjfx-19_windows-x64_bin-sdk\javafx-sdk-19\bin\api-ms-win-crt-string-l1-1-0.dll
0x000001b4c6fd0000 - 0x000001b4c6fd3000 	C:\Program Files\Java\openjfx-19_windows-x64_bin-sdk\javafx-sdk-19\bin\api-ms-win-crt-time-l1-1-0.dll
0x000001b4c6fe0000 - 0x000001b4c6fe3000 	C:\Program Files\Java\openjfx-19_windows-x64_bin-sdk\javafx-sdk-19\bin\api-ms-win-crt-utility-l1-1-0.dll
0x00007ffb7d400000 - 0x00007ffb7d4fc000 	C:\Program Files\Java\openjfx-19_windows-x64_bin-sdk\javafx-sdk-19\bin\ucrtbase.dll
0x00007ffb97840000 - 0x00007ffb9785b000 	C:\Program Files\Java\openjfx-19_windows-x64_bin-sdk\javafx-sdk-19\bin\vcruntime140.dll
0x00007ffb9dbc0000 - 0x00007ffb9dbcc000 	C:\Program Files\Java\openjfx-19_windows-x64_bin-sdk\javafx-sdk-19\bin\vcruntime140_1.dll
0x00007ffb7d370000 - 0x00007ffb7d3fe000 	C:\Program Files\Java\openjfx-19_windows-x64_bin-sdk\javafx-sdk-19\bin\msvcp140.dll
0x00007ffb8c940000 - 0x00007ffb8c949000 	C:\Program Files\Java\openjfx-19_windows-x64_bin-sdk\javafx-sdk-19\bin\msvcp140_1.dll
0x00007ffb8bf70000 - 0x00007ffb8bfa0000 	C:\Program Files\Java\openjfx-19_windows-x64_bin-sdk\javafx-sdk-19\bin\msvcp140_2.dll
0x00007ffb85e00000 - 0x00007ffb85e2c000 	C:\Program Files\Java\openjfx-19_windows-x64_bin-sdk\javafx-sdk-19\bin\prism_d3d.dll
0x00007ffb91370000 - 0x00007ffb9153f000 	C:\Windows\system32\d3d9.dll
0x00007ffba0560000 - 0x00007ffba058f000 	C:\Windows\SYSTEM32\dwmapi.dll
0x00007ffba02d0000 - 0x00007ffba036e000 	C:\Windows\system32\uxtheme.dll
0x00007ffb46fd0000 - 0x00007ffb47135000 	C:\Windows\System32\DriverStore\FileRepository\72_lenovo_kabylake_hws_iigd_dch.inf_amd64_d630775471e98fa9\igdumdim64.dll
0x00007ffba4050000 - 0x00007ffba417a000 	C:\Windows\System32\ole32.dll
0x00007ffb35890000 - 0x00007ffb3a299000 	C:\Windows\System32\DriverStore\FileRepository\72_lenovo_kabylake_hws_iigd_dch.inf_amd64_d630775471e98fa9\igd9dxva64.dll
0x00007ffba5530000 - 0x00007ffba55fd000 	C:\Windows\System32\OLEAUT32.dll
0x00007ffba5030000 - 0x00007ffba549f000 	C:\Windows\System32\SETUPAPI.dll
0x00007ffba3500000 - 0x00007ffba354e000 	C:\Windows\System32\cfgmgr32.dll
0x00007ffba34d0000 - 0x00007ffba34f7000 	C:\Windows\System32\bcrypt.dll
0x00007ffb95970000 - 0x00007ffb95ca1000 	C:\Windows\System32\DriverStore\FileRepository\72_lenovo_kabylake_hws_iigd_dch.inf_amd64_d630775471e98fa9\igdgmm64.dll
0x00007ffb81a20000 - 0x00007ffb81a62000 	C:\Program Files\Java\openjfx-19_windows-x64_bin-sdk\javafx-sdk-19\bin\glass.dll
0x00007ffba37d0000 - 0x00007ffba38aa000 	C:\Windows\System32\COMDLG32.dll
0x00007ffba3f30000 - 0x00007ffba4045000 	C:\Windows\System32\MSCTF.dll
0x00007ffb8c320000 - 0x00007ffb8c347000 	C:\Windows\System32\DriverStore\FileRepository\72_lenovo_kabylake_hws_iigd_dch.inf_amd64_d630775471e98fa9\igdinfo64.dll
0x00007ffba27c0000 - 0x00007ffba27d8000 	C:\Windows\SYSTEM32\CRYPTSP.dll
0x00007ffba1ee0000 - 0x00007ffba1f14000 	C:\Windows\system32\rsaenh.dll
0x00007ffba27e0000 - 0x00007ffba27ec000 	C:\Windows\SYSTEM32\CRYPTBASE.dll
0x00007ffb91b30000 - 0x00007ffb9486c000 	C:\Windows\System32\DriverStore\FileRepository\72_lenovo_kabylake_hws_iigd_dch.inf_amd64_d630775471e98fa9\igc64.dll
0x00007ffb97d20000 - 0x00007ffb97d5b000 	C:\Windows\SYSTEM32\dxcore.dll
0x00007ffb8c920000 - 0x00007ffb8c934000 	C:\Program Files\Java\openjfx-19_windows-x64_bin-sdk\javafx-sdk-19\bin\javafx_font.dll
0x00007ffb90350000 - 0x00007ffb905cf000 	C:\Windows\SYSTEM32\dwrite.dll
0x00007ffba4f80000 - 0x00007ffba5029000 	C:\Windows\System32\clbcatq.dll
0x00007ffb9b2b0000 - 0x00007ffb9b464000 	C:\Windows\SYSTEM32\WindowsCodecs.dll
0x00007ffb73160000 - 0x00007ffb7319e000 	C:\Windows\system32\dataexchange.dll
0x00007ffb9e7c0000 - 0x00007ffb9ea23000 	C:\Windows\system32\d3d11.dll
0x00007ffb9f690000 - 0x00007ffb9f874000 	C:\Windows\system32\dcomp.dll
0x00007ffba1710000 - 0x00007ffba1803000 	C:\Windows\system32\dxgi.dll
0x00007ffb9b6f0000 - 0x00007ffb9b8f0000 	C:\Windows\system32\twinapi.appcore.dll
0x00007ffb85dc0000 - 0x00007ffb85df4000 	C:\Program Files\Common Files\Microsoft Shared\Ink\rtscom.dll
0x00007ffb95e10000 - 0x00007ffb95f09000 	C:\Windows\SYSTEM32\textinputframework.dll
0x00007ffb9ff60000 - 0x00007ffba0052000 	C:\Windows\System32\CoreMessaging.dll
0x00007ffb9fc00000 - 0x00007ffb9ff5e000 	C:\Windows\System32\CoreUIComponents.dll

dbghelp: loaded successfully - version: 4.0.5 - missing functions: none
symbol engine: initialized successfully - sym options: 0x614 - pdb path: .;C:\Program Files\Java\jdk-18.0.2.1\bin;C:\Windows\SYSTEM32;C:\Windows\WinSxS\amd64_microsoft.windows.common-controls_6595b64144ccf1df_6.0.19041.1110_none_60b5254171f9507e;C:\Program Files\Java\jdk-18.0.2.1\bin\server;C:\Program Files\JetBrains\IntelliJ IDEA Community Edition 2022.2.1\bin;C:\Program Files\Java\openjfx-19_windows-x64_bin-sdk\javafx-sdk-19\bin;C:\Windows\System32\DriverStore\FileRepository\72_lenovo_kabylake_hws_iigd_dch.inf_amd64_d630775471e98fa9;C:\Program Files\Common Files\Microsoft Shared\Ink

VM Arguments:
jvm_args: --module-path=C:/Program Files/Java/openjfx-19_windows-x64_bin-sdk/javafx-sdk-19/lib --add-modules=javafx.controls,javafx.fxml -javaagent:C:\Program Files\JetBrains\IntelliJ IDEA Community Edition 2022.2.1\lib\idea_rt.jar=55605:C:\Program Files\JetBrains\IntelliJ IDEA Community Edition 2022.2.1\bin -Dfile.encoding=UTF-8 -Dsun.stdout.encoding=UTF-8 -Dsun.stderr.encoding=UTF-8 
java_command: Client
java_class_path (initial): E:\prog 5\\kurs\out\production\Client;C:\Program Files\Java\openjfx-19_windows-x64_bin-sdk\javafx-sdk-19\lib\javafx-swt.jar;C:\Program Files\Java\openjfx-19_windows-x64_bin-sdk\javafx-sdk-19\lib\javafx.web.jar;C:\Program Files\Java\openjfx-19_windows-x64_bin-sdk\javafx-sdk-19\lib\javafx.base.jar;C:\Program Files\Java\openjfx-19_windows-x64_bin-sdk\javafx-sdk-19\lib\javafx.fxml.jar;C:\Program Files\Java\openjfx-19_windows-x64_bin-sdk\javafx-sdk-19\lib\javafx.media.jar;C:\Program Files\Java\openjfx-19_windows-x64_bin-sdk\javafx-sdk-19\lib\javafx.swing.jar;C:\Program Files\Java\openjfx-19_windows-x64_bin-sdk\javafx-sdk-19\lib\javafx.controls.jar;C:\Program Files\Java\openjfx-19_windows-x64_bin-sdk\javafx-sdk-19\lib\javafx.graphics.jar;C:\Users\\Downloads\mysql-connector-java-8.0.26.jar;E:\prog 5\\kurs\out\production\kurs;C:\Program Files\Java\jdk-18.0.2.1\lib\jrt-fs.jar
Launcher Type: SUN_STANDARD

[Global flags]
     intx CICompilerCount                          = 3                                         {product} {ergonomic}
     uint ConcGCThreads                            = 1                                         {product} {ergonomic}
     uint G1ConcRefinementThreads                  = 4                                         {product} {ergonomic}
   size_t G1HeapRegionSize                         = 1048576                                   {product} {ergonomic}
    uintx GCDrainStackTargetSize                   = 64                                        {product} {ergonomic}
   size_t InitialHeapSize                          = 134217728                                 {product} {ergonomic}
   size_t MarkStackSize                            = 4194304                                   {product} {ergonomic}
   size_t MaxHeapSize                              = 2116026368                                {product} {ergonomic}
   size_t MaxNewSize                               = 1268776960                                {product} {ergonomic}
   size_t MinHeapDeltaBytes                        = 1048576                                   {product} {ergonomic}
   size_t MinHeapSize                              = 8388608                                   {product} {ergonomic}
    uintx NonNMethodCodeHeapSize                   = 5832780                                {pd product} {ergonomic}
    uintx NonProfiledCodeHeapSize                  = 122912730                              {pd product} {ergonomic}
    uintx ProfiledCodeHeapSize                     = 122912730                              {pd product} {ergonomic}
    uintx ReservedCodeCacheSize                    = 251658240                              {pd product} {ergonomic}
     bool SegmentedCodeCache                       = true                                      {product} {ergonomic}
   size_t SoftMaxHeapSize                          = 2116026368                             {manageable} {ergonomic}
     bool UseCompressedClassPointers               = true                           {product lp64_product} {ergonomic}
     bool UseCompressedOops                        = true                           {product lp64_product} {ergonomic}
     bool UseG1GC                                  = true                                      {product} {ergonomic}
     bool UseLargePagesIndividualAllocation        = false                                  {pd product} {ergonomic}

Logging:
Log output configuration:
 #0: stdout all=off uptime,level,tags foldmultilines=false
 #1: stderr all=off uptime,level,tags foldmultilines=false

Environment Variables:
PATH=C:\Program Files\Common Files\Oracle\Java\javapath;C:\Program Files (x86)\Common Files\Oracle\Java\javapath;C:\Windows\system32;C:\Windows;C:\Windows\System32\Wbem;C:\Windows\System32\WindowsPowerShell\v1.0\;C:\Windows\System32\OpenSSH\;C:\Program Files (x86)\NVIDIA Corporation\PhysX\Common;C:\Program Files\NVIDIA Corporation\NVIDIA NvDLISR;C:\Program Files\Azure Data Studio\bin;C:\Program Files\MySQL\MySQL Shell 8.0\bin\;C:\Users\\AppData\Local\Microsoft\WindowsApps;;C:\Program Files\Azure Data Studio\bin
USERNAME=
OS=Windows_NT
PROCESSOR_IDENTIFIER=Intel64 Family 6 Model 142 Stepping 9, GenuineIntel



---------------  S Y S T E M  ---------------

OS:
 Windows 10 , 64 bit Build 19041 (10.0.19041.1806)
OS uptime: 0 days 4:54 hours

CPU: total 4 (initial active 4) (2 cores per cpu, 2 threads per core) family 6 model 142 stepping 9 microcode 0xd6, cx8, cmov, fxsr, ht, mmx, 3dnowpref, sse, sse2, sse3, ssse3, sse4.1, sse4.2, popcnt, lzcnt, tsc, tscinvbit, avx, avx2, aes, erms, clmul, bmi1, bmi2, adx, fma, vzeroupper, clflush, clflushopt

Memory: 4k page, system-wide physical 8066M (1834M free)
TotalPageFile size 14466M (AvailPageFile size 5377M)
current process WorkingSet (physical memory assigned to process): 185M, peak: 201M
current process commit charge ("private bytes"): 293M, peak: 309M

vm_info: Java HotSpot(TM) 64-Bit Server VM (18.0.2.1+1-1) for windows-amd64 JRE (18.0.2.1+1-1), built on Aug 16 2022 01:46:33 by "mach5one" with MS VC++ 16.8 / 16.9 (VS2019)

END.
