#
# A fatal error has been detected by the Java Runtime Environment:
#
#  EXCEPTION_ACCESS_VIOLATION (0xc0000005) at pc=0x00007fff1c6e63b7, pid=5632, tid=13260
#
# JRE version: Java(TM) SE Runtime Environment (18.0.2.1+1) (build 18.0.2.1+1-1)
# Java VM: Java HotSpot(TM) 64-Bit Server VM (18.0.2.1+1-1, mixed mode, sharing, tiered, compressed oops, compressed class ptrs, g1 gc, windows-amd64)
# Problematic frame:
# C  [glass.dll+0x263b7]
#
# No core dump will be written. Minidumps are not enabled by default on client versions of Windows
#
# If you would like to submit a bug report, please visit:
#   https://bugreport.java.com/bugreport/crash.jsp
#

---------------  S U M M A R Y ------------

Command Line: --module-path=C:/Program Files/Java/openjfx-19_windows-x64_bin-sdk/javafx-sdk-19/lib --add-modules=javafx.controls,javafx.fxml -javaagent:C:\Program Files\JetBrains\IntelliJ IDEA Community Edition 2022.2.1\lib\idea_rt.jar=52361:C:\Program Files\JetBrains\IntelliJ IDEA Community Edition 2022.2.1\bin -Dfile.encoding=UTF-8 -Dsun.stdout.encoding=UTF-8 -Dsun.stderr.encoding=UTF-8 Client

Host: Intel(R) Core(TM) i3-7130U CPU @ 2.70GHz, 4 cores, 7G,  Windows 10 , 64 bit Build 19041 (10.0.19041.1806)
Time: Sat Dec  3 12:09:52 2022  Windows 10 , 64 bit Build 19041 (10.0.19041.1806) elapsed time: 440.073184 seconds (0d 0h 7m 20s)

---------------  T H R E A D  ---------------

Current thread (0x00000204b5b4a7e0):  VMThread "VM Thread" [stack: 0x0000008b36900000,0x0000008b36a00000] [id=13260]

Stack: [0x0000008b36900000,0x0000008b36a00000],  sp=0x0000008b369ff240,  free space=1020k
Native frames: (J=compiled Java code, j=interpreted, Vv=VM code, C=native code)
C  [glass.dll+0x263b7]


siginfo: EXCEPTION_ACCESS_VIOLATION (0xc0000005), reading address 0x0000000000000000


Register to memory mapping:

RIP=0x00007fff1c6e63b7 glass.dll
RAX=0x0 is NULL
RBX=0x00000204b5b581e0 is a global jni handle
RCX=0x00000204b5b4a7e0 points into unknown readable memory: 0x00007fff1e5bea28 | 28 ea 5b 1e ff 7f 00 00
RDX=0x0000008b369ff240 points into unknown readable memory: 0x0000000000000000 | 00 00 00 00 00 00 00 00
RSP=0x0000008b369ff240 points into unknown readable memory: 0x0000000000000000 | 00 00 00 00 00 00 00 00
RBP=0x00000204ba768018 points into unknown readable memory: 0x0000bc82743eb278 | 78 b2 3e 74 82 bc 00 00
RSI=0x00000204ba767ff0 points into unknown readable memory: 0x0800bcfd8b22dc40 | 40 dc 22 8b fd bc 00 08
RDI=0x0000bc82743eb278 is an unknown value
R8 =0x0000000000010002 is an unknown value
R9 =0x0000bc82743eb278 is an unknown value
R10=0x0000000000008000 is an unknown value
R11=0x0000008b369ff1d0 points into unknown readable memory: 0x00000204ba767ff0 | f0 7f 76 ba 04 02 00 00
R12=0x00007fff1c6e3cf0 glass.dll
R13=0x00007fff1e780c00 jvm.dll
R14=0x0000008b369ff338 points into unknown readable memory: 0x0000008b369ff320 | 20 f3 9f 36 8b 00 00 00
R15=0x00000204ba767ff0 points into unknown readable memory: 0x0800bcfd8b22dc40 | 40 dc 22 8b fd bc 00 08


Registers:
RAX=0x0000000000000000, RBX=0x00000204b5b581e0, RCX=0x00000204b5b4a7e0, RDX=0x0000008b369ff240
RSP=0x0000008b369ff240, RBP=0x00000204ba768018, RSI=0x00000204ba767ff0, RDI=0x0000bc82743eb278
R8 =0x0000000000010002, R9 =0x0000bc82743eb278, R10=0x0000000000008000, R11=0x0000008b369ff1d0
R12=0x00007fff1c6e3cf0, R13=0x00007fff1e780c00, R14=0x0000008b369ff338, R15=0x00000204ba767ff0
RIP=0x00007fff1c6e63b7, EFLAGS=0x0000000000010202

Top of Stack: (sp=0x0000008b369ff240)
0x0000008b369ff240:   0000000000000000 00000204ba767ff0
0x0000008b369ff250:   00007fff1e780c00 00007fff1c6e3cf0
0x0000008b369ff260:   00000204ba767ff8 00007fff446042d6
0x0000008b369ff270:   0000bc82743eb278 0000020400000000
0x0000008b369ff280:   00000204ba768018 00000204ba767ff0
0x0000008b369ff290:   fffffffffffffffe 0000000000000000
0x0000008b369ff2a0:   0000000000000001 00007fff1c6c0000
0x0000008b369ff2b0:   0000008b369ff328 00007fff446041fb
0x0000008b369ff2c0:   0000000000000000 0000008b369ff338
0x0000008b369ff2d0:   0000008b369ff600 00007fff446e0e40
0x0000008b369ff2e0:   0000000000000001 00007fff446041b4
0x0000008b369ff2f0:   0000000000000000 0000000000000001
0x0000008b369ff300:   00007fff00000001 0000008b369ff328
0x0000008b369ff310:   0000000000000000 00007fff1c6e3b7d
0x0000008b369ff320:   00007fff1c6f9f88 00007fff00000002
0x0000008b369ff330:   0000000000000002 0000008b369ff320 

Instructions: (pc=0x00007fff1c6e63b7)
0x00007fff1c6e62b7:   8b 4d 58 e8 7d cf ff ff 48 8b 4d 60 e8 74 cf ff
0x00007fff1c6e62c7:   ff 48 8b 95 80 00 00 00 48 8b 8d 18 01 00 00 e8
0x00007fff1c6e62d7:   66 c4 ff ff 33 d2 33 c9 e8 bc e1 ff ff 90 48 89
0x00007fff1c6e62e7:   54 24 10 55 48 83 ec 20 48 8b ea 48 b8 00 00 00
0x00007fff1c6e62f7:   00 00 00 00 00 48 83 c4 20 5d c3 cc 40 55 48 8b
0x00007fff1c6e6307:   ea 48 8b 01 33 c9 81 38 05 00 00 c0 0f 94 c1 8b
0x00007fff1c6e6317:   c1 5d c3 cc 40 55 48 83 ec 20 48 8b ea 8a 4d 40
0x00007fff1c6e6327:   48 83 c4 20 5d e9 63 d3 ff ff cc 40 55 48 83 ec
0x00007fff1c6e6337:   20 48 8b ea 8a 4d 20 e8 51 d3 ff ff 90 48 83 c4
0x00007fff1c6e6347:   20 5d c3 cc 40 55 48 83 ec 20 48 8b ea 48 83 c4
0x00007fff1c6e6357:   20 5d e9 b2 d1 ff ff cc 40 55 48 83 ec 30 48 8b
0x00007fff1c6e6367:   ea 48 8b 01 8b 10 48 89 4c 24 28 89 54 24 20 4c
0x00007fff1c6e6377:   8d 0d 53 d6 ff ff 4c 8b 45 70 8b 55 68 48 8b 4d
0x00007fff1c6e6387:   60 e8 f3 d0 ff ff 90 48 83 c4 30 5d c3 cc cc cc
0x00007fff1c6e6397:   cc cc cc cc cc cc cc cc cc 40 53 48 83 ec 20 48
0x00007fff1c6e63a7:   8b 1d db 35 01 00 48 85 db 74 16 e8 79 8b ff ff
0x00007fff1c6e63b7:   4c 8b 00 48 8b d3 48 8b c8 41 ff 90 b0 00 00 00
0x00007fff1c6e63c7:   90 48 83 c4 20 5b c3 cc cc 40 53 48 83 ec 20 48
0x00007fff1c6e63d7:   8b 1d 4b 37 01 00 48 85 db 74 57 b8 ff ff ff ff
0x00007fff1c6e63e7:   f0 0f c1 43 10 83 f8 01 75 3d 48 85 db 74 38 48
0x00007fff1c6e63f7:   8b 0b 48 85 c9 74 0d ff 15 a4 0e 00 00 48 c7 03
0x00007fff1c6e6407:   00 00 00 00 48 8b 4b 08 48 85 c9 74 0d e8 23 ce
0x00007fff1c6e6417:   ff ff 48 c7 43 08 00 00 00 00 ba 18 00 00 00 48
0x00007fff1c6e6427:   8b cb e8 0e ce ff ff 48 c7 05 ef 36 01 00 00 00
0x00007fff1c6e6437:   00 00 48 83 c4 20 5b c3 cc 40 53 48 83 ec 20 48
0x00007fff1c6e6447:   8b 1d bb 36 01 00 48 85 db 74 57 b8 ff ff ff ff
0x00007fff1c6e6457:   f0 0f c1 43 10 83 f8 01 75 3d 48 85 db 74 38 48
0x00007fff1c6e6467:   8b 0b 48 85 c9 74 0d ff 15 34 0e 00 00 48 c7 03
0x00007fff1c6e6477:   00 00 00 00 48 8b 4b 08 48 85 c9 74 0d e8 b3 cd
0x00007fff1c6e6487:   ff ff 48 c7 43 08 00 00 00 00 ba 18 00 00 00 48
0x00007fff1c6e6497:   8b cb e8 9e cd ff ff 48 c7 05 5f 36 01 00 00 00
0x00007fff1c6e64a7:   00 00 48 83 c4 20 5b c3 cc 40 53 48 83 ec 20 48 


Stack slot to memory mapping:
stack at sp + 0 slots: 0x0 is NULL
stack at sp + 1 slots: 0x00000204ba767ff0 points into unknown readable memory: 0x0800bcfd8b22dc40 | 40 dc 22 8b fd bc 00 08
stack at sp + 2 slots: 0x00007fff1e780c00 jvm.dll
stack at sp + 3 slots: 0x00007fff1c6e3cf0 glass.dll
stack at sp + 4 slots: 0x00000204ba767ff8 points into unknown readable memory: 0x0000bc82743eb278 | 78 b2 3e 74 82 bc 00 00
stack at sp + 5 slots: 0x00007fff446042d6 ucrtbase.dll
stack at sp + 6 slots: 0x0000bc82743eb278 is an unknown value
stack at sp + 7 slots: 0x0000020400000000 is an unknown value

VM_Operation (0x0000008b360ff500): Exit, mode: safepoint, requested by thread 0x00000204bf5ed660


---------------  P R O C E S S  ---------------

Threads class SMR info:
_java_thread_list=0x00000204bfb059c0, length=20, elements={
0x000002049828fee0, 0x00000204b5b4d6f0, 0x00000204b5b4e260, 0x00000204b5b68ed0,
0x00000204b5b69780, 0x00000204b5b6a030, 0x00000204b5b6ac10, 0x00000204b5b7de10,
0x00000204b5bf4790, 0x000002049835a200, 0x00000204ba5441d0, 0x00000204ba457d80,
0x00000204ba778f70, 0x00000204ba5d8a80, 0x00000204babda4c0, 0x00000204ba8f9bc0,
0x00000204ba8ca620, 0x00000204bf67f0a0, 0x00000204bf67b6e0, 0x00000204bf5ed660
}

Java Threads: ( => current thread )
  0x000002049828fee0 JavaThread "main" [_thread_blocked, id=2764, stack(0x0000008b36300000,0x0000008b36400000)]
  0x00000204b5b4d6f0 JavaThread "Reference Handler" daemon [_thread_blocked, id=5688, stack(0x0000008b36a00000,0x0000008b36b00000)]
  0x00000204b5b4e260 JavaThread "Finalizer" daemon [_thread_blocked, id=8620, stack(0x0000008b36b00000,0x0000008b36c00000)]
  0x00000204b5b68ed0 JavaThread "Attach Listener" daemon [_thread_blocked, id=12576, stack(0x0000008b36d00000,0x0000008b36e00000)]
  0x00000204b5b69780 JavaThread "Service Thread" daemon [_thread_blocked, id=11252, stack(0x0000008b36e00000,0x0000008b36f00000)]
  0x00000204b5b6a030 JavaThread "Monitor Deflation Thread" daemon [_thread_blocked, id=12040, stack(0x0000008b36f00000,0x0000008b37000000)]
  0x00000204b5b6ac10 JavaThread "C2 CompilerThread0" daemon [_thread_blocked, id=12032, stack(0x0000008b37000000,0x0000008b37100000)]
  0x00000204b5b7de10 JavaThread "C1 CompilerThread0" daemon [_thread_blocked, id=12020, stack(0x0000008b37100000,0x0000008b37200000)]
  0x00000204b5bf4790 JavaThread "Sweeper thread" daemon [_thread_blocked, id=12036, stack(0x0000008b37200000,0x0000008b37300000)]
  0x000002049835a200 JavaThread "Common-Cleaner" daemon [_thread_blocked, id=7328, stack(0x0000008b37300000,0x0000008b37400000)]
  0x00000204ba5441d0 JavaThread "Monitor Ctrl-Break" daemon [_thread_in_native, id=2748, stack(0x0000008b37500000,0x0000008b37600000)]
  0x00000204ba457d80 JavaThread "Notification Thread" daemon [_thread_blocked, id=13084, stack(0x0000008b37600000,0x0000008b37700000)]
  0x00000204ba778f70 JavaThread "QuantumRenderer-0" daemon [_thread_blocked, id=9140, stack(0x0000008b37800000,0x0000008b37900000)]
  0x00000204ba5d8a80 JavaThread "InvokeLaterDispatcher" daemon [_thread_blocked, id=13012, stack(0x0000008b37900000,0x0000008b37a00000)]
  0x00000204babda4c0 JavaThread "JavaFX Application Thread" [_thread_in_native, id=6756, stack(0x0000008b37a00000,0x0000008b37b00000)]
  0x00000204ba8f9bc0 JavaThread "Thread-1" daemon [_thread_in_native, id=6728, stack(0x0000008b38100000,0x0000008b38200000)]
  0x00000204ba8ca620 JavaThread "JavaFX-Launcher" [_thread_blocked, id=12924, stack(0x0000008b38200000,0x0000008b38300000)]
  0x00000204bf67f0a0 JavaThread "Prism Font Disposer" daemon [_thread_blocked, id=6424, stack(0x0000008b38600000,0x0000008b38700000)]
  0x00000204bf67b6e0 JavaThread "Cleaner-0" daemon [_thread_blocked, id=3748, stack(0x0000008b38700000,0x0000008b38800000)]
  0x00000204bf5ed660 JavaThread "SIGINT handler" daemon [_thread_blocked, id=1228, stack(0x0000008b36000000,0x0000008b36100000)]

Other Threads:
=>0x00000204b5b4a7e0 VMThread "VM Thread" [stack: 0x0000008b36900000,0x0000008b36a00000] [id=13260]
  0x00000204982ee440 WorkerThread "GC Thread#0" [stack: 0x0000008b36400000,0x0000008b36500000] [id=12992]
  0x00000204baa42cc0 WorkerThread "GC Thread#1" [stack: 0x0000008b37b00000,0x0000008b37c00000] [id=6528]
  0x00000204baa42f60 WorkerThread "GC Thread#2" [stack: 0x0000008b37c00000,0x0000008b37d00000] [id=6664]
  0x00000204baa84740 WorkerThread "GC Thread#3" [stack: 0x0000008b37d00000,0x0000008b37e00000] [id=11092]
  0x0000020498300ee0 ConcurrentGCThread "G1 Main Marker" terminated
  0x00000204983027f0 WorkerThread "G1 Conc#0" [stack: 0x0000008b36600000,0x0000008b36700000] [id=4388]
  0x00000204983419c0 ConcurrentGCThread "G1 Refine#0" terminated
  0x00000204983461f0 ConcurrentGCThread "G1 Service" terminated

Threads with active compile tasks:

VM state: at safepoint (shutting down)

VM Mutex/Monitor currently owned by a thread:  ([mutex/lock_event])
[0x000002049828e010] Threads_lock - owner thread: 0x00000204b5b4a7e0
[0x000002049828f0f0] Heap_lock - owner thread: 0x00000204bf5ed660

Heap address: 0x0000000081e00000, size: 2018 MB, Compressed Oops mode: 32-bit

CDS archive(s) mapped at: [0x0000000800000000-0x0000000800ba0000-0x0000000800ba0000), size 12189696, SharedBaseAddress: 0x0000000800000000, ArchiveRelocationMode: 0.
Compressed class space mapped at: 0x0000000800c00000-0x0000000840c00000, reserved size: 1073741824
Narrow klass base: 0x0000000800000000, Narrow klass shift: 0, Narrow klass range: 0x100000000

GC Precious Log:
 CardTable entry size: 512
 Card Set container configuration: InlinePtr #cards 5 size 8 Array Of Cards #cards 12 size 40 Howl #buckets 4 coarsen threshold 1843 Howl Bitmap #cards 512 size 80 coarsen threshold 460 Card regions per heap region 1 cards per card region 2048
 CPUs: 4 total, 4 available
 Memory: 8066M
 Large Page Support: Disabled
 NUMA Support: Disabled
 Compressed Oops: Enabled (32-bit)
 Heap Region Size: 1M
 Heap Min Capacity: 8M
 Heap Initial Capacity: 128M
 Heap Max Capacity: 2018M
 Pre-touch: Disabled
 Parallel Workers: 4
 Concurrent Workers: 1
 Concurrent Refinement Workers: 4
 Periodic GC: Disabled

Heap:
 garbage-first heap   total 131072K, used 45110K [0x0000000081e00000, 0x0000000100000000)
  region size 1024K, 41 young (41984K), 3 survivors (3072K)
 Metaspace       used 17761K, committed 18112K, reserved 1114112K
  class space    used 2610K, committed 2816K, reserved 1048576K

Heap Regions: E=young(eden), S=young(survivor), O=old, HS=humongous(starts), HC=humongous(continues), CS=collection set, F=free, OA=open archive, CA=closed archive, TAMS=top-at-mark-start (previous, next)
|   0|0x0000000081e00000, 0x0000000081f00000, 0x0000000081f00000|100%| O|  |TAMS 0x0000000081e00000, 0x0000000081e00000| Untracked 
|   1|0x0000000081f00000, 0x0000000082000000, 0x0000000082000000|100%| O|  |TAMS 0x0000000081f00000, 0x0000000081f00000| Untracked 
|   2|0x0000000082000000, 0x000000008203f200, 0x0000000082100000| 24%| O|  |TAMS 0x0000000082000000, 0x0000000082000000| Untracked 
|   3|0x0000000082100000, 0x0000000082200000, 0x0000000082200000|100%|HS|  |TAMS 0x0000000082100000, 0x0000000082100000| Complete 
|   4|0x0000000082200000, 0x0000000082300000, 0x0000000082300000|100%|HC|  |TAMS 0x0000000082200000, 0x0000000082200000| Complete 
|   5|0x0000000082300000, 0x0000000082300000, 0x0000000082400000|  0%| F|  |TAMS 0x0000000082300000, 0x0000000082300000| Untracked 
|   6|0x0000000082400000, 0x0000000082400000, 0x0000000082500000|  0%| F|  |TAMS 0x0000000082400000, 0x0000000082400000| Untracked 
|   7|0x0000000082500000, 0x0000000082500000, 0x0000000082600000|  0%| F|  |TAMS 0x0000000082500000, 0x0000000082500000| Untracked 
|   8|0x0000000082600000, 0x0000000082600000, 0x0000000082700000|  0%| F|  |TAMS 0x0000000082600000, 0x0000000082600000| Untracked 
|   9|0x0000000082700000, 0x0000000082700000, 0x0000000082800000|  0%| F|  |TAMS 0x0000000082700000, 0x0000000082700000| Untracked 
|  10|0x0000000082800000, 0x0000000082800000, 0x0000000082900000|  0%| F|  |TAMS 0x0000000082800000, 0x0000000082800000| Untracked 
|  11|0x0000000082900000, 0x0000000082900000, 0x0000000082a00000|  0%| F|  |TAMS 0x0000000082900000, 0x0000000082900000| Untracked 
|  12|0x0000000082a00000, 0x0000000082a00000, 0x0000000082b00000|  0%| F|  |TAMS 0x0000000082a00000, 0x0000000082a00000| Untracked 
|  13|0x0000000082b00000, 0x0000000082b00000, 0x0000000082c00000|  0%| F|  |TAMS 0x0000000082b00000, 0x0000000082b00000| Untracked 
|  14|0x0000000082c00000, 0x0000000082c00000, 0x0000000082d00000|  0%| F|  |TAMS 0x0000000082c00000, 0x0000000082c00000| Untracked 
|  15|0x0000000082d00000, 0x0000000082d00000, 0x0000000082e00000|  0%| F|  |TAMS 0x0000000082d00000, 0x0000000082d00000| Untracked 
|  16|0x0000000082e00000, 0x0000000082e00000, 0x0000000082f00000|  0%| F|  |TAMS 0x0000000082e00000, 0x0000000082e00000| Untracked 
|  17|0x0000000082f00000, 0x0000000082f00000, 0x0000000083000000|  0%| F|  |TAMS 0x0000000082f00000, 0x0000000082f00000| Untracked 
|  18|0x0000000083000000, 0x0000000083000000, 0x0000000083100000|  0%| F|  |TAMS 0x0000000083000000, 0x0000000083000000| Untracked 
|  19|0x0000000083100000, 0x0000000083100000, 0x0000000083200000|  0%| F|  |TAMS 0x0000000083100000, 0x0000000083100000| Untracked 
|  20|0x0000000083200000, 0x0000000083200000, 0x0000000083300000|  0%| F|  |TAMS 0x0000000083200000, 0x0000000083200000| Untracked 
|  21|0x0000000083300000, 0x0000000083300000, 0x0000000083400000|  0%| F|  |TAMS 0x0000000083300000, 0x0000000083300000| Untracked 
|  22|0x0000000083400000, 0x0000000083400000, 0x0000000083500000|  0%| F|  |TAMS 0x0000000083400000, 0x0000000083400000| Untracked 
|  23|0x0000000083500000, 0x0000000083500000, 0x0000000083600000|  0%| F|  |TAMS 0x0000000083500000, 0x0000000083500000| Untracked 
|  24|0x0000000083600000, 0x0000000083600000, 0x0000000083700000|  0%| F|  |TAMS 0x0000000083600000, 0x0000000083600000| Untracked 
|  25|0x0000000083700000, 0x0000000083700000, 0x0000000083800000|  0%| F|  |TAMS 0x0000000083700000, 0x0000000083700000| Untracked 
|  26|0x0000000083800000, 0x0000000083800000, 0x0000000083900000|  0%| F|  |TAMS 0x0000000083800000, 0x0000000083800000| Untracked 
|  27|0x0000000083900000, 0x0000000083900000, 0x0000000083a00000|  0%| F|  |TAMS 0x0000000083900000, 0x0000000083900000| Untracked 
|  28|0x0000000083a00000, 0x0000000083a00000, 0x0000000083b00000|  0%| F|  |TAMS 0x0000000083a00000, 0x0000000083a00000| Untracked 
|  29|0x0000000083b00000, 0x0000000083b00000, 0x0000000083c00000|  0%| F|  |TAMS 0x0000000083b00000, 0x0000000083b00000| Untracked 
|  30|0x0000000083c00000, 0x0000000083c00000, 0x0000000083d00000|  0%| F|  |TAMS 0x0000000083c00000, 0x0000000083c00000| Untracked 
|  31|0x0000000083d00000, 0x0000000083d00000, 0x0000000083e00000|  0%| F|  |TAMS 0x0000000083d00000, 0x0000000083d00000| Untracked 
|  32|0x0000000083e00000, 0x0000000083e00000, 0x0000000083f00000|  0%| F|  |TAMS 0x0000000083e00000, 0x0000000083e00000| Untracked 
|  33|0x0000000083f00000, 0x0000000083f00000, 0x0000000084000000|  0%| F|  |TAMS 0x0000000083f00000, 0x0000000083f00000| Untracked 
|  34|0x0000000084000000, 0x0000000084000000, 0x0000000084100000|  0%| F|  |TAMS 0x0000000084000000, 0x0000000084000000| Untracked 
|  35|0x0000000084100000, 0x0000000084100000, 0x0000000084200000|  0%| F|  |TAMS 0x0000000084100000, 0x0000000084100000| Untracked 
|  36|0x0000000084200000, 0x0000000084200000, 0x0000000084300000|  0%| F|  |TAMS 0x0000000084200000, 0x0000000084200000| Untracked 
|  37|0x0000000084300000, 0x0000000084300000, 0x0000000084400000|  0%| F|  |TAMS 0x0000000084300000, 0x0000000084300000| Untracked 
|  38|0x0000000084400000, 0x0000000084400000, 0x0000000084500000|  0%| F|  |TAMS 0x0000000084400000, 0x0000000084400000| Untracked 
|  39|0x0000000084500000, 0x0000000084500000, 0x0000000084600000|  0%| F|  |TAMS 0x0000000084500000, 0x0000000084500000| Untracked 
|  40|0x0000000084600000, 0x0000000084600000, 0x0000000084700000|  0%| F|  |TAMS 0x0000000084600000, 0x0000000084600000| Untracked 
|  41|0x0000000084700000, 0x0000000084700000, 0x0000000084800000|  0%| F|  |TAMS 0x0000000084700000, 0x0000000084700000| Untracked 
|  42|0x0000000084800000, 0x0000000084800000, 0x0000000084900000|  0%| F|  |TAMS 0x0000000084800000, 0x0000000084800000| Untracked 
|  43|0x0000000084900000, 0x0000000084900000, 0x0000000084a00000|  0%| F|  |TAMS 0x0000000084900000, 0x0000000084900000| Untracked 
|  44|0x0000000084a00000, 0x0000000084a00000, 0x0000000084b00000|  0%| F|  |TAMS 0x0000000084a00000, 0x0000000084a00000| Untracked 
|  45|0x0000000084b00000, 0x0000000084b00000, 0x0000000084c00000|  0%| F|  |TAMS 0x0000000084b00000, 0x0000000084b00000| Untracked 
|  46|0x0000000084c00000, 0x0000000084c00000, 0x0000000084d00000|  0%| F|  |TAMS 0x0000000084c00000, 0x0000000084c00000| Untracked 
|  47|0x0000000084d00000, 0x0000000084d00000, 0x0000000084e00000|  0%| F|  |TAMS 0x0000000084d00000, 0x0000000084d00000| Untracked 
|  48|0x0000000084e00000, 0x0000000084e00000, 0x0000000084f00000|  0%| F|  |TAMS 0x0000000084e00000, 0x0000000084e00000| Untracked 
|  49|0x0000000084f00000, 0x0000000084f00000, 0x0000000085000000|  0%| F|  |TAMS 0x0000000084f00000, 0x0000000084f00000| Untracked 
|  50|0x0000000085000000, 0x0000000085000000, 0x0000000085100000|  0%| F|  |TAMS 0x0000000085000000, 0x0000000085000000| Untracked 
|  51|0x0000000085100000, 0x0000000085100000, 0x0000000085200000|  0%| F|  |TAMS 0x0000000085100000, 0x0000000085100000| Untracked 
|  52|0x0000000085200000, 0x0000000085200000, 0x0000000085300000|  0%| F|  |TAMS 0x0000000085200000, 0x0000000085200000| Untracked 
|  53|0x0000000085300000, 0x0000000085300000, 0x0000000085400000|  0%| F|  |TAMS 0x0000000085300000, 0x0000000085300000| Untracked 
|  54|0x0000000085400000, 0x0000000085400000, 0x0000000085500000|  0%| F|  |TAMS 0x0000000085400000, 0x0000000085400000| Untracked 
|  55|0x0000000085500000, 0x0000000085500000, 0x0000000085600000|  0%| F|  |TAMS 0x0000000085500000, 0x0000000085500000| Untracked 
|  56|0x0000000085600000, 0x0000000085600000, 0x0000000085700000|  0%| F|  |TAMS 0x0000000085600000, 0x0000000085600000| Untracked 
|  57|0x0000000085700000, 0x0000000085700000, 0x0000000085800000|  0%| F|  |TAMS 0x0000000085700000, 0x0000000085700000| Untracked 
|  58|0x0000000085800000, 0x0000000085800000, 0x0000000085900000|  0%| F|  |TAMS 0x0000000085800000, 0x0000000085800000| Untracked 
|  59|0x0000000085900000, 0x0000000085900000, 0x0000000085a00000|  0%| F|  |TAMS 0x0000000085900000, 0x0000000085900000| Untracked 
|  60|0x0000000085a00000, 0x0000000085a00000, 0x0000000085b00000|  0%| F|  |TAMS 0x0000000085a00000, 0x0000000085a00000| Untracked 
|  61|0x0000000085b00000, 0x0000000085b00000, 0x0000000085c00000|  0%| F|  |TAMS 0x0000000085b00000, 0x0000000085b00000| Untracked 
|  62|0x0000000085c00000, 0x0000000085c00000, 0x0000000085d00000|  0%| F|  |TAMS 0x0000000085c00000, 0x0000000085c00000| Untracked 
|  63|0x0000000085d00000, 0x0000000085d00000, 0x0000000085e00000|  0%| F|  |TAMS 0x0000000085d00000, 0x0000000085d00000| Untracked 
|  64|0x0000000085e00000, 0x0000000085e00000, 0x0000000085f00000|  0%| F|  |TAMS 0x0000000085e00000, 0x0000000085e00000| Untracked 
|  65|0x0000000085f00000, 0x0000000085f00000, 0x0000000086000000|  0%| F|  |TAMS 0x0000000085f00000, 0x0000000085f00000| Untracked 
|  66|0x0000000086000000, 0x0000000086000000, 0x0000000086100000|  0%| F|  |TAMS 0x0000000086000000, 0x0000000086000000| Untracked 
|  67|0x0000000086100000, 0x0000000086100000, 0x0000000086200000|  0%| F|  |TAMS 0x0000000086100000, 0x0000000086100000| Untracked 
|  68|0x0000000086200000, 0x0000000086200000, 0x0000000086300000|  0%| F|  |TAMS 0x0000000086200000, 0x0000000086200000| Untracked 
|  69|0x0000000086300000, 0x0000000086300000, 0x0000000086400000|  0%| F|  |TAMS 0x0000000086300000, 0x0000000086300000| Untracked 
|  70|0x0000000086400000, 0x0000000086400000, 0x0000000086500000|  0%| F|  |TAMS 0x0000000086400000, 0x0000000086400000| Untracked 
|  71|0x0000000086500000, 0x0000000086500000, 0x0000000086600000|  0%| F|  |TAMS 0x0000000086500000, 0x0000000086500000| Untracked 
|  72|0x0000000086600000, 0x0000000086600000, 0x0000000086700000|  0%| F|  |TAMS 0x0000000086600000, 0x0000000086600000| Untracked 
|  73|0x0000000086700000, 0x0000000086700000, 0x0000000086800000|  0%| F|  |TAMS 0x0000000086700000, 0x0000000086700000| Untracked 
|  74|0x0000000086800000, 0x0000000086800000, 0x0000000086900000|  0%| F|  |TAMS 0x0000000086800000, 0x0000000086800000| Untracked 
|  75|0x0000000086900000, 0x0000000086900000, 0x0000000086a00000|  0%| F|  |TAMS 0x0000000086900000, 0x0000000086900000| Untracked 
|  76|0x0000000086a00000, 0x0000000086a00000, 0x0000000086b00000|  0%| F|  |TAMS 0x0000000086a00000, 0x0000000086a00000| Untracked 
|  77|0x0000000086b00000, 0x0000000086b00000, 0x0000000086c00000|  0%| F|  |TAMS 0x0000000086b00000, 0x0000000086b00000| Untracked 
|  78|0x0000000086c00000, 0x0000000086c00000, 0x0000000086d00000|  0%| F|  |TAMS 0x0000000086c00000, 0x0000000086c00000| Untracked 
|  79|0x0000000086d00000, 0x0000000086d00000, 0x0000000086e00000|  0%| F|  |TAMS 0x0000000086d00000, 0x0000000086d00000| Untracked 
|  80|0x0000000086e00000, 0x0000000086e00000, 0x0000000086f00000|  0%| F|  |TAMS 0x0000000086e00000, 0x0000000086e00000| Untracked 
|  81|0x0000000086f00000, 0x0000000086f00000, 0x0000000087000000|  0%| F|  |TAMS 0x0000000086f00000, 0x0000000086f00000| Untracked 
|  82|0x0000000087000000, 0x0000000087000000, 0x0000000087100000|  0%| F|  |TAMS 0x0000000087000000, 0x0000000087000000| Untracked 
|  83|0x0000000087100000, 0x0000000087100000, 0x0000000087200000|  0%| F|  |TAMS 0x0000000087100000, 0x0000000087100000| Untracked 
|  84|0x0000000087200000, 0x0000000087200000, 0x0000000087300000|  0%| F|  |TAMS 0x0000000087200000, 0x0000000087200000| Untracked 
|  85|0x0000000087300000, 0x0000000087300000, 0x0000000087400000|  0%| F|  |TAMS 0x0000000087300000, 0x0000000087300000| Untracked 
|  86|0x0000000087400000, 0x0000000087400000, 0x0000000087500000|  0%| F|  |TAMS 0x0000000087400000, 0x0000000087400000| Untracked 
|  87|0x0000000087500000, 0x0000000087596060, 0x0000000087600000| 58%| E|  |TAMS 0x0000000087500000, 0x0000000087500000| Complete 
|  88|0x0000000087600000, 0x0000000087700000, 0x0000000087700000|100%| E|CS|TAMS 0x0000000087600000, 0x0000000087600000| Complete 
|  89|0x0000000087700000, 0x0000000087800000, 0x0000000087800000|100%| E|CS|TAMS 0x0000000087700000, 0x0000000087700000| Complete 
|  90|0x0000000087800000, 0x0000000087900000, 0x0000000087900000|100%| E|CS|TAMS 0x0000000087800000, 0x0000000087800000| Complete 
|  91|0x0000000087900000, 0x0000000087a00000, 0x0000000087a00000|100%| E|CS|TAMS 0x0000000087900000, 0x0000000087900000| Complete 
|  92|0x0000000087a00000, 0x0000000087b00000, 0x0000000087b00000|100%| E|CS|TAMS 0x0000000087a00000, 0x0000000087a00000| Complete 
|  93|0x0000000087b00000, 0x0000000087c00000, 0x0000000087c00000|100%| E|CS|TAMS 0x0000000087b00000, 0x0000000087b00000| Complete 
|  94|0x0000000087c00000, 0x0000000087d00000, 0x0000000087d00000|100%| E|CS|TAMS 0x0000000087c00000, 0x0000000087c00000| Complete 
|  95|0x0000000087d00000, 0x0000000087e00000, 0x0000000087e00000|100%| E|CS|TAMS 0x0000000087d00000, 0x0000000087d00000| Complete 
|  96|0x0000000087e00000, 0x0000000087f00000, 0x0000000087f00000|100%| E|CS|TAMS 0x0000000087e00000, 0x0000000087e00000| Complete 
|  97|0x0000000087f00000, 0x0000000088000000, 0x0000000088000000|100%| E|CS|TAMS 0x0000000087f00000, 0x0000000087f00000| Complete 
|  98|0x0000000088000000, 0x0000000088100000, 0x0000000088100000|100%| E|CS|TAMS 0x0000000088000000, 0x0000000088000000| Complete 
|  99|0x0000000088100000, 0x0000000088200000, 0x0000000088200000|100%| E|CS|TAMS 0x0000000088100000, 0x0000000088100000| Complete 
| 100|0x0000000088200000, 0x0000000088300000, 0x0000000088300000|100%| E|CS|TAMS 0x0000000088200000, 0x0000000088200000| Complete 
| 101|0x0000000088300000, 0x0000000088400000, 0x0000000088400000|100%| E|CS|TAMS 0x0000000088300000, 0x0000000088300000| Complete 
| 102|0x0000000088400000, 0x0000000088500000, 0x0000000088500000|100%| E|CS|TAMS 0x0000000088400000, 0x0000000088400000| Complete 
| 103|0x0000000088500000, 0x0000000088600000, 0x0000000088600000|100%| E|CS|TAMS 0x0000000088500000, 0x0000000088500000| Complete 
| 104|0x0000000088600000, 0x0000000088700000, 0x0000000088700000|100%| E|CS|TAMS 0x0000000088600000, 0x0000000088600000| Complete 
| 105|0x0000000088700000, 0x0000000088800000, 0x0000000088800000|100%| E|CS|TAMS 0x0000000088700000, 0x0000000088700000| Complete 
| 106|0x0000000088800000, 0x00000000888ce6e8, 0x0000000088900000| 80%| S|CS|TAMS 0x0000000088800000, 0x0000000088800000| Complete 
| 107|0x0000000088900000, 0x0000000088a00000, 0x0000000088a00000|100%| S|CS|TAMS 0x0000000088900000, 0x0000000088900000| Complete 
| 108|0x0000000088a00000, 0x0000000088b00000, 0x0000000088b00000|100%| S|CS|TAMS 0x0000000088a00000, 0x0000000088a00000| Complete 
| 109|0x0000000088b00000, 0x0000000088c00000, 0x0000000088c00000|100%| E|CS|TAMS 0x0000000088b00000, 0x0000000088b00000| Complete 
| 110|0x0000000088c00000, 0x0000000088d00000, 0x0000000088d00000|100%| E|CS|TAMS 0x0000000088c00000, 0x0000000088c00000| Complete 
| 111|0x0000000088d00000, 0x0000000088e00000, 0x0000000088e00000|100%| E|CS|TAMS 0x0000000088d00000, 0x0000000088d00000| Complete 
| 112|0x0000000088e00000, 0x0000000088f00000, 0x0000000088f00000|100%| E|CS|TAMS 0x0000000088e00000, 0x0000000088e00000| Complete 
| 113|0x0000000088f00000, 0x0000000089000000, 0x0000000089000000|100%| E|CS|TAMS 0x0000000088f00000, 0x0000000088f00000| Complete 
| 114|0x0000000089000000, 0x0000000089100000, 0x0000000089100000|100%| E|CS|TAMS 0x0000000089000000, 0x0000000089000000| Complete 
| 115|0x0000000089100000, 0x0000000089200000, 0x0000000089200000|100%| E|CS|TAMS 0x0000000089100000, 0x0000000089100000| Complete 
| 116|0x0000000089200000, 0x0000000089300000, 0x0000000089300000|100%| E|CS|TAMS 0x0000000089200000, 0x0000000089200000| Complete 
| 117|0x0000000089300000, 0x0000000089400000, 0x0000000089400000|100%| E|CS|TAMS 0x0000000089300000, 0x0000000089300000| Complete 
| 118|0x0000000089400000, 0x0000000089500000, 0x0000000089500000|100%| E|CS|TAMS 0x0000000089400000, 0x0000000089400000| Complete 
| 119|0x0000000089500000, 0x0000000089600000, 0x0000000089600000|100%| E|CS|TAMS 0x0000000089500000, 0x0000000089500000| Complete 
| 120|0x0000000089600000, 0x0000000089700000, 0x0000000089700000|100%| E|CS|TAMS 0x0000000089600000, 0x0000000089600000| Complete 
| 121|0x0000000089700000, 0x0000000089800000, 0x0000000089800000|100%| E|CS|TAMS 0x0000000089700000, 0x0000000089700000| Complete 
| 122|0x0000000089800000, 0x0000000089900000, 0x0000000089900000|100%| E|CS|TAMS 0x0000000089800000, 0x0000000089800000| Complete 
| 123|0x0000000089900000, 0x0000000089a00000, 0x0000000089a00000|100%| E|CS|TAMS 0x0000000089900000, 0x0000000089900000| Complete 
| 124|0x0000000089a00000, 0x0000000089b00000, 0x0000000089b00000|100%| E|CS|TAMS 0x0000000089a00000, 0x0000000089a00000| Complete 
| 125|0x0000000089b00000, 0x0000000089c00000, 0x0000000089c00000|100%| E|CS|TAMS 0x0000000089b00000, 0x0000000089b00000| Complete 
| 126|0x0000000089c00000, 0x0000000089d00000, 0x0000000089d00000|100%| E|CS|TAMS 0x0000000089c00000, 0x0000000089c00000| Complete 
| 127|0x0000000089d00000, 0x0000000089e00000, 0x0000000089e00000|100%| E|CS|TAMS 0x0000000089d00000, 0x0000000089d00000| Complete 

Card table byte_map: [0x00000204aefd0000,0x00000204af3d0000] _byte_map_base: 0x00000204aebc1000

Marking Bits (Prev, Next): (CMBitMap*) 0x00000204982f0970, (CMBitMap*) 0x00000204982f09b0
 Prev Bits: [0x00000204af7d0000, 0x00000204b1758000)
 Next Bits: [0x00000204b1760000, 0x00000204b36e8000)

Polling page: 0x0000020496290000

Metaspace:

Usage:
  Non-class:     14.80 MB used.
      Class:      2.55 MB used.
       Both:     17.35 MB used.

Virtual space:
  Non-class space:       64.00 MB reserved,      14.94 MB ( 23%) committed,  1 nodes.
      Class space:        1.00 GB reserved,       2.75 MB ( <1%) committed,  1 nodes.
             Both:        1.06 GB reserved,      17.69 MB (  2%) committed. 

Chunk freelists:
   Non-Class:  528.00 KB
       Class:  1.25 MB
        Both:  1.76 MB

MaxMetaspaceSize: unlimited
CompressedClassSpaceSize: 1.00 GB
Initial GC threshold: 21.00 MB
Current GC threshold: 21.00 MB
CDS: on
MetaspaceReclaimPolicy: balanced
 - commit_granule_bytes: 65536.
 - commit_granule_words: 8192.
 - virtual_space_node_default_size: 8388608.
 - enlarge_chunks_in_place: 1.
 - new_chunks_are_fully_committed: 0.
 - uncommit_free_chunks: 1.
 - use_allocation_guard: 0.


Internal statistics:

num_allocs_failed_limit: 0.
num_arena_births: 374.
num_arena_deaths: 0.
num_vsnodes_births: 2.
num_vsnodes_deaths: 0.
num_space_committed: 283.
num_space_uncommitted: 0.
num_chunks_returned_to_freelist: 0.
num_chunks_taken_from_freelist: 955.
num_chunk_merges: 0.
num_chunk_splits: 661.
num_chunks_enlarged: 498.
num_inconsistent_stats: 0.

CodeHeap 'non-profiled nmethods': size=120000Kb used=1158Kb max_used=1158Kb free=118841Kb
 bounds [0x00000204a76a0000, 0x00000204a7910000, 0x00000204aebd0000]
CodeHeap 'profiled nmethods': size=120000Kb used=5668Kb max_used=5668Kb free=114331Kb
 bounds [0x00000204a0170000, 0x00000204a0700000, 0x00000204a76a0000]
CodeHeap 'non-nmethods': size=5760Kb used=1443Kb max_used=1497Kb free=4316Kb
 bounds [0x000002049fbd0000, 0x000002049fe40000, 0x00000204a0170000]
 total_blobs=3827 nmethods=3028 adapters=710
 compilation: enabled
              stopped_count=0, restarted_count=0
 full_count=0

Compilation events (20 events):
Event: 5.906 Thread 0x00000204b5b7de10 3019       3       jdk.internal.reflect.ReflectionFactory::getExecutableSharedParameterTypes (11 bytes)
Event: 5.906 Thread 0x00000204b5b7de10 nmethod 3019 0x00000204a06e6590 code [0x00000204a06e6740, 0x00000204a06e69a8]
Event: 5.906 Thread 0x00000204b5b7de10 3026       3       com.sun.org.apache.xerces.internal.impl.XMLDocumentFragmentScannerImpl::getCharacterData (17 bytes)
Event: 5.906 Thread 0x00000204b5b7de10 nmethod 3026 0x00000204a06e6b10 code [0x00000204a06e6ca0, 0x00000204a06e6e18]
Event: 5.906 Thread 0x00000204b5b7de10 3023       1       javafx.scene.Node::getClipParent (5 bytes)
Event: 5.906 Thread 0x00000204b5b7de10 nmethod 3023 0x00000204a77c0590 code [0x00000204a77c0720, 0x00000204a77c07f8]
Event: 5.906 Thread 0x00000204b5b7de10 3027       3       java.lang.invoke.DelegatingMethodHandle::whichKind (44 bytes)
Event: 5.907 Thread 0x00000204b5b7de10 nmethod 3027 0x00000204a06e6e90 code [0x00000204a06e7040, 0x00000204a06e7218]
Event: 5.907 Thread 0x00000204b5b7de10 3028   !   3       com.sun.org.apache.xerces.internal.impl.XMLDocumentFragmentScannerImpl$FragmentContentDriver::next (2331 bytes)
Event: 5.909 Thread 0x00000204b5b6ac10 3031       4       java.lang.reflect.Modifier::isStatic (13 bytes)
Event: 5.909 Thread 0x00000204b5b6ac10 nmethod 3031 0x00000204a77c0890 code [0x00000204a77c0a00, 0x00000204a77c0a58]
Event: 5.917 Thread 0x00000204b5b7de10 nmethod 3028 0x00000204a06e7290 code [0x00000204a06e7cc0, 0x00000204a06ee498]
Event: 5.918 Thread 0x00000204b5b7de10 3030       3       com.sun.org.apache.xerces.internal.impl.XMLNSDocumentScannerImpl::scanAttribute (834 bytes)
Event: 5.922 Thread 0x00000204b5b7de10 nmethod 3030 0x00000204a06f2590 code [0x00000204a06f2b80, 0x00000204a06f7728]
Event: 5.922 Thread 0x00000204b5b7de10 3029       3       javafx.scene.Node::disabledPropertyImpl (24 bytes)
Event: 5.922 Thread 0x00000204b5b7de10 nmethod 3029 0x00000204a06f8b10 code [0x00000204a06f8ce0, 0x00000204a06f91e8]
Event: 86.387 Thread 0x00000204b5b6ac10 3032       4       com.sun.javafx.tk.quantum.QuantumToolkit::postPulse (133 bytes)
Event: 86.397 Thread 0x00000204b5b6ac10 nmethod 3032 0x00000204a77c0b90 code [0x00000204a77c0d40, 0x00000204a77c0fa8]
Event: 86.676 Thread 0x00000204b5b6ac10 3033       4       com.sun.javafx.tk.quantum.QuantumToolkit$$Lambda$91/0x0000000800c39270::run (8 bytes)
Event: 86.683 Thread 0x00000204b5b6ac10 nmethod 3033 0x00000204a77c1290 code [0x00000204a77c1460, 0x00000204a77c1730]

GC Heap History (4 events):
Event: 0.580 GC heap before
{Heap before GC invocations=0 (full 0):
 garbage-first heap   total 131072K, used 13312K [0x0000000081e00000, 0x0000000100000000)
  region size 1024K, 13 young (13312K), 0 survivors (0K)
 Metaspace       used 2753K, committed 2944K, reserved 1114112K
  class space    used 288K, committed 384K, reserved 1048576K
}
Event: 0.585 GC heap after
{Heap after GC invocations=1 (full 0):
 garbage-first heap   total 131072K, used 2319K [0x0000000081e00000, 0x0000000100000000)
  region size 1024K, 2 young (2048K), 2 survivors (2048K)
 Metaspace       used 2753K, committed 2944K, reserved 1114112K
  class space    used 288K, committed 384K, reserved 1048576K
}
Event: 1.050 GC heap before
{Heap before GC invocations=1 (full 0):
 garbage-first heap   total 131072K, used 19727K [0x0000000081e00000, 0x0000000100000000)
  region size 1024K, 19 young (19456K), 2 survivors (2048K)
 Metaspace       used 8095K, committed 8320K, reserved 1114112K
  class space    used 1042K, committed 1152K, reserved 1048576K
}
Event: 1.055 GC heap after
{Heap after GC invocations=2 (full 0):
 garbage-first heap   total 131072K, used 5174K [0x0000000081e00000, 0x0000000100000000)
  region size 1024K, 3 young (3072K), 3 survivors (3072K)
 Metaspace       used 8095K, committed 8320K, reserved 1114112K
  class space    used 1042K, committed 1152K, reserved 1048576K
}

Deoptimization events (20 events):
Event: 2.061 Thread 0x00000204ba778f70 Uncommon trap: trap_request=0xffffffde fr.pc=0x00000204a774d7c8 relative=0x0000000000000128
Event: 2.061 Thread 0x00000204ba778f70 Uncommon trap: reason=class_check action=maybe_recompile pc=0x00000204a774d7c8 method=jdk.internal.misc.Unsafe.allocateUninitializedArray(Ljava/lang/Class;I)Ljava/lang/Object; @ 51 c2
Event: 2.061 Thread 0x00000204ba778f70 DEOPT PACKING pc=0x00000204a774d7c8 sp=0x0000008b378fa390
Event: 2.061 Thread 0x00000204ba778f70 DEOPT UNPACKING pc=0x000002049fc223a3 sp=0x0000008b378fa318 mode 2
Event: 3.242 Thread 0x00000204ba778f70 DEOPT PACKING pc=0x00000204a053633a sp=0x0000008b378fdfe0
Event: 3.242 Thread 0x00000204ba778f70 DEOPT UNPACKING pc=0x000002049fc22b43 sp=0x0000008b378fd4e0 mode 0
Event: 3.243 Thread 0x00000204ba778f70 DEOPT PACKING pc=0x00000204a053633a sp=0x0000008b378fdfd0
Event: 3.243 Thread 0x00000204ba778f70 DEOPT UNPACKING pc=0x000002049fc22b43 sp=0x0000008b378fd4d0 mode 0
Event: 4.527 Thread 0x00000204babda4c0 Uncommon trap: trap_request=0xffffffde fr.pc=0x00000204a771d1d0 relative=0x00000000000009b0
Event: 4.527 Thread 0x00000204babda4c0 Uncommon trap: reason=class_check action=maybe_recompile pc=0x00000204a771d1d0 method=java.util.HashMap.putVal(ILjava/lang/Object;Ljava/lang/Object;ZZ)Ljava/lang/Object; @ 253 c2
Event: 4.527 Thread 0x00000204babda4c0 DEOPT PACKING pc=0x00000204a771d1d0 sp=0x0000008b37afc5d0
Event: 4.527 Thread 0x00000204babda4c0 DEOPT UNPACKING pc=0x000002049fc223a3 sp=0x0000008b37afc570 mode 2
Event: 4.527 Thread 0x00000204babda4c0 Uncommon trap: trap_request=0xffffffde fr.pc=0x00000204a771d1d0 relative=0x00000000000009b0
Event: 4.527 Thread 0x00000204babda4c0 Uncommon trap: reason=class_check action=maybe_recompile pc=0x00000204a771d1d0 method=java.util.HashMap.putVal(ILjava/lang/Object;Ljava/lang/Object;ZZ)Ljava/lang/Object; @ 253 c2
Event: 4.527 Thread 0x00000204babda4c0 DEOPT PACKING pc=0x00000204a771d1d0 sp=0x0000008b37afc590
Event: 4.527 Thread 0x00000204babda4c0 DEOPT UNPACKING pc=0x000002049fc223a3 sp=0x0000008b37afc530 mode 2
Event: 5.576 Thread 0x00000204ba778f70 Uncommon trap: trap_request=0xffffff45 fr.pc=0x00000204a778568c relative=0x000000000000008c
Event: 5.576 Thread 0x00000204ba778f70 Uncommon trap: reason=unstable_if action=reinterpret pc=0x00000204a778568c method=com.sun.javafx.geom.RectBounds.isEmpty()Z @ 21 c2
Event: 5.576 Thread 0x00000204ba778f70 DEOPT PACKING pc=0x00000204a778568c sp=0x0000008b378fd490
Event: 5.576 Thread 0x00000204ba778f70 DEOPT UNPACKING pc=0x000002049fc223a3 sp=0x0000008b378fd420 mode 2

Classes loaded (20 events):
Event: 4.409 Loading class jdk/internal/event/DeserializationEvent
Event: 4.409 Loading class jdk/internal/event/Event
Event: 4.409 Loading class jdk/internal/event/Event done
Event: 4.409 Loading class jdk/internal/event/DeserializationEvent done
Event: 4.410 Loading class java/io/ObjectInputStream$FieldValues
Event: 4.410 Loading class java/io/ObjectInputStream$GetField
Event: 4.410 Loading class java/io/ObjectInputStream$GetField done
Event: 4.410 Loading class java/io/ObjectInputStream$FieldValues done
Event: 4.505 Loading class java/util/BitSet
Event: 4.505 Loading class java/util/BitSet done
Event: 4.522 Loading class sun/reflect/generics/tree/BottomSignature
Event: 4.522 Loading class sun/reflect/generics/tree/BottomSignature done
Event: 4.522 Loading class sun/reflect/generics/tree/Wildcard
Event: 4.522 Loading class sun/reflect/generics/tree/Wildcard done
Event: 4.522 Loading class sun/reflect/generics/reflectiveObjects/WildcardTypeImpl
Event: 4.523 Loading class java/lang/reflect/WildcardType
Event: 4.523 Loading class java/lang/reflect/WildcardType done
Event: 4.523 Loading class sun/reflect/generics/reflectiveObjects/WildcardTypeImpl done
Event: 439.721 Loading class jdk/internal/misc/Signal$1
Event: 439.721 Loading class jdk/internal/misc/Signal$1 done

Classes unloaded (0 events):
No events

Classes redefined (0 events):
No events

Internal exceptions (20 events):
Event: 1.595 Thread 0x00000204babda4c0 Implicit null exception at 0x00000204a770430f to 0x00000204a7704389
Event: 1.757 Thread 0x00000204babda4c0 Exception <a 'java/lang/NoSuchMethodError'{0x00000000891b6c88}: 'java.lang.Object java.lang.invoke.DirectMethodHandle$Holder.invokeInterface(java.lang.Object, java.lang.Object, java.lang.Object)'> (0x00000000891b6c88) 
thrown [s\open\src\hotspot\share\interpreter\linkResolver.cpp, line 759]
Event: 1.758 Thread 0x00000204babda4c0 Exception <a 'java/lang/IncompatibleClassChangeError'{0x00000000891ba608}: Found class java.lang.Object, but interface was expected> (0x00000000891ba608) 
thrown [s\open\src\hotspot\share\interpreter\linkResolver.cpp, line 826]
Event: 1.816 Thread 0x00000204babda4c0 Exception <a 'java/lang/ClassNotFoundException'{0x0000000088f9b9c0}: com/sun/javafx/scene/control/skin/resources/controls> (0x0000000088f9b9c0) 
thrown [s\open\src\hotspot\share\prims\jni.cpp, line 535]
Event: 1.817 Thread 0x00000204babda4c0 Exception <a 'java/lang/ClassNotFoundException'{0x0000000088fa9960}: com/sun/javafx/scene/control/skin/resources/controls_ru> (0x0000000088fa9960) 
thrown [s\open\src\hotspot\share\prims\jni.cpp, line 535]
Event: 1.818 Thread 0x00000204babda4c0 Exception <a 'java/lang/ClassNotFoundException'{0x0000000088fab0c8}: com/sun/javafx/scene/control/skin/resources/controls_ru_RU> (0x0000000088fab0c8) 
thrown [s\open\src\hotspot\share\prims\jni.cpp, line 535]
Event: 1.898 Thread 0x00000204babda4c0 Exception <a 'java/lang/NoSuchMethodError'{0x0000000088db75b8}: 'void java.lang.invoke.DirectMethodHandle$Holder.invokeSpecial(java.lang.Object, java.lang.Object, java.lang.Object, java.lang.Object, java.lang.Object, java.lang.Object)'> (0x0000000088db75b8) 
thrown [s\open\src\hotspot\share\interpreter\linkResolver.cpp, line 759]
Event: 1.998 Thread 0x00000204babda4c0 Exception <a 'java/lang/NoSuchMethodError'{0x0000000088629058}: 'int java.lang.invoke.DirectMethodHandle$Holder.invokeSpecial(java.lang.Object, java.lang.Object, int)'> (0x0000000088629058) 
thrown [s\open\src\hotspot\share\interpreter\linkResolver.cpp, line 759]
Event: 2.014 Thread 0x00000204babda4c0 Exception <a 'java/lang/NoSuchMethodError'{0x000000008865b628}: 'java.lang.Object java.lang.invoke.DirectMethodHandle$Holder.newInvokeSpecial(java.lang.Object, java.lang.Object, int)'> (0x000000008865b628) 
thrown [s\open\src\hotspot\share\interpreter\linkResolver.cpp, line 759]
Event: 2.049 Thread 0x00000204ba778f70 Exception <a 'java/lang/NoSuchMethodError'{0x00000000885679b8}: 'int java.lang.invoke.DirectMethodHandle$Holder.invokeStaticInit(java.lang.Object, java.lang.Object)'> (0x00000000885679b8) 
thrown [s\open\src\hotspot\share\interpreter\linkResolver.cpp, line 759]
Event: 2.056 Thread 0x00000204babda4c0 Exception <a 'java/lang/NoSuchMethodError'{0x0000000088540d80}: 'long java.lang.invoke.DirectMethodHandle$Holder.invokeStatic(java.lang.Object, java.lang.Object, java.lang.Object)'> (0x0000000088540d80) 
thrown [s\open\src\hotspot\share\interpreter\linkResolver.cpp, line 759]
Event: 2.056 Thread 0x00000204babda4c0 Exception <a 'java/lang/NoSuchMethodError'{0x0000000088544520}: 'long java.lang.invoke.DirectMethodHandle$Holder.invokeStaticInit(java.lang.Object, java.lang.Object, java.lang.Object)'> (0x0000000088544520) 
thrown [s\open\src\hotspot\share\interpreter\linkResolver.cpp, line 759]
Event: 2.059 Thread 0x00000204babda4c0 Exception <a 'java/lang/NoSuchMethodError'{0x00000000885b8490}: 'java.lang.Object java.lang.invoke.DirectMethodHandle$Holder.newInvokeSpecial(java.lang.Object, java.lang.Object, long)'> (0x00000000885b8490) 
thrown [s\open\src\hotspot\share\interpreter\linkResolver.cpp, line 759]
Event: 2.060 Thread 0x00000204babda4c0 Exception <a 'java/lang/NoSuchMethodError'{0x00000000885bc008}: 'java.lang.Object java.lang.invoke.Invokers$Holder.linkToTargetMethod(java.lang.Object, long, java.lang.Object)'> (0x00000000885bc008) 
thrown [s\open\src\hotspot\share\interpreter\linkResolver.cpp, line 759]
Event: 2.221 Thread 0x00000204ba778f70 Exception <a 'java/lang/NoSuchMethodError'{0x0000000088174498}: 'java.lang.Object java.lang.invoke.DirectMethodHandle$Holder.invokeStaticInit(java.lang.Object, int)'> (0x0000000088174498) 
thrown [s\open\src\hotspot\share\interpreter\linkResolver.cpp, line 759]
Event: 3.020 Thread 0x00000204babda4c0 Exception <a 'java/lang/NoSuchMethodError'{0x00000000880f6a80}: 'java.lang.Object java.lang.invoke.DirectMethodHandle$Holder.newInvokeSpecial(java.lang.Object, java.lang.Object, int, int, int, int, int, java.lang.Object)'> (0x00000000880f6a80) 
thrown [s\open\src\hotspot\share\interpreter\linkResolver.cpp, line 759]
Event: 3.022 Thread 0x00000204babda4c0 Exception <a 'java/lang/NoSuchMethodError'{0x0000000087f0a060}: 'java.lang.Object java.lang.invoke.DirectMethodHandle$Holder.newInvokeSpecial(java.lang.Object, java.lang.Object, java.lang.Object, int, int, int, int, int)'> (0x0000000087f0a060) 
thrown [s\open\src\hotspot\share\interpreter\linkResolver.cpp, line 759]
Event: 3.022 Thread 0x00000204babda4c0 Exception <a 'java/lang/NoSuchMethodError'{0x0000000087f118c8}: 'java.lang.Object java.lang.invoke.Invokers$Holder.linkToTargetMethod(java.lang.Object, java.lang.Object, int, int, int, int, int, java.lang.Object)'> (0x0000000087f118c8) 
thrown [s\open\src\hotspot\share\interpreter\linkResolver.cpp, line 759]
Event: 3.700 Thread 0x00000204babda4c0 Exception <a 'java/lang/NoSuchMethodError'{0x0000000087f4a940}: 'long java.lang.invoke.DirectMethodHandle$Holder.invokeSpecial(java.lang.Object, java.lang.Object)'> (0x0000000087f4a940) 
thrown [s\open\src\hotspot\share\interpreter\linkResolver.cpp, line 759]
Event: 3.700 Thread 0x00000204babda4c0 Exception <a 'java/lang/NoSuchMethodError'{0x0000000087f946e8}: 'long java.lang.invoke.Invokers$Holder.invokeExact_MT(java.lang.Object, java.lang.Object)'> (0x0000000087f946e8) 
thrown [s\open\src\hotspot\share\interpreter\linkResolver.cpp, line 759]

VM Operations (20 events):
Event: 0.956 Executing VM operation: HandshakeAllThreads done
Event: 1.050 Executing VM operation: G1CollectForAllocation
Event: 1.055 Executing VM operation: G1CollectForAllocation done
Event: 1.476 Executing VM operation: HandshakeAllThreads
Event: 1.476 Executing VM operation: HandshakeAllThreads done
Event: 1.521 Executing VM operation: HandshakeAllThreads
Event: 1.521 Executing VM operation: HandshakeAllThreads done
Event: 1.524 Executing VM operation: HandshakeAllThreads
Event: 1.524 Executing VM operation: HandshakeAllThreads done
Event: 1.988 Executing VM operation: ICBufferFull
Event: 1.988 Executing VM operation: ICBufferFull done
Event: 2.988 Executing VM operation: Cleanup
Event: 2.988 Executing VM operation: Cleanup done
Event: 3.989 Executing VM operation: Cleanup
Event: 3.989 Executing VM operation: Cleanup done
Event: 4.717 Executing VM operation: ICBufferFull
Event: 4.717 Executing VM operation: ICBufferFull done
Event: 6.717 Executing VM operation: Cleanup
Event: 6.717 Executing VM operation: Cleanup done
Event: 439.724 Executing VM operation: Exit

Events (20 events):
Event: 0.522 Thread 0x00000204ba778f70 Thread added: 0x00000204ba778f70
Event: 0.529 Loaded shared library C:\Program Files\Java\openjfx-19_windows-x64_bin-sdk\javafx-sdk-19\bin\prism_d3d.dll
Event: 0.571 Loaded shared library C:\Program Files\Java\openjfx-19_windows-x64_bin-sdk\javafx-sdk-19\bin\glass.dll
Event: 0.573 Thread 0x00000204ba5d8a80 Thread added: 0x00000204ba5d8a80
Event: 0.579 Thread 0x00000204babda4c0 Thread added: 0x00000204babda4c0
Event: 0.676 Thread 0x00000204ba8f9bc0 Thread added: 0x00000204ba8f9bc0
Event: 0.679 Loaded shared library C:\Program Files\Java\jdk-18.0.2.1\bin\jimage.dll
Event: 0.697 Thread 0x00000204ba8ca620 Thread added: 0x00000204ba8ca620
Event: 0.950 Loaded shared library C:\Program Files\Java\openjfx-19_windows-x64_bin-sdk\javafx-sdk-19\bin\javafx_font.dll
Event: 1.747 Thread 0x00000204bf67f0a0 Thread added: 0x00000204bf67f0a0
Event: 2.133 Thread 0x00000204bf67b6e0 Thread added: 0x00000204bf67b6e0
Event: 2.321 Thread 0x00000204ba0b66d0 Thread exited: 0x00000204ba0b66d0
Event: 4.560 Thread 0x00000204baa7ece0 Thread added: 0x00000204baa7ece0
Event: 5.012 Thread 0x00000204baa7ece0 Thread exited: 0x00000204baa7ece0
Event: 439.722 Thread 0x00000204bf5ed660 Thread added: 0x00000204bf5ed660
Event: 439.722 Thread 0x00000204bf5edb30 Thread added: 0x00000204bf5edb30
Event: 439.722 Thread 0x00000204bf5e7620 Thread added: 0x00000204bf5e7620
Event: 439.723 Thread 0x00000204bf5edb30 Thread exited: 0x00000204bf5edb30
Event: 439.724 Thread 0x00000204bf5e7620 Thread exited: 0x00000204bf5e7620
Event: 439.724 Thread 0x00000204b5b68620 Thread exited: 0x00000204b5b68620


Dynamic libraries:
0x00007ff6c6720000 - 0x00007ff6c6730000 	C:\Program Files\Java\jdk-18.0.2.1\bin\java.exe
0x00007fff467f0000 - 0x00007fff469e8000 	C:\Windows\SYSTEM32\ntdll.dll
0x00007fff448b0000 - 0x00007fff4496d000 	C:\Windows\System32\KERNEL32.DLL
0x00007fff43fc0000 - 0x00007fff4428e000 	C:\Windows\System32\KERNELBASE.dll
0x00007fff445f0000 - 0x00007fff446f0000 	C:\Windows\System32\ucrtbase.dll
0x00007fff2d900000 - 0x00007fff2d91a000 	C:\Program Files\Java\jdk-18.0.2.1\bin\VCRUNTIME140.dll
0x00007fff2d920000 - 0x00007fff2d938000 	C:\Program Files\Java\jdk-18.0.2.1\bin\jli.dll
0x00007fff44970000 - 0x00007fff44a1e000 	C:\Windows\System32\ADVAPI32.dll
0x00007fff45320000 - 0x00007fff453be000 	C:\Windows\System32\msvcrt.dll
0x00007fff454d0000 - 0x00007fff4556c000 	C:\Windows\System32\sechost.dll
0x00007fff45040000 - 0x00007fff45165000 	C:\Windows\System32\RPCRT4.dll
0x00007fff2f2e0000 - 0x00007fff2f57a000 	C:\Windows\WinSxS\amd64_microsoft.windows.common-controls_6595b64144ccf1df_6.0.19041.1110_none_60b5254171f9507e\COMCTL32.dll
0x00007fff45cc0000 - 0x00007fff45cea000 	C:\Windows\System32\GDI32.dll
0x00007fff445c0000 - 0x00007fff445e2000 	C:\Windows\System32\win32u.dll
0x00007fff45930000 - 0x00007fff45ad0000 	C:\Windows\System32\USER32.dll
0x00007fff44290000 - 0x00007fff4439b000 	C:\Windows\System32\gdi32full.dll
0x00007fff443f0000 - 0x00007fff4448d000 	C:\Windows\System32\msvcp_win.dll
0x00007fff3dc50000 - 0x00007fff3dc5a000 	C:\Windows\SYSTEM32\VERSION.dll
0x00007fff454a0000 - 0x00007fff454d0000 	C:\Windows\System32\IMM32.DLL
0x00007fff3c1a0000 - 0x00007fff3c1ac000 	C:\Program Files\Java\jdk-18.0.2.1\bin\vcruntime140_1.dll
0x00007fff1e830000 - 0x00007fff1e8bd000 	C:\Program Files\Java\jdk-18.0.2.1\bin\msvcp140.dll
0x00007fff1dc10000 - 0x00007fff1e821000 	C:\Program Files\Java\jdk-18.0.2.1\bin\server\jvm.dll
0x00007fff45cf0000 - 0x00007fff45cf8000 	C:\Windows\System32\PSAPI.DLL
0x00007fff2f2a0000 - 0x00007fff2f2c7000 	C:\Windows\SYSTEM32\WINMM.dll
0x00007fff38cd0000 - 0x00007fff38cd9000 	C:\Windows\SYSTEM32\WSOCK32.dll
0x00007fff45860000 - 0x00007fff458cb000 	C:\Windows\System32\WS2_32.dll
0x00007fff427f0000 - 0x00007fff42802000 	C:\Windows\SYSTEM32\kernel.appcore.dll
0x00007fff38bb0000 - 0x00007fff38bba000 	C:\Program Files\Java\jdk-18.0.2.1\bin\jimage.dll
0x00007fff41de0000 - 0x00007fff41fc4000 	C:\Windows\SYSTEM32\DBGHELP.DLL
0x00007fff2ac50000 - 0x00007fff2ac7c000 	C:\Windows\SYSTEM32\dbgcore.DLL
0x00007fff44490000 - 0x00007fff44512000 	C:\Windows\System32\bcryptPrimitives.dll
0x00007fff2d8f0000 - 0x00007fff2d8fe000 	C:\Program Files\Java\jdk-18.0.2.1\bin\instrument.dll
0x00007fff1dbe0000 - 0x00007fff1dc05000 	C:\Program Files\Java\jdk-18.0.2.1\bin\java.dll
0x00007fff1db00000 - 0x00007fff1dbd6000 	C:\Program Files\Java\jdk-18.0.2.1\bin\jsvml.dll
0x00007fff46060000 - 0x00007fff467a4000 	C:\Windows\System32\SHELL32.dll
0x00007fff41ff0000 - 0x00007fff42784000 	C:\Windows\SYSTEM32\windows.storage.dll
0x00007fff45d00000 - 0x00007fff46054000 	C:\Windows\System32\combase.dll
0x00007fff43970000 - 0x00007fff439a0000 	C:\Windows\SYSTEM32\Wldp.dll
0x00007fff45b60000 - 0x00007fff45c0d000 	C:\Windows\System32\SHCORE.dll
0x00007fff458d0000 - 0x00007fff45925000 	C:\Windows\System32\shlwapi.dll
0x00007fff43e50000 - 0x00007fff43e6f000 	C:\Windows\SYSTEM32\profapi.dll
0x00007fff2d8a0000 - 0x00007fff2d8b3000 	C:\Program Files\Java\jdk-18.0.2.1\bin\net.dll
0x00007fff31680000 - 0x00007fff3178a000 	C:\Windows\SYSTEM32\WINHTTP.dll
0x00007fff436d0000 - 0x00007fff4373a000 	C:\Windows\system32\mswsock.dll
0x00007fff2d770000 - 0x00007fff2d786000 	C:\Program Files\Java\jdk-18.0.2.1\bin\nio.dll
0x00007fff2d8d0000 - 0x00007fff2d8e8000 	C:\Program Files\Java\jdk-18.0.2.1\bin\zip.dll
0x00007fff2a590000 - 0x00007fff2a5aa000 	C:\Program Files\JetBrains\IntelliJ IDEA Community Edition 2022.2.1\bin\breakgen64.dll
0x0000020498220000 - 0x0000020498223000 	C:\Program Files\Java\openjfx-19_windows-x64_bin-sdk\javafx-sdk-19\bin\api-ms-win-core-console-l1-1-0.dll
0x0000020498230000 - 0x0000020498233000 	C:\Program Files\Java\openjfx-19_windows-x64_bin-sdk\javafx-sdk-19\bin\api-ms-win-core-console-l1-2-0.dll
0x0000020498240000 - 0x0000020498243000 	C:\Program Files\Java\openjfx-19_windows-x64_bin-sdk\javafx-sdk-19\bin\api-ms-win-core-datetime-l1-1-0.dll
0x0000020498250000 - 0x0000020498253000 	C:\Program Files\Java\openjfx-19_windows-x64_bin-sdk\javafx-sdk-19\bin\api-ms-win-core-debug-l1-1-0.dll
0x00000204b5d30000 - 0x00000204b5d33000 	C:\Program Files\Java\openjfx-19_windows-x64_bin-sdk\javafx-sdk-19\bin\api-ms-win-core-errorhandling-l1-1-0.dll
0x00000204b5d40000 - 0x00000204b5d44000 	C:\Program Files\Java\openjfx-19_windows-x64_bin-sdk\javafx-sdk-19\bin\api-ms-win-core-file-l1-1-0.dll
0x00000204b5d50000 - 0x00000204b5d53000 	C:\Program Files\Java\openjfx-19_windows-x64_bin-sdk\javafx-sdk-19\bin\api-ms-win-core-file-l1-2-0.dll
0x00000204b5d60000 - 0x00000204b5d63000 	C:\Program Files\Java\openjfx-19_windows-x64_bin-sdk\javafx-sdk-19\bin\api-ms-win-core-file-l2-1-0.dll
0x00000204b5d70000 - 0x00000204b5d73000 	C:\Program Files\Java\openjfx-19_windows-x64_bin-sdk\javafx-sdk-19\bin\api-ms-win-core-handle-l1-1-0.dll
0x00000204b5d80000 - 0x00000204b5d83000 	C:\Program Files\Java\openjfx-19_windows-x64_bin-sdk\javafx-sdk-19\bin\api-ms-win-core-heap-l1-1-0.dll
0x00000204b5d90000 - 0x00000204b5d93000 	C:\Program Files\Java\openjfx-19_windows-x64_bin-sdk\javafx-sdk-19\bin\api-ms-win-core-interlocked-l1-1-0.dll
0x00000204b5da0000 - 0x00000204b5da3000 	C:\Program Files\Java\openjfx-19_windows-x64_bin-sdk\javafx-sdk-19\bin\api-ms-win-core-libraryloader-l1-1-0.dll
0x00000204b5db0000 - 0x00000204b5db3000 	C:\Program Files\Java\openjfx-19_windows-x64_bin-sdk\javafx-sdk-19\bin\api-ms-win-core-localization-l1-2-0.dll
0x00000204b5dc0000 - 0x00000204b5dc3000 	C:\Program Files\Java\openjfx-19_windows-x64_bin-sdk\javafx-sdk-19\bin\api-ms-win-core-memory-l1-1-0.dll
0x00000204b5dd0000 - 0x00000204b5dd3000 	C:\Program Files\Java\openjfx-19_windows-x64_bin-sdk\javafx-sdk-19\bin\api-ms-win-core-namedpipe-l1-1-0.dll
0x00000204b5de0000 - 0x00000204b5de3000 	C:\Program Files\Java\openjfx-19_windows-x64_bin-sdk\javafx-sdk-19\bin\api-ms-win-core-processenvironment-l1-1-0.dll
0x00000204b5df0000 - 0x00000204b5df3000 	C:\Program Files\Java\openjfx-19_windows-x64_bin-sdk\javafx-sdk-19\bin\api-ms-win-core-processthreads-l1-1-0.dll
0x00000204b5e00000 - 0x00000204b5e03000 	C:\Program Files\Java\openjfx-19_windows-x64_bin-sdk\javafx-sdk-19\bin\api-ms-win-core-processthreads-l1-1-1.dll
0x00000204b5e10000 - 0x00000204b5e13000 	C:\Program Files\Java\openjfx-19_windows-x64_bin-sdk\javafx-sdk-19\bin\api-ms-win-core-profile-l1-1-0.dll
0x00000204b5e20000 - 0x00000204b5e23000 	C:\Program Files\Java\openjfx-19_windows-x64_bin-sdk\javafx-sdk-19\bin\api-ms-win-core-rtlsupport-l1-1-0.dll
0x00000204b5e30000 - 0x00000204b5e33000 	C:\Program Files\Java\openjfx-19_windows-x64_bin-sdk\javafx-sdk-19\bin\api-ms-win-core-string-l1-1-0.dll
0x00000204b5e40000 - 0x00000204b5e43000 	C:\Program Files\Java\openjfx-19_windows-x64_bin-sdk\javafx-sdk-19\bin\api-ms-win-core-synch-l1-1-0.dll
0x00000204b5e50000 - 0x00000204b5e53000 	C:\Program Files\Java\openjfx-19_windows-x64_bin-sdk\javafx-sdk-19\bin\api-ms-win-core-synch-l1-2-0.dll
0x00000204b5e60000 - 0x00000204b5e63000 	C:\Program Files\Java\openjfx-19_windows-x64_bin-sdk\javafx-sdk-19\bin\api-ms-win-core-sysinfo-l1-1-0.dll
0x00000204b5e70000 - 0x00000204b5e73000 	C:\Program Files\Java\openjfx-19_windows-x64_bin-sdk\javafx-sdk-19\bin\api-ms-win-core-timezone-l1-1-0.dll
0x00000204b5e80000 - 0x00000204b5e83000 	C:\Program Files\Java\openjfx-19_windows-x64_bin-sdk\javafx-sdk-19\bin\api-ms-win-core-util-l1-1-0.dll
0x00000204b5e90000 - 0x00000204b5e93000 	C:\Program Files\Java\openjfx-19_windows-x64_bin-sdk\javafx-sdk-19\bin\api-ms-win-crt-conio-l1-1-0.dll
0x00000204b5ea0000 - 0x00000204b5ea4000 	C:\Program Files\Java\openjfx-19_windows-x64_bin-sdk\javafx-sdk-19\bin\api-ms-win-crt-convert-l1-1-0.dll
0x00000204b5eb0000 - 0x00000204b5eb3000 	C:\Program Files\Java\openjfx-19_windows-x64_bin-sdk\javafx-sdk-19\bin\api-ms-win-crt-environment-l1-1-0.dll
0x00000204b5ec0000 - 0x00000204b5ec3000 	C:\Program Files\Java\openjfx-19_windows-x64_bin-sdk\javafx-sdk-19\bin\api-ms-win-crt-filesystem-l1-1-0.dll
0x00000204b5ed0000 - 0x00000204b5ed3000 	C:\Program Files\Java\openjfx-19_windows-x64_bin-sdk\javafx-sdk-19\bin\api-ms-win-crt-heap-l1-1-0.dll
0x00000204b5ee0000 - 0x00000204b5ee3000 	C:\Program Files\Java\openjfx-19_windows-x64_bin-sdk\javafx-sdk-19\bin\api-ms-win-crt-locale-l1-1-0.dll
0x00000204b5ef0000 - 0x00000204b5ef5000 	C:\Program Files\Java\openjfx-19_windows-x64_bin-sdk\javafx-sdk-19\bin\api-ms-win-crt-math-l1-1-0.dll
0x00000204b5f00000 - 0x00000204b5f05000 	C:\Program Files\Java\openjfx-19_windows-x64_bin-sdk\javafx-sdk-19\bin\api-ms-win-crt-multibyte-l1-1-0.dll
0x00000204b5f10000 - 0x00000204b5f20000 	C:\Program Files\Java\openjfx-19_windows-x64_bin-sdk\javafx-sdk-19\bin\api-ms-win-crt-private-l1-1-0.dll
0x00000204b5f20000 - 0x00000204b5f23000 	C:\Program Files\Java\openjfx-19_windows-x64_bin-sdk\javafx-sdk-19\bin\api-ms-win-crt-process-l1-1-0.dll
0x00000204b5f30000 - 0x00000204b5f34000 	C:\Program Files\Java\openjfx-19_windows-x64_bin-sdk\javafx-sdk-19\bin\api-ms-win-crt-runtime-l1-1-0.dll
0x00000204b5f40000 - 0x00000204b5f44000 	C:\Program Files\Java\openjfx-19_windows-x64_bin-sdk\javafx-sdk-19\bin\api-ms-win-crt-stdio-l1-1-0.dll
0x00000204b5f50000 - 0x00000204b5f54000 	C:\Program Files\Java\openjfx-19_windows-x64_bin-sdk\javafx-sdk-19\bin\api-ms-win-crt-string-l1-1-0.dll
0x00000204b5f60000 - 0x00000204b5f63000 	C:\Program Files\Java\openjfx-19_windows-x64_bin-sdk\javafx-sdk-19\bin\api-ms-win-crt-time-l1-1-0.dll
0x00000204b5f70000 - 0x00000204b5f73000 	C:\Program Files\Java\openjfx-19_windows-x64_bin-sdk\javafx-sdk-19\bin\api-ms-win-crt-utility-l1-1-0.dll
0x00007fff1da00000 - 0x00007fff1dafc000 	C:\Program Files\Java\openjfx-19_windows-x64_bin-sdk\javafx-sdk-19\bin\ucrtbase.dll
0x00007fff20170000 - 0x00007fff2018b000 	C:\Program Files\Java\openjfx-19_windows-x64_bin-sdk\javafx-sdk-19\bin\vcruntime140.dll
0x00007fff2d2f0000 - 0x00007fff2d2fc000 	C:\Program Files\Java\openjfx-19_windows-x64_bin-sdk\javafx-sdk-19\bin\vcruntime140_1.dll
0x00007fff1d970000 - 0x00007fff1d9fe000 	C:\Program Files\Java\openjfx-19_windows-x64_bin-sdk\javafx-sdk-19\bin\msvcp140.dll
0x00007fff2d150000 - 0x00007fff2d159000 	C:\Program Files\Java\openjfx-19_windows-x64_bin-sdk\javafx-sdk-19\bin\msvcp140_1.dll
0x00007fff1d940000 - 0x00007fff1d970000 	C:\Program Files\Java\openjfx-19_windows-x64_bin-sdk\javafx-sdk-19\bin\msvcp140_2.dll
0x00007fff1d910000 - 0x00007fff1d93c000 	C:\Program Files\Java\openjfx-19_windows-x64_bin-sdk\javafx-sdk-19\bin\prism_d3d.dll
0x00007fff32320000 - 0x00007fff324ef000 	C:\Windows\system32\d3d9.dll
0x00007fff417e0000 - 0x00007fff4180f000 	C:\Windows\SYSTEM32\dwmapi.dll
0x00007fff413d0000 - 0x00007fff4146e000 	C:\Windows\system32\uxtheme.dll
0x00007fff1d7a0000 - 0x00007fff1d905000 	C:\Windows\System32\DriverStore\FileRepository\72_lenovo_kabylake_hws_iigd_dch.inf_amd64_d630775471e98fa9\igdumdim64.dll
0x00007fff45650000 - 0x00007fff4577a000 	C:\Windows\System32\ole32.dll
0x00007ffedeff0000 - 0x00007ffee39f9000 	C:\Windows\System32\DriverStore\FileRepository\72_lenovo_kabylake_hws_iigd_dch.inf_amd64_d630775471e98fa9\igd9dxva64.dll
0x00007fff45780000 - 0x00007fff4584d000 	C:\Windows\System32\OLEAUT32.dll
0x00007fff44ab0000 - 0x00007fff44f1f000 	C:\Windows\System32\SETUPAPI.dll
0x00007fff443a0000 - 0x00007fff443ee000 	C:\Windows\System32\cfgmgr32.dll
0x00007fff44520000 - 0x00007fff44547000 	C:\Windows\System32\bcrypt.dll
0x00007fff36db0000 - 0x00007fff370e1000 	C:\Windows\System32\DriverStore\FileRepository\72_lenovo_kabylake_hws_iigd_dch.inf_amd64_d630775471e98fa9\igdgmm64.dll
0x00007fff1c6c0000 - 0x00007fff1c702000 	C:\Program Files\Java\openjfx-19_windows-x64_bin-sdk\javafx-sdk-19\bin\glass.dll
0x00007fff453c0000 - 0x00007fff4549a000 	C:\Windows\System32\COMDLG32.dll
0x00007fff44f20000 - 0x00007fff45035000 	C:\Windows\System32\MSCTF.dll
0x00007fff2cc60000 - 0x00007fff2cc87000 	C:\Windows\System32\DriverStore\FileRepository\72_lenovo_kabylake_hws_iigd_dch.inf_amd64_d630775471e98fa9\igdinfo64.dll
0x00007fff438d0000 - 0x00007fff438e8000 	C:\Windows\SYSTEM32\CRYPTSP.dll
0x00007fff42fe0000 - 0x00007fff43014000 	C:\Windows\system32\rsaenh.dll
0x00007fff438c0000 - 0x00007fff438cc000 	C:\Windows\SYSTEM32\CRYPTBASE.dll
0x00007fff33e10000 - 0x00007fff36b4c000 	C:\Windows\System32\DriverStore\FileRepository\72_lenovo_kabylake_hws_iigd_dch.inf_amd64_d630775471e98fa9\igc64.dll
0x00007fff39180000 - 0x00007fff391bb000 	C:\Windows\SYSTEM32\dxcore.dll
0x00007fff1cc90000 - 0x00007fff1cca4000 	C:\Program Files\Java\openjfx-19_windows-x64_bin-sdk\javafx-sdk-19\bin\javafx_font.dll
0x00007fff31400000 - 0x00007fff3167f000 	C:\Windows\SYSTEM32\dwrite.dll
0x00007fff45c10000 - 0x00007fff45cb9000 	C:\Windows\System32\clbcatq.dll
0x00007fff3bc70000 - 0x00007fff3be24000 	C:\Windows\SYSTEM32\WindowsCodecs.dll
0x00007fff14900000 - 0x00007fff1493e000 	C:\Windows\system32\dataexchange.dll
0x00007fff3f550000 - 0x00007fff3f7b3000 	C:\Windows\system32\d3d11.dll
0x00007fff403f0000 - 0x00007fff405d4000 	C:\Windows\system32\dcomp.dll
0x00007fff42810000 - 0x00007fff42903000 	C:\Windows\system32\dxgi.dll
0x00007fff3c3e0000 - 0x00007fff3c5e0000 	C:\Windows\system32\twinapi.appcore.dll
0x00007fff1c680000 - 0x00007fff1c6b4000 	C:\Program Files\Common Files\Microsoft Shared\Ink\rtscom.dll
0x00007fff37250000 - 0x00007fff37349000 	C:\Windows\SYSTEM32\textinputframework.dll
0x00007fff40980000 - 0x00007fff40cde000 	C:\Windows\System32\CoreUIComponents.dll
0x00007fff40e20000 - 0x00007fff40f12000 	C:\Windows\System32\CoreMessaging.dll

dbghelp: loaded successfully - version: 4.0.5 - missing functions: none
symbol engine: initialized successfully - sym options: 0x614 - pdb path: .;C:\Program Files\Java\jdk-18.0.2.1\bin;C:\Windows\SYSTEM32;C:\Windows\WinSxS\amd64_microsoft.windows.common-controls_6595b64144ccf1df_6.0.19041.1110_none_60b5254171f9507e;C:\Program Files\Java\jdk-18.0.2.1\bin\server;C:\Program Files\JetBrains\IntelliJ IDEA Community Edition 2022.2.1\bin;C:\Program Files\Java\openjfx-19_windows-x64_bin-sdk\javafx-sdk-19\bin;C:\Windows\System32\DriverStore\FileRepository\72_lenovo_kabylake_hws_iigd_dch.inf_amd64_d630775471e98fa9;C:\Program Files\Common Files\Microsoft Shared\Ink

VM Arguments:
jvm_args: --module-path=C:/Program Files/Java/openjfx-19_windows-x64_bin-sdk/javafx-sdk-19/lib --add-modules=javafx.controls,javafx.fxml -javaagent:C:\Program Files\JetBrains\IntelliJ IDEA Community Edition 2022.2.1\lib\idea_rt.jar=52361:C:\Program Files\JetBrains\IntelliJ IDEA Community Edition 2022.2.1\bin -Dfile.encoding=UTF-8 -Dsun.stdout.encoding=UTF-8 -Dsun.stderr.encoding=UTF-8 
java_command: Client
java_class_path (initial): E:\prog 5\\kurs\out\production\Client;C:\Program Files\Java\openjfx-19_windows-x64_bin-sdk\javafx-sdk-19\lib\javafx-swt.jar;C:\Program Files\Java\openjfx-19_windows-x64_bin-sdk\javafx-sdk-19\lib\javafx.web.jar;C:\Program Files\Java\openjfx-19_windows-x64_bin-sdk\javafx-sdk-19\lib\javafx.base.jar;C:\Program Files\Java\openjfx-19_windows-x64_bin-sdk\javafx-sdk-19\lib\javafx.fxml.jar;C:\Program Files\Java\openjfx-19_windows-x64_bin-sdk\javafx-sdk-19\lib\javafx.media.jar;C:\Program Files\Java\openjfx-19_windows-x64_bin-sdk\javafx-sdk-19\lib\javafx.swing.jar;C:\Program Files\Java\openjfx-19_windows-x64_bin-sdk\javafx-sdk-19\lib\javafx.controls.jar;C:\Program Files\Java\openjfx-19_windows-x64_bin-sdk\javafx-sdk-19\lib\javafx.graphics.jar;C:\Users\\Downloads\mysql-connector-java-8.0.26.jar;E:\prog 5\\kurs\out\production\kurs;C:\Program Files\Java\jdk-18.0.2.1\lib\jrt-fs.jar
Launcher Type: SUN_STANDARD

[Global flags]
     intx CICompilerCount                          = 3                                         {product} {ergonomic}
     uint ConcGCThreads                            = 1                                         {product} {ergonomic}
     uint G1ConcRefinementThreads                  = 4                                         {product} {ergonomic}
   size_t G1HeapRegionSize                         = 1048576                                   {product} {ergonomic}
    uintx GCDrainStackTargetSize                   = 64                                        {product} {ergonomic}
   size_t InitialHeapSize                          = 134217728                                 {product} {ergonomic}
   size_t MarkStackSize                            = 4194304                                   {product} {ergonomic}
   size_t MaxHeapSize                              = 2116026368                                {product} {ergonomic}
   size_t MaxNewSize                               = 1268776960                                {product} {ergonomic}
   size_t MinHeapDeltaBytes                        = 1048576                                   {product} {ergonomic}
   size_t MinHeapSize                              = 8388608                                   {product} {ergonomic}
    uintx NonNMethodCodeHeapSize                   = 5832780                                {pd product} {ergonomic}
    uintx NonProfiledCodeHeapSize                  = 122912730                              {pd product} {ergonomic}
    uintx ProfiledCodeHeapSize                     = 122912730                              {pd product} {ergonomic}
    uintx ReservedCodeCacheSize                    = 251658240                              {pd product} {ergonomic}
     bool SegmentedCodeCache                       = true                                      {product} {ergonomic}
   size_t SoftMaxHeapSize                          = 2116026368                             {manageable} {ergonomic}
     bool UseCompressedClassPointers               = true                           {product lp64_product} {ergonomic}
     bool UseCompressedOops                        = true                           {product lp64_product} {ergonomic}
     bool UseG1GC                                  = true                                      {product} {ergonomic}
     bool UseLargePagesIndividualAllocation        = false                                  {pd product} {ergonomic}

Logging:
Log output configuration:
 #0: stdout all=off uptime,level,tags foldmultilines=false
 #1: stderr all=off uptime,level,tags foldmultilines=false

Environment Variables:
PATH=C:\Program Files\Common Files\Oracle\Java\javapath;C:\Program Files (x86)\Common Files\Oracle\Java\javapath;C:\Windows\system32;C:\Windows;C:\Windows\System32\Wbem;C:\Windows\System32\WindowsPowerShell\v1.0\;C:\Windows\System32\OpenSSH\;C:\Program Files (x86)\NVIDIA Corporation\PhysX\Common;C:\Program Files\NVIDIA Corporation\NVIDIA NvDLISR;C:\Program Files\Azure Data Studio\bin;C:\Program Files\MySQL\MySQL Shell 8.0\bin\;C:\Users\\AppData\Local\Microsoft\WindowsApps;;C:\Program Files\Azure Data Studio\bin
USERNAME=
OS=Windows_NT
PROCESSOR_IDENTIFIER=Intel64 Family 6 Model 142 Stepping 9, GenuineIntel



---------------  S Y S T E M  ---------------

OS:
 Windows 10 , 64 bit Build 19041 (10.0.19041.1806)
OS uptime: 0 days 0:18 hours

CPU: total 4 (initial active 4) (2 cores per cpu, 2 threads per core) family 6 model 142 stepping 9 microcode 0xd6, cx8, cmov, fxsr, ht, mmx, 3dnowpref, sse, sse2, sse3, ssse3, sse4.1, sse4.2, popcnt, lzcnt, tsc, tscinvbit, avx, avx2, aes, erms, clmul, bmi1, bmi2, adx, fma, vzeroupper, clflush, clflushopt

Memory: 4k page, system-wide physical 8066M (1585M free)
TotalPageFile size 14210M (AvailPageFile size 6070M)
current process WorkingSet (physical memory assigned to process): 175M, peak: 190M
current process commit charge ("private bytes"): 287M, peak: 305M

vm_info: Java HotSpot(TM) 64-Bit Server VM (18.0.2.1+1-1) for windows-amd64 JRE (18.0.2.1+1-1), built on Aug 16 2022 01:46:33 by "mach5one" with MS VC++ 16.8 / 16.9 (VS2019)

END.
