#
# A fatal error has been detected by the Java Runtime Environment:
#
#  EXCEPTION_ACCESS_VIOLATION (0xc0000005) at pc=0x00007ffb81a463b7, pid=5556, tid=5872
#
# JRE version: Java(TM) SE Runtime Environment (18.0.2.1+1) (build 18.0.2.1+1-1)
# Java VM: Java HotSpot(TM) 64-Bit Server VM (18.0.2.1+1-1, mixed mode, sharing, tiered, compressed oops, compressed class ptrs, g1 gc, windows-amd64)
# Problematic frame:
# C  [glass.dll+0x263b7]
#
# No core dump will be written. Minidumps are not enabled by default on client versions of Windows
#
# If you would like to submit a bug report, please visit:
#   https://bugreport.java.com/bugreport/crash.jsp
#

---------------  S U M M A R Y ------------

Command Line: --module-path=C:/Program Files/Java/openjfx-19_windows-x64_bin-sdk/javafx-sdk-19/lib --add-modules=javafx.controls,javafx.fxml -javaagent:C:\Program Files\JetBrains\IntelliJ IDEA Community Edition 2022.2.1\lib\idea_rt.jar=59509:C:\Program Files\JetBrains\IntelliJ IDEA Community Edition 2022.2.1\bin -Dfile.encoding=UTF-8 -Dsun.stdout.encoding=UTF-8 -Dsun.stderr.encoding=UTF-8 Client

Host: Intel(R) Core(TM) i3-7130U CPU @ 2.70GHz, 4 cores, 7G,  Windows 10 , 64 bit Build 19041 (10.0.19041.1806)
Time: Mon Dec  5 19:43:12 2022  Windows 10 , 64 bit Build 19041 (10.0.19041.1806) elapsed time: 25.735846 seconds (0d 0h 0m 25s)

---------------  T H R E A D  ---------------

Current thread (0x000001f6b4215710):  VMThread "VM Thread" [stack: 0x000000e502800000,0x000000e502900000] [id=5872]

Stack: [0x000000e502800000,0x000000e502900000],  sp=0x000000e5028ff300,  free space=1020k
Native frames: (J=compiled Java code, j=interpreted, Vv=VM code, C=native code)
C  [glass.dll+0x263b7]


siginfo: EXCEPTION_ACCESS_VIOLATION (0xc0000005), reading address 0x0000000000000000


Register to memory mapping:

RIP=0x00007ffb81a463b7 glass.dll
RAX=0x0 is NULL
RBX=0x000001f6b422bce0 is a global jni handle
RCX=0x000001f6b4215710 points into unknown readable memory: 0x00007ffb43b6ea28 | 28 ea b6 43 fb 7f 00 00
RDX=0x000000e5028ff300 points into unknown readable memory: 0x0000000000000000 | 00 00 00 00 00 00 00 00
RSP=0x000000e5028ff300 points into unknown readable memory: 0x0000000000000000 | 00 00 00 00 00 00 00 00
RBP=0x000001f6b89a7578 points into unknown readable memory: 0x00007c74a4150171 | 71 01 15 a4 74 7c 00 00
RSI=0x000001f6b89a7550 points into unknown readable memory: 0x70107c745be20239 | 39 02 e2 5b 74 7c 10 70
RDI=0x00007c74a4150171 is an unknown value
R8 =0x0000000000010002 is an unknown value
R9 =0x00007c74a4150171 is an unknown value
R10=0x0000000000008000 is an unknown value
R11=0x000000e5028ff290 points into unknown readable memory: 0x000001f6b89a7550 | 50 75 9a b8 f6 01 00 00
R12=0x00007ffb81a43cf0 glass.dll
R13=0x00007ffb43d30c00 jvm.dll
R14=0x000000e5028ff3f8 points into unknown readable memory: 0x000000e5028ff3e0 | e0 f3 8f 02 e5 00 00 00
R15=0x000001f6b89a7550 points into unknown readable memory: 0x70107c745be20239 | 39 02 e2 5b 74 7c 10 70


Registers:
RAX=0x0000000000000000, RBX=0x000001f6b422bce0, RCX=0x000001f6b4215710, RDX=0x000000e5028ff300
RSP=0x000000e5028ff300, RBP=0x000001f6b89a7578, RSI=0x000001f6b89a7550, RDI=0x00007c74a4150171
R8 =0x0000000000010002, R9 =0x00007c74a4150171, R10=0x0000000000008000, R11=0x000000e5028ff290
R12=0x00007ffb81a43cf0, R13=0x00007ffb43d30c00, R14=0x000000e5028ff3f8, R15=0x000001f6b89a7550
RIP=0x00007ffb81a463b7, EFLAGS=0x0000000000010202

Top of Stack: (sp=0x000000e5028ff300)
0x000000e5028ff300:   0000000000000000 000001f6b89a7550
0x000000e5028ff310:   00007ffb43d30c00 00007ffb81a43cf0
0x000000e5028ff320:   000001f6b89a7558 00007ffba2f442d6
0x000000e5028ff330:   00007c74a4150171 000001f600000000
0x000000e5028ff340:   000001f6b89a7578 000001f6b89a7550
0x000000e5028ff350:   fffffffffffffffe 0000000000000000
0x000000e5028ff360:   0000000000000001 00007ffb81a20000
0x000000e5028ff370:   000000e5028ff3e8 00007ffba2f441fb
0x000000e5028ff380:   0000000000000000 000000e5028ff3f8
0x000000e5028ff390:   000000e5028ff6c0 00007ffba3020e40
0x000000e5028ff3a0:   0000000000000001 00007ffba2f441b4
0x000000e5028ff3b0:   0000000000000000 0000000000000001
0x000000e5028ff3c0:   00007ffb00000001 000000e5028ff3e8
0x000000e5028ff3d0:   0000000000000000 00007ffb81a43b7d
0x000000e5028ff3e0:   00007ffb81a59f88 00007ffb00000002
0x000000e5028ff3f0:   0000000000000002 000000e5028ff3e0 

Instructions: (pc=0x00007ffb81a463b7)
0x00007ffb81a462b7:   8b 4d 58 e8 7d cf ff ff 48 8b 4d 60 e8 74 cf ff
0x00007ffb81a462c7:   ff 48 8b 95 80 00 00 00 48 8b 8d 18 01 00 00 e8
0x00007ffb81a462d7:   66 c4 ff ff 33 d2 33 c9 e8 bc e1 ff ff 90 48 89
0x00007ffb81a462e7:   54 24 10 55 48 83 ec 20 48 8b ea 48 b8 00 00 00
0x00007ffb81a462f7:   00 00 00 00 00 48 83 c4 20 5d c3 cc 40 55 48 8b
0x00007ffb81a46307:   ea 48 8b 01 33 c9 81 38 05 00 00 c0 0f 94 c1 8b
0x00007ffb81a46317:   c1 5d c3 cc 40 55 48 83 ec 20 48 8b ea 8a 4d 40
0x00007ffb81a46327:   48 83 c4 20 5d e9 63 d3 ff ff cc 40 55 48 83 ec
0x00007ffb81a46337:   20 48 8b ea 8a 4d 20 e8 51 d3 ff ff 90 48 83 c4
0x00007ffb81a46347:   20 5d c3 cc 40 55 48 83 ec 20 48 8b ea 48 83 c4
0x00007ffb81a46357:   20 5d e9 b2 d1 ff ff cc 40 55 48 83 ec 30 48 8b
0x00007ffb81a46367:   ea 48 8b 01 8b 10 48 89 4c 24 28 89 54 24 20 4c
0x00007ffb81a46377:   8d 0d 53 d6 ff ff 4c 8b 45 70 8b 55 68 48 8b 4d
0x00007ffb81a46387:   60 e8 f3 d0 ff ff 90 48 83 c4 30 5d c3 cc cc cc
0x00007ffb81a46397:   cc cc cc cc cc cc cc cc cc 40 53 48 83 ec 20 48
0x00007ffb81a463a7:   8b 1d db 35 01 00 48 85 db 74 16 e8 79 8b ff ff
0x00007ffb81a463b7:   4c 8b 00 48 8b d3 48 8b c8 41 ff 90 b0 00 00 00
0x00007ffb81a463c7:   90 48 83 c4 20 5b c3 cc cc 40 53 48 83 ec 20 48
0x00007ffb81a463d7:   8b 1d 4b 37 01 00 48 85 db 74 57 b8 ff ff ff ff
0x00007ffb81a463e7:   f0 0f c1 43 10 83 f8 01 75 3d 48 85 db 74 38 48
0x00007ffb81a463f7:   8b 0b 48 85 c9 74 0d ff 15 a4 0e 00 00 48 c7 03
0x00007ffb81a46407:   00 00 00 00 48 8b 4b 08 48 85 c9 74 0d e8 23 ce
0x00007ffb81a46417:   ff ff 48 c7 43 08 00 00 00 00 ba 18 00 00 00 48
0x00007ffb81a46427:   8b cb e8 0e ce ff ff 48 c7 05 ef 36 01 00 00 00
0x00007ffb81a46437:   00 00 48 83 c4 20 5b c3 cc 40 53 48 83 ec 20 48
0x00007ffb81a46447:   8b 1d bb 36 01 00 48 85 db 74 57 b8 ff ff ff ff
0x00007ffb81a46457:   f0 0f c1 43 10 83 f8 01 75 3d 48 85 db 74 38 48
0x00007ffb81a46467:   8b 0b 48 85 c9 74 0d ff 15 34 0e 00 00 48 c7 03
0x00007ffb81a46477:   00 00 00 00 48 8b 4b 08 48 85 c9 74 0d e8 b3 cd
0x00007ffb81a46487:   ff ff 48 c7 43 08 00 00 00 00 ba 18 00 00 00 48
0x00007ffb81a46497:   8b cb e8 9e cd ff ff 48 c7 05 5f 36 01 00 00 00
0x00007ffb81a464a7:   00 00 48 83 c4 20 5b c3 cc 40 53 48 83 ec 20 48 


Stack slot to memory mapping:
stack at sp + 0 slots: 0x0 is NULL
stack at sp + 1 slots: 0x000001f6b89a7550 points into unknown readable memory: 0x70107c745be20239 | 39 02 e2 5b 74 7c 10 70
stack at sp + 2 slots: 0x00007ffb43d30c00 jvm.dll
stack at sp + 3 slots: 0x00007ffb81a43cf0 glass.dll
stack at sp + 4 slots: 0x000001f6b89a7558 points into unknown readable memory: 0x00007c74a4150171 | 71 01 15 a4 74 7c 00 00
stack at sp + 5 slots: 0x00007ffba2f442d6 ucrtbase.dll
stack at sp + 6 slots: 0x00007c74a4150171 is an unknown value
stack at sp + 7 slots: 0x000001f600000000 is an unknown value

VM_Operation (0x000000e5033fede0): Exit, mode: safepoint, requested by thread 0x000001f6be3399e0


---------------  P R O C E S S  ---------------

Threads class SMR info:
_java_thread_list=0x000001f6be0a06c0, length=21, elements={
0x000001f69695f3e0, 0x000001f6b4218eb0, 0x000001f6b4219b10, 0x000001f6b42341a0,
0x000001f6b4234b40, 0x000001f6b4237c90, 0x000001f6b4238f10, 0x000001f6b423a7f0,
0x000001f6b4242830, 0x000001f6b4255090, 0x000001f696a262b0, 0x000001f6b8973b50,
0x000001f6b846afb0, 0x000001f6b866e950, 0x000001f6b8a51130, 0x000001f6b8892ca0,
0x000001f6b8ecb8a0, 0x000001f6b8ee8710, 0x000001f6be034330, 0x000001f6be032180,
0x000001f6be3399e0
}

Java Threads: ( => current thread )
  0x000001f69695f3e0 JavaThread "main" [_thread_blocked, id=2428, stack(0x000000e502200000,0x000000e502300000)]
  0x000001f6b4218eb0 JavaThread "Reference Handler" daemon [_thread_blocked, id=6568, stack(0x000000e502900000,0x000000e502a00000)]
  0x000001f6b4219b10 JavaThread "Finalizer" daemon [_thread_blocked, id=9908, stack(0x000000e502a00000,0x000000e502b00000)]
  0x000001f6b42341a0 JavaThread "Signal Dispatcher" daemon [_thread_blocked, id=9632, stack(0x000000e502b00000,0x000000e502c00000)]
  0x000001f6b4234b40 JavaThread "Attach Listener" daemon [_thread_blocked, id=3528, stack(0x000000e502c00000,0x000000e502d00000)]
  0x000001f6b4237c90 JavaThread "Service Thread" daemon [_thread_blocked, id=3300, stack(0x000000e502d00000,0x000000e502e00000)]
  0x000001f6b4238f10 JavaThread "Monitor Deflation Thread" daemon [_thread_blocked, id=6436, stack(0x000000e502e00000,0x000000e502f00000)]
  0x000001f6b423a7f0 JavaThread "C2 CompilerThread0" daemon [_thread_blocked, id=6780, stack(0x000000e502f00000,0x000000e503000000)]
  0x000001f6b4242830 JavaThread "C1 CompilerThread0" daemon [_thread_blocked, id=2508, stack(0x000000e503000000,0x000000e503100000)]
  0x000001f6b4255090 JavaThread "Sweeper thread" daemon [_thread_blocked, id=10080, stack(0x000000e503100000,0x000000e503200000)]
  0x000001f696a262b0 JavaThread "Common-Cleaner" daemon [_thread_blocked, id=4848, stack(0x000000e503200000,0x000000e503300000)]
  0x000001f6b8973b50 JavaThread "Monitor Ctrl-Break" daemon [_thread_in_native, id=8304, stack(0x000000e503400000,0x000000e503500000)]
  0x000001f6b846afb0 JavaThread "Notification Thread" daemon [_thread_blocked, id=3148, stack(0x000000e503500000,0x000000e503600000)]
  0x000001f6b866e950 JavaThread "QuantumRenderer-0" daemon [_thread_blocked, id=6364, stack(0x000000e503700000,0x000000e503800000)]
  0x000001f6b8a51130 JavaThread "InvokeLaterDispatcher" daemon [_thread_blocked, id=5088, stack(0x000000e503800000,0x000000e503900000)]
  0x000001f6b8892ca0 JavaThread "JavaFX Application Thread" [_thread_in_native, id=7828, stack(0x000000e503900000,0x000000e503a00000)]
  0x000001f6b8ecb8a0 JavaThread "Thread-1" daemon [_thread_in_native, id=9380, stack(0x000000e504000000,0x000000e504100000)]
  0x000001f6b8ee8710 JavaThread "JavaFX-Launcher" [_thread_blocked, id=9980, stack(0x000000e504100000,0x000000e504200000)]
  0x000001f6be034330 JavaThread "Prism Font Disposer" daemon [_thread_blocked, id=8556, stack(0x000000e504500000,0x000000e504600000)]
  0x000001f6be032180 JavaThread "Cleaner-0" daemon [_thread_blocked, id=5952, stack(0x000000e504600000,0x000000e504700000)]
  0x000001f6be3399e0 JavaThread "SIGINT handler" daemon [_thread_blocked, id=11028, stack(0x000000e503300000,0x000000e503400000)]

Other Threads:
=>0x000001f6b4215710 VMThread "VM Thread" [stack: 0x000000e502800000,0x000000e502900000] [id=5872]
  0x000001f6969bdfd0 WorkerThread "GC Thread#0" [stack: 0x000000e502300000,0x000000e502400000] [id=2728]
  0x000001f6b8a66b60 WorkerThread "GC Thread#1" [stack: 0x000000e503a00000,0x000000e503b00000] [id=6676]
  0x000001f6b8888940 WorkerThread "GC Thread#2" [stack: 0x000000e503b00000,0x000000e503c00000] [id=1792]
  0x000001f6b8bf2c70 WorkerThread "GC Thread#3" [stack: 0x000000e503c00000,0x000000e503d00000] [id=1852]
  0x000001f6969cfb50 ConcurrentGCThread "G1 Main Marker" terminated
  0x000001f6969d0540 WorkerThread "G1 Conc#0" [stack: 0x000000e502500000,0x000000e502600000] [id=8292]
  0x000001f696a0f720 ConcurrentGCThread "G1 Refine#0" terminated
  0x000001f696a10030 ConcurrentGCThread "G1 Service" terminated

Threads with active compile tasks:

VM state: at safepoint (shutting down)

VM Mutex/Monitor currently owned by a thread:  ([mutex/lock_event])
[0x000001f69695b3e0] Threads_lock - owner thread: 0x000001f6b4215710
[0x000001f69695ae40] Heap_lock - owner thread: 0x000001f6be3399e0

Heap address: 0x0000000081e00000, size: 2018 MB, Compressed Oops mode: 32-bit

CDS archive(s) mapped at: [0x0000000800000000-0x0000000800ba0000-0x0000000800ba0000), size 12189696, SharedBaseAddress: 0x0000000800000000, ArchiveRelocationMode: 0.
Compressed class space mapped at: 0x0000000800c00000-0x0000000840c00000, reserved size: 1073741824
Narrow klass base: 0x0000000800000000, Narrow klass shift: 0, Narrow klass range: 0x100000000

GC Precious Log:
 CardTable entry size: 512
 Card Set container configuration: InlinePtr #cards 5 size 8 Array Of Cards #cards 12 size 40 Howl #buckets 4 coarsen threshold 1843 Howl Bitmap #cards 512 size 80 coarsen threshold 460 Card regions per heap region 1 cards per card region 2048
 CPUs: 4 total, 4 available
 Memory: 8066M
 Large Page Support: Disabled
 NUMA Support: Disabled
 Compressed Oops: Enabled (32-bit)
 Heap Region Size: 1M
 Heap Min Capacity: 8M
 Heap Initial Capacity: 128M
 Heap Max Capacity: 2018M
 Pre-touch: Disabled
 Parallel Workers: 4
 Concurrent Workers: 1
 Concurrent Refinement Workers: 4
 Periodic GC: Disabled

Heap:
 garbage-first heap   total 131072K, used 49180K [0x0000000081e00000, 0x0000000100000000)
  region size 1024K, 46 young (47104K), 3 survivors (3072K)
 Metaspace       used 18609K, committed 18944K, reserved 1114112K
  class space    used 2716K, committed 2880K, reserved 1048576K

Heap Regions: E=young(eden), S=young(survivor), O=old, HS=humongous(starts), HC=humongous(continues), CS=collection set, F=free, OA=open archive, CA=closed archive, TAMS=top-at-mark-start (previous, next)
|   0|0x0000000081e00000, 0x0000000081f00000, 0x0000000081f00000|100%| O|  |TAMS 0x0000000081e00000, 0x0000000081e00000| Untracked 
|   1|0x0000000081f00000, 0x0000000082000000, 0x0000000082000000|100%| O|  |TAMS 0x0000000081f00000, 0x0000000081f00000| Untracked 
|   2|0x0000000082000000, 0x000000008202ec00, 0x0000000082100000| 18%| O|  |TAMS 0x0000000082000000, 0x0000000082000000| Untracked 
|   3|0x0000000082100000, 0x0000000082200000, 0x0000000082200000|100%|HS|  |TAMS 0x0000000082100000, 0x0000000082100000| Complete 
|   4|0x0000000082200000, 0x0000000082300000, 0x0000000082300000|100%|HC|  |TAMS 0x0000000082200000, 0x0000000082200000| Complete 
|   5|0x0000000082300000, 0x0000000082300000, 0x0000000082400000|  0%| F|  |TAMS 0x0000000082300000, 0x0000000082300000| Untracked 
|   6|0x0000000082400000, 0x0000000082400000, 0x0000000082500000|  0%| F|  |TAMS 0x0000000082400000, 0x0000000082400000| Untracked 
|   7|0x0000000082500000, 0x0000000082500000, 0x0000000082600000|  0%| F|  |TAMS 0x0000000082500000, 0x0000000082500000| Untracked 
|   8|0x0000000082600000, 0x0000000082600000, 0x0000000082700000|  0%| F|  |TAMS 0x0000000082600000, 0x0000000082600000| Untracked 
|   9|0x0000000082700000, 0x0000000082700000, 0x0000000082800000|  0%| F|  |TAMS 0x0000000082700000, 0x0000000082700000| Untracked 
|  10|0x0000000082800000, 0x0000000082800000, 0x0000000082900000|  0%| F|  |TAMS 0x0000000082800000, 0x0000000082800000| Untracked 
|  11|0x0000000082900000, 0x0000000082900000, 0x0000000082a00000|  0%| F|  |TAMS 0x0000000082900000, 0x0000000082900000| Untracked 
|  12|0x0000000082a00000, 0x0000000082a00000, 0x0000000082b00000|  0%| F|  |TAMS 0x0000000082a00000, 0x0000000082a00000| Untracked 
|  13|0x0000000082b00000, 0x0000000082b00000, 0x0000000082c00000|  0%| F|  |TAMS 0x0000000082b00000, 0x0000000082b00000| Untracked 
|  14|0x0000000082c00000, 0x0000000082c00000, 0x0000000082d00000|  0%| F|  |TAMS 0x0000000082c00000, 0x0000000082c00000| Untracked 
|  15|0x0000000082d00000, 0x0000000082d00000, 0x0000000082e00000|  0%| F|  |TAMS 0x0000000082d00000, 0x0000000082d00000| Untracked 
|  16|0x0000000082e00000, 0x0000000082e00000, 0x0000000082f00000|  0%| F|  |TAMS 0x0000000082e00000, 0x0000000082e00000| Untracked 
|  17|0x0000000082f00000, 0x0000000082f00000, 0x0000000083000000|  0%| F|  |TAMS 0x0000000082f00000, 0x0000000082f00000| Untracked 
|  18|0x0000000083000000, 0x0000000083000000, 0x0000000083100000|  0%| F|  |TAMS 0x0000000083000000, 0x0000000083000000| Untracked 
|  19|0x0000000083100000, 0x0000000083100000, 0x0000000083200000|  0%| F|  |TAMS 0x0000000083100000, 0x0000000083100000| Untracked 
|  20|0x0000000083200000, 0x0000000083200000, 0x0000000083300000|  0%| F|  |TAMS 0x0000000083200000, 0x0000000083200000| Untracked 
|  21|0x0000000083300000, 0x0000000083300000, 0x0000000083400000|  0%| F|  |TAMS 0x0000000083300000, 0x0000000083300000| Untracked 
|  22|0x0000000083400000, 0x0000000083400000, 0x0000000083500000|  0%| F|  |TAMS 0x0000000083400000, 0x0000000083400000| Untracked 
|  23|0x0000000083500000, 0x0000000083500000, 0x0000000083600000|  0%| F|  |TAMS 0x0000000083500000, 0x0000000083500000| Untracked 
|  24|0x0000000083600000, 0x0000000083600000, 0x0000000083700000|  0%| F|  |TAMS 0x0000000083600000, 0x0000000083600000| Untracked 
|  25|0x0000000083700000, 0x0000000083700000, 0x0000000083800000|  0%| F|  |TAMS 0x0000000083700000, 0x0000000083700000| Untracked 
|  26|0x0000000083800000, 0x0000000083800000, 0x0000000083900000|  0%| F|  |TAMS 0x0000000083800000, 0x0000000083800000| Untracked 
|  27|0x0000000083900000, 0x0000000083900000, 0x0000000083a00000|  0%| F|  |TAMS 0x0000000083900000, 0x0000000083900000| Untracked 
|  28|0x0000000083a00000, 0x0000000083a00000, 0x0000000083b00000|  0%| F|  |TAMS 0x0000000083a00000, 0x0000000083a00000| Untracked 
|  29|0x0000000083b00000, 0x0000000083b00000, 0x0000000083c00000|  0%| F|  |TAMS 0x0000000083b00000, 0x0000000083b00000| Untracked 
|  30|0x0000000083c00000, 0x0000000083c00000, 0x0000000083d00000|  0%| F|  |TAMS 0x0000000083c00000, 0x0000000083c00000| Untracked 
|  31|0x0000000083d00000, 0x0000000083d00000, 0x0000000083e00000|  0%| F|  |TAMS 0x0000000083d00000, 0x0000000083d00000| Untracked 
|  32|0x0000000083e00000, 0x0000000083e00000, 0x0000000083f00000|  0%| F|  |TAMS 0x0000000083e00000, 0x0000000083e00000| Untracked 
|  33|0x0000000083f00000, 0x0000000083f00000, 0x0000000084000000|  0%| F|  |TAMS 0x0000000083f00000, 0x0000000083f00000| Untracked 
|  34|0x0000000084000000, 0x0000000084000000, 0x0000000084100000|  0%| F|  |TAMS 0x0000000084000000, 0x0000000084000000| Untracked 
|  35|0x0000000084100000, 0x0000000084100000, 0x0000000084200000|  0%| F|  |TAMS 0x0000000084100000, 0x0000000084100000| Untracked 
|  36|0x0000000084200000, 0x0000000084200000, 0x0000000084300000|  0%| F|  |TAMS 0x0000000084200000, 0x0000000084200000| Untracked 
|  37|0x0000000084300000, 0x0000000084300000, 0x0000000084400000|  0%| F|  |TAMS 0x0000000084300000, 0x0000000084300000| Untracked 
|  38|0x0000000084400000, 0x0000000084400000, 0x0000000084500000|  0%| F|  |TAMS 0x0000000084400000, 0x0000000084400000| Untracked 
|  39|0x0000000084500000, 0x0000000084500000, 0x0000000084600000|  0%| F|  |TAMS 0x0000000084500000, 0x0000000084500000| Untracked 
|  40|0x0000000084600000, 0x0000000084600000, 0x0000000084700000|  0%| F|  |TAMS 0x0000000084600000, 0x0000000084600000| Untracked 
|  41|0x0000000084700000, 0x0000000084700000, 0x0000000084800000|  0%| F|  |TAMS 0x0000000084700000, 0x0000000084700000| Untracked 
|  42|0x0000000084800000, 0x0000000084800000, 0x0000000084900000|  0%| F|  |TAMS 0x0000000084800000, 0x0000000084800000| Untracked 
|  43|0x0000000084900000, 0x0000000084900000, 0x0000000084a00000|  0%| F|  |TAMS 0x0000000084900000, 0x0000000084900000| Untracked 
|  44|0x0000000084a00000, 0x0000000084a00000, 0x0000000084b00000|  0%| F|  |TAMS 0x0000000084a00000, 0x0000000084a00000| Untracked 
|  45|0x0000000084b00000, 0x0000000084b00000, 0x0000000084c00000|  0%| F|  |TAMS 0x0000000084b00000, 0x0000000084b00000| Untracked 
|  46|0x0000000084c00000, 0x0000000084c00000, 0x0000000084d00000|  0%| F|  |TAMS 0x0000000084c00000, 0x0000000084c00000| Untracked 
|  47|0x0000000084d00000, 0x0000000084d00000, 0x0000000084e00000|  0%| F|  |TAMS 0x0000000084d00000, 0x0000000084d00000| Untracked 
|  48|0x0000000084e00000, 0x0000000084e00000, 0x0000000084f00000|  0%| F|  |TAMS 0x0000000084e00000, 0x0000000084e00000| Untracked 
|  49|0x0000000084f00000, 0x0000000084f00000, 0x0000000085000000|  0%| F|  |TAMS 0x0000000084f00000, 0x0000000084f00000| Untracked 
|  50|0x0000000085000000, 0x0000000085000000, 0x0000000085100000|  0%| F|  |TAMS 0x0000000085000000, 0x0000000085000000| Untracked 
|  51|0x0000000085100000, 0x0000000085100000, 0x0000000085200000|  0%| F|  |TAMS 0x0000000085100000, 0x0000000085100000| Untracked 
|  52|0x0000000085200000, 0x0000000085200000, 0x0000000085300000|  0%| F|  |TAMS 0x0000000085200000, 0x0000000085200000| Untracked 
|  53|0x0000000085300000, 0x0000000085300000, 0x0000000085400000|  0%| F|  |TAMS 0x0000000085300000, 0x0000000085300000| Untracked 
|  54|0x0000000085400000, 0x0000000085400000, 0x0000000085500000|  0%| F|  |TAMS 0x0000000085400000, 0x0000000085400000| Untracked 
|  55|0x0000000085500000, 0x0000000085500000, 0x0000000085600000|  0%| F|  |TAMS 0x0000000085500000, 0x0000000085500000| Untracked 
|  56|0x0000000085600000, 0x0000000085600000, 0x0000000085700000|  0%| F|  |TAMS 0x0000000085600000, 0x0000000085600000| Untracked 
|  57|0x0000000085700000, 0x0000000085700000, 0x0000000085800000|  0%| F|  |TAMS 0x0000000085700000, 0x0000000085700000| Untracked 
|  58|0x0000000085800000, 0x0000000085800000, 0x0000000085900000|  0%| F|  |TAMS 0x0000000085800000, 0x0000000085800000| Untracked 
|  59|0x0000000085900000, 0x0000000085900000, 0x0000000085a00000|  0%| F|  |TAMS 0x0000000085900000, 0x0000000085900000| Untracked 
|  60|0x0000000085a00000, 0x0000000085a00000, 0x0000000085b00000|  0%| F|  |TAMS 0x0000000085a00000, 0x0000000085a00000| Untracked 
|  61|0x0000000085b00000, 0x0000000085b00000, 0x0000000085c00000|  0%| F|  |TAMS 0x0000000085b00000, 0x0000000085b00000| Untracked 
|  62|0x0000000085c00000, 0x0000000085c00000, 0x0000000085d00000|  0%| F|  |TAMS 0x0000000085c00000, 0x0000000085c00000| Untracked 
|  63|0x0000000085d00000, 0x0000000085d00000, 0x0000000085e00000|  0%| F|  |TAMS 0x0000000085d00000, 0x0000000085d00000| Untracked 
|  64|0x0000000085e00000, 0x0000000085e00000, 0x0000000085f00000|  0%| F|  |TAMS 0x0000000085e00000, 0x0000000085e00000| Untracked 
|  65|0x0000000085f00000, 0x0000000085f00000, 0x0000000086000000|  0%| F|  |TAMS 0x0000000085f00000, 0x0000000085f00000| Untracked 
|  66|0x0000000086000000, 0x0000000086000000, 0x0000000086100000|  0%| F|  |TAMS 0x0000000086000000, 0x0000000086000000| Untracked 
|  67|0x0000000086100000, 0x0000000086100000, 0x0000000086200000|  0%| F|  |TAMS 0x0000000086100000, 0x0000000086100000| Untracked 
|  68|0x0000000086200000, 0x0000000086200000, 0x0000000086300000|  0%| F|  |TAMS 0x0000000086200000, 0x0000000086200000| Untracked 
|  69|0x0000000086300000, 0x0000000086300000, 0x0000000086400000|  0%| F|  |TAMS 0x0000000086300000, 0x0000000086300000| Untracked 
|  70|0x0000000086400000, 0x0000000086400000, 0x0000000086500000|  0%| F|  |TAMS 0x0000000086400000, 0x0000000086400000| Untracked 
|  71|0x0000000086500000, 0x0000000086500000, 0x0000000086600000|  0%| F|  |TAMS 0x0000000086500000, 0x0000000086500000| Untracked 
|  72|0x0000000086600000, 0x0000000086600000, 0x0000000086700000|  0%| F|  |TAMS 0x0000000086600000, 0x0000000086600000| Untracked 
|  73|0x0000000086700000, 0x0000000086700000, 0x0000000086800000|  0%| F|  |TAMS 0x0000000086700000, 0x0000000086700000| Untracked 
|  74|0x0000000086800000, 0x0000000086800000, 0x0000000086900000|  0%| F|  |TAMS 0x0000000086800000, 0x0000000086800000| Untracked 
|  75|0x0000000086900000, 0x0000000086900000, 0x0000000086a00000|  0%| F|  |TAMS 0x0000000086900000, 0x0000000086900000| Untracked 
|  76|0x0000000086a00000, 0x0000000086a00000, 0x0000000086b00000|  0%| F|  |TAMS 0x0000000086a00000, 0x0000000086a00000| Untracked 
|  77|0x0000000086b00000, 0x0000000086b00000, 0x0000000086c00000|  0%| F|  |TAMS 0x0000000086b00000, 0x0000000086b00000| Untracked 
|  78|0x0000000086c00000, 0x0000000086c00000, 0x0000000086d00000|  0%| F|  |TAMS 0x0000000086c00000, 0x0000000086c00000| Untracked 
|  79|0x0000000086d00000, 0x0000000086d00000, 0x0000000086e00000|  0%| F|  |TAMS 0x0000000086d00000, 0x0000000086d00000| Untracked 
|  80|0x0000000086e00000, 0x0000000086e00000, 0x0000000086f00000|  0%| F|  |TAMS 0x0000000086e00000, 0x0000000086e00000| Untracked 
|  81|0x0000000086f00000, 0x0000000086f00000, 0x0000000087000000|  0%| F|  |TAMS 0x0000000086f00000, 0x0000000086f00000| Untracked 
|  82|0x0000000087000000, 0x000000008704b430, 0x0000000087100000| 29%| E|  |TAMS 0x0000000087000000, 0x0000000087000000| Complete 
|  83|0x0000000087100000, 0x0000000087200000, 0x0000000087200000|100%| E|CS|TAMS 0x0000000087100000, 0x0000000087100000| Complete 
|  84|0x0000000087200000, 0x0000000087300000, 0x0000000087300000|100%| E|CS|TAMS 0x0000000087200000, 0x0000000087200000| Complete 
|  85|0x0000000087300000, 0x0000000087400000, 0x0000000087400000|100%| E|CS|TAMS 0x0000000087300000, 0x0000000087300000| Complete 
|  86|0x0000000087400000, 0x0000000087500000, 0x0000000087500000|100%| E|CS|TAMS 0x0000000087400000, 0x0000000087400000| Complete 
|  87|0x0000000087500000, 0x0000000087600000, 0x0000000087600000|100%| E|CS|TAMS 0x0000000087500000, 0x0000000087500000| Complete 
|  88|0x0000000087600000, 0x0000000087700000, 0x0000000087700000|100%| E|CS|TAMS 0x0000000087600000, 0x0000000087600000| Complete 
|  89|0x0000000087700000, 0x0000000087800000, 0x0000000087800000|100%| E|CS|TAMS 0x0000000087700000, 0x0000000087700000| Complete 
|  90|0x0000000087800000, 0x0000000087900000, 0x0000000087900000|100%| E|CS|TAMS 0x0000000087800000, 0x0000000087800000| Complete 
|  91|0x0000000087900000, 0x0000000087a00000, 0x0000000087a00000|100%| E|CS|TAMS 0x0000000087900000, 0x0000000087900000| Complete 
|  92|0x0000000087a00000, 0x0000000087b00000, 0x0000000087b00000|100%| E|CS|TAMS 0x0000000087a00000, 0x0000000087a00000| Complete 
|  93|0x0000000087b00000, 0x0000000087c00000, 0x0000000087c00000|100%| E|CS|TAMS 0x0000000087b00000, 0x0000000087b00000| Complete 
|  94|0x0000000087c00000, 0x0000000087d00000, 0x0000000087d00000|100%| E|CS|TAMS 0x0000000087c00000, 0x0000000087c00000| Complete 
|  95|0x0000000087d00000, 0x0000000087e00000, 0x0000000087e00000|100%| E|CS|TAMS 0x0000000087d00000, 0x0000000087d00000| Complete 
|  96|0x0000000087e00000, 0x0000000087f00000, 0x0000000087f00000|100%| E|CS|TAMS 0x0000000087e00000, 0x0000000087e00000| Complete 
|  97|0x0000000087f00000, 0x0000000088000000, 0x0000000088000000|100%| E|  |TAMS 0x0000000087f00000, 0x0000000087f00000| Complete 
|  98|0x0000000088000000, 0x0000000088100000, 0x0000000088100000|100%| E|CS|TAMS 0x0000000088000000, 0x0000000088000000| Complete 
|  99|0x0000000088100000, 0x0000000088200000, 0x0000000088200000|100%| E|CS|TAMS 0x0000000088100000, 0x0000000088100000| Complete 
| 100|0x0000000088200000, 0x0000000088300000, 0x0000000088300000|100%| E|CS|TAMS 0x0000000088200000, 0x0000000088200000| Complete 
| 101|0x0000000088300000, 0x0000000088400000, 0x0000000088400000|100%| E|CS|TAMS 0x0000000088300000, 0x0000000088300000| Complete 
| 102|0x0000000088400000, 0x0000000088500000, 0x0000000088500000|100%| E|CS|TAMS 0x0000000088400000, 0x0000000088400000| Complete 
| 103|0x0000000088500000, 0x0000000088600000, 0x0000000088600000|100%| E|CS|TAMS 0x0000000088500000, 0x0000000088500000| Complete 
| 104|0x0000000088600000, 0x0000000088700000, 0x0000000088700000|100%| E|CS|TAMS 0x0000000088600000, 0x0000000088600000| Complete 
| 105|0x0000000088700000, 0x0000000088800000, 0x0000000088800000|100%| E|CS|TAMS 0x0000000088700000, 0x0000000088700000| Complete 
| 106|0x0000000088800000, 0x00000000888d8500, 0x0000000088900000| 84%| S|CS|TAMS 0x0000000088800000, 0x0000000088800000| Complete 
| 107|0x0000000088900000, 0x0000000088a00000, 0x0000000088a00000|100%| S|CS|TAMS 0x0000000088900000, 0x0000000088900000| Complete 
| 108|0x0000000088a00000, 0x0000000088b00000, 0x0000000088b00000|100%| S|CS|TAMS 0x0000000088a00000, 0x0000000088a00000| Complete 
| 109|0x0000000088b00000, 0x0000000088c00000, 0x0000000088c00000|100%| E|CS|TAMS 0x0000000088b00000, 0x0000000088b00000| Complete 
| 110|0x0000000088c00000, 0x0000000088d00000, 0x0000000088d00000|100%| E|CS|TAMS 0x0000000088c00000, 0x0000000088c00000| Complete 
| 111|0x0000000088d00000, 0x0000000088e00000, 0x0000000088e00000|100%| E|CS|TAMS 0x0000000088d00000, 0x0000000088d00000| Complete 
| 112|0x0000000088e00000, 0x0000000088f00000, 0x0000000088f00000|100%| E|CS|TAMS 0x0000000088e00000, 0x0000000088e00000| Complete 
| 113|0x0000000088f00000, 0x0000000089000000, 0x0000000089000000|100%| E|CS|TAMS 0x0000000088f00000, 0x0000000088f00000| Complete 
| 114|0x0000000089000000, 0x0000000089100000, 0x0000000089100000|100%| E|CS|TAMS 0x0000000089000000, 0x0000000089000000| Complete 
| 115|0x0000000089100000, 0x0000000089200000, 0x0000000089200000|100%| E|CS|TAMS 0x0000000089100000, 0x0000000089100000| Complete 
| 116|0x0000000089200000, 0x0000000089300000, 0x0000000089300000|100%| E|CS|TAMS 0x0000000089200000, 0x0000000089200000| Complete 
| 117|0x0000000089300000, 0x0000000089400000, 0x0000000089400000|100%| E|CS|TAMS 0x0000000089300000, 0x0000000089300000| Complete 
| 118|0x0000000089400000, 0x0000000089500000, 0x0000000089500000|100%| E|CS|TAMS 0x0000000089400000, 0x0000000089400000| Complete 
| 119|0x0000000089500000, 0x0000000089600000, 0x0000000089600000|100%| E|CS|TAMS 0x0000000089500000, 0x0000000089500000| Complete 
| 120|0x0000000089600000, 0x0000000089700000, 0x0000000089700000|100%| E|CS|TAMS 0x0000000089600000, 0x0000000089600000| Complete 
| 121|0x0000000089700000, 0x0000000089800000, 0x0000000089800000|100%| E|CS|TAMS 0x0000000089700000, 0x0000000089700000| Complete 
| 122|0x0000000089800000, 0x0000000089900000, 0x0000000089900000|100%| E|CS|TAMS 0x0000000089800000, 0x0000000089800000| Complete 
| 123|0x0000000089900000, 0x0000000089a00000, 0x0000000089a00000|100%| E|CS|TAMS 0x0000000089900000, 0x0000000089900000| Complete 
| 124|0x0000000089a00000, 0x0000000089b00000, 0x0000000089b00000|100%| E|CS|TAMS 0x0000000089a00000, 0x0000000089a00000| Complete 
| 125|0x0000000089b00000, 0x0000000089c00000, 0x0000000089c00000|100%| E|CS|TAMS 0x0000000089b00000, 0x0000000089b00000| Complete 
| 126|0x0000000089c00000, 0x0000000089d00000, 0x0000000089d00000|100%| E|CS|TAMS 0x0000000089c00000, 0x0000000089c00000| Complete 
| 127|0x0000000089d00000, 0x0000000089e00000, 0x0000000089e00000|100%| E|CS|TAMS 0x0000000089d00000, 0x0000000089d00000| Complete 

Card table byte_map: [0x000001f6ad6a0000,0x000001f6adaa0000] _byte_map_base: 0x000001f6ad291000

Marking Bits (Prev, Next): (CMBitMap*) 0x000001f6969bf5e0, (CMBitMap*) 0x000001f6969bf620
 Prev Bits: [0x000001f6adea0000, 0x000001f6afe28000)
 Next Bits: [0x000001f6afe30000, 0x000001f6b1db8000)

Polling page: 0x000001f694810000

Metaspace:

Usage:
  Non-class:     15.52 MB used.
      Class:      2.65 MB used.
       Both:     18.17 MB used.

Virtual space:
  Non-class space:       64.00 MB reserved,      15.69 MB ( 25%) committed,  1 nodes.
      Class space:        1.00 GB reserved,       2.81 MB ( <1%) committed,  1 nodes.
             Both:        1.06 GB reserved,      18.50 MB (  2%) committed. 

Chunk freelists:
   Non-Class:  159.00 KB
       Class:  1.20 MB
        Both:  1.36 MB

MaxMetaspaceSize: unlimited
CompressedClassSpaceSize: 1.00 GB
Initial GC threshold: 21.00 MB
Current GC threshold: 21.00 MB
CDS: on
MetaspaceReclaimPolicy: balanced
 - commit_granule_bytes: 65536.
 - commit_granule_words: 8192.
 - virtual_space_node_default_size: 8388608.
 - enlarge_chunks_in_place: 1.
 - new_chunks_are_fully_committed: 0.
 - uncommit_free_chunks: 1.
 - use_allocation_guard: 0.


Internal statistics:

num_allocs_failed_limit: 0.
num_arena_births: 364.
num_arena_deaths: 0.
num_vsnodes_births: 2.
num_vsnodes_deaths: 0.
num_space_committed: 296.
num_space_uncommitted: 0.
num_chunks_returned_to_freelist: 0.
num_chunks_taken_from_freelist: 970.
num_chunk_merges: 0.
num_chunk_splits: 670.
num_chunks_enlarged: 506.
num_inconsistent_stats: 0.

CodeHeap 'non-profiled nmethods': size=120000Kb used=1305Kb max_used=1305Kb free=118694Kb
 bounds [0x000001f6a5d70000, 0x000001f6a5fe0000, 0x000001f6ad2a0000]
CodeHeap 'profiled nmethods': size=120000Kb used=6491Kb max_used=6491Kb free=113508Kb
 bounds [0x000001f69e840000, 0x000001f69eea0000, 0x000001f6a5d70000]
CodeHeap 'non-nmethods': size=5760Kb used=1443Kb max_used=1483Kb free=4316Kb
 bounds [0x000001f69e2a0000, 0x000001f69e510000, 0x000001f69e840000]
 total_blobs=4167 nmethods=3370 adapters=709
 compilation: enabled
              stopped_count=0, restarted_count=0
 full_count=0

Compilation events (20 events):
Event: 8.615 Thread 0x000001f6b4242830 nmethod 3368 0x000001f69ee79c10 code [0x000001f69ee79e80, 0x000001f69ee7ac08]
Event: 8.615 Thread 0x000001f6b4242830 3370       3       com.sun.org.apache.xerces.internal.impl.XMLEntityScanner::scanContent (295 bytes)
Event: 8.616 Thread 0x000001f6b4242830 nmethod 3370 0x000001f69ee7af90 code [0x000001f69ee7b1e0, 0x000001f69ee7bc08]
Event: 8.616 Thread 0x000001f6b4242830 3365   !   3       com.sun.org.apache.xerces.internal.impl.XMLDocumentFragmentScannerImpl$FragmentContentDriver::next (2331 bytes)
Event: 8.617 Thread 0x000001f6b423a7f0 nmethod 3350 0x000001f6a5eb5890 code [0x000001f6a5eb5a00, 0x000001f6a5eb5c18]
Event: 8.618 Thread 0x000001f6b423a7f0 3343       4       java.lang.CharacterDataLatin1::toUpperCaseEx (71 bytes)
Event: 8.619 Thread 0x000001f6b423a7f0 nmethod 3343 0x000001f6a5eb5d10 code [0x000001f6a5eb5e80, 0x000001f6a5eb5f78]
Event: 8.626 Thread 0x000001f6b4242830 nmethod 3365 0x000001f69ee7bf90 code [0x000001f69ee7c9c0, 0x000001f69ee83198]
Event: 8.626 Thread 0x000001f6b4242830 3371       3       javafx.scene.Parent::requestParentLayout (32 bytes)
Event: 8.627 Thread 0x000001f6b4242830 nmethod 3371 0x000001f69ee87290 code [0x000001f69ee87480, 0x000001f69ee87b18]
Event: 8.627 Thread 0x000001f6b4242830 3363   !   3       com.sun.javafx.reflect.MethodUtil::invoke (111 bytes)
Event: 8.636 Thread 0x000001f6b4242830 nmethod 3363 0x000001f69ee87c90 code [0x000001f69ee88780, 0x000001f69ee8fbb8]
Event: 8.636 Thread 0x000001f6b4242830 3369       3       javafx.scene.Node::isDisabled (19 bytes)
Event: 8.637 Thread 0x000001f6b4242830 nmethod 3369 0x000001f69ee95d90 code [0x000001f69ee95f40, 0x000001f69ee962c8]
Event: 8.637 Thread 0x000001f6b4242830 3372       1       java.lang.Class::getAnnotationType (5 bytes)
Event: 8.637 Thread 0x000001f6b4242830 nmethod 3372 0x000001f6a5eb6090 code [0x000001f6a5eb6220, 0x000001f6a5eb62f8]
Event: 8.637 Thread 0x000001f6b4242830 3373       1       java.lang.reflect.Method::getRoot (5 bytes)
Event: 8.637 Thread 0x000001f6b4242830 nmethod 3373 0x000001f6a5eb6390 code [0x000001f6a5eb6520, 0x000001f6a5eb65f8]
Event: 25.377 Thread 0x000001f6b4242830 3374  s    3       java.util.Hashtable::get (69 bytes)
Event: 25.378 Thread 0x000001f6b4242830 nmethod 3374 0x000001f69ee96410 code [0x000001f69ee965e0, 0x000001f69ee96b38]

GC Heap History (4 events):
Event: 0.520 GC heap before
{Heap before GC invocations=0 (full 0):
 garbage-first heap   total 131072K, used 13312K [0x0000000081e00000, 0x0000000100000000)
  region size 1024K, 13 young (13312K), 0 survivors (0K)
 Metaspace       used 2749K, committed 2944K, reserved 1114112K
  class space    used 288K, committed 384K, reserved 1048576K
}
Event: 0.523 GC heap after
{Heap after GC invocations=1 (full 0):
 garbage-first heap   total 131072K, used 2157K [0x0000000081e00000, 0x0000000100000000)
  region size 1024K, 2 young (2048K), 2 survivors (2048K)
 Metaspace       used 2749K, committed 2944K, reserved 1114112K
  class space    used 288K, committed 384K, reserved 1048576K
}
Event: 0.952 GC heap before
{Heap before GC invocations=1 (full 0):
 garbage-first heap   total 131072K, used 18541K [0x0000000081e00000, 0x0000000100000000)
  region size 1024K, 19 young (19456K), 2 survivors (2048K)
 Metaspace       used 8103K, committed 8320K, reserved 1114112K
  class space    used 1044K, committed 1152K, reserved 1048576K
}
Event: 0.957 GC heap after
{Heap after GC invocations=2 (full 0):
 garbage-first heap   total 131072K, used 5148K [0x0000000081e00000, 0x0000000100000000)
  region size 1024K, 3 young (3072K), 3 survivors (3072K)
 Metaspace       used 8103K, committed 8320K, reserved 1114112K
  class space    used 1044K, committed 1152K, reserved 1048576K
}

Deoptimization events (20 events):
Event: 2.987 Thread 0x000001f6b866e950 DEOPT PACKING pc=0x000001f69ebc63a6 sp=0x000000e5037fe780
Event: 2.987 Thread 0x000001f6b866e950 DEOPT UNPACKING pc=0x000001f69e2f2b43 sp=0x000000e5037fdc80 mode 0
Event: 4.742 Thread 0x000001f6b866e950 Uncommon trap: trap_request=0xffffff45 fr.pc=0x000001f6a5e5587c relative=0x0000000000000fbc
Event: 4.742 Thread 0x000001f6b866e950 Uncommon trap: reason=unstable_if action=reinterpret pc=0x000001f6a5e5587c method=com.sun.scenario.effect.impl.state.BoxRenderState.validateWeights()V @ 147 c2
Event: 4.742 Thread 0x000001f6b866e950 DEOPT PACKING pc=0x000001f6a5e5587c sp=0x000000e5037fc870
Event: 4.742 Thread 0x000001f6b866e950 DEOPT UNPACKING pc=0x000001f69e2f23a3 sp=0x000000e5037fc7f8 mode 2
Event: 6.889 Thread 0x000001f6b866e950 DEOPT PACKING pc=0x000001f69eda013a sp=0x000000e5037fe780
Event: 6.889 Thread 0x000001f6b866e950 DEOPT UNPACKING pc=0x000001f69e2f2b43 sp=0x000000e5037fdc80 mode 0
Event: 6.889 Thread 0x000001f6b866e950 DEOPT PACKING pc=0x000001f69eda01a6 sp=0x000000e5037fe770
Event: 6.889 Thread 0x000001f6b866e950 DEOPT UNPACKING pc=0x000001f69e2f2b43 sp=0x000000e5037fdc70 mode 0
Event: 7.190 Thread 0x000001f6b866e950 Uncommon trap: trap_request=0xffffff45 fr.pc=0x000001f6a5e5900c relative=0x000000000000008c
Event: 7.190 Thread 0x000001f6b866e950 Uncommon trap: reason=unstable_if action=reinterpret pc=0x000001f6a5e5900c method=com.sun.javafx.geom.RectBounds.isEmpty()Z @ 21 c2
Event: 7.190 Thread 0x000001f6b866e950 DEOPT PACKING pc=0x000001f6a5e5900c sp=0x000000e5037fdc30
Event: 7.190 Thread 0x000001f6b866e950 DEOPT UNPACKING pc=0x000001f69e2f23a3 sp=0x000000e5037fdbc0 mode 2
Event: 7.203 Thread 0x000001f6b866e950 DEOPT PACKING pc=0x000001f69eda013a sp=0x000000e5037fe770
Event: 7.203 Thread 0x000001f6b866e950 DEOPT UNPACKING pc=0x000001f69e2f2b43 sp=0x000000e5037fdc70 mode 0
Event: 8.034 Thread 0x000001f6b866e950 DEOPT PACKING pc=0x000001f69eda013a sp=0x000000e5037fe780
Event: 8.034 Thread 0x000001f6b866e950 DEOPT UNPACKING pc=0x000001f69e2f2b43 sp=0x000000e5037fdc80 mode 0
Event: 8.034 Thread 0x000001f6b866e950 DEOPT PACKING pc=0x000001f69eda013a sp=0x000000e5037fe770
Event: 8.034 Thread 0x000001f6b866e950 DEOPT UNPACKING pc=0x000001f69e2f2b43 sp=0x000000e5037fdc70 mode 0

Classes loaded (20 events):
Event: 8.582 Loading class java/lang/constant/MethodHandleDesc
Event: 8.582 Loading class java/lang/constant/MethodHandleDesc done
Event: 8.582 Loading class java/lang/constant/MethodHandleDesc$1
Event: 8.582 Loading class java/lang/constant/MethodHandleDesc$1 done
Event: 8.582 Loading class java/lang/constant/DirectMethodHandleDescImpl
Event: 8.582 Loading class java/lang/constant/DirectMethodHandleDesc
Event: 8.582 Loading class java/lang/constant/DirectMethodHandleDesc done
Event: 8.582 Loading class java/lang/constant/DirectMethodHandleDescImpl done
Event: 8.582 Loading class java/lang/constant/DirectMethodHandleDescImpl$1
Event: 8.582 Loading class java/lang/constant/DirectMethodHandleDescImpl$1 done
Event: 8.582 Loading class java/lang/constant/DirectMethodHandleDesc$1
Event: 8.582 Loading class java/lang/constant/DirectMethodHandleDesc$1 done
Event: 8.582 Loading class java/lang/constant/PrimitiveClassDescImpl
Event: 8.582 Loading class java/lang/constant/DynamicConstantDesc
Event: 8.582 Loading class java/lang/constant/DynamicConstantDesc done
Event: 8.582 Loading class java/lang/constant/PrimitiveClassDescImpl done
Event: 8.582 Loading class java/lang/constant/DynamicConstantDesc$AnonymousDynamicConstantDesc
Event: 8.582 Loading class java/lang/constant/DynamicConstantDesc$AnonymousDynamicConstantDesc done
Event: 25.377 Loading class jdk/internal/misc/Signal$1
Event: 25.377 Loading class jdk/internal/misc/Signal$1 done

Classes unloaded (0 events):
No events

Classes redefined (0 events):
No events

Internal exceptions (20 events):
Event: 1.333 Thread 0x000001f6b8892ca0 Implicit null exception at 0x000001f6a5dcf50c to 0x000001f6a5dcf79c
Event: 1.478 Thread 0x000001f6b8892ca0 Exception <a 'java/lang/NoSuchMethodError'{0x00000000891cf688}: 'java.lang.Object java.lang.invoke.DirectMethodHandle$Holder.invokeInterface(java.lang.Object, java.lang.Object, java.lang.Object)'> (0x00000000891cf688) 
thrown [s\open\src\hotspot\share\interpreter\linkResolver.cpp, line 759]
Event: 1.479 Thread 0x000001f6b8892ca0 Exception <a 'java/lang/IncompatibleClassChangeError'{0x00000000891d3008}: Found class java.lang.Object, but interface was expected> (0x00000000891d3008) 
thrown [s\open\src\hotspot\share\interpreter\linkResolver.cpp, line 826]
Event: 1.527 Thread 0x000001f6b8892ca0 Exception <a 'java/lang/ClassNotFoundException'{0x0000000088fb33e0}: com/sun/javafx/scene/control/skin/resources/controls> (0x0000000088fb33e0) 
thrown [s\open\src\hotspot\share\prims\jni.cpp, line 535]
Event: 1.529 Thread 0x000001f6b8892ca0 Exception <a 'java/lang/ClassNotFoundException'{0x0000000088fc1380}: com/sun/javafx/scene/control/skin/resources/controls_ru> (0x0000000088fc1380) 
thrown [s\open\src\hotspot\share\prims\jni.cpp, line 535]
Event: 1.529 Thread 0x000001f6b8892ca0 Exception <a 'java/lang/ClassNotFoundException'{0x0000000088fc2ae8}: com/sun/javafx/scene/control/skin/resources/controls_ru_RU> (0x0000000088fc2ae8) 
thrown [s\open\src\hotspot\share\prims\jni.cpp, line 535]
Event: 1.590 Thread 0x000001f6b8892ca0 Exception <a 'java/lang/NoSuchMethodError'{0x0000000088d7d2c0}: 'void java.lang.invoke.DirectMethodHandle$Holder.invokeSpecial(java.lang.Object, java.lang.Object, java.lang.Object, java.lang.Object, java.lang.Object, java.lang.Object)'> (0x0000000088d7d2c0) 
thrown [s\open\src\hotspot\share\interpreter\linkResolver.cpp, line 759]
Event: 1.704 Thread 0x000001f6b8892ca0 Exception <a 'java/lang/NoSuchMethodError'{0x00000000887efd18}: 'int java.lang.invoke.DirectMethodHandle$Holder.invokeSpecial(java.lang.Object, java.lang.Object, int)'> (0x00000000887efd18) 
thrown [s\open\src\hotspot\share\interpreter\linkResolver.cpp, line 759]
Event: 1.720 Thread 0x000001f6b8892ca0 Exception <a 'java/lang/NoSuchMethodError'{0x0000000088622100}: 'java.lang.Object java.lang.invoke.DirectMethodHandle$Holder.newInvokeSpecial(java.lang.Object, java.lang.Object, int)'> (0x0000000088622100) 
thrown [s\open\src\hotspot\share\interpreter\linkResolver.cpp, line 759]
Event: 1.772 Thread 0x000001f6b866e950 Exception <a 'java/lang/NoSuchMethodError'{0x000000008851a768}: 'int java.lang.invoke.DirectMethodHandle$Holder.invokeStaticInit(java.lang.Object, java.lang.Object)'> (0x000000008851a768) 
thrown [s\open\src\hotspot\share\interpreter\linkResolver.cpp, line 759]
Event: 1.782 Thread 0x000001f6b8892ca0 Exception <a 'java/lang/NoSuchMethodError'{0x0000000088587410}: 'long java.lang.invoke.DirectMethodHandle$Holder.invokeStatic(java.lang.Object, java.lang.Object, java.lang.Object)'> (0x0000000088587410) 
thrown [s\open\src\hotspot\share\interpreter\linkResolver.cpp, line 759]
Event: 1.782 Thread 0x000001f6b8892ca0 Exception <a 'java/lang/NoSuchMethodError'{0x000000008858abb0}: 'long java.lang.invoke.DirectMethodHandle$Holder.invokeStaticInit(java.lang.Object, java.lang.Object, java.lang.Object)'> (0x000000008858abb0) 
thrown [s\open\src\hotspot\share\interpreter\linkResolver.cpp, line 759]
Event: 1.786 Thread 0x000001f6b8892ca0 Exception <a 'java/lang/NoSuchMethodError'{0x00000000885a31f8}: 'java.lang.Object java.lang.invoke.DirectMethodHandle$Holder.newInvokeSpecial(java.lang.Object, java.lang.Object, long)'> (0x00000000885a31f8) 
thrown [s\open\src\hotspot\share\interpreter\linkResolver.cpp, line 759]
Event: 1.787 Thread 0x000001f6b8892ca0 Exception <a 'java/lang/NoSuchMethodError'{0x00000000885a6d70}: 'java.lang.Object java.lang.invoke.Invokers$Holder.linkToTargetMethod(java.lang.Object, long, java.lang.Object)'> (0x00000000885a6d70) 
thrown [s\open\src\hotspot\share\interpreter\linkResolver.cpp, line 759]
Event: 1.940 Thread 0x000001f6b866e950 Exception <a 'java/lang/NoSuchMethodError'{0x0000000088126a20}: 'java.lang.Object java.lang.invoke.DirectMethodHandle$Holder.invokeStaticInit(java.lang.Object, int)'> (0x0000000088126a20) 
thrown [s\open\src\hotspot\share\interpreter\linkResolver.cpp, line 759]
Event: 3.495 Thread 0x000001f6b8892ca0 Exception <a 'java/lang/NoSuchMethodError'{0x0000000087f31328}: 'long java.lang.invoke.DirectMethodHandle$Holder.invokeSpecial(java.lang.Object, java.lang.Object)'> (0x0000000087f31328) 
thrown [s\open\src\hotspot\share\interpreter\linkResolver.cpp, line 759]
Event: 3.495 Thread 0x000001f6b8892ca0 Exception <a 'java/lang/NoSuchMethodError'{0x0000000087f34c68}: 'long java.lang.invoke.Invokers$Holder.invokeExact_MT(java.lang.Object, java.lang.Object)'> (0x0000000087f34c68) 
thrown [s\open\src\hotspot\share\interpreter\linkResolver.cpp, line 759]
Event: 4.549 Thread 0x000001f6b8892ca0 Exception <a 'java/lang/NoSuchMethodError'{0x00000000878183a8}: 'int java.lang.invoke.DirectMethodHandle$Holder.invokeVirtual(java.lang.Object, java.lang.Object)'> (0x00000000878183a8) 
thrown [s\open\src\hotspot\share\interpreter\linkResolver.cpp, line 759]
Event: 7.158 Thread 0x000001f6b8892ca0 Exception <a 'java/lang/NoSuchMethodError'{0x00000000874ae530}: 'void java.lang.invoke.DirectMethodHandle$Holder.invokeVirtual(java.lang.Object, java.lang.Object, int)'> (0x00000000874ae530) 
thrown [s\open\src\hotspot\share\interpreter\linkResolver.cpp, line 759]
Event: 8.568 Thread 0x000001f6b8892ca0 Exception <a 'java/lang/NoSuchMethodError'{0x0000000087294498}: static [I.<clinit>()V> (0x0000000087294498) 
thrown [s\open\src\hotspot\share\prims\jni.cpp, line 1104]

VM Operations (20 events):
Event: 2.745 Executing VM operation: Cleanup done
Event: 3.746 Executing VM operation: Cleanup
Event: 3.746 Executing VM operation: Cleanup done
Event: 4.597 Executing VM operation: ICBufferFull
Event: 4.597 Executing VM operation: ICBufferFull done
Event: 5.598 Executing VM operation: Cleanup
Event: 5.598 Executing VM operation: Cleanup done
Event: 6.598 Executing VM operation: Cleanup
Event: 6.598 Executing VM operation: Cleanup done
Event: 7.157 Executing VM operation: HandshakeAllThreads
Event: 7.157 Executing VM operation: HandshakeAllThreads done
Event: 7.164 Executing VM operation: HandshakeAllThreads
Event: 7.164 Executing VM operation: HandshakeAllThreads done
Event: 8.165 Executing VM operation: Cleanup
Event: 8.165 Executing VM operation: Cleanup done
Event: 8.570 Executing VM operation: HandshakeAllThreads
Event: 8.570 Executing VM operation: HandshakeAllThreads done
Event: 9.571 Executing VM operation: Cleanup
Event: 9.571 Executing VM operation: Cleanup done
Event: 25.380 Executing VM operation: Exit

Events (20 events):
Event: 0.612 Thread 0x000001f6b8ecb8a0 Thread added: 0x000001f6b8ecb8a0
Event: 0.612 Loaded shared library C:\Program Files\Java\jdk-18.0.2.1\bin\jimage.dll
Event: 0.629 Thread 0x000001f6b8ee8710 Thread added: 0x000001f6b8ee8710
Event: 0.855 Loaded shared library C:\Program Files\Java\openjfx-19_windows-x64_bin-sdk\javafx-sdk-19\bin\javafx_font.dll
Event: 1.470 Thread 0x000001f6be034330 Thread added: 0x000001f6be034330
Event: 1.521 Thread 0x000001f6b8534f40 Thread exited: 0x000001f6b8534f40
Event: 1.667 Thread 0x000001f6bdb3dcb0 Thread added: 0x000001f6bdb3dcb0
Event: 1.854 Thread 0x000001f6be032180 Thread added: 0x000001f6be032180
Event: 2.055 Thread 0x000001f6bdb3dcb0 Thread exited: 0x000001f6bdb3dcb0
Event: 4.592 Thread 0x000001f6bdbfe1d0 Thread added: 0x000001f6bdbfe1d0
Event: 5.146 Thread 0x000001f6bdbfe1d0 Thread exited: 0x000001f6bdbfe1d0
Event: 7.167 Thread 0x000001f6b42d17b0 Thread added: 0x000001f6b42d17b0
Event: 7.389 Thread 0x000001f6b42d17b0 Thread exited: 0x000001f6b42d17b0
Event: 8.017 Thread 0x000001f6b42d2160 Thread added: 0x000001f6b42d2160
Event: 8.498 Thread 0x000001f6b42d2160 Thread exited: 0x000001f6b42d2160
Event: 25.378 Thread 0x000001f6be3399e0 Thread added: 0x000001f6be3399e0
Event: 25.378 Thread 0x000001f6be339510 Thread added: 0x000001f6be339510
Event: 25.378 Thread 0x000001f6be337360 Thread added: 0x000001f6be337360
Event: 25.379 Thread 0x000001f6be339510 Thread exited: 0x000001f6be339510
Event: 25.380 Thread 0x000001f6be337360 Thread exited: 0x000001f6be337360


Dynamic libraries:
0x00007ff691320000 - 0x00007ff691330000 	C:\Program Files\Java\jdk-18.0.2.1\bin\java.exe
0x00007ffba56f0000 - 0x00007ffba58e8000 	C:\Windows\SYSTEM32\ntdll.dll
0x00007ffba3d30000 - 0x00007ffba3ded000 	C:\Windows\System32\KERNEL32.DLL
0x00007ffba3060000 - 0x00007ffba332e000 	C:\Windows\System32\KERNELBASE.dll
0x00007ffba2f30000 - 0x00007ffba3030000 	C:\Windows\System32\ucrtbase.dll
0x00007ffb9ddc0000 - 0x00007ffb9ddda000 	C:\Program Files\Java\jdk-18.0.2.1\bin\VCRUNTIME140.dll
0x00007ffb9e670000 - 0x00007ffb9e688000 	C:\Program Files\Java\jdk-18.0.2.1\bin\jli.dll
0x00007ffba4230000 - 0x00007ffba42de000 	C:\Windows\System32\ADVAPI32.dll
0x00007ffba4de0000 - 0x00007ffba4e7e000 	C:\Windows\System32\msvcrt.dll
0x00007ffba4180000 - 0x00007ffba421c000 	C:\Windows\System32\sechost.dll
0x00007ffba3df0000 - 0x00007ffba3f15000 	C:\Windows\System32\RPCRT4.dll
0x00007ffba42e0000 - 0x00007ffba4480000 	C:\Windows\System32\USER32.dll
0x00007ffba3030000 - 0x00007ffba3052000 	C:\Windows\System32\win32u.dll
0x00007ffb8dfa0000 - 0x00007ffb8e23a000 	C:\Windows\WinSxS\amd64_microsoft.windows.common-controls_6595b64144ccf1df_6.0.19041.1110_none_60b5254171f9507e\COMCTL32.dll
0x00007ffba4ef0000 - 0x00007ffba4f1a000 	C:\Windows\System32\GDI32.dll
0x00007ffba33c0000 - 0x00007ffba34cb000 	C:\Windows\System32\gdi32full.dll
0x00007ffba3550000 - 0x00007ffba35ed000 	C:\Windows\System32\msvcp_win.dll
0x00007ffb9d0b0000 - 0x00007ffb9d0ba000 	C:\Windows\SYSTEM32\VERSION.dll
0x00007ffba38c0000 - 0x00007ffba38f0000 	C:\Windows\System32\IMM32.DLL
0x00007ffb9e720000 - 0x00007ffb9e72c000 	C:\Program Files\Java\jdk-18.0.2.1\bin\vcruntime140_1.dll
0x00007ffb85e80000 - 0x00007ffb85f0d000 	C:\Program Files\Java\jdk-18.0.2.1\bin\msvcp140.dll
0x00007ffb431c0000 - 0x00007ffb43dd1000 	C:\Program Files\Java\jdk-18.0.2.1\bin\server\jvm.dll
0x00007ffba3f20000 - 0x00007ffba3f28000 	C:\Windows\System32\PSAPI.DLL
0x00007ffb8c640000 - 0x00007ffb8c649000 	C:\Windows\SYSTEM32\WSOCK32.dll
0x00007ffb8e400000 - 0x00007ffb8e427000 	C:\Windows\SYSTEM32\WINMM.dll
0x00007ffba4e80000 - 0x00007ffba4eeb000 	C:\Windows\System32\WS2_32.dll
0x00007ffba16a0000 - 0x00007ffba16b2000 	C:\Windows\SYSTEM32\kernel.appcore.dll
0x00007ffb9e660000 - 0x00007ffb9e66a000 	C:\Program Files\Java\jdk-18.0.2.1\bin\jimage.dll
0x00007ffba1480000 - 0x00007ffba1664000 	C:\Windows\SYSTEM32\DBGHELP.DLL
0x00007ffb89a50000 - 0x00007ffb89a7c000 	C:\Windows\SYSTEM32\dbgcore.DLL
0x00007ffba3330000 - 0x00007ffba33b2000 	C:\Windows\System32\bcryptPrimitives.dll
0x00007ffb9dbe0000 - 0x00007ffb9dbee000 	C:\Program Files\Java\jdk-18.0.2.1\bin\instrument.dll
0x00007ffb8bf70000 - 0x00007ffb8bf95000 	C:\Program Files\Java\jdk-18.0.2.1\bin\java.dll
0x00007ffb7d420000 - 0x00007ffb7d4f6000 	C:\Program Files\Java\jdk-18.0.2.1\bin\jsvml.dll
0x00007ffba4690000 - 0x00007ffba4dd4000 	C:\Windows\System32\SHELL32.dll
0x00007ffba0ce0000 - 0x00007ffba1474000 	C:\Windows\SYSTEM32\windows.storage.dll
0x00007ffba38f0000 - 0x00007ffba3c44000 	C:\Windows\System32\combase.dll
0x00007ffba2870000 - 0x00007ffba28a0000 	C:\Windows\SYSTEM32\Wldp.dll
0x00007ffba5600000 - 0x00007ffba56ad000 	C:\Windows\System32\SHCORE.dll
0x00007ffba4f20000 - 0x00007ffba4f75000 	C:\Windows\System32\shlwapi.dll
0x00007ffba2d50000 - 0x00007ffba2d6f000 	C:\Windows\SYSTEM32\profapi.dll
0x00007ffb9cdb0000 - 0x00007ffb9cdc3000 	C:\Program Files\Java\jdk-18.0.2.1\bin\net.dll
0x00007ffb905d0000 - 0x00007ffb906da000 	C:\Windows\SYSTEM32\WINHTTP.dll
0x00007ffba25d0000 - 0x00007ffba263a000 	C:\Windows\system32\mswsock.dll
0x00007ffb9cb00000 - 0x00007ffb9cb16000 	C:\Program Files\Java\jdk-18.0.2.1\bin\nio.dll
0x00007ffb9dbc0000 - 0x00007ffb9dbd8000 	C:\Program Files\Java\jdk-18.0.2.1\bin\zip.dll
0x00007ffb8c420000 - 0x00007ffb8c43a000 	C:\Program Files\JetBrains\IntelliJ IDEA Community Edition 2022.2.1\bin\breakgen64.dll
0x000001f694870000 - 0x000001f694873000 	C:\Program Files\Java\openjfx-19_windows-x64_bin-sdk\javafx-sdk-19\bin\api-ms-win-core-console-l1-1-0.dll
0x000001f694880000 - 0x000001f694883000 	C:\Program Files\Java\openjfx-19_windows-x64_bin-sdk\javafx-sdk-19\bin\api-ms-win-core-console-l1-2-0.dll
0x000001f6968b0000 - 0x000001f6968b3000 	C:\Program Files\Java\openjfx-19_windows-x64_bin-sdk\javafx-sdk-19\bin\api-ms-win-core-datetime-l1-1-0.dll
0x000001f6968c0000 - 0x000001f6968c3000 	C:\Program Files\Java\openjfx-19_windows-x64_bin-sdk\javafx-sdk-19\bin\api-ms-win-core-debug-l1-1-0.dll
0x000001f6968d0000 - 0x000001f6968d3000 	C:\Program Files\Java\openjfx-19_windows-x64_bin-sdk\javafx-sdk-19\bin\api-ms-win-core-errorhandling-l1-1-0.dll
0x000001f6968e0000 - 0x000001f6968e4000 	C:\Program Files\Java\openjfx-19_windows-x64_bin-sdk\javafx-sdk-19\bin\api-ms-win-core-file-l1-1-0.dll
0x000001f6968f0000 - 0x000001f6968f3000 	C:\Program Files\Java\openjfx-19_windows-x64_bin-sdk\javafx-sdk-19\bin\api-ms-win-core-file-l1-2-0.dll
0x000001f696900000 - 0x000001f696903000 	C:\Program Files\Java\openjfx-19_windows-x64_bin-sdk\javafx-sdk-19\bin\api-ms-win-core-file-l2-1-0.dll
0x000001f696910000 - 0x000001f696913000 	C:\Program Files\Java\openjfx-19_windows-x64_bin-sdk\javafx-sdk-19\bin\api-ms-win-core-handle-l1-1-0.dll
0x000001f696920000 - 0x000001f696923000 	C:\Program Files\Java\openjfx-19_windows-x64_bin-sdk\javafx-sdk-19\bin\api-ms-win-core-heap-l1-1-0.dll
0x000001f6b9000000 - 0x000001f6b9003000 	C:\Program Files\Java\openjfx-19_windows-x64_bin-sdk\javafx-sdk-19\bin\api-ms-win-core-interlocked-l1-1-0.dll
0x000001f6b9010000 - 0x000001f6b9013000 	C:\Program Files\Java\openjfx-19_windows-x64_bin-sdk\javafx-sdk-19\bin\api-ms-win-core-libraryloader-l1-1-0.dll
0x000001f6b9020000 - 0x000001f6b9023000 	C:\Program Files\Java\openjfx-19_windows-x64_bin-sdk\javafx-sdk-19\bin\api-ms-win-core-localization-l1-2-0.dll
0x000001f6b9030000 - 0x000001f6b9033000 	C:\Program Files\Java\openjfx-19_windows-x64_bin-sdk\javafx-sdk-19\bin\api-ms-win-core-memory-l1-1-0.dll
0x000001f6b9040000 - 0x000001f6b9043000 	C:\Program Files\Java\openjfx-19_windows-x64_bin-sdk\javafx-sdk-19\bin\api-ms-win-core-namedpipe-l1-1-0.dll
0x000001f6b9050000 - 0x000001f6b9053000 	C:\Program Files\Java\openjfx-19_windows-x64_bin-sdk\javafx-sdk-19\bin\api-ms-win-core-processenvironment-l1-1-0.dll
0x000001f6b9060000 - 0x000001f6b9063000 	C:\Program Files\Java\openjfx-19_windows-x64_bin-sdk\javafx-sdk-19\bin\api-ms-win-core-processthreads-l1-1-0.dll
0x000001f6b9070000 - 0x000001f6b9073000 	C:\Program Files\Java\openjfx-19_windows-x64_bin-sdk\javafx-sdk-19\bin\api-ms-win-core-processthreads-l1-1-1.dll
0x000001f6b9080000 - 0x000001f6b9083000 	C:\Program Files\Java\openjfx-19_windows-x64_bin-sdk\javafx-sdk-19\bin\api-ms-win-core-profile-l1-1-0.dll
0x000001f6b9090000 - 0x000001f6b9093000 	C:\Program Files\Java\openjfx-19_windows-x64_bin-sdk\javafx-sdk-19\bin\api-ms-win-core-rtlsupport-l1-1-0.dll
0x000001f6b90a0000 - 0x000001f6b90a3000 	C:\Program Files\Java\openjfx-19_windows-x64_bin-sdk\javafx-sdk-19\bin\api-ms-win-core-string-l1-1-0.dll
0x000001f6b90b0000 - 0x000001f6b90b3000 	C:\Program Files\Java\openjfx-19_windows-x64_bin-sdk\javafx-sdk-19\bin\api-ms-win-core-synch-l1-1-0.dll
0x000001f6b90c0000 - 0x000001f6b90c3000 	C:\Program Files\Java\openjfx-19_windows-x64_bin-sdk\javafx-sdk-19\bin\api-ms-win-core-synch-l1-2-0.dll
0x000001f6b90d0000 - 0x000001f6b90d3000 	C:\Program Files\Java\openjfx-19_windows-x64_bin-sdk\javafx-sdk-19\bin\api-ms-win-core-sysinfo-l1-1-0.dll
0x000001f6b90e0000 - 0x000001f6b90e3000 	C:\Program Files\Java\openjfx-19_windows-x64_bin-sdk\javafx-sdk-19\bin\api-ms-win-core-timezone-l1-1-0.dll
0x000001f6b90f0000 - 0x000001f6b90f3000 	C:\Program Files\Java\openjfx-19_windows-x64_bin-sdk\javafx-sdk-19\bin\api-ms-win-core-util-l1-1-0.dll
0x000001f6b9100000 - 0x000001f6b9103000 	C:\Program Files\Java\openjfx-19_windows-x64_bin-sdk\javafx-sdk-19\bin\api-ms-win-crt-conio-l1-1-0.dll
0x000001f6b9110000 - 0x000001f6b9114000 	C:\Program Files\Java\openjfx-19_windows-x64_bin-sdk\javafx-sdk-19\bin\api-ms-win-crt-convert-l1-1-0.dll
0x000001f6b9120000 - 0x000001f6b9123000 	C:\Program Files\Java\openjfx-19_windows-x64_bin-sdk\javafx-sdk-19\bin\api-ms-win-crt-environment-l1-1-0.dll
0x000001f6b9130000 - 0x000001f6b9133000 	C:\Program Files\Java\openjfx-19_windows-x64_bin-sdk\javafx-sdk-19\bin\api-ms-win-crt-filesystem-l1-1-0.dll
0x000001f6b9140000 - 0x000001f6b9143000 	C:\Program Files\Java\openjfx-19_windows-x64_bin-sdk\javafx-sdk-19\bin\api-ms-win-crt-heap-l1-1-0.dll
0x000001f6b9150000 - 0x000001f6b9153000 	C:\Program Files\Java\openjfx-19_windows-x64_bin-sdk\javafx-sdk-19\bin\api-ms-win-crt-locale-l1-1-0.dll
0x000001f6b9160000 - 0x000001f6b9165000 	C:\Program Files\Java\openjfx-19_windows-x64_bin-sdk\javafx-sdk-19\bin\api-ms-win-crt-math-l1-1-0.dll
0x000001f6b9170000 - 0x000001f6b9175000 	C:\Program Files\Java\openjfx-19_windows-x64_bin-sdk\javafx-sdk-19\bin\api-ms-win-crt-multibyte-l1-1-0.dll
0x000001f6b9180000 - 0x000001f6b9190000 	C:\Program Files\Java\openjfx-19_windows-x64_bin-sdk\javafx-sdk-19\bin\api-ms-win-crt-private-l1-1-0.dll
0x000001f6b9190000 - 0x000001f6b9193000 	C:\Program Files\Java\openjfx-19_windows-x64_bin-sdk\javafx-sdk-19\bin\api-ms-win-crt-process-l1-1-0.dll
0x000001f6b91a0000 - 0x000001f6b91a4000 	C:\Program Files\Java\openjfx-19_windows-x64_bin-sdk\javafx-sdk-19\bin\api-ms-win-crt-runtime-l1-1-0.dll
0x000001f6b91b0000 - 0x000001f6b91b4000 	C:\Program Files\Java\openjfx-19_windows-x64_bin-sdk\javafx-sdk-19\bin\api-ms-win-crt-stdio-l1-1-0.dll
0x000001f6b91c0000 - 0x000001f6b91c4000 	C:\Program Files\Java\openjfx-19_windows-x64_bin-sdk\javafx-sdk-19\bin\api-ms-win-crt-string-l1-1-0.dll
0x000001f6b91d0000 - 0x000001f6b91d3000 	C:\Program Files\Java\openjfx-19_windows-x64_bin-sdk\javafx-sdk-19\bin\api-ms-win-crt-time-l1-1-0.dll
0x000001f6b91e0000 - 0x000001f6b91e3000 	C:\Program Files\Java\openjfx-19_windows-x64_bin-sdk\javafx-sdk-19\bin\api-ms-win-crt-utility-l1-1-0.dll
0x00007ffb7d320000 - 0x00007ffb7d41c000 	C:\Program Files\Java\openjfx-19_windows-x64_bin-sdk\javafx-sdk-19\bin\ucrtbase.dll
0x00007ffb8bba0000 - 0x00007ffb8bbbb000 	C:\Program Files\Java\openjfx-19_windows-x64_bin-sdk\javafx-sdk-19\bin\vcruntime140.dll
0x00007ffb9ade0000 - 0x00007ffb9adec000 	C:\Program Files\Java\openjfx-19_windows-x64_bin-sdk\javafx-sdk-19\bin\vcruntime140_1.dll
0x00007ffb85df0000 - 0x00007ffb85e7e000 	C:\Program Files\Java\openjfx-19_windows-x64_bin-sdk\javafx-sdk-19\bin\msvcp140.dll
0x00007ffb8c460000 - 0x00007ffb8c469000 	C:\Program Files\Java\openjfx-19_windows-x64_bin-sdk\javafx-sdk-19\bin\msvcp140_1.dll
0x00007ffb8bb70000 - 0x00007ffb8bba0000 	C:\Program Files\Java\openjfx-19_windows-x64_bin-sdk\javafx-sdk-19\bin\msvcp140_2.dll
0x00007ffb85dc0000 - 0x00007ffb85dec000 	C:\Program Files\Java\openjfx-19_windows-x64_bin-sdk\javafx-sdk-19\bin\prism_d3d.dll
0x00007ffb91370000 - 0x00007ffb9153f000 	C:\Windows\system32\d3d9.dll
0x00007ffba0560000 - 0x00007ffba058f000 	C:\Windows\SYSTEM32\dwmapi.dll
0x00007ffba02d0000 - 0x00007ffba036e000 	C:\Windows\system32\uxtheme.dll
0x00007ffb45f60000 - 0x00007ffb460c5000 	C:\Windows\System32\DriverStore\FileRepository\72_lenovo_kabylake_hws_iigd_dch.inf_amd64_d630775471e98fa9\igdumdim64.dll
0x00007ffba4050000 - 0x00007ffba417a000 	C:\Windows\System32\ole32.dll
0x00007ffb35890000 - 0x00007ffb3a299000 	C:\Windows\System32\DriverStore\FileRepository\72_lenovo_kabylake_hws_iigd_dch.inf_amd64_d630775471e98fa9\igd9dxva64.dll
0x00007ffba5530000 - 0x00007ffba55fd000 	C:\Windows\System32\OLEAUT32.dll
0x00007ffba5030000 - 0x00007ffba549f000 	C:\Windows\System32\SETUPAPI.dll
0x00007ffba3500000 - 0x00007ffba354e000 	C:\Windows\System32\cfgmgr32.dll
0x00007ffba34d0000 - 0x00007ffba34f7000 	C:\Windows\System32\bcrypt.dll
0x00007ffb95970000 - 0x00007ffb95ca1000 	C:\Windows\System32\DriverStore\FileRepository\72_lenovo_kabylake_hws_iigd_dch.inf_amd64_d630775471e98fa9\igdgmm64.dll
0x00007ffb81a20000 - 0x00007ffb81a62000 	C:\Program Files\Java\openjfx-19_windows-x64_bin-sdk\javafx-sdk-19\bin\glass.dll
0x00007ffba37d0000 - 0x00007ffba38aa000 	C:\Windows\System32\COMDLG32.dll
0x00007ffba3f30000 - 0x00007ffba4045000 	C:\Windows\System32\MSCTF.dll
0x00007ffb8c320000 - 0x00007ffb8c347000 	C:\Windows\System32\DriverStore\FileRepository\72_lenovo_kabylake_hws_iigd_dch.inf_amd64_d630775471e98fa9\igdinfo64.dll
0x00007ffba27c0000 - 0x00007ffba27d8000 	C:\Windows\SYSTEM32\CRYPTSP.dll
0x00007ffba1ee0000 - 0x00007ffba1f14000 	C:\Windows\system32\rsaenh.dll
0x00007ffba27e0000 - 0x00007ffba27ec000 	C:\Windows\SYSTEM32\CRYPTBASE.dll
0x00007ffb91b30000 - 0x00007ffb9486c000 	C:\Windows\System32\DriverStore\FileRepository\72_lenovo_kabylake_hws_iigd_dch.inf_amd64_d630775471e98fa9\igc64.dll
0x00007ffb97d20000 - 0x00007ffb97d5b000 	C:\Windows\SYSTEM32\dxcore.dll
0x00007ffb7f110000 - 0x00007ffb7f124000 	C:\Program Files\Java\openjfx-19_windows-x64_bin-sdk\javafx-sdk-19\bin\javafx_font.dll
0x00007ffb90350000 - 0x00007ffb905cf000 	C:\Windows\SYSTEM32\dwrite.dll
0x00007ffba4f80000 - 0x00007ffba5029000 	C:\Windows\System32\clbcatq.dll
0x00007ffb9b2b0000 - 0x00007ffb9b464000 	C:\Windows\SYSTEM32\WindowsCodecs.dll
0x00007ffb73160000 - 0x00007ffb7319e000 	C:\Windows\system32\dataexchange.dll
0x00007ffb9e7c0000 - 0x00007ffb9ea23000 	C:\Windows\system32\d3d11.dll
0x00007ffb9f690000 - 0x00007ffb9f874000 	C:\Windows\system32\dcomp.dll
0x00007ffba1710000 - 0x00007ffba1803000 	C:\Windows\system32\dxgi.dll
0x00007ffb9b6f0000 - 0x00007ffb9b8f0000 	C:\Windows\system32\twinapi.appcore.dll
0x00007ffb7efd0000 - 0x00007ffb7f004000 	C:\Program Files\Common Files\Microsoft Shared\Ink\rtscom.dll
0x00007ffb95e10000 - 0x00007ffb95f09000 	C:\Windows\SYSTEM32\textinputframework.dll
0x00007ffb9ff60000 - 0x00007ffba0052000 	C:\Windows\System32\CoreMessaging.dll
0x00007ffb9fc00000 - 0x00007ffb9ff5e000 	C:\Windows\System32\CoreUIComponents.dll

dbghelp: loaded successfully - version: 4.0.5 - missing functions: none
symbol engine: initialized successfully - sym options: 0x614 - pdb path: .;C:\Program Files\Java\jdk-18.0.2.1\bin;C:\Windows\SYSTEM32;C:\Windows\WinSxS\amd64_microsoft.windows.common-controls_6595b64144ccf1df_6.0.19041.1110_none_60b5254171f9507e;C:\Program Files\Java\jdk-18.0.2.1\bin\server;C:\Program Files\JetBrains\IntelliJ IDEA Community Edition 2022.2.1\bin;C:\Program Files\Java\openjfx-19_windows-x64_bin-sdk\javafx-sdk-19\bin;C:\Windows\System32\DriverStore\FileRepository\72_lenovo_kabylake_hws_iigd_dch.inf_amd64_d630775471e98fa9;C:\Program Files\Common Files\Microsoft Shared\Ink

VM Arguments:
jvm_args: --module-path=C:/Program Files/Java/openjfx-19_windows-x64_bin-sdk/javafx-sdk-19/lib --add-modules=javafx.controls,javafx.fxml -javaagent:C:\Program Files\JetBrains\IntelliJ IDEA Community Edition 2022.2.1\lib\idea_rt.jar=59509:C:\Program Files\JetBrains\IntelliJ IDEA Community Edition 2022.2.1\bin -Dfile.encoding=UTF-8 -Dsun.stdout.encoding=UTF-8 -Dsun.stderr.encoding=UTF-8 
java_command: Client
java_class_path (initial): E:\prog 5\\kurs\out\production\Client;C:\Program Files\Java\openjfx-19_windows-x64_bin-sdk\javafx-sdk-19\lib\javafx-swt.jar;C:\Program Files\Java\openjfx-19_windows-x64_bin-sdk\javafx-sdk-19\lib\javafx.web.jar;C:\Program Files\Java\openjfx-19_windows-x64_bin-sdk\javafx-sdk-19\lib\javafx.base.jar;C:\Program Files\Java\openjfx-19_windows-x64_bin-sdk\javafx-sdk-19\lib\javafx.fxml.jar;C:\Program Files\Java\openjfx-19_windows-x64_bin-sdk\javafx-sdk-19\lib\javafx.media.jar;C:\Program Files\Java\openjfx-19_windows-x64_bin-sdk\javafx-sdk-19\lib\javafx.swing.jar;C:\Program Files\Java\openjfx-19_windows-x64_bin-sdk\javafx-sdk-19\lib\javafx.controls.jar;C:\Program Files\Java\openjfx-19_windows-x64_bin-sdk\javafx-sdk-19\lib\javafx.graphics.jar;C:\Users\\Downloads\mysql-connector-java-8.0.26.jar;E:\prog 5\\kurs\out\production\kurs;C:\Program Files\Java\jdk-18.0.2.1\lib\jrt-fs.jar
Launcher Type: SUN_STANDARD

[Global flags]
     intx CICompilerCount                          = 3                                         {product} {ergonomic}
     uint ConcGCThreads                            = 1                                         {product} {ergonomic}
     uint G1ConcRefinementThreads                  = 4                                         {product} {ergonomic}
   size_t G1HeapRegionSize                         = 1048576                                   {product} {ergonomic}
    uintx GCDrainStackTargetSize                   = 64                                        {product} {ergonomic}
   size_t InitialHeapSize                          = 134217728                                 {product} {ergonomic}
   size_t MarkStackSize                            = 4194304                                   {product} {ergonomic}
   size_t MaxHeapSize                              = 2116026368                                {product} {ergonomic}
   size_t MaxNewSize                               = 1268776960                                {product} {ergonomic}
   size_t MinHeapDeltaBytes                        = 1048576                                   {product} {ergonomic}
   size_t MinHeapSize                              = 8388608                                   {product} {ergonomic}
    uintx NonNMethodCodeHeapSize                   = 5832780                                {pd product} {ergonomic}
    uintx NonProfiledCodeHeapSize                  = 122912730                              {pd product} {ergonomic}
    uintx ProfiledCodeHeapSize                     = 122912730                              {pd product} {ergonomic}
    uintx ReservedCodeCacheSize                    = 251658240                              {pd product} {ergonomic}
     bool SegmentedCodeCache                       = true                                      {product} {ergonomic}
   size_t SoftMaxHeapSize                          = 2116026368                             {manageable} {ergonomic}
     bool UseCompressedClassPointers               = true                           {product lp64_product} {ergonomic}
     bool UseCompressedOops                        = true                           {product lp64_product} {ergonomic}
     bool UseG1GC                                  = true                                      {product} {ergonomic}
     bool UseLargePagesIndividualAllocation        = false                                  {pd product} {ergonomic}

Logging:
Log output configuration:
 #0: stdout all=off uptime,level,tags foldmultilines=false
 #1: stderr all=off uptime,level,tags foldmultilines=false

Environment Variables:
PATH=C:\Program Files\Common Files\Oracle\Java\javapath;C:\Program Files (x86)\Common Files\Oracle\Java\javapath;C:\Windows\system32;C:\Windows;C:\Windows\System32\Wbem;C:\Windows\System32\WindowsPowerShell\v1.0\;C:\Windows\System32\OpenSSH\;C:\Program Files (x86)\NVIDIA Corporation\PhysX\Common;C:\Program Files\NVIDIA Corporation\NVIDIA NvDLISR;C:\Program Files\Azure Data Studio\bin;C:\Program Files\MySQL\MySQL Shell 8.0\bin\;C:\Users\\AppData\Local\Microsoft\WindowsApps;;C:\Program Files\Azure Data Studio\bin
USERNAME=
OS=Windows_NT
PROCESSOR_IDENTIFIER=Intel64 Family 6 Model 142 Stepping 9, GenuineIntel



---------------  S Y S T E M  ---------------

OS:
 Windows 10 , 64 bit Build 19041 (10.0.19041.1806)
OS uptime: 0 days 0:45 hours

CPU: total 4 (initial active 4) (2 cores per cpu, 2 threads per core) family 6 model 142 stepping 9 microcode 0xd6, cx8, cmov, fxsr, ht, mmx, 3dnowpref, sse, sse2, sse3, ssse3, sse4.1, sse4.2, popcnt, lzcnt, tsc, tscinvbit, avx, avx2, aes, erms, clmul, bmi1, bmi2, adx, fma, vzeroupper, clflush, clflushopt

Memory: 4k page, system-wide physical 8066M (1894M free)
TotalPageFile size 14466M (AvailPageFile size 6534M)
current process WorkingSet (physical memory assigned to process): 185M, peak: 198M
current process commit charge ("private bytes"): 292M, peak: 305M

vm_info: Java HotSpot(TM) 64-Bit Server VM (18.0.2.1+1-1) for windows-amd64 JRE (18.0.2.1+1-1), built on Aug 16 2022 01:46:33 by "mach5one" with MS VC++ 16.8 / 16.9 (VS2019)

END.
