#
# A fatal error has been detected by the Java Runtime Environment:
#
#  EXCEPTION_ACCESS_VIOLATION (0xc0000005) at pc=0x00007ffb4bf563b7, pid=6020, tid=10460
#
# JRE version: Java(TM) SE Runtime Environment (18.0.2.1+1) (build 18.0.2.1+1-1)
# Java VM: Java HotSpot(TM) 64-Bit Server VM (18.0.2.1+1-1, mixed mode, sharing, tiered, compressed oops, compressed class ptrs, g1 gc, windows-amd64)
# Problematic frame:
# C  [glass.dll+0x263b7]
#
# No core dump will be written. Minidumps are not enabled by default on client versions of Windows
#
# If you would like to submit a bug report, please visit:
#   https://bugreport.java.com/bugreport/crash.jsp
#

---------------  S U M M A R Y ------------

Command Line: --module-path=C:/Program Files/Java/openjfx-19_windows-x64_bin-sdk/javafx-sdk-19/lib --add-modules=javafx.controls,javafx.fxml -javaagent:C:\Program Files\JetBrains\IntelliJ IDEA Community Edition 2022.2.1\lib\idea_rt.jar=57852:C:\Program Files\JetBrains\IntelliJ IDEA Community Edition 2022.2.1\bin -Dfile.encoding=UTF-8 -Dsun.stdout.encoding=UTF-8 -Dsun.stderr.encoding=UTF-8 Client

Host: Intel(R) Core(TM) i3-7130U CPU @ 2.70GHz, 4 cores, 7G,  Windows 10 , 64 bit Build 19041 (10.0.19041.1806)
Time: Mon Dec  5 22:05:02 2022  Windows 10 , 64 bit Build 19041 (10.0.19041.1806) elapsed time: 115.116704 seconds (0d 0h 1m 55s)

---------------  T H R E A D  ---------------

Current thread (0x0000022ae9f73850):  VMThread "VM Thread" [stack: 0x0000003f05800000,0x0000003f05900000] [id=10460]

Stack: [0x0000003f05800000,0x0000003f05900000],  sp=0x0000003f058fed60,  free space=1019k
Native frames: (J=compiled Java code, j=interpreted, Vv=VM code, C=native code)
C  [glass.dll+0x263b7]


siginfo: EXCEPTION_ACCESS_VIOLATION (0xc0000005), reading address 0x0000000000000000


Register to memory mapping:

RIP=0x00007ffb4bf563b7 glass.dll
RAX=0x0 is NULL
RBX=0x0000022ae9f89d28 is a global jni handle
RCX=0x0000022ae9f73850 points into unknown readable memory: 0x00007ffb43b6ea28 | 28 ea b6 43 fb 7f 00 00
RDX=0x0000003f058fed60 points into unknown readable memory: 0x0000000000000000 | 00 00 00 00 00 00 00 00
RSP=0x0000003f058fed60 points into unknown readable memory: 0x0000000000000000 | 00 00 00 00 00 00 00 00
RBP=0x0000022aef8ba898 points into unknown readable memory: 0x0000665993a71032 | 32 10 a7 93 59 66 00 00
RSI=0x0000022aef8ba870 points into unknown readable memory: 0xe02066586c4a3fe6 | e6 3f 4a 6c 58 66 20 e0
RDI=0x0000665993a71032 is an unknown value
R8 =0x0000000000010002 is an unknown value
R9 =0x0000665993a71032 is an unknown value
R10=0x0000000000008000 is an unknown value
R11=0x0000003f058fecf0 points into unknown readable memory: 0x0000022aef8ba870 | 70 a8 8b ef 2a 02 00 00
R12=0x00007ffb4bf53cf0 glass.dll
R13=0x00007ffb43d30c00 jvm.dll
R14=0x0000003f058fee58 points into unknown readable memory: 0x0000003f058fee40 | 40 ee 8f 05 3f 00 00 00
R15=0x0000022aef8ba870 points into unknown readable memory: 0xe02066586c4a3fe6 | e6 3f 4a 6c 58 66 20 e0


Registers:
RAX=0x0000000000000000, RBX=0x0000022ae9f89d28, RCX=0x0000022ae9f73850, RDX=0x0000003f058fed60
RSP=0x0000003f058fed60, RBP=0x0000022aef8ba898, RSI=0x0000022aef8ba870, RDI=0x0000665993a71032
R8 =0x0000000000010002, R9 =0x0000665993a71032, R10=0x0000000000008000, R11=0x0000003f058fecf0
R12=0x00007ffb4bf53cf0, R13=0x00007ffb43d30c00, R14=0x0000003f058fee58, R15=0x0000022aef8ba870
RIP=0x00007ffb4bf563b7, EFLAGS=0x0000000000010202

Top of Stack: (sp=0x0000003f058fed60)
0x0000003f058fed60:   0000000000000000 0000022aef8ba870
0x0000003f058fed70:   00007ffb43d30c00 00007ffb4bf53cf0
0x0000003f058fed80:   0000022aef8ba878 00007ffba2f442d6
0x0000003f058fed90:   0000665993a71032 0000022a00000000
0x0000003f058feda0:   0000022aef8ba898 0000022aef8ba870
0x0000003f058fedb0:   fffffffffffffffe 0000000000000000
0x0000003f058fedc0:   0000000000000001 00007ffb4bf30000
0x0000003f058fedd0:   0000003f058fee48 00007ffba2f441fb
0x0000003f058fede0:   0000000000000000 0000003f058fee58
0x0000003f058fedf0:   0000003f058ff120 00007ffba3020e40
0x0000003f058fee00:   0000000000000001 00007ffba2f441b4
0x0000003f058fee10:   0000000000000000 0000000000000001
0x0000003f058fee20:   00007ffb00000001 0000003f058fee48
0x0000003f058fee30:   0000000000000000 00007ffb4bf53b7d
0x0000003f058fee40:   00007ffb4bf69f88 00007ffb00000002
0x0000003f058fee50:   0000000000000002 0000003f058fee40 

Instructions: (pc=0x00007ffb4bf563b7)
0x00007ffb4bf562b7:   8b 4d 58 e8 7d cf ff ff 48 8b 4d 60 e8 74 cf ff
0x00007ffb4bf562c7:   ff 48 8b 95 80 00 00 00 48 8b 8d 18 01 00 00 e8
0x00007ffb4bf562d7:   66 c4 ff ff 33 d2 33 c9 e8 bc e1 ff ff 90 48 89
0x00007ffb4bf562e7:   54 24 10 55 48 83 ec 20 48 8b ea 48 b8 00 00 00
0x00007ffb4bf562f7:   00 00 00 00 00 48 83 c4 20 5d c3 cc 40 55 48 8b
0x00007ffb4bf56307:   ea 48 8b 01 33 c9 81 38 05 00 00 c0 0f 94 c1 8b
0x00007ffb4bf56317:   c1 5d c3 cc 40 55 48 83 ec 20 48 8b ea 8a 4d 40
0x00007ffb4bf56327:   48 83 c4 20 5d e9 63 d3 ff ff cc 40 55 48 83 ec
0x00007ffb4bf56337:   20 48 8b ea 8a 4d 20 e8 51 d3 ff ff 90 48 83 c4
0x00007ffb4bf56347:   20 5d c3 cc 40 55 48 83 ec 20 48 8b ea 48 83 c4
0x00007ffb4bf56357:   20 5d e9 b2 d1 ff ff cc 40 55 48 83 ec 30 48 8b
0x00007ffb4bf56367:   ea 48 8b 01 8b 10 48 89 4c 24 28 89 54 24 20 4c
0x00007ffb4bf56377:   8d 0d 53 d6 ff ff 4c 8b 45 70 8b 55 68 48 8b 4d
0x00007ffb4bf56387:   60 e8 f3 d0 ff ff 90 48 83 c4 30 5d c3 cc cc cc
0x00007ffb4bf56397:   cc cc cc cc cc cc cc cc cc 40 53 48 83 ec 20 48
0x00007ffb4bf563a7:   8b 1d db 35 01 00 48 85 db 74 16 e8 79 8b ff ff
0x00007ffb4bf563b7:   4c 8b 00 48 8b d3 48 8b c8 41 ff 90 b0 00 00 00
0x00007ffb4bf563c7:   90 48 83 c4 20 5b c3 cc cc 40 53 48 83 ec 20 48
0x00007ffb4bf563d7:   8b 1d 4b 37 01 00 48 85 db 74 57 b8 ff ff ff ff
0x00007ffb4bf563e7:   f0 0f c1 43 10 83 f8 01 75 3d 48 85 db 74 38 48
0x00007ffb4bf563f7:   8b 0b 48 85 c9 74 0d ff 15 a4 0e 00 00 48 c7 03
0x00007ffb4bf56407:   00 00 00 00 48 8b 4b 08 48 85 c9 74 0d e8 23 ce
0x00007ffb4bf56417:   ff ff 48 c7 43 08 00 00 00 00 ba 18 00 00 00 48
0x00007ffb4bf56427:   8b cb e8 0e ce ff ff 48 c7 05 ef 36 01 00 00 00
0x00007ffb4bf56437:   00 00 48 83 c4 20 5b c3 cc 40 53 48 83 ec 20 48
0x00007ffb4bf56447:   8b 1d bb 36 01 00 48 85 db 74 57 b8 ff ff ff ff
0x00007ffb4bf56457:   f0 0f c1 43 10 83 f8 01 75 3d 48 85 db 74 38 48
0x00007ffb4bf56467:   8b 0b 48 85 c9 74 0d ff 15 34 0e 00 00 48 c7 03
0x00007ffb4bf56477:   00 00 00 00 48 8b 4b 08 48 85 c9 74 0d e8 b3 cd
0x00007ffb4bf56487:   ff ff 48 c7 43 08 00 00 00 00 ba 18 00 00 00 48
0x00007ffb4bf56497:   8b cb e8 9e cd ff ff 48 c7 05 5f 36 01 00 00 00
0x00007ffb4bf564a7:   00 00 48 83 c4 20 5b c3 cc 40 53 48 83 ec 20 48 


Stack slot to memory mapping:
stack at sp + 0 slots: 0x0 is NULL
stack at sp + 1 slots: 0x0000022aef8ba870 points into unknown readable memory: 0xe02066586c4a3fe6 | e6 3f 4a 6c 58 66 20 e0
stack at sp + 2 slots: 0x00007ffb43d30c00 jvm.dll
stack at sp + 3 slots: 0x00007ffb4bf53cf0 glass.dll
stack at sp + 4 slots: 0x0000022aef8ba878 points into unknown readable memory: 0x0000665993a71032 | 32 10 a7 93 59 66 00 00
stack at sp + 5 slots: 0x00007ffba2f442d6 ucrtbase.dll
stack at sp + 6 slots: 0x0000665993a71032 is an unknown value
stack at sp + 7 slots: 0x0000022a00000000 is an unknown value

VM_Operation (0x0000003f04ffef30): Exit, mode: safepoint, requested by thread 0x0000022aefe1ed80


---------------  P R O C E S S  ---------------

Threads class SMR info:
_java_thread_list=0x0000022aefca7650, length=21, elements={
0x0000022acc6bf4c0, 0x0000022ae9f76ff0, 0x0000022ae9f78530, 0x0000022ae9f94250,
0x0000022ae9f97bb0, 0x0000022ae9f98690, 0x0000022ae9f99c40, 0x0000022ae9fa87a0,
0x0000022ae9fc30a0, 0x0000022acc786b40, 0x0000022aee79b500, 0x0000022aeef89830,
0x0000022aeee8b400, 0x0000022aeef87f60, 0x0000022aeecb98c0, 0x0000022aef921f00,
0x0000022aef9179e0, 0x0000022aef371430, 0x0000022aef3722a0, 0x0000022aefe1ed80,
0x0000022aefe20590
}

Java Threads: ( => current thread )
  0x0000022acc6bf4c0 JavaThread "main" [_thread_blocked, id=5524, stack(0x0000003f05200000,0x0000003f05300000)]
  0x0000022ae9f76ff0 JavaThread "Reference Handler" daemon [_thread_blocked, id=7152, stack(0x0000003f05900000,0x0000003f05a00000)]
  0x0000022ae9f78530 JavaThread "Finalizer" daemon [_thread_blocked, id=3220, stack(0x0000003f05a00000,0x0000003f05b00000)]
  0x0000022ae9f94250 JavaThread "Attach Listener" daemon [_thread_blocked, id=8700, stack(0x0000003f05c00000,0x0000003f05d00000)]
  0x0000022ae9f97bb0 JavaThread "Service Thread" daemon [_thread_blocked, id=1928, stack(0x0000003f05d00000,0x0000003f05e00000)]
  0x0000022ae9f98690 JavaThread "Monitor Deflation Thread" daemon [_thread_blocked, id=3868, stack(0x0000003f05e00000,0x0000003f05f00000)]
  0x0000022ae9f99c40 JavaThread "C2 CompilerThread0" daemon [_thread_blocked, id=6820, stack(0x0000003f05f00000,0x0000003f06000000)]
  0x0000022ae9fa87a0 JavaThread "C1 CompilerThread0" daemon [_thread_blocked, id=3388, stack(0x0000003f06000000,0x0000003f06100000)]
  0x0000022ae9fc30a0 JavaThread "Sweeper thread" daemon [_thread_blocked, id=5352, stack(0x0000003f06100000,0x0000003f06200000)]
  0x0000022acc786b40 JavaThread "Common-Cleaner" daemon [_thread_blocked, id=8840, stack(0x0000003f06200000,0x0000003f06300000)]
  0x0000022aee79b500 JavaThread "Monitor Ctrl-Break" daemon [_thread_in_native, id=8400, stack(0x0000003f06400000,0x0000003f06500000)]
  0x0000022aeef89830 JavaThread "Notification Thread" daemon [_thread_blocked, id=9444, stack(0x0000003f06500000,0x0000003f06600000)]
  0x0000022aeee8b400 JavaThread "QuantumRenderer-0" daemon [_thread_blocked, id=10660, stack(0x0000003f06700000,0x0000003f06800000)]
  0x0000022aeef87f60 JavaThread "InvokeLaterDispatcher" daemon [_thread_blocked, id=6508, stack(0x0000003f06800000,0x0000003f06900000)]
  0x0000022aeecb98c0 JavaThread "JavaFX Application Thread" [_thread_in_native, id=10688, stack(0x0000003f06900000,0x0000003f06a00000)]
  0x0000022aef921f00 JavaThread "Thread-1" daemon [_thread_in_native, id=10084, stack(0x0000003f07000000,0x0000003f07100000)]
  0x0000022aef9179e0 JavaThread "JavaFX-Launcher" [_thread_blocked, id=8276, stack(0x0000003f07100000,0x0000003f07200000)]
  0x0000022aef371430 JavaThread "Prism Font Disposer" daemon [_thread_blocked, id=1272, stack(0x0000003f07500000,0x0000003f07600000)]
  0x0000022aef3722a0 JavaThread "Cleaner-0" daemon [_thread_blocked, id=4716, stack(0x0000003f07600000,0x0000003f07700000)]
  0x0000022aefe1ed80 JavaThread "SIGINT handler" daemon [_thread_blocked, id=1620, stack(0x0000003f04f00000,0x0000003f05000000)]
  0x0000022aefe20590 JavaThread "Glass/Prism Shutdown Hook" [_thread_blocked, id=9984, stack(0x0000003f05000000,0x0000003f05100000)]

Other Threads:
=>0x0000022ae9f73850 VMThread "VM Thread" [stack: 0x0000003f05800000,0x0000003f05900000] [id=10460]
  0x0000022acc71e070 WorkerThread "GC Thread#0" [stack: 0x0000003f05300000,0x0000003f05400000] [id=8668]
  0x0000022aeefda790 WorkerThread "GC Thread#1" [stack: 0x0000003f06a00000,0x0000003f06b00000] [id=10180]
  0x0000022aee53d3b0 WorkerThread "GC Thread#2" [stack: 0x0000003f06b00000,0x0000003f06c00000] [id=2672]
  0x0000022aeef88420 WorkerThread "GC Thread#3" [stack: 0x0000003f06c00000,0x0000003f06d00000] [id=7984]
  0x0000022acc72fbf0 ConcurrentGCThread "G1 Main Marker" terminated
  0x0000022acc7315f0 WorkerThread "G1 Conc#0" [stack: 0x0000003f05500000,0x0000003f05600000] [id=8268]
  0x0000022acc770700 ConcurrentGCThread "G1 Refine#0" terminated
  0x0000022acc771010 ConcurrentGCThread "G1 Service" terminated

Threads with active compile tasks:

VM state: at safepoint (shutting down)

VM Mutex/Monitor currently owned by a thread:  ([mutex/lock_event])
[0x0000022acc6bcb40] Threads_lock - owner thread: 0x0000022ae9f73850
[0x0000022acc6bad70] Heap_lock - owner thread: 0x0000022aefe1ed80

Heap address: 0x0000000081e00000, size: 2018 MB, Compressed Oops mode: 32-bit

CDS archive(s) mapped at: [0x0000000800000000-0x0000000800ba0000-0x0000000800ba0000), size 12189696, SharedBaseAddress: 0x0000000800000000, ArchiveRelocationMode: 0.
Compressed class space mapped at: 0x0000000800c00000-0x0000000840c00000, reserved size: 1073741824
Narrow klass base: 0x0000000800000000, Narrow klass shift: 0, Narrow klass range: 0x100000000

GC Precious Log:
 CardTable entry size: 512
 Card Set container configuration: InlinePtr #cards 5 size 8 Array Of Cards #cards 12 size 40 Howl #buckets 4 coarsen threshold 1843 Howl Bitmap #cards 512 size 80 coarsen threshold 460 Card regions per heap region 1 cards per card region 2048
 CPUs: 4 total, 4 available
 Memory: 8066M
 Large Page Support: Disabled
 NUMA Support: Disabled
 Compressed Oops: Enabled (32-bit)
 Heap Region Size: 1M
 Heap Min Capacity: 8M
 Heap Initial Capacity: 128M
 Heap Max Capacity: 2018M
 Pre-touch: Disabled
 Parallel Workers: 4
 Concurrent Workers: 1
 Concurrent Refinement Workers: 4
 Periodic GC: Disabled

Heap:
 garbage-first heap   total 131072K, used 70504K [0x0000000081e00000, 0x0000000100000000)
  region size 1024K, 67 young (68608K), 3 survivors (3072K)
 Metaspace       used 19394K, committed 19776K, reserved 1114112K
  class space    used 2733K, committed 2944K, reserved 1048576K

Heap Regions: E=young(eden), S=young(survivor), O=old, HS=humongous(starts), HC=humongous(continues), CS=collection set, F=free, OA=open archive, CA=closed archive, TAMS=top-at-mark-start (previous, next)
|   0|0x0000000081e00000, 0x0000000081f00000, 0x0000000081f00000|100%| O|  |TAMS 0x0000000081e00000, 0x0000000081e00000| Untracked 
|   1|0x0000000081f00000, 0x0000000082000000, 0x0000000082000000|100%| O|  |TAMS 0x0000000081f00000, 0x0000000081f00000| Untracked 
|   2|0x0000000082000000, 0x0000000082005a00, 0x0000000082100000|  2%| O|  |TAMS 0x0000000082000000, 0x0000000082000000| Untracked 
|   3|0x0000000082100000, 0x0000000082200000, 0x0000000082200000|100%|HS|  |TAMS 0x0000000082100000, 0x0000000082100000| Complete 
|   4|0x0000000082200000, 0x0000000082300000, 0x0000000082300000|100%|HC|  |TAMS 0x0000000082200000, 0x0000000082200000| Complete 
|   5|0x0000000082300000, 0x0000000082300000, 0x0000000082400000|  0%| F|  |TAMS 0x0000000082300000, 0x0000000082300000| Untracked 
|   6|0x0000000082400000, 0x0000000082400000, 0x0000000082500000|  0%| F|  |TAMS 0x0000000082400000, 0x0000000082400000| Untracked 
|   7|0x0000000082500000, 0x0000000082500000, 0x0000000082600000|  0%| F|  |TAMS 0x0000000082500000, 0x0000000082500000| Untracked 
|   8|0x0000000082600000, 0x0000000082600000, 0x0000000082700000|  0%| F|  |TAMS 0x0000000082600000, 0x0000000082600000| Untracked 
|   9|0x0000000082700000, 0x0000000082700000, 0x0000000082800000|  0%| F|  |TAMS 0x0000000082700000, 0x0000000082700000| Untracked 
|  10|0x0000000082800000, 0x0000000082800000, 0x0000000082900000|  0%| F|  |TAMS 0x0000000082800000, 0x0000000082800000| Untracked 
|  11|0x0000000082900000, 0x0000000082900000, 0x0000000082a00000|  0%| F|  |TAMS 0x0000000082900000, 0x0000000082900000| Untracked 
|  12|0x0000000082a00000, 0x0000000082a00000, 0x0000000082b00000|  0%| F|  |TAMS 0x0000000082a00000, 0x0000000082a00000| Untracked 
|  13|0x0000000082b00000, 0x0000000082b00000, 0x0000000082c00000|  0%| F|  |TAMS 0x0000000082b00000, 0x0000000082b00000| Untracked 
|  14|0x0000000082c00000, 0x0000000082c00000, 0x0000000082d00000|  0%| F|  |TAMS 0x0000000082c00000, 0x0000000082c00000| Untracked 
|  15|0x0000000082d00000, 0x0000000082d00000, 0x0000000082e00000|  0%| F|  |TAMS 0x0000000082d00000, 0x0000000082d00000| Untracked 
|  16|0x0000000082e00000, 0x0000000082e00000, 0x0000000082f00000|  0%| F|  |TAMS 0x0000000082e00000, 0x0000000082e00000| Untracked 
|  17|0x0000000082f00000, 0x0000000082f00000, 0x0000000083000000|  0%| F|  |TAMS 0x0000000082f00000, 0x0000000082f00000| Untracked 
|  18|0x0000000083000000, 0x0000000083000000, 0x0000000083100000|  0%| F|  |TAMS 0x0000000083000000, 0x0000000083000000| Untracked 
|  19|0x0000000083100000, 0x0000000083100000, 0x0000000083200000|  0%| F|  |TAMS 0x0000000083100000, 0x0000000083100000| Untracked 
|  20|0x0000000083200000, 0x0000000083200000, 0x0000000083300000|  0%| F|  |TAMS 0x0000000083200000, 0x0000000083200000| Untracked 
|  21|0x0000000083300000, 0x0000000083300000, 0x0000000083400000|  0%| F|  |TAMS 0x0000000083300000, 0x0000000083300000| Untracked 
|  22|0x0000000083400000, 0x0000000083400000, 0x0000000083500000|  0%| F|  |TAMS 0x0000000083400000, 0x0000000083400000| Untracked 
|  23|0x0000000083500000, 0x0000000083500000, 0x0000000083600000|  0%| F|  |TAMS 0x0000000083500000, 0x0000000083500000| Untracked 
|  24|0x0000000083600000, 0x0000000083600000, 0x0000000083700000|  0%| F|  |TAMS 0x0000000083600000, 0x0000000083600000| Untracked 
|  25|0x0000000083700000, 0x0000000083700000, 0x0000000083800000|  0%| F|  |TAMS 0x0000000083700000, 0x0000000083700000| Untracked 
|  26|0x0000000083800000, 0x0000000083800000, 0x0000000083900000|  0%| F|  |TAMS 0x0000000083800000, 0x0000000083800000| Untracked 
|  27|0x0000000083900000, 0x0000000083900000, 0x0000000083a00000|  0%| F|  |TAMS 0x0000000083900000, 0x0000000083900000| Untracked 
|  28|0x0000000083a00000, 0x0000000083a00000, 0x0000000083b00000|  0%| F|  |TAMS 0x0000000083a00000, 0x0000000083a00000| Untracked 
|  29|0x0000000083b00000, 0x0000000083b00000, 0x0000000083c00000|  0%| F|  |TAMS 0x0000000083b00000, 0x0000000083b00000| Untracked 
|  30|0x0000000083c00000, 0x0000000083c00000, 0x0000000083d00000|  0%| F|  |TAMS 0x0000000083c00000, 0x0000000083c00000| Untracked 
|  31|0x0000000083d00000, 0x0000000083d00000, 0x0000000083e00000|  0%| F|  |TAMS 0x0000000083d00000, 0x0000000083d00000| Untracked 
|  32|0x0000000083e00000, 0x0000000083e00000, 0x0000000083f00000|  0%| F|  |TAMS 0x0000000083e00000, 0x0000000083e00000| Untracked 
|  33|0x0000000083f00000, 0x0000000083f00000, 0x0000000084000000|  0%| F|  |TAMS 0x0000000083f00000, 0x0000000083f00000| Untracked 
|  34|0x0000000084000000, 0x0000000084000000, 0x0000000084100000|  0%| F|  |TAMS 0x0000000084000000, 0x0000000084000000| Untracked 
|  35|0x0000000084100000, 0x0000000084100000, 0x0000000084200000|  0%| F|  |TAMS 0x0000000084100000, 0x0000000084100000| Untracked 
|  36|0x0000000084200000, 0x0000000084200000, 0x0000000084300000|  0%| F|  |TAMS 0x0000000084200000, 0x0000000084200000| Untracked 
|  37|0x0000000084300000, 0x0000000084300000, 0x0000000084400000|  0%| F|  |TAMS 0x0000000084300000, 0x0000000084300000| Untracked 
|  38|0x0000000084400000, 0x0000000084400000, 0x0000000084500000|  0%| F|  |TAMS 0x0000000084400000, 0x0000000084400000| Untracked 
|  39|0x0000000084500000, 0x0000000084500000, 0x0000000084600000|  0%| F|  |TAMS 0x0000000084500000, 0x0000000084500000| Untracked 
|  40|0x0000000084600000, 0x0000000084600000, 0x0000000084700000|  0%| F|  |TAMS 0x0000000084600000, 0x0000000084600000| Untracked 
|  41|0x0000000084700000, 0x0000000084700000, 0x0000000084800000|  0%| F|  |TAMS 0x0000000084700000, 0x0000000084700000| Untracked 
|  42|0x0000000084800000, 0x0000000084800000, 0x0000000084900000|  0%| F|  |TAMS 0x0000000084800000, 0x0000000084800000| Untracked 
|  43|0x0000000084900000, 0x0000000084900000, 0x0000000084a00000|  0%| F|  |TAMS 0x0000000084900000, 0x0000000084900000| Untracked 
|  44|0x0000000084a00000, 0x0000000084a00000, 0x0000000084b00000|  0%| F|  |TAMS 0x0000000084a00000, 0x0000000084a00000| Untracked 
|  45|0x0000000084b00000, 0x0000000084b00000, 0x0000000084c00000|  0%| F|  |TAMS 0x0000000084b00000, 0x0000000084b00000| Untracked 
|  46|0x0000000084c00000, 0x0000000084c00000, 0x0000000084d00000|  0%| F|  |TAMS 0x0000000084c00000, 0x0000000084c00000| Untracked 
|  47|0x0000000084d00000, 0x0000000084d00000, 0x0000000084e00000|  0%| F|  |TAMS 0x0000000084d00000, 0x0000000084d00000| Untracked 
|  48|0x0000000084e00000, 0x0000000084e00000, 0x0000000084f00000|  0%| F|  |TAMS 0x0000000084e00000, 0x0000000084e00000| Untracked 
|  49|0x0000000084f00000, 0x0000000084f00000, 0x0000000085000000|  0%| F|  |TAMS 0x0000000084f00000, 0x0000000084f00000| Untracked 
|  50|0x0000000085000000, 0x0000000085000000, 0x0000000085100000|  0%| F|  |TAMS 0x0000000085000000, 0x0000000085000000| Untracked 
|  51|0x0000000085100000, 0x0000000085100000, 0x0000000085200000|  0%| F|  |TAMS 0x0000000085100000, 0x0000000085100000| Untracked 
|  52|0x0000000085200000, 0x0000000085200000, 0x0000000085300000|  0%| F|  |TAMS 0x0000000085200000, 0x0000000085200000| Untracked 
|  53|0x0000000085300000, 0x0000000085300000, 0x0000000085400000|  0%| F|  |TAMS 0x0000000085300000, 0x0000000085300000| Untracked 
|  54|0x0000000085400000, 0x0000000085400000, 0x0000000085500000|  0%| F|  |TAMS 0x0000000085400000, 0x0000000085400000| Untracked 
|  55|0x0000000085500000, 0x0000000085500000, 0x0000000085600000|  0%| F|  |TAMS 0x0000000085500000, 0x0000000085500000| Untracked 
|  56|0x0000000085600000, 0x0000000085600000, 0x0000000085700000|  0%| F|  |TAMS 0x0000000085600000, 0x0000000085600000| Untracked 
|  57|0x0000000085700000, 0x0000000085700000, 0x0000000085800000|  0%| F|  |TAMS 0x0000000085700000, 0x0000000085700000| Untracked 
|  58|0x0000000085800000, 0x0000000085800000, 0x0000000085900000|  0%| F|  |TAMS 0x0000000085800000, 0x0000000085800000| Untracked 
|  59|0x0000000085900000, 0x0000000085900000, 0x0000000085a00000|  0%| F|  |TAMS 0x0000000085900000, 0x0000000085900000| Untracked 
|  60|0x0000000085a00000, 0x0000000085a00000, 0x0000000085b00000|  0%| F|  |TAMS 0x0000000085a00000, 0x0000000085a00000| Untracked 
|  61|0x0000000085b00000, 0x0000000085b00800, 0x0000000085c00000|  0%| E|  |TAMS 0x0000000085b00000, 0x0000000085b00000| Complete 
|  62|0x0000000085c00000, 0x0000000085d00000, 0x0000000085d00000|100%| E|CS|TAMS 0x0000000085c00000, 0x0000000085c00000| Complete 
|  63|0x0000000085d00000, 0x0000000085e00000, 0x0000000085e00000|100%| E|CS|TAMS 0x0000000085d00000, 0x0000000085d00000| Complete 
|  64|0x0000000085e00000, 0x0000000085f00000, 0x0000000085f00000|100%| E|CS|TAMS 0x0000000085e00000, 0x0000000085e00000| Complete 
|  65|0x0000000085f00000, 0x0000000086000000, 0x0000000086000000|100%| E|CS|TAMS 0x0000000085f00000, 0x0000000085f00000| Complete 
|  66|0x0000000086000000, 0x0000000086100000, 0x0000000086100000|100%| E|CS|TAMS 0x0000000086000000, 0x0000000086000000| Complete 
|  67|0x0000000086100000, 0x0000000086200000, 0x0000000086200000|100%| E|CS|TAMS 0x0000000086100000, 0x0000000086100000| Complete 
|  68|0x0000000086200000, 0x0000000086300000, 0x0000000086300000|100%| E|CS|TAMS 0x0000000086200000, 0x0000000086200000| Complete 
|  69|0x0000000086300000, 0x0000000086400000, 0x0000000086400000|100%| E|CS|TAMS 0x0000000086300000, 0x0000000086300000| Complete 
|  70|0x0000000086400000, 0x0000000086500000, 0x0000000086500000|100%| E|CS|TAMS 0x0000000086400000, 0x0000000086400000| Complete 
|  71|0x0000000086500000, 0x0000000086600000, 0x0000000086600000|100%| E|CS|TAMS 0x0000000086500000, 0x0000000086500000| Complete 
|  72|0x0000000086600000, 0x0000000086700000, 0x0000000086700000|100%| E|CS|TAMS 0x0000000086600000, 0x0000000086600000| Complete 
|  73|0x0000000086700000, 0x0000000086800000, 0x0000000086800000|100%| E|CS|TAMS 0x0000000086700000, 0x0000000086700000| Complete 
|  74|0x0000000086800000, 0x0000000086900000, 0x0000000086900000|100%| E|CS|TAMS 0x0000000086800000, 0x0000000086800000| Complete 
|  75|0x0000000086900000, 0x0000000086a00000, 0x0000000086a00000|100%| E|CS|TAMS 0x0000000086900000, 0x0000000086900000| Complete 
|  76|0x0000000086a00000, 0x0000000086b00000, 0x0000000086b00000|100%| E|CS|TAMS 0x0000000086a00000, 0x0000000086a00000| Complete 
|  77|0x0000000086b00000, 0x0000000086c00000, 0x0000000086c00000|100%| E|CS|TAMS 0x0000000086b00000, 0x0000000086b00000| Complete 
|  78|0x0000000086c00000, 0x0000000086d00000, 0x0000000086d00000|100%| E|CS|TAMS 0x0000000086c00000, 0x0000000086c00000| Complete 
|  79|0x0000000086d00000, 0x0000000086e00000, 0x0000000086e00000|100%| E|CS|TAMS 0x0000000086d00000, 0x0000000086d00000| Complete 
|  80|0x0000000086e00000, 0x0000000086f00000, 0x0000000086f00000|100%| E|CS|TAMS 0x0000000086e00000, 0x0000000086e00000| Complete 
|  81|0x0000000086f00000, 0x0000000087000000, 0x0000000087000000|100%| E|CS|TAMS 0x0000000086f00000, 0x0000000086f00000| Complete 
|  82|0x0000000087000000, 0x0000000087100000, 0x0000000087100000|100%| E|CS|TAMS 0x0000000087000000, 0x0000000087000000| Complete 
|  83|0x0000000087100000, 0x0000000087200000, 0x0000000087200000|100%| E|CS|TAMS 0x0000000087100000, 0x0000000087100000| Complete 
|  84|0x0000000087200000, 0x0000000087300000, 0x0000000087300000|100%| E|CS|TAMS 0x0000000087200000, 0x0000000087200000| Complete 
|  85|0x0000000087300000, 0x0000000087400000, 0x0000000087400000|100%| E|CS|TAMS 0x0000000087300000, 0x0000000087300000| Complete 
|  86|0x0000000087400000, 0x0000000087500000, 0x0000000087500000|100%| E|CS|TAMS 0x0000000087400000, 0x0000000087400000| Complete 
|  87|0x0000000087500000, 0x0000000087600000, 0x0000000087600000|100%| E|CS|TAMS 0x0000000087500000, 0x0000000087500000| Complete 
|  88|0x0000000087600000, 0x0000000087700000, 0x0000000087700000|100%| E|CS|TAMS 0x0000000087600000, 0x0000000087600000| Complete 
|  89|0x0000000087700000, 0x0000000087800000, 0x0000000087800000|100%| E|CS|TAMS 0x0000000087700000, 0x0000000087700000| Complete 
|  90|0x0000000087800000, 0x0000000087900000, 0x0000000087900000|100%| E|CS|TAMS 0x0000000087800000, 0x0000000087800000| Complete 
|  91|0x0000000087900000, 0x0000000087a00000, 0x0000000087a00000|100%| E|CS|TAMS 0x0000000087900000, 0x0000000087900000| Complete 
|  92|0x0000000087a00000, 0x0000000087b00000, 0x0000000087b00000|100%| E|CS|TAMS 0x0000000087a00000, 0x0000000087a00000| Complete 
|  93|0x0000000087b00000, 0x0000000087c00000, 0x0000000087c00000|100%| E|CS|TAMS 0x0000000087b00000, 0x0000000087b00000| Complete 
|  94|0x0000000087c00000, 0x0000000087d00000, 0x0000000087d00000|100%| E|CS|TAMS 0x0000000087c00000, 0x0000000087c00000| Complete 
|  95|0x0000000087d00000, 0x0000000087e00000, 0x0000000087e00000|100%| E|CS|TAMS 0x0000000087d00000, 0x0000000087d00000| Complete 
|  96|0x0000000087e00000, 0x0000000087f00000, 0x0000000087f00000|100%| E|CS|TAMS 0x0000000087e00000, 0x0000000087e00000| Complete 
|  97|0x0000000087f00000, 0x0000000088000000, 0x0000000088000000|100%| E|CS|TAMS 0x0000000087f00000, 0x0000000087f00000| Complete 
|  98|0x0000000088000000, 0x0000000088100000, 0x0000000088100000|100%| E|CS|TAMS 0x0000000088000000, 0x0000000088000000| Complete 
|  99|0x0000000088100000, 0x0000000088200000, 0x0000000088200000|100%| E|CS|TAMS 0x0000000088100000, 0x0000000088100000| Complete 
| 100|0x0000000088200000, 0x0000000088300000, 0x0000000088300000|100%| E|CS|TAMS 0x0000000088200000, 0x0000000088200000| Complete 
| 101|0x0000000088300000, 0x00000000883fffe8, 0x0000000088400000| 99%| E|  |TAMS 0x0000000088300000, 0x0000000088300000| Complete 
| 102|0x0000000088400000, 0x0000000088500000, 0x0000000088500000|100%| E|CS|TAMS 0x0000000088400000, 0x0000000088400000| Complete 
| 103|0x0000000088500000, 0x0000000088600000, 0x0000000088600000|100%| E|CS|TAMS 0x0000000088500000, 0x0000000088500000| Complete 
| 104|0x0000000088600000, 0x0000000088700000, 0x0000000088700000|100%| E|CS|TAMS 0x0000000088600000, 0x0000000088600000| Complete 
| 105|0x0000000088700000, 0x0000000088800000, 0x0000000088800000|100%| E|CS|TAMS 0x0000000088700000, 0x0000000088700000| Complete 
| 106|0x0000000088800000, 0x00000000888d4680, 0x0000000088900000| 82%| S|CS|TAMS 0x0000000088800000, 0x0000000088800000| Complete 
| 107|0x0000000088900000, 0x0000000088a00000, 0x0000000088a00000|100%| S|CS|TAMS 0x0000000088900000, 0x0000000088900000| Complete 
| 108|0x0000000088a00000, 0x0000000088b00000, 0x0000000088b00000|100%| S|CS|TAMS 0x0000000088a00000, 0x0000000088a00000| Complete 
| 109|0x0000000088b00000, 0x0000000088c00000, 0x0000000088c00000|100%| E|CS|TAMS 0x0000000088b00000, 0x0000000088b00000| Complete 
| 110|0x0000000088c00000, 0x0000000088d00000, 0x0000000088d00000|100%| E|CS|TAMS 0x0000000088c00000, 0x0000000088c00000| Complete 
| 111|0x0000000088d00000, 0x0000000088e00000, 0x0000000088e00000|100%| E|CS|TAMS 0x0000000088d00000, 0x0000000088d00000| Complete 
| 112|0x0000000088e00000, 0x0000000088f00000, 0x0000000088f00000|100%| E|CS|TAMS 0x0000000088e00000, 0x0000000088e00000| Complete 
| 113|0x0000000088f00000, 0x0000000089000000, 0x0000000089000000|100%| E|CS|TAMS 0x0000000088f00000, 0x0000000088f00000| Complete 
| 114|0x0000000089000000, 0x0000000089100000, 0x0000000089100000|100%| E|CS|TAMS 0x0000000089000000, 0x0000000089000000| Complete 
| 115|0x0000000089100000, 0x0000000089200000, 0x0000000089200000|100%| E|CS|TAMS 0x0000000089100000, 0x0000000089100000| Complete 
| 116|0x0000000089200000, 0x0000000089300000, 0x0000000089300000|100%| E|CS|TAMS 0x0000000089200000, 0x0000000089200000| Complete 
| 117|0x0000000089300000, 0x0000000089400000, 0x0000000089400000|100%| E|CS|TAMS 0x0000000089300000, 0x0000000089300000| Complete 
| 118|0x0000000089400000, 0x0000000089500000, 0x0000000089500000|100%| E|CS|TAMS 0x0000000089400000, 0x0000000089400000| Complete 
| 119|0x0000000089500000, 0x0000000089600000, 0x0000000089600000|100%| E|CS|TAMS 0x0000000089500000, 0x0000000089500000| Complete 
| 120|0x0000000089600000, 0x0000000089700000, 0x0000000089700000|100%| E|CS|TAMS 0x0000000089600000, 0x0000000089600000| Complete 
| 121|0x0000000089700000, 0x0000000089800000, 0x0000000089800000|100%| E|CS|TAMS 0x0000000089700000, 0x0000000089700000| Complete 
| 122|0x0000000089800000, 0x0000000089900000, 0x0000000089900000|100%| E|CS|TAMS 0x0000000089800000, 0x0000000089800000| Complete 
| 123|0x0000000089900000, 0x0000000089a00000, 0x0000000089a00000|100%| E|CS|TAMS 0x0000000089900000, 0x0000000089900000| Complete 
| 124|0x0000000089a00000, 0x0000000089b00000, 0x0000000089b00000|100%| E|CS|TAMS 0x0000000089a00000, 0x0000000089a00000| Complete 
| 125|0x0000000089b00000, 0x0000000089c00000, 0x0000000089c00000|100%| E|CS|TAMS 0x0000000089b00000, 0x0000000089b00000| Complete 
| 126|0x0000000089c00000, 0x0000000089d00000, 0x0000000089d00000|100%| E|CS|TAMS 0x0000000089c00000, 0x0000000089c00000| Complete 
| 127|0x0000000089d00000, 0x0000000089e00000, 0x0000000089e00000|100%| E|CS|TAMS 0x0000000089d00000, 0x0000000089d00000| Complete 

Card table byte_map: [0x0000022ae3400000,0x0000022ae3800000] _byte_map_base: 0x0000022ae2ff1000

Marking Bits (Prev, Next): (CMBitMap*) 0x0000022acc71f680, (CMBitMap*) 0x0000022acc71f6c0
 Prev Bits: [0x0000022ae3c00000, 0x0000022ae5b88000)
 Next Bits: [0x0000022ae5b90000, 0x0000022ae7b18000)

Polling page: 0x0000022acbe90000

Metaspace:

Usage:
  Non-class:     16.27 MB used.
      Class:      2.67 MB used.
       Both:     18.94 MB used.

Virtual space:
  Non-class space:       64.00 MB reserved,      16.44 MB ( 26%) committed,  1 nodes.
      Class space:        1.00 GB reserved,       2.88 MB ( <1%) committed,  1 nodes.
             Both:        1.06 GB reserved,      19.31 MB (  2%) committed. 

Chunk freelists:
   Non-Class:  2.69 MB
       Class:  1.17 MB
        Both:  3.86 MB

MaxMetaspaceSize: unlimited
CompressedClassSpaceSize: 1.00 GB
Initial GC threshold: 21.00 MB
Current GC threshold: 21.00 MB
CDS: on
MetaspaceReclaimPolicy: balanced
 - commit_granule_bytes: 65536.
 - commit_granule_words: 8192.
 - virtual_space_node_default_size: 8388608.
 - enlarge_chunks_in_place: 1.
 - new_chunks_are_fully_committed: 0.
 - uncommit_free_chunks: 1.
 - use_allocation_guard: 0.


Internal statistics:

num_allocs_failed_limit: 0.
num_arena_births: 392.
num_arena_deaths: 0.
num_vsnodes_births: 2.
num_vsnodes_deaths: 0.
num_space_committed: 309.
num_space_uncommitted: 0.
num_chunks_returned_to_freelist: 0.
num_chunks_taken_from_freelist: 1041.
num_chunk_merges: 0.
num_chunk_splits: 712.
num_chunks_enlarged: 530.
num_inconsistent_stats: 0.

CodeHeap 'non-profiled nmethods': size=120000Kb used=1925Kb max_used=1925Kb free=118074Kb
 bounds [0x0000022adbad0000, 0x0000022adbd40000, 0x0000022ae3000000]
CodeHeap 'profiled nmethods': size=120000Kb used=9466Kb max_used=9466Kb free=110534Kb
 bounds [0x0000022ad45a0000, 0x0000022ad4ee0000, 0x0000022adbad0000]
CodeHeap 'non-nmethods': size=5760Kb used=1451Kb max_used=1526Kb free=4308Kb
 bounds [0x0000022ad4000000, 0x0000022ad4270000, 0x0000022ad45a0000]
 total_blobs=5318 nmethods=4510 adapters=718
 compilation: enabled
              stopped_count=0, restarted_count=0
 full_count=0

Compilation events (20 events):
Event: 38.923 Thread 0x0000022ae9f99c40 4505       4       javafx.scene.Node$$Lambda$443/0x0000000800e6d9d0::dispatchEvent (10 bytes)
Event: 38.936 Thread 0x0000022ae9f99c40 nmethod 4505 0x0000022adbca7990 code [0x0000022adbca7bc0, 0x0000022adbca81f0]
Event: 39.070 Thread 0x0000022ae9f99c40 4506       4       com.sun.javafx.tk.quantum.QuantumRenderer::checkRendererIdle (147 bytes)
Event: 39.071 Thread 0x0000022ae9f99c40 nmethod 4506 0x0000022adbca8890 code [0x0000022adbca8a00, 0x0000022adbca8a78]
Event: 39.661 Thread 0x0000022ae9fa87a0 4507       3       com.sun.glass.ui.Window::handleWindowEvent (18 bytes)
Event: 39.661 Thread 0x0000022ae9fa87a0 nmethod 4507 0x0000022ad4edc510 code [0x0000022ad4edc6c0, 0x0000022ad4edc8e8]
Event: 39.661 Thread 0x0000022ae9fa87a0 4508       3       com.sun.javafx.tk.quantum.GlassWindowEventHandler::handleWindowEvent (22 bytes)
Event: 39.661 Thread 0x0000022ae9fa87a0 nmethod 4508 0x0000022ad4edca10 code [0x0000022ad4edcc20, 0x0000022ad4edd218]
Event: 39.662 Thread 0x0000022ae9fa87a0 4509       3       com.sun.javafx.tk.quantum.GlassWindowEventHandler$$Lambda$191/0x0000000800db52f8::get (8 bytes)
Event: 39.662 Thread 0x0000022ae9fa87a0 nmethod 4509 0x0000022ad4edd490 code [0x0000022ad4edd6c0, 0x0000022ad4eddcc8]
Event: 84.166 Thread 0x0000022ae9fa87a0 4510       3       javafx.scene.Node::hoverPropertyImpl (24 bytes)
Event: 84.167 Thread 0x0000022ae9fa87a0 nmethod 4510 0x0000022ad4eddf90 code [0x0000022ad4ede160, 0x0000022ad4ede668]
Event: 84.237 Thread 0x0000022ae9f99c40 4511   !   4       com.sun.javafx.tk.quantum.QuantumToolkit::runWithoutRenderLock (49 bytes)
Event: 84.240 Thread 0x0000022ae9f99c40 nmethod 4511 0x0000022adbca8b90 code [0x0000022adbca8d60, 0x0000022adbca8fa0]
Event: 84.525 Thread 0x0000022ae9f99c40 4512       4       javafx.scene.Scene::getEffectiveCamera (80 bytes)
Event: 84.672 Thread 0x0000022ae9f99c40 nmethod 4512 0x0000022adbca9390 code [0x0000022adbca97e0, 0x0000022adbcaeb98]
Event: 85.805 Thread 0x0000022ae9f99c40 4513       4       com.sun.javafx.tk.quantum.QuantumToolkit::postPulse (133 bytes)
Event: 85.811 Thread 0x0000022ae9f99c40 nmethod 4513 0x0000022adbcb0890 code [0x0000022adbcb0a40, 0x0000022adbcb0c98]
Event: 86.621 Thread 0x0000022ae9f99c40 4514       4       com.sun.javafx.tk.quantum.QuantumToolkit$$Lambda$91/0x0000000800c3a130::run (8 bytes)
Event: 86.632 Thread 0x0000022ae9f99c40 nmethod 4514 0x0000022adbcb0f10 code [0x0000022adbcb10c0, 0x0000022adbcb1368]

GC Heap History (4 events):
Event: 0.524 GC heap before
{Heap before GC invocations=0 (full 0):
 garbage-first heap   total 131072K, used 13312K [0x0000000081e00000, 0x0000000100000000)
  region size 1024K, 13 young (13312K), 0 survivors (0K)
 Metaspace       used 2748K, committed 2944K, reserved 1114112K
  class space    used 290K, committed 384K, reserved 1048576K
}
Event: 0.528 GC heap after
{Heap after GC invocations=1 (full 0):
 garbage-first heap   total 131072K, used 2080K [0x0000000081e00000, 0x0000000100000000)
  region size 1024K, 2 young (2048K), 2 survivors (2048K)
 Metaspace       used 2748K, committed 2944K, reserved 1114112K
  class space    used 290K, committed 384K, reserved 1048576K
}
Event: 0.940 GC heap before
{Heap before GC invocations=1 (full 0):
 garbage-first heap   total 131072K, used 18464K [0x0000000081e00000, 0x0000000100000000)
  region size 1024K, 19 young (19456K), 2 survivors (2048K)
 Metaspace       used 8120K, committed 8320K, reserved 1114112K
  class space    used 1049K, committed 1152K, reserved 1048576K
}
Event: 0.945 GC heap after
{Heap after GC invocations=2 (full 0):
 garbage-first heap   total 131072K, used 4968K [0x0000000081e00000, 0x0000000100000000)
  region size 1024K, 3 young (3072K), 3 survivors (3072K)
 Metaspace       used 8120K, committed 8320K, reserved 1114112K
  class space    used 1049K, committed 1152K, reserved 1048576K
}

Deoptimization events (20 events):
Event: 12.022 Thread 0x0000022aeecb98c0 DEOPT PACKING pc=0x0000022ad4b1a768 sp=0x0000003f069f9390
Event: 12.022 Thread 0x0000022aeecb98c0 DEOPT UNPACKING pc=0x0000022ad4052b43 sp=0x0000003f069f8818 mode 0
Event: 12.041 Thread 0x0000022aeecb98c0 DEOPT PACKING pc=0x0000022ad4b1a768 sp=0x0000003f069f9390
Event: 12.041 Thread 0x0000022aeecb98c0 DEOPT UNPACKING pc=0x0000022ad4052b43 sp=0x0000003f069f8818 mode 0
Event: 12.052 Thread 0x0000022aeecb98c0 DEOPT PACKING pc=0x0000022ad4b1a768 sp=0x0000003f069f9410
Event: 12.052 Thread 0x0000022aeecb98c0 DEOPT UNPACKING pc=0x0000022ad4052b43 sp=0x0000003f069f8898 mode 0
Event: 12.072 Thread 0x0000022aeecb98c0 DEOPT PACKING pc=0x0000022ad4b1a768 sp=0x0000003f069f96c0
Event: 12.072 Thread 0x0000022aeecb98c0 DEOPT UNPACKING pc=0x0000022ad4052b43 sp=0x0000003f069f8b48 mode 0
Event: 19.676 Thread 0x0000022aeecb98c0 Uncommon trap: trap_request=0xffffff45 fr.pc=0x0000022adbb7d9e8 relative=0x0000000000000248
Event: 19.676 Thread 0x0000022aeecb98c0 Uncommon trap: reason=unstable_if action=reinterpret pc=0x0000022adbb7d9e8 method=jdk.internal.org.objectweb.asm.Frame.push(I)V @ 26 c2
Event: 19.676 Thread 0x0000022aeecb98c0 DEOPT PACKING pc=0x0000022adbb7d9e8 sp=0x0000003f069f8110
Event: 19.676 Thread 0x0000022aeecb98c0 DEOPT UNPACKING pc=0x0000022ad40523a3 sp=0x0000003f069f80b8 mode 2
Event: 39.659 Thread 0x0000022aeecb98c0 Uncommon trap: trap_request=0xffffffc6 fr.pc=0x0000022adbc51048 relative=0x00000000000000a8
Event: 39.659 Thread 0x0000022aeecb98c0 Uncommon trap: reason=bimorphic_or_optimized_type_check action=maybe_recompile pc=0x0000022adbc51048 method=java.util.Collections$UnmodifiableCollection$1.hasNext()Z @ 4 c2
Event: 39.659 Thread 0x0000022aeecb98c0 DEOPT PACKING pc=0x0000022adbc51048 sp=0x0000003f069f8db0
Event: 39.659 Thread 0x0000022aeecb98c0 DEOPT UNPACKING pc=0x0000022ad40523a3 sp=0x0000003f069f8d40 mode 2
Event: 39.659 Thread 0x0000022aeecb98c0 Uncommon trap: trap_request=0xffffffc6 fr.pc=0x0000022adbc51048 relative=0x00000000000000a8
Event: 39.659 Thread 0x0000022aeecb98c0 Uncommon trap: reason=bimorphic_or_optimized_type_check action=maybe_recompile pc=0x0000022adbc51048 method=java.util.Collections$UnmodifiableCollection$1.hasNext()Z @ 4 c2
Event: 39.659 Thread 0x0000022aeecb98c0 DEOPT PACKING pc=0x0000022adbc51048 sp=0x0000003f069f8db0
Event: 39.659 Thread 0x0000022aeecb98c0 DEOPT UNPACKING pc=0x0000022ad40523a3 sp=0x0000003f069f8d40 mode 2

Classes loaded (20 events):
Event: 17.453 Loading class java/util/stream/ReferencePipeline$15$1
Event: 17.453 Loading class java/util/stream/ReferencePipeline$15$1 done
Event: 17.453 Loading class java/util/stream/IntPipeline$1$1
Event: 17.453 Loading class java/util/stream/IntPipeline$1$1 done
Event: 17.453 Loading class java/util/stream/ReferencePipeline$4$1
Event: 17.453 Loading class java/util/stream/ReferencePipeline$4$1 done
Event: 17.453 Loading class java/util/stream/IntPipeline$11
Event: 17.453 Loading class java/util/stream/IntPipeline$11 done
Event: 17.453 Loading class java/util/stream/ReduceOps$9
Event: 17.453 Loading class java/util/stream/ReduceOps$9 done
Event: 17.453 Loading class java/util/stream/ReduceOps$CountingSink$OfInt
Event: 17.453 Loading class java/util/stream/ReduceOps$CountingSink
Event: 17.454 Loading class java/util/stream/ReduceOps$CountingSink done
Event: 17.454 Loading class java/util/stream/ReduceOps$CountingSink$OfInt done
Event: 17.454 Loading class java/util/stream/IntPipeline$11$1
Event: 17.454 Loading class java/util/stream/IntPipeline$11$1 done
Event: 18.577 Loading class java/util/ArrayList$SubList$2
Event: 18.577 Loading class java/util/ArrayList$SubList$2 done
Event: 114.767 Loading class jdk/internal/misc/Signal$1
Event: 114.767 Loading class jdk/internal/misc/Signal$1 done

Classes unloaded (0 events):
No events

Classes redefined (0 events):
No events

Internal exceptions (20 events):
Event: 1.419 Thread 0x0000022aeecb98c0 Exception <a 'java/lang/ClassNotFoundException'{0x0000000088f8a658}: com/sun/javafx/scene/control/skin/resources/controls_ru_RU> (0x0000000088f8a658) 
thrown [s\open\src\hotspot\share\prims\jni.cpp, line 535]
Event: 1.476 Thread 0x0000022aeecb98c0 Exception <a 'java/lang/NoSuchMethodError'{0x0000000088d970b8}: 'void java.lang.invoke.DirectMethodHandle$Holder.invokeSpecial(java.lang.Object, java.lang.Object, java.lang.Object, java.lang.Object, java.lang.Object, java.lang.Object)'> (0x0000000088d970b8) 
thrown [s\open\src\hotspot\share\interpreter\linkResolver.cpp, line 759]
Event: 1.569 Thread 0x0000022aeecb98c0 Exception <a 'java/lang/NoSuchMethodError'{0x00000000887fe790}: 'int java.lang.invoke.DirectMethodHandle$Holder.invokeSpecial(java.lang.Object, java.lang.Object, int)'> (0x00000000887fe790) 
thrown [s\open\src\hotspot\share\interpreter\linkResolver.cpp, line 759]
Event: 1.582 Thread 0x0000022aeecb98c0 Exception <a 'java/lang/NoSuchMethodError'{0x000000008863d7d8}: 'java.lang.Object java.lang.invoke.DirectMethodHandle$Holder.newInvokeSpecial(java.lang.Object, java.lang.Object, int)'> (0x000000008863d7d8) 
thrown [s\open\src\hotspot\share\interpreter\linkResolver.cpp, line 759]
Event: 1.614 Thread 0x0000022aeee8b400 Exception <a 'java/lang/NoSuchMethodError'{0x000000008851a648}: 'int java.lang.invoke.DirectMethodHandle$Holder.invokeStaticInit(java.lang.Object, java.lang.Object)'> (0x000000008851a648) 
thrown [s\open\src\hotspot\share\interpreter\linkResolver.cpp, line 759]
Event: 1.616 Thread 0x0000022aeecb98c0 Exception <a 'java/lang/NoSuchMethodError'{0x000000008852fef0}: 'long java.lang.invoke.DirectMethodHandle$Holder.invokeStatic(java.lang.Object, java.lang.Object, java.lang.Object)'> (0x000000008852fef0) 
thrown [s\open\src\hotspot\share\interpreter\linkResolver.cpp, line 759]
Event: 1.617 Thread 0x0000022aeecb98c0 Exception <a 'java/lang/NoSuchMethodError'{0x0000000088533690}: 'long java.lang.invoke.DirectMethodHandle$Holder.invokeStaticInit(java.lang.Object, java.lang.Object, java.lang.Object)'> (0x0000000088533690) 
thrown [s\open\src\hotspot\share\interpreter\linkResolver.cpp, line 759]
Event: 1.620 Thread 0x0000022aeecb98c0 Exception <a 'java/lang/NoSuchMethodError'{0x000000008854bcd8}: 'java.lang.Object java.lang.invoke.DirectMethodHandle$Holder.newInvokeSpecial(java.lang.Object, java.lang.Object, long)'> (0x000000008854bcd8) 
thrown [s\open\src\hotspot\share\interpreter\linkResolver.cpp, line 759]
Event: 1.620 Thread 0x0000022aeecb98c0 Exception <a 'java/lang/NoSuchMethodError'{0x000000008854f850}: 'java.lang.Object java.lang.invoke.Invokers$Holder.linkToTargetMethod(java.lang.Object, long, java.lang.Object)'> (0x000000008854f850) 
thrown [s\open\src\hotspot\share\interpreter\linkResolver.cpp, line 759]
Event: 1.784 Thread 0x0000022aeee8b400 Exception <a 'java/lang/NoSuchMethodError'{0x00000000881280f8}: 'java.lang.Object java.lang.invoke.DirectMethodHandle$Holder.invokeStaticInit(java.lang.Object, int)'> (0x00000000881280f8) 
thrown [s\open\src\hotspot\share\interpreter\linkResolver.cpp, line 759]
Event: 7.206 Thread 0x0000022aeecb98c0 Implicit null exception at 0x0000022adbbac403 to 0x0000022adbbac474
Event: 7.207 Thread 0x0000022aeecb98c0 Exception <a 'java/lang/NoSuchMethodError'{0x0000000087e65ce0}: 'long java.lang.invoke.DirectMethodHandle$Holder.invokeSpecial(java.lang.Object, java.lang.Object)'> (0x0000000087e65ce0) 
thrown [s\open\src\hotspot\share\interpreter\linkResolver.cpp, line 759]
Event: 7.208 Thread 0x0000022aeecb98c0 Exception <a 'java/lang/NoSuchMethodError'{0x0000000087e69620}: 'long java.lang.invoke.Invokers$Holder.invokeExact_MT(java.lang.Object, java.lang.Object)'> (0x0000000087e69620) 
thrown [s\open\src\hotspot\share\interpreter\linkResolver.cpp, line 759]
Event: 8.219 Thread 0x0000022aeecb98c0 Exception <a 'java/lang/NoSuchMethodError'{0x00000000878bec50}: 'int java.lang.invoke.DirectMethodHandle$Holder.invokeVirtual(java.lang.Object, java.lang.Object)'> (0x00000000878bec50) 
thrown [s\open\src\hotspot\share\interpreter\linkResolver.cpp, line 759]
Event: 11.732 Thread 0x0000022aeecb98c0 Exception <a 'java/lang/NoSuchMethodError'{0x0000000086b9a278}: static [I.<clinit>()V> (0x0000000086b9a278) 
thrown [s\open\src\hotspot\share\prims\jni.cpp, line 1104]
Event: 17.452 Thread 0x0000022aeecb98c0 Exception <a 'java/lang/NoSuchMethodError'{0x000000008616c468}: 'void java.lang.invoke.DirectMethodHandle$Holder.invokeVirtual(java.lang.Object, java.lang.Object, int)'> (0x000000008616c468) 
thrown [s\open\src\hotspot\share\interpreter\linkResolver.cpp, line 759]
Event: 19.232 Thread 0x0000022aeecb98c0 Exception <a 'java/lang/NoSuchMethodError'{0x000000008603f818}: 'java.lang.Object java.lang.invoke.DirectMethodHandle$Holder.newInvokeSpecial(java.lang.Object, java.lang.Object, int, int, int, int, int, java.lang.Object)'> (0x000000008603f818) 
thrown [s\open\src\hotspot\share\interpreter\linkResolver.cpp, line 759]
Event: 19.235 Thread 0x0000022aeecb98c0 Exception <a 'java/lang/NoSuchMethodError'{0x00000000860532f8}: 'java.lang.Object java.lang.invoke.DirectMethodHandle$Holder.newInvokeSpecial(java.lang.Object, java.lang.Object, java.lang.Object, int, int, int, int, int)'> (0x00000000860532f8) 
thrown [s\open\src\hotspot\share\interpreter\linkResolver.cpp, line 759]
Event: 19.236 Thread 0x0000022aeecb98c0 Exception <a 'java/lang/NoSuchMethodError'{0x000000008605b600}: 'java.lang.Object java.lang.invoke.Invokers$Holder.linkToTargetMethod(java.lang.Object, java.lang.Object, int, int, int, int, int, java.lang.Object)'> (0x000000008605b600) 
thrown [s\open\src\hotspot\share\interpreter\linkResolver.cpp, line 759]
Event: 19.677 Thread 0x0000022aeecb98c0 Exception <a 'java/lang/NoSuchMethodError'{0x000000008608caa0}: 'java.lang.Object java.lang.invoke.DirectMethodHandle$Holder.newInvokeSpecial(java.lang.Object, java.lang.Object, java.lang.Object, double, double, double, double, int, int, int, int, int, int, int, int, int)'> (0x000000008608caa0) 
thrown [s\open\src\hotspot\share\interpreter\linkResolver.cpp, line 759]

VM Operations (20 events):
Event: 17.455 Executing VM operation: HandshakeAllThreads done
Event: 18.456 Executing VM operation: Cleanup
Event: 18.456 Executing VM operation: Cleanup done
Event: 19.456 Executing VM operation: Cleanup
Event: 19.456 Executing VM operation: Cleanup done
Event: 20.456 Executing VM operation: Cleanup
Event: 20.456 Executing VM operation: Cleanup done
Event: 28.460 Executing VM operation: Cleanup
Event: 28.460 Executing VM operation: Cleanup done
Event: 30.461 Executing VM operation: Cleanup
Event: 30.461 Executing VM operation: Cleanup done
Event: 38.465 Executing VM operation: Cleanup
Event: 38.466 Executing VM operation: Cleanup done
Event: 39.466 Executing VM operation: Cleanup
Event: 39.467 Executing VM operation: Cleanup done
Event: 40.467 Executing VM operation: Cleanup
Event: 40.467 Executing VM operation: Cleanup done
Event: 83.488 Executing VM operation: Cleanup
Event: 83.488 Executing VM operation: Cleanup done
Event: 114.770 Executing VM operation: Exit

Events (20 events):
Event: 0.622 Thread 0x0000022aef921f00 Thread added: 0x0000022aef921f00
Event: 0.623 Loaded shared library C:\Program Files\Java\jdk-18.0.2.1\bin\jimage.dll
Event: 0.637 Thread 0x0000022aef9179e0 Thread added: 0x0000022aef9179e0
Event: 0.848 Loaded shared library C:\Program Files\Java\openjfx-19_windows-x64_bin-sdk\javafx-sdk-19\bin\javafx_font.dll
Event: 1.359 Thread 0x0000022aef371430 Thread added: 0x0000022aef371430
Event: 1.702 Thread 0x0000022aef3722a0 Thread added: 0x0000022aef3722a0
Event: 1.887 Thread 0x0000022aee4f9870 Thread exited: 0x0000022aee4f9870
Event: 8.284 Thread 0x0000022aef206af0 Thread added: 0x0000022aef206af0
Event: 9.087 Thread 0x0000022aef206af0 Thread exited: 0x0000022aef206af0
Event: 9.572 Thread 0x0000022aef207a20 Thread added: 0x0000022aef207a20
Event: 10.055 Thread 0x0000022aef207a20 Thread exited: 0x0000022aef207a20
Event: 11.745 Thread 0x0000022aef208e60 Thread added: 0x0000022aef208e60
Event: 11.986 Thread 0x0000022aef208e60 Thread exited: 0x0000022aef208e60
Event: 12.018 Thread 0x0000022aef206af0 Thread added: 0x0000022aef206af0
Event: 16.039 Thread 0x0000022aef206af0 Thread exited: 0x0000022aef206af0
Event: 114.768 Thread 0x0000022aefe1ed80 Thread added: 0x0000022aefe1ed80
Event: 114.768 Thread 0x0000022aefe20590 Thread added: 0x0000022aefe20590
Event: 114.768 Thread 0x0000022aefe1e8b0 Thread added: 0x0000022aefe1e8b0
Event: 114.769 Thread 0x0000022aefe1e8b0 Thread exited: 0x0000022aefe1e8b0
Event: 114.770 Thread 0x0000022ae9f938b0 Thread exited: 0x0000022ae9f938b0


Dynamic libraries:
0x00007ff691320000 - 0x00007ff691330000 	C:\Program Files\Java\jdk-18.0.2.1\bin\java.exe
0x00007ffba56f0000 - 0x00007ffba58e8000 	C:\Windows\SYSTEM32\ntdll.dll
0x00007ffba3d30000 - 0x00007ffba3ded000 	C:\Windows\System32\KERNEL32.DLL
0x00007ffba3060000 - 0x00007ffba332e000 	C:\Windows\System32\KERNELBASE.dll
0x00007ffba2f30000 - 0x00007ffba3030000 	C:\Windows\System32\ucrtbase.dll
0x00007ffb9e760000 - 0x00007ffb9e77a000 	C:\Program Files\Java\jdk-18.0.2.1\bin\VCRUNTIME140.dll
0x00007ffb9e790000 - 0x00007ffb9e7a8000 	C:\Program Files\Java\jdk-18.0.2.1\bin\jli.dll
0x00007ffba4230000 - 0x00007ffba42de000 	C:\Windows\System32\ADVAPI32.dll
0x00007ffba4de0000 - 0x00007ffba4e7e000 	C:\Windows\System32\msvcrt.dll
0x00007ffba4180000 - 0x00007ffba421c000 	C:\Windows\System32\sechost.dll
0x00007ffba3df0000 - 0x00007ffba3f15000 	C:\Windows\System32\RPCRT4.dll
0x00007ffba42e0000 - 0x00007ffba4480000 	C:\Windows\System32\USER32.dll
0x00007ffba3030000 - 0x00007ffba3052000 	C:\Windows\System32\win32u.dll
0x00007ffb8dfa0000 - 0x00007ffb8e23a000 	C:\Windows\WinSxS\amd64_microsoft.windows.common-controls_6595b64144ccf1df_6.0.19041.1110_none_60b5254171f9507e\COMCTL32.dll
0x00007ffba4ef0000 - 0x00007ffba4f1a000 	C:\Windows\System32\GDI32.dll
0x00007ffba33c0000 - 0x00007ffba34cb000 	C:\Windows\System32\gdi32full.dll
0x00007ffba3550000 - 0x00007ffba35ed000 	C:\Windows\System32\msvcp_win.dll
0x00007ffb9d0b0000 - 0x00007ffb9d0ba000 	C:\Windows\SYSTEM32\VERSION.dll
0x00007ffba38c0000 - 0x00007ffba38f0000 	C:\Windows\System32\IMM32.DLL
0x00007ffb9f4c0000 - 0x00007ffb9f4cc000 	C:\Program Files\Java\jdk-18.0.2.1\bin\vcruntime140_1.dll
0x00007ffb9e6a0000 - 0x00007ffb9e72d000 	C:\Program Files\Java\jdk-18.0.2.1\bin\msvcp140.dll
0x00007ffb431c0000 - 0x00007ffb43dd1000 	C:\Program Files\Java\jdk-18.0.2.1\bin\server\jvm.dll
0x00007ffba3f20000 - 0x00007ffba3f28000 	C:\Windows\System32\PSAPI.DLL
0x00007ffb8c640000 - 0x00007ffb8c649000 	C:\Windows\SYSTEM32\WSOCK32.dll
0x00007ffba4e80000 - 0x00007ffba4eeb000 	C:\Windows\System32\WS2_32.dll
0x00007ffb8e400000 - 0x00007ffb8e427000 	C:\Windows\SYSTEM32\WINMM.dll
0x00007ffba16a0000 - 0x00007ffba16b2000 	C:\Windows\SYSTEM32\kernel.appcore.dll
0x00007ffb9e750000 - 0x00007ffb9e75a000 	C:\Program Files\Java\jdk-18.0.2.1\bin\jimage.dll
0x00007ffba1480000 - 0x00007ffba1664000 	C:\Windows\SYSTEM32\DBGHELP.DLL
0x00007ffb89a50000 - 0x00007ffb89a7c000 	C:\Windows\SYSTEM32\dbgcore.DLL
0x00007ffba3330000 - 0x00007ffba33b2000 	C:\Windows\System32\bcryptPrimitives.dll
0x00007ffb9e690000 - 0x00007ffb9e69e000 	C:\Program Files\Java\jdk-18.0.2.1\bin\instrument.dll
0x00007ffb8bf70000 - 0x00007ffb8bf95000 	C:\Program Files\Java\jdk-18.0.2.1\bin\java.dll
0x00007ffb85e30000 - 0x00007ffb85f06000 	C:\Program Files\Java\jdk-18.0.2.1\bin\jsvml.dll
0x00007ffba4690000 - 0x00007ffba4dd4000 	C:\Windows\System32\SHELL32.dll
0x00007ffba0ce0000 - 0x00007ffba1474000 	C:\Windows\SYSTEM32\windows.storage.dll
0x00007ffba38f0000 - 0x00007ffba3c44000 	C:\Windows\System32\combase.dll
0x00007ffba2870000 - 0x00007ffba28a0000 	C:\Windows\SYSTEM32\Wldp.dll
0x00007ffba5600000 - 0x00007ffba56ad000 	C:\Windows\System32\SHCORE.dll
0x00007ffba4f20000 - 0x00007ffba4f75000 	C:\Windows\System32\shlwapi.dll
0x00007ffba2d50000 - 0x00007ffba2d6f000 	C:\Windows\SYSTEM32\profapi.dll
0x00007ffb9ddc0000 - 0x00007ffb9ddd3000 	C:\Program Files\Java\jdk-18.0.2.1\bin\net.dll
0x00007ffb905d0000 - 0x00007ffb906da000 	C:\Windows\SYSTEM32\WINHTTP.dll
0x00007ffba25d0000 - 0x00007ffba263a000 	C:\Windows\system32\mswsock.dll
0x00007ffb9dbd0000 - 0x00007ffb9dbe6000 	C:\Program Files\Java\jdk-18.0.2.1\bin\nio.dll
0x00007ffb9e670000 - 0x00007ffb9e688000 	C:\Program Files\Java\jdk-18.0.2.1\bin\zip.dll
0x00007ffb9cdb0000 - 0x00007ffb9cdca000 	C:\Program Files\JetBrains\IntelliJ IDEA Community Edition 2022.2.1\bin\breakgen64.dll
0x0000022acc660000 - 0x0000022acc663000 	C:\Program Files\Java\openjfx-19_windows-x64_bin-sdk\javafx-sdk-19\bin\api-ms-win-core-console-l1-1-0.dll
0x0000022acc670000 - 0x0000022acc673000 	C:\Program Files\Java\openjfx-19_windows-x64_bin-sdk\javafx-sdk-19\bin\api-ms-win-core-console-l1-2-0.dll
0x0000022acc680000 - 0x0000022acc683000 	C:\Program Files\Java\openjfx-19_windows-x64_bin-sdk\javafx-sdk-19\bin\api-ms-win-core-datetime-l1-1-0.dll
0x0000022aea160000 - 0x0000022aea163000 	C:\Program Files\Java\openjfx-19_windows-x64_bin-sdk\javafx-sdk-19\bin\api-ms-win-core-debug-l1-1-0.dll
0x0000022aea170000 - 0x0000022aea173000 	C:\Program Files\Java\openjfx-19_windows-x64_bin-sdk\javafx-sdk-19\bin\api-ms-win-core-errorhandling-l1-1-0.dll
0x0000022aea180000 - 0x0000022aea184000 	C:\Program Files\Java\openjfx-19_windows-x64_bin-sdk\javafx-sdk-19\bin\api-ms-win-core-file-l1-1-0.dll
0x0000022aea190000 - 0x0000022aea193000 	C:\Program Files\Java\openjfx-19_windows-x64_bin-sdk\javafx-sdk-19\bin\api-ms-win-core-file-l1-2-0.dll
0x0000022aea1a0000 - 0x0000022aea1a3000 	C:\Program Files\Java\openjfx-19_windows-x64_bin-sdk\javafx-sdk-19\bin\api-ms-win-core-file-l2-1-0.dll
0x0000022aea1b0000 - 0x0000022aea1b3000 	C:\Program Files\Java\openjfx-19_windows-x64_bin-sdk\javafx-sdk-19\bin\api-ms-win-core-handle-l1-1-0.dll
0x0000022aea1c0000 - 0x0000022aea1c3000 	C:\Program Files\Java\openjfx-19_windows-x64_bin-sdk\javafx-sdk-19\bin\api-ms-win-core-heap-l1-1-0.dll
0x0000022aea2f0000 - 0x0000022aea2f3000 	C:\Program Files\Java\openjfx-19_windows-x64_bin-sdk\javafx-sdk-19\bin\api-ms-win-core-interlocked-l1-1-0.dll
0x0000022aea1d0000 - 0x0000022aea1d3000 	C:\Program Files\Java\openjfx-19_windows-x64_bin-sdk\javafx-sdk-19\bin\api-ms-win-core-libraryloader-l1-1-0.dll
0x0000022aea1e0000 - 0x0000022aea1e3000 	C:\Program Files\Java\openjfx-19_windows-x64_bin-sdk\javafx-sdk-19\bin\api-ms-win-core-localization-l1-2-0.dll
0x0000022aea1f0000 - 0x0000022aea1f3000 	C:\Program Files\Java\openjfx-19_windows-x64_bin-sdk\javafx-sdk-19\bin\api-ms-win-core-memory-l1-1-0.dll
0x0000022aea200000 - 0x0000022aea203000 	C:\Program Files\Java\openjfx-19_windows-x64_bin-sdk\javafx-sdk-19\bin\api-ms-win-core-namedpipe-l1-1-0.dll
0x0000022aea210000 - 0x0000022aea213000 	C:\Program Files\Java\openjfx-19_windows-x64_bin-sdk\javafx-sdk-19\bin\api-ms-win-core-processenvironment-l1-1-0.dll
0x0000022aea220000 - 0x0000022aea223000 	C:\Program Files\Java\openjfx-19_windows-x64_bin-sdk\javafx-sdk-19\bin\api-ms-win-core-processthreads-l1-1-0.dll
0x0000022aea230000 - 0x0000022aea233000 	C:\Program Files\Java\openjfx-19_windows-x64_bin-sdk\javafx-sdk-19\bin\api-ms-win-core-processthreads-l1-1-1.dll
0x0000022aea240000 - 0x0000022aea243000 	C:\Program Files\Java\openjfx-19_windows-x64_bin-sdk\javafx-sdk-19\bin\api-ms-win-core-profile-l1-1-0.dll
0x0000022aea250000 - 0x0000022aea253000 	C:\Program Files\Java\openjfx-19_windows-x64_bin-sdk\javafx-sdk-19\bin\api-ms-win-core-rtlsupport-l1-1-0.dll
0x0000022aea260000 - 0x0000022aea263000 	C:\Program Files\Java\openjfx-19_windows-x64_bin-sdk\javafx-sdk-19\bin\api-ms-win-core-string-l1-1-0.dll
0x0000022aea270000 - 0x0000022aea273000 	C:\Program Files\Java\openjfx-19_windows-x64_bin-sdk\javafx-sdk-19\bin\api-ms-win-core-synch-l1-1-0.dll
0x0000022aea280000 - 0x0000022aea283000 	C:\Program Files\Java\openjfx-19_windows-x64_bin-sdk\javafx-sdk-19\bin\api-ms-win-core-synch-l1-2-0.dll
0x0000022aea290000 - 0x0000022aea293000 	C:\Program Files\Java\openjfx-19_windows-x64_bin-sdk\javafx-sdk-19\bin\api-ms-win-core-sysinfo-l1-1-0.dll
0x0000022aea2a0000 - 0x0000022aea2a3000 	C:\Program Files\Java\openjfx-19_windows-x64_bin-sdk\javafx-sdk-19\bin\api-ms-win-core-timezone-l1-1-0.dll
0x0000022aea2b0000 - 0x0000022aea2b3000 	C:\Program Files\Java\openjfx-19_windows-x64_bin-sdk\javafx-sdk-19\bin\api-ms-win-core-util-l1-1-0.dll
0x0000022aea2c0000 - 0x0000022aea2c3000 	C:\Program Files\Java\openjfx-19_windows-x64_bin-sdk\javafx-sdk-19\bin\api-ms-win-crt-conio-l1-1-0.dll
0x0000022aea2d0000 - 0x0000022aea2d4000 	C:\Program Files\Java\openjfx-19_windows-x64_bin-sdk\javafx-sdk-19\bin\api-ms-win-crt-convert-l1-1-0.dll
0x0000022aea2e0000 - 0x0000022aea2e3000 	C:\Program Files\Java\openjfx-19_windows-x64_bin-sdk\javafx-sdk-19\bin\api-ms-win-crt-environment-l1-1-0.dll
0x0000022aea300000 - 0x0000022aea303000 	C:\Program Files\Java\openjfx-19_windows-x64_bin-sdk\javafx-sdk-19\bin\api-ms-win-crt-filesystem-l1-1-0.dll
0x0000022aea310000 - 0x0000022aea313000 	C:\Program Files\Java\openjfx-19_windows-x64_bin-sdk\javafx-sdk-19\bin\api-ms-win-crt-heap-l1-1-0.dll
0x0000022aea320000 - 0x0000022aea323000 	C:\Program Files\Java\openjfx-19_windows-x64_bin-sdk\javafx-sdk-19\bin\api-ms-win-crt-locale-l1-1-0.dll
0x0000022aea330000 - 0x0000022aea335000 	C:\Program Files\Java\openjfx-19_windows-x64_bin-sdk\javafx-sdk-19\bin\api-ms-win-crt-math-l1-1-0.dll
0x0000022aea340000 - 0x0000022aea345000 	C:\Program Files\Java\openjfx-19_windows-x64_bin-sdk\javafx-sdk-19\bin\api-ms-win-crt-multibyte-l1-1-0.dll
0x0000022aea350000 - 0x0000022aea360000 	C:\Program Files\Java\openjfx-19_windows-x64_bin-sdk\javafx-sdk-19\bin\api-ms-win-crt-private-l1-1-0.dll
0x0000022aea360000 - 0x0000022aea363000 	C:\Program Files\Java\openjfx-19_windows-x64_bin-sdk\javafx-sdk-19\bin\api-ms-win-crt-process-l1-1-0.dll
0x0000022aea370000 - 0x0000022aea374000 	C:\Program Files\Java\openjfx-19_windows-x64_bin-sdk\javafx-sdk-19\bin\api-ms-win-crt-runtime-l1-1-0.dll
0x0000022aea380000 - 0x0000022aea384000 	C:\Program Files\Java\openjfx-19_windows-x64_bin-sdk\javafx-sdk-19\bin\api-ms-win-crt-stdio-l1-1-0.dll
0x0000022aea390000 - 0x0000022aea394000 	C:\Program Files\Java\openjfx-19_windows-x64_bin-sdk\javafx-sdk-19\bin\api-ms-win-crt-string-l1-1-0.dll
0x0000022aea3a0000 - 0x0000022aea3a3000 	C:\Program Files\Java\openjfx-19_windows-x64_bin-sdk\javafx-sdk-19\bin\api-ms-win-crt-time-l1-1-0.dll
0x0000022aea3b0000 - 0x0000022aea3b3000 	C:\Program Files\Java\openjfx-19_windows-x64_bin-sdk\javafx-sdk-19\bin\api-ms-win-crt-utility-l1-1-0.dll
0x00007ffb3ec90000 - 0x00007ffb3ed8c000 	C:\Program Files\Java\openjfx-19_windows-x64_bin-sdk\javafx-sdk-19\bin\ucrtbase.dll
0x00007ffb85e10000 - 0x00007ffb85e2b000 	C:\Program Files\Java\openjfx-19_windows-x64_bin-sdk\javafx-sdk-19\bin\vcruntime140.dll
0x00007ffb8c460000 - 0x00007ffb8c46c000 	C:\Program Files\Java\openjfx-19_windows-x64_bin-sdk\javafx-sdk-19\bin\vcruntime140_1.dll
0x00007ffb46af0000 - 0x00007ffb46b7e000 	C:\Program Files\Java\openjfx-19_windows-x64_bin-sdk\javafx-sdk-19\bin\msvcp140.dll
0x00007ffb8bf60000 - 0x00007ffb8bf69000 	C:\Program Files\Java\openjfx-19_windows-x64_bin-sdk\javafx-sdk-19\bin\msvcp140_1.dll
0x00007ffb81a40000 - 0x00007ffb81a70000 	C:\Program Files\Java\openjfx-19_windows-x64_bin-sdk\javafx-sdk-19\bin\msvcp140_2.dll
0x00007ffb7d380000 - 0x00007ffb7d3ac000 	C:\Program Files\Java\openjfx-19_windows-x64_bin-sdk\javafx-sdk-19\bin\prism_d3d.dll
0x00007ffb91370000 - 0x00007ffb9153f000 	C:\Windows\system32\d3d9.dll
0x00007ffba0560000 - 0x00007ffba058f000 	C:\Windows\SYSTEM32\dwmapi.dll
0x00007ffba02d0000 - 0x00007ffba036e000 	C:\Windows\system32\uxtheme.dll
0x00007ffb3d250000 - 0x00007ffb3d3b5000 	C:\Windows\System32\DriverStore\FileRepository\72_lenovo_kabylake_hws_iigd_dch.inf_amd64_d630775471e98fa9\igdumdim64.dll
0x00007ffba4050000 - 0x00007ffba417a000 	C:\Windows\System32\ole32.dll
0x00007ffb35890000 - 0x00007ffb3a299000 	C:\Windows\System32\DriverStore\FileRepository\72_lenovo_kabylake_hws_iigd_dch.inf_amd64_d630775471e98fa9\igd9dxva64.dll
0x00007ffba5530000 - 0x00007ffba55fd000 	C:\Windows\System32\OLEAUT32.dll
0x00007ffba5030000 - 0x00007ffba549f000 	C:\Windows\System32\SETUPAPI.dll
0x00007ffba3500000 - 0x00007ffba354e000 	C:\Windows\System32\cfgmgr32.dll
0x00007ffba34d0000 - 0x00007ffba34f7000 	C:\Windows\System32\bcrypt.dll
0x00007ffb95970000 - 0x00007ffb95ca1000 	C:\Windows\System32\DriverStore\FileRepository\72_lenovo_kabylake_hws_iigd_dch.inf_amd64_d630775471e98fa9\igdgmm64.dll
0x00007ffb4bf30000 - 0x00007ffb4bf72000 	C:\Program Files\Java\openjfx-19_windows-x64_bin-sdk\javafx-sdk-19\bin\glass.dll
0x00007ffba37d0000 - 0x00007ffba38aa000 	C:\Windows\System32\COMDLG32.dll
0x00007ffba3f30000 - 0x00007ffba4045000 	C:\Windows\System32\MSCTF.dll
0x00007ffb8c320000 - 0x00007ffb8c347000 	C:\Windows\System32\DriverStore\FileRepository\72_lenovo_kabylake_hws_iigd_dch.inf_amd64_d630775471e98fa9\igdinfo64.dll
0x00007ffba27c0000 - 0x00007ffba27d8000 	C:\Windows\SYSTEM32\CRYPTSP.dll
0x00007ffba1ee0000 - 0x00007ffba1f14000 	C:\Windows\system32\rsaenh.dll
0x00007ffba27e0000 - 0x00007ffba27ec000 	C:\Windows\SYSTEM32\CRYPTBASE.dll
0x00007ffb91b30000 - 0x00007ffb9486c000 	C:\Windows\System32\DriverStore\FileRepository\72_lenovo_kabylake_hws_iigd_dch.inf_amd64_d630775471e98fa9\igc64.dll
0x00007ffb97d20000 - 0x00007ffb97d5b000 	C:\Windows\SYSTEM32\dxcore.dll
0x00007ffb81a10000 - 0x00007ffb81a24000 	C:\Program Files\Java\openjfx-19_windows-x64_bin-sdk\javafx-sdk-19\bin\javafx_font.dll
0x00007ffb90350000 - 0x00007ffb905cf000 	C:\Windows\SYSTEM32\dwrite.dll
0x00007ffba4f80000 - 0x00007ffba5029000 	C:\Windows\System32\clbcatq.dll
0x00007ffb9b2b0000 - 0x00007ffb9b464000 	C:\Windows\SYSTEM32\WindowsCodecs.dll
0x00007ffb73160000 - 0x00007ffb7319e000 	C:\Windows\system32\dataexchange.dll
0x00007ffb9f690000 - 0x00007ffb9f874000 	C:\Windows\system32\dcomp.dll
0x00007ffb9e7c0000 - 0x00007ffb9ea23000 	C:\Windows\system32\d3d11.dll
0x00007ffba1710000 - 0x00007ffba1803000 	C:\Windows\system32\dxgi.dll
0x00007ffb9b6f0000 - 0x00007ffb9b8f0000 	C:\Windows\system32\twinapi.appcore.dll
0x00007ffb45f00000 - 0x00007ffb45f34000 	C:\Program Files\Common Files\Microsoft Shared\Ink\rtscom.dll
0x00007ffb95e10000 - 0x00007ffb95f09000 	C:\Windows\SYSTEM32\textinputframework.dll
0x00007ffb9fc00000 - 0x00007ffb9ff5e000 	C:\Windows\System32\CoreUIComponents.dll
0x00007ffb9ff60000 - 0x00007ffba0052000 	C:\Windows\System32\CoreMessaging.dll

dbghelp: loaded successfully - version: 4.0.5 - missing functions: none
symbol engine: initialized successfully - sym options: 0x614 - pdb path: .;C:\Program Files\Java\jdk-18.0.2.1\bin;C:\Windows\SYSTEM32;C:\Windows\WinSxS\amd64_microsoft.windows.common-controls_6595b64144ccf1df_6.0.19041.1110_none_60b5254171f9507e;C:\Program Files\Java\jdk-18.0.2.1\bin\server;C:\Program Files\JetBrains\IntelliJ IDEA Community Edition 2022.2.1\bin;C:\Program Files\Java\openjfx-19_windows-x64_bin-sdk\javafx-sdk-19\bin;C:\Windows\System32\DriverStore\FileRepository\72_lenovo_kabylake_hws_iigd_dch.inf_amd64_d630775471e98fa9;C:\Program Files\Common Files\Microsoft Shared\Ink

VM Arguments:
jvm_args: --module-path=C:/Program Files/Java/openjfx-19_windows-x64_bin-sdk/javafx-sdk-19/lib --add-modules=javafx.controls,javafx.fxml -javaagent:C:\Program Files\JetBrains\IntelliJ IDEA Community Edition 2022.2.1\lib\idea_rt.jar=57852:C:\Program Files\JetBrains\IntelliJ IDEA Community Edition 2022.2.1\bin -Dfile.encoding=UTF-8 -Dsun.stdout.encoding=UTF-8 -Dsun.stderr.encoding=UTF-8 
java_command: Client
java_class_path (initial): E:\prog 5\\kurs\out\production\Client;C:\Program Files\Java\openjfx-19_windows-x64_bin-sdk\javafx-sdk-19\lib\javafx-swt.jar;C:\Program Files\Java\openjfx-19_windows-x64_bin-sdk\javafx-sdk-19\lib\javafx.web.jar;C:\Program Files\Java\openjfx-19_windows-x64_bin-sdk\javafx-sdk-19\lib\javafx.base.jar;C:\Program Files\Java\openjfx-19_windows-x64_bin-sdk\javafx-sdk-19\lib\javafx.fxml.jar;C:\Program Files\Java\openjfx-19_windows-x64_bin-sdk\javafx-sdk-19\lib\javafx.media.jar;C:\Program Files\Java\openjfx-19_windows-x64_bin-sdk\javafx-sdk-19\lib\javafx.swing.jar;C:\Program Files\Java\openjfx-19_windows-x64_bin-sdk\javafx-sdk-19\lib\javafx.controls.jar;C:\Program Files\Java\openjfx-19_windows-x64_bin-sdk\javafx-sdk-19\lib\javafx.graphics.jar;C:\Users\\Downloads\mysql-connector-java-8.0.26.jar;E:\prog 5\\kurs\out\production\kurs;C:\Program Files\Java\jdk-18.0.2.1\lib\jrt-fs.jar
Launcher Type: SUN_STANDARD

[Global flags]
     intx CICompilerCount                          = 3                                         {product} {ergonomic}
     uint ConcGCThreads                            = 1                                         {product} {ergonomic}
     uint G1ConcRefinementThreads                  = 4                                         {product} {ergonomic}
   size_t G1HeapRegionSize                         = 1048576                                   {product} {ergonomic}
    uintx GCDrainStackTargetSize                   = 64                                        {product} {ergonomic}
   size_t InitialHeapSize                          = 134217728                                 {product} {ergonomic}
   size_t MarkStackSize                            = 4194304                                   {product} {ergonomic}
   size_t MaxHeapSize                              = 2116026368                                {product} {ergonomic}
   size_t MaxNewSize                               = 1268776960                                {product} {ergonomic}
   size_t MinHeapDeltaBytes                        = 1048576                                   {product} {ergonomic}
   size_t MinHeapSize                              = 8388608                                   {product} {ergonomic}
    uintx NonNMethodCodeHeapSize                   = 5832780                                {pd product} {ergonomic}
    uintx NonProfiledCodeHeapSize                  = 122912730                              {pd product} {ergonomic}
    uintx ProfiledCodeHeapSize                     = 122912730                              {pd product} {ergonomic}
    uintx ReservedCodeCacheSize                    = 251658240                              {pd product} {ergonomic}
     bool SegmentedCodeCache                       = true                                      {product} {ergonomic}
   size_t SoftMaxHeapSize                          = 2116026368                             {manageable} {ergonomic}
     bool UseCompressedClassPointers               = true                           {product lp64_product} {ergonomic}
     bool UseCompressedOops                        = true                           {product lp64_product} {ergonomic}
     bool UseG1GC                                  = true                                      {product} {ergonomic}
     bool UseLargePagesIndividualAllocation        = false                                  {pd product} {ergonomic}

Logging:
Log output configuration:
 #0: stdout all=off uptime,level,tags foldmultilines=false
 #1: stderr all=off uptime,level,tags foldmultilines=false

Environment Variables:
PATH=C:\Program Files\Common Files\Oracle\Java\javapath;C:\Program Files (x86)\Common Files\Oracle\Java\javapath;C:\Windows\system32;C:\Windows;C:\Windows\System32\Wbem;C:\Windows\System32\WindowsPowerShell\v1.0\;C:\Windows\System32\OpenSSH\;C:\Program Files (x86)\NVIDIA Corporation\PhysX\Common;C:\Program Files\NVIDIA Corporation\NVIDIA NvDLISR;C:\Program Files\Azure Data Studio\bin;C:\Program Files\MySQL\MySQL Shell 8.0\bin\;C:\Users\\AppData\Local\Microsoft\WindowsApps;;C:\Program Files\Azure Data Studio\bin
USERNAME=
OS=Windows_NT
PROCESSOR_IDENTIFIER=Intel64 Family 6 Model 142 Stepping 9, GenuineIntel



---------------  S Y S T E M  ---------------

OS:
 Windows 10 , 64 bit Build 19041 (10.0.19041.1806)
OS uptime: 0 days 3:07 hours

CPU: total 4 (initial active 4) (2 cores per cpu, 2 threads per core) family 6 model 142 stepping 9 microcode 0xd6, cx8, cmov, fxsr, ht, mmx, 3dnowpref, sse, sse2, sse3, ssse3, sse4.1, sse4.2, popcnt, lzcnt, tsc, tscinvbit, avx, avx2, aes, erms, clmul, bmi1, bmi2, adx, fma, vzeroupper, clflush, clflushopt

Memory: 4k page, system-wide physical 8066M (1556M free)
TotalPageFile size 14466M (AvailPageFile size 5199M)
current process WorkingSet (physical memory assigned to process): 214M, peak: 231M
current process commit charge ("private bytes"): 300M, peak: 323M

vm_info: Java HotSpot(TM) 64-Bit Server VM (18.0.2.1+1-1) for windows-amd64 JRE (18.0.2.1+1-1), built on Aug 16 2022 01:46:33 by "mach5one" with MS VC++ 16.8 / 16.9 (VS2019)

END.
