#
# A fatal error has been detected by the Java Runtime Environment:
#
#  EXCEPTION_ACCESS_VIOLATION (0xc0000005) at pc=0x00007ffb81a463b7, pid=7104, tid=3260
#
# JRE version: Java(TM) SE Runtime Environment (18.0.2.1+1) (build 18.0.2.1+1-1)
# Java VM: Java HotSpot(TM) 64-Bit Server VM (18.0.2.1+1-1, mixed mode, sharing, tiered, compressed oops, compressed class ptrs, g1 gc, windows-amd64)
# Problematic frame:
# C  [glass.dll+0x263b7]
#
# No core dump will be written. Minidumps are not enabled by default on client versions of Windows
#
# If you would like to submit a bug report, please visit:
#   https://bugreport.java.com/bugreport/crash.jsp
#

---------------  S U M M A R Y ------------

Command Line: --module-path=C:/Program Files/Java/openjfx-19_windows-x64_bin-sdk/javafx-sdk-19/lib --add-modules=javafx.controls,javafx.fxml -javaagent:C:\Program Files\JetBrains\IntelliJ IDEA Community Edition 2022.2.1\lib\idea_rt.jar=52889:C:\Program Files\JetBrains\IntelliJ IDEA Community Edition 2022.2.1\bin -Dfile.encoding=UTF-8 -Dsun.stdout.encoding=UTF-8 -Dsun.stderr.encoding=UTF-8 Client

Host: Intel(R) Core(TM) i3-7130U CPU @ 2.70GHz, 4 cores, 7G,  Windows 10 , 64 bit Build 19041 (10.0.19041.1806)
Time: Mon Dec  5 23:36:27 2022  Windows 10 , 64 bit Build 19041 (10.0.19041.1806) elapsed time: 656.671693 seconds (0d 0h 10m 56s)

---------------  T H R E A D  ---------------

Current thread (0x00000222c3f7a800):  VMThread "VM Thread" [stack: 0x0000002518100000,0x0000002518200000] [id=3260]

Stack: [0x0000002518100000,0x0000002518200000],  sp=0x00000025181ff0c0,  free space=1020k
Native frames: (J=compiled Java code, j=interpreted, Vv=VM code, C=native code)
C  [glass.dll+0x263b7]


siginfo: EXCEPTION_ACCESS_VIOLATION (0xc0000005), reading address 0x0000000000000000


Register to memory mapping:

RIP=0x00007ffb81a463b7 glass.dll
RAX=0x0 is NULL
RBX=0x00000222e17d02a0 is a global jni handle
RCX=0x00000222c3f7a800 points into unknown readable memory: 0x00007ffb43b6ea28 | 28 ea b6 43 fb 7f 00 00
RDX=0x00000025181ff0c0 points into unknown readable memory: 0x0000000000000000 | 00 00 00 00 00 00 00 00
RSP=0x00000025181ff0c0 points into unknown readable memory: 0x0000000000000000 | 00 00 00 00 00 00 00 00
RBP=0x00000222e67f8258 points into unknown readable memory: 0x0000c568fbf4745b | 5b 74 f4 fb 68 c5 00 00
RSI=0x00000222e67f8230 points into unknown readable memory: 0xdc0de4a8bbf477a4 | a4 77 f4 bb a8 e4 0d dc
RDI=0x0000c568fbf4745b is an unknown value
R8 =0x0000000000010002 is an unknown value
R9 =0x0000c568fbf4745b is an unknown value
R10=0x0000000000008000 is an unknown value
R11=0x00000025181ff050 points into unknown readable memory: 0x00000222e67f8230 | 30 82 7f e6 22 02 00 00
R12=0x00007ffb81a43cf0 glass.dll
R13=0x00007ffb43d30c00 jvm.dll
R14=0x00000025181ff1b8 points into unknown readable memory: 0x00000025181ff1a0 | a0 f1 1f 18 25 00 00 00
R15=0x00000222e67f8230 points into unknown readable memory: 0xdc0de4a8bbf477a4 | a4 77 f4 bb a8 e4 0d dc


Registers:
RAX=0x0000000000000000, RBX=0x00000222e17d02a0, RCX=0x00000222c3f7a800, RDX=0x00000025181ff0c0
RSP=0x00000025181ff0c0, RBP=0x00000222e67f8258, RSI=0x00000222e67f8230, RDI=0x0000c568fbf4745b
R8 =0x0000000000010002, R9 =0x0000c568fbf4745b, R10=0x0000000000008000, R11=0x00000025181ff050
R12=0x00007ffb81a43cf0, R13=0x00007ffb43d30c00, R14=0x00000025181ff1b8, R15=0x00000222e67f8230
RIP=0x00007ffb81a463b7, EFLAGS=0x0000000000010206

Top of Stack: (sp=0x00000025181ff0c0)
0x00000025181ff0c0:   0000000000000000 00000222e67f8230
0x00000025181ff0d0:   00007ffb43d30c00 00007ffb81a43cf0
0x00000025181ff0e0:   00000222e67f8238 00007ffba2f442d6
0x00000025181ff0f0:   0000c568fbf4745b 0000022200000000
0x00000025181ff100:   00000222e67f8258 00000222e67f8230
0x00000025181ff110:   fffffffffffffffe 0000000000000000
0x00000025181ff120:   0000000000000001 00007ffb81a20000
0x00000025181ff130:   00000025181ff1a8 00007ffba2f441fb
0x00000025181ff140:   0000000000000000 00000025181ff1b8
0x00000025181ff150:   00000025181ff480 00007ffba3020e40
0x00000025181ff160:   0000000000000001 00007ffba2f441b4
0x00000025181ff170:   0000000000000000 0000000000000001
0x00000025181ff180:   00007ffb00000001 00000025181ff1a8
0x00000025181ff190:   0000000000000000 00007ffb81a43b7d
0x00000025181ff1a0:   00007ffb81a59f88 00007ffb00000002
0x00000025181ff1b0:   0000000000000002 00000025181ff1a0 

Instructions: (pc=0x00007ffb81a463b7)
0x00007ffb81a462b7:   8b 4d 58 e8 7d cf ff ff 48 8b 4d 60 e8 74 cf ff
0x00007ffb81a462c7:   ff 48 8b 95 80 00 00 00 48 8b 8d 18 01 00 00 e8
0x00007ffb81a462d7:   66 c4 ff ff 33 d2 33 c9 e8 bc e1 ff ff 90 48 89
0x00007ffb81a462e7:   54 24 10 55 48 83 ec 20 48 8b ea 48 b8 00 00 00
0x00007ffb81a462f7:   00 00 00 00 00 48 83 c4 20 5d c3 cc 40 55 48 8b
0x00007ffb81a46307:   ea 48 8b 01 33 c9 81 38 05 00 00 c0 0f 94 c1 8b
0x00007ffb81a46317:   c1 5d c3 cc 40 55 48 83 ec 20 48 8b ea 8a 4d 40
0x00007ffb81a46327:   48 83 c4 20 5d e9 63 d3 ff ff cc 40 55 48 83 ec
0x00007ffb81a46337:   20 48 8b ea 8a 4d 20 e8 51 d3 ff ff 90 48 83 c4
0x00007ffb81a46347:   20 5d c3 cc 40 55 48 83 ec 20 48 8b ea 48 83 c4
0x00007ffb81a46357:   20 5d e9 b2 d1 ff ff cc 40 55 48 83 ec 30 48 8b
0x00007ffb81a46367:   ea 48 8b 01 8b 10 48 89 4c 24 28 89 54 24 20 4c
0x00007ffb81a46377:   8d 0d 53 d6 ff ff 4c 8b 45 70 8b 55 68 48 8b 4d
0x00007ffb81a46387:   60 e8 f3 d0 ff ff 90 48 83 c4 30 5d c3 cc cc cc
0x00007ffb81a46397:   cc cc cc cc cc cc cc cc cc 40 53 48 83 ec 20 48
0x00007ffb81a463a7:   8b 1d db 35 01 00 48 85 db 74 16 e8 79 8b ff ff
0x00007ffb81a463b7:   4c 8b 00 48 8b d3 48 8b c8 41 ff 90 b0 00 00 00
0x00007ffb81a463c7:   90 48 83 c4 20 5b c3 cc cc 40 53 48 83 ec 20 48
0x00007ffb81a463d7:   8b 1d 4b 37 01 00 48 85 db 74 57 b8 ff ff ff ff
0x00007ffb81a463e7:   f0 0f c1 43 10 83 f8 01 75 3d 48 85 db 74 38 48
0x00007ffb81a463f7:   8b 0b 48 85 c9 74 0d ff 15 a4 0e 00 00 48 c7 03
0x00007ffb81a46407:   00 00 00 00 48 8b 4b 08 48 85 c9 74 0d e8 23 ce
0x00007ffb81a46417:   ff ff 48 c7 43 08 00 00 00 00 ba 18 00 00 00 48
0x00007ffb81a46427:   8b cb e8 0e ce ff ff 48 c7 05 ef 36 01 00 00 00
0x00007ffb81a46437:   00 00 48 83 c4 20 5b c3 cc 40 53 48 83 ec 20 48
0x00007ffb81a46447:   8b 1d bb 36 01 00 48 85 db 74 57 b8 ff ff ff ff
0x00007ffb81a46457:   f0 0f c1 43 10 83 f8 01 75 3d 48 85 db 74 38 48
0x00007ffb81a46467:   8b 0b 48 85 c9 74 0d ff 15 34 0e 00 00 48 c7 03
0x00007ffb81a46477:   00 00 00 00 48 8b 4b 08 48 85 c9 74 0d e8 b3 cd
0x00007ffb81a46487:   ff ff 48 c7 43 08 00 00 00 00 ba 18 00 00 00 48
0x00007ffb81a46497:   8b cb e8 9e cd ff ff 48 c7 05 5f 36 01 00 00 00
0x00007ffb81a464a7:   00 00 48 83 c4 20 5b c3 cc 40 53 48 83 ec 20 48 


Stack slot to memory mapping:
stack at sp + 0 slots: 0x0 is NULL
stack at sp + 1 slots: 0x00000222e67f8230 points into unknown readable memory: 0xdc0de4a8bbf477a4 | a4 77 f4 bb a8 e4 0d dc
stack at sp + 2 slots: 0x00007ffb43d30c00 jvm.dll
stack at sp + 3 slots: 0x00007ffb81a43cf0 glass.dll
stack at sp + 4 slots: 0x00000222e67f8238 points into unknown readable memory: 0x0000c568fbf4745b | 5b 74 f4 fb 68 c5 00 00
stack at sp + 5 slots: 0x00007ffba2f442d6 ucrtbase.dll
stack at sp + 6 slots: 0x0000c568fbf4745b is an unknown value
stack at sp + 7 slots: 0x0000022200000000 is an unknown value

VM_Operation (0x0000002517aff500): Exit, mode: safepoint, requested by thread 0x00000222e6a546f0


---------------  P R O C E S S  ---------------

Threads class SMR info:
_java_thread_list=0x00000222e6a2e910, length=22, elements={
0x00000222c3f01300, 0x00000222e17be550, 0x00000222e17c0060, 0x00000222e17d8760,
0x00000222e17d9100, 0x00000222e17d9aa0, 0x00000222e17dc590, 0x00000222e17e08a0,
0x00000222e17ec530, 0x00000222e18266e0, 0x00000222e5c38a70, 0x00000222e623f770,
0x00000222e608f0c0, 0x00000222e64c1010, 0x00000222e67508e0, 0x00000222e698b950,
0x00000222e71907b0, 0x00000222e71bbfa0, 0x00000222e6b27420, 0x00000222e6b28760,
0x00000222e6a546f0, 0x00000222e6a52a10
}

Java Threads: ( => current thread )
  0x00000222c3f01300 JavaThread "main" [_thread_blocked, id=11816, stack(0x0000002517b00000,0x0000002517c00000)]
  0x00000222e17be550 JavaThread "Reference Handler" daemon [_thread_blocked, id=9256, stack(0x0000002518200000,0x0000002518300000)]
  0x00000222e17c0060 JavaThread "Finalizer" daemon [_thread_blocked, id=10656, stack(0x0000002518300000,0x0000002518400000)]
  0x00000222e17d8760 JavaThread "Signal Dispatcher" daemon [_thread_blocked, id=6748, stack(0x0000002518400000,0x0000002518500000)]
  0x00000222e17d9100 JavaThread "Attach Listener" daemon [_thread_blocked, id=3240, stack(0x0000002518500000,0x0000002518600000)]
  0x00000222e17d9aa0 JavaThread "Service Thread" daemon [_thread_blocked, id=2352, stack(0x0000002518600000,0x0000002518700000)]
  0x00000222e17dc590 JavaThread "Monitor Deflation Thread" daemon [_thread_blocked, id=3104, stack(0x0000002518700000,0x0000002518800000)]
  0x00000222e17e08a0 JavaThread "C2 CompilerThread0" daemon [_thread_blocked, id=1744, stack(0x0000002518800000,0x0000002518900000)]
  0x00000222e17ec530 JavaThread "C1 CompilerThread0" daemon [_thread_blocked, id=12184, stack(0x0000002518900000,0x0000002518a00000)]
  0x00000222e18266e0 JavaThread "Sweeper thread" daemon [_thread_blocked, id=5508, stack(0x0000002518a00000,0x0000002518b00000)]
  0x00000222e5c38a70 JavaThread "Common-Cleaner" daemon [_thread_blocked, id=4744, stack(0x0000002518b00000,0x0000002518c00000)]
  0x00000222e623f770 JavaThread "Monitor Ctrl-Break" daemon [_thread_in_native, id=12024, stack(0x0000002518d00000,0x0000002518e00000)]
  0x00000222e608f0c0 JavaThread "Notification Thread" daemon [_thread_blocked, id=2932, stack(0x0000002518e00000,0x0000002518f00000)]
  0x00000222e64c1010 JavaThread "QuantumRenderer-0" daemon [_thread_blocked, id=3540, stack(0x0000002519000000,0x0000002519100000)]
  0x00000222e67508e0 JavaThread "InvokeLaterDispatcher" daemon [_thread_blocked, id=1336, stack(0x0000002519100000,0x0000002519200000)]
  0x00000222e698b950 JavaThread "JavaFX Application Thread" [_thread_in_native, id=7576, stack(0x0000002519200000,0x0000002519300000)]
  0x00000222e71907b0 JavaThread "Thread-1" daemon [_thread_in_native, id=8704, stack(0x0000002519900000,0x0000002519a00000)]
  0x00000222e71bbfa0 JavaThread "JavaFX-Launcher" [_thread_blocked, id=4320, stack(0x0000002519a00000,0x0000002519b00000)]
  0x00000222e6b27420 JavaThread "Prism Font Disposer" daemon [_thread_blocked, id=9128, stack(0x0000002519e00000,0x0000002519f00000)]
  0x00000222e6b28760 JavaThread "Cleaner-0" daemon [_thread_blocked, id=4708, stack(0x0000002519f00000,0x000000251a000000)]
  0x00000222e6a546f0 JavaThread "SIGINT handler" daemon [_thread_blocked, id=996, stack(0x0000002517a00000,0x0000002517b00000)]
  0x00000222e6a52a10 JavaThread "Glass/Prism Shutdown Hook" [_thread_blocked, id=7432, stack(0x0000002518c00000,0x0000002518d00000)]

Other Threads:
=>0x00000222c3f7a800 VMThread "VM Thread" [stack: 0x0000002518100000,0x0000002518200000] [id=3260]
  0x00000222c3f5f800 WorkerThread "GC Thread#0" [stack: 0x0000002517c00000,0x0000002517d00000] [id=12068]
  0x00000222e703dd10 WorkerThread "GC Thread#1" [stack: 0x0000002519300000,0x0000002519400000] [id=6908]
  0x00000222e663bc00 WorkerThread "GC Thread#2" [stack: 0x0000002519400000,0x0000002519500000] [id=6324]
  0x00000222e67e1f30 WorkerThread "GC Thread#3" [stack: 0x0000002519500000,0x0000002519600000] [id=3812]
  0x00000222c3f71380 ConcurrentGCThread "G1 Main Marker" terminated
  0x00000222c3f73d90 WorkerThread "G1 Conc#0" [stack: 0x0000002517e00000,0x0000002517f00000] [id=1536]
  0x00000222c3fb52b0 ConcurrentGCThread "G1 Refine#0" terminated
  0x00000222c3fb5bc0 ConcurrentGCThread "G1 Service" terminated

Threads with active compile tasks:

VM state: at safepoint (shutting down)

VM Mutex/Monitor currently owned by a thread:  ([mutex/lock_event])
[0x00000222c3efd150] Threads_lock - owner thread: 0x00000222c3f7a800
[0x00000222c3efccd0] Heap_lock - owner thread: 0x00000222e6a546f0

Heap address: 0x0000000081e00000, size: 2018 MB, Compressed Oops mode: 32-bit

CDS archive(s) mapped at: [0x0000000800000000-0x0000000800ba0000-0x0000000800ba0000), size 12189696, SharedBaseAddress: 0x0000000800000000, ArchiveRelocationMode: 0.
Compressed class space mapped at: 0x0000000800c00000-0x0000000840c00000, reserved size: 1073741824
Narrow klass base: 0x0000000800000000, Narrow klass shift: 0, Narrow klass range: 0x100000000

GC Precious Log:
 CardTable entry size: 512
 Card Set container configuration: InlinePtr #cards 5 size 8 Array Of Cards #cards 12 size 40 Howl #buckets 4 coarsen threshold 1843 Howl Bitmap #cards 512 size 80 coarsen threshold 460 Card regions per heap region 1 cards per card region 2048
 CPUs: 4 total, 4 available
 Memory: 8066M
 Large Page Support: Disabled
 NUMA Support: Disabled
 Compressed Oops: Enabled (32-bit)
 Heap Region Size: 1M
 Heap Min Capacity: 8M
 Heap Initial Capacity: 128M
 Heap Max Capacity: 2018M
 Pre-touch: Disabled
 Parallel Workers: 4
 Concurrent Workers: 1
 Concurrent Refinement Workers: 4
 Periodic GC: Disabled

Heap:
 garbage-first heap   total 131072K, used 48210K [0x0000000081e00000, 0x0000000100000000)
  region size 1024K, 44 young (45056K), 3 survivors (3072K)
 Metaspace       used 18589K, committed 18944K, reserved 1114112K
  class space    used 2717K, committed 2880K, reserved 1048576K

Heap Regions: E=young(eden), S=young(survivor), O=old, HS=humongous(starts), HC=humongous(continues), CS=collection set, F=free, OA=open archive, CA=closed archive, TAMS=top-at-mark-start (previous, next)
|   0|0x0000000081e00000, 0x0000000081f00000, 0x0000000081f00000|100%| O|  |TAMS 0x0000000081e00000, 0x0000000081e00000| Untracked 
|   1|0x0000000081f00000, 0x0000000082000000, 0x0000000082000000|100%| O|  |TAMS 0x0000000081f00000, 0x0000000081f00000| Untracked 
|   2|0x0000000082000000, 0x0000000082014a00, 0x0000000082100000|  8%| O|  |TAMS 0x0000000082000000, 0x0000000082000000| Untracked 
|   3|0x0000000082100000, 0x0000000082200000, 0x0000000082200000|100%|HS|  |TAMS 0x0000000082100000, 0x0000000082100000| Complete 
|   4|0x0000000082200000, 0x0000000082300000, 0x0000000082300000|100%|HC|  |TAMS 0x0000000082200000, 0x0000000082200000| Complete 
|   5|0x0000000082300000, 0x0000000082300000, 0x0000000082400000|  0%| F|  |TAMS 0x0000000082300000, 0x0000000082300000| Untracked 
|   6|0x0000000082400000, 0x0000000082400000, 0x0000000082500000|  0%| F|  |TAMS 0x0000000082400000, 0x0000000082400000| Untracked 
|   7|0x0000000082500000, 0x0000000082500000, 0x0000000082600000|  0%| F|  |TAMS 0x0000000082500000, 0x0000000082500000| Untracked 
|   8|0x0000000082600000, 0x0000000082600000, 0x0000000082700000|  0%| F|  |TAMS 0x0000000082600000, 0x0000000082600000| Untracked 
|   9|0x0000000082700000, 0x0000000082700000, 0x0000000082800000|  0%| F|  |TAMS 0x0000000082700000, 0x0000000082700000| Untracked 
|  10|0x0000000082800000, 0x0000000082800000, 0x0000000082900000|  0%| F|  |TAMS 0x0000000082800000, 0x0000000082800000| Untracked 
|  11|0x0000000082900000, 0x0000000082900000, 0x0000000082a00000|  0%| F|  |TAMS 0x0000000082900000, 0x0000000082900000| Untracked 
|  12|0x0000000082a00000, 0x0000000082a00000, 0x0000000082b00000|  0%| F|  |TAMS 0x0000000082a00000, 0x0000000082a00000| Untracked 
|  13|0x0000000082b00000, 0x0000000082b00000, 0x0000000082c00000|  0%| F|  |TAMS 0x0000000082b00000, 0x0000000082b00000| Untracked 
|  14|0x0000000082c00000, 0x0000000082c00000, 0x0000000082d00000|  0%| F|  |TAMS 0x0000000082c00000, 0x0000000082c00000| Untracked 
|  15|0x0000000082d00000, 0x0000000082d00000, 0x0000000082e00000|  0%| F|  |TAMS 0x0000000082d00000, 0x0000000082d00000| Untracked 
|  16|0x0000000082e00000, 0x0000000082e00000, 0x0000000082f00000|  0%| F|  |TAMS 0x0000000082e00000, 0x0000000082e00000| Untracked 
|  17|0x0000000082f00000, 0x0000000082f00000, 0x0000000083000000|  0%| F|  |TAMS 0x0000000082f00000, 0x0000000082f00000| Untracked 
|  18|0x0000000083000000, 0x0000000083000000, 0x0000000083100000|  0%| F|  |TAMS 0x0000000083000000, 0x0000000083000000| Untracked 
|  19|0x0000000083100000, 0x0000000083100000, 0x0000000083200000|  0%| F|  |TAMS 0x0000000083100000, 0x0000000083100000| Untracked 
|  20|0x0000000083200000, 0x0000000083200000, 0x0000000083300000|  0%| F|  |TAMS 0x0000000083200000, 0x0000000083200000| Untracked 
|  21|0x0000000083300000, 0x0000000083300000, 0x0000000083400000|  0%| F|  |TAMS 0x0000000083300000, 0x0000000083300000| Untracked 
|  22|0x0000000083400000, 0x0000000083400000, 0x0000000083500000|  0%| F|  |TAMS 0x0000000083400000, 0x0000000083400000| Untracked 
|  23|0x0000000083500000, 0x0000000083500000, 0x0000000083600000|  0%| F|  |TAMS 0x0000000083500000, 0x0000000083500000| Untracked 
|  24|0x0000000083600000, 0x0000000083600000, 0x0000000083700000|  0%| F|  |TAMS 0x0000000083600000, 0x0000000083600000| Untracked 
|  25|0x0000000083700000, 0x0000000083700000, 0x0000000083800000|  0%| F|  |TAMS 0x0000000083700000, 0x0000000083700000| Untracked 
|  26|0x0000000083800000, 0x0000000083800000, 0x0000000083900000|  0%| F|  |TAMS 0x0000000083800000, 0x0000000083800000| Untracked 
|  27|0x0000000083900000, 0x0000000083900000, 0x0000000083a00000|  0%| F|  |TAMS 0x0000000083900000, 0x0000000083900000| Untracked 
|  28|0x0000000083a00000, 0x0000000083a00000, 0x0000000083b00000|  0%| F|  |TAMS 0x0000000083a00000, 0x0000000083a00000| Untracked 
|  29|0x0000000083b00000, 0x0000000083b00000, 0x0000000083c00000|  0%| F|  |TAMS 0x0000000083b00000, 0x0000000083b00000| Untracked 
|  30|0x0000000083c00000, 0x0000000083c00000, 0x0000000083d00000|  0%| F|  |TAMS 0x0000000083c00000, 0x0000000083c00000| Untracked 
|  31|0x0000000083d00000, 0x0000000083d00000, 0x0000000083e00000|  0%| F|  |TAMS 0x0000000083d00000, 0x0000000083d00000| Untracked 
|  32|0x0000000083e00000, 0x0000000083e00000, 0x0000000083f00000|  0%| F|  |TAMS 0x0000000083e00000, 0x0000000083e00000| Untracked 
|  33|0x0000000083f00000, 0x0000000083f00000, 0x0000000084000000|  0%| F|  |TAMS 0x0000000083f00000, 0x0000000083f00000| Untracked 
|  34|0x0000000084000000, 0x0000000084000000, 0x0000000084100000|  0%| F|  |TAMS 0x0000000084000000, 0x0000000084000000| Untracked 
|  35|0x0000000084100000, 0x0000000084100000, 0x0000000084200000|  0%| F|  |TAMS 0x0000000084100000, 0x0000000084100000| Untracked 
|  36|0x0000000084200000, 0x0000000084200000, 0x0000000084300000|  0%| F|  |TAMS 0x0000000084200000, 0x0000000084200000| Untracked 
|  37|0x0000000084300000, 0x0000000084300000, 0x0000000084400000|  0%| F|  |TAMS 0x0000000084300000, 0x0000000084300000| Untracked 
|  38|0x0000000084400000, 0x0000000084400000, 0x0000000084500000|  0%| F|  |TAMS 0x0000000084400000, 0x0000000084400000| Untracked 
|  39|0x0000000084500000, 0x0000000084500000, 0x0000000084600000|  0%| F|  |TAMS 0x0000000084500000, 0x0000000084500000| Untracked 
|  40|0x0000000084600000, 0x0000000084600000, 0x0000000084700000|  0%| F|  |TAMS 0x0000000084600000, 0x0000000084600000| Untracked 
|  41|0x0000000084700000, 0x0000000084700000, 0x0000000084800000|  0%| F|  |TAMS 0x0000000084700000, 0x0000000084700000| Untracked 
|  42|0x0000000084800000, 0x0000000084800000, 0x0000000084900000|  0%| F|  |TAMS 0x0000000084800000, 0x0000000084800000| Untracked 
|  43|0x0000000084900000, 0x0000000084900000, 0x0000000084a00000|  0%| F|  |TAMS 0x0000000084900000, 0x0000000084900000| Untracked 
|  44|0x0000000084a00000, 0x0000000084a00000, 0x0000000084b00000|  0%| F|  |TAMS 0x0000000084a00000, 0x0000000084a00000| Untracked 
|  45|0x0000000084b00000, 0x0000000084b00000, 0x0000000084c00000|  0%| F|  |TAMS 0x0000000084b00000, 0x0000000084b00000| Untracked 
|  46|0x0000000084c00000, 0x0000000084c00000, 0x0000000084d00000|  0%| F|  |TAMS 0x0000000084c00000, 0x0000000084c00000| Untracked 
|  47|0x0000000084d00000, 0x0000000084d00000, 0x0000000084e00000|  0%| F|  |TAMS 0x0000000084d00000, 0x0000000084d00000| Untracked 
|  48|0x0000000084e00000, 0x0000000084e00000, 0x0000000084f00000|  0%| F|  |TAMS 0x0000000084e00000, 0x0000000084e00000| Untracked 
|  49|0x0000000084f00000, 0x0000000084f00000, 0x0000000085000000|  0%| F|  |TAMS 0x0000000084f00000, 0x0000000084f00000| Untracked 
|  50|0x0000000085000000, 0x0000000085000000, 0x0000000085100000|  0%| F|  |TAMS 0x0000000085000000, 0x0000000085000000| Untracked 
|  51|0x0000000085100000, 0x0000000085100000, 0x0000000085200000|  0%| F|  |TAMS 0x0000000085100000, 0x0000000085100000| Untracked 
|  52|0x0000000085200000, 0x0000000085200000, 0x0000000085300000|  0%| F|  |TAMS 0x0000000085200000, 0x0000000085200000| Untracked 
|  53|0x0000000085300000, 0x0000000085300000, 0x0000000085400000|  0%| F|  |TAMS 0x0000000085300000, 0x0000000085300000| Untracked 
|  54|0x0000000085400000, 0x0000000085400000, 0x0000000085500000|  0%| F|  |TAMS 0x0000000085400000, 0x0000000085400000| Untracked 
|  55|0x0000000085500000, 0x0000000085500000, 0x0000000085600000|  0%| F|  |TAMS 0x0000000085500000, 0x0000000085500000| Untracked 
|  56|0x0000000085600000, 0x0000000085600000, 0x0000000085700000|  0%| F|  |TAMS 0x0000000085600000, 0x0000000085600000| Untracked 
|  57|0x0000000085700000, 0x0000000085700000, 0x0000000085800000|  0%| F|  |TAMS 0x0000000085700000, 0x0000000085700000| Untracked 
|  58|0x0000000085800000, 0x0000000085800000, 0x0000000085900000|  0%| F|  |TAMS 0x0000000085800000, 0x0000000085800000| Untracked 
|  59|0x0000000085900000, 0x0000000085900000, 0x0000000085a00000|  0%| F|  |TAMS 0x0000000085900000, 0x0000000085900000| Untracked 
|  60|0x0000000085a00000, 0x0000000085a00000, 0x0000000085b00000|  0%| F|  |TAMS 0x0000000085a00000, 0x0000000085a00000| Untracked 
|  61|0x0000000085b00000, 0x0000000085b00000, 0x0000000085c00000|  0%| F|  |TAMS 0x0000000085b00000, 0x0000000085b00000| Untracked 
|  62|0x0000000085c00000, 0x0000000085c00000, 0x0000000085d00000|  0%| F|  |TAMS 0x0000000085c00000, 0x0000000085c00000| Untracked 
|  63|0x0000000085d00000, 0x0000000085d00000, 0x0000000085e00000|  0%| F|  |TAMS 0x0000000085d00000, 0x0000000085d00000| Untracked 
|  64|0x0000000085e00000, 0x0000000085e00000, 0x0000000085f00000|  0%| F|  |TAMS 0x0000000085e00000, 0x0000000085e00000| Untracked 
|  65|0x0000000085f00000, 0x0000000085f00000, 0x0000000086000000|  0%| F|  |TAMS 0x0000000085f00000, 0x0000000085f00000| Untracked 
|  66|0x0000000086000000, 0x0000000086000000, 0x0000000086100000|  0%| F|  |TAMS 0x0000000086000000, 0x0000000086000000| Untracked 
|  67|0x0000000086100000, 0x0000000086100000, 0x0000000086200000|  0%| F|  |TAMS 0x0000000086100000, 0x0000000086100000| Untracked 
|  68|0x0000000086200000, 0x0000000086200000, 0x0000000086300000|  0%| F|  |TAMS 0x0000000086200000, 0x0000000086200000| Untracked 
|  69|0x0000000086300000, 0x0000000086300000, 0x0000000086400000|  0%| F|  |TAMS 0x0000000086300000, 0x0000000086300000| Untracked 
|  70|0x0000000086400000, 0x0000000086400000, 0x0000000086500000|  0%| F|  |TAMS 0x0000000086400000, 0x0000000086400000| Untracked 
|  71|0x0000000086500000, 0x0000000086500000, 0x0000000086600000|  0%| F|  |TAMS 0x0000000086500000, 0x0000000086500000| Untracked 
|  72|0x0000000086600000, 0x0000000086600000, 0x0000000086700000|  0%| F|  |TAMS 0x0000000086600000, 0x0000000086600000| Untracked 
|  73|0x0000000086700000, 0x0000000086700000, 0x0000000086800000|  0%| F|  |TAMS 0x0000000086700000, 0x0000000086700000| Untracked 
|  74|0x0000000086800000, 0x0000000086800000, 0x0000000086900000|  0%| F|  |TAMS 0x0000000086800000, 0x0000000086800000| Untracked 
|  75|0x0000000086900000, 0x0000000086900000, 0x0000000086a00000|  0%| F|  |TAMS 0x0000000086900000, 0x0000000086900000| Untracked 
|  76|0x0000000086a00000, 0x0000000086a00000, 0x0000000086b00000|  0%| F|  |TAMS 0x0000000086a00000, 0x0000000086a00000| Untracked 
|  77|0x0000000086b00000, 0x0000000086b00000, 0x0000000086c00000|  0%| F|  |TAMS 0x0000000086b00000, 0x0000000086b00000| Untracked 
|  78|0x0000000086c00000, 0x0000000086c00000, 0x0000000086d00000|  0%| F|  |TAMS 0x0000000086c00000, 0x0000000086c00000| Untracked 
|  79|0x0000000086d00000, 0x0000000086d00000, 0x0000000086e00000|  0%| F|  |TAMS 0x0000000086d00000, 0x0000000086d00000| Untracked 
|  80|0x0000000086e00000, 0x0000000086e00000, 0x0000000086f00000|  0%| F|  |TAMS 0x0000000086e00000, 0x0000000086e00000| Untracked 
|  81|0x0000000086f00000, 0x0000000086f00000, 0x0000000087000000|  0%| F|  |TAMS 0x0000000086f00000, 0x0000000086f00000| Untracked 
|  82|0x0000000087000000, 0x0000000087000000, 0x0000000087100000|  0%| F|  |TAMS 0x0000000087000000, 0x0000000087000000| Untracked 
|  83|0x0000000087100000, 0x0000000087100000, 0x0000000087200000|  0%| F|  |TAMS 0x0000000087100000, 0x0000000087100000| Untracked 
|  84|0x0000000087200000, 0x00000000872e0c78, 0x0000000087300000| 87%| E|  |TAMS 0x0000000087200000, 0x0000000087200000| Complete 
|  85|0x0000000087300000, 0x0000000087400000, 0x0000000087400000|100%| E|CS|TAMS 0x0000000087300000, 0x0000000087300000| Complete 
|  86|0x0000000087400000, 0x0000000087500000, 0x0000000087500000|100%| E|CS|TAMS 0x0000000087400000, 0x0000000087400000| Complete 
|  87|0x0000000087500000, 0x0000000087600000, 0x0000000087600000|100%| E|CS|TAMS 0x0000000087500000, 0x0000000087500000| Complete 
|  88|0x0000000087600000, 0x0000000087700000, 0x0000000087700000|100%| E|CS|TAMS 0x0000000087600000, 0x0000000087600000| Complete 
|  89|0x0000000087700000, 0x0000000087800000, 0x0000000087800000|100%| E|CS|TAMS 0x0000000087700000, 0x0000000087700000| Complete 
|  90|0x0000000087800000, 0x0000000087900000, 0x0000000087900000|100%| E|CS|TAMS 0x0000000087800000, 0x0000000087800000| Complete 
|  91|0x0000000087900000, 0x0000000087a00000, 0x0000000087a00000|100%| E|CS|TAMS 0x0000000087900000, 0x0000000087900000| Complete 
|  92|0x0000000087a00000, 0x0000000087b00000, 0x0000000087b00000|100%| E|CS|TAMS 0x0000000087a00000, 0x0000000087a00000| Complete 
|  93|0x0000000087b00000, 0x0000000087c00000, 0x0000000087c00000|100%| E|CS|TAMS 0x0000000087b00000, 0x0000000087b00000| Complete 
|  94|0x0000000087c00000, 0x0000000087d00000, 0x0000000087d00000|100%| E|CS|TAMS 0x0000000087c00000, 0x0000000087c00000| Complete 
|  95|0x0000000087d00000, 0x0000000087e00000, 0x0000000087e00000|100%| E|CS|TAMS 0x0000000087d00000, 0x0000000087d00000| Complete 
|  96|0x0000000087e00000, 0x0000000087f00000, 0x0000000087f00000|100%| E|CS|TAMS 0x0000000087e00000, 0x0000000087e00000| Complete 
|  97|0x0000000087f00000, 0x0000000088000000, 0x0000000088000000|100%| E|CS|TAMS 0x0000000087f00000, 0x0000000087f00000| Complete 
|  98|0x0000000088000000, 0x0000000088100000, 0x0000000088100000|100%| E|CS|TAMS 0x0000000088000000, 0x0000000088000000| Complete 
|  99|0x0000000088100000, 0x0000000088200000, 0x0000000088200000|100%| E|CS|TAMS 0x0000000088100000, 0x0000000088100000| Complete 
| 100|0x0000000088200000, 0x0000000088300000, 0x0000000088300000|100%| E|CS|TAMS 0x0000000088200000, 0x0000000088200000| Complete 
| 101|0x0000000088300000, 0x0000000088400000, 0x0000000088400000|100%| E|CS|TAMS 0x0000000088300000, 0x0000000088300000| Complete 
| 102|0x0000000088400000, 0x0000000088500000, 0x0000000088500000|100%| E|CS|TAMS 0x0000000088400000, 0x0000000088400000| Complete 
| 103|0x0000000088500000, 0x0000000088600000, 0x0000000088600000|100%| E|CS|TAMS 0x0000000088500000, 0x0000000088500000| Complete 
| 104|0x0000000088600000, 0x0000000088700000, 0x0000000088700000|100%| E|CS|TAMS 0x0000000088600000, 0x0000000088600000| Complete 
| 105|0x0000000088700000, 0x0000000088800000, 0x0000000088800000|100%| E|CS|TAMS 0x0000000088700000, 0x0000000088700000| Complete 
| 106|0x0000000088800000, 0x0000000088900000, 0x0000000088900000|100%| S|CS|TAMS 0x0000000088800000, 0x0000000088800000| Complete 
| 107|0x0000000088900000, 0x0000000088a00000, 0x0000000088a00000|100%| S|CS|TAMS 0x0000000088900000, 0x0000000088900000| Complete 
| 108|0x0000000088a00000, 0x0000000088b00000, 0x0000000088b00000|100%| S|CS|TAMS 0x0000000088a00000, 0x0000000088a00000| Complete 
| 109|0x0000000088b00000, 0x0000000088c00000, 0x0000000088c00000|100%| E|CS|TAMS 0x0000000088b00000, 0x0000000088b00000| Complete 
| 110|0x0000000088c00000, 0x0000000088d00000, 0x0000000088d00000|100%| E|CS|TAMS 0x0000000088c00000, 0x0000000088c00000| Complete 
| 111|0x0000000088d00000, 0x0000000088e00000, 0x0000000088e00000|100%| E|CS|TAMS 0x0000000088d00000, 0x0000000088d00000| Complete 
| 112|0x0000000088e00000, 0x0000000088f00000, 0x0000000088f00000|100%| E|CS|TAMS 0x0000000088e00000, 0x0000000088e00000| Complete 
| 113|0x0000000088f00000, 0x0000000089000000, 0x0000000089000000|100%| E|CS|TAMS 0x0000000088f00000, 0x0000000088f00000| Complete 
| 114|0x0000000089000000, 0x0000000089100000, 0x0000000089100000|100%| E|CS|TAMS 0x0000000089000000, 0x0000000089000000| Complete 
| 115|0x0000000089100000, 0x0000000089200000, 0x0000000089200000|100%| E|CS|TAMS 0x0000000089100000, 0x0000000089100000| Complete 
| 116|0x0000000089200000, 0x0000000089300000, 0x0000000089300000|100%| E|CS|TAMS 0x0000000089200000, 0x0000000089200000| Complete 
| 117|0x0000000089300000, 0x0000000089400000, 0x0000000089400000|100%| E|CS|TAMS 0x0000000089300000, 0x0000000089300000| Complete 
| 118|0x0000000089400000, 0x0000000089500000, 0x0000000089500000|100%| E|CS|TAMS 0x0000000089400000, 0x0000000089400000| Complete 
| 119|0x0000000089500000, 0x0000000089600000, 0x0000000089600000|100%| E|CS|TAMS 0x0000000089500000, 0x0000000089500000| Complete 
| 120|0x0000000089600000, 0x0000000089700000, 0x0000000089700000|100%| E|CS|TAMS 0x0000000089600000, 0x0000000089600000| Complete 
| 121|0x0000000089700000, 0x0000000089800000, 0x0000000089800000|100%| E|CS|TAMS 0x0000000089700000, 0x0000000089700000| Complete 
| 122|0x0000000089800000, 0x0000000089900000, 0x0000000089900000|100%| E|CS|TAMS 0x0000000089800000, 0x0000000089800000| Complete 
| 123|0x0000000089900000, 0x0000000089a00000, 0x0000000089a00000|100%| E|CS|TAMS 0x0000000089900000, 0x0000000089900000| Complete 
| 124|0x0000000089a00000, 0x0000000089b00000, 0x0000000089b00000|100%| E|CS|TAMS 0x0000000089a00000, 0x0000000089a00000| Complete 
| 125|0x0000000089b00000, 0x0000000089c00000, 0x0000000089c00000|100%| E|CS|TAMS 0x0000000089b00000, 0x0000000089b00000| Complete 
| 126|0x0000000089c00000, 0x0000000089d00000, 0x0000000089d00000|100%| E|CS|TAMS 0x0000000089c00000, 0x0000000089c00000| Complete 
| 127|0x0000000089d00000, 0x0000000089e00000, 0x0000000089e00000|100%| E|CS|TAMS 0x0000000089d00000, 0x0000000089d00000| Complete 

Card table byte_map: [0x00000222dac40000,0x00000222db040000] _byte_map_base: 0x00000222da831000

Marking Bits (Prev, Next): (CMBitMap*) 0x00000222c3f60e10, (CMBitMap*) 0x00000222c3f60e50
 Prev Bits: [0x00000222db440000, 0x00000222dd3c8000)
 Next Bits: [0x00000222dd3d0000, 0x00000222df358000)

Polling page: 0x00000222c1cf0000

Metaspace:

Usage:
  Non-class:     15.50 MB used.
      Class:      2.65 MB used.
       Both:     18.15 MB used.

Virtual space:
  Non-class space:       64.00 MB reserved,      15.69 MB ( 25%) committed,  1 nodes.
      Class space:        1.00 GB reserved,       2.81 MB ( <1%) committed,  1 nodes.
             Both:        1.06 GB reserved,      18.50 MB (  2%) committed. 

Chunk freelists:
   Non-Class:  190.00 KB
       Class:  1.19 MB
        Both:  1.38 MB

MaxMetaspaceSize: unlimited
CompressedClassSpaceSize: 1.00 GB
Initial GC threshold: 21.00 MB
Current GC threshold: 21.00 MB
CDS: on
MetaspaceReclaimPolicy: balanced
 - commit_granule_bytes: 65536.
 - commit_granule_words: 8192.
 - virtual_space_node_default_size: 8388608.
 - enlarge_chunks_in_place: 1.
 - new_chunks_are_fully_committed: 0.
 - uncommit_free_chunks: 1.
 - use_allocation_guard: 0.


Internal statistics:

num_allocs_failed_limit: 0.
num_arena_births: 378.
num_arena_deaths: 0.
num_vsnodes_births: 2.
num_vsnodes_deaths: 0.
num_space_committed: 296.
num_space_uncommitted: 0.
num_chunks_returned_to_freelist: 0.
num_chunks_taken_from_freelist: 986.
num_chunk_merges: 0.
num_chunk_splits: 670.
num_chunks_enlarged: 509.
num_inconsistent_stats: 0.

CodeHeap 'non-profiled nmethods': size=120000Kb used=1262Kb max_used=1262Kb free=118737Kb
 bounds [0x00000222d3310000, 0x00000222d3580000, 0x00000222da840000]
CodeHeap 'profiled nmethods': size=120000Kb used=6484Kb max_used=6484Kb free=113516Kb
 bounds [0x00000222cbde0000, 0x00000222cc440000, 0x00000222d3310000]
CodeHeap 'non-nmethods': size=5760Kb used=1446Kb max_used=1517Kb free=4313Kb
 bounds [0x00000222cb840000, 0x00000222cbab0000, 0x00000222cbde0000]
 total_blobs=4144 nmethods=3343 adapters=713
 compilation: enabled
              stopped_count=0, restarted_count=0
 full_count=0

Compilation events (20 events):
Event: 6.813 Thread 0x00000222e17ec530 nmethod 3337 0x00000222d344a090 code [0x00000222d344a220, 0x00000222d344a2f8]
Event: 6.813 Thread 0x00000222e17e08a0 nmethod 3334 0x00000222d344a390 code [0x00000222d344a520, 0x00000222d344a658]
Event: 6.813 Thread 0x00000222e17ec530 3338       3       java.lang.invoke.LambdaForm$MH/0x0000000800e75c00::invoke (67 bytes)
Event: 6.820 Thread 0x00000222e17ec530 nmethod 3338 0x00000222cc421a90 code [0x00000222cc422280, 0x00000222cc4279e8]
Event: 6.820 Thread 0x00000222e17ec530 3339       3       java.lang.invoke.DirectMethodHandle$Holder::invokeStatic (18 bytes)
Event: 6.820 Thread 0x00000222e17ec530 nmethod 3339 0x00000222cc42a390 code [0x00000222cc42a560, 0x00000222cc42a9d8]
Event: 6.820 Thread 0x00000222e17ec530 3340       3       com.sun.javafx.reflect.Trampoline::invoke (11 bytes)
Event: 6.827 Thread 0x00000222e17ec530 nmethod 3340 0x00000222cc42ab10 code [0x00000222cc42b340, 0x00000222cc430878]
Event: 6.827 Thread 0x00000222e17ec530 3341       3       com.sun.javafx.reflect.Trampoline::ensureInvocableMethod (53 bytes)
Event: 6.828 Thread 0x00000222e17ec530 nmethod 3341 0x00000222cc433290 code [0x00000222cc4334a0, 0x00000222cc433c18]
Event: 6.828 Thread 0x00000222e17ec530 3342       1       java.lang.reflect.Method::getRoot (5 bytes)
Event: 6.828 Thread 0x00000222e17ec530 nmethod 3342 0x00000222d344a790 code [0x00000222d344a920, 0x00000222d344a9f8]
Event: 86.442 Thread 0x00000222e17e08a0 3343       4       com.sun.javafx.tk.quantum.QuantumToolkit::postPulse (133 bytes)
Event: 86.445 Thread 0x00000222e17e08a0 nmethod 3343 0x00000222d344aa90 code [0x00000222d344ac40, 0x00000222d344aea8]
Event: 86.714 Thread 0x00000222e17e08a0 3344       4       com.sun.javafx.tk.quantum.QuantumToolkit$$Lambda$91/0x0000000800c39270::run (8 bytes)
Event: 86.718 Thread 0x00000222e17e08a0 nmethod 3344 0x00000222d344b190 code [0x00000222d344b360, 0x00000222d344b630]
Event: 656.328 Thread 0x00000222e17ec530 3345       3       java.lang.invoke.LambdaForm$DMH/0x0000000800da0000::invokeStatic (31 bytes)
Event: 656.328 Thread 0x00000222e17ec530 nmethod 3345 0x00000222cc433e90 code [0x00000222cc434060, 0x00000222cc4344f8]
Event: 656.329 Thread 0x00000222e17ec530 3346       3       java.lang.invoke.MethodHandles$Lookup::restrictReceiver (127 bytes)
Event: 656.329 Thread 0x00000222e17ec530 nmethod 3346 0x00000222cc434610 code [0x00000222cc434820, 0x00000222cc434d48]

GC Heap History (4 events):
Event: 0.615 GC heap before
{Heap before GC invocations=0 (full 0):
 garbage-first heap   total 131072K, used 13312K [0x0000000081e00000, 0x0000000100000000)
  region size 1024K, 13 young (13312K), 0 survivors (0K)
 Metaspace       used 2762K, committed 2944K, reserved 1114112K
  class space    used 288K, committed 384K, reserved 1048576K
}
Event: 0.622 GC heap after
{Heap after GC invocations=1 (full 0):
 garbage-first heap   total 131072K, used 2072K [0x0000000081e00000, 0x0000000100000000)
  region size 1024K, 2 young (2048K), 2 survivors (2048K)
 Metaspace       used 2762K, committed 2944K, reserved 1114112K
  class space    used 288K, committed 384K, reserved 1048576K
}
Event: 1.210 GC heap before
{Heap before GC invocations=1 (full 0):
 garbage-first heap   total 131072K, used 18456K [0x0000000081e00000, 0x0000000100000000)
  region size 1024K, 19 young (19456K), 2 survivors (2048K)
 Metaspace       used 8259K, committed 8512K, reserved 1114112K
  class space    used 1053K, committed 1152K, reserved 1048576K
}
Event: 1.217 GC heap after
{Heap after GC invocations=2 (full 0):
 garbage-first heap   total 131072K, used 5202K [0x0000000081e00000, 0x0000000100000000)
  region size 1024K, 3 young (3072K), 3 survivors (3072K)
 Metaspace       used 8259K, committed 8512K, reserved 1114112K
  class space    used 1053K, committed 1152K, reserved 1048576K
}

Deoptimization events (20 events):
Event: 4.711 Thread 0x00000222e698b950 DEOPT PACKING pc=0x00000222d337f350 sp=0x00000025192fc720
Event: 4.711 Thread 0x00000222e698b950 DEOPT UNPACKING pc=0x00000222cb8923a3 sp=0x00000025192fc6c0 mode 2
Event: 4.711 Thread 0x00000222e698b950 Uncommon trap: trap_request=0xffffffde fr.pc=0x00000222d337f350 relative=0x00000000000009b0
Event: 4.711 Thread 0x00000222e698b950 Uncommon trap: reason=class_check action=maybe_recompile pc=0x00000222d337f350 method=java.util.HashMap.putVal(ILjava/lang/Object;Ljava/lang/Object;ZZ)Ljava/lang/Object; @ 253 c2
Event: 4.711 Thread 0x00000222e698b950 DEOPT PACKING pc=0x00000222d337f350 sp=0x00000025192fc6e0
Event: 4.711 Thread 0x00000222e698b950 DEOPT UNPACKING pc=0x00000222cb8923a3 sp=0x00000025192fc680 mode 2
Event: 5.298 Thread 0x00000222e64c1010 Uncommon trap: trap_request=0xffffff45 fr.pc=0x00000222d33e56e4 relative=0x0000000000000fa4
Event: 5.298 Thread 0x00000222e64c1010 Uncommon trap: reason=unstable_if action=reinterpret pc=0x00000222d33e56e4 method=com.sun.scenario.effect.impl.state.BoxRenderState.validateWeights()V @ 147 c2
Event: 5.298 Thread 0x00000222e64c1010 DEOPT PACKING pc=0x00000222d33e56e4 sp=0x00000025190fc820
Event: 5.298 Thread 0x00000222e64c1010 DEOPT UNPACKING pc=0x00000222cb8923a3 sp=0x00000025190fc7a8 mode 2
Event: 6.008 Thread 0x00000222e64c1010 Uncommon trap: trap_request=0xffffff45 fr.pc=0x00000222d33ed30c relative=0x000000000000008c
Event: 6.008 Thread 0x00000222e64c1010 Uncommon trap: reason=unstable_if action=reinterpret pc=0x00000222d33ed30c method=com.sun.javafx.geom.RectBounds.isEmpty()Z @ 21 c2
Event: 6.008 Thread 0x00000222e64c1010 DEOPT PACKING pc=0x00000222d33ed30c sp=0x00000025190fdbe0
Event: 6.008 Thread 0x00000222e64c1010 DEOPT UNPACKING pc=0x00000222cb8923a3 sp=0x00000025190fdb70 mode 2
Event: 6.010 Thread 0x00000222e64c1010 DEOPT PACKING pc=0x00000222cc348bba sp=0x00000025190fe720
Event: 6.010 Thread 0x00000222e64c1010 DEOPT UNPACKING pc=0x00000222cb892b43 sp=0x00000025190fdc20 mode 0
Event: 6.022 Thread 0x00000222e64c1010 DEOPT PACKING pc=0x00000222cc348bba sp=0x00000025190fe730
Event: 6.022 Thread 0x00000222e64c1010 DEOPT UNPACKING pc=0x00000222cb892b43 sp=0x00000025190fdc30 mode 0
Event: 6.612 Thread 0x00000222e64c1010 DEOPT PACKING pc=0x00000222cc348bba sp=0x00000025190fe720
Event: 6.612 Thread 0x00000222e64c1010 DEOPT UNPACKING pc=0x00000222cb892b43 sp=0x00000025190fdc20 mode 0

Classes loaded (20 events):
Event: 6.765 Loading class java/lang/constant/MethodHandleDesc
Event: 6.765 Loading class java/lang/constant/MethodHandleDesc done
Event: 6.765 Loading class java/lang/constant/MethodHandleDesc$1
Event: 6.765 Loading class java/lang/constant/MethodHandleDesc$1 done
Event: 6.765 Loading class java/lang/constant/DirectMethodHandleDescImpl
Event: 6.765 Loading class java/lang/constant/DirectMethodHandleDesc
Event: 6.765 Loading class java/lang/constant/DirectMethodHandleDesc done
Event: 6.765 Loading class java/lang/constant/DirectMethodHandleDescImpl done
Event: 6.765 Loading class java/lang/constant/DirectMethodHandleDescImpl$1
Event: 6.766 Loading class java/lang/constant/DirectMethodHandleDescImpl$1 done
Event: 6.766 Loading class java/lang/constant/DirectMethodHandleDesc$1
Event: 6.766 Loading class java/lang/constant/DirectMethodHandleDesc$1 done
Event: 6.766 Loading class java/lang/constant/PrimitiveClassDescImpl
Event: 6.766 Loading class java/lang/constant/DynamicConstantDesc
Event: 6.766 Loading class java/lang/constant/DynamicConstantDesc done
Event: 6.766 Loading class java/lang/constant/PrimitiveClassDescImpl done
Event: 6.766 Loading class java/lang/constant/DynamicConstantDesc$AnonymousDynamicConstantDesc
Event: 6.766 Loading class java/lang/constant/DynamicConstantDesc$AnonymousDynamicConstantDesc done
Event: 656.326 Loading class jdk/internal/misc/Signal$1
Event: 656.326 Loading class jdk/internal/misc/Signal$1 done

Classes unloaded (0 events):
No events

Classes redefined (0 events):
No events

Internal exceptions (20 events):
Event: 1.720 Thread 0x00000222e698b950 Exception <a 'java/lang/ClassNotFoundException'{0x0000000088f784c0}: com/sun/javafx/scene/control/skin/resources/controls> (0x0000000088f784c0) 
thrown [s\open\src\hotspot\share\prims\jni.cpp, line 535]
Event: 1.722 Thread 0x00000222e698b950 Exception <a 'java/lang/ClassNotFoundException'{0x0000000088f86460}: com/sun/javafx/scene/control/skin/resources/controls_ru> (0x0000000088f86460) 
thrown [s\open\src\hotspot\share\prims\jni.cpp, line 535]
Event: 1.722 Thread 0x00000222e698b950 Exception <a 'java/lang/ClassNotFoundException'{0x0000000088f87bc8}: com/sun/javafx/scene/control/skin/resources/controls_ru_RU> (0x0000000088f87bc8) 
thrown [s\open\src\hotspot\share\prims\jni.cpp, line 535]
Event: 1.786 Thread 0x00000222e698b950 Exception <a 'java/lang/NoSuchMethodError'{0x0000000088d568c0}: 'void java.lang.invoke.DirectMethodHandle$Holder.invokeSpecial(java.lang.Object, java.lang.Object, java.lang.Object, java.lang.Object, java.lang.Object, java.lang.Object)'> (0x0000000088d568c0) 
thrown [s\open\src\hotspot\share\interpreter\linkResolver.cpp, line 759]
Event: 1.885 Thread 0x00000222e698b950 Exception <a 'java/lang/NoSuchMethodError'{0x00000000887c7f60}: 'int java.lang.invoke.DirectMethodHandle$Holder.invokeSpecial(java.lang.Object, java.lang.Object, int)'> (0x00000000887c7f60) 
thrown [s\open\src\hotspot\share\interpreter\linkResolver.cpp, line 759]
Event: 1.900 Thread 0x00000222e698b950 Exception <a 'java/lang/NoSuchMethodError'{0x00000000887fab48}: 'java.lang.Object java.lang.invoke.DirectMethodHandle$Holder.newInvokeSpecial(java.lang.Object, java.lang.Object, int)'> (0x00000000887fab48) 
thrown [s\open\src\hotspot\share\interpreter\linkResolver.cpp, line 759]
Event: 1.932 Thread 0x00000222e64c1010 Exception <a 'java/lang/NoSuchMethodError'{0x00000000886d61f0}: 'int java.lang.invoke.DirectMethodHandle$Holder.invokeStaticInit(java.lang.Object, java.lang.Object)'> (0x00000000886d61f0) 
thrown [s\open\src\hotspot\share\interpreter\linkResolver.cpp, line 759]
Event: 1.939 Thread 0x00000222e698b950 Exception <a 'java/lang/NoSuchMethodError'{0x00000000886fe298}: 'long java.lang.invoke.DirectMethodHandle$Holder.invokeStatic(java.lang.Object, java.lang.Object, java.lang.Object)'> (0x00000000886fe298) 
thrown [s\open\src\hotspot\share\interpreter\linkResolver.cpp, line 759]
Event: 1.939 Thread 0x00000222e698b950 Exception <a 'java/lang/NoSuchMethodError'{0x0000000088541988}: 'long java.lang.invoke.DirectMethodHandle$Holder.invokeStaticInit(java.lang.Object, java.lang.Object, java.lang.Object)'> (0x0000000088541988) 
thrown [s\open\src\hotspot\share\interpreter\linkResolver.cpp, line 759]
Event: 1.943 Thread 0x00000222e698b950 Exception <a 'java/lang/NoSuchMethodError'{0x0000000088559fd0}: 'java.lang.Object java.lang.invoke.DirectMethodHandle$Holder.newInvokeSpecial(java.lang.Object, java.lang.Object, long)'> (0x0000000088559fd0) 
thrown [s\open\src\hotspot\share\interpreter\linkResolver.cpp, line 759]
Event: 1.944 Thread 0x00000222e698b950 Exception <a 'java/lang/NoSuchMethodError'{0x000000008855db48}: 'java.lang.Object java.lang.invoke.Invokers$Holder.linkToTargetMethod(java.lang.Object, long, java.lang.Object)'> (0x000000008855db48) 
thrown [s\open\src\hotspot\share\interpreter\linkResolver.cpp, line 759]
Event: 2.118 Thread 0x00000222e64c1010 Exception <a 'java/lang/NoSuchMethodError'{0x0000000088105a00}: 'java.lang.Object java.lang.invoke.DirectMethodHandle$Holder.invokeStaticInit(java.lang.Object, int)'> (0x0000000088105a00) 
thrown [s\open\src\hotspot\share\interpreter\linkResolver.cpp, line 759]
Event: 3.828 Thread 0x00000222e698b950 Exception <a 'java/lang/NoSuchMethodError'{0x00000000880934c0}: 'long java.lang.invoke.DirectMethodHandle$Holder.invokeSpecial(java.lang.Object, java.lang.Object)'> (0x00000000880934c0) 
thrown [s\open\src\hotspot\share\interpreter\linkResolver.cpp, line 759]
Event: 3.829 Thread 0x00000222e698b950 Exception <a 'java/lang/NoSuchMethodError'{0x0000000088096e00}: 'long java.lang.invoke.Invokers$Holder.invokeExact_MT(java.lang.Object, java.lang.Object)'> (0x0000000088096e00) 
thrown [s\open\src\hotspot\share\interpreter\linkResolver.cpp, line 759]
Event: 5.030 Thread 0x00000222e698b950 Exception <a 'java/lang/NoSuchMethodError'{0x0000000087990368}: 'int java.lang.invoke.DirectMethodHandle$Holder.invokeVirtual(java.lang.Object, java.lang.Object)'> (0x0000000087990368) 
thrown [s\open\src\hotspot\share\interpreter\linkResolver.cpp, line 759]
Event: 5.977 Thread 0x00000222e698b950 Exception <a 'java/lang/NoSuchMethodError'{0x00000000875da6e0}: 'void java.lang.invoke.DirectMethodHandle$Holder.invokeVirtual(java.lang.Object, java.lang.Object, int)'> (0x00000000875da6e0) 
thrown [s\open\src\hotspot\share\interpreter\linkResolver.cpp, line 759]
Event: 6.692 Thread 0x00000222e698b950 Exception <a 'java/lang/NoSuchMethodError'{0x0000000087344128}: 'java.lang.Object java.lang.invoke.DirectMethodHandle$Holder.newInvokeSpecial(java.lang.Object, java.lang.Object, int, int, int, int, int, java.lang.Object)'> (0x0000000087344128) 
thrown [s\open\src\hotspot\share\interpreter\linkResolver.cpp, line 759]
Event: 6.694 Thread 0x00000222e698b950 Exception <a 'java/lang/NoSuchMethodError'{0x0000000087357c70}: 'java.lang.Object java.lang.invoke.DirectMethodHandle$Holder.newInvokeSpecial(java.lang.Object, java.lang.Object, java.lang.Object, int, int, int, int, int)'> (0x0000000087357c70) 
thrown [s\open\src\hotspot\share\interpreter\linkResolver.cpp, line 759]
Event: 6.695 Thread 0x00000222e698b950 Exception <a 'java/lang/NoSuchMethodError'{0x000000008735fa28}: 'java.lang.Object java.lang.invoke.Invokers$Holder.linkToTargetMethod(java.lang.Object, java.lang.Object, int, int, int, int, int, java.lang.Object)'> (0x000000008735fa28) 
thrown [s\open\src\hotspot\share\interpreter\linkResolver.cpp, line 759]
Event: 6.751 Thread 0x00000222e698b950 Exception <a 'java/lang/NoSuchMethodError'{0x0000000087365870}: static [I.<clinit>()V> (0x0000000087365870) 
thrown [s\open\src\hotspot\share\prims\jni.cpp, line 1104]

VM Operations (20 events):
Event: 1.439 Executing VM operation: HandshakeAllThreads done
Event: 2.440 Executing VM operation: Cleanup
Event: 2.443 Executing VM operation: Cleanup done
Event: 3.186 Executing VM operation: ICBufferFull
Event: 3.187 Executing VM operation: ICBufferFull done
Event: 5.051 Executing VM operation: ICBufferFull
Event: 5.051 Executing VM operation: ICBufferFull done
Event: 5.543 Executing VM operation: ICBufferFull
Event: 5.543 Executing VM operation: ICBufferFull done
Event: 5.976 Executing VM operation: HandshakeAllThreads
Event: 5.976 Executing VM operation: HandshakeAllThreads done
Event: 5.982 Executing VM operation: HandshakeAllThreads
Event: 5.982 Executing VM operation: HandshakeAllThreads done
Event: 6.752 Executing VM operation: HandshakeAllThreads
Event: 6.752 Executing VM operation: HandshakeAllThreads done
Event: 6.752 Executing VM operation: Cleanup
Event: 6.753 Executing VM operation: Cleanup done
Event: 8.753 Executing VM operation: Cleanup
Event: 8.753 Executing VM operation: Cleanup done
Event: 656.329 Executing VM operation: Exit

Events (20 events):
Event: 0.603 Loaded shared library C:\Program Files\Java\openjfx-19_windows-x64_bin-sdk\javafx-sdk-19\bin\glass.dll
Event: 0.606 Thread 0x00000222e67508e0 Thread added: 0x00000222e67508e0
Event: 0.613 Thread 0x00000222e698b950 Thread added: 0x00000222e698b950
Event: 0.715 Thread 0x00000222e71907b0 Thread added: 0x00000222e71907b0
Event: 0.716 Loaded shared library C:\Program Files\Java\jdk-18.0.2.1\bin\jimage.dll
Event: 0.733 Thread 0x00000222e71bbfa0 Thread added: 0x00000222e71bbfa0
Event: 0.974 Thread 0x00000222e5cc6710 Thread exited: 0x00000222e5cc6710
Event: 1.078 Loaded shared library C:\Program Files\Java\openjfx-19_windows-x64_bin-sdk\javafx-sdk-19\bin\javafx_font.dll
Event: 1.114 Thread 0x00000222e6920750 Thread added: 0x00000222e6920750
Event: 1.663 Thread 0x00000222e6b27420 Thread added: 0x00000222e6b27420
Event: 2.037 Thread 0x00000222e6b28760 Thread added: 0x00000222e6b28760
Event: 2.337 Thread 0x00000222e6920750 Thread exited: 0x00000222e6920750
Event: 4.933 Thread 0x00000222e7307b60 Thread added: 0x00000222e7307b60
Event: 5.663 Thread 0x00000222e7307b60 Thread exited: 0x00000222e7307b60
Event: 5.996 Thread 0x00000222e75704f0 Thread added: 0x00000222e75704f0
Event: 6.129 Thread 0x00000222e75704f0 Thread exited: 0x00000222e75704f0
Event: 656.326 Thread 0x00000222e6a546f0 Thread added: 0x00000222e6a546f0
Event: 656.326 Thread 0x00000222e6a52a10 Thread added: 0x00000222e6a52a10
Event: 656.327 Thread 0x00000222e6a52ee0 Thread added: 0x00000222e6a52ee0
Event: 656.327 Thread 0x00000222e6a52ee0 Thread exited: 0x00000222e6a52ee0


Dynamic libraries:
0x00007ff691320000 - 0x00007ff691330000 	C:\Program Files\Java\jdk-18.0.2.1\bin\java.exe
0x00007ffba56f0000 - 0x00007ffba58e8000 	C:\Windows\SYSTEM32\ntdll.dll
0x00007ffba3d30000 - 0x00007ffba3ded000 	C:\Windows\System32\KERNEL32.DLL
0x00007ffba3060000 - 0x00007ffba332e000 	C:\Windows\System32\KERNELBASE.dll
0x00007ffba2f30000 - 0x00007ffba3030000 	C:\Windows\System32\ucrtbase.dll
0x00007ffb9e790000 - 0x00007ffb9e7aa000 	C:\Program Files\Java\jdk-18.0.2.1\bin\VCRUNTIME140.dll
0x00007ffb9e760000 - 0x00007ffb9e778000 	C:\Program Files\Java\jdk-18.0.2.1\bin\jli.dll
0x00007ffba4230000 - 0x00007ffba42de000 	C:\Windows\System32\ADVAPI32.dll
0x00007ffba4de0000 - 0x00007ffba4e7e000 	C:\Windows\System32\msvcrt.dll
0x00007ffba4180000 - 0x00007ffba421c000 	C:\Windows\System32\sechost.dll
0x00007ffba3df0000 - 0x00007ffba3f15000 	C:\Windows\System32\RPCRT4.dll
0x00007ffba42e0000 - 0x00007ffba4480000 	C:\Windows\System32\USER32.dll
0x00007ffba3030000 - 0x00007ffba3052000 	C:\Windows\System32\win32u.dll
0x00007ffba4ef0000 - 0x00007ffba4f1a000 	C:\Windows\System32\GDI32.dll
0x00007ffb8dfa0000 - 0x00007ffb8e23a000 	C:\Windows\WinSxS\amd64_microsoft.windows.common-controls_6595b64144ccf1df_6.0.19041.1110_none_60b5254171f9507e\COMCTL32.dll
0x00007ffba33c0000 - 0x00007ffba34cb000 	C:\Windows\System32\gdi32full.dll
0x00007ffba3550000 - 0x00007ffba35ed000 	C:\Windows\System32\msvcp_win.dll
0x00007ffb9d0b0000 - 0x00007ffb9d0ba000 	C:\Windows\SYSTEM32\VERSION.dll
0x00007ffba38c0000 - 0x00007ffba38f0000 	C:\Windows\System32\IMM32.DLL
0x00007ffb9f4c0000 - 0x00007ffb9f4cc000 	C:\Program Files\Java\jdk-18.0.2.1\bin\vcruntime140_1.dll
0x00007ffb9e6a0000 - 0x00007ffb9e72d000 	C:\Program Files\Java\jdk-18.0.2.1\bin\msvcp140.dll
0x00007ffb431c0000 - 0x00007ffb43dd1000 	C:\Program Files\Java\jdk-18.0.2.1\bin\server\jvm.dll
0x00007ffba3f20000 - 0x00007ffba3f28000 	C:\Windows\System32\PSAPI.DLL
0x00007ffb8c640000 - 0x00007ffb8c649000 	C:\Windows\SYSTEM32\WSOCK32.dll
0x00007ffb8e400000 - 0x00007ffb8e427000 	C:\Windows\SYSTEM32\WINMM.dll
0x00007ffba4e80000 - 0x00007ffba4eeb000 	C:\Windows\System32\WS2_32.dll
0x00007ffba16a0000 - 0x00007ffba16b2000 	C:\Windows\SYSTEM32\kernel.appcore.dll
0x00007ffb9e750000 - 0x00007ffb9e75a000 	C:\Program Files\Java\jdk-18.0.2.1\bin\jimage.dll
0x00007ffba1480000 - 0x00007ffba1664000 	C:\Windows\SYSTEM32\DBGHELP.DLL
0x00007ffb89a50000 - 0x00007ffb89a7c000 	C:\Windows\SYSTEM32\dbgcore.DLL
0x00007ffba3330000 - 0x00007ffba33b2000 	C:\Windows\System32\bcryptPrimitives.dll
0x00007ffb9e740000 - 0x00007ffb9e74e000 	C:\Program Files\Java\jdk-18.0.2.1\bin\instrument.dll
0x00007ffb9e660000 - 0x00007ffb9e685000 	C:\Program Files\Java\jdk-18.0.2.1\bin\java.dll
0x00007ffb85e30000 - 0x00007ffb85f06000 	C:\Program Files\Java\jdk-18.0.2.1\bin\jsvml.dll
0x00007ffba4690000 - 0x00007ffba4dd4000 	C:\Windows\System32\SHELL32.dll
0x00007ffba0ce0000 - 0x00007ffba1474000 	C:\Windows\SYSTEM32\windows.storage.dll
0x00007ffba38f0000 - 0x00007ffba3c44000 	C:\Windows\System32\combase.dll
0x00007ffba2870000 - 0x00007ffba28a0000 	C:\Windows\SYSTEM32\Wldp.dll
0x00007ffba5600000 - 0x00007ffba56ad000 	C:\Windows\System32\SHCORE.dll
0x00007ffba4f20000 - 0x00007ffba4f75000 	C:\Windows\System32\shlwapi.dll
0x00007ffba2d50000 - 0x00007ffba2d6f000 	C:\Windows\SYSTEM32\profapi.dll
0x00007ffb9dbd0000 - 0x00007ffb9dbe3000 	C:\Program Files\Java\jdk-18.0.2.1\bin\net.dll
0x00007ffb905d0000 - 0x00007ffb906da000 	C:\Windows\SYSTEM32\WINHTTP.dll
0x00007ffba25d0000 - 0x00007ffba263a000 	C:\Windows\system32\mswsock.dll
0x00007ffb9cdb0000 - 0x00007ffb9cdc6000 	C:\Program Files\Java\jdk-18.0.2.1\bin\nio.dll
0x00007ffb9ddc0000 - 0x00007ffb9ddd8000 	C:\Program Files\Java\jdk-18.0.2.1\bin\zip.dll
0x00007ffb9b170000 - 0x00007ffb9b18a000 	C:\Program Files\JetBrains\IntelliJ IDEA Community Edition 2022.2.1\bin\breakgen64.dll
0x00000222c20a0000 - 0x00000222c20a3000 	C:\Program Files\Java\openjfx-19_windows-x64_bin-sdk\javafx-sdk-19\bin\api-ms-win-core-console-l1-1-0.dll
0x00000222c3e50000 - 0x00000222c3e53000 	C:\Program Files\Java\openjfx-19_windows-x64_bin-sdk\javafx-sdk-19\bin\api-ms-win-core-console-l1-2-0.dll
0x00000222c3e60000 - 0x00000222c3e63000 	C:\Program Files\Java\openjfx-19_windows-x64_bin-sdk\javafx-sdk-19\bin\api-ms-win-core-datetime-l1-1-0.dll
0x00000222c3e70000 - 0x00000222c3e73000 	C:\Program Files\Java\openjfx-19_windows-x64_bin-sdk\javafx-sdk-19\bin\api-ms-win-core-debug-l1-1-0.dll
0x00000222c3e80000 - 0x00000222c3e83000 	C:\Program Files\Java\openjfx-19_windows-x64_bin-sdk\javafx-sdk-19\bin\api-ms-win-core-errorhandling-l1-1-0.dll
0x00000222c3e90000 - 0x00000222c3e94000 	C:\Program Files\Java\openjfx-19_windows-x64_bin-sdk\javafx-sdk-19\bin\api-ms-win-core-file-l1-1-0.dll
0x00000222c3ea0000 - 0x00000222c3ea3000 	C:\Program Files\Java\openjfx-19_windows-x64_bin-sdk\javafx-sdk-19\bin\api-ms-win-core-file-l1-2-0.dll
0x00000222c3eb0000 - 0x00000222c3eb3000 	C:\Program Files\Java\openjfx-19_windows-x64_bin-sdk\javafx-sdk-19\bin\api-ms-win-core-file-l2-1-0.dll
0x00000222c3ec0000 - 0x00000222c3ec3000 	C:\Program Files\Java\openjfx-19_windows-x64_bin-sdk\javafx-sdk-19\bin\api-ms-win-core-handle-l1-1-0.dll
0x00000222e19a0000 - 0x00000222e19a3000 	C:\Program Files\Java\openjfx-19_windows-x64_bin-sdk\javafx-sdk-19\bin\api-ms-win-core-heap-l1-1-0.dll
0x00000222e19b0000 - 0x00000222e19b3000 	C:\Program Files\Java\openjfx-19_windows-x64_bin-sdk\javafx-sdk-19\bin\api-ms-win-core-interlocked-l1-1-0.dll
0x00000222e1ae0000 - 0x00000222e1ae3000 	C:\Program Files\Java\openjfx-19_windows-x64_bin-sdk\javafx-sdk-19\bin\api-ms-win-core-libraryloader-l1-1-0.dll
0x00000222e19c0000 - 0x00000222e19c3000 	C:\Program Files\Java\openjfx-19_windows-x64_bin-sdk\javafx-sdk-19\bin\api-ms-win-core-localization-l1-2-0.dll
0x00000222e19d0000 - 0x00000222e19d3000 	C:\Program Files\Java\openjfx-19_windows-x64_bin-sdk\javafx-sdk-19\bin\api-ms-win-core-memory-l1-1-0.dll
0x00000222e19e0000 - 0x00000222e19e3000 	C:\Program Files\Java\openjfx-19_windows-x64_bin-sdk\javafx-sdk-19\bin\api-ms-win-core-namedpipe-l1-1-0.dll
0x00000222e19f0000 - 0x00000222e19f3000 	C:\Program Files\Java\openjfx-19_windows-x64_bin-sdk\javafx-sdk-19\bin\api-ms-win-core-processenvironment-l1-1-0.dll
0x00000222e1a00000 - 0x00000222e1a03000 	C:\Program Files\Java\openjfx-19_windows-x64_bin-sdk\javafx-sdk-19\bin\api-ms-win-core-processthreads-l1-1-0.dll
0x00000222e1a10000 - 0x00000222e1a13000 	C:\Program Files\Java\openjfx-19_windows-x64_bin-sdk\javafx-sdk-19\bin\api-ms-win-core-processthreads-l1-1-1.dll
0x00000222e1a20000 - 0x00000222e1a23000 	C:\Program Files\Java\openjfx-19_windows-x64_bin-sdk\javafx-sdk-19\bin\api-ms-win-core-profile-l1-1-0.dll
0x00000222e1a30000 - 0x00000222e1a33000 	C:\Program Files\Java\openjfx-19_windows-x64_bin-sdk\javafx-sdk-19\bin\api-ms-win-core-rtlsupport-l1-1-0.dll
0x00000222e1a40000 - 0x00000222e1a43000 	C:\Program Files\Java\openjfx-19_windows-x64_bin-sdk\javafx-sdk-19\bin\api-ms-win-core-string-l1-1-0.dll
0x00000222e1a50000 - 0x00000222e1a53000 	C:\Program Files\Java\openjfx-19_windows-x64_bin-sdk\javafx-sdk-19\bin\api-ms-win-core-synch-l1-1-0.dll
0x00000222e1a60000 - 0x00000222e1a63000 	C:\Program Files\Java\openjfx-19_windows-x64_bin-sdk\javafx-sdk-19\bin\api-ms-win-core-synch-l1-2-0.dll
0x00000222e1a70000 - 0x00000222e1a73000 	C:\Program Files\Java\openjfx-19_windows-x64_bin-sdk\javafx-sdk-19\bin\api-ms-win-core-sysinfo-l1-1-0.dll
0x00000222e1a80000 - 0x00000222e1a83000 	C:\Program Files\Java\openjfx-19_windows-x64_bin-sdk\javafx-sdk-19\bin\api-ms-win-core-timezone-l1-1-0.dll
0x00000222e1a90000 - 0x00000222e1a93000 	C:\Program Files\Java\openjfx-19_windows-x64_bin-sdk\javafx-sdk-19\bin\api-ms-win-core-util-l1-1-0.dll
0x00000222e1aa0000 - 0x00000222e1aa3000 	C:\Program Files\Java\openjfx-19_windows-x64_bin-sdk\javafx-sdk-19\bin\api-ms-win-crt-conio-l1-1-0.dll
0x00000222e1ab0000 - 0x00000222e1ab4000 	C:\Program Files\Java\openjfx-19_windows-x64_bin-sdk\javafx-sdk-19\bin\api-ms-win-crt-convert-l1-1-0.dll
0x00000222e1ac0000 - 0x00000222e1ac3000 	C:\Program Files\Java\openjfx-19_windows-x64_bin-sdk\javafx-sdk-19\bin\api-ms-win-crt-environment-l1-1-0.dll
0x00000222e1ad0000 - 0x00000222e1ad3000 	C:\Program Files\Java\openjfx-19_windows-x64_bin-sdk\javafx-sdk-19\bin\api-ms-win-crt-filesystem-l1-1-0.dll
0x00000222e1af0000 - 0x00000222e1af3000 	C:\Program Files\Java\openjfx-19_windows-x64_bin-sdk\javafx-sdk-19\bin\api-ms-win-crt-heap-l1-1-0.dll
0x00000222e1b00000 - 0x00000222e1b03000 	C:\Program Files\Java\openjfx-19_windows-x64_bin-sdk\javafx-sdk-19\bin\api-ms-win-crt-locale-l1-1-0.dll
0x00000222e1b10000 - 0x00000222e1b15000 	C:\Program Files\Java\openjfx-19_windows-x64_bin-sdk\javafx-sdk-19\bin\api-ms-win-crt-math-l1-1-0.dll
0x00000222e1b20000 - 0x00000222e1b25000 	C:\Program Files\Java\openjfx-19_windows-x64_bin-sdk\javafx-sdk-19\bin\api-ms-win-crt-multibyte-l1-1-0.dll
0x00000222e1b30000 - 0x00000222e1b40000 	C:\Program Files\Java\openjfx-19_windows-x64_bin-sdk\javafx-sdk-19\bin\api-ms-win-crt-private-l1-1-0.dll
0x00000222e1b40000 - 0x00000222e1b43000 	C:\Program Files\Java\openjfx-19_windows-x64_bin-sdk\javafx-sdk-19\bin\api-ms-win-crt-process-l1-1-0.dll
0x00000222e1b50000 - 0x00000222e1b54000 	C:\Program Files\Java\openjfx-19_windows-x64_bin-sdk\javafx-sdk-19\bin\api-ms-win-crt-runtime-l1-1-0.dll
0x00000222e1b60000 - 0x00000222e1b64000 	C:\Program Files\Java\openjfx-19_windows-x64_bin-sdk\javafx-sdk-19\bin\api-ms-win-crt-stdio-l1-1-0.dll
0x00000222e1b70000 - 0x00000222e1b74000 	C:\Program Files\Java\openjfx-19_windows-x64_bin-sdk\javafx-sdk-19\bin\api-ms-win-crt-string-l1-1-0.dll
0x00000222e1b80000 - 0x00000222e1b83000 	C:\Program Files\Java\openjfx-19_windows-x64_bin-sdk\javafx-sdk-19\bin\api-ms-win-crt-time-l1-1-0.dll
0x00000222e1b90000 - 0x00000222e1b93000 	C:\Program Files\Java\openjfx-19_windows-x64_bin-sdk\javafx-sdk-19\bin\api-ms-win-crt-utility-l1-1-0.dll
0x00007ffb7d400000 - 0x00007ffb7d4fc000 	C:\Program Files\Java\openjfx-19_windows-x64_bin-sdk\javafx-sdk-19\bin\ucrtbase.dll
0x00007ffb97840000 - 0x00007ffb9785b000 	C:\Program Files\Java\openjfx-19_windows-x64_bin-sdk\javafx-sdk-19\bin\vcruntime140.dll
0x00007ffb9dbc0000 - 0x00007ffb9dbcc000 	C:\Program Files\Java\openjfx-19_windows-x64_bin-sdk\javafx-sdk-19\bin\vcruntime140_1.dll
0x00007ffb7d370000 - 0x00007ffb7d3fe000 	C:\Program Files\Java\openjfx-19_windows-x64_bin-sdk\javafx-sdk-19\bin\msvcp140.dll
0x00007ffb8c940000 - 0x00007ffb8c949000 	C:\Program Files\Java\openjfx-19_windows-x64_bin-sdk\javafx-sdk-19\bin\msvcp140_1.dll
0x00007ffb8bf70000 - 0x00007ffb8bfa0000 	C:\Program Files\Java\openjfx-19_windows-x64_bin-sdk\javafx-sdk-19\bin\msvcp140_2.dll
0x00007ffb85e00000 - 0x00007ffb85e2c000 	C:\Program Files\Java\openjfx-19_windows-x64_bin-sdk\javafx-sdk-19\bin\prism_d3d.dll
0x00007ffb91370000 - 0x00007ffb9153f000 	C:\Windows\system32\d3d9.dll
0x00007ffba0560000 - 0x00007ffba058f000 	C:\Windows\SYSTEM32\dwmapi.dll
0x00007ffba02d0000 - 0x00007ffba036e000 	C:\Windows\system32\uxtheme.dll
0x00007ffb45f60000 - 0x00007ffb460c5000 	C:\Windows\System32\DriverStore\FileRepository\72_lenovo_kabylake_hws_iigd_dch.inf_amd64_d630775471e98fa9\igdumdim64.dll
0x00007ffba4050000 - 0x00007ffba417a000 	C:\Windows\System32\ole32.dll
0x00007ffb35890000 - 0x00007ffb3a299000 	C:\Windows\System32\DriverStore\FileRepository\72_lenovo_kabylake_hws_iigd_dch.inf_amd64_d630775471e98fa9\igd9dxva64.dll
0x00007ffba5530000 - 0x00007ffba55fd000 	C:\Windows\System32\OLEAUT32.dll
0x00007ffba5030000 - 0x00007ffba549f000 	C:\Windows\System32\SETUPAPI.dll
0x00007ffba3500000 - 0x00007ffba354e000 	C:\Windows\System32\cfgmgr32.dll
0x00007ffba34d0000 - 0x00007ffba34f7000 	C:\Windows\System32\bcrypt.dll
0x00007ffb95970000 - 0x00007ffb95ca1000 	C:\Windows\System32\DriverStore\FileRepository\72_lenovo_kabylake_hws_iigd_dch.inf_amd64_d630775471e98fa9\igdgmm64.dll
0x00007ffb81a20000 - 0x00007ffb81a62000 	C:\Program Files\Java\openjfx-19_windows-x64_bin-sdk\javafx-sdk-19\bin\glass.dll
0x00007ffba37d0000 - 0x00007ffba38aa000 	C:\Windows\System32\COMDLG32.dll
0x00007ffba3f30000 - 0x00007ffba4045000 	C:\Windows\System32\MSCTF.dll
0x00007ffb8c320000 - 0x00007ffb8c347000 	C:\Windows\System32\DriverStore\FileRepository\72_lenovo_kabylake_hws_iigd_dch.inf_amd64_d630775471e98fa9\igdinfo64.dll
0x00007ffba27c0000 - 0x00007ffba27d8000 	C:\Windows\SYSTEM32\CRYPTSP.dll
0x00007ffba1ee0000 - 0x00007ffba1f14000 	C:\Windows\system32\rsaenh.dll
0x00007ffba27e0000 - 0x00007ffba27ec000 	C:\Windows\SYSTEM32\CRYPTBASE.dll
0x00007ffb91b30000 - 0x00007ffb9486c000 	C:\Windows\System32\DriverStore\FileRepository\72_lenovo_kabylake_hws_iigd_dch.inf_amd64_d630775471e98fa9\igc64.dll
0x00007ffb97d20000 - 0x00007ffb97d5b000 	C:\Windows\SYSTEM32\dxcore.dll
0x00007ffb8c920000 - 0x00007ffb8c934000 	C:\Program Files\Java\openjfx-19_windows-x64_bin-sdk\javafx-sdk-19\bin\javafx_font.dll
0x00007ffb90350000 - 0x00007ffb905cf000 	C:\Windows\SYSTEM32\dwrite.dll
0x00007ffba4f80000 - 0x00007ffba5029000 	C:\Windows\System32\clbcatq.dll
0x00007ffb9b2b0000 - 0x00007ffb9b464000 	C:\Windows\SYSTEM32\WindowsCodecs.dll
0x00007ffb73160000 - 0x00007ffb7319e000 	C:\Windows\system32\dataexchange.dll
0x00007ffb9e7c0000 - 0x00007ffb9ea23000 	C:\Windows\system32\d3d11.dll
0x00007ffb9f690000 - 0x00007ffb9f874000 	C:\Windows\system32\dcomp.dll
0x00007ffba1710000 - 0x00007ffba1803000 	C:\Windows\system32\dxgi.dll
0x00007ffb9b6f0000 - 0x00007ffb9b8f0000 	C:\Windows\system32\twinapi.appcore.dll
0x00007ffb85dc0000 - 0x00007ffb85df4000 	C:\Program Files\Common Files\Microsoft Shared\Ink\rtscom.dll
0x00007ffb95e10000 - 0x00007ffb95f09000 	C:\Windows\SYSTEM32\textinputframework.dll
0x00007ffb9fc00000 - 0x00007ffb9ff5e000 	C:\Windows\System32\CoreUIComponents.dll
0x00007ffb9ff60000 - 0x00007ffba0052000 	C:\Windows\System32\CoreMessaging.dll

dbghelp: loaded successfully - version: 4.0.5 - missing functions: none
symbol engine: initialized successfully - sym options: 0x614 - pdb path: .;C:\Program Files\Java\jdk-18.0.2.1\bin;C:\Windows\SYSTEM32;C:\Windows\WinSxS\amd64_microsoft.windows.common-controls_6595b64144ccf1df_6.0.19041.1110_none_60b5254171f9507e;C:\Program Files\Java\jdk-18.0.2.1\bin\server;C:\Program Files\JetBrains\IntelliJ IDEA Community Edition 2022.2.1\bin;C:\Program Files\Java\openjfx-19_windows-x64_bin-sdk\javafx-sdk-19\bin;C:\Windows\System32\DriverStore\FileRepository\72_lenovo_kabylake_hws_iigd_dch.inf_amd64_d630775471e98fa9;C:\Program Files\Common Files\Microsoft Shared\Ink

VM Arguments:
jvm_args: --module-path=C:/Program Files/Java/openjfx-19_windows-x64_bin-sdk/javafx-sdk-19/lib --add-modules=javafx.controls,javafx.fxml -javaagent:C:\Program Files\JetBrains\IntelliJ IDEA Community Edition 2022.2.1\lib\idea_rt.jar=52889:C:\Program Files\JetBrains\IntelliJ IDEA Community Edition 2022.2.1\bin -Dfile.encoding=UTF-8 -Dsun.stdout.encoding=UTF-8 -Dsun.stderr.encoding=UTF-8 
java_command: Client
java_class_path (initial): E:\prog 5\\kurs\out\production\Client;C:\Program Files\Java\openjfx-19_windows-x64_bin-sdk\javafx-sdk-19\lib\javafx-swt.jar;C:\Program Files\Java\openjfx-19_windows-x64_bin-sdk\javafx-sdk-19\lib\javafx.web.jar;C:\Program Files\Java\openjfx-19_windows-x64_bin-sdk\javafx-sdk-19\lib\javafx.base.jar;C:\Program Files\Java\openjfx-19_windows-x64_bin-sdk\javafx-sdk-19\lib\javafx.fxml.jar;C:\Program Files\Java\openjfx-19_windows-x64_bin-sdk\javafx-sdk-19\lib\javafx.media.jar;C:\Program Files\Java\openjfx-19_windows-x64_bin-sdk\javafx-sdk-19\lib\javafx.swing.jar;C:\Program Files\Java\openjfx-19_windows-x64_bin-sdk\javafx-sdk-19\lib\javafx.controls.jar;C:\Program Files\Java\openjfx-19_windows-x64_bin-sdk\javafx-sdk-19\lib\javafx.graphics.jar;C:\Users\\Downloads\mysql-connector-java-8.0.26.jar;E:\prog 5\\kurs\out\production\kurs;C:\Program Files\Java\jdk-18.0.2.1\lib\jrt-fs.jar
Launcher Type: SUN_STANDARD

[Global flags]
     intx CICompilerCount                          = 3                                         {product} {ergonomic}
     uint ConcGCThreads                            = 1                                         {product} {ergonomic}
     uint G1ConcRefinementThreads                  = 4                                         {product} {ergonomic}
   size_t G1HeapRegionSize                         = 1048576                                   {product} {ergonomic}
    uintx GCDrainStackTargetSize                   = 64                                        {product} {ergonomic}
   size_t InitialHeapSize                          = 134217728                                 {product} {ergonomic}
   size_t MarkStackSize                            = 4194304                                   {product} {ergonomic}
   size_t MaxHeapSize                              = 2116026368                                {product} {ergonomic}
   size_t MaxNewSize                               = 1268776960                                {product} {ergonomic}
   size_t MinHeapDeltaBytes                        = 1048576                                   {product} {ergonomic}
   size_t MinHeapSize                              = 8388608                                   {product} {ergonomic}
    uintx NonNMethodCodeHeapSize                   = 5832780                                {pd product} {ergonomic}
    uintx NonProfiledCodeHeapSize                  = 122912730                              {pd product} {ergonomic}
    uintx ProfiledCodeHeapSize                     = 122912730                              {pd product} {ergonomic}
    uintx ReservedCodeCacheSize                    = 251658240                              {pd product} {ergonomic}
     bool SegmentedCodeCache                       = true                                      {product} {ergonomic}
   size_t SoftMaxHeapSize                          = 2116026368                             {manageable} {ergonomic}
     bool UseCompressedClassPointers               = true                           {product lp64_product} {ergonomic}
     bool UseCompressedOops                        = true                           {product lp64_product} {ergonomic}
     bool UseG1GC                                  = true                                      {product} {ergonomic}
     bool UseLargePagesIndividualAllocation        = false                                  {pd product} {ergonomic}

Logging:
Log output configuration:
 #0: stdout all=off uptime,level,tags foldmultilines=false
 #1: stderr all=off uptime,level,tags foldmultilines=false

Environment Variables:
PATH=C:\Program Files\Common Files\Oracle\Java\javapath;C:\Program Files (x86)\Common Files\Oracle\Java\javapath;C:\Windows\system32;C:\Windows;C:\Windows\System32\Wbem;C:\Windows\System32\WindowsPowerShell\v1.0\;C:\Windows\System32\OpenSSH\;C:\Program Files (x86)\NVIDIA Corporation\PhysX\Common;C:\Program Files\NVIDIA Corporation\NVIDIA NvDLISR;C:\Program Files\Azure Data Studio\bin;C:\Program Files\MySQL\MySQL Shell 8.0\bin\;C:\Users\\AppData\Local\Microsoft\WindowsApps;;C:\Program Files\Azure Data Studio\bin
USERNAME=
OS=Windows_NT
PROCESSOR_IDENTIFIER=Intel64 Family 6 Model 142 Stepping 9, GenuineIntel



---------------  S Y S T E M  ---------------

OS:
 Windows 10 , 64 bit Build 19041 (10.0.19041.1806)
OS uptime: 0 days 4:38 hours

CPU: total 4 (initial active 4) (2 cores per cpu, 2 threads per core) family 6 model 142 stepping 9 microcode 0xd6, cx8, cmov, fxsr, ht, mmx, 3dnowpref, sse, sse2, sse3, ssse3, sse4.1, sse4.2, popcnt, lzcnt, tsc, tscinvbit, avx, avx2, aes, erms, clmul, bmi1, bmi2, adx, fma, vzeroupper, clflush, clflushopt

Memory: 4k page, system-wide physical 8066M (1823M free)
TotalPageFile size 14466M (AvailPageFile size 5493M)
current process WorkingSet (physical memory assigned to process): 183M, peak: 199M
current process commit charge ("private bytes"): 292M, peak: 310M

vm_info: Java HotSpot(TM) 64-Bit Server VM (18.0.2.1+1-1) for windows-amd64 JRE (18.0.2.1+1-1), built on Aug 16 2022 01:46:33 by "mach5one" with MS VC++ 16.8 / 16.9 (VS2019)

END.
