#
# A fatal error has been detected by the Java Runtime Environment:
#
#  EXCEPTION_ACCESS_VIOLATION (0xc0000005) at pc=0x00007ffb4bf563b7, pid=1928, tid=9176
#
# JRE version: Java(TM) SE Runtime Environment (18.0.2.1+1) (build 18.0.2.1+1-1)
# Java VM: Java HotSpot(TM) 64-Bit Server VM (18.0.2.1+1-1, mixed mode, sharing, tiered, compressed oops, compressed class ptrs, g1 gc, windows-amd64)
# Problematic frame:
# C  [glass.dll+0x263b7]
#
# No core dump will be written. Minidumps are not enabled by default on client versions of Windows
#
# If you would like to submit a bug report, please visit:
#   https://bugreport.java.com/bugreport/crash.jsp
#

---------------  S U M M A R Y ------------

Command Line: --module-path=C:/Program Files/Java/openjfx-19_windows-x64_bin-sdk/javafx-sdk-19/lib --add-modules=javafx.controls,javafx.fxml -javaagent:C:\Program Files\JetBrains\IntelliJ IDEA Community Edition 2022.2.1\lib\idea_rt.jar=57914:C:\Program Files\JetBrains\IntelliJ IDEA Community Edition 2022.2.1\bin -Dfile.encoding=UTF-8 -Dsun.stdout.encoding=UTF-8 -Dsun.stderr.encoding=UTF-8 Client

Host: Intel(R) Core(TM) i3-7130U CPU @ 2.70GHz, 4 cores, 7G,  Windows 10 , 64 bit Build 19041 (10.0.19041.1806)
Time: Mon Dec  5 22:09:38 2022  Windows 10 , 64 bit Build 19041 (10.0.19041.1806) elapsed time: 35.495121 seconds (0d 0h 0m 35s)

---------------  T H R E A D  ---------------

Current thread (0x00000255ea6429d0):  VMThread "VM Thread" [stack: 0x000000f66ca00000,0x000000f66cb00000] [id=9176]

Stack: [0x000000f66ca00000,0x000000f66cb00000],  sp=0x000000f66cafeeb0,  free space=1019k
Native frames: (J=compiled Java code, j=interpreted, Vv=VM code, C=native code)
C  [glass.dll+0x263b7]


siginfo: EXCEPTION_ACCESS_VIOLATION (0xc0000005), reading address 0x0000000000000000


Register to memory mapping:

RIP=0x00007ffb4bf563b7 glass.dll
RAX=0x0 is NULL
RBX=0x00000255fadbee20 is a global jni handle
RCX=0x00000255ea6429d0 points into unknown readable memory: 0x00007ffb43b6ea28 | 28 ea b6 43 fb 7f 00 00
RDX=0x000000f66cafeeb0 points into unknown readable memory: 0x0000000000000000 | 00 00 00 00 00 00 00 00
RSP=0x000000f66cafeeb0 points into unknown readable memory: 0x0000000000000000 | 00 00 00 00 00 00 00 00
RBP=0x000002558f24d3e8 points into unknown readable memory: 0x000066f3fa0bdf5b | 5b df 0b fa f3 66 00 00
RSI=0x000002558f24d3c0 points into unknown readable memory: 0xda5fcf33ba0bdca4 | a4 dc 0b ba 33 cf 5f da
RDI=0x000066f3fa0bdf5b is an unknown value
R8 =0x0000000000010002 is an unknown value
R9 =0x000066f3fa0bdf5b is an unknown value
R10=0x0000000000008000 is an unknown value
R11=0x000000f66cafee40 points into unknown readable memory: 0x000002558f24d3c0 | c0 d3 24 8f 55 02 00 00
R12=0x00007ffb4bf53cf0 glass.dll
R13=0x00007ffb43d30c00 jvm.dll
R14=0x000000f66cafefa8 points into unknown readable memory: 0x000000f66cafef90 | 90 ef af 6c f6 00 00 00
R15=0x000002558f24d3c0 points into unknown readable memory: 0xda5fcf33ba0bdca4 | a4 dc 0b ba 33 cf 5f da


Registers:
RAX=0x0000000000000000, RBX=0x00000255fadbee20, RCX=0x00000255ea6429d0, RDX=0x000000f66cafeeb0
RSP=0x000000f66cafeeb0, RBP=0x000002558f24d3e8, RSI=0x000002558f24d3c0, RDI=0x000066f3fa0bdf5b
R8 =0x0000000000010002, R9 =0x000066f3fa0bdf5b, R10=0x0000000000008000, R11=0x000000f66cafee40
R12=0x00007ffb4bf53cf0, R13=0x00007ffb43d30c00, R14=0x000000f66cafefa8, R15=0x000002558f24d3c0
RIP=0x00007ffb4bf563b7, EFLAGS=0x0000000000010202

Top of Stack: (sp=0x000000f66cafeeb0)
0x000000f66cafeeb0:   0000000000000000 000002558f24d3c0
0x000000f66cafeec0:   00007ffb43d30c00 00007ffb4bf53cf0
0x000000f66cafeed0:   000002558f24d3c8 00007ffba2f442d6
0x000000f66cafeee0:   000066f3fa0bdf5b 0000025500000000
0x000000f66cafeef0:   000002558f24d3e8 000002558f24d3c0
0x000000f66cafef00:   fffffffffffffffe 0000000000000000
0x000000f66cafef10:   0000000000000001 00007ffb4bf30000
0x000000f66cafef20:   000000f66cafef98 00007ffba2f441fb
0x000000f66cafef30:   0000000000000000 000000f66cafefa8
0x000000f66cafef40:   000000f66caff270 00007ffba3020e40
0x000000f66cafef50:   0000000000000001 00007ffba2f441b4
0x000000f66cafef60:   0000000000000000 0000000000000001
0x000000f66cafef70:   00007ffb00000001 000000f66cafef98
0x000000f66cafef80:   0000000000000000 00007ffb4bf53b7d
0x000000f66cafef90:   00007ffb4bf69f88 00007ffb00000002
0x000000f66cafefa0:   0000000000000002 000000f66cafef90 

Instructions: (pc=0x00007ffb4bf563b7)
0x00007ffb4bf562b7:   8b 4d 58 e8 7d cf ff ff 48 8b 4d 60 e8 74 cf ff
0x00007ffb4bf562c7:   ff 48 8b 95 80 00 00 00 48 8b 8d 18 01 00 00 e8
0x00007ffb4bf562d7:   66 c4 ff ff 33 d2 33 c9 e8 bc e1 ff ff 90 48 89
0x00007ffb4bf562e7:   54 24 10 55 48 83 ec 20 48 8b ea 48 b8 00 00 00
0x00007ffb4bf562f7:   00 00 00 00 00 48 83 c4 20 5d c3 cc 40 55 48 8b
0x00007ffb4bf56307:   ea 48 8b 01 33 c9 81 38 05 00 00 c0 0f 94 c1 8b
0x00007ffb4bf56317:   c1 5d c3 cc 40 55 48 83 ec 20 48 8b ea 8a 4d 40
0x00007ffb4bf56327:   48 83 c4 20 5d e9 63 d3 ff ff cc 40 55 48 83 ec
0x00007ffb4bf56337:   20 48 8b ea 8a 4d 20 e8 51 d3 ff ff 90 48 83 c4
0x00007ffb4bf56347:   20 5d c3 cc 40 55 48 83 ec 20 48 8b ea 48 83 c4
0x00007ffb4bf56357:   20 5d e9 b2 d1 ff ff cc 40 55 48 83 ec 30 48 8b
0x00007ffb4bf56367:   ea 48 8b 01 8b 10 48 89 4c 24 28 89 54 24 20 4c
0x00007ffb4bf56377:   8d 0d 53 d6 ff ff 4c 8b 45 70 8b 55 68 48 8b 4d
0x00007ffb4bf56387:   60 e8 f3 d0 ff ff 90 48 83 c4 30 5d c3 cc cc cc
0x00007ffb4bf56397:   cc cc cc cc cc cc cc cc cc 40 53 48 83 ec 20 48
0x00007ffb4bf563a7:   8b 1d db 35 01 00 48 85 db 74 16 e8 79 8b ff ff
0x00007ffb4bf563b7:   4c 8b 00 48 8b d3 48 8b c8 41 ff 90 b0 00 00 00
0x00007ffb4bf563c7:   90 48 83 c4 20 5b c3 cc cc 40 53 48 83 ec 20 48
0x00007ffb4bf563d7:   8b 1d 4b 37 01 00 48 85 db 74 57 b8 ff ff ff ff
0x00007ffb4bf563e7:   f0 0f c1 43 10 83 f8 01 75 3d 48 85 db 74 38 48
0x00007ffb4bf563f7:   8b 0b 48 85 c9 74 0d ff 15 a4 0e 00 00 48 c7 03
0x00007ffb4bf56407:   00 00 00 00 48 8b 4b 08 48 85 c9 74 0d e8 23 ce
0x00007ffb4bf56417:   ff ff 48 c7 43 08 00 00 00 00 ba 18 00 00 00 48
0x00007ffb4bf56427:   8b cb e8 0e ce ff ff 48 c7 05 ef 36 01 00 00 00
0x00007ffb4bf56437:   00 00 48 83 c4 20 5b c3 cc 40 53 48 83 ec 20 48
0x00007ffb4bf56447:   8b 1d bb 36 01 00 48 85 db 74 57 b8 ff ff ff ff
0x00007ffb4bf56457:   f0 0f c1 43 10 83 f8 01 75 3d 48 85 db 74 38 48
0x00007ffb4bf56467:   8b 0b 48 85 c9 74 0d ff 15 34 0e 00 00 48 c7 03
0x00007ffb4bf56477:   00 00 00 00 48 8b 4b 08 48 85 c9 74 0d e8 b3 cd
0x00007ffb4bf56487:   ff ff 48 c7 43 08 00 00 00 00 ba 18 00 00 00 48
0x00007ffb4bf56497:   8b cb e8 9e cd ff ff 48 c7 05 5f 36 01 00 00 00
0x00007ffb4bf564a7:   00 00 48 83 c4 20 5b c3 cc 40 53 48 83 ec 20 48 


Stack slot to memory mapping:
stack at sp + 0 slots: 0x0 is NULL
stack at sp + 1 slots: 0x000002558f24d3c0 points into unknown readable memory: 0xda5fcf33ba0bdca4 | a4 dc 0b ba 33 cf 5f da
stack at sp + 2 slots: 0x00007ffb43d30c00 jvm.dll
stack at sp + 3 slots: 0x00007ffb4bf53cf0 glass.dll
stack at sp + 4 slots: 0x000002558f24d3c8 points into unknown readable memory: 0x000066f3fa0bdf5b | 5b df 0b fa f3 66 00 00
stack at sp + 5 slots: 0x00007ffba2f442d6 ucrtbase.dll
stack at sp + 6 slots: 0x000066f3fa0bdf5b is an unknown value
stack at sp + 7 slots: 0x0000025500000000 is an unknown value

VM_Operation (0x000000f66d5ff050): Exit, mode: safepoint, requested by thread 0x00000255ffa99610


---------------  P R O C E S S  ---------------

Threads class SMR info:
_java_thread_list=0x000002558f439bc0, length=20, elements={
0x00000255ea5bf900, 0x00000255fadabdb0, 0x00000255fadad070, 0x00000255fadc8930,
0x00000255fadc91e0, 0x00000255fadc9a90, 0x00000255fadca670, 0x00000255fadcd790,
0x00000255fae4bf70, 0x00000255fad9b210, 0x00000255ff6d8040, 0x00000255ff561f70,
0x00000255ffa15680, 0x000002558f8c6a10, 0x00000255ff85f250, 0x000002558f933100,
0x000002558f933dd0, 0x000002558f8f4420, 0x000002558f8f7440, 0x00000255ffa99610
}

Java Threads: ( => current thread )
  0x00000255ea5bf900 JavaThread "main" [_thread_blocked, id=6820, stack(0x000000f66c400000,0x000000f66c500000)]
  0x00000255fadabdb0 JavaThread "Reference Handler" daemon [_thread_blocked, id=4716, stack(0x000000f66cb00000,0x000000f66cc00000)]
  0x00000255fadad070 JavaThread "Finalizer" daemon [_thread_blocked, id=4508, stack(0x000000f66cc00000,0x000000f66cd00000)]
  0x00000255fadc8930 JavaThread "Attach Listener" daemon [_thread_blocked, id=3480, stack(0x000000f66ce00000,0x000000f66cf00000)]
  0x00000255fadc91e0 JavaThread "Service Thread" daemon [_thread_blocked, id=5748, stack(0x000000f66cf00000,0x000000f66d000000)]
  0x00000255fadc9a90 JavaThread "Monitor Deflation Thread" daemon [_thread_blocked, id=7980, stack(0x000000f66d000000,0x000000f66d100000)]
  0x00000255fadca670 JavaThread "C2 CompilerThread0" daemon [_thread_blocked, id=5364, stack(0x000000f66d100000,0x000000f66d200000)]
  0x00000255fadcd790 JavaThread "C1 CompilerThread0" daemon [_thread_blocked, id=8052, stack(0x000000f66d200000,0x000000f66d300000)]
  0x00000255fae4bf70 JavaThread "Sweeper thread" daemon [_thread_blocked, id=4928, stack(0x000000f66d300000,0x000000f66d400000)]
  0x00000255fad9b210 JavaThread "Common-Cleaner" daemon [_thread_blocked, id=3092, stack(0x000000f66d400000,0x000000f66d500000)]
  0x00000255ff6d8040 JavaThread "Monitor Ctrl-Break" daemon [_thread_in_native, id=10436, stack(0x000000f66d600000,0x000000f66d700000)]
  0x00000255ff561f70 JavaThread "Notification Thread" daemon [_thread_blocked, id=11088, stack(0x000000f66d700000,0x000000f66d800000)]
  0x00000255ffa15680 JavaThread "QuantumRenderer-0" daemon [_thread_blocked, id=11236, stack(0x000000f66d900000,0x000000f66da00000)]
  0x000002558f8c6a10 JavaThread "InvokeLaterDispatcher" daemon [_thread_blocked, id=1476, stack(0x000000f66da00000,0x000000f66db00000)]
  0x00000255ff85f250 JavaThread "JavaFX Application Thread" [_thread_in_native, id=5584, stack(0x000000f66db00000,0x000000f66dc00000)]
  0x000002558f933100 JavaThread "Thread-1" daemon [_thread_in_native, id=11016, stack(0x000000f66e200000,0x000000f66e300000)]
  0x000002558f933dd0 JavaThread "JavaFX-Launcher" [_thread_blocked, id=5068, stack(0x000000f66e300000,0x000000f66e400000)]
  0x000002558f8f4420 JavaThread "Prism Font Disposer" daemon [_thread_blocked, id=7540, stack(0x000000f66e700000,0x000000f66e800000)]
  0x000002558f8f7440 JavaThread "Cleaner-0" daemon [_thread_blocked, id=3540, stack(0x000000f66e800000,0x000000f66e900000)]
  0x00000255ffa99610 JavaThread "SIGINT handler" daemon [_thread_blocked, id=7104, stack(0x000000f66d500000,0x000000f66d600000)]

Other Threads:
=>0x00000255ea6429d0 VMThread "VM Thread" [stack: 0x000000f66ca00000,0x000000f66cb00000] [id=9176]
  0x00000255ea61e4f0 WorkerThread "GC Thread#0" [stack: 0x000000f66c500000,0x000000f66c600000] [id=3120]
  0x000002558f24ecf0 WorkerThread "GC Thread#1" [stack: 0x000000f66dc00000,0x000000f66dd00000] [id=3036]
  0x000002558f241750 WorkerThread "GC Thread#2" [stack: 0x000000f66dd00000,0x000000f66de00000] [id=5492]
  0x000002558f2419f0 WorkerThread "GC Thread#3" [stack: 0x000000f66de00000,0x000000f66df00000] [id=9340]
  0x00000255ea631fa0 ConcurrentGCThread "G1 Main Marker" terminated
  0x00000255ea633040 WorkerThread "G1 Conc#0" [stack: 0x000000f66c700000,0x000000f66c800000] [id=4948]
  0x00000255ea673640 ConcurrentGCThread "G1 Refine#0" terminated
  0x00000255ea673e60 ConcurrentGCThread "G1 Service" terminated

Threads with active compile tasks:

VM state: at safepoint (shutting down)

VM Mutex/Monitor currently owned by a thread:  ([mutex/lock_event])
[0x00000255ea5bcef0] Threads_lock - owner thread: 0x00000255ea6429d0
[0x00000255ea5bc0e0] Heap_lock - owner thread: 0x00000255ffa99610

Heap address: 0x0000000081e00000, size: 2018 MB, Compressed Oops mode: 32-bit

CDS archive(s) mapped at: [0x0000000800000000-0x0000000800ba0000-0x0000000800ba0000), size 12189696, SharedBaseAddress: 0x0000000800000000, ArchiveRelocationMode: 0.
Compressed class space mapped at: 0x0000000800c00000-0x0000000840c00000, reserved size: 1073741824
Narrow klass base: 0x0000000800000000, Narrow klass shift: 0, Narrow klass range: 0x100000000

GC Precious Log:
 CardTable entry size: 512
 Card Set container configuration: InlinePtr #cards 5 size 8 Array Of Cards #cards 12 size 40 Howl #buckets 4 coarsen threshold 1843 Howl Bitmap #cards 512 size 80 coarsen threshold 460 Card regions per heap region 1 cards per card region 2048
 CPUs: 4 total, 4 available
 Memory: 8066M
 Large Page Support: Disabled
 NUMA Support: Disabled
 Compressed Oops: Enabled (32-bit)
 Heap Region Size: 1M
 Heap Min Capacity: 8M
 Heap Initial Capacity: 128M
 Heap Max Capacity: 2018M
 Pre-touch: Disabled
 Parallel Workers: 4
 Concurrent Workers: 1
 Concurrent Refinement Workers: 4
 Periodic GC: Disabled

Heap:
 garbage-first heap   total 131072K, used 53120K [0x0000000081e00000, 0x0000000100000000)
  region size 1024K, 50 young (51200K), 3 survivors (3072K)
 Metaspace       used 18489K, committed 18816K, reserved 1114112K
  class space    used 2676K, committed 2816K, reserved 1048576K

Heap Regions: E=young(eden), S=young(survivor), O=old, HS=humongous(starts), HC=humongous(continues), CS=collection set, F=free, OA=open archive, CA=closed archive, TAMS=top-at-mark-start (previous, next)
|   0|0x0000000081e00000, 0x0000000081f00000, 0x0000000081f00000|100%| O|  |TAMS 0x0000000081e00000, 0x0000000081e00000| Untracked 
|   1|0x0000000081f00000, 0x0000000082000000, 0x0000000082000000|100%| O|  |TAMS 0x0000000081f00000, 0x0000000081f00000| Untracked 
|   2|0x0000000082000000, 0x0000000082010c00, 0x0000000082100000|  6%| O|  |TAMS 0x0000000082000000, 0x0000000082000000| Untracked 
|   3|0x0000000082100000, 0x0000000082200000, 0x0000000082200000|100%|HS|  |TAMS 0x0000000082100000, 0x0000000082100000| Complete 
|   4|0x0000000082200000, 0x0000000082300000, 0x0000000082300000|100%|HC|  |TAMS 0x0000000082200000, 0x0000000082200000| Complete 
|   5|0x0000000082300000, 0x0000000082300000, 0x0000000082400000|  0%| F|  |TAMS 0x0000000082300000, 0x0000000082300000| Untracked 
|   6|0x0000000082400000, 0x0000000082400000, 0x0000000082500000|  0%| F|  |TAMS 0x0000000082400000, 0x0000000082400000| Untracked 
|   7|0x0000000082500000, 0x0000000082500000, 0x0000000082600000|  0%| F|  |TAMS 0x0000000082500000, 0x0000000082500000| Untracked 
|   8|0x0000000082600000, 0x0000000082600000, 0x0000000082700000|  0%| F|  |TAMS 0x0000000082600000, 0x0000000082600000| Untracked 
|   9|0x0000000082700000, 0x0000000082700000, 0x0000000082800000|  0%| F|  |TAMS 0x0000000082700000, 0x0000000082700000| Untracked 
|  10|0x0000000082800000, 0x0000000082800000, 0x0000000082900000|  0%| F|  |TAMS 0x0000000082800000, 0x0000000082800000| Untracked 
|  11|0x0000000082900000, 0x0000000082900000, 0x0000000082a00000|  0%| F|  |TAMS 0x0000000082900000, 0x0000000082900000| Untracked 
|  12|0x0000000082a00000, 0x0000000082a00000, 0x0000000082b00000|  0%| F|  |TAMS 0x0000000082a00000, 0x0000000082a00000| Untracked 
|  13|0x0000000082b00000, 0x0000000082b00000, 0x0000000082c00000|  0%| F|  |TAMS 0x0000000082b00000, 0x0000000082b00000| Untracked 
|  14|0x0000000082c00000, 0x0000000082c00000, 0x0000000082d00000|  0%| F|  |TAMS 0x0000000082c00000, 0x0000000082c00000| Untracked 
|  15|0x0000000082d00000, 0x0000000082d00000, 0x0000000082e00000|  0%| F|  |TAMS 0x0000000082d00000, 0x0000000082d00000| Untracked 
|  16|0x0000000082e00000, 0x0000000082e00000, 0x0000000082f00000|  0%| F|  |TAMS 0x0000000082e00000, 0x0000000082e00000| Untracked 
|  17|0x0000000082f00000, 0x0000000082f00000, 0x0000000083000000|  0%| F|  |TAMS 0x0000000082f00000, 0x0000000082f00000| Untracked 
|  18|0x0000000083000000, 0x0000000083000000, 0x0000000083100000|  0%| F|  |TAMS 0x0000000083000000, 0x0000000083000000| Untracked 
|  19|0x0000000083100000, 0x0000000083100000, 0x0000000083200000|  0%| F|  |TAMS 0x0000000083100000, 0x0000000083100000| Untracked 
|  20|0x0000000083200000, 0x0000000083200000, 0x0000000083300000|  0%| F|  |TAMS 0x0000000083200000, 0x0000000083200000| Untracked 
|  21|0x0000000083300000, 0x0000000083300000, 0x0000000083400000|  0%| F|  |TAMS 0x0000000083300000, 0x0000000083300000| Untracked 
|  22|0x0000000083400000, 0x0000000083400000, 0x0000000083500000|  0%| F|  |TAMS 0x0000000083400000, 0x0000000083400000| Untracked 
|  23|0x0000000083500000, 0x0000000083500000, 0x0000000083600000|  0%| F|  |TAMS 0x0000000083500000, 0x0000000083500000| Untracked 
|  24|0x0000000083600000, 0x0000000083600000, 0x0000000083700000|  0%| F|  |TAMS 0x0000000083600000, 0x0000000083600000| Untracked 
|  25|0x0000000083700000, 0x0000000083700000, 0x0000000083800000|  0%| F|  |TAMS 0x0000000083700000, 0x0000000083700000| Untracked 
|  26|0x0000000083800000, 0x0000000083800000, 0x0000000083900000|  0%| F|  |TAMS 0x0000000083800000, 0x0000000083800000| Untracked 
|  27|0x0000000083900000, 0x0000000083900000, 0x0000000083a00000|  0%| F|  |TAMS 0x0000000083900000, 0x0000000083900000| Untracked 
|  28|0x0000000083a00000, 0x0000000083a00000, 0x0000000083b00000|  0%| F|  |TAMS 0x0000000083a00000, 0x0000000083a00000| Untracked 
|  29|0x0000000083b00000, 0x0000000083b00000, 0x0000000083c00000|  0%| F|  |TAMS 0x0000000083b00000, 0x0000000083b00000| Untracked 
|  30|0x0000000083c00000, 0x0000000083c00000, 0x0000000083d00000|  0%| F|  |TAMS 0x0000000083c00000, 0x0000000083c00000| Untracked 
|  31|0x0000000083d00000, 0x0000000083d00000, 0x0000000083e00000|  0%| F|  |TAMS 0x0000000083d00000, 0x0000000083d00000| Untracked 
|  32|0x0000000083e00000, 0x0000000083e00000, 0x0000000083f00000|  0%| F|  |TAMS 0x0000000083e00000, 0x0000000083e00000| Untracked 
|  33|0x0000000083f00000, 0x0000000083f00000, 0x0000000084000000|  0%| F|  |TAMS 0x0000000083f00000, 0x0000000083f00000| Untracked 
|  34|0x0000000084000000, 0x0000000084000000, 0x0000000084100000|  0%| F|  |TAMS 0x0000000084000000, 0x0000000084000000| Untracked 
|  35|0x0000000084100000, 0x0000000084100000, 0x0000000084200000|  0%| F|  |TAMS 0x0000000084100000, 0x0000000084100000| Untracked 
|  36|0x0000000084200000, 0x0000000084200000, 0x0000000084300000|  0%| F|  |TAMS 0x0000000084200000, 0x0000000084200000| Untracked 
|  37|0x0000000084300000, 0x0000000084300000, 0x0000000084400000|  0%| F|  |TAMS 0x0000000084300000, 0x0000000084300000| Untracked 
|  38|0x0000000084400000, 0x0000000084400000, 0x0000000084500000|  0%| F|  |TAMS 0x0000000084400000, 0x0000000084400000| Untracked 
|  39|0x0000000084500000, 0x0000000084500000, 0x0000000084600000|  0%| F|  |TAMS 0x0000000084500000, 0x0000000084500000| Untracked 
|  40|0x0000000084600000, 0x0000000084600000, 0x0000000084700000|  0%| F|  |TAMS 0x0000000084600000, 0x0000000084600000| Untracked 
|  41|0x0000000084700000, 0x0000000084700000, 0x0000000084800000|  0%| F|  |TAMS 0x0000000084700000, 0x0000000084700000| Untracked 
|  42|0x0000000084800000, 0x0000000084800000, 0x0000000084900000|  0%| F|  |TAMS 0x0000000084800000, 0x0000000084800000| Untracked 
|  43|0x0000000084900000, 0x0000000084900000, 0x0000000084a00000|  0%| F|  |TAMS 0x0000000084900000, 0x0000000084900000| Untracked 
|  44|0x0000000084a00000, 0x0000000084a00000, 0x0000000084b00000|  0%| F|  |TAMS 0x0000000084a00000, 0x0000000084a00000| Untracked 
|  45|0x0000000084b00000, 0x0000000084b00000, 0x0000000084c00000|  0%| F|  |TAMS 0x0000000084b00000, 0x0000000084b00000| Untracked 
|  46|0x0000000084c00000, 0x0000000084c00000, 0x0000000084d00000|  0%| F|  |TAMS 0x0000000084c00000, 0x0000000084c00000| Untracked 
|  47|0x0000000084d00000, 0x0000000084d00000, 0x0000000084e00000|  0%| F|  |TAMS 0x0000000084d00000, 0x0000000084d00000| Untracked 
|  48|0x0000000084e00000, 0x0000000084e00000, 0x0000000084f00000|  0%| F|  |TAMS 0x0000000084e00000, 0x0000000084e00000| Untracked 
|  49|0x0000000084f00000, 0x0000000084f00000, 0x0000000085000000|  0%| F|  |TAMS 0x0000000084f00000, 0x0000000084f00000| Untracked 
|  50|0x0000000085000000, 0x0000000085000000, 0x0000000085100000|  0%| F|  |TAMS 0x0000000085000000, 0x0000000085000000| Untracked 
|  51|0x0000000085100000, 0x0000000085100000, 0x0000000085200000|  0%| F|  |TAMS 0x0000000085100000, 0x0000000085100000| Untracked 
|  52|0x0000000085200000, 0x0000000085200000, 0x0000000085300000|  0%| F|  |TAMS 0x0000000085200000, 0x0000000085200000| Untracked 
|  53|0x0000000085300000, 0x0000000085300000, 0x0000000085400000|  0%| F|  |TAMS 0x0000000085300000, 0x0000000085300000| Untracked 
|  54|0x0000000085400000, 0x0000000085400000, 0x0000000085500000|  0%| F|  |TAMS 0x0000000085400000, 0x0000000085400000| Untracked 
|  55|0x0000000085500000, 0x0000000085500000, 0x0000000085600000|  0%| F|  |TAMS 0x0000000085500000, 0x0000000085500000| Untracked 
|  56|0x0000000085600000, 0x0000000085600000, 0x0000000085700000|  0%| F|  |TAMS 0x0000000085600000, 0x0000000085600000| Untracked 
|  57|0x0000000085700000, 0x0000000085700000, 0x0000000085800000|  0%| F|  |TAMS 0x0000000085700000, 0x0000000085700000| Untracked 
|  58|0x0000000085800000, 0x0000000085800000, 0x0000000085900000|  0%| F|  |TAMS 0x0000000085800000, 0x0000000085800000| Untracked 
|  59|0x0000000085900000, 0x0000000085900000, 0x0000000085a00000|  0%| F|  |TAMS 0x0000000085900000, 0x0000000085900000| Untracked 
|  60|0x0000000085a00000, 0x0000000085a00000, 0x0000000085b00000|  0%| F|  |TAMS 0x0000000085a00000, 0x0000000085a00000| Untracked 
|  61|0x0000000085b00000, 0x0000000085b00000, 0x0000000085c00000|  0%| F|  |TAMS 0x0000000085b00000, 0x0000000085b00000| Untracked 
|  62|0x0000000085c00000, 0x0000000085c00000, 0x0000000085d00000|  0%| F|  |TAMS 0x0000000085c00000, 0x0000000085c00000| Untracked 
|  63|0x0000000085d00000, 0x0000000085d00000, 0x0000000085e00000|  0%| F|  |TAMS 0x0000000085d00000, 0x0000000085d00000| Untracked 
|  64|0x0000000085e00000, 0x0000000085e00000, 0x0000000085f00000|  0%| F|  |TAMS 0x0000000085e00000, 0x0000000085e00000| Untracked 
|  65|0x0000000085f00000, 0x0000000085f00000, 0x0000000086000000|  0%| F|  |TAMS 0x0000000085f00000, 0x0000000085f00000| Untracked 
|  66|0x0000000086000000, 0x0000000086000000, 0x0000000086100000|  0%| F|  |TAMS 0x0000000086000000, 0x0000000086000000| Untracked 
|  67|0x0000000086100000, 0x0000000086100000, 0x0000000086200000|  0%| F|  |TAMS 0x0000000086100000, 0x0000000086100000| Untracked 
|  68|0x0000000086200000, 0x0000000086200000, 0x0000000086300000|  0%| F|  |TAMS 0x0000000086200000, 0x0000000086200000| Untracked 
|  69|0x0000000086300000, 0x0000000086300000, 0x0000000086400000|  0%| F|  |TAMS 0x0000000086300000, 0x0000000086300000| Untracked 
|  70|0x0000000086400000, 0x0000000086400000, 0x0000000086500000|  0%| F|  |TAMS 0x0000000086400000, 0x0000000086400000| Untracked 
|  71|0x0000000086500000, 0x0000000086500000, 0x0000000086600000|  0%| F|  |TAMS 0x0000000086500000, 0x0000000086500000| Untracked 
|  72|0x0000000086600000, 0x0000000086600000, 0x0000000086700000|  0%| F|  |TAMS 0x0000000086600000, 0x0000000086600000| Untracked 
|  73|0x0000000086700000, 0x0000000086700000, 0x0000000086800000|  0%| F|  |TAMS 0x0000000086700000, 0x0000000086700000| Untracked 
|  74|0x0000000086800000, 0x0000000086800000, 0x0000000086900000|  0%| F|  |TAMS 0x0000000086800000, 0x0000000086800000| Untracked 
|  75|0x0000000086900000, 0x0000000086900000, 0x0000000086a00000|  0%| F|  |TAMS 0x0000000086900000, 0x0000000086900000| Untracked 
|  76|0x0000000086a00000, 0x0000000086a00000, 0x0000000086b00000|  0%| F|  |TAMS 0x0000000086a00000, 0x0000000086a00000| Untracked 
|  77|0x0000000086b00000, 0x0000000086b00000, 0x0000000086c00000|  0%| F|  |TAMS 0x0000000086b00000, 0x0000000086b00000| Untracked 
|  78|0x0000000086c00000, 0x0000000086c96060, 0x0000000086d00000| 58%| E|  |TAMS 0x0000000086c00000, 0x0000000086c00000| Complete 
|  79|0x0000000086d00000, 0x0000000086e00000, 0x0000000086e00000|100%| E|CS|TAMS 0x0000000086d00000, 0x0000000086d00000| Complete 
|  80|0x0000000086e00000, 0x0000000086f00000, 0x0000000086f00000|100%| E|CS|TAMS 0x0000000086e00000, 0x0000000086e00000| Complete 
|  81|0x0000000086f00000, 0x0000000087000000, 0x0000000087000000|100%| E|CS|TAMS 0x0000000086f00000, 0x0000000086f00000| Complete 
|  82|0x0000000087000000, 0x0000000087100000, 0x0000000087100000|100%| E|CS|TAMS 0x0000000087000000, 0x0000000087000000| Complete 
|  83|0x0000000087100000, 0x0000000087200000, 0x0000000087200000|100%| E|CS|TAMS 0x0000000087100000, 0x0000000087100000| Complete 
|  84|0x0000000087200000, 0x0000000087300000, 0x0000000087300000|100%| E|CS|TAMS 0x0000000087200000, 0x0000000087200000| Complete 
|  85|0x0000000087300000, 0x0000000087400000, 0x0000000087400000|100%| E|CS|TAMS 0x0000000087300000, 0x0000000087300000| Complete 
|  86|0x0000000087400000, 0x0000000087500000, 0x0000000087500000|100%| E|CS|TAMS 0x0000000087400000, 0x0000000087400000| Complete 
|  87|0x0000000087500000, 0x0000000087600000, 0x0000000087600000|100%| E|CS|TAMS 0x0000000087500000, 0x0000000087500000| Complete 
|  88|0x0000000087600000, 0x0000000087700000, 0x0000000087700000|100%| E|CS|TAMS 0x0000000087600000, 0x0000000087600000| Complete 
|  89|0x0000000087700000, 0x0000000087800000, 0x0000000087800000|100%| E|CS|TAMS 0x0000000087700000, 0x0000000087700000| Complete 
|  90|0x0000000087800000, 0x0000000087900000, 0x0000000087900000|100%| E|CS|TAMS 0x0000000087800000, 0x0000000087800000| Complete 
|  91|0x0000000087900000, 0x0000000087a00000, 0x0000000087a00000|100%| E|CS|TAMS 0x0000000087900000, 0x0000000087900000| Complete 
|  92|0x0000000087a00000, 0x0000000087b00000, 0x0000000087b00000|100%| E|CS|TAMS 0x0000000087a00000, 0x0000000087a00000| Complete 
|  93|0x0000000087b00000, 0x0000000087c00000, 0x0000000087c00000|100%| E|  |TAMS 0x0000000087b00000, 0x0000000087b00000| Complete 
|  94|0x0000000087c00000, 0x0000000087d00000, 0x0000000087d00000|100%| E|CS|TAMS 0x0000000087c00000, 0x0000000087c00000| Complete 
|  95|0x0000000087d00000, 0x0000000087e00000, 0x0000000087e00000|100%| E|CS|TAMS 0x0000000087d00000, 0x0000000087d00000| Complete 
|  96|0x0000000087e00000, 0x0000000087f00000, 0x0000000087f00000|100%| E|CS|TAMS 0x0000000087e00000, 0x0000000087e00000| Complete 
|  97|0x0000000087f00000, 0x0000000088000000, 0x0000000088000000|100%| E|CS|TAMS 0x0000000087f00000, 0x0000000087f00000| Complete 
|  98|0x0000000088000000, 0x0000000088100000, 0x0000000088100000|100%| E|CS|TAMS 0x0000000088000000, 0x0000000088000000| Complete 
|  99|0x0000000088100000, 0x0000000088200000, 0x0000000088200000|100%| E|CS|TAMS 0x0000000088100000, 0x0000000088100000| Complete 
| 100|0x0000000088200000, 0x0000000088300000, 0x0000000088300000|100%| E|CS|TAMS 0x0000000088200000, 0x0000000088200000| Complete 
| 101|0x0000000088300000, 0x0000000088400000, 0x0000000088400000|100%| E|CS|TAMS 0x0000000088300000, 0x0000000088300000| Complete 
| 102|0x0000000088400000, 0x0000000088500000, 0x0000000088500000|100%| E|CS|TAMS 0x0000000088400000, 0x0000000088400000| Complete 
| 103|0x0000000088500000, 0x0000000088600000, 0x0000000088600000|100%| E|CS|TAMS 0x0000000088500000, 0x0000000088500000| Complete 
| 104|0x0000000088600000, 0x0000000088700000, 0x0000000088700000|100%| E|CS|TAMS 0x0000000088600000, 0x0000000088600000| Complete 
| 105|0x0000000088700000, 0x0000000088800000, 0x0000000088800000|100%| E|CS|TAMS 0x0000000088700000, 0x0000000088700000| Complete 
| 106|0x0000000088800000, 0x00000000888cf670, 0x0000000088900000| 81%| S|CS|TAMS 0x0000000088800000, 0x0000000088800000| Complete 
| 107|0x0000000088900000, 0x0000000088a00000, 0x0000000088a00000|100%| S|CS|TAMS 0x0000000088900000, 0x0000000088900000| Complete 
| 108|0x0000000088a00000, 0x0000000088b00000, 0x0000000088b00000|100%| S|CS|TAMS 0x0000000088a00000, 0x0000000088a00000| Complete 
| 109|0x0000000088b00000, 0x0000000088c00000, 0x0000000088c00000|100%| E|CS|TAMS 0x0000000088b00000, 0x0000000088b00000| Complete 
| 110|0x0000000088c00000, 0x0000000088d00000, 0x0000000088d00000|100%| E|CS|TAMS 0x0000000088c00000, 0x0000000088c00000| Complete 
| 111|0x0000000088d00000, 0x0000000088e00000, 0x0000000088e00000|100%| E|CS|TAMS 0x0000000088d00000, 0x0000000088d00000| Complete 
| 112|0x0000000088e00000, 0x0000000088f00000, 0x0000000088f00000|100%| E|CS|TAMS 0x0000000088e00000, 0x0000000088e00000| Complete 
| 113|0x0000000088f00000, 0x0000000089000000, 0x0000000089000000|100%| E|CS|TAMS 0x0000000088f00000, 0x0000000088f00000| Complete 
| 114|0x0000000089000000, 0x0000000089100000, 0x0000000089100000|100%| E|CS|TAMS 0x0000000089000000, 0x0000000089000000| Complete 
| 115|0x0000000089100000, 0x0000000089200000, 0x0000000089200000|100%| E|CS|TAMS 0x0000000089100000, 0x0000000089100000| Complete 
| 116|0x0000000089200000, 0x0000000089300000, 0x0000000089300000|100%| E|CS|TAMS 0x0000000089200000, 0x0000000089200000| Complete 
| 117|0x0000000089300000, 0x0000000089400000, 0x0000000089400000|100%| E|CS|TAMS 0x0000000089300000, 0x0000000089300000| Complete 
| 118|0x0000000089400000, 0x0000000089500000, 0x0000000089500000|100%| E|CS|TAMS 0x0000000089400000, 0x0000000089400000| Complete 
| 119|0x0000000089500000, 0x0000000089600000, 0x0000000089600000|100%| E|CS|TAMS 0x0000000089500000, 0x0000000089500000| Complete 
| 120|0x0000000089600000, 0x0000000089700000, 0x0000000089700000|100%| E|CS|TAMS 0x0000000089600000, 0x0000000089600000| Complete 
| 121|0x0000000089700000, 0x0000000089800000, 0x0000000089800000|100%| E|CS|TAMS 0x0000000089700000, 0x0000000089700000| Complete 
| 122|0x0000000089800000, 0x0000000089900000, 0x0000000089900000|100%| E|CS|TAMS 0x0000000089800000, 0x0000000089800000| Complete 
| 123|0x0000000089900000, 0x0000000089a00000, 0x0000000089a00000|100%| E|CS|TAMS 0x0000000089900000, 0x0000000089900000| Complete 
| 124|0x0000000089a00000, 0x0000000089b00000, 0x0000000089b00000|100%| E|CS|TAMS 0x0000000089a00000, 0x0000000089a00000| Complete 
| 125|0x0000000089b00000, 0x0000000089c00000, 0x0000000089c00000|100%| E|CS|TAMS 0x0000000089b00000, 0x0000000089b00000| Complete 
| 126|0x0000000089c00000, 0x0000000089d00000, 0x0000000089d00000|100%| E|CS|TAMS 0x0000000089c00000, 0x0000000089c00000| Complete 
| 127|0x0000000089d00000, 0x0000000089e00000, 0x0000000089e00000|100%| E|CS|TAMS 0x0000000089d00000, 0x0000000089d00000| Complete 

Card table byte_map: [0x00000255f4120000,0x00000255f4520000] _byte_map_base: 0x00000255f3d11000

Marking Bits (Prev, Next): (CMBitMap*) 0x00000255ea620a20, (CMBitMap*) 0x00000255ea620a60
 Prev Bits: [0x00000255f4920000, 0x00000255f68a8000)
 Next Bits: [0x00000255f68b0000, 0x00000255f8838000)

Polling page: 0x00000255ea400000

Metaspace:

Usage:
  Non-class:     15.44 MB used.
      Class:      2.61 MB used.
       Both:     18.06 MB used.

Virtual space:
  Non-class space:       64.00 MB reserved,      15.62 MB ( 24%) committed,  1 nodes.
      Class space:        1.00 GB reserved,       2.75 MB ( <1%) committed,  1 nodes.
             Both:        1.06 GB reserved,      18.38 MB (  2%) committed. 

Chunk freelists:
   Non-Class:  399.00 KB
       Class:  1.19 MB
        Both:  1.58 MB

MaxMetaspaceSize: unlimited
CompressedClassSpaceSize: 1.00 GB
Initial GC threshold: 21.00 MB
Current GC threshold: 21.00 MB
CDS: on
MetaspaceReclaimPolicy: balanced
 - commit_granule_bytes: 65536.
 - commit_granule_words: 8192.
 - virtual_space_node_default_size: 8388608.
 - enlarge_chunks_in_place: 1.
 - new_chunks_are_fully_committed: 0.
 - uncommit_free_chunks: 1.
 - use_allocation_guard: 0.


Internal statistics:

num_allocs_failed_limit: 0.
num_arena_births: 378.
num_arena_deaths: 0.
num_vsnodes_births: 2.
num_vsnodes_deaths: 0.
num_space_committed: 294.
num_space_uncommitted: 0.
num_chunks_returned_to_freelist: 0.
num_chunks_taken_from_freelist: 1004.
num_chunk_merges: 0.
num_chunk_splits: 679.
num_chunks_enlarged: 516.
num_inconsistent_stats: 0.

CodeHeap 'non-profiled nmethods': size=120000Kb used=1365Kb max_used=1365Kb free=118634Kb
 bounds [0x0000025587ad0000, 0x0000025587d40000, 0x000002558f000000]
CodeHeap 'profiled nmethods': size=120000Kb used=7417Kb max_used=7417Kb free=112582Kb
 bounds [0x00000255805a0000, 0x0000025580ce0000, 0x0000025587ad0000]
CodeHeap 'non-nmethods': size=5760Kb used=1444Kb max_used=1501Kb free=4315Kb
 bounds [0x0000025580000000, 0x0000025580270000, 0x00000255805a0000]
 total_blobs=4610 nmethods=3811 adapters=711
 compilation: enabled
              stopped_count=0, restarted_count=0
 full_count=0

Compilation events (20 events):
Event: 17.094 Thread 0x00000255fadca670 nmethod 3811 0x0000025587c24590 code [0x0000025587c24700, 0x0000025587c24778]
Event: 17.094 Thread 0x00000255fadcd790 nmethod 3801 0x0000025580cdb490 code [0x0000025580cdb640, 0x0000025580cdb888]
Event: 17.094 Thread 0x00000255fadcd790 3809       3       javafx.scene.Parent::requestParentLayout (6 bytes)
Event: 17.094 Thread 0x00000255fadcd790 nmethod 3809 0x0000025580cdb990 code [0x0000025580cdbb80, 0x0000025580cdc198]
Event: 17.094 Thread 0x00000255fadcd790 3810       1       java.lang.Class::getAnnotationType (5 bytes)
Event: 17.094 Thread 0x00000255fadcd790 nmethod 3810 0x0000025587c24890 code [0x0000025587c24a20, 0x0000025587c24af8]
Event: 17.094 Thread 0x00000255fadcd790 3808       3       javafx.scene.Node::parentPropertyImpl (24 bytes)
Event: 17.094 Thread 0x00000255fadcd790 nmethod 3808 0x0000025580cdc310 code [0x0000025580cdc4e0, 0x0000025580cdc9e8]
Event: 17.095 Thread 0x00000255fadcd790 3799       3       javafx.collections.WeakListChangeListener::onChanged (36 bytes)
Event: 17.095 Thread 0x00000255fadcd790 nmethod 3799 0x0000025580cdcb90 code [0x0000025580cdcd60, 0x0000025580cdd2f8]
Event: 17.095 Thread 0x00000255fadcd790 3805       1       java.lang.reflect.Constructor::getSharedParameterTypes (5 bytes)
Event: 17.095 Thread 0x00000255fadcd790 nmethod 3805 0x0000025587c24b90 code [0x0000025587c24d20, 0x0000025587c24df8]
Event: 17.095 Thread 0x00000255fadcd790 3806       1       javafx.scene.control.TableColumn::getColumns (5 bytes)
Event: 17.095 Thread 0x00000255fadcd790 nmethod 3806 0x0000025587c24e90 code [0x0000025587c25020, 0x0000025587c250f8]
Event: 35.144 Thread 0x00000255fadcd790 3812       3       java.lang.invoke.LambdaForm$DMH/0x0000000800da0000::invokeStatic (31 bytes)
Event: 35.144 Thread 0x00000255fadcd790 nmethod 3812 0x0000025580cdd490 code [0x0000025580cdd660, 0x0000025580cddaf8]
Event: 35.144 Thread 0x00000255fadcd790 3813       3       java.lang.invoke.MethodHandles$Lookup::restrictReceiver (127 bytes)
Event: 35.145 Thread 0x00000255fadcd790 nmethod 3813 0x0000025580cddc10 code [0x0000025580cdde20, 0x0000025580cde348]
Event: 35.145 Thread 0x00000255fadcd790 3814       1       com.sun.prism.d3d.D3DContext::getResourceFactory (5 bytes)
Event: 35.145 Thread 0x00000255fadcd790 nmethod 3814 0x0000025587c25190 code [0x0000025587c25320, 0x0000025587c253f8]

GC Heap History (4 events):
Event: 0.554 GC heap before
{Heap before GC invocations=0 (full 0):
 garbage-first heap   total 131072K, used 13312K [0x0000000081e00000, 0x0000000100000000)
  region size 1024K, 13 young (13312K), 0 survivors (0K)
 Metaspace       used 2749K, committed 2944K, reserved 1114112K
  class space    used 288K, committed 384K, reserved 1048576K
}
Event: 0.559 GC heap after
{Heap after GC invocations=1 (full 0):
 garbage-first heap   total 131072K, used 2072K [0x0000000081e00000, 0x0000000100000000)
  region size 1024K, 2 young (2048K), 2 survivors (2048K)
 Metaspace       used 2749K, committed 2944K, reserved 1114112K
  class space    used 288K, committed 384K, reserved 1048576K
}
Event: 1.002 GC heap before
{Heap before GC invocations=1 (full 0):
 garbage-first heap   total 131072K, used 18456K [0x0000000081e00000, 0x0000000100000000)
  region size 1024K, 19 young (19456K), 2 survivors (2048K)
 Metaspace       used 8129K, committed 8320K, reserved 1114112K
  class space    used 1047K, committed 1152K, reserved 1048576K
}
Event: 1.009 GC heap after
{Heap after GC invocations=2 (full 0):
 garbage-first heap   total 131072K, used 4992K [0x0000000081e00000, 0x0000000100000000)
  region size 1024K, 3 young (3072K), 3 survivors (3072K)
 Metaspace       used 8129K, committed 8320K, reserved 1114112K
  class space    used 1047K, committed 1152K, reserved 1048576K
}

Deoptimization events (20 events):
Event: 12.234 Thread 0x00000255ffa15680 DEOPT PACKING pc=0x0000025587bae58c sp=0x000000f66d9fc500
Event: 12.234 Thread 0x00000255ffa15680 DEOPT UNPACKING pc=0x00000255800523a3 sp=0x000000f66d9fc490 mode 2
Event: 12.236 Thread 0x00000255ffa15680 Uncommon trap: trap_request=0xffffff45 fr.pc=0x0000025587ba8afc relative=0x0000000000000fbc
Event: 12.236 Thread 0x00000255ffa15680 Uncommon trap: reason=unstable_if action=reinterpret pc=0x0000025587ba8afc method=com.sun.scenario.effect.impl.state.BoxRenderState.validateWeights()V @ 147 c2
Event: 12.236 Thread 0x00000255ffa15680 DEOPT PACKING pc=0x0000025587ba8afc sp=0x000000f66d9fc7f0
Event: 12.236 Thread 0x00000255ffa15680 DEOPT UNPACKING pc=0x00000255800523a3 sp=0x000000f66d9fc778 mode 2
Event: 13.229 Thread 0x00000255ffa15680 DEOPT PACKING pc=0x0000025580c38a3a sp=0x000000f66d9fe700
Event: 13.229 Thread 0x00000255ffa15680 DEOPT UNPACKING pc=0x0000025580052b43 sp=0x000000f66d9fdc00 mode 0
Event: 15.015 Thread 0x00000255ffa15680 DEOPT PACKING pc=0x0000025580c38a3a sp=0x000000f66d9fe6f0
Event: 15.015 Thread 0x00000255ffa15680 DEOPT UNPACKING pc=0x0000025580052b43 sp=0x000000f66d9fdbf0 mode 0
Event: 15.039 Thread 0x00000255ffa15680 DEOPT PACKING pc=0x0000025580c38a3a sp=0x000000f66d9fe700
Event: 15.039 Thread 0x00000255ffa15680 DEOPT UNPACKING pc=0x0000025580052b43 sp=0x000000f66d9fdc00 mode 0
Event: 16.611 Thread 0x00000255ffa15680 Uncommon trap: trap_request=0xffffff45 fr.pc=0x0000025587bb1200 relative=0x0000000000000080
Event: 16.611 Thread 0x00000255ffa15680 Uncommon trap: reason=unstable_if action=reinterpret pc=0x0000025587bb1200 method=java.lang.Math.round(F)I @ 23 c2
Event: 16.611 Thread 0x00000255ffa15680 DEOPT PACKING pc=0x0000025587bb1200 sp=0x000000f66d9fd5c0
Event: 16.611 Thread 0x00000255ffa15680 DEOPT UNPACKING pc=0x00000255800523a3 sp=0x000000f66d9fd538 mode 2
Event: 17.044 Thread 0x00000255ffa15680 DEOPT PACKING pc=0x0000025580c38a3a sp=0x000000f66d9fe700
Event: 17.044 Thread 0x00000255ffa15680 DEOPT UNPACKING pc=0x0000025580052b43 sp=0x000000f66d9fdc00 mode 0
Event: 17.044 Thread 0x00000255ffa15680 DEOPT PACKING pc=0x0000025580c38a3a sp=0x000000f66d9fe6f0
Event: 17.044 Thread 0x00000255ffa15680 DEOPT UNPACKING pc=0x0000025580052b43 sp=0x000000f66d9fdbf0 mode 0

Classes loaded (20 events):
Event: 15.934 Loading class java/util/stream/ReferencePipeline$15
Event: 15.935 Loading class java/util/stream/ReferencePipeline$15 done
Event: 15.935 Loading class java/util/stream/ReferencePipeline$15$1
Event: 15.935 Loading class java/util/stream/ReferencePipeline$15$1 done
Event: 15.935 Loading class java/util/stream/IntPipeline$1$1
Event: 15.935 Loading class java/util/stream/IntPipeline$1$1 done
Event: 15.936 Loading class java/util/stream/ReferencePipeline$4$1
Event: 15.936 Loading class java/util/stream/ReferencePipeline$4$1 done
Event: 15.937 Loading class java/util/stream/IntPipeline$11
Event: 15.937 Loading class java/util/stream/IntPipeline$11 done
Event: 15.937 Loading class java/util/stream/ReduceOps$9
Event: 15.937 Loading class java/util/stream/ReduceOps$9 done
Event: 15.937 Loading class java/util/stream/ReduceOps$CountingSink$OfInt
Event: 15.937 Loading class java/util/stream/ReduceOps$CountingSink
Event: 15.937 Loading class java/util/stream/ReduceOps$CountingSink done
Event: 15.937 Loading class java/util/stream/ReduceOps$CountingSink$OfInt done
Event: 15.937 Loading class java/util/stream/IntPipeline$11$1
Event: 15.938 Loading class java/util/stream/IntPipeline$11$1 done
Event: 35.142 Loading class jdk/internal/misc/Signal$1
Event: 35.142 Loading class jdk/internal/misc/Signal$1 done

Classes unloaded (0 events):
No events

Classes redefined (0 events):
No events

Internal exceptions (20 events):
Event: 1.435 Thread 0x00000255ff85f250 Exception <a 'java/lang/IncompatibleClassChangeError'{0x00000000891c2268}: Found class java.lang.Object, but interface was expected> (0x00000000891c2268) 
thrown [s\open\src\hotspot\share\interpreter\linkResolver.cpp, line 826]
Event: 1.474 Thread 0x00000255ff85f250 Exception <a 'java/lang/ClassNotFoundException'{0x0000000088fa2de8}: com/sun/javafx/scene/control/skin/resources/controls> (0x0000000088fa2de8) 
thrown [s\open\src\hotspot\share\prims\jni.cpp, line 535]
Event: 1.475 Thread 0x00000255ff85f250 Exception <a 'java/lang/ClassNotFoundException'{0x0000000088fb0d88}: com/sun/javafx/scene/control/skin/resources/controls_ru> (0x0000000088fb0d88) 
thrown [s\open\src\hotspot\share\prims\jni.cpp, line 535]
Event: 1.476 Thread 0x00000255ff85f250 Exception <a 'java/lang/ClassNotFoundException'{0x0000000088fb24f0}: com/sun/javafx/scene/control/skin/resources/controls_ru_RU> (0x0000000088fb24f0) 
thrown [s\open\src\hotspot\share\prims\jni.cpp, line 535]
Event: 1.530 Thread 0x00000255ff85f250 Exception <a 'java/lang/NoSuchMethodError'{0x0000000088dbea60}: 'void java.lang.invoke.DirectMethodHandle$Holder.invokeSpecial(java.lang.Object, java.lang.Object, java.lang.Object, java.lang.Object, java.lang.Object, java.lang.Object)'> (0x0000000088dbea60) 
thrown [s\open\src\hotspot\share\interpreter\linkResolver.cpp, line 759]
Event: 1.623 Thread 0x00000255ff85f250 Exception <a 'java/lang/NoSuchMethodError'{0x0000000088631428}: 'int java.lang.invoke.DirectMethodHandle$Holder.invokeSpecial(java.lang.Object, java.lang.Object, int)'> (0x0000000088631428) 
thrown [s\open\src\hotspot\share\interpreter\linkResolver.cpp, line 759]
Event: 1.636 Thread 0x00000255ff85f250 Exception <a 'java/lang/NoSuchMethodError'{0x0000000088663a38}: 'java.lang.Object java.lang.invoke.DirectMethodHandle$Holder.newInvokeSpecial(java.lang.Object, java.lang.Object, int)'> (0x0000000088663a38) 
thrown [s\open\src\hotspot\share\interpreter\linkResolver.cpp, line 759]
Event: 1.668 Thread 0x00000255ffa15680 Exception <a 'java/lang/NoSuchMethodError'{0x0000000088567b00}: 'int java.lang.invoke.DirectMethodHandle$Holder.invokeStaticInit(java.lang.Object, java.lang.Object)'> (0x0000000088567b00) 
thrown [s\open\src\hotspot\share\interpreter\linkResolver.cpp, line 759]
Event: 1.682 Thread 0x00000255ff85f250 Exception <a 'java/lang/NoSuchMethodError'{0x0000000088537558}: 'long java.lang.invoke.DirectMethodHandle$Holder.invokeStatic(java.lang.Object, java.lang.Object, java.lang.Object)'> (0x0000000088537558) 
thrown [s\open\src\hotspot\share\interpreter\linkResolver.cpp, line 759]
Event: 1.682 Thread 0x00000255ff85f250 Exception <a 'java/lang/NoSuchMethodError'{0x000000008853acf8}: 'long java.lang.invoke.DirectMethodHandle$Holder.invokeStaticInit(java.lang.Object, java.lang.Object, java.lang.Object)'> (0x000000008853acf8) 
thrown [s\open\src\hotspot\share\interpreter\linkResolver.cpp, line 759]
Event: 1.686 Thread 0x00000255ff85f250 Exception <a 'java/lang/NoSuchMethodError'{0x00000000885f4c00}: 'java.lang.Object java.lang.invoke.DirectMethodHandle$Holder.newInvokeSpecial(java.lang.Object, java.lang.Object, long)'> (0x00000000885f4c00) 
thrown [s\open\src\hotspot\share\interpreter\linkResolver.cpp, line 759]
Event: 1.686 Thread 0x00000255ff85f250 Exception <a 'java/lang/NoSuchMethodError'{0x00000000885f8778}: 'java.lang.Object java.lang.invoke.Invokers$Holder.linkToTargetMethod(java.lang.Object, long, java.lang.Object)'> (0x00000000885f8778) 
thrown [s\open\src\hotspot\share\interpreter\linkResolver.cpp, line 759]
Event: 1.832 Thread 0x00000255ffa15680 Exception <a 'java/lang/NoSuchMethodError'{0x0000000088139a60}: 'java.lang.Object java.lang.invoke.DirectMethodHandle$Holder.invokeStaticInit(java.lang.Object, int)'> (0x0000000088139a60) 
thrown [s\open\src\hotspot\share\interpreter\linkResolver.cpp, line 759]
Event: 4.143 Thread 0x00000255ff85f250 Exception <a 'java/lang/NoSuchMethodError'{0x00000000880e3ef8}: 'java.lang.Object java.lang.invoke.DirectMethodHandle$Holder.newInvokeSpecial(java.lang.Object, java.lang.Object, int, int, int, int, int, java.lang.Object)'> (0x00000000880e3ef8) 
thrown [s\open\src\hotspot\share\interpreter\linkResolver.cpp, line 759]
Event: 4.145 Thread 0x00000255ff85f250 Exception <a 'java/lang/NoSuchMethodError'{0x00000000880f6ed8}: 'java.lang.Object java.lang.invoke.DirectMethodHandle$Holder.newInvokeSpecial(java.lang.Object, java.lang.Object, java.lang.Object, int, int, int, int, int)'> (0x00000000880f6ed8) 
thrown [s\open\src\hotspot\share\interpreter\linkResolver.cpp, line 759]
Event: 4.146 Thread 0x00000255ff85f250 Exception <a 'java/lang/NoSuchMethodError'{0x00000000880fe740}: 'java.lang.Object java.lang.invoke.Invokers$Holder.linkToTargetMethod(java.lang.Object, java.lang.Object, int, int, int, int, int, java.lang.Object)'> (0x00000000880fe740) 
thrown [s\open\src\hotspot\share\interpreter\linkResolver.cpp, line 759]
Event: 5.628 Thread 0x00000255ff85f250 Exception <a 'java/lang/NoSuchMethodError'{0x0000000087f9f268}: 'long java.lang.invoke.DirectMethodHandle$Holder.invokeSpecial(java.lang.Object, java.lang.Object)'> (0x0000000087f9f268) 
thrown [s\open\src\hotspot\share\interpreter\linkResolver.cpp, line 759]
Event: 5.629 Thread 0x00000255ff85f250 Exception <a 'java/lang/NoSuchMethodError'{0x0000000087fa2ba8}: 'long java.lang.invoke.Invokers$Holder.invokeExact_MT(java.lang.Object, java.lang.Object)'> (0x0000000087fa2ba8) 
thrown [s\open\src\hotspot\share\interpreter\linkResolver.cpp, line 759]
Event: 11.781 Thread 0x00000255ff85f250 Exception <a 'java/lang/NoSuchMethodError'{0x00000000878183c8}: 'int java.lang.invoke.DirectMethodHandle$Holder.invokeVirtual(java.lang.Object, java.lang.Object)'> (0x00000000878183c8) 
thrown [s\open\src\hotspot\share\interpreter\linkResolver.cpp, line 759]
Event: 15.933 Thread 0x00000255ff85f250 Exception <a 'java/lang/NoSuchMethodError'{0x0000000086ff6a30}: 'void java.lang.invoke.DirectMethodHandle$Holder.invokeVirtual(java.lang.Object, java.lang.Object, int)'> (0x0000000086ff6a30) 
thrown [s\open\src\hotspot\share\interpreter\linkResolver.cpp, line 759]

VM Operations (20 events):
Event: 10.683 Executing VM operation: Cleanup done
Event: 11.684 Executing VM operation: Cleanup
Event: 11.684 Executing VM operation: Cleanup done
Event: 11.957 Executing VM operation: ICBufferFull
Event: 11.958 Executing VM operation: ICBufferFull done
Event: 12.217 Executing VM operation: HandshakeAllThreads
Event: 12.217 Executing VM operation: HandshakeAllThreads done
Event: 13.217 Executing VM operation: Cleanup
Event: 13.221 Executing VM operation: Cleanup done
Event: 15.221 Executing VM operation: Cleanup
Event: 15.221 Executing VM operation: Cleanup done
Event: 15.931 Executing VM operation: HandshakeAllThreads
Event: 15.931 Executing VM operation: HandshakeAllThreads done
Event: 15.940 Executing VM operation: HandshakeAllThreads
Event: 15.940 Executing VM operation: HandshakeAllThreads done
Event: 16.940 Executing VM operation: Cleanup
Event: 16.941 Executing VM operation: Cleanup done
Event: 17.941 Executing VM operation: Cleanup
Event: 17.941 Executing VM operation: Cleanup done
Event: 35.145 Executing VM operation: Exit

Events (20 events):
Event: 0.545 Loaded shared library C:\Program Files\Java\openjfx-19_windows-x64_bin-sdk\javafx-sdk-19\bin\glass.dll
Event: 0.548 Thread 0x000002558f8c6a10 Thread added: 0x000002558f8c6a10
Event: 0.553 Thread 0x00000255ff85f250 Thread added: 0x00000255ff85f250
Event: 0.656 Thread 0x000002558f933100 Thread added: 0x000002558f933100
Event: 0.657 Loaded shared library C:\Program Files\Java\jdk-18.0.2.1\bin\jimage.dll
Event: 0.698 Thread 0x000002558f933dd0 Thread added: 0x000002558f933dd0
Event: 0.905 Loaded shared library C:\Program Files\Java\openjfx-19_windows-x64_bin-sdk\javafx-sdk-19\bin\javafx_font.dll
Event: 1.424 Thread 0x000002558f8f4420 Thread added: 0x000002558f8f4420
Event: 1.752 Thread 0x000002558f8f7440 Thread added: 0x000002558f8f7440
Event: 1.946 Thread 0x00000255ff0bbc40 Thread exited: 0x00000255ff0bbc40
Event: 11.883 Thread 0x000002558f807fb0 Thread added: 0x000002558f807fb0
Event: 15.925 Thread 0x000002558f807fb0 Thread exited: 0x000002558f807fb0
Event: 17.015 Thread 0x000002558f807fb0 Thread added: 0x000002558f807fb0
Event: 22.093 Thread 0x000002558f807fb0 Thread exited: 0x000002558f807fb0
Event: 35.142 Thread 0x00000255ffa99610 Thread added: 0x00000255ffa99610
Event: 35.143 Thread 0x00000255ffa9b2f0 Thread added: 0x00000255ffa9b2f0
Event: 35.143 Thread 0x00000255ffa97e00 Thread added: 0x00000255ffa97e00
Event: 35.143 Thread 0x00000255ffa97e00 Thread exited: 0x00000255ffa97e00
Event: 35.145 Thread 0x00000255ffa9b2f0 Thread exited: 0x00000255ffa9b2f0
Event: 35.145 Thread 0x00000255fadc8080 Thread exited: 0x00000255fadc8080


Dynamic libraries:
0x00007ff691320000 - 0x00007ff691330000 	C:\Program Files\Java\jdk-18.0.2.1\bin\java.exe
0x00007ffba56f0000 - 0x00007ffba58e8000 	C:\Windows\SYSTEM32\ntdll.dll
0x00007ffba3d30000 - 0x00007ffba3ded000 	C:\Windows\System32\KERNEL32.DLL
0x00007ffba3060000 - 0x00007ffba332e000 	C:\Windows\System32\KERNELBASE.dll
0x00007ffba2f30000 - 0x00007ffba3030000 	C:\Windows\System32\ucrtbase.dll
0x00007ffb9e790000 - 0x00007ffb9e7a8000 	C:\Program Files\Java\jdk-18.0.2.1\bin\jli.dll
0x00007ffb9e760000 - 0x00007ffb9e77a000 	C:\Program Files\Java\jdk-18.0.2.1\bin\VCRUNTIME140.dll
0x00007ffba4230000 - 0x00007ffba42de000 	C:\Windows\System32\ADVAPI32.dll
0x00007ffba4de0000 - 0x00007ffba4e7e000 	C:\Windows\System32\msvcrt.dll
0x00007ffba4180000 - 0x00007ffba421c000 	C:\Windows\System32\sechost.dll
0x00007ffba3df0000 - 0x00007ffba3f15000 	C:\Windows\System32\RPCRT4.dll
0x00007ffba42e0000 - 0x00007ffba4480000 	C:\Windows\System32\USER32.dll
0x00007ffba3030000 - 0x00007ffba3052000 	C:\Windows\System32\win32u.dll
0x00007ffba4ef0000 - 0x00007ffba4f1a000 	C:\Windows\System32\GDI32.dll
0x00007ffba33c0000 - 0x00007ffba34cb000 	C:\Windows\System32\gdi32full.dll
0x00007ffba3550000 - 0x00007ffba35ed000 	C:\Windows\System32\msvcp_win.dll
0x00007ffb8dfa0000 - 0x00007ffb8e23a000 	C:\Windows\WinSxS\amd64_microsoft.windows.common-controls_6595b64144ccf1df_6.0.19041.1110_none_60b5254171f9507e\COMCTL32.dll
0x00007ffb9d0b0000 - 0x00007ffb9d0ba000 	C:\Windows\SYSTEM32\VERSION.dll
0x00007ffba38c0000 - 0x00007ffba38f0000 	C:\Windows\System32\IMM32.DLL
0x00007ffb9f4c0000 - 0x00007ffb9f4cc000 	C:\Program Files\Java\jdk-18.0.2.1\bin\vcruntime140_1.dll
0x00007ffb9e6a0000 - 0x00007ffb9e72d000 	C:\Program Files\Java\jdk-18.0.2.1\bin\msvcp140.dll
0x00007ffb431c0000 - 0x00007ffb43dd1000 	C:\Program Files\Java\jdk-18.0.2.1\bin\server\jvm.dll
0x00007ffba3f20000 - 0x00007ffba3f28000 	C:\Windows\System32\PSAPI.DLL
0x00007ffb8c640000 - 0x00007ffb8c649000 	C:\Windows\SYSTEM32\WSOCK32.dll
0x00007ffba4e80000 - 0x00007ffba4eeb000 	C:\Windows\System32\WS2_32.dll
0x00007ffb8e400000 - 0x00007ffb8e427000 	C:\Windows\SYSTEM32\WINMM.dll
0x00007ffba16a0000 - 0x00007ffba16b2000 	C:\Windows\SYSTEM32\kernel.appcore.dll
0x00007ffb9e750000 - 0x00007ffb9e75a000 	C:\Program Files\Java\jdk-18.0.2.1\bin\jimage.dll
0x00007ffba1480000 - 0x00007ffba1664000 	C:\Windows\SYSTEM32\DBGHELP.DLL
0x00007ffb89a50000 - 0x00007ffb89a7c000 	C:\Windows\SYSTEM32\dbgcore.DLL
0x00007ffba3330000 - 0x00007ffba33b2000 	C:\Windows\System32\bcryptPrimitives.dll
0x00007ffb9ddd0000 - 0x00007ffb9ddde000 	C:\Program Files\Java\jdk-18.0.2.1\bin\instrument.dll
0x00007ffb9e670000 - 0x00007ffb9e695000 	C:\Program Files\Java\jdk-18.0.2.1\bin\java.dll
0x00007ffb85e30000 - 0x00007ffb85f06000 	C:\Program Files\Java\jdk-18.0.2.1\bin\jsvml.dll
0x00007ffba4690000 - 0x00007ffba4dd4000 	C:\Windows\System32\SHELL32.dll
0x00007ffba0ce0000 - 0x00007ffba1474000 	C:\Windows\SYSTEM32\windows.storage.dll
0x00007ffba38f0000 - 0x00007ffba3c44000 	C:\Windows\System32\combase.dll
0x00007ffba2870000 - 0x00007ffba28a0000 	C:\Windows\SYSTEM32\Wldp.dll
0x00007ffba5600000 - 0x00007ffba56ad000 	C:\Windows\System32\SHCORE.dll
0x00007ffba4f20000 - 0x00007ffba4f75000 	C:\Windows\System32\shlwapi.dll
0x00007ffba2d50000 - 0x00007ffba2d6f000 	C:\Windows\SYSTEM32\profapi.dll
0x00007ffb9cdb0000 - 0x00007ffb9cdc3000 	C:\Program Files\Java\jdk-18.0.2.1\bin\net.dll
0x00007ffb905d0000 - 0x00007ffb906da000 	C:\Windows\SYSTEM32\WINHTTP.dll
0x00007ffba25d0000 - 0x00007ffba263a000 	C:\Windows\system32\mswsock.dll
0x00007ffb85e10000 - 0x00007ffb85e26000 	C:\Program Files\Java\jdk-18.0.2.1\bin\nio.dll
0x00007ffb9dbd0000 - 0x00007ffb9dbe8000 	C:\Program Files\Java\jdk-18.0.2.1\bin\zip.dll
0x00007ffb85df0000 - 0x00007ffb85e0a000 	C:\Program Files\JetBrains\IntelliJ IDEA Community Edition 2022.2.1\bin\breakgen64.dll
0x00000255ea6a0000 - 0x00000255ea6a3000 	C:\Program Files\Java\openjfx-19_windows-x64_bin-sdk\javafx-sdk-19\bin\api-ms-win-core-console-l1-1-0.dll
0x00000255ea6b0000 - 0x00000255ea6b3000 	C:\Program Files\Java\openjfx-19_windows-x64_bin-sdk\javafx-sdk-19\bin\api-ms-win-core-console-l1-2-0.dll
0x00000255ea6c0000 - 0x00000255ea6c3000 	C:\Program Files\Java\openjfx-19_windows-x64_bin-sdk\javafx-sdk-19\bin\api-ms-win-core-datetime-l1-1-0.dll
0x00000255ea6d0000 - 0x00000255ea6d3000 	C:\Program Files\Java\openjfx-19_windows-x64_bin-sdk\javafx-sdk-19\bin\api-ms-win-core-debug-l1-1-0.dll
0x00000255faf90000 - 0x00000255faf93000 	C:\Program Files\Java\openjfx-19_windows-x64_bin-sdk\javafx-sdk-19\bin\api-ms-win-core-errorhandling-l1-1-0.dll
0x00000255fafa0000 - 0x00000255fafa4000 	C:\Program Files\Java\openjfx-19_windows-x64_bin-sdk\javafx-sdk-19\bin\api-ms-win-core-file-l1-1-0.dll
0x00000255fafb0000 - 0x00000255fafb3000 	C:\Program Files\Java\openjfx-19_windows-x64_bin-sdk\javafx-sdk-19\bin\api-ms-win-core-file-l1-2-0.dll
0x00000255fafc0000 - 0x00000255fafc3000 	C:\Program Files\Java\openjfx-19_windows-x64_bin-sdk\javafx-sdk-19\bin\api-ms-win-core-file-l2-1-0.dll
0x00000255fafd0000 - 0x00000255fafd3000 	C:\Program Files\Java\openjfx-19_windows-x64_bin-sdk\javafx-sdk-19\bin\api-ms-win-core-handle-l1-1-0.dll
0x00000255fafe0000 - 0x00000255fafe3000 	C:\Program Files\Java\openjfx-19_windows-x64_bin-sdk\javafx-sdk-19\bin\api-ms-win-core-heap-l1-1-0.dll
0x00000255faff0000 - 0x00000255faff3000 	C:\Program Files\Java\openjfx-19_windows-x64_bin-sdk\javafx-sdk-19\bin\api-ms-win-core-interlocked-l1-1-0.dll
0x00000255ffc00000 - 0x00000255ffc03000 	C:\Program Files\Java\openjfx-19_windows-x64_bin-sdk\javafx-sdk-19\bin\api-ms-win-core-libraryloader-l1-1-0.dll
0x00000255ffc10000 - 0x00000255ffc13000 	C:\Program Files\Java\openjfx-19_windows-x64_bin-sdk\javafx-sdk-19\bin\api-ms-win-core-localization-l1-2-0.dll
0x00000255ffc20000 - 0x00000255ffc23000 	C:\Program Files\Java\openjfx-19_windows-x64_bin-sdk\javafx-sdk-19\bin\api-ms-win-core-memory-l1-1-0.dll
0x00000255ffc30000 - 0x00000255ffc33000 	C:\Program Files\Java\openjfx-19_windows-x64_bin-sdk\javafx-sdk-19\bin\api-ms-win-core-namedpipe-l1-1-0.dll
0x00000255ffc40000 - 0x00000255ffc43000 	C:\Program Files\Java\openjfx-19_windows-x64_bin-sdk\javafx-sdk-19\bin\api-ms-win-core-processenvironment-l1-1-0.dll
0x00000255ffc50000 - 0x00000255ffc53000 	C:\Program Files\Java\openjfx-19_windows-x64_bin-sdk\javafx-sdk-19\bin\api-ms-win-core-processthreads-l1-1-0.dll
0x00000255ffd70000 - 0x00000255ffd73000 	C:\Program Files\Java\openjfx-19_windows-x64_bin-sdk\javafx-sdk-19\bin\api-ms-win-core-processthreads-l1-1-1.dll
0x00000255ffc60000 - 0x00000255ffc63000 	C:\Program Files\Java\openjfx-19_windows-x64_bin-sdk\javafx-sdk-19\bin\api-ms-win-core-profile-l1-1-0.dll
0x00000255ffc70000 - 0x00000255ffc73000 	C:\Program Files\Java\openjfx-19_windows-x64_bin-sdk\javafx-sdk-19\bin\api-ms-win-core-rtlsupport-l1-1-0.dll
0x00000255ffc80000 - 0x00000255ffc83000 	C:\Program Files\Java\openjfx-19_windows-x64_bin-sdk\javafx-sdk-19\bin\api-ms-win-core-string-l1-1-0.dll
0x00000255ffc90000 - 0x00000255ffc93000 	C:\Program Files\Java\openjfx-19_windows-x64_bin-sdk\javafx-sdk-19\bin\api-ms-win-core-synch-l1-1-0.dll
0x00000255ffca0000 - 0x00000255ffca3000 	C:\Program Files\Java\openjfx-19_windows-x64_bin-sdk\javafx-sdk-19\bin\api-ms-win-core-synch-l1-2-0.dll
0x00000255ffcb0000 - 0x00000255ffcb3000 	C:\Program Files\Java\openjfx-19_windows-x64_bin-sdk\javafx-sdk-19\bin\api-ms-win-core-sysinfo-l1-1-0.dll
0x00000255ffcc0000 - 0x00000255ffcc3000 	C:\Program Files\Java\openjfx-19_windows-x64_bin-sdk\javafx-sdk-19\bin\api-ms-win-core-timezone-l1-1-0.dll
0x00000255ffcd0000 - 0x00000255ffcd3000 	C:\Program Files\Java\openjfx-19_windows-x64_bin-sdk\javafx-sdk-19\bin\api-ms-win-core-util-l1-1-0.dll
0x00000255ffce0000 - 0x00000255ffce3000 	C:\Program Files\Java\openjfx-19_windows-x64_bin-sdk\javafx-sdk-19\bin\api-ms-win-crt-conio-l1-1-0.dll
0x00000255ffcf0000 - 0x00000255ffcf4000 	C:\Program Files\Java\openjfx-19_windows-x64_bin-sdk\javafx-sdk-19\bin\api-ms-win-crt-convert-l1-1-0.dll
0x00000255ffd00000 - 0x00000255ffd03000 	C:\Program Files\Java\openjfx-19_windows-x64_bin-sdk\javafx-sdk-19\bin\api-ms-win-crt-environment-l1-1-0.dll
0x00000255ffd10000 - 0x00000255ffd13000 	C:\Program Files\Java\openjfx-19_windows-x64_bin-sdk\javafx-sdk-19\bin\api-ms-win-crt-filesystem-l1-1-0.dll
0x00000255ffd20000 - 0x00000255ffd23000 	C:\Program Files\Java\openjfx-19_windows-x64_bin-sdk\javafx-sdk-19\bin\api-ms-win-crt-heap-l1-1-0.dll
0x00000255ffd30000 - 0x00000255ffd33000 	C:\Program Files\Java\openjfx-19_windows-x64_bin-sdk\javafx-sdk-19\bin\api-ms-win-crt-locale-l1-1-0.dll
0x00000255ffd40000 - 0x00000255ffd45000 	C:\Program Files\Java\openjfx-19_windows-x64_bin-sdk\javafx-sdk-19\bin\api-ms-win-crt-math-l1-1-0.dll
0x00000255ffd50000 - 0x00000255ffd55000 	C:\Program Files\Java\openjfx-19_windows-x64_bin-sdk\javafx-sdk-19\bin\api-ms-win-crt-multibyte-l1-1-0.dll
0x00000255ffd60000 - 0x00000255ffd70000 	C:\Program Files\Java\openjfx-19_windows-x64_bin-sdk\javafx-sdk-19\bin\api-ms-win-crt-private-l1-1-0.dll
0x00000255ffd80000 - 0x00000255ffd83000 	C:\Program Files\Java\openjfx-19_windows-x64_bin-sdk\javafx-sdk-19\bin\api-ms-win-crt-process-l1-1-0.dll
0x00000255ffd90000 - 0x00000255ffd94000 	C:\Program Files\Java\openjfx-19_windows-x64_bin-sdk\javafx-sdk-19\bin\api-ms-win-crt-runtime-l1-1-0.dll
0x00000255ffda0000 - 0x00000255ffda4000 	C:\Program Files\Java\openjfx-19_windows-x64_bin-sdk\javafx-sdk-19\bin\api-ms-win-crt-stdio-l1-1-0.dll
0x00000255ffed0000 - 0x00000255ffed4000 	C:\Program Files\Java\openjfx-19_windows-x64_bin-sdk\javafx-sdk-19\bin\api-ms-win-crt-string-l1-1-0.dll
0x00000255ffdb0000 - 0x00000255ffdb3000 	C:\Program Files\Java\openjfx-19_windows-x64_bin-sdk\javafx-sdk-19\bin\api-ms-win-crt-time-l1-1-0.dll
0x00000255ffdc0000 - 0x00000255ffdc3000 	C:\Program Files\Java\openjfx-19_windows-x64_bin-sdk\javafx-sdk-19\bin\api-ms-win-crt-utility-l1-1-0.dll
0x00007ffb3ec90000 - 0x00007ffb3ed8c000 	C:\Program Files\Java\openjfx-19_windows-x64_bin-sdk\javafx-sdk-19\bin\ucrtbase.dll
0x00007ffb81a50000 - 0x00007ffb81a6b000 	C:\Program Files\Java\openjfx-19_windows-x64_bin-sdk\javafx-sdk-19\bin\vcruntime140.dll
0x00007ffb8c460000 - 0x00007ffb8c46c000 	C:\Program Files\Java\openjfx-19_windows-x64_bin-sdk\javafx-sdk-19\bin\vcruntime140_1.dll
0x00007ffb46af0000 - 0x00007ffb46b7e000 	C:\Program Files\Java\openjfx-19_windows-x64_bin-sdk\javafx-sdk-19\bin\msvcp140.dll
0x00007ffb8bb40000 - 0x00007ffb8bb49000 	C:\Program Files\Java\openjfx-19_windows-x64_bin-sdk\javafx-sdk-19\bin\msvcp140_1.dll
0x00007ffb7d380000 - 0x00007ffb7d3b0000 	C:\Program Files\Java\openjfx-19_windows-x64_bin-sdk\javafx-sdk-19\bin\msvcp140_2.dll
0x00007ffb7d350000 - 0x00007ffb7d37c000 	C:\Program Files\Java\openjfx-19_windows-x64_bin-sdk\javafx-sdk-19\bin\prism_d3d.dll
0x00007ffb91370000 - 0x00007ffb9153f000 	C:\Windows\system32\d3d9.dll
0x00007ffba0560000 - 0x00007ffba058f000 	C:\Windows\SYSTEM32\dwmapi.dll
0x00007ffba02d0000 - 0x00007ffba036e000 	C:\Windows\system32\uxtheme.dll
0x00007ffb3d250000 - 0x00007ffb3d3b5000 	C:\Windows\System32\DriverStore\FileRepository\72_lenovo_kabylake_hws_iigd_dch.inf_amd64_d630775471e98fa9\igdumdim64.dll
0x00007ffba4050000 - 0x00007ffba417a000 	C:\Windows\System32\ole32.dll
0x00007ffb35890000 - 0x00007ffb3a299000 	C:\Windows\System32\DriverStore\FileRepository\72_lenovo_kabylake_hws_iigd_dch.inf_amd64_d630775471e98fa9\igd9dxva64.dll
0x00007ffba5530000 - 0x00007ffba55fd000 	C:\Windows\System32\OLEAUT32.dll
0x00007ffba5030000 - 0x00007ffba549f000 	C:\Windows\System32\SETUPAPI.dll
0x00007ffba3500000 - 0x00007ffba354e000 	C:\Windows\System32\cfgmgr32.dll
0x00007ffba34d0000 - 0x00007ffba34f7000 	C:\Windows\System32\bcrypt.dll
0x00007ffb95970000 - 0x00007ffb95ca1000 	C:\Windows\System32\DriverStore\FileRepository\72_lenovo_kabylake_hws_iigd_dch.inf_amd64_d630775471e98fa9\igdgmm64.dll
0x00007ffb4bf30000 - 0x00007ffb4bf72000 	C:\Program Files\Java\openjfx-19_windows-x64_bin-sdk\javafx-sdk-19\bin\glass.dll
0x00007ffba37d0000 - 0x00007ffba38aa000 	C:\Windows\System32\COMDLG32.dll
0x00007ffba3f30000 - 0x00007ffba4045000 	C:\Windows\System32\MSCTF.dll
0x00007ffb8c320000 - 0x00007ffb8c347000 	C:\Windows\System32\DriverStore\FileRepository\72_lenovo_kabylake_hws_iigd_dch.inf_amd64_d630775471e98fa9\igdinfo64.dll
0x00007ffba27c0000 - 0x00007ffba27d8000 	C:\Windows\SYSTEM32\CRYPTSP.dll
0x00007ffba1ee0000 - 0x00007ffba1f14000 	C:\Windows\system32\rsaenh.dll
0x00007ffba27e0000 - 0x00007ffba27ec000 	C:\Windows\SYSTEM32\CRYPTBASE.dll
0x00007ffb91b30000 - 0x00007ffb9486c000 	C:\Windows\System32\DriverStore\FileRepository\72_lenovo_kabylake_hws_iigd_dch.inf_amd64_d630775471e98fa9\igc64.dll
0x00007ffb97d20000 - 0x00007ffb97d5b000 	C:\Windows\SYSTEM32\dxcore.dll
0x00007ffb81a10000 - 0x00007ffb81a24000 	C:\Program Files\Java\openjfx-19_windows-x64_bin-sdk\javafx-sdk-19\bin\javafx_font.dll
0x00007ffb90350000 - 0x00007ffb905cf000 	C:\Windows\SYSTEM32\dwrite.dll
0x00007ffba4f80000 - 0x00007ffba5029000 	C:\Windows\System32\clbcatq.dll
0x00007ffb9b2b0000 - 0x00007ffb9b464000 	C:\Windows\SYSTEM32\WindowsCodecs.dll
0x00007ffb73160000 - 0x00007ffb7319e000 	C:\Windows\system32\dataexchange.dll
0x00007ffb9e7c0000 - 0x00007ffb9ea23000 	C:\Windows\system32\d3d11.dll
0x00007ffb9f690000 - 0x00007ffb9f874000 	C:\Windows\system32\dcomp.dll
0x00007ffba1710000 - 0x00007ffba1803000 	C:\Windows\system32\dxgi.dll
0x00007ffb9b6f0000 - 0x00007ffb9b8f0000 	C:\Windows\system32\twinapi.appcore.dll
0x00007ffb45f00000 - 0x00007ffb45f34000 	C:\Program Files\Common Files\Microsoft Shared\Ink\rtscom.dll
0x00007ffb95e10000 - 0x00007ffb95f09000 	C:\Windows\SYSTEM32\textinputframework.dll
0x00007ffb9ff60000 - 0x00007ffba0052000 	C:\Windows\System32\CoreMessaging.dll
0x00007ffb9fc00000 - 0x00007ffb9ff5e000 	C:\Windows\System32\CoreUIComponents.dll

dbghelp: loaded successfully - version: 4.0.5 - missing functions: none
symbol engine: initialized successfully - sym options: 0x614 - pdb path: .;C:\Program Files\Java\jdk-18.0.2.1\bin;C:\Windows\SYSTEM32;C:\Windows\WinSxS\amd64_microsoft.windows.common-controls_6595b64144ccf1df_6.0.19041.1110_none_60b5254171f9507e;C:\Program Files\Java\jdk-18.0.2.1\bin\server;C:\Program Files\JetBrains\IntelliJ IDEA Community Edition 2022.2.1\bin;C:\Program Files\Java\openjfx-19_windows-x64_bin-sdk\javafx-sdk-19\bin;C:\Windows\System32\DriverStore\FileRepository\72_lenovo_kabylake_hws_iigd_dch.inf_amd64_d630775471e98fa9;C:\Program Files\Common Files\Microsoft Shared\Ink

VM Arguments:
jvm_args: --module-path=C:/Program Files/Java/openjfx-19_windows-x64_bin-sdk/javafx-sdk-19/lib --add-modules=javafx.controls,javafx.fxml -javaagent:C:\Program Files\JetBrains\IntelliJ IDEA Community Edition 2022.2.1\lib\idea_rt.jar=57914:C:\Program Files\JetBrains\IntelliJ IDEA Community Edition 2022.2.1\bin -Dfile.encoding=UTF-8 -Dsun.stdout.encoding=UTF-8 -Dsun.stderr.encoding=UTF-8 
java_command: Client
java_class_path (initial): E:\prog 5\\kurs\out\production\Client;C:\Program Files\Java\openjfx-19_windows-x64_bin-sdk\javafx-sdk-19\lib\javafx-swt.jar;C:\Program Files\Java\openjfx-19_windows-x64_bin-sdk\javafx-sdk-19\lib\javafx.web.jar;C:\Program Files\Java\openjfx-19_windows-x64_bin-sdk\javafx-sdk-19\lib\javafx.base.jar;C:\Program Files\Java\openjfx-19_windows-x64_bin-sdk\javafx-sdk-19\lib\javafx.fxml.jar;C:\Program Files\Java\openjfx-19_windows-x64_bin-sdk\javafx-sdk-19\lib\javafx.media.jar;C:\Program Files\Java\openjfx-19_windows-x64_bin-sdk\javafx-sdk-19\lib\javafx.swing.jar;C:\Program Files\Java\openjfx-19_windows-x64_bin-sdk\javafx-sdk-19\lib\javafx.controls.jar;C:\Program Files\Java\openjfx-19_windows-x64_bin-sdk\javafx-sdk-19\lib\javafx.graphics.jar;C:\Users\\Downloads\mysql-connector-java-8.0.26.jar;E:\prog 5\\kurs\out\production\kurs;C:\Program Files\Java\jdk-18.0.2.1\lib\jrt-fs.jar
Launcher Type: SUN_STANDARD

[Global flags]
     intx CICompilerCount                          = 3                                         {product} {ergonomic}
     uint ConcGCThreads                            = 1                                         {product} {ergonomic}
     uint G1ConcRefinementThreads                  = 4                                         {product} {ergonomic}
   size_t G1HeapRegionSize                         = 1048576                                   {product} {ergonomic}
    uintx GCDrainStackTargetSize                   = 64                                        {product} {ergonomic}
   size_t InitialHeapSize                          = 134217728                                 {product} {ergonomic}
   size_t MarkStackSize                            = 4194304                                   {product} {ergonomic}
   size_t MaxHeapSize                              = 2116026368                                {product} {ergonomic}
   size_t MaxNewSize                               = 1268776960                                {product} {ergonomic}
   size_t MinHeapDeltaBytes                        = 1048576                                   {product} {ergonomic}
   size_t MinHeapSize                              = 8388608                                   {product} {ergonomic}
    uintx NonNMethodCodeHeapSize                   = 5832780                                {pd product} {ergonomic}
    uintx NonProfiledCodeHeapSize                  = 122912730                              {pd product} {ergonomic}
    uintx ProfiledCodeHeapSize                     = 122912730                              {pd product} {ergonomic}
    uintx ReservedCodeCacheSize                    = 251658240                              {pd product} {ergonomic}
     bool SegmentedCodeCache                       = true                                      {product} {ergonomic}
   size_t SoftMaxHeapSize                          = 2116026368                             {manageable} {ergonomic}
     bool UseCompressedClassPointers               = true                           {product lp64_product} {ergonomic}
     bool UseCompressedOops                        = true                           {product lp64_product} {ergonomic}
     bool UseG1GC                                  = true                                      {product} {ergonomic}
     bool UseLargePagesIndividualAllocation        = false                                  {pd product} {ergonomic}

Logging:
Log output configuration:
 #0: stdout all=off uptime,level,tags foldmultilines=false
 #1: stderr all=off uptime,level,tags foldmultilines=false

Environment Variables:
PATH=C:\Program Files\Common Files\Oracle\Java\javapath;C:\Program Files (x86)\Common Files\Oracle\Java\javapath;C:\Windows\system32;C:\Windows;C:\Windows\System32\Wbem;C:\Windows\System32\WindowsPowerShell\v1.0\;C:\Windows\System32\OpenSSH\;C:\Program Files (x86)\NVIDIA Corporation\PhysX\Common;C:\Program Files\NVIDIA Corporation\NVIDIA NvDLISR;C:\Program Files\Azure Data Studio\bin;C:\Program Files\MySQL\MySQL Shell 8.0\bin\;C:\Users\\AppData\Local\Microsoft\WindowsApps;;C:\Program Files\Azure Data Studio\bin
USERNAME=
OS=Windows_NT
PROCESSOR_IDENTIFIER=Intel64 Family 6 Model 142 Stepping 9, GenuineIntel



---------------  S Y S T E M  ---------------

OS:
 Windows 10 , 64 bit Build 19041 (10.0.19041.1806)
OS uptime: 0 days 3:11 hours

CPU: total 4 (initial active 4) (2 cores per cpu, 2 threads per core) family 6 model 142 stepping 9 microcode 0xd6, cx8, cmov, fxsr, ht, mmx, 3dnowpref, sse, sse2, sse3, ssse3, sse4.1, sse4.2, popcnt, lzcnt, tsc, tscinvbit, avx, avx2, aes, erms, clmul, bmi1, bmi2, adx, fma, vzeroupper, clflush, clflushopt

Memory: 4k page, system-wide physical 8066M (1586M free)
TotalPageFile size 14466M (AvailPageFile size 5188M)
current process WorkingSet (physical memory assigned to process): 195M, peak: 208M
current process commit charge ("private bytes"): 298M, peak: 313M

vm_info: Java HotSpot(TM) 64-Bit Server VM (18.0.2.1+1-1) for windows-amd64 JRE (18.0.2.1+1-1), built on Aug 16 2022 01:46:33 by "mach5one" with MS VC++ 16.8 / 16.9 (VS2019)

END.
