#
# A fatal error has been detected by the Java Runtime Environment:
#
#  EXCEPTION_ACCESS_VIOLATION (0xc0000005) at pc=0x00007ffe883e63b7, pid=2032, tid=1296
#
# JRE version: Java(TM) SE Runtime Environment (18.0.2.1+1) (build 18.0.2.1+1-1)
# Java VM: Java HotSpot(TM) 64-Bit Server VM (18.0.2.1+1-1, mixed mode, sharing, tiered, compressed oops, compressed class ptrs, g1 gc, windows-amd64)
# Problematic frame:
# C  [glass.dll+0x263b7]
#
# No core dump will be written. Minidumps are not enabled by default on client versions of Windows
#
# If you would like to submit a bug report, please visit:
#   https://bugreport.java.com/bugreport/crash.jsp
#

---------------  S U M M A R Y ------------

Command Line: --module-path=C:/Program Files/Java/openjfx-19_windows-x64_bin-sdk/javafx-sdk-19/lib --add-modules=javafx.controls,javafx.fxml -javaagent:C:\Program Files\JetBrains\IntelliJ IDEA Community Edition 2022.2.1\lib\idea_rt.jar=60059:C:\Program Files\JetBrains\IntelliJ IDEA Community Edition 2022.2.1\bin -Dfile.encoding=UTF-8 -Dsun.stdout.encoding=UTF-8 -Dsun.stderr.encoding=UTF-8 Client

Host: Intel(R) Core(TM) i3-7130U CPU @ 2.70GHz, 4 cores, 7G,  Windows 10 , 64 bit Build 19041 (10.0.19041.2251)
Time: Wed Dec  7 16:51:12 2022  Windows 10 , 64 bit Build 19041 (10.0.19041.2251) elapsed time: 19.894247 seconds (0d 0h 0m 19s)

---------------  T H R E A D  ---------------

Current thread (0x00000244b7107e70):  VMThread "VM Thread" [stack: 0x000000d542300000,0x000000d542400000] [id=1296]

Stack: [0x000000d542300000,0x000000d542400000],  sp=0x000000d5423ff050,  free space=1020k
Native frames: (J=compiled Java code, j=interpreted, Vv=VM code, C=native code)
C  [glass.dll+0x263b7]


siginfo: EXCEPTION_ACCESS_VIOLATION (0xc0000005), reading address 0x0000000000000000


Register to memory mapping:

RIP=0x00007ffe883e63b7 glass.dll
RAX=0x0 is NULL
RBX=0x00000244b7118268 is a global jni handle
RCX=0x00000244b7107e70 points into unknown readable memory: 0x00007ffe4d87ea28 | 28 ea 87 4d fe 7f 00 00
RDX=0x000000d5423ff050 points into unknown readable memory: 0x0000000000000000 | 00 00 00 00 00 00 00 00
RSP=0x000000d5423ff050 points into unknown readable memory: 0x0000000000000000 | 00 00 00 00 00 00 00 00
RBP=0x00000244bbf9de58 points into unknown readable memory: 0x0000cfb9f3000f31 | 31 0f 00 f3 b9 cf 00 00
RSI=0x00000244bbf9de30 points into unknown readable memory: 0x7010cfb90cfd1f4d | 4d 1f fd 0c b9 cf 10 70
RDI=0x0000cfb9f3000f31 is an unknown value
R8 =0x0000000000010002 is an unknown value
R9 =0x0000cfb9f3000f31 is an unknown value
R10=0x0000000000008000 is an unknown value
R11=0x000000d5423fefe0 points into unknown readable memory: 0x00000244bbf9de30 | 30 de f9 bb 44 02 00 00
R12=0x00007ffe883e3cf0 glass.dll
R13=0x00007ffe4da40c00 jvm.dll
R14=0x000000d5423ff148 points into unknown readable memory: 0x000000d5423ff130 | 30 f1 3f 42 d5 00 00 00
R15=0x00000244bbf9de30 points into unknown readable memory: 0x7010cfb90cfd1f4d | 4d 1f fd 0c b9 cf 10 70


Registers:
RAX=0x0000000000000000, RBX=0x00000244b7118268, RCX=0x00000244b7107e70, RDX=0x000000d5423ff050
RSP=0x000000d5423ff050, RBP=0x00000244bbf9de58, RSI=0x00000244bbf9de30, RDI=0x0000cfb9f3000f31
R8 =0x0000000000010002, R9 =0x0000cfb9f3000f31, R10=0x0000000000008000, R11=0x000000d5423fefe0
R12=0x00007ffe883e3cf0, R13=0x00007ffe4da40c00, R14=0x000000d5423ff148, R15=0x00000244bbf9de30
RIP=0x00007ffe883e63b7, EFLAGS=0x0000000000010206

Top of Stack: (sp=0x000000d5423ff050)
0x000000d5423ff050:   0000000000000000 00000244bbf9de30
0x000000d5423ff060:   00007ffe4da40c00 00007ffe883e3cf0
0x000000d5423ff070:   00000244bbf9de38 00007ffeb03842d6
0x000000d5423ff080:   0000cfb9f3000f31 0000024400000000
0x000000d5423ff090:   00000244bbf9de58 00000244bbf9de30
0x000000d5423ff0a0:   fffffffffffffffe 0000000000000000
0x000000d5423ff0b0:   0000000000000001 00007ffe883c0000
0x000000d5423ff0c0:   000000d5423ff138 00007ffeb03841fb
0x000000d5423ff0d0:   0000000000000000 000000d5423ff148
0x000000d5423ff0e0:   000000d5423ff410 00007ffeb0460e40
0x000000d5423ff0f0:   0000000000000001 00007ffeb03841b4
0x000000d5423ff100:   0000000000000000 0000000000000001
0x000000d5423ff110:   00007ffe00000001 000000d5423ff138
0x000000d5423ff120:   0000000000000000 00007ffe883e3b7d
0x000000d5423ff130:   00007ffe883f9f88 00007ffe00000002
0x000000d5423ff140:   0000000000000002 000000d5423ff130 

Instructions: (pc=0x00007ffe883e63b7)
0x00007ffe883e62b7:   8b 4d 58 e8 7d cf ff ff 48 8b 4d 60 e8 74 cf ff
0x00007ffe883e62c7:   ff 48 8b 95 80 00 00 00 48 8b 8d 18 01 00 00 e8
0x00007ffe883e62d7:   66 c4 ff ff 33 d2 33 c9 e8 bc e1 ff ff 90 48 89
0x00007ffe883e62e7:   54 24 10 55 48 83 ec 20 48 8b ea 48 b8 00 00 00
0x00007ffe883e62f7:   00 00 00 00 00 48 83 c4 20 5d c3 cc 40 55 48 8b
0x00007ffe883e6307:   ea 48 8b 01 33 c9 81 38 05 00 00 c0 0f 94 c1 8b
0x00007ffe883e6317:   c1 5d c3 cc 40 55 48 83 ec 20 48 8b ea 8a 4d 40
0x00007ffe883e6327:   48 83 c4 20 5d e9 63 d3 ff ff cc 40 55 48 83 ec
0x00007ffe883e6337:   20 48 8b ea 8a 4d 20 e8 51 d3 ff ff 90 48 83 c4
0x00007ffe883e6347:   20 5d c3 cc 40 55 48 83 ec 20 48 8b ea 48 83 c4
0x00007ffe883e6357:   20 5d e9 b2 d1 ff ff cc 40 55 48 83 ec 30 48 8b
0x00007ffe883e6367:   ea 48 8b 01 8b 10 48 89 4c 24 28 89 54 24 20 4c
0x00007ffe883e6377:   8d 0d 53 d6 ff ff 4c 8b 45 70 8b 55 68 48 8b 4d
0x00007ffe883e6387:   60 e8 f3 d0 ff ff 90 48 83 c4 30 5d c3 cc cc cc
0x00007ffe883e6397:   cc cc cc cc cc cc cc cc cc 40 53 48 83 ec 20 48
0x00007ffe883e63a7:   8b 1d db 35 01 00 48 85 db 74 16 e8 79 8b ff ff
0x00007ffe883e63b7:   4c 8b 00 48 8b d3 48 8b c8 41 ff 90 b0 00 00 00
0x00007ffe883e63c7:   90 48 83 c4 20 5b c3 cc cc 40 53 48 83 ec 20 48
0x00007ffe883e63d7:   8b 1d 4b 37 01 00 48 85 db 74 57 b8 ff ff ff ff
0x00007ffe883e63e7:   f0 0f c1 43 10 83 f8 01 75 3d 48 85 db 74 38 48
0x00007ffe883e63f7:   8b 0b 48 85 c9 74 0d ff 15 a4 0e 00 00 48 c7 03
0x00007ffe883e6407:   00 00 00 00 48 8b 4b 08 48 85 c9 74 0d e8 23 ce
0x00007ffe883e6417:   ff ff 48 c7 43 08 00 00 00 00 ba 18 00 00 00 48
0x00007ffe883e6427:   8b cb e8 0e ce ff ff 48 c7 05 ef 36 01 00 00 00
0x00007ffe883e6437:   00 00 48 83 c4 20 5b c3 cc 40 53 48 83 ec 20 48
0x00007ffe883e6447:   8b 1d bb 36 01 00 48 85 db 74 57 b8 ff ff ff ff
0x00007ffe883e6457:   f0 0f c1 43 10 83 f8 01 75 3d 48 85 db 74 38 48
0x00007ffe883e6467:   8b 0b 48 85 c9 74 0d ff 15 34 0e 00 00 48 c7 03
0x00007ffe883e6477:   00 00 00 00 48 8b 4b 08 48 85 c9 74 0d e8 b3 cd
0x00007ffe883e6487:   ff ff 48 c7 43 08 00 00 00 00 ba 18 00 00 00 48
0x00007ffe883e6497:   8b cb e8 9e cd ff ff 48 c7 05 5f 36 01 00 00 00
0x00007ffe883e64a7:   00 00 48 83 c4 20 5b c3 cc 40 53 48 83 ec 20 48 


Stack slot to memory mapping:
stack at sp + 0 slots: 0x0 is NULL
stack at sp + 1 slots: 0x00000244bbf9de30 points into unknown readable memory: 0x7010cfb90cfd1f4d | 4d 1f fd 0c b9 cf 10 70
stack at sp + 2 slots: 0x00007ffe4da40c00 jvm.dll
stack at sp + 3 slots: 0x00007ffe883e3cf0 glass.dll
stack at sp + 4 slots: 0x00000244bbf9de38 points into unknown readable memory: 0x0000cfb9f3000f31 | 31 0f 00 f3 b9 cf 00 00
stack at sp + 5 slots: 0x00007ffeb03842d6 ucrtbase.dll
stack at sp + 6 slots: 0x0000cfb9f3000f31 is an unknown value
stack at sp + 7 slots: 0x0000024400000000 is an unknown value

VM_Operation (0x000000d5442ff1a0): Exit, mode: safepoint, requested by thread 0x00000244bba76830


---------------  P R O C E S S  ---------------

Threads class SMR info:
_java_thread_list=0x00000244bbfeaaa0, length=21, elements={
0x000002449983fca0, 0x00000244b710b520, 0x00000244b710c090, 0x00000244b712bba0,
0x00000244b712c450, 0x00000244b712e4b0, 0x00000244b712eea0, 0x00000244b7130b00,
0x00000244b71399d0, 0x00000244b7143f10, 0x00000244bb418830, 0x00000244bb5504d0,
0x00000244bbe9fd80, 0x00000244bbfb33d0, 0x00000244bbeafe40, 0x00000244bbeb0780,
0x00000244bc23a7e0, 0x00000244bc251e40, 0x00000244bc46a210, 0x00000244bc4693a0,
0x00000244bba76830
}

Java Threads: ( => current thread )
  0x000002449983fca0 JavaThread "main" [_thread_blocked, id=11220, stack(0x000000d541d00000,0x000000d541e00000)]
  0x00000244b710b520 JavaThread "Reference Handler" daemon [_thread_blocked, id=3532, stack(0x000000d542400000,0x000000d542500000)]
  0x00000244b710c090 JavaThread "Finalizer" daemon [_thread_blocked, id=10348, stack(0x000000d542500000,0x000000d542600000)]
  0x00000244b712bba0 JavaThread "Signal Dispatcher" daemon [_thread_blocked, id=6672, stack(0x000000d542600000,0x000000d542700000)]
  0x00000244b712c450 JavaThread "Attach Listener" daemon [_thread_blocked, id=2240, stack(0x000000d542700000,0x000000d542800000)]
  0x00000244b712e4b0 JavaThread "Service Thread" daemon [_thread_blocked, id=6936, stack(0x000000d542800000,0x000000d542900000)]
  0x00000244b712eea0 JavaThread "Monitor Deflation Thread" daemon [_thread_blocked, id=10616, stack(0x000000d542900000,0x000000d542a00000)]
  0x00000244b7130b00 JavaThread "C2 CompilerThread0" daemon [_thread_blocked, id=2968, stack(0x000000d542a00000,0x000000d542b00000)]
  0x00000244b71399d0 JavaThread "C1 CompilerThread0" daemon [_thread_blocked, id=6632, stack(0x000000d542b00000,0x000000d542c00000)]
  0x00000244b7143f10 JavaThread "Sweeper thread" daemon [_thread_blocked, id=7388, stack(0x000000d542c00000,0x000000d542d00000)]
  0x00000244bb418830 JavaThread "Common-Cleaner" daemon [_thread_blocked, id=1372, stack(0x000000d542d00000,0x000000d542e00000)]
  0x00000244bb5504d0 JavaThread "Monitor Ctrl-Break" daemon [_thread_in_native, id=10020, stack(0x000000d542f00000,0x000000d543000000)]
  0x00000244bbe9fd80 JavaThread "Notification Thread" daemon [_thread_blocked, id=10984, stack(0x000000d543000000,0x000000d543100000)]
  0x00000244bbfb33d0 JavaThread "QuantumRenderer-0" daemon [_thread_blocked, id=8972, stack(0x000000d543200000,0x000000d543300000)]
  0x00000244bbeafe40 JavaThread "InvokeLaterDispatcher" daemon [_thread_blocked, id=8788, stack(0x000000d543400000,0x000000d543500000)]
  0x00000244bbeb0780 JavaThread "JavaFX Application Thread" [_thread_in_native, id=5716, stack(0x000000d543500000,0x000000d543600000)]
  0x00000244bc23a7e0 JavaThread "Thread-1" daemon [_thread_in_native, id=7004, stack(0x000000d543c00000,0x000000d543d00000)]
  0x00000244bc251e40 JavaThread "JavaFX-Launcher" [_thread_blocked, id=4660, stack(0x000000d543d00000,0x000000d543e00000)]
  0x00000244bc46a210 JavaThread "Prism Font Disposer" daemon [_thread_blocked, id=8796, stack(0x000000d542e00000,0x000000d542f00000)]
  0x00000244bc4693a0 JavaThread "Cleaner-0" daemon [_thread_blocked, id=9036, stack(0x000000d544100000,0x000000d544200000)]
  0x00000244bba76830 JavaThread "SIGINT handler" daemon [_thread_blocked, id=9044, stack(0x000000d544200000,0x000000d544300000)]

Other Threads:
=>0x00000244b7107e70 VMThread "VM Thread" [stack: 0x000000d542300000,0x000000d542400000] [id=1296]
  0x000002449989e080 WorkerThread "GC Thread#0" [stack: 0x000000d541e00000,0x000000d541f00000] [id=9932]
  0x00000244bbc9fdd0 WorkerThread "GC Thread#1" [stack: 0x000000d543600000,0x000000d543700000] [id=5296]
  0x00000244bbd3c250 WorkerThread "GC Thread#2" [stack: 0x000000d543700000,0x000000d543800000] [id=8368]
  0x00000244bbd3f630 WorkerThread "GC Thread#3" [stack: 0x000000d543800000,0x000000d543900000] [id=10632]
  0x00000244998b0b20 ConcurrentGCThread "G1 Main Marker" terminated
  0x00000244998b2430 WorkerThread "G1 Conc#0" [stack: 0x000000d542000000,0x000000d542100000] [id=2628]
  0x00000244998efc70 ConcurrentGCThread "G1 Refine#0" terminated
  0x00000244998f0490 ConcurrentGCThread "G1 Service" terminated

Threads with active compile tasks:

VM state: at safepoint (shutting down)

VM Mutex/Monitor currently owned by a thread:  ([mutex/lock_event])
[0x000002449983d3b0] Threads_lock - owner thread: 0x00000244b7107e70
[0x000002449983ebe0] Heap_lock - owner thread: 0x00000244bba76830

Heap address: 0x0000000081e00000, size: 2018 MB, Compressed Oops mode: 32-bit

CDS archive(s) mapped at: [0x0000000800000000-0x0000000800ba0000-0x0000000800ba0000), size 12189696, SharedBaseAddress: 0x0000000800000000, ArchiveRelocationMode: 0.
Compressed class space mapped at: 0x0000000800c00000-0x0000000840c00000, reserved size: 1073741824
Narrow klass base: 0x0000000800000000, Narrow klass shift: 0, Narrow klass range: 0x100000000

GC Precious Log:
 CardTable entry size: 512
 Card Set container configuration: InlinePtr #cards 5 size 8 Array Of Cards #cards 12 size 40 Howl #buckets 4 coarsen threshold 1843 Howl Bitmap #cards 512 size 80 coarsen threshold 460 Card regions per heap region 1 cards per card region 2048
 CPUs: 4 total, 4 available
 Memory: 8066M
 Large Page Support: Disabled
 NUMA Support: Disabled
 Compressed Oops: Enabled (32-bit)
 Heap Region Size: 1M
 Heap Min Capacity: 8M
 Heap Initial Capacity: 128M
 Heap Max Capacity: 2018M
 Pre-touch: Disabled
 Parallel Workers: 4
 Concurrent Workers: 1
 Concurrent Refinement Workers: 4
 Periodic GC: Disabled

Heap:
 garbage-first heap   total 131072K, used 50101K [0x0000000081e00000, 0x0000000100000000)
  region size 1024K, 46 young (47104K), 3 survivors (3072K)
 Metaspace       used 18599K, committed 18944K, reserved 1114112K
  class space    used 2717K, committed 2880K, reserved 1048576K

Heap Regions: E=young(eden), S=young(survivor), O=old, HS=humongous(starts), HC=humongous(continues), CS=collection set, F=free, OA=open archive, CA=closed archive, TAMS=top-at-mark-start (previous, next)
|   0|0x0000000081e00000, 0x0000000081f00000, 0x0000000081f00000|100%| O|  |TAMS 0x0000000081e00000, 0x0000000081e00000| Untracked 
|   1|0x0000000081f00000, 0x0000000082000000, 0x0000000082000000|100%| O|  |TAMS 0x0000000081f00000, 0x0000000081f00000| Untracked 
|   2|0x0000000082000000, 0x0000000082013200, 0x0000000082100000|  7%| O|  |TAMS 0x0000000082000000, 0x0000000082000000| Untracked 
|   3|0x0000000082100000, 0x0000000082200000, 0x0000000082200000|100%|HS|  |TAMS 0x0000000082100000, 0x0000000082100000| Complete 
|   4|0x0000000082200000, 0x0000000082300000, 0x0000000082300000|100%|HC|  |TAMS 0x0000000082200000, 0x0000000082200000| Complete 
|   5|0x0000000082300000, 0x0000000082300000, 0x0000000082400000|  0%| F|  |TAMS 0x0000000082300000, 0x0000000082300000| Untracked 
|   6|0x0000000082400000, 0x0000000082400000, 0x0000000082500000|  0%| F|  |TAMS 0x0000000082400000, 0x0000000082400000| Untracked 
|   7|0x0000000082500000, 0x0000000082500000, 0x0000000082600000|  0%| F|  |TAMS 0x0000000082500000, 0x0000000082500000| Untracked 
|   8|0x0000000082600000, 0x0000000082600000, 0x0000000082700000|  0%| F|  |TAMS 0x0000000082600000, 0x0000000082600000| Untracked 
|   9|0x0000000082700000, 0x0000000082700000, 0x0000000082800000|  0%| F|  |TAMS 0x0000000082700000, 0x0000000082700000| Untracked 
|  10|0x0000000082800000, 0x0000000082800000, 0x0000000082900000|  0%| F|  |TAMS 0x0000000082800000, 0x0000000082800000| Untracked 
|  11|0x0000000082900000, 0x0000000082900000, 0x0000000082a00000|  0%| F|  |TAMS 0x0000000082900000, 0x0000000082900000| Untracked 
|  12|0x0000000082a00000, 0x0000000082a00000, 0x0000000082b00000|  0%| F|  |TAMS 0x0000000082a00000, 0x0000000082a00000| Untracked 
|  13|0x0000000082b00000, 0x0000000082b00000, 0x0000000082c00000|  0%| F|  |TAMS 0x0000000082b00000, 0x0000000082b00000| Untracked 
|  14|0x0000000082c00000, 0x0000000082c00000, 0x0000000082d00000|  0%| F|  |TAMS 0x0000000082c00000, 0x0000000082c00000| Untracked 
|  15|0x0000000082d00000, 0x0000000082d00000, 0x0000000082e00000|  0%| F|  |TAMS 0x0000000082d00000, 0x0000000082d00000| Untracked 
|  16|0x0000000082e00000, 0x0000000082e00000, 0x0000000082f00000|  0%| F|  |TAMS 0x0000000082e00000, 0x0000000082e00000| Untracked 
|  17|0x0000000082f00000, 0x0000000082f00000, 0x0000000083000000|  0%| F|  |TAMS 0x0000000082f00000, 0x0000000082f00000| Untracked 
|  18|0x0000000083000000, 0x0000000083000000, 0x0000000083100000|  0%| F|  |TAMS 0x0000000083000000, 0x0000000083000000| Untracked 
|  19|0x0000000083100000, 0x0000000083100000, 0x0000000083200000|  0%| F|  |TAMS 0x0000000083100000, 0x0000000083100000| Untracked 
|  20|0x0000000083200000, 0x0000000083200000, 0x0000000083300000|  0%| F|  |TAMS 0x0000000083200000, 0x0000000083200000| Untracked 
|  21|0x0000000083300000, 0x0000000083300000, 0x0000000083400000|  0%| F|  |TAMS 0x0000000083300000, 0x0000000083300000| Untracked 
|  22|0x0000000083400000, 0x0000000083400000, 0x0000000083500000|  0%| F|  |TAMS 0x0000000083400000, 0x0000000083400000| Untracked 
|  23|0x0000000083500000, 0x0000000083500000, 0x0000000083600000|  0%| F|  |TAMS 0x0000000083500000, 0x0000000083500000| Untracked 
|  24|0x0000000083600000, 0x0000000083600000, 0x0000000083700000|  0%| F|  |TAMS 0x0000000083600000, 0x0000000083600000| Untracked 
|  25|0x0000000083700000, 0x0000000083700000, 0x0000000083800000|  0%| F|  |TAMS 0x0000000083700000, 0x0000000083700000| Untracked 
|  26|0x0000000083800000, 0x0000000083800000, 0x0000000083900000|  0%| F|  |TAMS 0x0000000083800000, 0x0000000083800000| Untracked 
|  27|0x0000000083900000, 0x0000000083900000, 0x0000000083a00000|  0%| F|  |TAMS 0x0000000083900000, 0x0000000083900000| Untracked 
|  28|0x0000000083a00000, 0x0000000083a00000, 0x0000000083b00000|  0%| F|  |TAMS 0x0000000083a00000, 0x0000000083a00000| Untracked 
|  29|0x0000000083b00000, 0x0000000083b00000, 0x0000000083c00000|  0%| F|  |TAMS 0x0000000083b00000, 0x0000000083b00000| Untracked 
|  30|0x0000000083c00000, 0x0000000083c00000, 0x0000000083d00000|  0%| F|  |TAMS 0x0000000083c00000, 0x0000000083c00000| Untracked 
|  31|0x0000000083d00000, 0x0000000083d00000, 0x0000000083e00000|  0%| F|  |TAMS 0x0000000083d00000, 0x0000000083d00000| Untracked 
|  32|0x0000000083e00000, 0x0000000083e00000, 0x0000000083f00000|  0%| F|  |TAMS 0x0000000083e00000, 0x0000000083e00000| Untracked 
|  33|0x0000000083f00000, 0x0000000083f00000, 0x0000000084000000|  0%| F|  |TAMS 0x0000000083f00000, 0x0000000083f00000| Untracked 
|  34|0x0000000084000000, 0x0000000084000000, 0x0000000084100000|  0%| F|  |TAMS 0x0000000084000000, 0x0000000084000000| Untracked 
|  35|0x0000000084100000, 0x0000000084100000, 0x0000000084200000|  0%| F|  |TAMS 0x0000000084100000, 0x0000000084100000| Untracked 
|  36|0x0000000084200000, 0x0000000084200000, 0x0000000084300000|  0%| F|  |TAMS 0x0000000084200000, 0x0000000084200000| Untracked 
|  37|0x0000000084300000, 0x0000000084300000, 0x0000000084400000|  0%| F|  |TAMS 0x0000000084300000, 0x0000000084300000| Untracked 
|  38|0x0000000084400000, 0x0000000084400000, 0x0000000084500000|  0%| F|  |TAMS 0x0000000084400000, 0x0000000084400000| Untracked 
|  39|0x0000000084500000, 0x0000000084500000, 0x0000000084600000|  0%| F|  |TAMS 0x0000000084500000, 0x0000000084500000| Untracked 
|  40|0x0000000084600000, 0x0000000084600000, 0x0000000084700000|  0%| F|  |TAMS 0x0000000084600000, 0x0000000084600000| Untracked 
|  41|0x0000000084700000, 0x0000000084700000, 0x0000000084800000|  0%| F|  |TAMS 0x0000000084700000, 0x0000000084700000| Untracked 
|  42|0x0000000084800000, 0x0000000084800000, 0x0000000084900000|  0%| F|  |TAMS 0x0000000084800000, 0x0000000084800000| Untracked 
|  43|0x0000000084900000, 0x0000000084900000, 0x0000000084a00000|  0%| F|  |TAMS 0x0000000084900000, 0x0000000084900000| Untracked 
|  44|0x0000000084a00000, 0x0000000084a00000, 0x0000000084b00000|  0%| F|  |TAMS 0x0000000084a00000, 0x0000000084a00000| Untracked 
|  45|0x0000000084b00000, 0x0000000084b00000, 0x0000000084c00000|  0%| F|  |TAMS 0x0000000084b00000, 0x0000000084b00000| Untracked 
|  46|0x0000000084c00000, 0x0000000084c00000, 0x0000000084d00000|  0%| F|  |TAMS 0x0000000084c00000, 0x0000000084c00000| Untracked 
|  47|0x0000000084d00000, 0x0000000084d00000, 0x0000000084e00000|  0%| F|  |TAMS 0x0000000084d00000, 0x0000000084d00000| Untracked 
|  48|0x0000000084e00000, 0x0000000084e00000, 0x0000000084f00000|  0%| F|  |TAMS 0x0000000084e00000, 0x0000000084e00000| Untracked 
|  49|0x0000000084f00000, 0x0000000084f00000, 0x0000000085000000|  0%| F|  |TAMS 0x0000000084f00000, 0x0000000084f00000| Untracked 
|  50|0x0000000085000000, 0x0000000085000000, 0x0000000085100000|  0%| F|  |TAMS 0x0000000085000000, 0x0000000085000000| Untracked 
|  51|0x0000000085100000, 0x0000000085100000, 0x0000000085200000|  0%| F|  |TAMS 0x0000000085100000, 0x0000000085100000| Untracked 
|  52|0x0000000085200000, 0x0000000085200000, 0x0000000085300000|  0%| F|  |TAMS 0x0000000085200000, 0x0000000085200000| Untracked 
|  53|0x0000000085300000, 0x0000000085300000, 0x0000000085400000|  0%| F|  |TAMS 0x0000000085300000, 0x0000000085300000| Untracked 
|  54|0x0000000085400000, 0x0000000085400000, 0x0000000085500000|  0%| F|  |TAMS 0x0000000085400000, 0x0000000085400000| Untracked 
|  55|0x0000000085500000, 0x0000000085500000, 0x0000000085600000|  0%| F|  |TAMS 0x0000000085500000, 0x0000000085500000| Untracked 
|  56|0x0000000085600000, 0x0000000085600000, 0x0000000085700000|  0%| F|  |TAMS 0x0000000085600000, 0x0000000085600000| Untracked 
|  57|0x0000000085700000, 0x0000000085700000, 0x0000000085800000|  0%| F|  |TAMS 0x0000000085700000, 0x0000000085700000| Untracked 
|  58|0x0000000085800000, 0x0000000085800000, 0x0000000085900000|  0%| F|  |TAMS 0x0000000085800000, 0x0000000085800000| Untracked 
|  59|0x0000000085900000, 0x0000000085900000, 0x0000000085a00000|  0%| F|  |TAMS 0x0000000085900000, 0x0000000085900000| Untracked 
|  60|0x0000000085a00000, 0x0000000085a00000, 0x0000000085b00000|  0%| F|  |TAMS 0x0000000085a00000, 0x0000000085a00000| Untracked 
|  61|0x0000000085b00000, 0x0000000085b00000, 0x0000000085c00000|  0%| F|  |TAMS 0x0000000085b00000, 0x0000000085b00000| Untracked 
|  62|0x0000000085c00000, 0x0000000085c00000, 0x0000000085d00000|  0%| F|  |TAMS 0x0000000085c00000, 0x0000000085c00000| Untracked 
|  63|0x0000000085d00000, 0x0000000085d00000, 0x0000000085e00000|  0%| F|  |TAMS 0x0000000085d00000, 0x0000000085d00000| Untracked 
|  64|0x0000000085e00000, 0x0000000085e00000, 0x0000000085f00000|  0%| F|  |TAMS 0x0000000085e00000, 0x0000000085e00000| Untracked 
|  65|0x0000000085f00000, 0x0000000085f00000, 0x0000000086000000|  0%| F|  |TAMS 0x0000000085f00000, 0x0000000085f00000| Untracked 
|  66|0x0000000086000000, 0x0000000086000000, 0x0000000086100000|  0%| F|  |TAMS 0x0000000086000000, 0x0000000086000000| Untracked 
|  67|0x0000000086100000, 0x0000000086100000, 0x0000000086200000|  0%| F|  |TAMS 0x0000000086100000, 0x0000000086100000| Untracked 
|  68|0x0000000086200000, 0x0000000086200000, 0x0000000086300000|  0%| F|  |TAMS 0x0000000086200000, 0x0000000086200000| Untracked 
|  69|0x0000000086300000, 0x0000000086300000, 0x0000000086400000|  0%| F|  |TAMS 0x0000000086300000, 0x0000000086300000| Untracked 
|  70|0x0000000086400000, 0x0000000086400000, 0x0000000086500000|  0%| F|  |TAMS 0x0000000086400000, 0x0000000086400000| Untracked 
|  71|0x0000000086500000, 0x0000000086500000, 0x0000000086600000|  0%| F|  |TAMS 0x0000000086500000, 0x0000000086500000| Untracked 
|  72|0x0000000086600000, 0x0000000086600000, 0x0000000086700000|  0%| F|  |TAMS 0x0000000086600000, 0x0000000086600000| Untracked 
|  73|0x0000000086700000, 0x0000000086700000, 0x0000000086800000|  0%| F|  |TAMS 0x0000000086700000, 0x0000000086700000| Untracked 
|  74|0x0000000086800000, 0x0000000086800000, 0x0000000086900000|  0%| F|  |TAMS 0x0000000086800000, 0x0000000086800000| Untracked 
|  75|0x0000000086900000, 0x0000000086900000, 0x0000000086a00000|  0%| F|  |TAMS 0x0000000086900000, 0x0000000086900000| Untracked 
|  76|0x0000000086a00000, 0x0000000086a00000, 0x0000000086b00000|  0%| F|  |TAMS 0x0000000086a00000, 0x0000000086a00000| Untracked 
|  77|0x0000000086b00000, 0x0000000086b00000, 0x0000000086c00000|  0%| F|  |TAMS 0x0000000086b00000, 0x0000000086b00000| Untracked 
|  78|0x0000000086c00000, 0x0000000086c00000, 0x0000000086d00000|  0%| F|  |TAMS 0x0000000086c00000, 0x0000000086c00000| Untracked 
|  79|0x0000000086d00000, 0x0000000086d00000, 0x0000000086e00000|  0%| F|  |TAMS 0x0000000086d00000, 0x0000000086d00000| Untracked 
|  80|0x0000000086e00000, 0x0000000086e00000, 0x0000000086f00000|  0%| F|  |TAMS 0x0000000086e00000, 0x0000000086e00000| Untracked 
|  81|0x0000000086f00000, 0x0000000086f00000, 0x0000000087000000|  0%| F|  |TAMS 0x0000000086f00000, 0x0000000086f00000| Untracked 
|  82|0x0000000087000000, 0x000000008704b430, 0x0000000087100000| 29%| E|  |TAMS 0x0000000087000000, 0x0000000087000000| Complete 
|  83|0x0000000087100000, 0x0000000087200000, 0x0000000087200000|100%| E|CS|TAMS 0x0000000087100000, 0x0000000087100000| Complete 
|  84|0x0000000087200000, 0x0000000087300000, 0x0000000087300000|100%| E|CS|TAMS 0x0000000087200000, 0x0000000087200000| Complete 
|  85|0x0000000087300000, 0x0000000087400000, 0x0000000087400000|100%| E|CS|TAMS 0x0000000087300000, 0x0000000087300000| Complete 
|  86|0x0000000087400000, 0x0000000087500000, 0x0000000087500000|100%| E|CS|TAMS 0x0000000087400000, 0x0000000087400000| Complete 
|  87|0x0000000087500000, 0x0000000087600000, 0x0000000087600000|100%| E|CS|TAMS 0x0000000087500000, 0x0000000087500000| Complete 
|  88|0x0000000087600000, 0x0000000087700000, 0x0000000087700000|100%| E|CS|TAMS 0x0000000087600000, 0x0000000087600000| Complete 
|  89|0x0000000087700000, 0x0000000087800000, 0x0000000087800000|100%| E|CS|TAMS 0x0000000087700000, 0x0000000087700000| Complete 
|  90|0x0000000087800000, 0x0000000087900000, 0x0000000087900000|100%| E|CS|TAMS 0x0000000087800000, 0x0000000087800000| Complete 
|  91|0x0000000087900000, 0x0000000087a00000, 0x0000000087a00000|100%| E|CS|TAMS 0x0000000087900000, 0x0000000087900000| Complete 
|  92|0x0000000087a00000, 0x0000000087b00000, 0x0000000087b00000|100%| E|CS|TAMS 0x0000000087a00000, 0x0000000087a00000| Complete 
|  93|0x0000000087b00000, 0x0000000087c00000, 0x0000000087c00000|100%| E|CS|TAMS 0x0000000087b00000, 0x0000000087b00000| Complete 
|  94|0x0000000087c00000, 0x0000000087d00000, 0x0000000087d00000|100%| E|CS|TAMS 0x0000000087c00000, 0x0000000087c00000| Complete 
|  95|0x0000000087d00000, 0x0000000087e00000, 0x0000000087e00000|100%| E|CS|TAMS 0x0000000087d00000, 0x0000000087d00000| Complete 
|  96|0x0000000087e00000, 0x0000000087f00000, 0x0000000087f00000|100%| E|CS|TAMS 0x0000000087e00000, 0x0000000087e00000| Complete 
|  97|0x0000000087f00000, 0x0000000088000000, 0x0000000088000000|100%| E|CS|TAMS 0x0000000087f00000, 0x0000000087f00000| Complete 
|  98|0x0000000088000000, 0x0000000088100000, 0x0000000088100000|100%| E|CS|TAMS 0x0000000088000000, 0x0000000088000000| Complete 
|  99|0x0000000088100000, 0x0000000088200000, 0x0000000088200000|100%| E|CS|TAMS 0x0000000088100000, 0x0000000088100000| Complete 
| 100|0x0000000088200000, 0x0000000088300000, 0x0000000088300000|100%| E|CS|TAMS 0x0000000088200000, 0x0000000088200000| Complete 
| 101|0x0000000088300000, 0x0000000088400000, 0x0000000088400000|100%| E|CS|TAMS 0x0000000088300000, 0x0000000088300000| Complete 
| 102|0x0000000088400000, 0x0000000088500000, 0x0000000088500000|100%| E|CS|TAMS 0x0000000088400000, 0x0000000088400000| Complete 
| 103|0x0000000088500000, 0x0000000088600000, 0x0000000088600000|100%| E|CS|TAMS 0x0000000088500000, 0x0000000088500000| Complete 
| 104|0x0000000088600000, 0x0000000088700000, 0x0000000088700000|100%| E|CS|TAMS 0x0000000088600000, 0x0000000088600000| Complete 
| 105|0x0000000088700000, 0x0000000088800000, 0x0000000088800000|100%| E|CS|TAMS 0x0000000088700000, 0x0000000088700000| Complete 
| 106|0x0000000088800000, 0x00000000888da3b0, 0x0000000088900000| 85%| S|CS|TAMS 0x0000000088800000, 0x0000000088800000| Complete 
| 107|0x0000000088900000, 0x0000000088a00000, 0x0000000088a00000|100%| S|CS|TAMS 0x0000000088900000, 0x0000000088900000| Complete 
| 108|0x0000000088a00000, 0x0000000088b00000, 0x0000000088b00000|100%| S|CS|TAMS 0x0000000088a00000, 0x0000000088a00000| Complete 
| 109|0x0000000088b00000, 0x0000000088c00000, 0x0000000088c00000|100%| E|CS|TAMS 0x0000000088b00000, 0x0000000088b00000| Complete 
| 110|0x0000000088c00000, 0x0000000088d00000, 0x0000000088d00000|100%| E|CS|TAMS 0x0000000088c00000, 0x0000000088c00000| Complete 
| 111|0x0000000088d00000, 0x0000000088e00000, 0x0000000088e00000|100%| E|CS|TAMS 0x0000000088d00000, 0x0000000088d00000| Complete 
| 112|0x0000000088e00000, 0x0000000088f00000, 0x0000000088f00000|100%| E|CS|TAMS 0x0000000088e00000, 0x0000000088e00000| Complete 
| 113|0x0000000088f00000, 0x0000000089000000, 0x0000000089000000|100%| E|CS|TAMS 0x0000000088f00000, 0x0000000088f00000| Complete 
| 114|0x0000000089000000, 0x0000000089100000, 0x0000000089100000|100%| E|CS|TAMS 0x0000000089000000, 0x0000000089000000| Complete 
| 115|0x0000000089100000, 0x0000000089200000, 0x0000000089200000|100%| E|CS|TAMS 0x0000000089100000, 0x0000000089100000| Complete 
| 116|0x0000000089200000, 0x0000000089300000, 0x0000000089300000|100%| E|CS|TAMS 0x0000000089200000, 0x0000000089200000| Complete 
| 117|0x0000000089300000, 0x0000000089400000, 0x0000000089400000|100%| E|CS|TAMS 0x0000000089300000, 0x0000000089300000| Complete 
| 118|0x0000000089400000, 0x0000000089500000, 0x0000000089500000|100%| E|CS|TAMS 0x0000000089400000, 0x0000000089400000| Complete 
| 119|0x0000000089500000, 0x0000000089600000, 0x0000000089600000|100%| E|CS|TAMS 0x0000000089500000, 0x0000000089500000| Complete 
| 120|0x0000000089600000, 0x0000000089700000, 0x0000000089700000|100%| E|CS|TAMS 0x0000000089600000, 0x0000000089600000| Complete 
| 121|0x0000000089700000, 0x0000000089800000, 0x0000000089800000|100%| E|CS|TAMS 0x0000000089700000, 0x0000000089700000| Complete 
| 122|0x0000000089800000, 0x0000000089900000, 0x0000000089900000|100%| E|CS|TAMS 0x0000000089800000, 0x0000000089800000| Complete 
| 123|0x0000000089900000, 0x0000000089a00000, 0x0000000089a00000|100%| E|CS|TAMS 0x0000000089900000, 0x0000000089900000| Complete 
| 124|0x0000000089a00000, 0x0000000089b00000, 0x0000000089b00000|100%| E|CS|TAMS 0x0000000089a00000, 0x0000000089a00000| Complete 
| 125|0x0000000089b00000, 0x0000000089c00000, 0x0000000089c00000|100%| E|CS|TAMS 0x0000000089b00000, 0x0000000089b00000| Complete 
| 126|0x0000000089c00000, 0x0000000089d00000, 0x0000000089d00000|100%| E|CS|TAMS 0x0000000089c00000, 0x0000000089c00000| Complete 
| 127|0x0000000089d00000, 0x0000000089e00000, 0x0000000089e00000|100%| E|CS|TAMS 0x0000000089d00000, 0x0000000089d00000| Complete 

Card table byte_map: [0x00000244b0580000,0x00000244b0980000] _byte_map_base: 0x00000244b0171000

Marking Bits (Prev, Next): (CMBitMap*) 0x00000244998a05b0, (CMBitMap*) 0x00000244998a05f0
 Prev Bits: [0x00000244b0d80000, 0x00000244b2d08000)
 Next Bits: [0x00000244b2d10000, 0x00000244b4c98000)

Polling page: 0x0000024499010000

Metaspace:

Usage:
  Non-class:     15.51 MB used.
      Class:      2.65 MB used.
       Both:     18.16 MB used.

Virtual space:
  Non-class space:       64.00 MB reserved,      15.69 MB ( 25%) committed,  1 nodes.
      Class space:        1.00 GB reserved,       2.81 MB ( <1%) committed,  1 nodes.
             Both:        1.06 GB reserved,      18.50 MB (  2%) committed. 

Chunk freelists:
   Non-Class:  174.00 KB
       Class:  1.20 MB
        Both:  1.37 MB

MaxMetaspaceSize: unlimited
CompressedClassSpaceSize: 1.00 GB
Initial GC threshold: 21.00 MB
Current GC threshold: 21.00 MB
CDS: on
MetaspaceReclaimPolicy: balanced
 - commit_granule_bytes: 65536.
 - commit_granule_words: 8192.
 - virtual_space_node_default_size: 8388608.
 - enlarge_chunks_in_place: 1.
 - new_chunks_are_fully_committed: 0.
 - uncommit_free_chunks: 1.
 - use_allocation_guard: 0.


Internal statistics:

num_allocs_failed_limit: 0.
num_arena_births: 362.
num_arena_deaths: 0.
num_vsnodes_births: 2.
num_vsnodes_deaths: 0.
num_space_committed: 296.
num_space_uncommitted: 0.
num_chunks_returned_to_freelist: 0.
num_chunks_taken_from_freelist: 980.
num_chunk_merges: 0.
num_chunk_splits: 663.
num_chunks_enlarged: 498.
num_inconsistent_stats: 0.

CodeHeap 'non-profiled nmethods': size=120000Kb used=1235Kb max_used=1235Kb free=118764Kb
 bounds [0x00000244a8c50000, 0x00000244a8ec0000, 0x00000244b0180000]
CodeHeap 'profiled nmethods': size=120000Kb used=6612Kb max_used=6612Kb free=113387Kb
 bounds [0x00000244a1720000, 0x00000244a1da0000, 0x00000244a8c50000]
CodeHeap 'non-nmethods': size=5760Kb used=1444Kb max_used=1491Kb free=4315Kb
 bounds [0x00000244a1180000, 0x00000244a13f0000, 0x00000244a1720000]
 total_blobs=4154 nmethods=3356 adapters=710
 compilation: enabled
              stopped_count=0, restarted_count=0
 full_count=0

Compilation events (20 events):
Event: 8.526 Thread 0x00000244b71399d0 3347       3       javafx.scene.Node::calcEffectiveNodeOrientation (69 bytes)
Event: 8.527 Thread 0x00000244bbaa36a0 3353       4       com.sun.javafx.fxml.BeanAdapter$MethodCache::getMethod (99 bytes)
Event: 8.527 Thread 0x00000244b71399d0 nmethod 3347 0x00000244a1d81510 code [0x00000244a1d817a0, 0x00000244a1d82718]
Event: 8.527 Thread 0x00000244b71399d0 3352       3       javafx.fxml.FXMLLoader$Element::processPropertyAttribute (212 bytes)
Event: 8.528 Thread 0x00000244b7130b00 3356       4       java.lang.invoke.DirectMethodHandle$Holder::newInvokeSpecial (21 bytes)
Event: 8.530 Thread 0x00000244b7130b00 nmethod 3356 0x00000244a8d82210 code [0x00000244a8d823a0, 0x00000244a8d825a8]
Event: 8.533 Thread 0x00000244b71399d0 nmethod 3352 0x00000244a1d82a90 code [0x00000244a1d82f60, 0x00000244a1d85218]
Event: 8.533 Thread 0x00000244b71399d0 3354       3       java.util.LinkedList::<init> (10 bytes)
Event: 8.533 Thread 0x00000244b71399d0 nmethod 3354 0x00000244a1d85f10 code [0x00000244a1d860c0, 0x00000244a1d86358]
Event: 8.533 Thread 0x00000244b71399d0 3355       3       java.util.AbstractSequentialList::<init> (5 bytes)
Event: 8.534 Thread 0x00000244b71399d0 nmethod 3355 0x00000244a1d86490 code [0x00000244a1d86640, 0x00000244a1d86878]
Event: 8.534 Thread 0x00000244b71399d0 3358   !   3       com.sun.javafx.reflect.MethodUtil::invoke (111 bytes)
Event: 8.545 Thread 0x00000244b71399d0 nmethod 3358 0x00000244a1d86990 code [0x00000244a1d87480, 0x00000244a1d8e8b8]
Event: 8.545 Thread 0x00000244b71399d0 3359       3       java.lang.invoke.DirectMethodHandle$Holder::invokeStatic (18 bytes)
Event: 8.545 Thread 0x00000244b71399d0 nmethod 3359 0x00000244a1d94a90 code [0x00000244a1d94c60, 0x00000244a1d951d8]
Event: 8.545 Thread 0x00000244b71399d0 3360       1       java.lang.reflect.Method::getRoot (5 bytes)
Event: 8.545 Thread 0x00000244b71399d0 nmethod 3360 0x00000244a8d82790 code [0x00000244a8d82920, 0x00000244a8d829f8]
Event: 8.545 Thread 0x00000244b71399d0 3357       1       java.lang.Class::getAnnotationType (5 bytes)
Event: 8.545 Thread 0x00000244b71399d0 nmethod 3357 0x00000244a8d82a90 code [0x00000244a8d82c20, 0x00000244a8d82cf8]
Event: 8.570 Thread 0x00000244bbaa36a0 nmethod 3353 0x00000244a8d82d90 code [0x00000244a8d83020, 0x00000244a8d840d8]

GC Heap History (4 events):
Event: 0.566 GC heap before
{Heap before GC invocations=0 (full 0):
 garbage-first heap   total 131072K, used 13312K [0x0000000081e00000, 0x0000000100000000)
  region size 1024K, 13 young (13312K), 0 survivors (0K)
 Metaspace       used 2749K, committed 2944K, reserved 1114112K
  class space    used 288K, committed 384K, reserved 1048576K
}
Event: 0.568 GC heap after
{Heap after GC invocations=1 (full 0):
 garbage-first heap   total 131072K, used 2316K [0x0000000081e00000, 0x0000000100000000)
  region size 1024K, 2 young (2048K), 2 survivors (2048K)
 Metaspace       used 2749K, committed 2944K, reserved 1114112K
  class space    used 288K, committed 384K, reserved 1048576K
}
Event: 0.963 GC heap before
{Heap before GC invocations=1 (full 0):
 garbage-first heap   total 131072K, used 18700K [0x0000000081e00000, 0x0000000100000000)
  region size 1024K, 19 young (19456K), 2 survivors (2048K)
 Metaspace       used 8098K, committed 8320K, reserved 1114112K
  class space    used 1046K, committed 1152K, reserved 1048576K
}
Event: 0.967 GC heap after
{Heap after GC invocations=2 (full 0):
 garbage-first heap   total 131072K, used 5045K [0x0000000081e00000, 0x0000000100000000)
  region size 1024K, 3 young (3072K), 3 survivors (3072K)
 Metaspace       used 8098K, committed 8320K, reserved 1114112K
  class space    used 1046K, committed 1152K, reserved 1048576K
}

Deoptimization events (20 events):
Event: 5.697 Thread 0x00000244bbeb0780 Uncommon trap: trap_request=0xffffff45 fr.pc=0x00000244a8d265dc relative=0x000000000000005c
Event: 5.697 Thread 0x00000244bbeb0780 Uncommon trap: reason=unstable_if action=reinterpret pc=0x00000244a8d265dc method=javafx.scene.Node.updateLocalToParentTransform()V @ 4 c2
Event: 5.697 Thread 0x00000244bbeb0780 DEOPT PACKING pc=0x00000244a8d265dc sp=0x000000d5435fc400
Event: 5.697 Thread 0x00000244bbeb0780 DEOPT UNPACKING pc=0x00000244a11d23a3 sp=0x000000d5435fc358 mode 2
Event: 6.000 Thread 0x00000244bbfb33d0 Uncommon trap: trap_request=0xffffff45 fr.pc=0x00000244a8d24ff0 relative=0x0000000000000fb0
Event: 6.000 Thread 0x00000244bbfb33d0 Uncommon trap: reason=unstable_if action=reinterpret pc=0x00000244a8d24ff0 method=com.sun.scenario.effect.impl.state.BoxRenderState.validateWeights()V @ 147 c2
Event: 6.000 Thread 0x00000244bbfb33d0 DEOPT PACKING pc=0x00000244a8d24ff0 sp=0x000000d5432fc470
Event: 6.000 Thread 0x00000244bbfb33d0 DEOPT UNPACKING pc=0x00000244a11d23a3 sp=0x000000d5432fc3f8 mode 2
Event: 6.257 Thread 0x00000244bbfb33d0 Uncommon trap: trap_request=0xffffff45 fr.pc=0x00000244a8d2758c relative=0x000000000000008c
Event: 6.257 Thread 0x00000244bbfb33d0 Uncommon trap: reason=unstable_if action=reinterpret pc=0x00000244a8d2758c method=com.sun.javafx.geom.RectBounds.isEmpty()Z @ 21 c2
Event: 6.257 Thread 0x00000244bbfb33d0 DEOPT PACKING pc=0x00000244a8d2758c sp=0x000000d5432fc7a0
Event: 6.257 Thread 0x00000244bbfb33d0 DEOPT UNPACKING pc=0x00000244a11d23a3 sp=0x000000d5432fc730 mode 2
Event: 6.279 Thread 0x00000244bbfb33d0 DEOPT PACKING pc=0x00000244a1cd15ba sp=0x000000d5432fe380
Event: 6.279 Thread 0x00000244bbfb33d0 DEOPT UNPACKING pc=0x00000244a11d2b43 sp=0x000000d5432fd880 mode 0
Event: 6.771 Thread 0x00000244bbfb33d0 DEOPT PACKING pc=0x00000244a1cd15ba sp=0x000000d5432fe370
Event: 6.771 Thread 0x00000244bbfb33d0 DEOPT UNPACKING pc=0x00000244a11d2b43 sp=0x000000d5432fd870 mode 0
Event: 7.369 Thread 0x00000244bbfb33d0 DEOPT PACKING pc=0x00000244a1cd15ba sp=0x000000d5432fe380
Event: 7.369 Thread 0x00000244bbfb33d0 DEOPT UNPACKING pc=0x00000244a11d2b43 sp=0x000000d5432fd880 mode 0
Event: 7.370 Thread 0x00000244bbfb33d0 DEOPT PACKING pc=0x00000244a1cd15ba sp=0x000000d5432fe370
Event: 7.370 Thread 0x00000244bbfb33d0 DEOPT UNPACKING pc=0x00000244a11d2b43 sp=0x000000d5432fd870 mode 0

Classes loaded (20 events):
Event: 8.463 Loading class java/lang/constant/MethodHandleDesc
Event: 8.463 Loading class java/lang/constant/MethodHandleDesc done
Event: 8.463 Loading class java/lang/constant/MethodHandleDesc$1
Event: 8.463 Loading class java/lang/constant/MethodHandleDesc$1 done
Event: 8.463 Loading class java/lang/constant/DirectMethodHandleDescImpl
Event: 8.463 Loading class java/lang/constant/DirectMethodHandleDesc
Event: 8.463 Loading class java/lang/constant/DirectMethodHandleDesc done
Event: 8.463 Loading class java/lang/constant/DirectMethodHandleDescImpl done
Event: 8.463 Loading class java/lang/constant/DirectMethodHandleDescImpl$1
Event: 8.463 Loading class java/lang/constant/DirectMethodHandleDescImpl$1 done
Event: 8.463 Loading class java/lang/constant/DirectMethodHandleDesc$1
Event: 8.463 Loading class java/lang/constant/DirectMethodHandleDesc$1 done
Event: 8.464 Loading class java/lang/constant/PrimitiveClassDescImpl
Event: 8.464 Loading class java/lang/constant/DynamicConstantDesc
Event: 8.464 Loading class java/lang/constant/DynamicConstantDesc done
Event: 8.464 Loading class java/lang/constant/PrimitiveClassDescImpl done
Event: 8.464 Loading class java/lang/constant/DynamicConstantDesc$AnonymousDynamicConstantDesc
Event: 8.464 Loading class java/lang/constant/DynamicConstantDesc$AnonymousDynamicConstantDesc done
Event: 19.516 Loading class jdk/internal/misc/Signal$1
Event: 19.516 Loading class jdk/internal/misc/Signal$1 done

Classes unloaded (0 events):
No events

Classes redefined (0 events):
No events

Internal exceptions (20 events):
Event: 1.245 Thread 0x00000244bbeb0780 Implicit null exception at 0x00000244a8c74e0f to 0x00000244a8c74e89
Event: 1.385 Thread 0x00000244bbeb0780 Exception <a 'java/lang/NoSuchMethodError'{0x00000000891bfe68}: 'java.lang.Object java.lang.invoke.DirectMethodHandle$Holder.invokeInterface(java.lang.Object, java.lang.Object, java.lang.Object)'> (0x00000000891bfe68) 
thrown [s\open\src\hotspot\share\interpreter\linkResolver.cpp, line 759]
Event: 1.386 Thread 0x00000244bbeb0780 Exception <a 'java/lang/IncompatibleClassChangeError'{0x00000000891c37e8}: Found class java.lang.Object, but interface was expected> (0x00000000891c37e8) 
thrown [s\open\src\hotspot\share\interpreter\linkResolver.cpp, line 826]
Event: 1.428 Thread 0x00000244bbeb0780 Exception <a 'java/lang/ClassNotFoundException'{0x0000000088fa2c08}: com/sun/javafx/scene/control/skin/resources/controls> (0x0000000088fa2c08) 
thrown [s\open\src\hotspot\share\prims\jni.cpp, line 535]
Event: 1.429 Thread 0x00000244bbeb0780 Exception <a 'java/lang/ClassNotFoundException'{0x0000000088fb0ba8}: com/sun/javafx/scene/control/skin/resources/controls_ru> (0x0000000088fb0ba8) 
thrown [s\open\src\hotspot\share\prims\jni.cpp, line 535]
Event: 1.430 Thread 0x00000244bbeb0780 Exception <a 'java/lang/ClassNotFoundException'{0x0000000088fb2310}: com/sun/javafx/scene/control/skin/resources/controls_ru_RU> (0x0000000088fb2310) 
thrown [s\open\src\hotspot\share\prims\jni.cpp, line 535]
Event: 1.485 Thread 0x00000244bbeb0780 Exception <a 'java/lang/NoSuchMethodError'{0x0000000088d6e988}: 'void java.lang.invoke.DirectMethodHandle$Holder.invokeSpecial(java.lang.Object, java.lang.Object, java.lang.Object, java.lang.Object, java.lang.Object, java.lang.Object)'> (0x0000000088d6e988) 
thrown [s\open\src\hotspot\share\interpreter\linkResolver.cpp, line 759]
Event: 1.570 Thread 0x00000244bbeb0780 Exception <a 'java/lang/NoSuchMethodError'{0x00000000887e02f8}: 'int java.lang.invoke.DirectMethodHandle$Holder.invokeSpecial(java.lang.Object, java.lang.Object, int)'> (0x00000000887e02f8) 
thrown [s\open\src\hotspot\share\interpreter\linkResolver.cpp, line 759]
Event: 1.583 Thread 0x00000244bbeb0780 Exception <a 'java/lang/NoSuchMethodError'{0x0000000088612960}: 'java.lang.Object java.lang.invoke.DirectMethodHandle$Holder.newInvokeSpecial(java.lang.Object, java.lang.Object, int)'> (0x0000000088612960) 
thrown [s\open\src\hotspot\share\interpreter\linkResolver.cpp, line 759]
Event: 1.617 Thread 0x00000244bbfb33d0 Exception <a 'java/lang/NoSuchMethodError'{0x000000008856d710}: 'int java.lang.invoke.DirectMethodHandle$Holder.invokeStaticInit(java.lang.Object, java.lang.Object)'> (0x000000008856d710) 
thrown [s\open\src\hotspot\share\interpreter\linkResolver.cpp, line 759]
Event: 1.622 Thread 0x00000244bbeb0780 Exception <a 'java/lang/NoSuchMethodError'{0x0000000088538090}: 'long java.lang.invoke.DirectMethodHandle$Holder.invokeStatic(java.lang.Object, java.lang.Object, java.lang.Object)'> (0x0000000088538090) 
thrown [s\open\src\hotspot\share\interpreter\linkResolver.cpp, line 759]
Event: 1.622 Thread 0x00000244bbeb0780 Exception <a 'java/lang/NoSuchMethodError'{0x000000008853b830}: 'long java.lang.invoke.DirectMethodHandle$Holder.invokeStaticInit(java.lang.Object, java.lang.Object, java.lang.Object)'> (0x000000008853b830) 
thrown [s\open\src\hotspot\share\interpreter\linkResolver.cpp, line 759]
Event: 1.626 Thread 0x00000244bbeb0780 Exception <a 'java/lang/NoSuchMethodError'{0x00000000885d36d0}: 'java.lang.Object java.lang.invoke.DirectMethodHandle$Holder.newInvokeSpecial(java.lang.Object, java.lang.Object, long)'> (0x00000000885d36d0) 
thrown [s\open\src\hotspot\share\interpreter\linkResolver.cpp, line 759]
Event: 1.627 Thread 0x00000244bbeb0780 Exception <a 'java/lang/NoSuchMethodError'{0x00000000885d7248}: 'java.lang.Object java.lang.invoke.Invokers$Holder.linkToTargetMethod(java.lang.Object, long, java.lang.Object)'> (0x00000000885d7248) 
thrown [s\open\src\hotspot\share\interpreter\linkResolver.cpp, line 759]
Event: 1.786 Thread 0x00000244bbfb33d0 Exception <a 'java/lang/NoSuchMethodError'{0x000000008815c7e8}: 'java.lang.Object java.lang.invoke.DirectMethodHandle$Holder.invokeStaticInit(java.lang.Object, int)'> (0x000000008815c7e8) 
thrown [s\open\src\hotspot\share\interpreter\linkResolver.cpp, line 759]
Event: 4.111 Thread 0x00000244bbeb0780 Exception <a 'java/lang/NoSuchMethodError'{0x0000000087f93030}: 'long java.lang.invoke.DirectMethodHandle$Holder.invokeSpecial(java.lang.Object, java.lang.Object)'> (0x0000000087f93030) 
thrown [s\open\src\hotspot\share\interpreter\linkResolver.cpp, line 759]
Event: 4.111 Thread 0x00000244bbeb0780 Exception <a 'java/lang/NoSuchMethodError'{0x0000000087f96970}: 'long java.lang.invoke.Invokers$Holder.invokeExact_MT(java.lang.Object, java.lang.Object)'> (0x0000000087f96970) 
thrown [s\open\src\hotspot\share\interpreter\linkResolver.cpp, line 759]
Event: 5.804 Thread 0x00000244bbeb0780 Exception <a 'java/lang/NoSuchMethodError'{0x000000008788f298}: 'int java.lang.invoke.DirectMethodHandle$Holder.invokeVirtual(java.lang.Object, java.lang.Object)'> (0x000000008788f298) 
thrown [s\open\src\hotspot\share\interpreter\linkResolver.cpp, line 759]
Event: 6.728 Thread 0x00000244bbeb0780 Exception <a 'java/lang/NoSuchMethodError'{0x00000000873262e0}: 'void java.lang.invoke.DirectMethodHandle$Holder.invokeVirtual(java.lang.Object, java.lang.Object, int)'> (0x00000000873262e0) 
thrown [s\open\src\hotspot\share\interpreter\linkResolver.cpp, line 759]
Event: 8.448 Thread 0x00000244bbeb0780 Exception <a 'java/lang/NoSuchMethodError'{0x000000008728cb18}: static [I.<clinit>()V> (0x000000008728cb18) 
thrown [s\open\src\hotspot\share\prims\jni.cpp, line 1104]

VM Operations (20 events):
Event: 1.622 Executing VM operation: ICBufferFull done
Event: 2.975 Executing VM operation: ICBufferFull
Event: 2.975 Executing VM operation: ICBufferFull done
Event: 4.976 Executing VM operation: Cleanup
Event: 4.976 Executing VM operation: Cleanup done
Event: 5.852 Executing VM operation: ICBufferFull
Event: 5.852 Executing VM operation: ICBufferFull done
Event: 6.727 Executing VM operation: HandshakeAllThreads
Event: 6.727 Executing VM operation: HandshakeAllThreads done
Event: 6.732 Executing VM operation: ICBufferFull
Event: 6.732 Executing VM operation: ICBufferFull done
Event: 6.734 Executing VM operation: HandshakeAllThreads
Event: 6.734 Executing VM operation: HandshakeAllThreads done
Event: 7.734 Executing VM operation: Cleanup
Event: 7.734 Executing VM operation: Cleanup done
Event: 8.450 Executing VM operation: HandshakeAllThreads
Event: 8.450 Executing VM operation: HandshakeAllThreads done
Event: 9.450 Executing VM operation: Cleanup
Event: 9.450 Executing VM operation: Cleanup done
Event: 19.520 Executing VM operation: Exit

Events (20 events):
Event: 0.560 Thread 0x00000244bbeafe40 Thread added: 0x00000244bbeafe40
Event: 0.565 Thread 0x00000244bbeb0780 Thread added: 0x00000244bbeb0780
Event: 0.659 Thread 0x00000244bc23a7e0 Thread added: 0x00000244bc23a7e0
Event: 0.659 Loaded shared library C:\Program Files\Java\jdk-18.0.2.1\bin\jimage.dll
Event: 0.675 Thread 0x00000244bc251e40 Thread added: 0x00000244bc251e40
Event: 0.877 Loaded shared library C:\Program Files\Java\openjfx-19_windows-x64_bin-sdk\javafx-sdk-19\bin\javafx_font.dll
Event: 1.341 Thread 0x00000244bb46db90 Thread exited: 0x00000244bb46db90
Event: 1.376 Thread 0x00000244bc46a210 Thread added: 0x00000244bc46a210
Event: 1.704 Thread 0x00000244bc4693a0 Thread added: 0x00000244bc4693a0
Event: 5.842 Thread 0x00000244bc5486c0 Thread added: 0x00000244bc5486c0
Event: 6.193 Thread 0x00000244bc5486c0 Thread exited: 0x00000244bc5486c0
Event: 6.772 Thread 0x00000244bbdca030 Thread added: 0x00000244bbdca030
Event: 7.311 Thread 0x00000244bbdca030 Thread exited: 0x00000244bbdca030
Event: 8.392 Thread 0x00000244bbaa36a0 Thread added: 0x00000244bbaa36a0
Event: 13.570 Thread 0x00000244bbaa36a0 Thread exited: 0x00000244bbaa36a0
Event: 19.517 Thread 0x00000244bba76830 Thread added: 0x00000244bba76830
Event: 19.517 Thread 0x00000244bba75020 Thread added: 0x00000244bba75020
Event: 19.517 Thread 0x00000244bba754f0 Thread added: 0x00000244bba754f0
Event: 19.518 Thread 0x00000244bba75020 Thread exited: 0x00000244bba75020
Event: 19.520 Thread 0x00000244bba754f0 Thread exited: 0x00000244bba754f0


Dynamic libraries:
0x00007ff609890000 - 0x00007ff6098a0000 	C:\Program Files\Java\jdk-18.0.2.1\bin\java.exe
0x00007ffeb2470000 - 0x00007ffeb2668000 	C:\Windows\SYSTEM32\ntdll.dll
0x00007ffeb21f0000 - 0x00007ffeb22af000 	C:\Windows\System32\KERNEL32.DLL
0x00007ffeafcc0000 - 0x00007ffeaff92000 	C:\Windows\System32\KERNELBASE.dll
0x00007ffeb0370000 - 0x00007ffeb0470000 	C:\Windows\System32\ucrtbase.dll
0x00007ffea48e0000 - 0x00007ffea48f8000 	C:\Program Files\Java\jdk-18.0.2.1\bin\jli.dll
0x00007ffeb1100000 - 0x00007ffeb11ae000 	C:\Windows\System32\ADVAPI32.dll
0x00007ffeb0c90000 - 0x00007ffeb0d2e000 	C:\Windows\System32\msvcrt.dll
0x00007ffeb1cc0000 - 0x00007ffeb1d5c000 	C:\Windows\System32\sechost.dll
0x00007ffeb1fd0000 - 0x00007ffeb20f5000 	C:\Windows\System32\RPCRT4.dll
0x00007ffeb12a0000 - 0x00007ffeb143d000 	C:\Windows\System32\USER32.dll
0x00007ffeaffa0000 - 0x00007ffeaffc2000 	C:\Windows\System32\win32u.dll
0x00007ffeb0df0000 - 0x00007ffeb0e1b000 	C:\Windows\System32\GDI32.dll
0x00007ffeb0100000 - 0x00007ffeb020f000 	C:\Windows\System32\gdi32full.dll
0x00007ffeafb70000 - 0x00007ffeafc0d000 	C:\Windows\System32\msvcp_win.dll
0x00007ffe94f50000 - 0x00007ffe94f6a000 	C:\Program Files\Java\jdk-18.0.2.1\bin\VCRUNTIME140.dll
0x00007ffe9a130000 - 0x00007ffe9a3ca000 	C:\Windows\WinSxS\amd64_microsoft.windows.common-controls_6595b64144ccf1df_6.0.19041.1110_none_60b5254171f9507e\COMCTL32.dll
0x00007ffea98a0000 - 0x00007ffea98aa000 	C:\Windows\SYSTEM32\VERSION.dll
0x00007ffeb22b0000 - 0x00007ffeb22e2000 	C:\Windows\System32\IMM32.DLL
0x00007ffea8080000 - 0x00007ffea808c000 	C:\Program Files\Java\jdk-18.0.2.1\bin\vcruntime140_1.dll
0x00007ffe928f0000 - 0x00007ffe9297d000 	C:\Program Files\Java\jdk-18.0.2.1\bin\msvcp140.dll
0x00007ffe4ced0000 - 0x00007ffe4dae1000 	C:\Program Files\Java\jdk-18.0.2.1\bin\server\jvm.dll
0x00007ffeb0d30000 - 0x00007ffeb0d38000 	C:\Windows\System32\PSAPI.DLL
0x00007ffe87a10000 - 0x00007ffe87a19000 	C:\Windows\SYSTEM32\WSOCK32.dll
0x00007ffeb0ed0000 - 0x00007ffeb0f3b000 	C:\Windows\System32\WS2_32.dll
0x00007ffe9a3e0000 - 0x00007ffe9a407000 	C:\Windows\SYSTEM32\WINMM.dll
0x00007ffeae3c0000 - 0x00007ffeae3d2000 	C:\Windows\SYSTEM32\kernel.appcore.dll
0x00007ffea7aa0000 - 0x00007ffea7aaa000 	C:\Program Files\Java\jdk-18.0.2.1\bin\jimage.dll
0x00007ffeae1a0000 - 0x00007ffeae384000 	C:\Windows\SYSTEM32\DBGHELP.DLL
0x00007ffe959f0000 - 0x00007ffe95a1c000 	C:\Windows\SYSTEM32\dbgcore.DLL
0x00007ffeaffd0000 - 0x00007ffeb0052000 	C:\Windows\System32\bcryptPrimitives.dll
0x00007ffeaa8b0000 - 0x00007ffeaa8be000 	C:\Program Files\Java\jdk-18.0.2.1\bin\instrument.dll
0x00007ffe905d0000 - 0x00007ffe905f5000 	C:\Program Files\Java\jdk-18.0.2.1\bin\java.dll
0x00007ffe3e120000 - 0x00007ffe3e1f6000 	C:\Program Files\Java\jdk-18.0.2.1\bin\jsvml.dll
0x00007ffeb1440000 - 0x00007ffeb1b83000 	C:\Windows\System32\SHELL32.dll
0x00007ffeada00000 - 0x00007ffeae192000 	C:\Windows\SYSTEM32\windows.storage.dll
0x00007ffeb04c0000 - 0x00007ffeb0814000 	C:\Windows\System32\combase.dll
0x00007ffeaf5d0000 - 0x00007ffeaf600000 	C:\Windows\SYSTEM32\Wldp.dll
0x00007ffeb0e20000 - 0x00007ffeb0ecd000 	C:\Windows\System32\SHCORE.dll
0x00007ffeb1f70000 - 0x00007ffeb1fc5000 	C:\Windows\System32\shlwapi.dll
0x00007ffeafab0000 - 0x00007ffeafacf000 	C:\Windows\SYSTEM32\profapi.dll
0x00007ffe8a090000 - 0x00007ffe8a0a3000 	C:\Program Files\Java\jdk-18.0.2.1\bin\net.dll
0x00007ffe9c690000 - 0x00007ffe9c79c000 	C:\Windows\SYSTEM32\WINHTTP.dll
0x00007ffeaf330000 - 0x00007ffeaf39a000 	C:\Windows\system32\mswsock.dll
0x00007ffe887c0000 - 0x00007ffe887d6000 	C:\Program Files\Java\jdk-18.0.2.1\bin\nio.dll
0x00007ffe885a0000 - 0x00007ffe885b8000 	C:\Program Files\Java\jdk-18.0.2.1\bin\zip.dll
0x00007ffe95940000 - 0x00007ffe9595a000 	C:\Program Files\JetBrains\IntelliJ IDEA Community Edition 2022.2.1\bin\breakgen64.dll
0x00000244997f0000 - 0x00000244997f3000 	C:\Program Files\Java\openjfx-19_windows-x64_bin-sdk\javafx-sdk-19\bin\api-ms-win-core-console-l1-1-0.dll
0x0000024499800000 - 0x0000024499803000 	C:\Program Files\Java\openjfx-19_windows-x64_bin-sdk\javafx-sdk-19\bin\api-ms-win-core-console-l1-2-0.dll
0x00000244b72f0000 - 0x00000244b72f3000 	C:\Program Files\Java\openjfx-19_windows-x64_bin-sdk\javafx-sdk-19\bin\api-ms-win-core-datetime-l1-1-0.dll
0x00000244b7300000 - 0x00000244b7303000 	C:\Program Files\Java\openjfx-19_windows-x64_bin-sdk\javafx-sdk-19\bin\api-ms-win-core-debug-l1-1-0.dll
0x00000244b7310000 - 0x00000244b7313000 	C:\Program Files\Java\openjfx-19_windows-x64_bin-sdk\javafx-sdk-19\bin\api-ms-win-core-errorhandling-l1-1-0.dll
0x00000244b7320000 - 0x00000244b7324000 	C:\Program Files\Java\openjfx-19_windows-x64_bin-sdk\javafx-sdk-19\bin\api-ms-win-core-file-l1-1-0.dll
0x00000244b7330000 - 0x00000244b7333000 	C:\Program Files\Java\openjfx-19_windows-x64_bin-sdk\javafx-sdk-19\bin\api-ms-win-core-file-l1-2-0.dll
0x00000244b7340000 - 0x00000244b7343000 	C:\Program Files\Java\openjfx-19_windows-x64_bin-sdk\javafx-sdk-19\bin\api-ms-win-core-file-l2-1-0.dll
0x00000244b7350000 - 0x00000244b7353000 	C:\Program Files\Java\openjfx-19_windows-x64_bin-sdk\javafx-sdk-19\bin\api-ms-win-core-handle-l1-1-0.dll
0x00000244b7360000 - 0x00000244b7363000 	C:\Program Files\Java\openjfx-19_windows-x64_bin-sdk\javafx-sdk-19\bin\api-ms-win-core-heap-l1-1-0.dll
0x00000244b7370000 - 0x00000244b7373000 	C:\Program Files\Java\openjfx-19_windows-x64_bin-sdk\javafx-sdk-19\bin\api-ms-win-core-interlocked-l1-1-0.dll
0x00000244b7380000 - 0x00000244b7383000 	C:\Program Files\Java\openjfx-19_windows-x64_bin-sdk\javafx-sdk-19\bin\api-ms-win-core-libraryloader-l1-1-0.dll
0x00000244b7390000 - 0x00000244b7393000 	C:\Program Files\Java\openjfx-19_windows-x64_bin-sdk\javafx-sdk-19\bin\api-ms-win-core-localization-l1-2-0.dll
0x00000244b73a0000 - 0x00000244b73a3000 	C:\Program Files\Java\openjfx-19_windows-x64_bin-sdk\javafx-sdk-19\bin\api-ms-win-core-memory-l1-1-0.dll
0x00000244b73b0000 - 0x00000244b73b3000 	C:\Program Files\Java\openjfx-19_windows-x64_bin-sdk\javafx-sdk-19\bin\api-ms-win-core-namedpipe-l1-1-0.dll
0x00000244b73c0000 - 0x00000244b73c3000 	C:\Program Files\Java\openjfx-19_windows-x64_bin-sdk\javafx-sdk-19\bin\api-ms-win-core-processenvironment-l1-1-0.dll
0x00000244b73d0000 - 0x00000244b73d3000 	C:\Program Files\Java\openjfx-19_windows-x64_bin-sdk\javafx-sdk-19\bin\api-ms-win-core-processthreads-l1-1-0.dll
0x00000244b73e0000 - 0x00000244b73e3000 	C:\Program Files\Java\openjfx-19_windows-x64_bin-sdk\javafx-sdk-19\bin\api-ms-win-core-processthreads-l1-1-1.dll
0x00000244b73f0000 - 0x00000244b73f3000 	C:\Program Files\Java\openjfx-19_windows-x64_bin-sdk\javafx-sdk-19\bin\api-ms-win-core-profile-l1-1-0.dll
0x00000244bcfd0000 - 0x00000244bcfd3000 	C:\Program Files\Java\openjfx-19_windows-x64_bin-sdk\javafx-sdk-19\bin\api-ms-win-core-rtlsupport-l1-1-0.dll
0x00000244bcfe0000 - 0x00000244bcfe3000 	C:\Program Files\Java\openjfx-19_windows-x64_bin-sdk\javafx-sdk-19\bin\api-ms-win-core-string-l1-1-0.dll
0x00000244bcff0000 - 0x00000244bcff3000 	C:\Program Files\Java\openjfx-19_windows-x64_bin-sdk\javafx-sdk-19\bin\api-ms-win-core-synch-l1-1-0.dll
0x00000244bd000000 - 0x00000244bd003000 	C:\Program Files\Java\openjfx-19_windows-x64_bin-sdk\javafx-sdk-19\bin\api-ms-win-core-synch-l1-2-0.dll
0x00000244bd010000 - 0x00000244bd013000 	C:\Program Files\Java\openjfx-19_windows-x64_bin-sdk\javafx-sdk-19\bin\api-ms-win-core-sysinfo-l1-1-0.dll
0x00000244bd020000 - 0x00000244bd023000 	C:\Program Files\Java\openjfx-19_windows-x64_bin-sdk\javafx-sdk-19\bin\api-ms-win-core-timezone-l1-1-0.dll
0x00000244bd030000 - 0x00000244bd033000 	C:\Program Files\Java\openjfx-19_windows-x64_bin-sdk\javafx-sdk-19\bin\api-ms-win-core-util-l1-1-0.dll
0x00000244bd040000 - 0x00000244bd043000 	C:\Program Files\Java\openjfx-19_windows-x64_bin-sdk\javafx-sdk-19\bin\api-ms-win-crt-conio-l1-1-0.dll
0x00000244bd050000 - 0x00000244bd054000 	C:\Program Files\Java\openjfx-19_windows-x64_bin-sdk\javafx-sdk-19\bin\api-ms-win-crt-convert-l1-1-0.dll
0x00000244bd060000 - 0x00000244bd063000 	C:\Program Files\Java\openjfx-19_windows-x64_bin-sdk\javafx-sdk-19\bin\api-ms-win-crt-environment-l1-1-0.dll
0x00000244bd070000 - 0x00000244bd073000 	C:\Program Files\Java\openjfx-19_windows-x64_bin-sdk\javafx-sdk-19\bin\api-ms-win-crt-filesystem-l1-1-0.dll
0x00000244bd080000 - 0x00000244bd083000 	C:\Program Files\Java\openjfx-19_windows-x64_bin-sdk\javafx-sdk-19\bin\api-ms-win-crt-heap-l1-1-0.dll
0x00000244bd090000 - 0x00000244bd093000 	C:\Program Files\Java\openjfx-19_windows-x64_bin-sdk\javafx-sdk-19\bin\api-ms-win-crt-locale-l1-1-0.dll
0x00000244bd0a0000 - 0x00000244bd0a5000 	C:\Program Files\Java\openjfx-19_windows-x64_bin-sdk\javafx-sdk-19\bin\api-ms-win-crt-math-l1-1-0.dll
0x00000244bd0b0000 - 0x00000244bd0b5000 	C:\Program Files\Java\openjfx-19_windows-x64_bin-sdk\javafx-sdk-19\bin\api-ms-win-crt-multibyte-l1-1-0.dll
0x00000244bd0c0000 - 0x00000244bd0d0000 	C:\Program Files\Java\openjfx-19_windows-x64_bin-sdk\javafx-sdk-19\bin\api-ms-win-crt-private-l1-1-0.dll
0x00000244bd0d0000 - 0x00000244bd0d3000 	C:\Program Files\Java\openjfx-19_windows-x64_bin-sdk\javafx-sdk-19\bin\api-ms-win-crt-process-l1-1-0.dll
0x00000244bd0e0000 - 0x00000244bd0e4000 	C:\Program Files\Java\openjfx-19_windows-x64_bin-sdk\javafx-sdk-19\bin\api-ms-win-crt-runtime-l1-1-0.dll
0x00000244bd0f0000 - 0x00000244bd0f4000 	C:\Program Files\Java\openjfx-19_windows-x64_bin-sdk\javafx-sdk-19\bin\api-ms-win-crt-stdio-l1-1-0.dll
0x00000244bd100000 - 0x00000244bd104000 	C:\Program Files\Java\openjfx-19_windows-x64_bin-sdk\javafx-sdk-19\bin\api-ms-win-crt-string-l1-1-0.dll
0x00000244bd110000 - 0x00000244bd113000 	C:\Program Files\Java\openjfx-19_windows-x64_bin-sdk\javafx-sdk-19\bin\api-ms-win-crt-time-l1-1-0.dll
0x00000244bd120000 - 0x00000244bd123000 	C:\Program Files\Java\openjfx-19_windows-x64_bin-sdk\javafx-sdk-19\bin\api-ms-win-crt-utility-l1-1-0.dll
0x00007ffe94a00000 - 0x00007ffe94afc000 	C:\Program Files\Java\openjfx-19_windows-x64_bin-sdk\javafx-sdk-19\bin\ucrtbase.dll
0x00007ffe949e0000 - 0x00007ffe949fb000 	C:\Program Files\Java\openjfx-19_windows-x64_bin-sdk\javafx-sdk-19\bin\vcruntime140.dll
0x00007ffeaa8a0000 - 0x00007ffeaa8ac000 	C:\Program Files\Java\openjfx-19_windows-x64_bin-sdk\javafx-sdk-19\bin\vcruntime140_1.dll
0x00007ffe88810000 - 0x00007ffe8889e000 	C:\Program Files\Java\openjfx-19_windows-x64_bin-sdk\javafx-sdk-19\bin\msvcp140.dll
0x00007ffe94fa0000 - 0x00007ffe94fa9000 	C:\Program Files\Java\openjfx-19_windows-x64_bin-sdk\javafx-sdk-19\bin\msvcp140_1.dll
0x00007ffe907b0000 - 0x00007ffe907e0000 	C:\Program Files\Java\openjfx-19_windows-x64_bin-sdk\javafx-sdk-19\bin\msvcp140_2.dll
0x00007ffe90620000 - 0x00007ffe9064c000 	C:\Program Files\Java\openjfx-19_windows-x64_bin-sdk\javafx-sdk-19\bin\prism_d3d.dll
0x00007ffe9d6d0000 - 0x00007ffe9d89f000 	C:\Windows\system32\d3d9.dll
0x00007ffead300000 - 0x00007ffead32f000 	C:\Windows\SYSTEM32\dwmapi.dll
0x00007ffead000000 - 0x00007ffead09e000 	C:\Windows\system32\uxtheme.dll
0x00007ffe59780000 - 0x00007ffe598e5000 	C:\Windows\System32\DriverStore\FileRepository\72_lenovo_kabylake_hws_iigd_dch.inf_amd64_d630775471e98fa9\igdumdim64.dll
0x00007ffeb0fd0000 - 0x00007ffeb10fa000 	C:\Windows\System32\ole32.dll
0x00007ffe484c0000 - 0x00007ffe4cec9000 	C:\Windows\System32\DriverStore\FileRepository\72_lenovo_kabylake_hws_iigd_dch.inf_amd64_d630775471e98fa9\igd9dxva64.dll
0x00007ffeb11b0000 - 0x00007ffeb127d000 	C:\Windows\System32\OLEAUT32.dll
0x00007ffeb0820000 - 0x00007ffeb0c88000 	C:\Windows\System32\SETUPAPI.dll
0x00007ffeb0470000 - 0x00007ffeb04be000 	C:\Windows\System32\cfgmgr32.dll
0x00007ffeb00d0000 - 0x00007ffeb00f7000 	C:\Windows\System32\bcrypt.dll
0x00007ffea2260000 - 0x00007ffea2591000 	C:\Windows\System32\DriverStore\FileRepository\72_lenovo_kabylake_hws_iigd_dch.inf_amd64_d630775471e98fa9\igdgmm64.dll
0x00007ffe883c0000 - 0x00007ffe88402000 	C:\Program Files\Java\openjfx-19_windows-x64_bin-sdk\javafx-sdk-19\bin\glass.dll
0x00007ffeb22f0000 - 0x00007ffeb23ca000 	C:\Windows\System32\COMDLG32.dll
0x00007ffeb1b90000 - 0x00007ffeb1ca5000 	C:\Windows\System32\MSCTF.dll
0x00007ffe980e0000 - 0x00007ffe98107000 	C:\Windows\System32\DriverStore\FileRepository\72_lenovo_kabylake_hws_iigd_dch.inf_amd64_d630775471e98fa9\igdinfo64.dll
0x00007ffeaf530000 - 0x00007ffeaf548000 	C:\Windows\SYSTEM32\CRYPTSP.dll
0x00007ffeaebe0000 - 0x00007ffeaec14000 	C:\Windows\system32\rsaenh.dll
0x00007ffeaf520000 - 0x00007ffeaf52c000 	C:\Windows\SYSTEM32\CRYPTBASE.dll
0x00007ffe9e320000 - 0x00007ffea105c000 	C:\Windows\System32\DriverStore\FileRepository\72_lenovo_kabylake_hws_iigd_dch.inf_amd64_d630775471e98fa9\igc64.dll
0x00007ffea4b30000 - 0x00007ffea4b6b000 	C:\Windows\SYSTEM32\dxcore.dll
0x00007ffe949c0000 - 0x00007ffe949d4000 	C:\Program Files\Java\openjfx-19_windows-x64_bin-sdk\javafx-sdk-19\bin\javafx_font.dll
0x00007ffe9c410000 - 0x00007ffe9c68f000 	C:\Windows\SYSTEM32\dwrite.dll
0x00007ffeb0d40000 - 0x00007ffeb0def000 	C:\Windows\System32\clbcatq.dll
0x00007ffea7810000 - 0x00007ffea79c4000 	C:\Windows\SYSTEM32\WindowsCodecs.dll
0x00007ffe81220000 - 0x00007ffe8125e000 	C:\Windows\system32\dataexchange.dll
0x00007ffeab7e0000 - 0x00007ffeaba43000 	C:\Windows\system32\d3d11.dll
0x00007ffeac3b0000 - 0x00007ffeac593000 	C:\Windows\system32\dcomp.dll
0x00007ffeae430000 - 0x00007ffeae523000 	C:\Windows\system32\dxgi.dll
0x00007ffea8090000 - 0x00007ffea8290000 	C:\Windows\system32\twinapi.appcore.dll
0x00007ffe85db0000 - 0x00007ffe85de4000 	C:\Program Files\Common Files\Microsoft Shared\Ink\rtscom.dll
0x00007ffea29a0000 - 0x00007ffea2a99000 	C:\Windows\SYSTEM32\textinputframework.dll
0x00007ffeacc80000 - 0x00007ffeacd72000 	C:\Windows\System32\CoreMessaging.dll
0x00007ffeac920000 - 0x00007ffeacc7e000 	C:\Windows\System32\CoreUIComponents.dll

dbghelp: loaded successfully - version: 4.0.5 - missing functions: none
symbol engine: initialized successfully - sym options: 0x614 - pdb path: .;C:\Program Files\Java\jdk-18.0.2.1\bin;C:\Windows\SYSTEM32;C:\Windows\WinSxS\amd64_microsoft.windows.common-controls_6595b64144ccf1df_6.0.19041.1110_none_60b5254171f9507e;C:\Program Files\Java\jdk-18.0.2.1\bin\server;C:\Program Files\JetBrains\IntelliJ IDEA Community Edition 2022.2.1\bin;C:\Program Files\Java\openjfx-19_windows-x64_bin-sdk\javafx-sdk-19\bin;C:\Windows\System32\DriverStore\FileRepository\72_lenovo_kabylake_hws_iigd_dch.inf_amd64_d630775471e98fa9;C:\Program Files\Common Files\Microsoft Shared\Ink

VM Arguments:
jvm_args: --module-path=C:/Program Files/Java/openjfx-19_windows-x64_bin-sdk/javafx-sdk-19/lib --add-modules=javafx.controls,javafx.fxml -javaagent:C:\Program Files\JetBrains\IntelliJ IDEA Community Edition 2022.2.1\lib\idea_rt.jar=60059:C:\Program Files\JetBrains\IntelliJ IDEA Community Edition 2022.2.1\bin -Dfile.encoding=UTF-8 -Dsun.stdout.encoding=UTF-8 -Dsun.stderr.encoding=UTF-8 
java_command: Client
java_class_path (initial): E:\prog 5\\kurs\out\production\Client;C:\Program Files\Java\openjfx-19_windows-x64_bin-sdk\javafx-sdk-19\lib\javafx-swt.jar;C:\Program Files\Java\openjfx-19_windows-x64_bin-sdk\javafx-sdk-19\lib\javafx.web.jar;C:\Program Files\Java\openjfx-19_windows-x64_bin-sdk\javafx-sdk-19\lib\javafx.base.jar;C:\Program Files\Java\openjfx-19_windows-x64_bin-sdk\javafx-sdk-19\lib\javafx.fxml.jar;C:\Program Files\Java\openjfx-19_windows-x64_bin-sdk\javafx-sdk-19\lib\javafx.media.jar;C:\Program Files\Java\openjfx-19_windows-x64_bin-sdk\javafx-sdk-19\lib\javafx.swing.jar;C:\Program Files\Java\openjfx-19_windows-x64_bin-sdk\javafx-sdk-19\lib\javafx.controls.jar;C:\Program Files\Java\openjfx-19_windows-x64_bin-sdk\javafx-sdk-19\lib\javafx.graphics.jar;C:\Users\\Downloads\mysql-connector-java-8.0.26.jar;E:\prog 5\\kurs\out\production\kurs;C:\Program Files\Java\jdk-18.0.2.1\lib\jrt-fs.jar
Launcher Type: SUN_STANDARD

[Global flags]
     intx CICompilerCount                          = 3                                         {product} {ergonomic}
     uint ConcGCThreads                            = 1                                         {product} {ergonomic}
     uint G1ConcRefinementThreads                  = 4                                         {product} {ergonomic}
   size_t G1HeapRegionSize                         = 1048576                                   {product} {ergonomic}
    uintx GCDrainStackTargetSize                   = 64                                        {product} {ergonomic}
   size_t InitialHeapSize                          = 134217728                                 {product} {ergonomic}
   size_t MarkStackSize                            = 4194304                                   {product} {ergonomic}
   size_t MaxHeapSize                              = 2116026368                                {product} {ergonomic}
   size_t MaxNewSize                               = 1268776960                                {product} {ergonomic}
   size_t MinHeapDeltaBytes                        = 1048576                                   {product} {ergonomic}
   size_t MinHeapSize                              = 8388608                                   {product} {ergonomic}
    uintx NonNMethodCodeHeapSize                   = 5832780                                {pd product} {ergonomic}
    uintx NonProfiledCodeHeapSize                  = 122912730                              {pd product} {ergonomic}
    uintx ProfiledCodeHeapSize                     = 122912730                              {pd product} {ergonomic}
    uintx ReservedCodeCacheSize                    = 251658240                              {pd product} {ergonomic}
     bool SegmentedCodeCache                       = true                                      {product} {ergonomic}
   size_t SoftMaxHeapSize                          = 2116026368                             {manageable} {ergonomic}
     bool UseCompressedClassPointers               = true                           {product lp64_product} {ergonomic}
     bool UseCompressedOops                        = true                           {product lp64_product} {ergonomic}
     bool UseG1GC                                  = true                                      {product} {ergonomic}
     bool UseLargePagesIndividualAllocation        = false                                  {pd product} {ergonomic}

Logging:
Log output configuration:
 #0: stdout all=off uptime,level,tags foldmultilines=false
 #1: stderr all=off uptime,level,tags foldmultilines=false

Environment Variables:
PATH=C:\Program Files\Common Files\Oracle\Java\javapath;C:\Program Files (x86)\Common Files\Oracle\Java\javapath;C:\Windows\system32;C:\Windows;C:\Windows\System32\Wbem;C:\Windows\System32\WindowsPowerShell\v1.0\;C:\Windows\System32\OpenSSH\;C:\Program Files (x86)\NVIDIA Corporation\PhysX\Common;C:\Program Files\NVIDIA Corporation\NVIDIA NvDLISR;C:\Program Files\Azure Data Studio\bin;C:\Program Files\MySQL\MySQL Shell 8.0\bin\;C:\Users\\AppData\Local\Microsoft\WindowsApps;;C:\Program Files\Azure Data Studio\bin
USERNAME=
OS=Windows_NT
PROCESSOR_IDENTIFIER=Intel64 Family 6 Model 142 Stepping 9, GenuineIntel



---------------  S Y S T E M  ---------------

OS:
 Windows 10 , 64 bit Build 19041 (10.0.19041.2251)
OS uptime: 0 days 1:13 hours

CPU: total 4 (initial active 4) (2 cores per cpu, 2 threads per core) family 6 model 142 stepping 9 microcode 0xd6, cx8, cmov, fxsr, ht, mmx, 3dnowpref, sse, sse2, sse3, ssse3, sse4.1, sse4.2, popcnt, lzcnt, tsc, tscinvbit, avx, avx2, aes, erms, clmul, bmi1, bmi2, adx, fma, vzeroupper, clflush, clflushopt

Memory: 4k page, system-wide physical 8066M (1717M free)
TotalPageFile size 14466M (AvailPageFile size 6282M)
current process WorkingSet (physical memory assigned to process): 184M, peak: 195M
current process commit charge ("private bytes"): 294M, peak: 303M

vm_info: Java HotSpot(TM) 64-Bit Server VM (18.0.2.1+1-1) for windows-amd64 JRE (18.0.2.1+1-1), built on Aug 16 2022 01:46:33 by "mach5one" with MS VC++ 16.8 / 16.9 (VS2019)

END.
