#
# A fatal error has been detected by the Java Runtime Environment:
#
#  EXCEPTION_ACCESS_VIOLATION (0xc0000005) at pc=0x00007ffe883e63b7, pid=4932, tid=9168
#
# JRE version: Java(TM) SE Runtime Environment (18.0.2.1+1) (build 18.0.2.1+1-1)
# Java VM: Java HotSpot(TM) 64-Bit Server VM (18.0.2.1+1-1, mixed mode, sharing, tiered, compressed oops, compressed class ptrs, g1 gc, windows-amd64)
# Problematic frame:
# C  [glass.dll+0x263b7]
#
# No core dump will be written. Minidumps are not enabled by default on client versions of Windows
#
# If you would like to submit a bug report, please visit:
#   https://bugreport.java.com/bugreport/crash.jsp
#

---------------  S U M M A R Y ------------

Command Line: --module-path=C:/Program Files/Java/openjfx-19_windows-x64_bin-sdk/javafx-sdk-19/lib --add-modules=javafx.controls,javafx.fxml -javaagent:C:\Program Files\JetBrains\IntelliJ IDEA Community Edition 2022.2.1\lib\idea_rt.jar=60041:C:\Program Files\JetBrains\IntelliJ IDEA Community Edition 2022.2.1\bin -Dfile.encoding=UTF-8 -Dsun.stdout.encoding=UTF-8 -Dsun.stderr.encoding=UTF-8 Client

Host: Intel(R) Core(TM) i3-7130U CPU @ 2.70GHz, 4 cores, 7G,  Windows 10 , 64 bit Build 19041 (10.0.19041.2251)
Time: Wed Dec  7 16:50:41 2022  Windows 10 , 64 bit Build 19041 (10.0.19041.2251) elapsed time: 130.083653 seconds (0d 0h 2m 10s)

---------------  T H R E A D  ---------------

Current thread (0x000001683c389d60):  VMThread "VM Thread" [stack: 0x0000001573100000,0x0000001573200000] [id=9168]

Stack: [0x0000001573100000,0x0000001573200000],  sp=0x00000015731fef20,  free space=1019k
Native frames: (J=compiled Java code, j=interpreted, Vv=VM code, C=native code)
C  [glass.dll+0x263b7]


siginfo: EXCEPTION_ACCESS_VIOLATION (0xc0000005), reading address 0x0000000000000000


Register to memory mapping:

RIP=0x00007ffe883e63b7 glass.dll
RAX=0x0 is NULL
RBX=0x000001683c398e60 is a global jni handle
RCX=0x000001683c389d60 points into unknown readable memory: 0x00007ffe4d87ea28 | 28 ea 87 4d fe 7f 00 00
RDX=0x00000015731fef20 points into unknown readable memory: 0x0000000000000000 | 00 00 00 00 00 00 00 00
RSP=0x00000015731fef20 points into unknown readable memory: 0x0000000000000000 | 00 00 00 00 00 00 00 00
RBP=0x0000016840cc4818 points into unknown readable memory: 0x00009152b07290d0 | d0 90 72 b0 52 91 00 00
RSI=0x0000016840cc47f0 points into unknown readable memory: 0x7ffe196c887a90d0 | d0 90 7a 88 6c 19 fe 7f
RDI=0x00009152b07290d0 is an unknown value
R8 =0x0000000000010002 is an unknown value
R9 =0x00009152b07290d0 is an unknown value
R10=0x0000000000008000 is an unknown value
R11=0x00000015731feeb0 points into unknown readable memory: 0x0000016840cc47f0 | f0 47 cc 40 68 01 00 00
R12=0x00007ffe883e3cf0 glass.dll
R13=0x00007ffe4da40c00 jvm.dll
R14=0x00000015731ff018 points into unknown readable memory: 0x00000015731ff000 | 00 f0 1f 73 15 00 00 00
R15=0x0000016840cc47f0 points into unknown readable memory: 0x7ffe196c887a90d0 | d0 90 7a 88 6c 19 fe 7f


Registers:
RAX=0x0000000000000000, RBX=0x000001683c398e60, RCX=0x000001683c389d60, RDX=0x00000015731fef20
RSP=0x00000015731fef20, RBP=0x0000016840cc4818, RSI=0x0000016840cc47f0, RDI=0x00009152b07290d0
R8 =0x0000000000010002, R9 =0x00009152b07290d0, R10=0x0000000000008000, R11=0x00000015731feeb0
R12=0x00007ffe883e3cf0, R13=0x00007ffe4da40c00, R14=0x00000015731ff018, R15=0x0000016840cc47f0
RIP=0x00007ffe883e63b7, EFLAGS=0x0000000000010206

Top of Stack: (sp=0x00000015731fef20)
0x00000015731fef20:   0000000000000000 0000016840cc47f0
0x00000015731fef30:   00007ffe4da40c00 00007ffe883e3cf0
0x00000015731fef40:   0000016840cc47f8 00007ffeb03842d6
0x00000015731fef50:   00009152b07290d0 0000016800000000
0x00000015731fef60:   0000016840cc4818 0000016840cc47f0
0x00000015731fef70:   fffffffffffffffe 0000000000000000
0x00000015731fef80:   0000000000000001 00007ffe883c0000
0x00000015731fef90:   00000015731ff008 00007ffeb03841fb
0x00000015731fefa0:   0000000000000000 00000015731ff018
0x00000015731fefb0:   00000015731ff2e0 00007ffeb0460e40
0x00000015731fefc0:   0000000000000001 00007ffeb03841b4
0x00000015731fefd0:   0000000000000000 0000000000000001
0x00000015731fefe0:   00007ffe00000001 00000015731ff008
0x00000015731feff0:   0000000000000000 00007ffe883e3b7d
0x00000015731ff000:   00007ffe883f9f88 00007ffe00000002
0x00000015731ff010:   0000000000000002 00000015731ff000 

Instructions: (pc=0x00007ffe883e63b7)
0x00007ffe883e62b7:   8b 4d 58 e8 7d cf ff ff 48 8b 4d 60 e8 74 cf ff
0x00007ffe883e62c7:   ff 48 8b 95 80 00 00 00 48 8b 8d 18 01 00 00 e8
0x00007ffe883e62d7:   66 c4 ff ff 33 d2 33 c9 e8 bc e1 ff ff 90 48 89
0x00007ffe883e62e7:   54 24 10 55 48 83 ec 20 48 8b ea 48 b8 00 00 00
0x00007ffe883e62f7:   00 00 00 00 00 48 83 c4 20 5d c3 cc 40 55 48 8b
0x00007ffe883e6307:   ea 48 8b 01 33 c9 81 38 05 00 00 c0 0f 94 c1 8b
0x00007ffe883e6317:   c1 5d c3 cc 40 55 48 83 ec 20 48 8b ea 8a 4d 40
0x00007ffe883e6327:   48 83 c4 20 5d e9 63 d3 ff ff cc 40 55 48 83 ec
0x00007ffe883e6337:   20 48 8b ea 8a 4d 20 e8 51 d3 ff ff 90 48 83 c4
0x00007ffe883e6347:   20 5d c3 cc 40 55 48 83 ec 20 48 8b ea 48 83 c4
0x00007ffe883e6357:   20 5d e9 b2 d1 ff ff cc 40 55 48 83 ec 30 48 8b
0x00007ffe883e6367:   ea 48 8b 01 8b 10 48 89 4c 24 28 89 54 24 20 4c
0x00007ffe883e6377:   8d 0d 53 d6 ff ff 4c 8b 45 70 8b 55 68 48 8b 4d
0x00007ffe883e6387:   60 e8 f3 d0 ff ff 90 48 83 c4 30 5d c3 cc cc cc
0x00007ffe883e6397:   cc cc cc cc cc cc cc cc cc 40 53 48 83 ec 20 48
0x00007ffe883e63a7:   8b 1d db 35 01 00 48 85 db 74 16 e8 79 8b ff ff
0x00007ffe883e63b7:   4c 8b 00 48 8b d3 48 8b c8 41 ff 90 b0 00 00 00
0x00007ffe883e63c7:   90 48 83 c4 20 5b c3 cc cc 40 53 48 83 ec 20 48
0x00007ffe883e63d7:   8b 1d 4b 37 01 00 48 85 db 74 57 b8 ff ff ff ff
0x00007ffe883e63e7:   f0 0f c1 43 10 83 f8 01 75 3d 48 85 db 74 38 48
0x00007ffe883e63f7:   8b 0b 48 85 c9 74 0d ff 15 a4 0e 00 00 48 c7 03
0x00007ffe883e6407:   00 00 00 00 48 8b 4b 08 48 85 c9 74 0d e8 23 ce
0x00007ffe883e6417:   ff ff 48 c7 43 08 00 00 00 00 ba 18 00 00 00 48
0x00007ffe883e6427:   8b cb e8 0e ce ff ff 48 c7 05 ef 36 01 00 00 00
0x00007ffe883e6437:   00 00 48 83 c4 20 5b c3 cc 40 53 48 83 ec 20 48
0x00007ffe883e6447:   8b 1d bb 36 01 00 48 85 db 74 57 b8 ff ff ff ff
0x00007ffe883e6457:   f0 0f c1 43 10 83 f8 01 75 3d 48 85 db 74 38 48
0x00007ffe883e6467:   8b 0b 48 85 c9 74 0d ff 15 34 0e 00 00 48 c7 03
0x00007ffe883e6477:   00 00 00 00 48 8b 4b 08 48 85 c9 74 0d e8 b3 cd
0x00007ffe883e6487:   ff ff 48 c7 43 08 00 00 00 00 ba 18 00 00 00 48
0x00007ffe883e6497:   8b cb e8 9e cd ff ff 48 c7 05 5f 36 01 00 00 00
0x00007ffe883e64a7:   00 00 48 83 c4 20 5b c3 cc 40 53 48 83 ec 20 48 


Stack slot to memory mapping:
stack at sp + 0 slots: 0x0 is NULL
stack at sp + 1 slots: 0x0000016840cc47f0 points into unknown readable memory: 0x7ffe196c887a90d0 | d0 90 7a 88 6c 19 fe 7f
stack at sp + 2 slots: 0x00007ffe4da40c00 jvm.dll
stack at sp + 3 slots: 0x00007ffe883e3cf0 glass.dll
stack at sp + 4 slots: 0x0000016840cc47f8 points into unknown readable memory: 0x00009152b07290d0 | d0 90 72 b0 52 91 00 00
stack at sp + 5 slots: 0x00007ffeb03842d6 ucrtbase.dll
stack at sp + 6 slots: 0x00009152b07290d0 is an unknown value
stack at sp + 7 slots: 0x0000016800000000 is an unknown value

VM_Operation (0x00000015728fef90): Exit, mode: safepoint, requested by thread 0x00000168461fb910


---------------  P R O C E S S  ---------------

Threads class SMR info:
_java_thread_list=0x00000168461296b0, length=21, elements={
0x000001681ead0590, 0x000001683c38e7c0, 0x000001683c38fa40, 0x000001683c3aa8a0,
0x000001683c3ab650, 0x000001683c3ad8e0, 0x000001683c3aea20, 0x000001683c3b54e0,
0x000001683c3c0250, 0x000001683c41f1e0, 0x000001683c37c660, 0x0000016840994f00,
0x0000016840bfe9a0, 0x0000016840cd7d10, 0x0000016840f79340, 0x0000016840babfe0,
0x00000168410db4f0, 0x00000168410d9c70, 0x0000016841357e20, 0x0000016841354930,
0x00000168461fb910
}

Java Threads: ( => current thread )
  0x000001681ead0590 JavaThread "main" [_thread_blocked, id=3852, stack(0x0000001572b00000,0x0000001572c00000)]
  0x000001683c38e7c0 JavaThread "Reference Handler" daemon [_thread_blocked, id=9116, stack(0x0000001573200000,0x0000001573300000)]
  0x000001683c38fa40 JavaThread "Finalizer" daemon [_thread_blocked, id=3956, stack(0x0000001573300000,0x0000001573400000)]
  0x000001683c3aa8a0 JavaThread "Signal Dispatcher" daemon [_thread_blocked, id=6400, stack(0x0000001573400000,0x0000001573500000)]
  0x000001683c3ab650 JavaThread "Attach Listener" daemon [_thread_blocked, id=8752, stack(0x0000001573500000,0x0000001573600000)]
  0x000001683c3ad8e0 JavaThread "Service Thread" daemon [_thread_blocked, id=5944, stack(0x0000001573600000,0x0000001573700000)]
  0x000001683c3aea20 JavaThread "Monitor Deflation Thread" daemon [_thread_blocked, id=6724, stack(0x0000001573700000,0x0000001573800000)]
  0x000001683c3b54e0 JavaThread "C2 CompilerThread0" daemon [_thread_blocked, id=8692, stack(0x0000001573800000,0x0000001573900000)]
  0x000001683c3c0250 JavaThread "C1 CompilerThread0" daemon [_thread_blocked, id=6952, stack(0x0000001573900000,0x0000001573a00000)]
  0x000001683c41f1e0 JavaThread "Sweeper thread" daemon [_thread_blocked, id=3352, stack(0x0000001573a00000,0x0000001573b00000)]
  0x000001683c37c660 JavaThread "Common-Cleaner" daemon [_thread_blocked, id=3500, stack(0x0000001573b00000,0x0000001573c00000)]
  0x0000016840994f00 JavaThread "Monitor Ctrl-Break" daemon [_thread_in_native, id=5964, stack(0x0000001573d00000,0x0000001573e00000)]
  0x0000016840bfe9a0 JavaThread "Notification Thread" daemon [_thread_blocked, id=9792, stack(0x0000001573e00000,0x0000001573f00000)]
  0x0000016840cd7d10 JavaThread "QuantumRenderer-0" daemon [_thread_blocked, id=9848, stack(0x0000001574000000,0x0000001574100000)]
  0x0000016840f79340 JavaThread "InvokeLaterDispatcher" daemon [_thread_blocked, id=10988, stack(0x0000001574100000,0x0000001574200000)]
  0x0000016840babfe0 JavaThread "JavaFX Application Thread" [_thread_in_native, id=4628, stack(0x0000001574200000,0x0000001574300000)]
  0x00000168410db4f0 JavaThread "Thread-1" daemon [_thread_in_native, id=10264, stack(0x0000001574900000,0x0000001574a00000)]
  0x00000168410d9c70 JavaThread "JavaFX-Launcher" [_thread_blocked, id=7344, stack(0x0000001574a00000,0x0000001574b00000)]
  0x0000016841357e20 JavaThread "Prism Font Disposer" daemon [_thread_blocked, id=7456, stack(0x0000001574e00000,0x0000001574f00000)]
  0x0000016841354930 JavaThread "Cleaner-0" daemon [_thread_blocked, id=4552, stack(0x0000001574f00000,0x0000001575000000)]
  0x00000168461fb910 JavaThread "SIGINT handler" daemon [_thread_blocked, id=10808, stack(0x0000001572800000,0x0000001572900000)]

Other Threads:
=>0x000001683c389d60 VMThread "VM Thread" [stack: 0x0000001573100000,0x0000001573200000] [id=9168]
  0x000001681eb2e7d0 WorkerThread "GC Thread#0" [stack: 0x0000001572c00000,0x0000001572d00000] [id=7068]
  0x0000016840f70700 WorkerThread "GC Thread#1" [stack: 0x0000001574300000,0x0000001574400000] [id=9732]
  0x0000016840f709a0 WorkerThread "GC Thread#2" [stack: 0x0000001574400000,0x0000001574500000] [id=6524]
  0x0000016840f70c40 WorkerThread "GC Thread#3" [stack: 0x0000001574500000,0x0000001574600000] [id=3932]
  0x000001681eb40350 ConcurrentGCThread "G1 Main Marker" terminated
  0x000001681eb414e0 WorkerThread "G1 Conc#0" [stack: 0x0000001572e00000,0x0000001572f00000] [id=7640]
  0x000001681eb80b40 ConcurrentGCThread "G1 Refine#0" terminated
  0x000001681eb81450 ConcurrentGCThread "G1 Service" terminated

Threads with active compile tasks:

VM state: at safepoint (shutting down)

VM Mutex/Monitor currently owned by a thread:  ([mutex/lock_event])
[0x000001681eace660] Threads_lock - owner thread: 0x000001683c389d60
[0x000001681eacfce0] Heap_lock - owner thread: 0x00000168461fb910

Heap address: 0x0000000081e00000, size: 2018 MB, Compressed Oops mode: 32-bit

CDS archive(s) mapped at: [0x0000000800000000-0x0000000800ba0000-0x0000000800ba0000), size 12189696, SharedBaseAddress: 0x0000000800000000, ArchiveRelocationMode: 0.
Compressed class space mapped at: 0x0000000800c00000-0x0000000840c00000, reserved size: 1073741824
Narrow klass base: 0x0000000800000000, Narrow klass shift: 0, Narrow klass range: 0x100000000

GC Precious Log:
 CardTable entry size: 512
 Card Set container configuration: InlinePtr #cards 5 size 8 Array Of Cards #cards 12 size 40 Howl #buckets 4 coarsen threshold 1843 Howl Bitmap #cards 512 size 80 coarsen threshold 460 Card regions per heap region 1 cards per card region 2048
 CPUs: 4 total, 4 available
 Memory: 8066M
 Large Page Support: Disabled
 NUMA Support: Disabled
 Compressed Oops: Enabled (32-bit)
 Heap Region Size: 1M
 Heap Min Capacity: 8M
 Heap Initial Capacity: 128M
 Heap Max Capacity: 2018M
 Pre-touch: Disabled
 Parallel Workers: 4
 Concurrent Workers: 1
 Concurrent Refinement Workers: 4
 Periodic GC: Disabled

Heap:
 garbage-first heap   total 131072K, used 48970K [0x0000000081e00000, 0x0000000100000000)
  region size 1024K, 45 young (46080K), 3 survivors (3072K)
 Metaspace       used 18581K, committed 18880K, reserved 1114112K
  class space    used 2714K, committed 2880K, reserved 1048576K

Heap Regions: E=young(eden), S=young(survivor), O=old, HS=humongous(starts), HC=humongous(continues), CS=collection set, F=free, OA=open archive, CA=closed archive, TAMS=top-at-mark-start (previous, next)
|   0|0x0000000081e00000, 0x0000000081f00000, 0x0000000081f00000|100%| O|  |TAMS 0x0000000081e00000, 0x0000000081e00000| Untracked 
|   1|0x0000000081f00000, 0x0000000082000000, 0x0000000082000000|100%| O|  |TAMS 0x0000000081f00000, 0x0000000081f00000| Untracked 
|   2|0x0000000082000000, 0x0000000082006200, 0x0000000082100000|  2%| O|  |TAMS 0x0000000082000000, 0x0000000082000000| Untracked 
|   3|0x0000000082100000, 0x0000000082200000, 0x0000000082200000|100%|HS|  |TAMS 0x0000000082100000, 0x0000000082100000| Complete 
|   4|0x0000000082200000, 0x0000000082300000, 0x0000000082300000|100%|HC|  |TAMS 0x0000000082200000, 0x0000000082200000| Complete 
|   5|0x0000000082300000, 0x0000000082300000, 0x0000000082400000|  0%| F|  |TAMS 0x0000000082300000, 0x0000000082300000| Untracked 
|   6|0x0000000082400000, 0x0000000082400000, 0x0000000082500000|  0%| F|  |TAMS 0x0000000082400000, 0x0000000082400000| Untracked 
|   7|0x0000000082500000, 0x0000000082500000, 0x0000000082600000|  0%| F|  |TAMS 0x0000000082500000, 0x0000000082500000| Untracked 
|   8|0x0000000082600000, 0x0000000082600000, 0x0000000082700000|  0%| F|  |TAMS 0x0000000082600000, 0x0000000082600000| Untracked 
|   9|0x0000000082700000, 0x0000000082700000, 0x0000000082800000|  0%| F|  |TAMS 0x0000000082700000, 0x0000000082700000| Untracked 
|  10|0x0000000082800000, 0x0000000082800000, 0x0000000082900000|  0%| F|  |TAMS 0x0000000082800000, 0x0000000082800000| Untracked 
|  11|0x0000000082900000, 0x0000000082900000, 0x0000000082a00000|  0%| F|  |TAMS 0x0000000082900000, 0x0000000082900000| Untracked 
|  12|0x0000000082a00000, 0x0000000082a00000, 0x0000000082b00000|  0%| F|  |TAMS 0x0000000082a00000, 0x0000000082a00000| Untracked 
|  13|0x0000000082b00000, 0x0000000082b00000, 0x0000000082c00000|  0%| F|  |TAMS 0x0000000082b00000, 0x0000000082b00000| Untracked 
|  14|0x0000000082c00000, 0x0000000082c00000, 0x0000000082d00000|  0%| F|  |TAMS 0x0000000082c00000, 0x0000000082c00000| Untracked 
|  15|0x0000000082d00000, 0x0000000082d00000, 0x0000000082e00000|  0%| F|  |TAMS 0x0000000082d00000, 0x0000000082d00000| Untracked 
|  16|0x0000000082e00000, 0x0000000082e00000, 0x0000000082f00000|  0%| F|  |TAMS 0x0000000082e00000, 0x0000000082e00000| Untracked 
|  17|0x0000000082f00000, 0x0000000082f00000, 0x0000000083000000|  0%| F|  |TAMS 0x0000000082f00000, 0x0000000082f00000| Untracked 
|  18|0x0000000083000000, 0x0000000083000000, 0x0000000083100000|  0%| F|  |TAMS 0x0000000083000000, 0x0000000083000000| Untracked 
|  19|0x0000000083100000, 0x0000000083100000, 0x0000000083200000|  0%| F|  |TAMS 0x0000000083100000, 0x0000000083100000| Untracked 
|  20|0x0000000083200000, 0x0000000083200000, 0x0000000083300000|  0%| F|  |TAMS 0x0000000083200000, 0x0000000083200000| Untracked 
|  21|0x0000000083300000, 0x0000000083300000, 0x0000000083400000|  0%| F|  |TAMS 0x0000000083300000, 0x0000000083300000| Untracked 
|  22|0x0000000083400000, 0x0000000083400000, 0x0000000083500000|  0%| F|  |TAMS 0x0000000083400000, 0x0000000083400000| Untracked 
|  23|0x0000000083500000, 0x0000000083500000, 0x0000000083600000|  0%| F|  |TAMS 0x0000000083500000, 0x0000000083500000| Untracked 
|  24|0x0000000083600000, 0x0000000083600000, 0x0000000083700000|  0%| F|  |TAMS 0x0000000083600000, 0x0000000083600000| Untracked 
|  25|0x0000000083700000, 0x0000000083700000, 0x0000000083800000|  0%| F|  |TAMS 0x0000000083700000, 0x0000000083700000| Untracked 
|  26|0x0000000083800000, 0x0000000083800000, 0x0000000083900000|  0%| F|  |TAMS 0x0000000083800000, 0x0000000083800000| Untracked 
|  27|0x0000000083900000, 0x0000000083900000, 0x0000000083a00000|  0%| F|  |TAMS 0x0000000083900000, 0x0000000083900000| Untracked 
|  28|0x0000000083a00000, 0x0000000083a00000, 0x0000000083b00000|  0%| F|  |TAMS 0x0000000083a00000, 0x0000000083a00000| Untracked 
|  29|0x0000000083b00000, 0x0000000083b00000, 0x0000000083c00000|  0%| F|  |TAMS 0x0000000083b00000, 0x0000000083b00000| Untracked 
|  30|0x0000000083c00000, 0x0000000083c00000, 0x0000000083d00000|  0%| F|  |TAMS 0x0000000083c00000, 0x0000000083c00000| Untracked 
|  31|0x0000000083d00000, 0x0000000083d00000, 0x0000000083e00000|  0%| F|  |TAMS 0x0000000083d00000, 0x0000000083d00000| Untracked 
|  32|0x0000000083e00000, 0x0000000083e00000, 0x0000000083f00000|  0%| F|  |TAMS 0x0000000083e00000, 0x0000000083e00000| Untracked 
|  33|0x0000000083f00000, 0x0000000083f00000, 0x0000000084000000|  0%| F|  |TAMS 0x0000000083f00000, 0x0000000083f00000| Untracked 
|  34|0x0000000084000000, 0x0000000084000000, 0x0000000084100000|  0%| F|  |TAMS 0x0000000084000000, 0x0000000084000000| Untracked 
|  35|0x0000000084100000, 0x0000000084100000, 0x0000000084200000|  0%| F|  |TAMS 0x0000000084100000, 0x0000000084100000| Untracked 
|  36|0x0000000084200000, 0x0000000084200000, 0x0000000084300000|  0%| F|  |TAMS 0x0000000084200000, 0x0000000084200000| Untracked 
|  37|0x0000000084300000, 0x0000000084300000, 0x0000000084400000|  0%| F|  |TAMS 0x0000000084300000, 0x0000000084300000| Untracked 
|  38|0x0000000084400000, 0x0000000084400000, 0x0000000084500000|  0%| F|  |TAMS 0x0000000084400000, 0x0000000084400000| Untracked 
|  39|0x0000000084500000, 0x0000000084500000, 0x0000000084600000|  0%| F|  |TAMS 0x0000000084500000, 0x0000000084500000| Untracked 
|  40|0x0000000084600000, 0x0000000084600000, 0x0000000084700000|  0%| F|  |TAMS 0x0000000084600000, 0x0000000084600000| Untracked 
|  41|0x0000000084700000, 0x0000000084700000, 0x0000000084800000|  0%| F|  |TAMS 0x0000000084700000, 0x0000000084700000| Untracked 
|  42|0x0000000084800000, 0x0000000084800000, 0x0000000084900000|  0%| F|  |TAMS 0x0000000084800000, 0x0000000084800000| Untracked 
|  43|0x0000000084900000, 0x0000000084900000, 0x0000000084a00000|  0%| F|  |TAMS 0x0000000084900000, 0x0000000084900000| Untracked 
|  44|0x0000000084a00000, 0x0000000084a00000, 0x0000000084b00000|  0%| F|  |TAMS 0x0000000084a00000, 0x0000000084a00000| Untracked 
|  45|0x0000000084b00000, 0x0000000084b00000, 0x0000000084c00000|  0%| F|  |TAMS 0x0000000084b00000, 0x0000000084b00000| Untracked 
|  46|0x0000000084c00000, 0x0000000084c00000, 0x0000000084d00000|  0%| F|  |TAMS 0x0000000084c00000, 0x0000000084c00000| Untracked 
|  47|0x0000000084d00000, 0x0000000084d00000, 0x0000000084e00000|  0%| F|  |TAMS 0x0000000084d00000, 0x0000000084d00000| Untracked 
|  48|0x0000000084e00000, 0x0000000084e00000, 0x0000000084f00000|  0%| F|  |TAMS 0x0000000084e00000, 0x0000000084e00000| Untracked 
|  49|0x0000000084f00000, 0x0000000084f00000, 0x0000000085000000|  0%| F|  |TAMS 0x0000000084f00000, 0x0000000084f00000| Untracked 
|  50|0x0000000085000000, 0x0000000085000000, 0x0000000085100000|  0%| F|  |TAMS 0x0000000085000000, 0x0000000085000000| Untracked 
|  51|0x0000000085100000, 0x0000000085100000, 0x0000000085200000|  0%| F|  |TAMS 0x0000000085100000, 0x0000000085100000| Untracked 
|  52|0x0000000085200000, 0x0000000085200000, 0x0000000085300000|  0%| F|  |TAMS 0x0000000085200000, 0x0000000085200000| Untracked 
|  53|0x0000000085300000, 0x0000000085300000, 0x0000000085400000|  0%| F|  |TAMS 0x0000000085300000, 0x0000000085300000| Untracked 
|  54|0x0000000085400000, 0x0000000085400000, 0x0000000085500000|  0%| F|  |TAMS 0x0000000085400000, 0x0000000085400000| Untracked 
|  55|0x0000000085500000, 0x0000000085500000, 0x0000000085600000|  0%| F|  |TAMS 0x0000000085500000, 0x0000000085500000| Untracked 
|  56|0x0000000085600000, 0x0000000085600000, 0x0000000085700000|  0%| F|  |TAMS 0x0000000085600000, 0x0000000085600000| Untracked 
|  57|0x0000000085700000, 0x0000000085700000, 0x0000000085800000|  0%| F|  |TAMS 0x0000000085700000, 0x0000000085700000| Untracked 
|  58|0x0000000085800000, 0x0000000085800000, 0x0000000085900000|  0%| F|  |TAMS 0x0000000085800000, 0x0000000085800000| Untracked 
|  59|0x0000000085900000, 0x0000000085900000, 0x0000000085a00000|  0%| F|  |TAMS 0x0000000085900000, 0x0000000085900000| Untracked 
|  60|0x0000000085a00000, 0x0000000085a00000, 0x0000000085b00000|  0%| F|  |TAMS 0x0000000085a00000, 0x0000000085a00000| Untracked 
|  61|0x0000000085b00000, 0x0000000085b00000, 0x0000000085c00000|  0%| F|  |TAMS 0x0000000085b00000, 0x0000000085b00000| Untracked 
|  62|0x0000000085c00000, 0x0000000085c00000, 0x0000000085d00000|  0%| F|  |TAMS 0x0000000085c00000, 0x0000000085c00000| Untracked 
|  63|0x0000000085d00000, 0x0000000085d00000, 0x0000000085e00000|  0%| F|  |TAMS 0x0000000085d00000, 0x0000000085d00000| Untracked 
|  64|0x0000000085e00000, 0x0000000085e00000, 0x0000000085f00000|  0%| F|  |TAMS 0x0000000085e00000, 0x0000000085e00000| Untracked 
|  65|0x0000000085f00000, 0x0000000085f00000, 0x0000000086000000|  0%| F|  |TAMS 0x0000000085f00000, 0x0000000085f00000| Untracked 
|  66|0x0000000086000000, 0x0000000086000000, 0x0000000086100000|  0%| F|  |TAMS 0x0000000086000000, 0x0000000086000000| Untracked 
|  67|0x0000000086100000, 0x0000000086100000, 0x0000000086200000|  0%| F|  |TAMS 0x0000000086100000, 0x0000000086100000| Untracked 
|  68|0x0000000086200000, 0x0000000086200000, 0x0000000086300000|  0%| F|  |TAMS 0x0000000086200000, 0x0000000086200000| Untracked 
|  69|0x0000000086300000, 0x0000000086300000, 0x0000000086400000|  0%| F|  |TAMS 0x0000000086300000, 0x0000000086300000| Untracked 
|  70|0x0000000086400000, 0x0000000086400000, 0x0000000086500000|  0%| F|  |TAMS 0x0000000086400000, 0x0000000086400000| Untracked 
|  71|0x0000000086500000, 0x0000000086500000, 0x0000000086600000|  0%| F|  |TAMS 0x0000000086500000, 0x0000000086500000| Untracked 
|  72|0x0000000086600000, 0x0000000086600000, 0x0000000086700000|  0%| F|  |TAMS 0x0000000086600000, 0x0000000086600000| Untracked 
|  73|0x0000000086700000, 0x0000000086700000, 0x0000000086800000|  0%| F|  |TAMS 0x0000000086700000, 0x0000000086700000| Untracked 
|  74|0x0000000086800000, 0x0000000086800000, 0x0000000086900000|  0%| F|  |TAMS 0x0000000086800000, 0x0000000086800000| Untracked 
|  75|0x0000000086900000, 0x0000000086900000, 0x0000000086a00000|  0%| F|  |TAMS 0x0000000086900000, 0x0000000086900000| Untracked 
|  76|0x0000000086a00000, 0x0000000086a00000, 0x0000000086b00000|  0%| F|  |TAMS 0x0000000086a00000, 0x0000000086a00000| Untracked 
|  77|0x0000000086b00000, 0x0000000086b00000, 0x0000000086c00000|  0%| F|  |TAMS 0x0000000086b00000, 0x0000000086b00000| Untracked 
|  78|0x0000000086c00000, 0x0000000086c00000, 0x0000000086d00000|  0%| F|  |TAMS 0x0000000086c00000, 0x0000000086c00000| Untracked 
|  79|0x0000000086d00000, 0x0000000086d00000, 0x0000000086e00000|  0%| F|  |TAMS 0x0000000086d00000, 0x0000000086d00000| Untracked 
|  80|0x0000000086e00000, 0x0000000086e00000, 0x0000000086f00000|  0%| F|  |TAMS 0x0000000086e00000, 0x0000000086e00000| Untracked 
|  81|0x0000000086f00000, 0x0000000086f00000, 0x0000000087000000|  0%| F|  |TAMS 0x0000000086f00000, 0x0000000086f00000| Untracked 
|  82|0x0000000087000000, 0x0000000087000000, 0x0000000087100000|  0%| F|  |TAMS 0x0000000087000000, 0x0000000087000000| Untracked 
|  83|0x0000000087100000, 0x0000000087196060, 0x0000000087200000| 58%| E|  |TAMS 0x0000000087100000, 0x0000000087100000| Complete 
|  84|0x0000000087200000, 0x0000000087300000, 0x0000000087300000|100%| E|CS|TAMS 0x0000000087200000, 0x0000000087200000| Complete 
|  85|0x0000000087300000, 0x0000000087400000, 0x0000000087400000|100%| E|CS|TAMS 0x0000000087300000, 0x0000000087300000| Complete 
|  86|0x0000000087400000, 0x0000000087500000, 0x0000000087500000|100%| E|CS|TAMS 0x0000000087400000, 0x0000000087400000| Complete 
|  87|0x0000000087500000, 0x0000000087600000, 0x0000000087600000|100%| E|CS|TAMS 0x0000000087500000, 0x0000000087500000| Complete 
|  88|0x0000000087600000, 0x0000000087700000, 0x0000000087700000|100%| E|CS|TAMS 0x0000000087600000, 0x0000000087600000| Complete 
|  89|0x0000000087700000, 0x0000000087800000, 0x0000000087800000|100%| E|CS|TAMS 0x0000000087700000, 0x0000000087700000| Complete 
|  90|0x0000000087800000, 0x0000000087900000, 0x0000000087900000|100%| E|CS|TAMS 0x0000000087800000, 0x0000000087800000| Complete 
|  91|0x0000000087900000, 0x0000000087a00000, 0x0000000087a00000|100%| E|CS|TAMS 0x0000000087900000, 0x0000000087900000| Complete 
|  92|0x0000000087a00000, 0x0000000087b00000, 0x0000000087b00000|100%| E|CS|TAMS 0x0000000087a00000, 0x0000000087a00000| Complete 
|  93|0x0000000087b00000, 0x0000000087c00000, 0x0000000087c00000|100%| E|CS|TAMS 0x0000000087b00000, 0x0000000087b00000| Complete 
|  94|0x0000000087c00000, 0x0000000087d00000, 0x0000000087d00000|100%| E|CS|TAMS 0x0000000087c00000, 0x0000000087c00000| Complete 
|  95|0x0000000087d00000, 0x0000000087e00000, 0x0000000087e00000|100%| E|CS|TAMS 0x0000000087d00000, 0x0000000087d00000| Complete 
|  96|0x0000000087e00000, 0x0000000087f00000, 0x0000000087f00000|100%| E|CS|TAMS 0x0000000087e00000, 0x0000000087e00000| Complete 
|  97|0x0000000087f00000, 0x0000000088000000, 0x0000000088000000|100%| E|CS|TAMS 0x0000000087f00000, 0x0000000087f00000| Complete 
|  98|0x0000000088000000, 0x0000000088100000, 0x0000000088100000|100%| E|CS|TAMS 0x0000000088000000, 0x0000000088000000| Complete 
|  99|0x0000000088100000, 0x0000000088200000, 0x0000000088200000|100%| E|CS|TAMS 0x0000000088100000, 0x0000000088100000| Complete 
| 100|0x0000000088200000, 0x0000000088300000, 0x0000000088300000|100%| E|CS|TAMS 0x0000000088200000, 0x0000000088200000| Complete 
| 101|0x0000000088300000, 0x0000000088400000, 0x0000000088400000|100%| E|CS|TAMS 0x0000000088300000, 0x0000000088300000| Complete 
| 102|0x0000000088400000, 0x0000000088500000, 0x0000000088500000|100%| E|CS|TAMS 0x0000000088400000, 0x0000000088400000| Complete 
| 103|0x0000000088500000, 0x0000000088600000, 0x0000000088600000|100%| E|CS|TAMS 0x0000000088500000, 0x0000000088500000| Complete 
| 104|0x0000000088600000, 0x0000000088700000, 0x0000000088700000|100%| E|CS|TAMS 0x0000000088600000, 0x0000000088600000| Complete 
| 105|0x0000000088700000, 0x0000000088800000, 0x0000000088800000|100%| E|CS|TAMS 0x0000000088700000, 0x0000000088700000| Complete 
| 106|0x0000000088800000, 0x00000000888cc768, 0x0000000088900000| 79%| S|CS|TAMS 0x0000000088800000, 0x0000000088800000| Complete 
| 107|0x0000000088900000, 0x0000000088a00000, 0x0000000088a00000|100%| S|CS|TAMS 0x0000000088900000, 0x0000000088900000| Complete 
| 108|0x0000000088a00000, 0x0000000088b00000, 0x0000000088b00000|100%| S|CS|TAMS 0x0000000088a00000, 0x0000000088a00000| Complete 
| 109|0x0000000088b00000, 0x0000000088c00000, 0x0000000088c00000|100%| E|CS|TAMS 0x0000000088b00000, 0x0000000088b00000| Complete 
| 110|0x0000000088c00000, 0x0000000088d00000, 0x0000000088d00000|100%| E|CS|TAMS 0x0000000088c00000, 0x0000000088c00000| Complete 
| 111|0x0000000088d00000, 0x0000000088e00000, 0x0000000088e00000|100%| E|CS|TAMS 0x0000000088d00000, 0x0000000088d00000| Complete 
| 112|0x0000000088e00000, 0x0000000088f00000, 0x0000000088f00000|100%| E|CS|TAMS 0x0000000088e00000, 0x0000000088e00000| Complete 
| 113|0x0000000088f00000, 0x0000000089000000, 0x0000000089000000|100%| E|CS|TAMS 0x0000000088f00000, 0x0000000088f00000| Complete 
| 114|0x0000000089000000, 0x0000000089100000, 0x0000000089100000|100%| E|CS|TAMS 0x0000000089000000, 0x0000000089000000| Complete 
| 115|0x0000000089100000, 0x0000000089200000, 0x0000000089200000|100%| E|CS|TAMS 0x0000000089100000, 0x0000000089100000| Complete 
| 116|0x0000000089200000, 0x0000000089300000, 0x0000000089300000|100%| E|CS|TAMS 0x0000000089200000, 0x0000000089200000| Complete 
| 117|0x0000000089300000, 0x0000000089400000, 0x0000000089400000|100%| E|CS|TAMS 0x0000000089300000, 0x0000000089300000| Complete 
| 118|0x0000000089400000, 0x0000000089500000, 0x0000000089500000|100%| E|CS|TAMS 0x0000000089400000, 0x0000000089400000| Complete 
| 119|0x0000000089500000, 0x0000000089600000, 0x0000000089600000|100%| E|CS|TAMS 0x0000000089500000, 0x0000000089500000| Complete 
| 120|0x0000000089600000, 0x0000000089700000, 0x0000000089700000|100%| E|CS|TAMS 0x0000000089600000, 0x0000000089600000| Complete 
| 121|0x0000000089700000, 0x0000000089800000, 0x0000000089800000|100%| E|CS|TAMS 0x0000000089700000, 0x0000000089700000| Complete 
| 122|0x0000000089800000, 0x0000000089900000, 0x0000000089900000|100%| E|CS|TAMS 0x0000000089800000, 0x0000000089800000| Complete 
| 123|0x0000000089900000, 0x0000000089a00000, 0x0000000089a00000|100%| E|CS|TAMS 0x0000000089900000, 0x0000000089900000| Complete 
| 124|0x0000000089a00000, 0x0000000089b00000, 0x0000000089b00000|100%| E|CS|TAMS 0x0000000089a00000, 0x0000000089a00000| Complete 
| 125|0x0000000089b00000, 0x0000000089c00000, 0x0000000089c00000|100%| E|CS|TAMS 0x0000000089b00000, 0x0000000089b00000| Complete 
| 126|0x0000000089c00000, 0x0000000089d00000, 0x0000000089d00000|100%| E|CS|TAMS 0x0000000089c00000, 0x0000000089c00000| Complete 
| 127|0x0000000089d00000, 0x0000000089e00000, 0x0000000089e00000|100%| E|CS|TAMS 0x0000000089d00000, 0x0000000089d00000| Complete 

Card table byte_map: [0x0000016835810000,0x0000016835c10000] _byte_map_base: 0x0000016835401000

Marking Bits (Prev, Next): (CMBitMap*) 0x000001681eb2fde0, (CMBitMap*) 0x000001681eb2fe20
 Prev Bits: [0x0000016836010000, 0x0000016837f98000)
 Next Bits: [0x0000016837fa0000, 0x0000016839f28000)

Polling page: 0x000001681c950000

Metaspace:

Usage:
  Non-class:     15.50 MB used.
      Class:      2.65 MB used.
       Both:     18.15 MB used.

Virtual space:
  Non-class space:       64.00 MB reserved,      15.62 MB ( 24%) committed,  1 nodes.
      Class space:        1.00 GB reserved,       2.81 MB ( <1%) committed,  1 nodes.
             Both:        1.06 GB reserved,      18.44 MB (  2%) committed. 

Chunk freelists:
   Non-Class:  208.00 KB
       Class:  1.20 MB
        Both:  1.41 MB

MaxMetaspaceSize: unlimited
CompressedClassSpaceSize: 1.00 GB
Initial GC threshold: 21.00 MB
Current GC threshold: 21.00 MB
CDS: on
MetaspaceReclaimPolicy: balanced
 - commit_granule_bytes: 65536.
 - commit_granule_words: 8192.
 - virtual_space_node_default_size: 8388608.
 - enlarge_chunks_in_place: 1.
 - new_chunks_are_fully_committed: 0.
 - uncommit_free_chunks: 1.
 - use_allocation_guard: 0.


Internal statistics:

num_allocs_failed_limit: 0.
num_arena_births: 362.
num_arena_deaths: 0.
num_vsnodes_births: 2.
num_vsnodes_deaths: 0.
num_space_committed: 295.
num_space_uncommitted: 0.
num_chunks_returned_to_freelist: 0.
num_chunks_taken_from_freelist: 970.
num_chunk_merges: 0.
num_chunk_splits: 664.
num_chunks_enlarged: 500.
num_inconsistent_stats: 0.

CodeHeap 'non-profiled nmethods': size=120000Kb used=1252Kb max_used=1252Kb free=118747Kb
 bounds [0x000001682dee0000, 0x000001682e150000, 0x0000016835410000]
CodeHeap 'profiled nmethods': size=120000Kb used=6481Kb max_used=6481Kb free=113518Kb
 bounds [0x00000168269b0000, 0x0000016827010000, 0x000001682dee0000]
CodeHeap 'non-nmethods': size=5760Kb used=1447Kb max_used=1500Kb free=4313Kb
 bounds [0x0000016826410000, 0x0000016826680000, 0x00000168269b0000]
 total_blobs=4109 nmethods=3311 adapters=710
 compilation: enabled
              stopped_count=0, restarted_count=0
 full_count=0

Compilation events (20 events):
Event: 7.093 Thread 0x000001683c3c0250 nmethod 3304 0x0000016826fe9e10 code [0x0000016826fea840, 0x0000016826ff1018]
Event: 7.093 Thread 0x000001683c3c0250 3307   !   3       com.sun.javafx.reflect.MethodUtil::invoke (111 bytes)
Event: 7.102 Thread 0x000001683c3c0250 nmethod 3307 0x0000016826ff5110 code [0x0000016826ff5c00, 0x0000016826ffd038]
Event: 7.102 Thread 0x000001683c3c0250 3308       3       java.lang.invoke.DirectMethodHandle$Holder::invokeStatic (18 bytes)
Event: 7.102 Thread 0x000001683c3c0250 nmethod 3308 0x0000016827003210 code [0x00000168270033e0, 0x0000016827003958]
Event: 7.102 Thread 0x000001683c3c0250 3305       3       java.lang.String::<init> (10 bytes)
Event: 7.103 Thread 0x000001683c3c0250 nmethod 3305 0x0000016827003a90 code [0x0000016827003c40, 0x0000016827003d88]
Event: 7.103 Thread 0x000001683c3c0250 3303       3       java.lang.reflect.ReflectAccess::copyConstructor (5 bytes)
Event: 7.103 Thread 0x000001683c3c0250 nmethod 3303 0x0000016827003e90 code [0x0000016827004040, 0x0000016827004188]
Event: 7.103 Thread 0x000001683c3c0250 3306       1       java.lang.Class::getAnnotationType (5 bytes)
Event: 7.103 Thread 0x000001683c3c0250 nmethod 3306 0x000001682e015e10 code [0x000001682e015fa0, 0x000001682e016078]
Event: 7.103 Thread 0x000001683c3c0250 3309       1       java.lang.reflect.Method::getRoot (5 bytes)
Event: 7.103 Thread 0x000001683c3c0250 nmethod 3309 0x000001682e016110 code [0x000001682e0162a0, 0x000001682e016378]
Event: 7.113 Thread 0x000001683c3b54e0 nmethod 3299 0x000001682e016410 code [0x000001682e0166a0, 0x000001682e017718]
Event: 86.356 Thread 0x000001683c3b54e0 3310       4       com.sun.javafx.tk.quantum.QuantumToolkit::postPulse (133 bytes)
Event: 86.359 Thread 0x000001683c3b54e0 nmethod 3310 0x000001682e018510 code [0x000001682e0186c0, 0x000001682e018928]
Event: 86.644 Thread 0x000001683c3b54e0 3311       4       com.sun.javafx.tk.quantum.QuantumToolkit$$Lambda$91/0x0000000800c39270::run (8 bytes)
Event: 86.654 Thread 0x000001683c3b54e0 nmethod 3311 0x000001682e018b90 code [0x000001682e018d60, 0x000001682e019010]
Event: 129.726 Thread 0x000001683c3c0250 3312       3       java.lang.invoke.MethodHandles$Lookup$ClassDefiner::defineClassAsLookup (19 bytes)
Event: 129.726 Thread 0x000001683c3c0250 nmethod 3312 0x0000016827004290 code [0x0000016827004440, 0x0000016827004638]

GC Heap History (4 events):
Event: 0.534 GC heap before
{Heap before GC invocations=0 (full 0):
 garbage-first heap   total 131072K, used 13312K [0x0000000081e00000, 0x0000000100000000)
  region size 1024K, 13 young (13312K), 0 survivors (0K)
 Metaspace       used 2747K, committed 2944K, reserved 1114112K
  class space    used 288K, committed 384K, reserved 1048576K
}
Event: 0.538 GC heap after
{Heap after GC invocations=1 (full 0):
 garbage-first heap   total 131072K, used 2322K [0x0000000081e00000, 0x0000000100000000)
  region size 1024K, 2 young (2048K), 2 survivors (2048K)
 Metaspace       used 2747K, committed 2944K, reserved 1114112K
  class space    used 288K, committed 384K, reserved 1048576K
}
Event: 1.059 GC heap before
{Heap before GC invocations=1 (full 0):
 garbage-first heap   total 131072K, used 18706K [0x0000000081e00000, 0x0000000100000000)
  region size 1024K, 19 young (19456K), 2 survivors (2048K)
 Metaspace       used 8105K, committed 8320K, reserved 1114112K
  class space    used 1044K, committed 1152K, reserved 1048576K
}
Event: 1.066 GC heap after
{Heap after GC invocations=2 (full 0):
 garbage-first heap   total 131072K, used 4938K [0x0000000081e00000, 0x0000000100000000)
  region size 1024K, 3 young (3072K), 3 survivors (3072K)
 Metaspace       used 8105K, committed 8320K, reserved 1114112K
  class space    used 1044K, committed 1152K, reserved 1048576K
}

Deoptimization events (20 events):
Event: 4.964 Thread 0x0000016840babfe0 Uncommon trap: trap_request=0xffffffde fr.pc=0x000001682df5ec50 relative=0x00000000000009b0
Event: 4.964 Thread 0x0000016840babfe0 Uncommon trap: reason=class_check action=maybe_recompile pc=0x000001682df5ec50 method=java.util.HashMap.putVal(ILjava/lang/Object;Ljava/lang/Object;ZZ)Ljava/lang/Object; @ 253 c2
Event: 4.964 Thread 0x0000016840babfe0 DEOPT PACKING pc=0x000001682df5ec50 sp=0x00000015742fc8e0
Event: 4.964 Thread 0x0000016840babfe0 DEOPT UNPACKING pc=0x00000168264623a3 sp=0x00000015742fc880 mode 2
Event: 5.180 Thread 0x0000016840babfe0 Uncommon trap: trap_request=0xffffff45 fr.pc=0x000001682dfc31dc relative=0x000000000000005c
Event: 5.180 Thread 0x0000016840babfe0 Uncommon trap: reason=unstable_if action=reinterpret pc=0x000001682dfc31dc method=javafx.scene.Node.updateLocalToParentTransform()V @ 4 c2
Event: 5.180 Thread 0x0000016840babfe0 DEOPT PACKING pc=0x000001682dfc31dc sp=0x00000015742fc920
Event: 5.180 Thread 0x0000016840babfe0 DEOPT UNPACKING pc=0x00000168264623a3 sp=0x00000015742fc878 mode 2
Event: 5.532 Thread 0x0000016840cd7d10 Uncommon trap: trap_request=0xffffff45 fr.pc=0x000001682dfbf4e4 relative=0x0000000000000fa4
Event: 5.533 Thread 0x0000016840cd7d10 Uncommon trap: reason=unstable_if action=reinterpret pc=0x000001682dfbf4e4 method=com.sun.scenario.effect.impl.state.BoxRenderState.validateWeights()V @ 147 c2
Event: 5.533 Thread 0x0000016840cd7d10 DEOPT PACKING pc=0x000001682dfbf4e4 sp=0x00000015740fc510
Event: 5.533 Thread 0x0000016840cd7d10 DEOPT UNPACKING pc=0x00000168264623a3 sp=0x00000015740fc498 mode 2
Event: 6.208 Thread 0x0000016840cd7d10 Uncommon trap: trap_request=0xffffff45 fr.pc=0x000001682dfc1d0c relative=0x000000000000008c
Event: 6.208 Thread 0x0000016840cd7d10 Uncommon trap: reason=unstable_if action=reinterpret pc=0x000001682dfc1d0c method=com.sun.javafx.geom.RectBounds.isEmpty()Z @ 21 c2
Event: 6.208 Thread 0x0000016840cd7d10 DEOPT PACKING pc=0x000001682dfc1d0c sp=0x00000015740fd8d0
Event: 6.208 Thread 0x0000016840cd7d10 DEOPT UNPACKING pc=0x00000168264623a3 sp=0x00000015740fd860 mode 2
Event: 6.209 Thread 0x0000016840cd7d10 DEOPT PACKING pc=0x0000016826f2aaba sp=0x00000015740fe420
Event: 6.209 Thread 0x0000016840cd7d10 DEOPT UNPACKING pc=0x0000016826462b43 sp=0x00000015740fd920 mode 0
Event: 6.728 Thread 0x0000016840cd7d10 DEOPT PACKING pc=0x0000016826f2aaba sp=0x00000015740fe410
Event: 6.728 Thread 0x0000016840cd7d10 DEOPT UNPACKING pc=0x0000016826462b43 sp=0x00000015740fd910 mode 0

Classes loaded (20 events):
Event: 6.810 Loading class java/lang/constant/MethodHandleDesc
Event: 6.810 Loading class java/lang/constant/MethodHandleDesc done
Event: 6.810 Loading class java/lang/constant/MethodHandleDesc$1
Event: 6.810 Loading class java/lang/constant/MethodHandleDesc$1 done
Event: 6.810 Loading class java/lang/constant/DirectMethodHandleDescImpl
Event: 6.811 Loading class java/lang/constant/DirectMethodHandleDesc
Event: 6.811 Loading class java/lang/constant/DirectMethodHandleDesc done
Event: 6.811 Loading class java/lang/constant/DirectMethodHandleDescImpl done
Event: 6.811 Loading class java/lang/constant/DirectMethodHandleDescImpl$1
Event: 6.811 Loading class java/lang/constant/DirectMethodHandleDescImpl$1 done
Event: 6.811 Loading class java/lang/constant/DirectMethodHandleDesc$1
Event: 6.811 Loading class java/lang/constant/DirectMethodHandleDesc$1 done
Event: 6.811 Loading class java/lang/constant/PrimitiveClassDescImpl
Event: 6.811 Loading class java/lang/constant/DynamicConstantDesc
Event: 6.811 Loading class java/lang/constant/DynamicConstantDesc done
Event: 6.811 Loading class java/lang/constant/PrimitiveClassDescImpl done
Event: 6.811 Loading class java/lang/constant/DynamicConstantDesc$AnonymousDynamicConstantDesc
Event: 6.811 Loading class java/lang/constant/DynamicConstantDesc$AnonymousDynamicConstantDesc done
Event: 129.723 Loading class jdk/internal/misc/Signal$1
Event: 129.723 Loading class jdk/internal/misc/Signal$1 done

Classes unloaded (0 events):
No events

Classes redefined (0 events):
No events

Internal exceptions (20 events):
Event: 1.560 Thread 0x0000016840babfe0 Implicit null exception at 0x000001682df3a5ac to 0x000001682df3a864
Event: 1.722 Thread 0x0000016840babfe0 Exception <a 'java/lang/NoSuchMethodError'{0x00000000891af690}: 'java.lang.Object java.lang.invoke.DirectMethodHandle$Holder.invokeInterface(java.lang.Object, java.lang.Object, java.lang.Object)'> (0x00000000891af690) 
thrown [s\open\src\hotspot\share\interpreter\linkResolver.cpp, line 759]
Event: 1.722 Thread 0x0000016840babfe0 Exception <a 'java/lang/IncompatibleClassChangeError'{0x00000000891b3010}: Found class java.lang.Object, but interface was expected> (0x00000000891b3010) 
thrown [s\open\src\hotspot\share\interpreter\linkResolver.cpp, line 826]
Event: 1.769 Thread 0x0000016840babfe0 Exception <a 'java/lang/ClassNotFoundException'{0x0000000088f92af8}: com/sun/javafx/scene/control/skin/resources/controls> (0x0000000088f92af8) 
thrown [s\open\src\hotspot\share\prims\jni.cpp, line 535]
Event: 1.771 Thread 0x0000016840babfe0 Exception <a 'java/lang/ClassNotFoundException'{0x0000000088fa0ce8}: com/sun/javafx/scene/control/skin/resources/controls_ru> (0x0000000088fa0ce8) 
thrown [s\open\src\hotspot\share\prims\jni.cpp, line 535]
Event: 1.771 Thread 0x0000016840babfe0 Exception <a 'java/lang/ClassNotFoundException'{0x0000000088fa2450}: com/sun/javafx/scene/control/skin/resources/controls_ru_RU> (0x0000000088fa2450) 
thrown [s\open\src\hotspot\share\prims\jni.cpp, line 535]
Event: 1.827 Thread 0x0000016840babfe0 Exception <a 'java/lang/NoSuchMethodError'{0x0000000088daf498}: 'void java.lang.invoke.DirectMethodHandle$Holder.invokeSpecial(java.lang.Object, java.lang.Object, java.lang.Object, java.lang.Object, java.lang.Object, java.lang.Object)'> (0x0000000088daf498) 
thrown [s\open\src\hotspot\share\interpreter\linkResolver.cpp, line 759]
Event: 1.916 Thread 0x0000016840babfe0 Exception <a 'java/lang/NoSuchMethodError'{0x0000000088621888}: 'int java.lang.invoke.DirectMethodHandle$Holder.invokeSpecial(java.lang.Object, java.lang.Object, int)'> (0x0000000088621888) 
thrown [s\open\src\hotspot\share\interpreter\linkResolver.cpp, line 759]
Event: 1.929 Thread 0x0000016840babfe0 Exception <a 'java/lang/NoSuchMethodError'{0x0000000088653e88}: 'java.lang.Object java.lang.invoke.DirectMethodHandle$Holder.newInvokeSpecial(java.lang.Object, java.lang.Object, int)'> (0x0000000088653e88) 
thrown [s\open\src\hotspot\share\interpreter\linkResolver.cpp, line 759]
Event: 1.962 Thread 0x0000016840cd7d10 Exception <a 'java/lang/NoSuchMethodError'{0x00000000885675f8}: 'int java.lang.invoke.DirectMethodHandle$Holder.invokeStaticInit(java.lang.Object, java.lang.Object)'> (0x00000000885675f8) 
thrown [s\open\src\hotspot\share\interpreter\linkResolver.cpp, line 759]
Event: 1.974 Thread 0x0000016840babfe0 Exception <a 'java/lang/NoSuchMethodError'{0x00000000885391e8}: 'long java.lang.invoke.DirectMethodHandle$Holder.invokeStatic(java.lang.Object, java.lang.Object, java.lang.Object)'> (0x00000000885391e8) 
thrown [s\open\src\hotspot\share\interpreter\linkResolver.cpp, line 759]
Event: 1.975 Thread 0x0000016840babfe0 Exception <a 'java/lang/NoSuchMethodError'{0x000000008853c988}: 'long java.lang.invoke.DirectMethodHandle$Holder.invokeStaticInit(java.lang.Object, java.lang.Object, java.lang.Object)'> (0x000000008853c988) 
thrown [s\open\src\hotspot\share\interpreter\linkResolver.cpp, line 759]
Event: 1.981 Thread 0x0000016840babfe0 Exception <a 'java/lang/NoSuchMethodError'{0x00000000885f3cb8}: 'java.lang.Object java.lang.invoke.DirectMethodHandle$Holder.newInvokeSpecial(java.lang.Object, java.lang.Object, long)'> (0x00000000885f3cb8) 
thrown [s\open\src\hotspot\share\interpreter\linkResolver.cpp, line 759]
Event: 1.981 Thread 0x0000016840babfe0 Exception <a 'java/lang/NoSuchMethodError'{0x00000000885f7830}: 'java.lang.Object java.lang.invoke.Invokers$Holder.linkToTargetMethod(java.lang.Object, long, java.lang.Object)'> (0x00000000885f7830) 
thrown [s\open\src\hotspot\share\interpreter\linkResolver.cpp, line 759]
Event: 2.133 Thread 0x0000016840cd7d10 Exception <a 'java/lang/NoSuchMethodError'{0x000000008813a198}: 'java.lang.Object java.lang.invoke.DirectMethodHandle$Holder.invokeStaticInit(java.lang.Object, int)'> (0x000000008813a198) 
thrown [s\open\src\hotspot\share\interpreter\linkResolver.cpp, line 759]
Event: 3.469 Thread 0x0000016840babfe0 Exception <a 'java/lang/NoSuchMethodError'{0x0000000087f3f500}: 'long java.lang.invoke.DirectMethodHandle$Holder.invokeSpecial(java.lang.Object, java.lang.Object)'> (0x0000000087f3f500) 
thrown [s\open\src\hotspot\share\interpreter\linkResolver.cpp, line 759]
Event: 3.470 Thread 0x0000016840babfe0 Exception <a 'java/lang/NoSuchMethodError'{0x0000000087f42e40}: 'long java.lang.invoke.Invokers$Holder.invokeExact_MT(java.lang.Object, java.lang.Object)'> (0x0000000087f42e40) 
thrown [s\open\src\hotspot\share\interpreter\linkResolver.cpp, line 759]
Event: 5.298 Thread 0x0000016840babfe0 Exception <a 'java/lang/NoSuchMethodError'{0x000000008783c410}: 'int java.lang.invoke.DirectMethodHandle$Holder.invokeVirtual(java.lang.Object, java.lang.Object)'> (0x000000008783c410) 
thrown [s\open\src\hotspot\share\interpreter\linkResolver.cpp, line 759]
Event: 6.181 Thread 0x0000016840babfe0 Exception <a 'java/lang/NoSuchMethodError'{0x00000000874be7a8}: 'void java.lang.invoke.DirectMethodHandle$Holder.invokeVirtual(java.lang.Object, java.lang.Object, int)'> (0x00000000874be7a8) 
thrown [s\open\src\hotspot\share\interpreter\linkResolver.cpp, line 759]
Event: 6.786 Thread 0x0000016840babfe0 Exception <a 'java/lang/NoSuchMethodError'{0x0000000087216410}: static [I.<clinit>()V> (0x0000000087216410) 
thrown [s\open\src\hotspot\share\prims\jni.cpp, line 1104]

VM Operations (20 events):
Event: 1.941 Executing VM operation: ICBufferFull done
Event: 2.968 Executing VM operation: ICBufferFull
Event: 2.968 Executing VM operation: ICBufferFull done
Event: 3.968 Executing VM operation: Cleanup
Event: 3.968 Executing VM operation: Cleanup done
Event: 4.969 Executing VM operation: Cleanup
Event: 4.969 Executing VM operation: Cleanup done
Event: 5.388 Executing VM operation: ICBufferFull
Event: 5.388 Executing VM operation: ICBufferFull done
Event: 6.180 Executing VM operation: HandshakeAllThreads
Event: 6.180 Executing VM operation: HandshakeAllThreads done
Event: 6.185 Executing VM operation: HandshakeAllThreads
Event: 6.185 Executing VM operation: HandshakeAllThreads done
Event: 6.717 Executing VM operation: ICBufferFull
Event: 6.718 Executing VM operation: ICBufferFull done
Event: 6.788 Executing VM operation: HandshakeAllThreads
Event: 6.788 Executing VM operation: HandshakeAllThreads done
Event: 7.788 Executing VM operation: Cleanup
Event: 7.788 Executing VM operation: Cleanup done
Event: 129.726 Executing VM operation: Exit

Events (20 events):
Event: 0.485 Loaded shared library C:\Program Files\Java\openjfx-19_windows-x64_bin-sdk\javafx-sdk-19\bin\prism_d3d.dll
Event: 0.525 Loaded shared library C:\Program Files\Java\openjfx-19_windows-x64_bin-sdk\javafx-sdk-19\bin\glass.dll
Event: 0.528 Thread 0x0000016840f79340 Thread added: 0x0000016840f79340
Event: 0.533 Thread 0x0000016840babfe0 Thread added: 0x0000016840babfe0
Event: 0.644 Thread 0x00000168410db4f0 Thread added: 0x00000168410db4f0
Event: 0.656 Loaded shared library C:\Program Files\Java\jdk-18.0.2.1\bin\jimage.dll
Event: 0.676 Thread 0x00000168410d9c70 Thread added: 0x00000168410d9c70
Event: 0.910 Loaded shared library C:\Program Files\Java\openjfx-19_windows-x64_bin-sdk\javafx-sdk-19\bin\javafx_font.dll
Event: 1.712 Thread 0x0000016841357e20 Thread added: 0x0000016841357e20
Event: 2.048 Thread 0x0000016841354930 Thread added: 0x0000016841354930
Event: 2.356 Thread 0x0000016840870470 Thread exited: 0x0000016840870470
Event: 5.194 Thread 0x000001684621e420 Thread added: 0x000001684621e420
Event: 5.957 Thread 0x000001684621e420 Thread exited: 0x000001684621e420
Event: 6.192 Thread 0x000001684621e420 Thread added: 0x000001684621e420
Event: 6.375 Thread 0x000001684621e420 Thread exited: 0x000001684621e420
Event: 129.724 Thread 0x00000168461fb910 Thread added: 0x00000168461fb910
Event: 129.724 Thread 0x00000168461fd120 Thread added: 0x00000168461fd120
Event: 129.724 Thread 0x00000168461ff2d0 Thread added: 0x00000168461ff2d0
Event: 129.725 Thread 0x00000168461fd120 Thread exited: 0x00000168461fd120
Event: 129.726 Thread 0x00000168461ff2d0 Thread exited: 0x00000168461ff2d0


Dynamic libraries:
0x00007ff609890000 - 0x00007ff6098a0000 	C:\Program Files\Java\jdk-18.0.2.1\bin\java.exe
0x00007ffeb2470000 - 0x00007ffeb2668000 	C:\Windows\SYSTEM32\ntdll.dll
0x00007ffeb21f0000 - 0x00007ffeb22af000 	C:\Windows\System32\KERNEL32.DLL
0x00007ffeafcc0000 - 0x00007ffeaff92000 	C:\Windows\System32\KERNELBASE.dll
0x00007ffeb0370000 - 0x00007ffeb0470000 	C:\Windows\System32\ucrtbase.dll
0x00007ffe94f50000 - 0x00007ffe94f6a000 	C:\Program Files\Java\jdk-18.0.2.1\bin\VCRUNTIME140.dll
0x00007ffea48e0000 - 0x00007ffea48f8000 	C:\Program Files\Java\jdk-18.0.2.1\bin\jli.dll
0x00007ffeb1100000 - 0x00007ffeb11ae000 	C:\Windows\System32\ADVAPI32.dll
0x00007ffeb0c90000 - 0x00007ffeb0d2e000 	C:\Windows\System32\msvcrt.dll
0x00007ffeb1cc0000 - 0x00007ffeb1d5c000 	C:\Windows\System32\sechost.dll
0x00007ffeb1fd0000 - 0x00007ffeb20f5000 	C:\Windows\System32\RPCRT4.dll
0x00007ffeb12a0000 - 0x00007ffeb143d000 	C:\Windows\System32\USER32.dll
0x00007ffeaffa0000 - 0x00007ffeaffc2000 	C:\Windows\System32\win32u.dll
0x00007ffe9a130000 - 0x00007ffe9a3ca000 	C:\Windows\WinSxS\amd64_microsoft.windows.common-controls_6595b64144ccf1df_6.0.19041.1110_none_60b5254171f9507e\COMCTL32.dll
0x00007ffeb0df0000 - 0x00007ffeb0e1b000 	C:\Windows\System32\GDI32.dll
0x00007ffeb0100000 - 0x00007ffeb020f000 	C:\Windows\System32\gdi32full.dll
0x00007ffeafb70000 - 0x00007ffeafc0d000 	C:\Windows\System32\msvcp_win.dll
0x00007ffea98a0000 - 0x00007ffea98aa000 	C:\Windows\SYSTEM32\VERSION.dll
0x00007ffeb22b0000 - 0x00007ffeb22e2000 	C:\Windows\System32\IMM32.DLL
0x00007ffea8080000 - 0x00007ffea808c000 	C:\Program Files\Java\jdk-18.0.2.1\bin\vcruntime140_1.dll
0x00007ffe928f0000 - 0x00007ffe9297d000 	C:\Program Files\Java\jdk-18.0.2.1\bin\msvcp140.dll
0x00007ffe4ced0000 - 0x00007ffe4dae1000 	C:\Program Files\Java\jdk-18.0.2.1\bin\server\jvm.dll
0x00007ffeb0d30000 - 0x00007ffeb0d38000 	C:\Windows\System32\PSAPI.DLL
0x00007ffe87a10000 - 0x00007ffe87a19000 	C:\Windows\SYSTEM32\WSOCK32.dll
0x00007ffe9a3e0000 - 0x00007ffe9a407000 	C:\Windows\SYSTEM32\WINMM.dll
0x00007ffeb0ed0000 - 0x00007ffeb0f3b000 	C:\Windows\System32\WS2_32.dll
0x00007ffeae3c0000 - 0x00007ffeae3d2000 	C:\Windows\SYSTEM32\kernel.appcore.dll
0x00007ffea7aa0000 - 0x00007ffea7aaa000 	C:\Program Files\Java\jdk-18.0.2.1\bin\jimage.dll
0x00007ffeae1a0000 - 0x00007ffeae384000 	C:\Windows\SYSTEM32\DBGHELP.DLL
0x00007ffe959f0000 - 0x00007ffe95a1c000 	C:\Windows\SYSTEM32\dbgcore.DLL
0x00007ffeaffd0000 - 0x00007ffeb0052000 	C:\Windows\System32\bcryptPrimitives.dll
0x00007ffeaa8b0000 - 0x00007ffeaa8be000 	C:\Program Files\Java\jdk-18.0.2.1\bin\instrument.dll
0x00007ffe905d0000 - 0x00007ffe905f5000 	C:\Program Files\Java\jdk-18.0.2.1\bin\java.dll
0x00007ffe3e120000 - 0x00007ffe3e1f6000 	C:\Program Files\Java\jdk-18.0.2.1\bin\jsvml.dll
0x00007ffeb1440000 - 0x00007ffeb1b83000 	C:\Windows\System32\SHELL32.dll
0x00007ffeada00000 - 0x00007ffeae192000 	C:\Windows\SYSTEM32\windows.storage.dll
0x00007ffeb04c0000 - 0x00007ffeb0814000 	C:\Windows\System32\combase.dll
0x00007ffeaf5d0000 - 0x00007ffeaf600000 	C:\Windows\SYSTEM32\Wldp.dll
0x00007ffeb0e20000 - 0x00007ffeb0ecd000 	C:\Windows\System32\SHCORE.dll
0x00007ffeb1f70000 - 0x00007ffeb1fc5000 	C:\Windows\System32\shlwapi.dll
0x00007ffeafab0000 - 0x00007ffeafacf000 	C:\Windows\SYSTEM32\profapi.dll
0x00007ffe8a090000 - 0x00007ffe8a0a3000 	C:\Program Files\Java\jdk-18.0.2.1\bin\net.dll
0x00007ffe9c690000 - 0x00007ffe9c79c000 	C:\Windows\SYSTEM32\WINHTTP.dll
0x00007ffeaf330000 - 0x00007ffeaf39a000 	C:\Windows\system32\mswsock.dll
0x00007ffe887c0000 - 0x00007ffe887d6000 	C:\Program Files\Java\jdk-18.0.2.1\bin\nio.dll
0x00007ffe885a0000 - 0x00007ffe885b8000 	C:\Program Files\Java\jdk-18.0.2.1\bin\zip.dll
0x00007ffe94ae0000 - 0x00007ffe94afa000 	C:\Program Files\JetBrains\IntelliJ IDEA Community Edition 2022.2.1\bin\breakgen64.dll
0x000001681e9d0000 - 0x000001681e9d3000 	C:\Program Files\Java\openjfx-19_windows-x64_bin-sdk\javafx-sdk-19\bin\api-ms-win-core-console-l1-1-0.dll
0x000001681e9e0000 - 0x000001681e9e3000 	C:\Program Files\Java\openjfx-19_windows-x64_bin-sdk\javafx-sdk-19\bin\api-ms-win-core-console-l1-2-0.dll
0x000001681e9f0000 - 0x000001681e9f3000 	C:\Program Files\Java\openjfx-19_windows-x64_bin-sdk\javafx-sdk-19\bin\api-ms-win-core-datetime-l1-1-0.dll
0x000001681ea00000 - 0x000001681ea03000 	C:\Program Files\Java\openjfx-19_windows-x64_bin-sdk\javafx-sdk-19\bin\api-ms-win-core-debug-l1-1-0.dll
0x000001681ea10000 - 0x000001681ea13000 	C:\Program Files\Java\openjfx-19_windows-x64_bin-sdk\javafx-sdk-19\bin\api-ms-win-core-errorhandling-l1-1-0.dll
0x000001681ea20000 - 0x000001681ea24000 	C:\Program Files\Java\openjfx-19_windows-x64_bin-sdk\javafx-sdk-19\bin\api-ms-win-core-file-l1-1-0.dll
0x000001681ea30000 - 0x000001681ea33000 	C:\Program Files\Java\openjfx-19_windows-x64_bin-sdk\javafx-sdk-19\bin\api-ms-win-core-file-l1-2-0.dll
0x000001681ea40000 - 0x000001681ea43000 	C:\Program Files\Java\openjfx-19_windows-x64_bin-sdk\javafx-sdk-19\bin\api-ms-win-core-file-l2-1-0.dll
0x000001681ea50000 - 0x000001681ea53000 	C:\Program Files\Java\openjfx-19_windows-x64_bin-sdk\javafx-sdk-19\bin\api-ms-win-core-handle-l1-1-0.dll
0x000001681ea60000 - 0x000001681ea63000 	C:\Program Files\Java\openjfx-19_windows-x64_bin-sdk\javafx-sdk-19\bin\api-ms-win-core-heap-l1-1-0.dll
0x000001681ea70000 - 0x000001681ea73000 	C:\Program Files\Java\openjfx-19_windows-x64_bin-sdk\javafx-sdk-19\bin\api-ms-win-core-interlocked-l1-1-0.dll
0x000001681ea80000 - 0x000001681ea83000 	C:\Program Files\Java\openjfx-19_windows-x64_bin-sdk\javafx-sdk-19\bin\api-ms-win-core-libraryloader-l1-1-0.dll
0x000001681ea90000 - 0x000001681ea93000 	C:\Program Files\Java\openjfx-19_windows-x64_bin-sdk\javafx-sdk-19\bin\api-ms-win-core-localization-l1-2-0.dll
0x000001683c570000 - 0x000001683c573000 	C:\Program Files\Java\openjfx-19_windows-x64_bin-sdk\javafx-sdk-19\bin\api-ms-win-core-memory-l1-1-0.dll
0x000001683c580000 - 0x000001683c583000 	C:\Program Files\Java\openjfx-19_windows-x64_bin-sdk\javafx-sdk-19\bin\api-ms-win-core-namedpipe-l1-1-0.dll
0x000001683c590000 - 0x000001683c593000 	C:\Program Files\Java\openjfx-19_windows-x64_bin-sdk\javafx-sdk-19\bin\api-ms-win-core-processenvironment-l1-1-0.dll
0x000001683c5a0000 - 0x000001683c5a3000 	C:\Program Files\Java\openjfx-19_windows-x64_bin-sdk\javafx-sdk-19\bin\api-ms-win-core-processthreads-l1-1-0.dll
0x000001683c5b0000 - 0x000001683c5b3000 	C:\Program Files\Java\openjfx-19_windows-x64_bin-sdk\javafx-sdk-19\bin\api-ms-win-core-processthreads-l1-1-1.dll
0x000001683c5c0000 - 0x000001683c5c3000 	C:\Program Files\Java\openjfx-19_windows-x64_bin-sdk\javafx-sdk-19\bin\api-ms-win-core-profile-l1-1-0.dll
0x000001683c5d0000 - 0x000001683c5d3000 	C:\Program Files\Java\openjfx-19_windows-x64_bin-sdk\javafx-sdk-19\bin\api-ms-win-core-rtlsupport-l1-1-0.dll
0x000001683c5e0000 - 0x000001683c5e3000 	C:\Program Files\Java\openjfx-19_windows-x64_bin-sdk\javafx-sdk-19\bin\api-ms-win-core-string-l1-1-0.dll
0x000001683c5f0000 - 0x000001683c5f3000 	C:\Program Files\Java\openjfx-19_windows-x64_bin-sdk\javafx-sdk-19\bin\api-ms-win-core-synch-l1-1-0.dll
0x000001683c600000 - 0x000001683c603000 	C:\Program Files\Java\openjfx-19_windows-x64_bin-sdk\javafx-sdk-19\bin\api-ms-win-core-synch-l1-2-0.dll
0x000001683c610000 - 0x000001683c613000 	C:\Program Files\Java\openjfx-19_windows-x64_bin-sdk\javafx-sdk-19\bin\api-ms-win-core-sysinfo-l1-1-0.dll
0x000001683c620000 - 0x000001683c623000 	C:\Program Files\Java\openjfx-19_windows-x64_bin-sdk\javafx-sdk-19\bin\api-ms-win-core-timezone-l1-1-0.dll
0x000001683c630000 - 0x000001683c633000 	C:\Program Files\Java\openjfx-19_windows-x64_bin-sdk\javafx-sdk-19\bin\api-ms-win-core-util-l1-1-0.dll
0x000001683c640000 - 0x000001683c643000 	C:\Program Files\Java\openjfx-19_windows-x64_bin-sdk\javafx-sdk-19\bin\api-ms-win-crt-conio-l1-1-0.dll
0x000001683c650000 - 0x000001683c654000 	C:\Program Files\Java\openjfx-19_windows-x64_bin-sdk\javafx-sdk-19\bin\api-ms-win-crt-convert-l1-1-0.dll
0x000001683c660000 - 0x000001683c663000 	C:\Program Files\Java\openjfx-19_windows-x64_bin-sdk\javafx-sdk-19\bin\api-ms-win-crt-environment-l1-1-0.dll
0x000001683c670000 - 0x000001683c673000 	C:\Program Files\Java\openjfx-19_windows-x64_bin-sdk\javafx-sdk-19\bin\api-ms-win-crt-filesystem-l1-1-0.dll
0x000001683c680000 - 0x000001683c683000 	C:\Program Files\Java\openjfx-19_windows-x64_bin-sdk\javafx-sdk-19\bin\api-ms-win-crt-heap-l1-1-0.dll
0x000001683c690000 - 0x000001683c693000 	C:\Program Files\Java\openjfx-19_windows-x64_bin-sdk\javafx-sdk-19\bin\api-ms-win-crt-locale-l1-1-0.dll
0x000001683c6a0000 - 0x000001683c6a5000 	C:\Program Files\Java\openjfx-19_windows-x64_bin-sdk\javafx-sdk-19\bin\api-ms-win-crt-math-l1-1-0.dll
0x000001683c6b0000 - 0x000001683c6b5000 	C:\Program Files\Java\openjfx-19_windows-x64_bin-sdk\javafx-sdk-19\bin\api-ms-win-crt-multibyte-l1-1-0.dll
0x000001683c6c0000 - 0x000001683c6d0000 	C:\Program Files\Java\openjfx-19_windows-x64_bin-sdk\javafx-sdk-19\bin\api-ms-win-crt-private-l1-1-0.dll
0x000001683c6d0000 - 0x000001683c6d3000 	C:\Program Files\Java\openjfx-19_windows-x64_bin-sdk\javafx-sdk-19\bin\api-ms-win-crt-process-l1-1-0.dll
0x000001683c6e0000 - 0x000001683c6e4000 	C:\Program Files\Java\openjfx-19_windows-x64_bin-sdk\javafx-sdk-19\bin\api-ms-win-crt-runtime-l1-1-0.dll
0x000001683c6f0000 - 0x000001683c6f4000 	C:\Program Files\Java\openjfx-19_windows-x64_bin-sdk\javafx-sdk-19\bin\api-ms-win-crt-stdio-l1-1-0.dll
0x000001683c700000 - 0x000001683c704000 	C:\Program Files\Java\openjfx-19_windows-x64_bin-sdk\javafx-sdk-19\bin\api-ms-win-crt-string-l1-1-0.dll
0x000001683c710000 - 0x000001683c713000 	C:\Program Files\Java\openjfx-19_windows-x64_bin-sdk\javafx-sdk-19\bin\api-ms-win-crt-time-l1-1-0.dll
0x000001683c720000 - 0x000001683c723000 	C:\Program Files\Java\openjfx-19_windows-x64_bin-sdk\javafx-sdk-19\bin\api-ms-win-crt-utility-l1-1-0.dll
0x00007ffe949e0000 - 0x00007ffe94adc000 	C:\Program Files\Java\openjfx-19_windows-x64_bin-sdk\javafx-sdk-19\bin\ucrtbase.dll
0x00007ffe949c0000 - 0x00007ffe949db000 	C:\Program Files\Java\openjfx-19_windows-x64_bin-sdk\javafx-sdk-19\bin\vcruntime140.dll
0x00007ffeaa8a0000 - 0x00007ffeaa8ac000 	C:\Program Files\Java\openjfx-19_windows-x64_bin-sdk\javafx-sdk-19\bin\vcruntime140_1.dll
0x00007ffe88810000 - 0x00007ffe8889e000 	C:\Program Files\Java\openjfx-19_windows-x64_bin-sdk\javafx-sdk-19\bin\msvcp140.dll
0x00007ffe94fa0000 - 0x00007ffe94fa9000 	C:\Program Files\Java\openjfx-19_windows-x64_bin-sdk\javafx-sdk-19\bin\msvcp140_1.dll
0x00007ffe907b0000 - 0x00007ffe907e0000 	C:\Program Files\Java\openjfx-19_windows-x64_bin-sdk\javafx-sdk-19\bin\msvcp140_2.dll
0x00007ffe90620000 - 0x00007ffe9064c000 	C:\Program Files\Java\openjfx-19_windows-x64_bin-sdk\javafx-sdk-19\bin\prism_d3d.dll
0x00007ffe9d6d0000 - 0x00007ffe9d89f000 	C:\Windows\system32\d3d9.dll
0x00007ffead300000 - 0x00007ffead32f000 	C:\Windows\SYSTEM32\dwmapi.dll
0x00007ffead000000 - 0x00007ffead09e000 	C:\Windows\system32\uxtheme.dll
0x00007ffe59780000 - 0x00007ffe598e5000 	C:\Windows\System32\DriverStore\FileRepository\72_lenovo_kabylake_hws_iigd_dch.inf_amd64_d630775471e98fa9\igdumdim64.dll
0x00007ffeb0fd0000 - 0x00007ffeb10fa000 	C:\Windows\System32\ole32.dll
0x00007ffe484c0000 - 0x00007ffe4cec9000 	C:\Windows\System32\DriverStore\FileRepository\72_lenovo_kabylake_hws_iigd_dch.inf_amd64_d630775471e98fa9\igd9dxva64.dll
0x00007ffeb11b0000 - 0x00007ffeb127d000 	C:\Windows\System32\OLEAUT32.dll
0x00007ffeb0820000 - 0x00007ffeb0c88000 	C:\Windows\System32\SETUPAPI.dll
0x00007ffeb0470000 - 0x00007ffeb04be000 	C:\Windows\System32\cfgmgr32.dll
0x00007ffeb00d0000 - 0x00007ffeb00f7000 	C:\Windows\System32\bcrypt.dll
0x00007ffea2260000 - 0x00007ffea2591000 	C:\Windows\System32\DriverStore\FileRepository\72_lenovo_kabylake_hws_iigd_dch.inf_amd64_d630775471e98fa9\igdgmm64.dll
0x00007ffe883c0000 - 0x00007ffe88402000 	C:\Program Files\Java\openjfx-19_windows-x64_bin-sdk\javafx-sdk-19\bin\glass.dll
0x00007ffeb22f0000 - 0x00007ffeb23ca000 	C:\Windows\System32\COMDLG32.dll
0x00007ffeb1b90000 - 0x00007ffeb1ca5000 	C:\Windows\System32\MSCTF.dll
0x00007ffe980e0000 - 0x00007ffe98107000 	C:\Windows\System32\DriverStore\FileRepository\72_lenovo_kabylake_hws_iigd_dch.inf_amd64_d630775471e98fa9\igdinfo64.dll
0x00007ffeaf530000 - 0x00007ffeaf548000 	C:\Windows\SYSTEM32\CRYPTSP.dll
0x00007ffeaebe0000 - 0x00007ffeaec14000 	C:\Windows\system32\rsaenh.dll
0x00007ffeaf520000 - 0x00007ffeaf52c000 	C:\Windows\SYSTEM32\CRYPTBASE.dll
0x00007ffe9e320000 - 0x00007ffea105c000 	C:\Windows\System32\DriverStore\FileRepository\72_lenovo_kabylake_hws_iigd_dch.inf_amd64_d630775471e98fa9\igc64.dll
0x00007ffea4b30000 - 0x00007ffea4b6b000 	C:\Windows\SYSTEM32\dxcore.dll
0x00007ffe928d0000 - 0x00007ffe928e4000 	C:\Program Files\Java\openjfx-19_windows-x64_bin-sdk\javafx-sdk-19\bin\javafx_font.dll
0x00007ffe9c410000 - 0x00007ffe9c68f000 	C:\Windows\SYSTEM32\dwrite.dll
0x00007ffeb0d40000 - 0x00007ffeb0def000 	C:\Windows\System32\clbcatq.dll
0x00007ffea7810000 - 0x00007ffea79c4000 	C:\Windows\SYSTEM32\WindowsCodecs.dll
0x00007ffe81220000 - 0x00007ffe8125e000 	C:\Windows\system32\dataexchange.dll
0x00007ffeab7e0000 - 0x00007ffeaba43000 	C:\Windows\system32\d3d11.dll
0x00007ffeac3b0000 - 0x00007ffeac593000 	C:\Windows\system32\dcomp.dll
0x00007ffeae430000 - 0x00007ffeae523000 	C:\Windows\system32\dxgi.dll
0x00007ffea8090000 - 0x00007ffea8290000 	C:\Windows\system32\twinapi.appcore.dll
0x00007ffe85db0000 - 0x00007ffe85de4000 	C:\Program Files\Common Files\Microsoft Shared\Ink\rtscom.dll
0x00007ffea29a0000 - 0x00007ffea2a99000 	C:\Windows\SYSTEM32\textinputframework.dll
0x00007ffeac920000 - 0x00007ffeacc7e000 	C:\Windows\System32\CoreUIComponents.dll
0x00007ffeacc80000 - 0x00007ffeacd72000 	C:\Windows\System32\CoreMessaging.dll

dbghelp: loaded successfully - version: 4.0.5 - missing functions: none
symbol engine: initialized successfully - sym options: 0x614 - pdb path: .;C:\Program Files\Java\jdk-18.0.2.1\bin;C:\Windows\SYSTEM32;C:\Windows\WinSxS\amd64_microsoft.windows.common-controls_6595b64144ccf1df_6.0.19041.1110_none_60b5254171f9507e;C:\Program Files\Java\jdk-18.0.2.1\bin\server;C:\Program Files\JetBrains\IntelliJ IDEA Community Edition 2022.2.1\bin;C:\Program Files\Java\openjfx-19_windows-x64_bin-sdk\javafx-sdk-19\bin;C:\Windows\System32\DriverStore\FileRepository\72_lenovo_kabylake_hws_iigd_dch.inf_amd64_d630775471e98fa9;C:\Program Files\Common Files\Microsoft Shared\Ink

VM Arguments:
jvm_args: --module-path=C:/Program Files/Java/openjfx-19_windows-x64_bin-sdk/javafx-sdk-19/lib --add-modules=javafx.controls,javafx.fxml -javaagent:C:\Program Files\JetBrains\IntelliJ IDEA Community Edition 2022.2.1\lib\idea_rt.jar=60041:C:\Program Files\JetBrains\IntelliJ IDEA Community Edition 2022.2.1\bin -Dfile.encoding=UTF-8 -Dsun.stdout.encoding=UTF-8 -Dsun.stderr.encoding=UTF-8 
java_command: Client
java_class_path (initial): E:\prog 5\\kurs\out\production\Client;C:\Program Files\Java\openjfx-19_windows-x64_bin-sdk\javafx-sdk-19\lib\javafx-swt.jar;C:\Program Files\Java\openjfx-19_windows-x64_bin-sdk\javafx-sdk-19\lib\javafx.web.jar;C:\Program Files\Java\openjfx-19_windows-x64_bin-sdk\javafx-sdk-19\lib\javafx.base.jar;C:\Program Files\Java\openjfx-19_windows-x64_bin-sdk\javafx-sdk-19\lib\javafx.fxml.jar;C:\Program Files\Java\openjfx-19_windows-x64_bin-sdk\javafx-sdk-19\lib\javafx.media.jar;C:\Program Files\Java\openjfx-19_windows-x64_bin-sdk\javafx-sdk-19\lib\javafx.swing.jar;C:\Program Files\Java\openjfx-19_windows-x64_bin-sdk\javafx-sdk-19\lib\javafx.controls.jar;C:\Program Files\Java\openjfx-19_windows-x64_bin-sdk\javafx-sdk-19\lib\javafx.graphics.jar;C:\Users\\Downloads\mysql-connector-java-8.0.26.jar;E:\prog 5\\kurs\out\production\kurs;C:\Program Files\Java\jdk-18.0.2.1\lib\jrt-fs.jar
Launcher Type: SUN_STANDARD

[Global flags]
     intx CICompilerCount                          = 3                                         {product} {ergonomic}
     uint ConcGCThreads                            = 1                                         {product} {ergonomic}
     uint G1ConcRefinementThreads                  = 4                                         {product} {ergonomic}
   size_t G1HeapRegionSize                         = 1048576                                   {product} {ergonomic}
    uintx GCDrainStackTargetSize                   = 64                                        {product} {ergonomic}
   size_t InitialHeapSize                          = 134217728                                 {product} {ergonomic}
   size_t MarkStackSize                            = 4194304                                   {product} {ergonomic}
   size_t MaxHeapSize                              = 2116026368                                {product} {ergonomic}
   size_t MaxNewSize                               = 1268776960                                {product} {ergonomic}
   size_t MinHeapDeltaBytes                        = 1048576                                   {product} {ergonomic}
   size_t MinHeapSize                              = 8388608                                   {product} {ergonomic}
    uintx NonNMethodCodeHeapSize                   = 5832780                                {pd product} {ergonomic}
    uintx NonProfiledCodeHeapSize                  = 122912730                              {pd product} {ergonomic}
    uintx ProfiledCodeHeapSize                     = 122912730                              {pd product} {ergonomic}
    uintx ReservedCodeCacheSize                    = 251658240                              {pd product} {ergonomic}
     bool SegmentedCodeCache                       = true                                      {product} {ergonomic}
   size_t SoftMaxHeapSize                          = 2116026368                             {manageable} {ergonomic}
     bool UseCompressedClassPointers               = true                           {product lp64_product} {ergonomic}
     bool UseCompressedOops                        = true                           {product lp64_product} {ergonomic}
     bool UseG1GC                                  = true                                      {product} {ergonomic}
     bool UseLargePagesIndividualAllocation        = false                                  {pd product} {ergonomic}

Logging:
Log output configuration:
 #0: stdout all=off uptime,level,tags foldmultilines=false
 #1: stderr all=off uptime,level,tags foldmultilines=false

Environment Variables:
PATH=C:\Program Files\Common Files\Oracle\Java\javapath;C:\Program Files (x86)\Common Files\Oracle\Java\javapath;C:\Windows\system32;C:\Windows;C:\Windows\System32\Wbem;C:\Windows\System32\WindowsPowerShell\v1.0\;C:\Windows\System32\OpenSSH\;C:\Program Files (x86)\NVIDIA Corporation\PhysX\Common;C:\Program Files\NVIDIA Corporation\NVIDIA NvDLISR;C:\Program Files\Azure Data Studio\bin;C:\Program Files\MySQL\MySQL Shell 8.0\bin\;C:\Users\\AppData\Local\Microsoft\WindowsApps;;C:\Program Files\Azure Data Studio\bin
USERNAME=
OS=Windows_NT
PROCESSOR_IDENTIFIER=Intel64 Family 6 Model 142 Stepping 9, GenuineIntel



---------------  S Y S T E M  ---------------

OS:
 Windows 10 , 64 bit Build 19041 (10.0.19041.2251)
OS uptime: 0 days 1:12 hours

CPU: total 4 (initial active 4) (2 cores per cpu, 2 threads per core) family 6 model 142 stepping 9 microcode 0xd6, cx8, cmov, fxsr, ht, mmx, 3dnowpref, sse, sse2, sse3, ssse3, sse4.1, sse4.2, popcnt, lzcnt, tsc, tscinvbit, avx, avx2, aes, erms, clmul, bmi1, bmi2, adx, fma, vzeroupper, clflush, clflushopt

Memory: 4k page, system-wide physical 8066M (1682M free)
TotalPageFile size 14466M (AvailPageFile size 6073M)
current process WorkingSet (physical memory assigned to process): 183M, peak: 198M
current process commit charge ("private bytes"): 292M, peak: 306M

vm_info: Java HotSpot(TM) 64-Bit Server VM (18.0.2.1+1-1) for windows-amd64 JRE (18.0.2.1+1-1), built on Aug 16 2022 01:46:33 by "mach5one" with MS VC++ 16.8 / 16.9 (VS2019)

END.
