#
# A fatal error has been detected by the Java Runtime Environment:
#
#  EXCEPTION_ACCESS_VIOLATION (0xc0000005) at pc=0x00007ffb81a463b7, pid=11720, tid=456
#
# JRE version: Java(TM) SE Runtime Environment (18.0.2.1+1) (build 18.0.2.1+1-1)
# Java VM: Java HotSpot(TM) 64-Bit Server VM (18.0.2.1+1-1, mixed mode, sharing, tiered, compressed oops, compressed class ptrs, g1 gc, windows-amd64)
# Problematic frame:
# C  [glass.dll+0x263b7]
#
# No core dump will be written. Minidumps are not enabled by default on client versions of Windows
#
# If you would like to submit a bug report, please visit:
#   https://bugreport.java.com/bugreport/crash.jsp
#

---------------  S U M M A R Y ------------

Command Line: --module-path=C:/Program Files/Java/openjfx-19_windows-x64_bin-sdk/javafx-sdk-19/lib --add-modules=javafx.controls,javafx.fxml -javaagent:C:\Program Files\JetBrains\IntelliJ IDEA Community Edition 2022.2.1\lib\idea_rt.jar=55567:C:\Program Files\JetBrains\IntelliJ IDEA Community Edition 2022.2.1\bin -Dfile.encoding=UTF-8 -Dsun.stdout.encoding=UTF-8 -Dsun.stderr.encoding=UTF-8 Client

Host: Intel(R) Core(TM) i3-7130U CPU @ 2.70GHz, 4 cores, 7G,  Windows 10 , 64 bit Build 19041 (10.0.19041.1806)
Time: Mon Dec  5 23:50:01 2022  Windows 10 , 64 bit Build 19041 (10.0.19041.1806) elapsed time: 29.339712 seconds (0d 0h 0m 29s)

---------------  T H R E A D  ---------------

Current thread (0x000001a77f828b40):  VMThread "VM Thread" [stack: 0x000000869d800000,0x000000869d900000] [id=456]

Stack: [0x000000869d800000,0x000000869d900000],  sp=0x000000869d8ff1c0,  free space=1020k
Native frames: (J=compiled Java code, j=interpreted, Vv=VM code, C=native code)
C  [glass.dll+0x263b7]


siginfo: EXCEPTION_ACCESS_VIOLATION (0xc0000005), reading address 0x0000000000000000


Register to memory mapping:

RIP=0x00007ffb81a463b7 glass.dll
RAX=0x0 is NULL
RBX=0x000001a77f836760 is a global jni handle
RCX=0x000001a77f828b40 points into unknown readable memory: 0x00007ffb43b6ea28 | 28 ea b6 43 fb 7f 00 00
RDX=0x000000869d8ff1c0 points into unknown readable memory: 0x0000000000000000 | 00 00 00 00 00 00 00 00
RSP=0x000000869d8ff1c0 points into unknown readable memory: 0x0000000000000000 | 00 00 00 00 00 00 00 00
RBP=0x000001a713563ca8 points into unknown readable memory: 0x0000edd0b8ed8146 | 46 81 ed b8 d0 ed 00 00
RSI=0x000001a713563c80 points into unknown readable memory: 0x001f1330d1e38346 | 46 83 e3 d1 30 13 1f 00
RDI=0x0000edd0b8ed8146 is an unknown value
R8 =0x0000000000010002 is an unknown value
R9 =0x0000edd0b8ed8146 is an unknown value
R10=0x0000000000008000 is an unknown value
R11=0x000000869d8ff150 points into unknown readable memory: 0x000001a713563c80 | 80 3c 56 13 a7 01 00 00
R12=0x00007ffb81a43cf0 glass.dll
R13=0x00007ffb43d30c00 jvm.dll
R14=0x000000869d8ff2b8 points into unknown readable memory: 0x000000869d8ff2a0 | a0 f2 8f 9d 86 00 00 00
R15=0x000001a713563c80 points into unknown readable memory: 0x001f1330d1e38346 | 46 83 e3 d1 30 13 1f 00


Registers:
RAX=0x0000000000000000, RBX=0x000001a77f836760, RCX=0x000001a77f828b40, RDX=0x000000869d8ff1c0
RSP=0x000000869d8ff1c0, RBP=0x000001a713563ca8, RSI=0x000001a713563c80, RDI=0x0000edd0b8ed8146
R8 =0x0000000000010002, R9 =0x0000edd0b8ed8146, R10=0x0000000000008000, R11=0x000000869d8ff150
R12=0x00007ffb81a43cf0, R13=0x00007ffb43d30c00, R14=0x000000869d8ff2b8, R15=0x000001a713563c80
RIP=0x00007ffb81a463b7, EFLAGS=0x0000000000010206

Top of Stack: (sp=0x000000869d8ff1c0)
0x000000869d8ff1c0:   0000000000000000 000001a713563c80
0x000000869d8ff1d0:   00007ffb43d30c00 00007ffb81a43cf0
0x000000869d8ff1e0:   000001a713563c88 00007ffba2f442d6
0x000000869d8ff1f0:   0000edd0b8ed8146 000001a700000000
0x000000869d8ff200:   000001a713563ca8 000001a713563c80
0x000000869d8ff210:   fffffffffffffffe 0000000000000000
0x000000869d8ff220:   0000000000000001 00007ffb81a20000
0x000000869d8ff230:   000000869d8ff2a8 00007ffba2f441fb
0x000000869d8ff240:   0000000000000000 000000869d8ff2b8
0x000000869d8ff250:   000000869d8ff580 00007ffba3020e40
0x000000869d8ff260:   0000000000000001 00007ffba2f441b4
0x000000869d8ff270:   0000000000000000 0000000000000001
0x000000869d8ff280:   00007ffb00000001 000000869d8ff2a8
0x000000869d8ff290:   0000000000000000 00007ffb81a43b7d
0x000000869d8ff2a0:   00007ffb81a59f88 00007ffb00000002
0x000000869d8ff2b0:   0000000000000002 000000869d8ff2a0 

Instructions: (pc=0x00007ffb81a463b7)
0x00007ffb81a462b7:   8b 4d 58 e8 7d cf ff ff 48 8b 4d 60 e8 74 cf ff
0x00007ffb81a462c7:   ff 48 8b 95 80 00 00 00 48 8b 8d 18 01 00 00 e8
0x00007ffb81a462d7:   66 c4 ff ff 33 d2 33 c9 e8 bc e1 ff ff 90 48 89
0x00007ffb81a462e7:   54 24 10 55 48 83 ec 20 48 8b ea 48 b8 00 00 00
0x00007ffb81a462f7:   00 00 00 00 00 48 83 c4 20 5d c3 cc 40 55 48 8b
0x00007ffb81a46307:   ea 48 8b 01 33 c9 81 38 05 00 00 c0 0f 94 c1 8b
0x00007ffb81a46317:   c1 5d c3 cc 40 55 48 83 ec 20 48 8b ea 8a 4d 40
0x00007ffb81a46327:   48 83 c4 20 5d e9 63 d3 ff ff cc 40 55 48 83 ec
0x00007ffb81a46337:   20 48 8b ea 8a 4d 20 e8 51 d3 ff ff 90 48 83 c4
0x00007ffb81a46347:   20 5d c3 cc 40 55 48 83 ec 20 48 8b ea 48 83 c4
0x00007ffb81a46357:   20 5d e9 b2 d1 ff ff cc 40 55 48 83 ec 30 48 8b
0x00007ffb81a46367:   ea 48 8b 01 8b 10 48 89 4c 24 28 89 54 24 20 4c
0x00007ffb81a46377:   8d 0d 53 d6 ff ff 4c 8b 45 70 8b 55 68 48 8b 4d
0x00007ffb81a46387:   60 e8 f3 d0 ff ff 90 48 83 c4 30 5d c3 cc cc cc
0x00007ffb81a46397:   cc cc cc cc cc cc cc cc cc 40 53 48 83 ec 20 48
0x00007ffb81a463a7:   8b 1d db 35 01 00 48 85 db 74 16 e8 79 8b ff ff
0x00007ffb81a463b7:   4c 8b 00 48 8b d3 48 8b c8 41 ff 90 b0 00 00 00
0x00007ffb81a463c7:   90 48 83 c4 20 5b c3 cc cc 40 53 48 83 ec 20 48
0x00007ffb81a463d7:   8b 1d 4b 37 01 00 48 85 db 74 57 b8 ff ff ff ff
0x00007ffb81a463e7:   f0 0f c1 43 10 83 f8 01 75 3d 48 85 db 74 38 48
0x00007ffb81a463f7:   8b 0b 48 85 c9 74 0d ff 15 a4 0e 00 00 48 c7 03
0x00007ffb81a46407:   00 00 00 00 48 8b 4b 08 48 85 c9 74 0d e8 23 ce
0x00007ffb81a46417:   ff ff 48 c7 43 08 00 00 00 00 ba 18 00 00 00 48
0x00007ffb81a46427:   8b cb e8 0e ce ff ff 48 c7 05 ef 36 01 00 00 00
0x00007ffb81a46437:   00 00 48 83 c4 20 5b c3 cc 40 53 48 83 ec 20 48
0x00007ffb81a46447:   8b 1d bb 36 01 00 48 85 db 74 57 b8 ff ff ff ff
0x00007ffb81a46457:   f0 0f c1 43 10 83 f8 01 75 3d 48 85 db 74 38 48
0x00007ffb81a46467:   8b 0b 48 85 c9 74 0d ff 15 34 0e 00 00 48 c7 03
0x00007ffb81a46477:   00 00 00 00 48 8b 4b 08 48 85 c9 74 0d e8 b3 cd
0x00007ffb81a46487:   ff ff 48 c7 43 08 00 00 00 00 ba 18 00 00 00 48
0x00007ffb81a46497:   8b cb e8 9e cd ff ff 48 c7 05 5f 36 01 00 00 00
0x00007ffb81a464a7:   00 00 48 83 c4 20 5b c3 cc 40 53 48 83 ec 20 48 


Stack slot to memory mapping:
stack at sp + 0 slots: 0x0 is NULL
stack at sp + 1 slots: 0x000001a713563c80 points into unknown readable memory: 0x001f1330d1e38346 | 46 83 e3 d1 30 13 1f 00
stack at sp + 2 slots: 0x00007ffb43d30c00 jvm.dll
stack at sp + 3 slots: 0x00007ffb81a43cf0 glass.dll
stack at sp + 4 slots: 0x000001a713563c88 points into unknown readable memory: 0x0000edd0b8ed8146 | 46 81 ed b8 d0 ed 00 00
stack at sp + 5 slots: 0x00007ffba2f442d6 ucrtbase.dll
stack at sp + 6 slots: 0x0000edd0b8ed8146 is an unknown value
stack at sp + 7 slots: 0x000001a700000000 points into unknown readable memory: 0x0000000000000006 | 06 00 00 00 00 00 00 00

VM_Operation (0x000000869f5fee70): Exit, mode: safepoint, requested by thread 0x000001a713e9a550


---------------  P R O C E S S  ---------------

Threads class SMR info:
_java_thread_list=0x000001a713a7bc10, length=20, elements={
0x000001a76f0126a0, 0x000001a77f82bb40, 0x000001a77f82c8e0, 0x000001a77f8475c0,
0x000001a77f849f70, 0x000001a77f84a910, 0x000001a77f84ed60, 0x000001a77f87b920,
0x000001a77f885df0, 0x000001a77fa97030, 0x000001a7135c76b0, 0x000001a77fcb87f0,
0x000001a71334e320, 0x000001a7139acfc0, 0x000001a77faab730, 0x000001a713c60c20,
0x000001a713b0efd0, 0x000001a713b773c0, 0x000001a713b76a20, 0x000001a713e9a550
}

Java Threads: ( => current thread )
  0x000001a76f0126a0 JavaThread "main" [_thread_blocked, id=8528, stack(0x000000869d200000,0x000000869d300000)]
  0x000001a77f82bb40 JavaThread "Reference Handler" daemon [_thread_blocked, id=11200, stack(0x000000869d900000,0x000000869da00000)]
  0x000001a77f82c8e0 JavaThread "Finalizer" daemon [_thread_blocked, id=9760, stack(0x000000869da00000,0x000000869db00000)]
  0x000001a77f8475c0 JavaThread "Attach Listener" daemon [_thread_blocked, id=9340, stack(0x000000869dc00000,0x000000869dd00000)]
  0x000001a77f849f70 JavaThread "Service Thread" daemon [_thread_blocked, id=9808, stack(0x000000869dd00000,0x000000869de00000)]
  0x000001a77f84a910 JavaThread "Monitor Deflation Thread" daemon [_thread_blocked, id=11584, stack(0x000000869de00000,0x000000869df00000)]
  0x000001a77f84ed60 JavaThread "C2 CompilerThread0" daemon [_thread_blocked, id=12200, stack(0x000000869df00000,0x000000869e000000)]
  0x000001a77f87b920 JavaThread "C1 CompilerThread0" daemon [_thread_blocked, id=1416, stack(0x000000869e000000,0x000000869e100000)]
  0x000001a77f885df0 JavaThread "Sweeper thread" daemon [_thread_blocked, id=2292, stack(0x000000869e100000,0x000000869e200000)]
  0x000001a77fa97030 JavaThread "Common-Cleaner" daemon [_thread_blocked, id=2640, stack(0x000000869e200000,0x000000869e300000)]
  0x000001a7135c76b0 JavaThread "Monitor Ctrl-Break" daemon [_thread_in_native, id=8600, stack(0x000000869e400000,0x000000869e500000)]
  0x000001a77fcb87f0 JavaThread "Notification Thread" daemon [_thread_blocked, id=2368, stack(0x000000869e500000,0x000000869e600000)]
  0x000001a71334e320 JavaThread "QuantumRenderer-0" daemon [_thread_blocked, id=4668, stack(0x000000869e700000,0x000000869e800000)]
  0x000001a7139acfc0 JavaThread "InvokeLaterDispatcher" daemon [_thread_blocked, id=2684, stack(0x000000869e800000,0x000000869e900000)]
  0x000001a77faab730 JavaThread "JavaFX Application Thread" [_thread_in_native, id=636, stack(0x000000869ec00000,0x000000869ed00000)]
  0x000001a713c60c20 JavaThread "Thread-1" daemon [_thread_in_native, id=11236, stack(0x000000869f000000,0x000000869f100000)]
  0x000001a713b0efd0 JavaThread "JavaFX-Launcher" [_thread_blocked, id=10648, stack(0x000000869e300000,0x000000869e400000)]
  0x000001a713b773c0 JavaThread "Prism Font Disposer" daemon [_thread_blocked, id=11368, stack(0x000000869f100000,0x000000869f200000)]
  0x000001a713b76a20 JavaThread "Cleaner-0" daemon [_thread_blocked, id=9316, stack(0x000000869f600000,0x000000869f700000)]
  0x000001a713e9a550 JavaThread "SIGINT handler" daemon [_thread_blocked, id=3172, stack(0x000000869f500000,0x000000869f600000)]

Other Threads:
=>0x000001a77f828b40 VMThread "VM Thread" [stack: 0x000000869d800000,0x000000869d900000] [id=456]
  0x000001a76f06fdc0 WorkerThread "GC Thread#0" [stack: 0x000000869d300000,0x000000869d400000] [id=7652]
  0x000001a7139abad0 WorkerThread "GC Thread#1" [stack: 0x000000869e900000,0x000000869ea00000] [id=4816]
  0x000001a7139abd70 WorkerThread "GC Thread#2" [stack: 0x000000869ea00000,0x000000869eb00000] [id=11492]
  0x000001a713d36410 WorkerThread "GC Thread#3" [stack: 0x000000869eb00000,0x000000869ec00000] [id=11468]
  0x000001a76f082950 ConcurrentGCThread "G1 Main Marker" terminated
  0x000001a76f083ae0 WorkerThread "G1 Conc#0" [stack: 0x000000869d500000,0x000000869d600000] [id=1264]
  0x000001a76f0c32d0 ConcurrentGCThread "G1 Refine#0" terminated
  0x000001a76f0c3be0 ConcurrentGCThread "G1 Service" terminated

Threads with active compile tasks:

VM state: at safepoint (shutting down)

VM Mutex/Monitor currently owned by a thread:  ([mutex/lock_event])
[0x000001a76f00daf0] Threads_lock - owner thread: 0x000001a77f828b40
[0x000001a76f00db80] Heap_lock - owner thread: 0x000001a713e9a550

Heap address: 0x0000000081e00000, size: 2018 MB, Compressed Oops mode: 32-bit

CDS archive(s) mapped at: [0x0000000800000000-0x0000000800ba0000-0x0000000800ba0000), size 12189696, SharedBaseAddress: 0x0000000800000000, ArchiveRelocationMode: 0.
Compressed class space mapped at: 0x0000000800c00000-0x0000000840c00000, reserved size: 1073741824
Narrow klass base: 0x0000000800000000, Narrow klass shift: 0, Narrow klass range: 0x100000000

GC Precious Log:
 CardTable entry size: 512
 Card Set container configuration: InlinePtr #cards 5 size 8 Array Of Cards #cards 12 size 40 Howl #buckets 4 coarsen threshold 1843 Howl Bitmap #cards 512 size 80 coarsen threshold 460 Card regions per heap region 1 cards per card region 2048
 CPUs: 4 total, 4 available
 Memory: 8066M
 Large Page Support: Disabled
 NUMA Support: Disabled
 Compressed Oops: Enabled (32-bit)
 Heap Region Size: 1M
 Heap Min Capacity: 8M
 Heap Initial Capacity: 128M
 Heap Max Capacity: 2018M
 Pre-touch: Disabled
 Parallel Workers: 4
 Concurrent Workers: 1
 Concurrent Refinement Workers: 4
 Periodic GC: Disabled

Heap:
 garbage-first heap   total 131072K, used 50344K [0x0000000081e00000, 0x0000000100000000)
  region size 1024K, 46 young (47104K), 3 survivors (3072K)
 Metaspace       used 18600K, committed 18944K, reserved 1114112K
  class space    used 2713K, committed 2880K, reserved 1048576K

Heap Regions: E=young(eden), S=young(survivor), O=old, HS=humongous(starts), HC=humongous(continues), CS=collection set, F=free, OA=open archive, CA=closed archive, TAMS=top-at-mark-start (previous, next)
|   0|0x0000000081e00000, 0x0000000081f00000, 0x0000000081f00000|100%| O|  |TAMS 0x0000000081e00000, 0x0000000081e00000| Untracked 
|   1|0x0000000081f00000, 0x0000000082000000, 0x0000000082000000|100%| O|  |TAMS 0x0000000081f00000, 0x0000000081f00000| Untracked 
|   2|0x0000000082000000, 0x000000008202a000, 0x0000000082100000| 16%| O|  |TAMS 0x0000000082000000, 0x0000000082000000| Untracked 
|   3|0x0000000082100000, 0x0000000082200000, 0x0000000082200000|100%|HS|  |TAMS 0x0000000082100000, 0x0000000082100000| Complete 
|   4|0x0000000082200000, 0x0000000082300000, 0x0000000082300000|100%|HC|  |TAMS 0x0000000082200000, 0x0000000082200000| Complete 
|   5|0x0000000082300000, 0x0000000082300000, 0x0000000082400000|  0%| F|  |TAMS 0x0000000082300000, 0x0000000082300000| Untracked 
|   6|0x0000000082400000, 0x0000000082400000, 0x0000000082500000|  0%| F|  |TAMS 0x0000000082400000, 0x0000000082400000| Untracked 
|   7|0x0000000082500000, 0x0000000082500000, 0x0000000082600000|  0%| F|  |TAMS 0x0000000082500000, 0x0000000082500000| Untracked 
|   8|0x0000000082600000, 0x0000000082600000, 0x0000000082700000|  0%| F|  |TAMS 0x0000000082600000, 0x0000000082600000| Untracked 
|   9|0x0000000082700000, 0x0000000082700000, 0x0000000082800000|  0%| F|  |TAMS 0x0000000082700000, 0x0000000082700000| Untracked 
|  10|0x0000000082800000, 0x0000000082800000, 0x0000000082900000|  0%| F|  |TAMS 0x0000000082800000, 0x0000000082800000| Untracked 
|  11|0x0000000082900000, 0x0000000082900000, 0x0000000082a00000|  0%| F|  |TAMS 0x0000000082900000, 0x0000000082900000| Untracked 
|  12|0x0000000082a00000, 0x0000000082a00000, 0x0000000082b00000|  0%| F|  |TAMS 0x0000000082a00000, 0x0000000082a00000| Untracked 
|  13|0x0000000082b00000, 0x0000000082b00000, 0x0000000082c00000|  0%| F|  |TAMS 0x0000000082b00000, 0x0000000082b00000| Untracked 
|  14|0x0000000082c00000, 0x0000000082c00000, 0x0000000082d00000|  0%| F|  |TAMS 0x0000000082c00000, 0x0000000082c00000| Untracked 
|  15|0x0000000082d00000, 0x0000000082d00000, 0x0000000082e00000|  0%| F|  |TAMS 0x0000000082d00000, 0x0000000082d00000| Untracked 
|  16|0x0000000082e00000, 0x0000000082e00000, 0x0000000082f00000|  0%| F|  |TAMS 0x0000000082e00000, 0x0000000082e00000| Untracked 
|  17|0x0000000082f00000, 0x0000000082f00000, 0x0000000083000000|  0%| F|  |TAMS 0x0000000082f00000, 0x0000000082f00000| Untracked 
|  18|0x0000000083000000, 0x0000000083000000, 0x0000000083100000|  0%| F|  |TAMS 0x0000000083000000, 0x0000000083000000| Untracked 
|  19|0x0000000083100000, 0x0000000083100000, 0x0000000083200000|  0%| F|  |TAMS 0x0000000083100000, 0x0000000083100000| Untracked 
|  20|0x0000000083200000, 0x0000000083200000, 0x0000000083300000|  0%| F|  |TAMS 0x0000000083200000, 0x0000000083200000| Untracked 
|  21|0x0000000083300000, 0x0000000083300000, 0x0000000083400000|  0%| F|  |TAMS 0x0000000083300000, 0x0000000083300000| Untracked 
|  22|0x0000000083400000, 0x0000000083400000, 0x0000000083500000|  0%| F|  |TAMS 0x0000000083400000, 0x0000000083400000| Untracked 
|  23|0x0000000083500000, 0x0000000083500000, 0x0000000083600000|  0%| F|  |TAMS 0x0000000083500000, 0x0000000083500000| Untracked 
|  24|0x0000000083600000, 0x0000000083600000, 0x0000000083700000|  0%| F|  |TAMS 0x0000000083600000, 0x0000000083600000| Untracked 
|  25|0x0000000083700000, 0x0000000083700000, 0x0000000083800000|  0%| F|  |TAMS 0x0000000083700000, 0x0000000083700000| Untracked 
|  26|0x0000000083800000, 0x0000000083800000, 0x0000000083900000|  0%| F|  |TAMS 0x0000000083800000, 0x0000000083800000| Untracked 
|  27|0x0000000083900000, 0x0000000083900000, 0x0000000083a00000|  0%| F|  |TAMS 0x0000000083900000, 0x0000000083900000| Untracked 
|  28|0x0000000083a00000, 0x0000000083a00000, 0x0000000083b00000|  0%| F|  |TAMS 0x0000000083a00000, 0x0000000083a00000| Untracked 
|  29|0x0000000083b00000, 0x0000000083b00000, 0x0000000083c00000|  0%| F|  |TAMS 0x0000000083b00000, 0x0000000083b00000| Untracked 
|  30|0x0000000083c00000, 0x0000000083c00000, 0x0000000083d00000|  0%| F|  |TAMS 0x0000000083c00000, 0x0000000083c00000| Untracked 
|  31|0x0000000083d00000, 0x0000000083d00000, 0x0000000083e00000|  0%| F|  |TAMS 0x0000000083d00000, 0x0000000083d00000| Untracked 
|  32|0x0000000083e00000, 0x0000000083e00000, 0x0000000083f00000|  0%| F|  |TAMS 0x0000000083e00000, 0x0000000083e00000| Untracked 
|  33|0x0000000083f00000, 0x0000000083f00000, 0x0000000084000000|  0%| F|  |TAMS 0x0000000083f00000, 0x0000000083f00000| Untracked 
|  34|0x0000000084000000, 0x0000000084000000, 0x0000000084100000|  0%| F|  |TAMS 0x0000000084000000, 0x0000000084000000| Untracked 
|  35|0x0000000084100000, 0x0000000084100000, 0x0000000084200000|  0%| F|  |TAMS 0x0000000084100000, 0x0000000084100000| Untracked 
|  36|0x0000000084200000, 0x0000000084200000, 0x0000000084300000|  0%| F|  |TAMS 0x0000000084200000, 0x0000000084200000| Untracked 
|  37|0x0000000084300000, 0x0000000084300000, 0x0000000084400000|  0%| F|  |TAMS 0x0000000084300000, 0x0000000084300000| Untracked 
|  38|0x0000000084400000, 0x0000000084400000, 0x0000000084500000|  0%| F|  |TAMS 0x0000000084400000, 0x0000000084400000| Untracked 
|  39|0x0000000084500000, 0x0000000084500000, 0x0000000084600000|  0%| F|  |TAMS 0x0000000084500000, 0x0000000084500000| Untracked 
|  40|0x0000000084600000, 0x0000000084600000, 0x0000000084700000|  0%| F|  |TAMS 0x0000000084600000, 0x0000000084600000| Untracked 
|  41|0x0000000084700000, 0x0000000084700000, 0x0000000084800000|  0%| F|  |TAMS 0x0000000084700000, 0x0000000084700000| Untracked 
|  42|0x0000000084800000, 0x0000000084800000, 0x0000000084900000|  0%| F|  |TAMS 0x0000000084800000, 0x0000000084800000| Untracked 
|  43|0x0000000084900000, 0x0000000084900000, 0x0000000084a00000|  0%| F|  |TAMS 0x0000000084900000, 0x0000000084900000| Untracked 
|  44|0x0000000084a00000, 0x0000000084a00000, 0x0000000084b00000|  0%| F|  |TAMS 0x0000000084a00000, 0x0000000084a00000| Untracked 
|  45|0x0000000084b00000, 0x0000000084b00000, 0x0000000084c00000|  0%| F|  |TAMS 0x0000000084b00000, 0x0000000084b00000| Untracked 
|  46|0x0000000084c00000, 0x0000000084c00000, 0x0000000084d00000|  0%| F|  |TAMS 0x0000000084c00000, 0x0000000084c00000| Untracked 
|  47|0x0000000084d00000, 0x0000000084d00000, 0x0000000084e00000|  0%| F|  |TAMS 0x0000000084d00000, 0x0000000084d00000| Untracked 
|  48|0x0000000084e00000, 0x0000000084e00000, 0x0000000084f00000|  0%| F|  |TAMS 0x0000000084e00000, 0x0000000084e00000| Untracked 
|  49|0x0000000084f00000, 0x0000000084f00000, 0x0000000085000000|  0%| F|  |TAMS 0x0000000084f00000, 0x0000000084f00000| Untracked 
|  50|0x0000000085000000, 0x0000000085000000, 0x0000000085100000|  0%| F|  |TAMS 0x0000000085000000, 0x0000000085000000| Untracked 
|  51|0x0000000085100000, 0x0000000085100000, 0x0000000085200000|  0%| F|  |TAMS 0x0000000085100000, 0x0000000085100000| Untracked 
|  52|0x0000000085200000, 0x0000000085200000, 0x0000000085300000|  0%| F|  |TAMS 0x0000000085200000, 0x0000000085200000| Untracked 
|  53|0x0000000085300000, 0x0000000085300000, 0x0000000085400000|  0%| F|  |TAMS 0x0000000085300000, 0x0000000085300000| Untracked 
|  54|0x0000000085400000, 0x0000000085400000, 0x0000000085500000|  0%| F|  |TAMS 0x0000000085400000, 0x0000000085400000| Untracked 
|  55|0x0000000085500000, 0x0000000085500000, 0x0000000085600000|  0%| F|  |TAMS 0x0000000085500000, 0x0000000085500000| Untracked 
|  56|0x0000000085600000, 0x0000000085600000, 0x0000000085700000|  0%| F|  |TAMS 0x0000000085600000, 0x0000000085600000| Untracked 
|  57|0x0000000085700000, 0x0000000085700000, 0x0000000085800000|  0%| F|  |TAMS 0x0000000085700000, 0x0000000085700000| Untracked 
|  58|0x0000000085800000, 0x0000000085800000, 0x0000000085900000|  0%| F|  |TAMS 0x0000000085800000, 0x0000000085800000| Untracked 
|  59|0x0000000085900000, 0x0000000085900000, 0x0000000085a00000|  0%| F|  |TAMS 0x0000000085900000, 0x0000000085900000| Untracked 
|  60|0x0000000085a00000, 0x0000000085a00000, 0x0000000085b00000|  0%| F|  |TAMS 0x0000000085a00000, 0x0000000085a00000| Untracked 
|  61|0x0000000085b00000, 0x0000000085b00000, 0x0000000085c00000|  0%| F|  |TAMS 0x0000000085b00000, 0x0000000085b00000| Untracked 
|  62|0x0000000085c00000, 0x0000000085c00000, 0x0000000085d00000|  0%| F|  |TAMS 0x0000000085c00000, 0x0000000085c00000| Untracked 
|  63|0x0000000085d00000, 0x0000000085d00000, 0x0000000085e00000|  0%| F|  |TAMS 0x0000000085d00000, 0x0000000085d00000| Untracked 
|  64|0x0000000085e00000, 0x0000000085e00000, 0x0000000085f00000|  0%| F|  |TAMS 0x0000000085e00000, 0x0000000085e00000| Untracked 
|  65|0x0000000085f00000, 0x0000000085f00000, 0x0000000086000000|  0%| F|  |TAMS 0x0000000085f00000, 0x0000000085f00000| Untracked 
|  66|0x0000000086000000, 0x0000000086000000, 0x0000000086100000|  0%| F|  |TAMS 0x0000000086000000, 0x0000000086000000| Untracked 
|  67|0x0000000086100000, 0x0000000086100000, 0x0000000086200000|  0%| F|  |TAMS 0x0000000086100000, 0x0000000086100000| Untracked 
|  68|0x0000000086200000, 0x0000000086200000, 0x0000000086300000|  0%| F|  |TAMS 0x0000000086200000, 0x0000000086200000| Untracked 
|  69|0x0000000086300000, 0x0000000086300000, 0x0000000086400000|  0%| F|  |TAMS 0x0000000086300000, 0x0000000086300000| Untracked 
|  70|0x0000000086400000, 0x0000000086400000, 0x0000000086500000|  0%| F|  |TAMS 0x0000000086400000, 0x0000000086400000| Untracked 
|  71|0x0000000086500000, 0x0000000086500000, 0x0000000086600000|  0%| F|  |TAMS 0x0000000086500000, 0x0000000086500000| Untracked 
|  72|0x0000000086600000, 0x0000000086600000, 0x0000000086700000|  0%| F|  |TAMS 0x0000000086600000, 0x0000000086600000| Untracked 
|  73|0x0000000086700000, 0x0000000086700000, 0x0000000086800000|  0%| F|  |TAMS 0x0000000086700000, 0x0000000086700000| Untracked 
|  74|0x0000000086800000, 0x0000000086800000, 0x0000000086900000|  0%| F|  |TAMS 0x0000000086800000, 0x0000000086800000| Untracked 
|  75|0x0000000086900000, 0x0000000086900000, 0x0000000086a00000|  0%| F|  |TAMS 0x0000000086900000, 0x0000000086900000| Untracked 
|  76|0x0000000086a00000, 0x0000000086a00000, 0x0000000086b00000|  0%| F|  |TAMS 0x0000000086a00000, 0x0000000086a00000| Untracked 
|  77|0x0000000086b00000, 0x0000000086b00000, 0x0000000086c00000|  0%| F|  |TAMS 0x0000000086b00000, 0x0000000086b00000| Untracked 
|  78|0x0000000086c00000, 0x0000000086c00000, 0x0000000086d00000|  0%| F|  |TAMS 0x0000000086c00000, 0x0000000086c00000| Untracked 
|  79|0x0000000086d00000, 0x0000000086d00000, 0x0000000086e00000|  0%| F|  |TAMS 0x0000000086d00000, 0x0000000086d00000| Untracked 
|  80|0x0000000086e00000, 0x0000000086e00000, 0x0000000086f00000|  0%| F|  |TAMS 0x0000000086e00000, 0x0000000086e00000| Untracked 
|  81|0x0000000086f00000, 0x0000000086f00000, 0x0000000087000000|  0%| F|  |TAMS 0x0000000086f00000, 0x0000000086f00000| Untracked 
|  82|0x0000000087000000, 0x000000008704b430, 0x0000000087100000| 29%| E|  |TAMS 0x0000000087000000, 0x0000000087000000| Complete 
|  83|0x0000000087100000, 0x0000000087200000, 0x0000000087200000|100%| E|CS|TAMS 0x0000000087100000, 0x0000000087100000| Complete 
|  84|0x0000000087200000, 0x0000000087300000, 0x0000000087300000|100%| E|CS|TAMS 0x0000000087200000, 0x0000000087200000| Complete 
|  85|0x0000000087300000, 0x0000000087400000, 0x0000000087400000|100%| E|CS|TAMS 0x0000000087300000, 0x0000000087300000| Complete 
|  86|0x0000000087400000, 0x0000000087500000, 0x0000000087500000|100%| E|CS|TAMS 0x0000000087400000, 0x0000000087400000| Complete 
|  87|0x0000000087500000, 0x0000000087600000, 0x0000000087600000|100%| E|CS|TAMS 0x0000000087500000, 0x0000000087500000| Complete 
|  88|0x0000000087600000, 0x0000000087700000, 0x0000000087700000|100%| E|CS|TAMS 0x0000000087600000, 0x0000000087600000| Complete 
|  89|0x0000000087700000, 0x0000000087800000, 0x0000000087800000|100%| E|CS|TAMS 0x0000000087700000, 0x0000000087700000| Complete 
|  90|0x0000000087800000, 0x0000000087900000, 0x0000000087900000|100%| E|CS|TAMS 0x0000000087800000, 0x0000000087800000| Complete 
|  91|0x0000000087900000, 0x0000000087a00000, 0x0000000087a00000|100%| E|CS|TAMS 0x0000000087900000, 0x0000000087900000| Complete 
|  92|0x0000000087a00000, 0x0000000087b00000, 0x0000000087b00000|100%| E|CS|TAMS 0x0000000087a00000, 0x0000000087a00000| Complete 
|  93|0x0000000087b00000, 0x0000000087c00000, 0x0000000087c00000|100%| E|CS|TAMS 0x0000000087b00000, 0x0000000087b00000| Complete 
|  94|0x0000000087c00000, 0x0000000087d00000, 0x0000000087d00000|100%| E|CS|TAMS 0x0000000087c00000, 0x0000000087c00000| Complete 
|  95|0x0000000087d00000, 0x0000000087e00000, 0x0000000087e00000|100%| E|CS|TAMS 0x0000000087d00000, 0x0000000087d00000| Complete 
|  96|0x0000000087e00000, 0x0000000087f00000, 0x0000000087f00000|100%| E|CS|TAMS 0x0000000087e00000, 0x0000000087e00000| Complete 
|  97|0x0000000087f00000, 0x0000000088000000, 0x0000000088000000|100%| E|CS|TAMS 0x0000000087f00000, 0x0000000087f00000| Complete 
|  98|0x0000000088000000, 0x0000000088100000, 0x0000000088100000|100%| E|CS|TAMS 0x0000000088000000, 0x0000000088000000| Complete 
|  99|0x0000000088100000, 0x0000000088200000, 0x0000000088200000|100%| E|CS|TAMS 0x0000000088100000, 0x0000000088100000| Complete 
| 100|0x0000000088200000, 0x0000000088300000, 0x0000000088300000|100%| E|CS|TAMS 0x0000000088200000, 0x0000000088200000| Complete 
| 101|0x0000000088300000, 0x0000000088400000, 0x0000000088400000|100%| E|CS|TAMS 0x0000000088300000, 0x0000000088300000| Complete 
| 102|0x0000000088400000, 0x0000000088500000, 0x0000000088500000|100%| E|CS|TAMS 0x0000000088400000, 0x0000000088400000| Complete 
| 103|0x0000000088500000, 0x0000000088600000, 0x0000000088600000|100%| E|CS|TAMS 0x0000000088500000, 0x0000000088500000| Complete 
| 104|0x0000000088600000, 0x0000000088700000, 0x0000000088700000|100%| E|CS|TAMS 0x0000000088600000, 0x0000000088600000| Complete 
| 105|0x0000000088700000, 0x0000000088800000, 0x0000000088800000|100%| E|CS|TAMS 0x0000000088700000, 0x0000000088700000| Complete 
| 106|0x0000000088800000, 0x0000000088900000, 0x0000000088900000|100%| S|CS|TAMS 0x0000000088800000, 0x0000000088800000| Complete 
| 107|0x0000000088900000, 0x0000000088a00000, 0x0000000088a00000|100%| S|CS|TAMS 0x0000000088900000, 0x0000000088900000| Complete 
| 108|0x0000000088a00000, 0x0000000088b00000, 0x0000000088b00000|100%| S|CS|TAMS 0x0000000088a00000, 0x0000000088a00000| Complete 
| 109|0x0000000088b00000, 0x0000000088c00000, 0x0000000088c00000|100%| E|CS|TAMS 0x0000000088b00000, 0x0000000088b00000| Complete 
| 110|0x0000000088c00000, 0x0000000088d00000, 0x0000000088d00000|100%| E|CS|TAMS 0x0000000088c00000, 0x0000000088c00000| Complete 
| 111|0x0000000088d00000, 0x0000000088e00000, 0x0000000088e00000|100%| E|CS|TAMS 0x0000000088d00000, 0x0000000088d00000| Complete 
| 112|0x0000000088e00000, 0x0000000088f00000, 0x0000000088f00000|100%| E|CS|TAMS 0x0000000088e00000, 0x0000000088e00000| Complete 
| 113|0x0000000088f00000, 0x0000000089000000, 0x0000000089000000|100%| E|CS|TAMS 0x0000000088f00000, 0x0000000088f00000| Complete 
| 114|0x0000000089000000, 0x0000000089100000, 0x0000000089100000|100%| E|CS|TAMS 0x0000000089000000, 0x0000000089000000| Complete 
| 115|0x0000000089100000, 0x0000000089200000, 0x0000000089200000|100%| E|CS|TAMS 0x0000000089100000, 0x0000000089100000| Complete 
| 116|0x0000000089200000, 0x0000000089300000, 0x0000000089300000|100%| E|CS|TAMS 0x0000000089200000, 0x0000000089200000| Complete 
| 117|0x0000000089300000, 0x0000000089400000, 0x0000000089400000|100%| E|CS|TAMS 0x0000000089300000, 0x0000000089300000| Complete 
| 118|0x0000000089400000, 0x0000000089500000, 0x0000000089500000|100%| E|CS|TAMS 0x0000000089400000, 0x0000000089400000| Complete 
| 119|0x0000000089500000, 0x0000000089600000, 0x0000000089600000|100%| E|CS|TAMS 0x0000000089500000, 0x0000000089500000| Complete 
| 120|0x0000000089600000, 0x0000000089700000, 0x0000000089700000|100%| E|CS|TAMS 0x0000000089600000, 0x0000000089600000| Complete 
| 121|0x0000000089700000, 0x0000000089800000, 0x0000000089800000|100%| E|CS|TAMS 0x0000000089700000, 0x0000000089700000| Complete 
| 122|0x0000000089800000, 0x0000000089900000, 0x0000000089900000|100%| E|CS|TAMS 0x0000000089800000, 0x0000000089800000| Complete 
| 123|0x0000000089900000, 0x0000000089a00000, 0x0000000089a00000|100%| E|CS|TAMS 0x0000000089900000, 0x0000000089900000| Complete 
| 124|0x0000000089a00000, 0x0000000089b00000, 0x0000000089b00000|100%| E|CS|TAMS 0x0000000089a00000, 0x0000000089a00000| Complete 
| 125|0x0000000089b00000, 0x0000000089c00000, 0x0000000089c00000|100%| E|CS|TAMS 0x0000000089b00000, 0x0000000089b00000| Complete 
| 126|0x0000000089c00000, 0x0000000089d00000, 0x0000000089d00000|100%| E|CS|TAMS 0x0000000089c00000, 0x0000000089c00000| Complete 
| 127|0x0000000089d00000, 0x0000000089e00000, 0x0000000089e00000|100%| E|CS|TAMS 0x0000000089d00000, 0x0000000089d00000| Complete 

Card table byte_map: [0x000001a778ba0000,0x000001a778fa0000] _byte_map_base: 0x000001a778791000

Marking Bits (Prev, Next): (CMBitMap*) 0x000001a76f0713d0, (CMBitMap*) 0x000001a76f071410
 Prev Bits: [0x000001a7793a0000, 0x000001a77b328000)
 Next Bits: [0x000001a77b330000, 0x000001a77d2b8000)

Polling page: 0x000001a76f0e0000

Metaspace:

Usage:
  Non-class:     15.51 MB used.
      Class:      2.65 MB used.
       Both:     18.16 MB used.

Virtual space:
  Non-class space:       64.00 MB reserved,      15.69 MB ( 25%) committed,  1 nodes.
      Class space:        1.00 GB reserved,       2.81 MB ( <1%) committed,  1 nodes.
             Both:        1.06 GB reserved,      18.50 MB (  2%) committed. 

Chunk freelists:
   Non-Class:  163.00 KB
       Class:  1.14 MB
        Both:  1.30 MB

MaxMetaspaceSize: unlimited
CompressedClassSpaceSize: 1.00 GB
Initial GC threshold: 21.00 MB
Current GC threshold: 21.00 MB
CDS: on
MetaspaceReclaimPolicy: balanced
 - commit_granule_bytes: 65536.
 - commit_granule_words: 8192.
 - virtual_space_node_default_size: 8388608.
 - enlarge_chunks_in_place: 1.
 - new_chunks_are_fully_committed: 0.
 - uncommit_free_chunks: 1.
 - use_allocation_guard: 0.


Internal statistics:

num_allocs_failed_limit: 0.
num_arena_births: 362.
num_arena_deaths: 0.
num_vsnodes_births: 2.
num_vsnodes_deaths: 0.
num_space_committed: 296.
num_space_uncommitted: 0.
num_chunks_returned_to_freelist: 0.
num_chunks_taken_from_freelist: 976.
num_chunk_merges: 0.
num_chunk_splits: 658.
num_chunks_enlarged: 500.
num_inconsistent_stats: 0.

CodeHeap 'non-profiled nmethods': size=120000Kb used=1214Kb max_used=1214Kb free=118785Kb
 bounds [0x000001a707ad0000, 0x000001a707d40000, 0x000001a70f000000]
CodeHeap 'profiled nmethods': size=120000Kb used=6599Kb max_used=6599Kb free=113400Kb
 bounds [0x000001a7005a0000, 0x000001a700c20000, 0x000001a707ad0000]
CodeHeap 'non-nmethods': size=5760Kb used=1446Kb max_used=1494Kb free=4314Kb
 bounds [0x000001a700000000, 0x000001a700270000, 0x000001a7005a0000]
 total_blobs=4153 nmethods=3355 adapters=710
 compilation: enabled
              stopped_count=0, restarted_count=0
 full_count=0

Compilation events (20 events):
Event: 7.758 Thread 0x000001a77f87b920 3351       3       javafx.scene.Node::nodeResolvedOrientationInvalidated (64 bytes)
Event: 7.758 Thread 0x000001a77f84ed60 3355       4       com.sun.javafx.fxml.BeanAdapter$MethodCache::getMethod (99 bytes)
Event: 7.758 Thread 0x000001a77f87b920 nmethod 3351 0x000001a700c0ac10 code [0x000001a700c0ae40, 0x000001a700c0b738]
Event: 7.758 Thread 0x000001a77f87b920 3354       3       jdk.internal.reflect.DirectMethodHandleAccessor::checkReceiver (25 bytes)
Event: 7.759 Thread 0x000001a77f87b920 nmethod 3354 0x000001a700c0ba90 code [0x000001a700c0bc40, 0x000001a700c0beb8]
Event: 7.759 Thread 0x000001a77f87b920 3353       3       javafx.fxml.FXMLLoader$Element::processPropertyAttribute (212 bytes)
Event: 7.761 Thread 0x000001a77f87b920 nmethod 3353 0x000001a700c0c010 code [0x000001a700c0c4e0, 0x000001a700c0e798]
Event: 7.761 Thread 0x000001a77f87b920 3356       3       javafx.scene.Node::isDisabled (19 bytes)
Event: 7.762 Thread 0x000001a77f87b920 nmethod 3356 0x000001a700c0f490 code [0x000001a700c0f640, 0x000001a700c0f9c8]
Event: 7.762 Thread 0x000001a77f87b920 3352       3       javafx.scene.Node::calcAutomaticNodeOrientation (78 bytes)
Event: 7.763 Thread 0x000001a77f87b920 nmethod 3352 0x000001a700c0fb10 code [0x000001a700c0fd80, 0x000001a700c10b08]
Event: 7.765 Thread 0x000001a77f87b920 3357       3       java.lang.String::<init> (10 bytes)
Event: 7.765 Thread 0x000001a77f87b920 nmethod 3357 0x000001a700c10e10 code [0x000001a700c10fc0, 0x000001a700c11108]
Event: 7.766 Thread 0x000001a77f87b920 3358       1       java.lang.Class::getAnnotationType (5 bytes)
Event: 7.766 Thread 0x000001a77f87b920 nmethod 3358 0x000001a707bfd190 code [0x000001a707bfd320, 0x000001a707bfd3f8]
Event: 7.767 Thread 0x000001a77f87b920 3359       1       java.lang.reflect.Method::getRoot (5 bytes)
Event: 7.767 Thread 0x000001a77f87b920 nmethod 3359 0x000001a707bfd490 code [0x000001a707bfd620, 0x000001a707bfd6f8]
Event: 7.795 Thread 0x000001a77f84ed60 nmethod 3355 0x000001a707bfd790 code [0x000001a707bfda20, 0x000001a707bfead8]
Event: 28.974 Thread 0x000001a77f87b920 3360       3       java.lang.invoke.InnerClassLambdaMetafactory$ForwardingMethodGenerator::invocationOpcode (104 bytes)
Event: 28.975 Thread 0x000001a77f87b920 nmethod 3360 0x000001a700c11210 code [0x000001a700c11460, 0x000001a700c11c98]

GC Heap History (4 events):
Event: 0.770 GC heap before
{Heap before GC invocations=0 (full 0):
 garbage-first heap   total 131072K, used 13312K [0x0000000081e00000, 0x0000000100000000)
  region size 1024K, 13 young (13312K), 0 survivors (0K)
 Metaspace       used 2752K, committed 2944K, reserved 1114112K
  class space    used 286K, committed 384K, reserved 1048576K
}
Event: 0.773 GC heap after
{Heap after GC invocations=1 (full 0):
 garbage-first heap   total 131072K, used 2124K [0x0000000081e00000, 0x0000000100000000)
  region size 1024K, 2 young (2048K), 2 survivors (2048K)
 Metaspace       used 2752K, committed 2944K, reserved 1114112K
  class space    used 286K, committed 384K, reserved 1048576K
}
Event: 1.256 GC heap before
{Heap before GC invocations=1 (full 0):
 garbage-first heap   total 131072K, used 18508K [0x0000000081e00000, 0x0000000100000000)
  region size 1024K, 19 young (19456K), 2 survivors (2048K)
 Metaspace       used 8261K, committed 8512K, reserved 1114112K
  class space    used 1053K, committed 1152K, reserved 1048576K
}
Event: 1.262 GC heap after
{Heap after GC invocations=2 (full 0):
 garbage-first heap   total 131072K, used 5288K [0x0000000081e00000, 0x0000000100000000)
  region size 1024K, 3 young (3072K), 3 survivors (3072K)
 Metaspace       used 8261K, committed 8512K, reserved 1114112K
  class space    used 1053K, committed 1152K, reserved 1048576K
}

Deoptimization events (20 events):
Event: 5.823 Thread 0x000001a71334e320 Uncommon trap: trap_request=0xffffff45 fr.pc=0x000001a707ba1c70 relative=0x0000000000000fb0
Event: 5.823 Thread 0x000001a71334e320 Uncommon trap: reason=unstable_if action=reinterpret pc=0x000001a707ba1c70 method=com.sun.scenario.effect.impl.state.BoxRenderState.validateWeights()V @ 147 c2
Event: 5.823 Thread 0x000001a71334e320 DEOPT PACKING pc=0x000001a707ba1c70 sp=0x000000869e7fc750
Event: 5.823 Thread 0x000001a71334e320 DEOPT UNPACKING pc=0x000001a7000523a3 sp=0x000000869e7fc6d8 mode 2
Event: 6.571 Thread 0x000001a77faab730 Uncommon trap: trap_request=0xffffff45 fr.pc=0x000001a707be5abc relative=0x00000000000001dc
Event: 6.571 Thread 0x000001a77faab730 Uncommon trap: reason=unstable_if action=reinterpret pc=0x000001a707be5abc method=com.sun.javafx.event.EventHandlerManager.dispatchBubblingEvent(Ljavafx/event/EventType;Ljavafx/event/Event;)Ljavafx/event/Event; @ 22 c2
Event: 6.571 Thread 0x000001a77faab730 DEOPT PACKING pc=0x000001a707be5abc sp=0x000000869ecfb660
Event: 6.571 Thread 0x000001a77faab730 DEOPT UNPACKING pc=0x000001a7000523a3 sp=0x000000869ecfb600 mode 2
Event: 7.066 Thread 0x000001a71334e320 Uncommon trap: trap_request=0xffffff45 fr.pc=0x000001a707b9a98c relative=0x000000000000008c
Event: 7.066 Thread 0x000001a71334e320 Uncommon trap: reason=unstable_if action=reinterpret pc=0x000001a707b9a98c method=com.sun.javafx.geom.RectBounds.isEmpty()Z @ 21 c2
Event: 7.066 Thread 0x000001a71334e320 DEOPT PACKING pc=0x000001a707b9a98c sp=0x000000869e7fdb10
Event: 7.066 Thread 0x000001a71334e320 DEOPT UNPACKING pc=0x000001a7000523a3 sp=0x000000869e7fdaa0 mode 2
Event: 7.084 Thread 0x000001a71334e320 DEOPT PACKING pc=0x000001a700ba0f3a sp=0x000000869e7fe660
Event: 7.084 Thread 0x000001a71334e320 DEOPT UNPACKING pc=0x000001a700052b43 sp=0x000000869e7fdb60 mode 0
Event: 7.084 Thread 0x000001a71334e320 DEOPT PACKING pc=0x000001a700ba0f3a sp=0x000000869e7fe650
Event: 7.084 Thread 0x000001a71334e320 DEOPT UNPACKING pc=0x000001a700052b43 sp=0x000000869e7fdb50 mode 0
Event: 7.448 Thread 0x000001a71334e320 DEOPT PACKING pc=0x000001a700ba0f3a sp=0x000000869e7fe660
Event: 7.448 Thread 0x000001a71334e320 DEOPT UNPACKING pc=0x000001a700052b43 sp=0x000000869e7fdb60 mode 0
Event: 7.716 Thread 0x000001a77faab730 DEOPT PACKING pc=0x000001a70061ae56 sp=0x000000869ecfa500
Event: 7.716 Thread 0x000001a77faab730 DEOPT UNPACKING pc=0x000001a700052b43 sp=0x000000869ecf99a0 mode 0

Classes loaded (20 events):
Event: 7.675 Loading class java/lang/constant/MethodHandleDesc
Event: 7.675 Loading class java/lang/constant/MethodHandleDesc done
Event: 7.675 Loading class java/lang/constant/MethodHandleDesc$1
Event: 7.676 Loading class java/lang/constant/MethodHandleDesc$1 done
Event: 7.676 Loading class java/lang/constant/DirectMethodHandleDescImpl
Event: 7.676 Loading class java/lang/constant/DirectMethodHandleDesc
Event: 7.676 Loading class java/lang/constant/DirectMethodHandleDesc done
Event: 7.676 Loading class java/lang/constant/DirectMethodHandleDescImpl done
Event: 7.676 Loading class java/lang/constant/DirectMethodHandleDescImpl$1
Event: 7.676 Loading class java/lang/constant/DirectMethodHandleDescImpl$1 done
Event: 7.676 Loading class java/lang/constant/DirectMethodHandleDesc$1
Event: 7.676 Loading class java/lang/constant/DirectMethodHandleDesc$1 done
Event: 7.676 Loading class java/lang/constant/PrimitiveClassDescImpl
Event: 7.676 Loading class java/lang/constant/DynamicConstantDesc
Event: 7.676 Loading class java/lang/constant/DynamicConstantDesc done
Event: 7.676 Loading class java/lang/constant/PrimitiveClassDescImpl done
Event: 7.676 Loading class java/lang/constant/DynamicConstantDesc$AnonymousDynamicConstantDesc
Event: 7.676 Loading class java/lang/constant/DynamicConstantDesc$AnonymousDynamicConstantDesc done
Event: 28.971 Loading class jdk/internal/misc/Signal$1
Event: 28.971 Loading class jdk/internal/misc/Signal$1 done

Classes unloaded (0 events):
No events

Classes redefined (0 events):
No events

Internal exceptions (20 events):
Event: 1.551 Thread 0x000001a77faab730 Implicit null exception at 0x000001a707b39caf to 0x000001a707b39e80
Event: 1.711 Thread 0x000001a77faab730 Exception <a 'java/lang/NoSuchMethodError'{0x000000008916c020}: 'java.lang.Object java.lang.invoke.DirectMethodHandle$Holder.invokeInterface(java.lang.Object, java.lang.Object, java.lang.Object)'> (0x000000008916c020) 
thrown [s\open\src\hotspot\share\interpreter\linkResolver.cpp, line 759]
Event: 1.712 Thread 0x000001a77faab730 Exception <a 'java/lang/IncompatibleClassChangeError'{0x000000008916f9a0}: Found class java.lang.Object, but interface was expected> (0x000000008916f9a0) 
thrown [s\open\src\hotspot\share\interpreter\linkResolver.cpp, line 826]
Event: 1.761 Thread 0x000001a77faab730 Exception <a 'java/lang/ClassNotFoundException'{0x0000000088f50858}: com/sun/javafx/scene/control/skin/resources/controls> (0x0000000088f50858) 
thrown [s\open\src\hotspot\share\prims\jni.cpp, line 535]
Event: 1.763 Thread 0x000001a77faab730 Exception <a 'java/lang/ClassNotFoundException'{0x0000000088f5ea58}: com/sun/javafx/scene/control/skin/resources/controls_ru> (0x0000000088f5ea58) 
thrown [s\open\src\hotspot\share\prims\jni.cpp, line 535]
Event: 1.763 Thread 0x000001a77faab730 Exception <a 'java/lang/ClassNotFoundException'{0x0000000088f601c0}: com/sun/javafx/scene/control/skin/resources/controls_ru_RU> (0x0000000088f601c0) 
thrown [s\open\src\hotspot\share\prims\jni.cpp, line 535]
Event: 1.822 Thread 0x000001a77faab730 Exception <a 'java/lang/NoSuchMethodError'{0x0000000088d1b538}: 'void java.lang.invoke.DirectMethodHandle$Holder.invokeSpecial(java.lang.Object, java.lang.Object, java.lang.Object, java.lang.Object, java.lang.Object, java.lang.Object)'> (0x0000000088d1b538) 
thrown [s\open\src\hotspot\share\interpreter\linkResolver.cpp, line 759]
Event: 1.944 Thread 0x000001a77faab730 Exception <a 'java/lang/NoSuchMethodError'{0x00000000887d23a8}: 'int java.lang.invoke.DirectMethodHandle$Holder.invokeSpecial(java.lang.Object, java.lang.Object, int)'> (0x00000000887d23a8) 
thrown [s\open\src\hotspot\share\interpreter\linkResolver.cpp, line 759]
Event: 1.972 Thread 0x000001a77faab730 Exception <a 'java/lang/NoSuchMethodError'{0x000000008860ad50}: 'java.lang.Object java.lang.invoke.DirectMethodHandle$Holder.newInvokeSpecial(java.lang.Object, java.lang.Object, int)'> (0x000000008860ad50) 
thrown [s\open\src\hotspot\share\interpreter\linkResolver.cpp, line 759]
Event: 2.009 Thread 0x000001a71334e320 Exception <a 'java/lang/NoSuchMethodError'{0x00000000886f4140}: 'int java.lang.invoke.DirectMethodHandle$Holder.invokeStaticInit(java.lang.Object, java.lang.Object)'> (0x00000000886f4140) 
thrown [s\open\src\hotspot\share\interpreter\linkResolver.cpp, line 759]
Event: 2.019 Thread 0x000001a77faab730 Exception <a 'java/lang/NoSuchMethodError'{0x0000000088535290}: 'long java.lang.invoke.DirectMethodHandle$Holder.invokeStatic(java.lang.Object, java.lang.Object, java.lang.Object)'> (0x0000000088535290) 
thrown [s\open\src\hotspot\share\interpreter\linkResolver.cpp, line 759]
Event: 2.019 Thread 0x000001a77faab730 Exception <a 'java/lang/NoSuchMethodError'{0x0000000088538a30}: 'long java.lang.invoke.DirectMethodHandle$Holder.invokeStaticInit(java.lang.Object, java.lang.Object, java.lang.Object)'> (0x0000000088538a30) 
thrown [s\open\src\hotspot\share\interpreter\linkResolver.cpp, line 759]
Event: 2.023 Thread 0x000001a77faab730 Exception <a 'java/lang/NoSuchMethodError'{0x0000000088571250}: 'java.lang.Object java.lang.invoke.DirectMethodHandle$Holder.newInvokeSpecial(java.lang.Object, java.lang.Object, long)'> (0x0000000088571250) 
thrown [s\open\src\hotspot\share\interpreter\linkResolver.cpp, line 759]
Event: 2.023 Thread 0x000001a77faab730 Exception <a 'java/lang/NoSuchMethodError'{0x0000000088574dc8}: 'java.lang.Object java.lang.invoke.Invokers$Holder.linkToTargetMethod(java.lang.Object, long, java.lang.Object)'> (0x0000000088574dc8) 
thrown [s\open\src\hotspot\share\interpreter\linkResolver.cpp, line 759]
Event: 2.181 Thread 0x000001a71334e320 Exception <a 'java/lang/NoSuchMethodError'{0x000000008810ae10}: 'java.lang.Object java.lang.invoke.DirectMethodHandle$Holder.invokeStaticInit(java.lang.Object, int)'> (0x000000008810ae10) 
thrown [s\open\src\hotspot\share\interpreter\linkResolver.cpp, line 759]
Event: 4.345 Thread 0x000001a77faab730 Exception <a 'java/lang/NoSuchMethodError'{0x0000000087f81e88}: 'long java.lang.invoke.DirectMethodHandle$Holder.invokeSpecial(java.lang.Object, java.lang.Object)'> (0x0000000087f81e88) 
thrown [s\open\src\hotspot\share\interpreter\linkResolver.cpp, line 759]
Event: 4.345 Thread 0x000001a77faab730 Exception <a 'java/lang/NoSuchMethodError'{0x0000000087f857c8}: 'long java.lang.invoke.Invokers$Holder.invokeExact_MT(java.lang.Object, java.lang.Object)'> (0x0000000087f857c8) 
thrown [s\open\src\hotspot\share\interpreter\linkResolver.cpp, line 759]
Event: 5.566 Thread 0x000001a77faab730 Exception <a 'java/lang/NoSuchMethodError'{0x0000000087860a70}: 'int java.lang.invoke.DirectMethodHandle$Holder.invokeVirtual(java.lang.Object, java.lang.Object)'> (0x0000000087860a70) 
thrown [s\open\src\hotspot\share\interpreter\linkResolver.cpp, line 759]
Event: 7.026 Thread 0x000001a77faab730 Exception <a 'java/lang/NoSuchMethodError'{0x0000000087309298}: 'void java.lang.invoke.DirectMethodHandle$Holder.invokeVirtual(java.lang.Object, java.lang.Object, int)'> (0x0000000087309298) 
thrown [s\open\src\hotspot\share\interpreter\linkResolver.cpp, line 759]
Event: 7.660 Thread 0x000001a77faab730 Exception <a 'java/lang/NoSuchMethodError'{0x0000000087277c00}: static [I.<clinit>()V> (0x0000000087277c00) 
thrown [s\open\src\hotspot\share\prims\jni.cpp, line 1104]

VM Operations (20 events):
Event: 1.932 Executing VM operation: ICBufferFull done
Event: 3.304 Executing VM operation: ICBufferFull
Event: 3.304 Executing VM operation: ICBufferFull done
Event: 4.304 Executing VM operation: Cleanup
Event: 4.304 Executing VM operation: Cleanup done
Event: 5.305 Executing VM operation: Cleanup
Event: 5.305 Executing VM operation: Cleanup done
Event: 5.646 Executing VM operation: ICBufferFull
Event: 5.646 Executing VM operation: ICBufferFull done
Event: 7.024 Executing VM operation: HandshakeAllThreads
Event: 7.024 Executing VM operation: HandshakeAllThreads done
Event: 7.024 Executing VM operation: Cleanup
Event: 7.024 Executing VM operation: Cleanup done
Event: 7.032 Executing VM operation: HandshakeAllThreads
Event: 7.032 Executing VM operation: HandshakeAllThreads done
Event: 7.662 Executing VM operation: HandshakeAllThreads
Event: 7.662 Executing VM operation: HandshakeAllThreads done
Event: 8.663 Executing VM operation: Cleanup
Event: 8.663 Executing VM operation: Cleanup done
Event: 28.975 Executing VM operation: Exit

Events (20 events):
Event: 0.879 Loaded shared library C:\Program Files\Java\jdk-18.0.2.1\bin\jimage.dll
Event: 0.887 Thread 0x000001a77fb4ba70 Thread exited: 0x000001a77fb4ba70
Event: 0.897 Thread 0x000001a713b0efd0 Thread added: 0x000001a713b0efd0
Event: 1.142 Thread 0x000001a713b63cc0 Thread added: 0x000001a713b63cc0
Event: 1.166 Loaded shared library C:\Program Files\Java\openjfx-19_windows-x64_bin-sdk\javafx-sdk-19\bin\javafx_font.dll
Event: 1.659 Thread 0x000001a713b63cc0 Thread exited: 0x000001a713b63cc0
Event: 1.700 Thread 0x000001a713b773c0 Thread added: 0x000001a713b773c0
Event: 1.811 Thread 0x000001a714273330 Thread added: 0x000001a714273330
Event: 2.099 Thread 0x000001a713b76a20 Thread added: 0x000001a713b76a20
Event: 2.266 Thread 0x000001a714273330 Thread exited: 0x000001a714273330
Event: 5.464 Thread 0x000001a7141c4b90 Thread added: 0x000001a7141c4b90
Event: 6.166 Thread 0x000001a7141c4b90 Thread exited: 0x000001a7141c4b90
Event: 7.040 Thread 0x000001a7141db010 Thread added: 0x000001a7141db010
Event: 7.435 Thread 0x000001a7141db010 Thread exited: 0x000001a7141db010
Event: 28.971 Thread 0x000001a713e9a550 Thread added: 0x000001a713e9a550
Event: 28.971 Thread 0x000001a713e983a0 Thread added: 0x000001a713e983a0
Event: 28.972 Thread 0x000001a713e97060 Thread added: 0x000001a713e97060
Event: 28.974 Thread 0x000001a713e983a0 Thread exited: 0x000001a713e983a0
Event: 28.975 Thread 0x000001a77f846c20 Thread exited: 0x000001a77f846c20
Event: 28.975 Thread 0x000001a713e97060 Thread exited: 0x000001a713e97060


Dynamic libraries:
0x00007ff691320000 - 0x00007ff691330000 	C:\Program Files\Java\jdk-18.0.2.1\bin\java.exe
0x00007ffba56f0000 - 0x00007ffba58e8000 	C:\Windows\SYSTEM32\ntdll.dll
0x00007ffba3d30000 - 0x00007ffba3ded000 	C:\Windows\System32\KERNEL32.DLL
0x00007ffba3060000 - 0x00007ffba332e000 	C:\Windows\System32\KERNELBASE.dll
0x00007ffba2f30000 - 0x00007ffba3030000 	C:\Windows\System32\ucrtbase.dll
0x00007ffb9e760000 - 0x00007ffb9e77a000 	C:\Program Files\Java\jdk-18.0.2.1\bin\VCRUNTIME140.dll
0x00007ffb9e790000 - 0x00007ffb9e7a8000 	C:\Program Files\Java\jdk-18.0.2.1\bin\jli.dll
0x00007ffba4230000 - 0x00007ffba42de000 	C:\Windows\System32\ADVAPI32.dll
0x00007ffba4de0000 - 0x00007ffba4e7e000 	C:\Windows\System32\msvcrt.dll
0x00007ffba4180000 - 0x00007ffba421c000 	C:\Windows\System32\sechost.dll
0x00007ffba3df0000 - 0x00007ffba3f15000 	C:\Windows\System32\RPCRT4.dll
0x00007ffba42e0000 - 0x00007ffba4480000 	C:\Windows\System32\USER32.dll
0x00007ffb8dfa0000 - 0x00007ffb8e23a000 	C:\Windows\WinSxS\amd64_microsoft.windows.common-controls_6595b64144ccf1df_6.0.19041.1110_none_60b5254171f9507e\COMCTL32.dll
0x00007ffba3030000 - 0x00007ffba3052000 	C:\Windows\System32\win32u.dll
0x00007ffba4ef0000 - 0x00007ffba4f1a000 	C:\Windows\System32\GDI32.dll
0x00007ffba33c0000 - 0x00007ffba34cb000 	C:\Windows\System32\gdi32full.dll
0x00007ffba3550000 - 0x00007ffba35ed000 	C:\Windows\System32\msvcp_win.dll
0x00007ffb9d0b0000 - 0x00007ffb9d0ba000 	C:\Windows\SYSTEM32\VERSION.dll
0x00007ffba38c0000 - 0x00007ffba38f0000 	C:\Windows\System32\IMM32.DLL
0x00007ffb9f4c0000 - 0x00007ffb9f4cc000 	C:\Program Files\Java\jdk-18.0.2.1\bin\vcruntime140_1.dll
0x00007ffb9e6a0000 - 0x00007ffb9e72d000 	C:\Program Files\Java\jdk-18.0.2.1\bin\msvcp140.dll
0x00007ffb431c0000 - 0x00007ffb43dd1000 	C:\Program Files\Java\jdk-18.0.2.1\bin\server\jvm.dll
0x00007ffba3f20000 - 0x00007ffba3f28000 	C:\Windows\System32\PSAPI.DLL
0x00007ffb8c640000 - 0x00007ffb8c649000 	C:\Windows\SYSTEM32\WSOCK32.dll
0x00007ffb8e400000 - 0x00007ffb8e427000 	C:\Windows\SYSTEM32\WINMM.dll
0x00007ffba4e80000 - 0x00007ffba4eeb000 	C:\Windows\System32\WS2_32.dll
0x00007ffba16a0000 - 0x00007ffba16b2000 	C:\Windows\SYSTEM32\kernel.appcore.dll
0x00007ffb9e750000 - 0x00007ffb9e75a000 	C:\Program Files\Java\jdk-18.0.2.1\bin\jimage.dll
0x00007ffba1480000 - 0x00007ffba1664000 	C:\Windows\SYSTEM32\DBGHELP.DLL
0x00007ffb89a50000 - 0x00007ffb89a7c000 	C:\Windows\SYSTEM32\dbgcore.DLL
0x00007ffba3330000 - 0x00007ffba33b2000 	C:\Windows\System32\bcryptPrimitives.dll
0x00007ffb9e740000 - 0x00007ffb9e74e000 	C:\Program Files\Java\jdk-18.0.2.1\bin\instrument.dll
0x00007ffb9e660000 - 0x00007ffb9e685000 	C:\Program Files\Java\jdk-18.0.2.1\bin\java.dll
0x00007ffb85e30000 - 0x00007ffb85f06000 	C:\Program Files\Java\jdk-18.0.2.1\bin\jsvml.dll
0x00007ffba4690000 - 0x00007ffba4dd4000 	C:\Windows\System32\SHELL32.dll
0x00007ffba0ce0000 - 0x00007ffba1474000 	C:\Windows\SYSTEM32\windows.storage.dll
0x00007ffba38f0000 - 0x00007ffba3c44000 	C:\Windows\System32\combase.dll
0x00007ffba2870000 - 0x00007ffba28a0000 	C:\Windows\SYSTEM32\Wldp.dll
0x00007ffba5600000 - 0x00007ffba56ad000 	C:\Windows\System32\SHCORE.dll
0x00007ffba4f20000 - 0x00007ffba4f75000 	C:\Windows\System32\shlwapi.dll
0x00007ffba2d50000 - 0x00007ffba2d6f000 	C:\Windows\SYSTEM32\profapi.dll
0x00007ffb9dbd0000 - 0x00007ffb9dbe3000 	C:\Program Files\Java\jdk-18.0.2.1\bin\net.dll
0x00007ffb905d0000 - 0x00007ffb906da000 	C:\Windows\SYSTEM32\WINHTTP.dll
0x00007ffba25d0000 - 0x00007ffba263a000 	C:\Windows\system32\mswsock.dll
0x00007ffb9cdb0000 - 0x00007ffb9cdc6000 	C:\Program Files\Java\jdk-18.0.2.1\bin\nio.dll
0x00007ffb9ddc0000 - 0x00007ffb9ddd8000 	C:\Program Files\Java\jdk-18.0.2.1\bin\zip.dll
0x00007ffb9b170000 - 0x00007ffb9b18a000 	C:\Program Files\JetBrains\IntelliJ IDEA Community Edition 2022.2.1\bin\breakgen64.dll
0x000001a7148f0000 - 0x000001a7148f3000 	C:\Program Files\Java\openjfx-19_windows-x64_bin-sdk\javafx-sdk-19\bin\api-ms-win-core-console-l1-1-0.dll
0x000001a7147d0000 - 0x000001a7147d3000 	C:\Program Files\Java\openjfx-19_windows-x64_bin-sdk\javafx-sdk-19\bin\api-ms-win-core-console-l1-2-0.dll
0x000001a7147e0000 - 0x000001a7147e3000 	C:\Program Files\Java\openjfx-19_windows-x64_bin-sdk\javafx-sdk-19\bin\api-ms-win-core-datetime-l1-1-0.dll
0x000001a7147f0000 - 0x000001a7147f3000 	C:\Program Files\Java\openjfx-19_windows-x64_bin-sdk\javafx-sdk-19\bin\api-ms-win-core-debug-l1-1-0.dll
0x000001a714800000 - 0x000001a714803000 	C:\Program Files\Java\openjfx-19_windows-x64_bin-sdk\javafx-sdk-19\bin\api-ms-win-core-errorhandling-l1-1-0.dll
0x000001a714810000 - 0x000001a714814000 	C:\Program Files\Java\openjfx-19_windows-x64_bin-sdk\javafx-sdk-19\bin\api-ms-win-core-file-l1-1-0.dll
0x000001a714820000 - 0x000001a714823000 	C:\Program Files\Java\openjfx-19_windows-x64_bin-sdk\javafx-sdk-19\bin\api-ms-win-core-file-l1-2-0.dll
0x000001a714830000 - 0x000001a714833000 	C:\Program Files\Java\openjfx-19_windows-x64_bin-sdk\javafx-sdk-19\bin\api-ms-win-core-file-l2-1-0.dll
0x000001a714840000 - 0x000001a714843000 	C:\Program Files\Java\openjfx-19_windows-x64_bin-sdk\javafx-sdk-19\bin\api-ms-win-core-handle-l1-1-0.dll
0x000001a714850000 - 0x000001a714853000 	C:\Program Files\Java\openjfx-19_windows-x64_bin-sdk\javafx-sdk-19\bin\api-ms-win-core-heap-l1-1-0.dll
0x000001a714860000 - 0x000001a714863000 	C:\Program Files\Java\openjfx-19_windows-x64_bin-sdk\javafx-sdk-19\bin\api-ms-win-core-interlocked-l1-1-0.dll
0x000001a714870000 - 0x000001a714873000 	C:\Program Files\Java\openjfx-19_windows-x64_bin-sdk\javafx-sdk-19\bin\api-ms-win-core-libraryloader-l1-1-0.dll
0x000001a714880000 - 0x000001a714883000 	C:\Program Files\Java\openjfx-19_windows-x64_bin-sdk\javafx-sdk-19\bin\api-ms-win-core-localization-l1-2-0.dll
0x000001a714890000 - 0x000001a714893000 	C:\Program Files\Java\openjfx-19_windows-x64_bin-sdk\javafx-sdk-19\bin\api-ms-win-core-memory-l1-1-0.dll
0x000001a7148a0000 - 0x000001a7148a3000 	C:\Program Files\Java\openjfx-19_windows-x64_bin-sdk\javafx-sdk-19\bin\api-ms-win-core-namedpipe-l1-1-0.dll
0x000001a7148b0000 - 0x000001a7148b3000 	C:\Program Files\Java\openjfx-19_windows-x64_bin-sdk\javafx-sdk-19\bin\api-ms-win-core-processenvironment-l1-1-0.dll
0x000001a7148c0000 - 0x000001a7148c3000 	C:\Program Files\Java\openjfx-19_windows-x64_bin-sdk\javafx-sdk-19\bin\api-ms-win-core-processthreads-l1-1-0.dll
0x000001a7148d0000 - 0x000001a7148d3000 	C:\Program Files\Java\openjfx-19_windows-x64_bin-sdk\javafx-sdk-19\bin\api-ms-win-core-processthreads-l1-1-1.dll
0x000001a7148e0000 - 0x000001a7148e3000 	C:\Program Files\Java\openjfx-19_windows-x64_bin-sdk\javafx-sdk-19\bin\api-ms-win-core-profile-l1-1-0.dll
0x000001a714b60000 - 0x000001a714b63000 	C:\Program Files\Java\openjfx-19_windows-x64_bin-sdk\javafx-sdk-19\bin\api-ms-win-core-rtlsupport-l1-1-0.dll
0x000001a714b70000 - 0x000001a714b73000 	C:\Program Files\Java\openjfx-19_windows-x64_bin-sdk\javafx-sdk-19\bin\api-ms-win-core-string-l1-1-0.dll
0x000001a714b80000 - 0x000001a714b83000 	C:\Program Files\Java\openjfx-19_windows-x64_bin-sdk\javafx-sdk-19\bin\api-ms-win-core-synch-l1-1-0.dll
0x000001a714b90000 - 0x000001a714b93000 	C:\Program Files\Java\openjfx-19_windows-x64_bin-sdk\javafx-sdk-19\bin\api-ms-win-core-synch-l1-2-0.dll
0x000001a714ba0000 - 0x000001a714ba3000 	C:\Program Files\Java\openjfx-19_windows-x64_bin-sdk\javafx-sdk-19\bin\api-ms-win-core-sysinfo-l1-1-0.dll
0x000001a714bb0000 - 0x000001a714bb3000 	C:\Program Files\Java\openjfx-19_windows-x64_bin-sdk\javafx-sdk-19\bin\api-ms-win-core-timezone-l1-1-0.dll
0x000001a714bc0000 - 0x000001a714bc3000 	C:\Program Files\Java\openjfx-19_windows-x64_bin-sdk\javafx-sdk-19\bin\api-ms-win-core-util-l1-1-0.dll
0x000001a714bd0000 - 0x000001a714bd3000 	C:\Program Files\Java\openjfx-19_windows-x64_bin-sdk\javafx-sdk-19\bin\api-ms-win-crt-conio-l1-1-0.dll
0x000001a714be0000 - 0x000001a714be4000 	C:\Program Files\Java\openjfx-19_windows-x64_bin-sdk\javafx-sdk-19\bin\api-ms-win-crt-convert-l1-1-0.dll
0x000001a714bf0000 - 0x000001a714bf3000 	C:\Program Files\Java\openjfx-19_windows-x64_bin-sdk\javafx-sdk-19\bin\api-ms-win-crt-environment-l1-1-0.dll
0x000001a714c00000 - 0x000001a714c03000 	C:\Program Files\Java\openjfx-19_windows-x64_bin-sdk\javafx-sdk-19\bin\api-ms-win-crt-filesystem-l1-1-0.dll
0x000001a714c10000 - 0x000001a714c13000 	C:\Program Files\Java\openjfx-19_windows-x64_bin-sdk\javafx-sdk-19\bin\api-ms-win-crt-heap-l1-1-0.dll
0x000001a714c20000 - 0x000001a714c23000 	C:\Program Files\Java\openjfx-19_windows-x64_bin-sdk\javafx-sdk-19\bin\api-ms-win-crt-locale-l1-1-0.dll
0x000001a714c30000 - 0x000001a714c35000 	C:\Program Files\Java\openjfx-19_windows-x64_bin-sdk\javafx-sdk-19\bin\api-ms-win-crt-math-l1-1-0.dll
0x000001a714c40000 - 0x000001a714c45000 	C:\Program Files\Java\openjfx-19_windows-x64_bin-sdk\javafx-sdk-19\bin\api-ms-win-crt-multibyte-l1-1-0.dll
0x000001a714c50000 - 0x000001a714c60000 	C:\Program Files\Java\openjfx-19_windows-x64_bin-sdk\javafx-sdk-19\bin\api-ms-win-crt-private-l1-1-0.dll
0x000001a714c60000 - 0x000001a714c63000 	C:\Program Files\Java\openjfx-19_windows-x64_bin-sdk\javafx-sdk-19\bin\api-ms-win-crt-process-l1-1-0.dll
0x000001a714c70000 - 0x000001a714c74000 	C:\Program Files\Java\openjfx-19_windows-x64_bin-sdk\javafx-sdk-19\bin\api-ms-win-crt-runtime-l1-1-0.dll
0x000001a714c80000 - 0x000001a714c84000 	C:\Program Files\Java\openjfx-19_windows-x64_bin-sdk\javafx-sdk-19\bin\api-ms-win-crt-stdio-l1-1-0.dll
0x000001a714c90000 - 0x000001a714c94000 	C:\Program Files\Java\openjfx-19_windows-x64_bin-sdk\javafx-sdk-19\bin\api-ms-win-crt-string-l1-1-0.dll
0x000001a714900000 - 0x000001a714903000 	C:\Program Files\Java\openjfx-19_windows-x64_bin-sdk\javafx-sdk-19\bin\api-ms-win-crt-time-l1-1-0.dll
0x000001a714910000 - 0x000001a714913000 	C:\Program Files\Java\openjfx-19_windows-x64_bin-sdk\javafx-sdk-19\bin\api-ms-win-crt-utility-l1-1-0.dll
0x00007ffb7d400000 - 0x00007ffb7d4fc000 	C:\Program Files\Java\openjfx-19_windows-x64_bin-sdk\javafx-sdk-19\bin\ucrtbase.dll
0x00007ffb97840000 - 0x00007ffb9785b000 	C:\Program Files\Java\openjfx-19_windows-x64_bin-sdk\javafx-sdk-19\bin\vcruntime140.dll
0x00007ffb9dbc0000 - 0x00007ffb9dbcc000 	C:\Program Files\Java\openjfx-19_windows-x64_bin-sdk\javafx-sdk-19\bin\vcruntime140_1.dll
0x00007ffb7d370000 - 0x00007ffb7d3fe000 	C:\Program Files\Java\openjfx-19_windows-x64_bin-sdk\javafx-sdk-19\bin\msvcp140.dll
0x00007ffb8c940000 - 0x00007ffb8c949000 	C:\Program Files\Java\openjfx-19_windows-x64_bin-sdk\javafx-sdk-19\bin\msvcp140_1.dll
0x00007ffb8bf70000 - 0x00007ffb8bfa0000 	C:\Program Files\Java\openjfx-19_windows-x64_bin-sdk\javafx-sdk-19\bin\msvcp140_2.dll
0x00007ffb85e00000 - 0x00007ffb85e2c000 	C:\Program Files\Java\openjfx-19_windows-x64_bin-sdk\javafx-sdk-19\bin\prism_d3d.dll
0x00007ffb91370000 - 0x00007ffb9153f000 	C:\Windows\system32\d3d9.dll
0x00007ffba0560000 - 0x00007ffba058f000 	C:\Windows\SYSTEM32\dwmapi.dll
0x00007ffba02d0000 - 0x00007ffba036e000 	C:\Windows\system32\uxtheme.dll
0x00007ffb46fd0000 - 0x00007ffb47135000 	C:\Windows\System32\DriverStore\FileRepository\72_lenovo_kabylake_hws_iigd_dch.inf_amd64_d630775471e98fa9\igdumdim64.dll
0x00007ffba4050000 - 0x00007ffba417a000 	C:\Windows\System32\ole32.dll
0x00007ffb35890000 - 0x00007ffb3a299000 	C:\Windows\System32\DriverStore\FileRepository\72_lenovo_kabylake_hws_iigd_dch.inf_amd64_d630775471e98fa9\igd9dxva64.dll
0x00007ffba5530000 - 0x00007ffba55fd000 	C:\Windows\System32\OLEAUT32.dll
0x00007ffba5030000 - 0x00007ffba549f000 	C:\Windows\System32\SETUPAPI.dll
0x00007ffba3500000 - 0x00007ffba354e000 	C:\Windows\System32\cfgmgr32.dll
0x00007ffba34d0000 - 0x00007ffba34f7000 	C:\Windows\System32\bcrypt.dll
0x00007ffb95970000 - 0x00007ffb95ca1000 	C:\Windows\System32\DriverStore\FileRepository\72_lenovo_kabylake_hws_iigd_dch.inf_amd64_d630775471e98fa9\igdgmm64.dll
0x00007ffb81a20000 - 0x00007ffb81a62000 	C:\Program Files\Java\openjfx-19_windows-x64_bin-sdk\javafx-sdk-19\bin\glass.dll
0x00007ffba37d0000 - 0x00007ffba38aa000 	C:\Windows\System32\COMDLG32.dll
0x00007ffba3f30000 - 0x00007ffba4045000 	C:\Windows\System32\MSCTF.dll
0x00007ffb8c320000 - 0x00007ffb8c347000 	C:\Windows\System32\DriverStore\FileRepository\72_lenovo_kabylake_hws_iigd_dch.inf_amd64_d630775471e98fa9\igdinfo64.dll
0x00007ffba27c0000 - 0x00007ffba27d8000 	C:\Windows\SYSTEM32\CRYPTSP.dll
0x00007ffba1ee0000 - 0x00007ffba1f14000 	C:\Windows\system32\rsaenh.dll
0x00007ffba27e0000 - 0x00007ffba27ec000 	C:\Windows\SYSTEM32\CRYPTBASE.dll
0x00007ffb91b30000 - 0x00007ffb9486c000 	C:\Windows\System32\DriverStore\FileRepository\72_lenovo_kabylake_hws_iigd_dch.inf_amd64_d630775471e98fa9\igc64.dll
0x00007ffb97d20000 - 0x00007ffb97d5b000 	C:\Windows\SYSTEM32\dxcore.dll
0x00007ffb8c420000 - 0x00007ffb8c434000 	C:\Program Files\Java\openjfx-19_windows-x64_bin-sdk\javafx-sdk-19\bin\javafx_font.dll
0x00007ffb90350000 - 0x00007ffb905cf000 	C:\Windows\SYSTEM32\dwrite.dll
0x00007ffba4f80000 - 0x00007ffba5029000 	C:\Windows\System32\clbcatq.dll
0x00007ffb9b2b0000 - 0x00007ffb9b464000 	C:\Windows\SYSTEM32\WindowsCodecs.dll
0x00007ffb73160000 - 0x00007ffb7319e000 	C:\Windows\system32\dataexchange.dll
0x00007ffb9e7c0000 - 0x00007ffb9ea23000 	C:\Windows\system32\d3d11.dll
0x00007ffb9f690000 - 0x00007ffb9f874000 	C:\Windows\system32\dcomp.dll
0x00007ffba1710000 - 0x00007ffba1803000 	C:\Windows\system32\dxgi.dll
0x00007ffb9b6f0000 - 0x00007ffb9b8f0000 	C:\Windows\system32\twinapi.appcore.dll
0x00007ffb85dc0000 - 0x00007ffb85df4000 	C:\Program Files\Common Files\Microsoft Shared\Ink\rtscom.dll
0x00007ffb95e10000 - 0x00007ffb95f09000 	C:\Windows\SYSTEM32\textinputframework.dll
0x00007ffb9fc00000 - 0x00007ffb9ff5e000 	C:\Windows\System32\CoreUIComponents.dll
0x00007ffb9ff60000 - 0x00007ffba0052000 	C:\Windows\System32\CoreMessaging.dll

dbghelp: loaded successfully - version: 4.0.5 - missing functions: none
symbol engine: initialized successfully - sym options: 0x614 - pdb path: .;C:\Program Files\Java\jdk-18.0.2.1\bin;C:\Windows\SYSTEM32;C:\Windows\WinSxS\amd64_microsoft.windows.common-controls_6595b64144ccf1df_6.0.19041.1110_none_60b5254171f9507e;C:\Program Files\Java\jdk-18.0.2.1\bin\server;C:\Program Files\JetBrains\IntelliJ IDEA Community Edition 2022.2.1\bin;C:\Program Files\Java\openjfx-19_windows-x64_bin-sdk\javafx-sdk-19\bin;C:\Windows\System32\DriverStore\FileRepository\72_lenovo_kabylake_hws_iigd_dch.inf_amd64_d630775471e98fa9;C:\Program Files\Common Files\Microsoft Shared\Ink

VM Arguments:
jvm_args: --module-path=C:/Program Files/Java/openjfx-19_windows-x64_bin-sdk/javafx-sdk-19/lib --add-modules=javafx.controls,javafx.fxml -javaagent:C:\Program Files\JetBrains\IntelliJ IDEA Community Edition 2022.2.1\lib\idea_rt.jar=55567:C:\Program Files\JetBrains\IntelliJ IDEA Community Edition 2022.2.1\bin -Dfile.encoding=UTF-8 -Dsun.stdout.encoding=UTF-8 -Dsun.stderr.encoding=UTF-8 
java_command: Client
java_class_path (initial): E:\prog 5\\kurs\out\production\Client;C:\Program Files\Java\openjfx-19_windows-x64_bin-sdk\javafx-sdk-19\lib\javafx-swt.jar;C:\Program Files\Java\openjfx-19_windows-x64_bin-sdk\javafx-sdk-19\lib\javafx.web.jar;C:\Program Files\Java\openjfx-19_windows-x64_bin-sdk\javafx-sdk-19\lib\javafx.base.jar;C:\Program Files\Java\openjfx-19_windows-x64_bin-sdk\javafx-sdk-19\lib\javafx.fxml.jar;C:\Program Files\Java\openjfx-19_windows-x64_bin-sdk\javafx-sdk-19\lib\javafx.media.jar;C:\Program Files\Java\openjfx-19_windows-x64_bin-sdk\javafx-sdk-19\lib\javafx.swing.jar;C:\Program Files\Java\openjfx-19_windows-x64_bin-sdk\javafx-sdk-19\lib\javafx.controls.jar;C:\Program Files\Java\openjfx-19_windows-x64_bin-sdk\javafx-sdk-19\lib\javafx.graphics.jar;C:\Users\\Downloads\mysql-connector-java-8.0.26.jar;E:\prog 5\\kurs\out\production\kurs;C:\Program Files\Java\jdk-18.0.2.1\lib\jrt-fs.jar
Launcher Type: SUN_STANDARD

[Global flags]
     intx CICompilerCount                          = 3                                         {product} {ergonomic}
     uint ConcGCThreads                            = 1                                         {product} {ergonomic}
     uint G1ConcRefinementThreads                  = 4                                         {product} {ergonomic}
   size_t G1HeapRegionSize                         = 1048576                                   {product} {ergonomic}
    uintx GCDrainStackTargetSize                   = 64                                        {product} {ergonomic}
   size_t InitialHeapSize                          = 134217728                                 {product} {ergonomic}
   size_t MarkStackSize                            = 4194304                                   {product} {ergonomic}
   size_t MaxHeapSize                              = 2116026368                                {product} {ergonomic}
   size_t MaxNewSize                               = 1268776960                                {product} {ergonomic}
   size_t MinHeapDeltaBytes                        = 1048576                                   {product} {ergonomic}
   size_t MinHeapSize                              = 8388608                                   {product} {ergonomic}
    uintx NonNMethodCodeHeapSize                   = 5832780                                {pd product} {ergonomic}
    uintx NonProfiledCodeHeapSize                  = 122912730                              {pd product} {ergonomic}
    uintx ProfiledCodeHeapSize                     = 122912730                              {pd product} {ergonomic}
    uintx ReservedCodeCacheSize                    = 251658240                              {pd product} {ergonomic}
     bool SegmentedCodeCache                       = true                                      {product} {ergonomic}
   size_t SoftMaxHeapSize                          = 2116026368                             {manageable} {ergonomic}
     bool UseCompressedClassPointers               = true                           {product lp64_product} {ergonomic}
     bool UseCompressedOops                        = true                           {product lp64_product} {ergonomic}
     bool UseG1GC                                  = true                                      {product} {ergonomic}
     bool UseLargePagesIndividualAllocation        = false                                  {pd product} {ergonomic}

Logging:
Log output configuration:
 #0: stdout all=off uptime,level,tags foldmultilines=false
 #1: stderr all=off uptime,level,tags foldmultilines=false

Environment Variables:
PATH=C:\Program Files\Common Files\Oracle\Java\javapath;C:\Program Files (x86)\Common Files\Oracle\Java\javapath;C:\Windows\system32;C:\Windows;C:\Windows\System32\Wbem;C:\Windows\System32\WindowsPowerShell\v1.0\;C:\Windows\System32\OpenSSH\;C:\Program Files (x86)\NVIDIA Corporation\PhysX\Common;C:\Program Files\NVIDIA Corporation\NVIDIA NvDLISR;C:\Program Files\Azure Data Studio\bin;C:\Program Files\MySQL\MySQL Shell 8.0\bin\;C:\Users\\AppData\Local\Microsoft\WindowsApps;;C:\Program Files\Azure Data Studio\bin
USERNAME=
OS=Windows_NT
PROCESSOR_IDENTIFIER=Intel64 Family 6 Model 142 Stepping 9, GenuineIntel



---------------  S Y S T E M  ---------------

OS:
 Windows 10 , 64 bit Build 19041 (10.0.19041.1806)
OS uptime: 0 days 4:52 hours

CPU: total 4 (initial active 4) (2 cores per cpu, 2 threads per core) family 6 model 142 stepping 9 microcode 0xd6, cx8, cmov, fxsr, ht, mmx, 3dnowpref, sse, sse2, sse3, ssse3, sse4.1, sse4.2, popcnt, lzcnt, tsc, tscinvbit, avx, avx2, aes, erms, clmul, bmi1, bmi2, adx, fma, vzeroupper, clflush, clflushopt

Memory: 4k page, system-wide physical 8066M (1707M free)
TotalPageFile size 14466M (AvailPageFile size 5359M)
current process WorkingSet (physical memory assigned to process): 185M, peak: 197M
current process commit charge ("private bytes"): 296M, peak: 304M

vm_info: Java HotSpot(TM) 64-Bit Server VM (18.0.2.1+1-1) for windows-amd64 JRE (18.0.2.1+1-1), built on Aug 16 2022 01:46:33 by "mach5one" with MS VC++ 16.8 / 16.9 (VS2019)

END.
