#
# A fatal error has been detected by the Java Runtime Environment:
#
#  EXCEPTION_ACCESS_VIOLATION (0xc0000005) at pc=0x00007ffb4bf563b7, pid=3680, tid=8400
#
# JRE version: Java(TM) SE Runtime Environment (18.0.2.1+1) (build 18.0.2.1+1-1)
# Java VM: Java HotSpot(TM) 64-Bit Server VM (18.0.2.1+1-1, mixed mode, sharing, tiered, compressed oops, compressed class ptrs, g1 gc, windows-amd64)
# Problematic frame:
# C  [glass.dll+0x263b7]
#
# No core dump will be written. Minidumps are not enabled by default on client versions of Windows
#
# If you would like to submit a bug report, please visit:
#   https://bugreport.java.com/bugreport/crash.jsp
#

---------------  S U M M A R Y ------------

Command Line: --module-path=C:/Program Files/Java/openjfx-19_windows-x64_bin-sdk/javafx-sdk-19/lib --add-modules=javafx.controls,javafx.fxml -javaagent:C:\Program Files\JetBrains\IntelliJ IDEA Community Edition 2022.2.1\lib\idea_rt.jar=57773:C:\Program Files\JetBrains\IntelliJ IDEA Community Edition 2022.2.1\bin -Dfile.encoding=UTF-8 -Dsun.stdout.encoding=UTF-8 -Dsun.stderr.encoding=UTF-8 Client

Host: Intel(R) Core(TM) i3-7130U CPU @ 2.70GHz, 4 cores, 7G,  Windows 10 , 64 bit Build 19041 (10.0.19041.1806)
Time: Mon Dec  5 21:59:36 2022  Windows 10 , 64 bit Build 19041 (10.0.19041.1806) elapsed time: 174.023176 seconds (0d 0h 2m 54s)

---------------  T H R E A D  ---------------

Current thread (0x000001cc7fa69720):  VMThread "VM Thread" [stack: 0x0000004809700000,0x0000004809800000] [id=8400]

Stack: [0x0000004809700000,0x0000004809800000],  sp=0x00000048097ff280,  free space=1020k
Native frames: (J=compiled Java code, j=interpreted, Vv=VM code, C=native code)
C  [glass.dll+0x263b7]


siginfo: EXCEPTION_ACCESS_VIOLATION (0xc0000005), reading address 0x0000000000000000


Register to memory mapping:

RIP=0x00007ffb4bf563b7 glass.dll
RAX=0x0 is NULL
RBX=0x000001cc7fa7e528 is a global jni handle
RCX=0x000001cc7fa69720 points into unknown readable memory: 0x00007ffb43b6ea28 | 28 ea b6 43 fb 7f 00 00
RDX=0x00000048097ff280 points into unknown readable memory: 0x0000000000000000 | 00 00 00 00 00 00 00 00
RSP=0x00000048097ff280 points into unknown readable memory: 0x0000000000000000 | 00 00 00 00 00 00 00 00
RBP=0x000001cc20da7a38 points into unknown readable memory: 0x0000d4dc62a24116 | 16 41 a2 62 dc d4 00 00
RSI=0x000001cc20da7a10 points into unknown readable memory: 0xfed2299260a24109 | 09 41 a2 60 92 29 d2 fe
RDI=0x0000d4dc62a24116 is an unknown value
R8 =0x0000000000010002 is an unknown value
R9 =0x0000d4dc62a24116 is an unknown value
R10=0x0000000000008000 is an unknown value
R11=0x00000048097ff210 points into unknown readable memory: 0x000001cc20da7a10 | 10 7a da 20 cc 01 00 00
R12=0x00007ffb4bf53cf0 glass.dll
R13=0x00007ffb43d30c00 jvm.dll
R14=0x00000048097ff378 points into unknown readable memory: 0x00000048097ff360 | 60 f3 7f 09 48 00 00 00
R15=0x000001cc20da7a10 points into unknown readable memory: 0xfed2299260a24109 | 09 41 a2 60 92 29 d2 fe


Registers:
RAX=0x0000000000000000, RBX=0x000001cc7fa7e528, RCX=0x000001cc7fa69720, RDX=0x00000048097ff280
RSP=0x00000048097ff280, RBP=0x000001cc20da7a38, RSI=0x000001cc20da7a10, RDI=0x0000d4dc62a24116
R8 =0x0000000000010002, R9 =0x0000d4dc62a24116, R10=0x0000000000008000, R11=0x00000048097ff210
R12=0x00007ffb4bf53cf0, R13=0x00007ffb43d30c00, R14=0x00000048097ff378, R15=0x000001cc20da7a10
RIP=0x00007ffb4bf563b7, EFLAGS=0x0000000000010206

Top of Stack: (sp=0x00000048097ff280)
0x00000048097ff280:   0000000000000000 000001cc20da7a10
0x00000048097ff290:   00007ffb43d30c00 00007ffb4bf53cf0
0x00000048097ff2a0:   000001cc20da7a18 00007ffba2f442d6
0x00000048097ff2b0:   0000d4dc62a24116 000001cc00000000
0x00000048097ff2c0:   000001cc20da7a38 000001cc20da7a10
0x00000048097ff2d0:   fffffffffffffffe 0000000000000000
0x00000048097ff2e0:   0000000000000001 00007ffb4bf30000
0x00000048097ff2f0:   00000048097ff368 00007ffba2f441fb
0x00000048097ff300:   0000000000000000 00000048097ff378
0x00000048097ff310:   00000048097ff640 00007ffba3020e40
0x00000048097ff320:   0000000000000001 00007ffba2f441b4
0x00000048097ff330:   0000000000000000 0000000000000001
0x00000048097ff340:   00007ffb00000001 00000048097ff368
0x00000048097ff350:   0000000000000000 00007ffb4bf53b7d
0x00000048097ff360:   00007ffb4bf69f88 00007ffb00000002
0x00000048097ff370:   0000000000000002 00000048097ff360 

Instructions: (pc=0x00007ffb4bf563b7)
0x00007ffb4bf562b7:   8b 4d 58 e8 7d cf ff ff 48 8b 4d 60 e8 74 cf ff
0x00007ffb4bf562c7:   ff 48 8b 95 80 00 00 00 48 8b 8d 18 01 00 00 e8
0x00007ffb4bf562d7:   66 c4 ff ff 33 d2 33 c9 e8 bc e1 ff ff 90 48 89
0x00007ffb4bf562e7:   54 24 10 55 48 83 ec 20 48 8b ea 48 b8 00 00 00
0x00007ffb4bf562f7:   00 00 00 00 00 48 83 c4 20 5d c3 cc 40 55 48 8b
0x00007ffb4bf56307:   ea 48 8b 01 33 c9 81 38 05 00 00 c0 0f 94 c1 8b
0x00007ffb4bf56317:   c1 5d c3 cc 40 55 48 83 ec 20 48 8b ea 8a 4d 40
0x00007ffb4bf56327:   48 83 c4 20 5d e9 63 d3 ff ff cc 40 55 48 83 ec
0x00007ffb4bf56337:   20 48 8b ea 8a 4d 20 e8 51 d3 ff ff 90 48 83 c4
0x00007ffb4bf56347:   20 5d c3 cc 40 55 48 83 ec 20 48 8b ea 48 83 c4
0x00007ffb4bf56357:   20 5d e9 b2 d1 ff ff cc 40 55 48 83 ec 30 48 8b
0x00007ffb4bf56367:   ea 48 8b 01 8b 10 48 89 4c 24 28 89 54 24 20 4c
0x00007ffb4bf56377:   8d 0d 53 d6 ff ff 4c 8b 45 70 8b 55 68 48 8b 4d
0x00007ffb4bf56387:   60 e8 f3 d0 ff ff 90 48 83 c4 30 5d c3 cc cc cc
0x00007ffb4bf56397:   cc cc cc cc cc cc cc cc cc 40 53 48 83 ec 20 48
0x00007ffb4bf563a7:   8b 1d db 35 01 00 48 85 db 74 16 e8 79 8b ff ff
0x00007ffb4bf563b7:   4c 8b 00 48 8b d3 48 8b c8 41 ff 90 b0 00 00 00
0x00007ffb4bf563c7:   90 48 83 c4 20 5b c3 cc cc 40 53 48 83 ec 20 48
0x00007ffb4bf563d7:   8b 1d 4b 37 01 00 48 85 db 74 57 b8 ff ff ff ff
0x00007ffb4bf563e7:   f0 0f c1 43 10 83 f8 01 75 3d 48 85 db 74 38 48
0x00007ffb4bf563f7:   8b 0b 48 85 c9 74 0d ff 15 a4 0e 00 00 48 c7 03
0x00007ffb4bf56407:   00 00 00 00 48 8b 4b 08 48 85 c9 74 0d e8 23 ce
0x00007ffb4bf56417:   ff ff 48 c7 43 08 00 00 00 00 ba 18 00 00 00 48
0x00007ffb4bf56427:   8b cb e8 0e ce ff ff 48 c7 05 ef 36 01 00 00 00
0x00007ffb4bf56437:   00 00 48 83 c4 20 5b c3 cc 40 53 48 83 ec 20 48
0x00007ffb4bf56447:   8b 1d bb 36 01 00 48 85 db 74 57 b8 ff ff ff ff
0x00007ffb4bf56457:   f0 0f c1 43 10 83 f8 01 75 3d 48 85 db 74 38 48
0x00007ffb4bf56467:   8b 0b 48 85 c9 74 0d ff 15 34 0e 00 00 48 c7 03
0x00007ffb4bf56477:   00 00 00 00 48 8b 4b 08 48 85 c9 74 0d e8 b3 cd
0x00007ffb4bf56487:   ff ff 48 c7 43 08 00 00 00 00 ba 18 00 00 00 48
0x00007ffb4bf56497:   8b cb e8 9e cd ff ff 48 c7 05 5f 36 01 00 00 00
0x00007ffb4bf564a7:   00 00 48 83 c4 20 5b c3 cc 40 53 48 83 ec 20 48 


Stack slot to memory mapping:
stack at sp + 0 slots: 0x0 is NULL
stack at sp + 1 slots: 0x000001cc20da7a10 points into unknown readable memory: 0xfed2299260a24109 | 09 41 a2 60 92 29 d2 fe
stack at sp + 2 slots: 0x00007ffb43d30c00 jvm.dll
stack at sp + 3 slots: 0x00007ffb4bf53cf0 glass.dll
stack at sp + 4 slots: 0x000001cc20da7a18 points into unknown readable memory: 0x0000d4dc62a24116 | 16 41 a2 62 dc d4 00 00
stack at sp + 5 slots: 0x00007ffba2f442d6 ucrtbase.dll
stack at sp + 6 slots: 0x0000d4dc62a24116 is an unknown value
stack at sp + 7 slots: 0x000001cc00000000 points into unknown readable memory: 0x00010000cafedada | da da fe ca 00 00 01 00

VM_Operation (0x0000004808eff020): Exit, mode: safepoint, requested by thread 0x000001cc20bd3190


---------------  P R O C E S S  ---------------

Threads class SMR info:
_java_thread_list=0x000001cc264699d0, length=21, elements={
0x000001cc7e921380, 0x000001cc7fa6c720, 0x000001cc7fa6d4c0, 0x000001cc7fa87320,
0x000001cc7fa87cc0, 0x000001cc7fa887a0, 0x000001cc7fa89470, 0x000001cc7faa3f60,
0x000001cc7fabc910, 0x000001cc209670a0, 0x000001cc20d7f0a0, 0x000001cc20f1d820,
0x000001cc211da8e0, 0x000001cc20de0990, 0x000001cc20fd8e60, 0x000001cc21411170,
0x000001cc213c3eb0, 0x000001cc261af660, 0x000001cc261ae320, 0x000001cc20bd3190,
0x000001cc20bd3660
}

Java Threads: ( => current thread )
  0x000001cc7e921380 JavaThread "main" [_thread_blocked, id=3308, stack(0x0000004809100000,0x0000004809200000)]
  0x000001cc7fa6c720 JavaThread "Reference Handler" daemon [_thread_blocked, id=11100, stack(0x0000004809800000,0x0000004809900000)]
  0x000001cc7fa6d4c0 JavaThread "Finalizer" daemon [_thread_blocked, id=8912, stack(0x0000004809900000,0x0000004809a00000)]
  0x000001cc7fa87320 JavaThread "Attach Listener" daemon [_thread_blocked, id=7084, stack(0x0000004809b00000,0x0000004809c00000)]
  0x000001cc7fa87cc0 JavaThread "Service Thread" daemon [_thread_blocked, id=1744, stack(0x0000004809c00000,0x0000004809d00000)]
  0x000001cc7fa887a0 JavaThread "Monitor Deflation Thread" daemon [_thread_blocked, id=6152, stack(0x0000004809d00000,0x0000004809e00000)]
  0x000001cc7fa89470 JavaThread "C2 CompilerThread0" daemon [_thread_blocked, id=4716, stack(0x0000004809e00000,0x0000004809f00000)]
  0x000001cc7faa3f60 JavaThread "C1 CompilerThread0" daemon [_thread_blocked, id=456, stack(0x0000004809f00000,0x000000480a000000)]
  0x000001cc7fabc910 JavaThread "Sweeper thread" daemon [_thread_blocked, id=368, stack(0x000000480a000000,0x000000480a100000)]
  0x000001cc209670a0 JavaThread "Common-Cleaner" daemon [_thread_blocked, id=8304, stack(0x000000480a100000,0x000000480a200000)]
  0x000001cc20d7f0a0 JavaThread "Monitor Ctrl-Break" daemon [_thread_in_native, id=7620, stack(0x000000480a300000,0x000000480a400000)]
  0x000001cc20f1d820 JavaThread "Notification Thread" daemon [_thread_blocked, id=1292, stack(0x000000480a400000,0x000000480a500000)]
  0x000001cc211da8e0 JavaThread "QuantumRenderer-0" daemon [_thread_blocked, id=11104, stack(0x000000480a200000,0x000000480a300000)]
  0x000001cc20de0990 JavaThread "InvokeLaterDispatcher" daemon [_thread_blocked, id=6356, stack(0x000000480a600000,0x000000480a700000)]
  0x000001cc20fd8e60 JavaThread "JavaFX Application Thread" [_thread_in_native, id=2920, stack(0x000000480a700000,0x000000480a800000)]
  0x000001cc21411170 JavaThread "Thread-1" daemon [_thread_in_native, id=5996, stack(0x000000480ae00000,0x000000480af00000)]
  0x000001cc213c3eb0 JavaThread "JavaFX-Launcher" [_thread_blocked, id=4320, stack(0x000000480af00000,0x000000480b000000)]
  0x000001cc261af660 JavaThread "Prism Font Disposer" daemon [_thread_blocked, id=5216, stack(0x000000480b400000,0x000000480b500000)]
  0x000001cc261ae320 JavaThread "Cleaner-0" daemon [_thread_blocked, id=2708, stack(0x000000480b000000,0x000000480b100000)]
  0x000001cc20bd3190 JavaThread "SIGINT handler" daemon [_thread_blocked, id=1820, stack(0x0000004808e00000,0x0000004808f00000)]
  0x000001cc20bd3660 JavaThread "Glass/Prism Shutdown Hook" [_thread_blocked, id=5172, stack(0x0000004808f00000,0x0000004809000000)]

Other Threads:
=>0x000001cc7fa69720 VMThread "VM Thread" [stack: 0x0000004809700000,0x0000004809800000] [id=8400]
  0x000001cc7e97f910 WorkerThread "GC Thread#0" [stack: 0x0000004809200000,0x0000004809300000] [id=10436]
  0x000001cc20fe57d0 WorkerThread "GC Thread#1" [stack: 0x000000480a800000,0x000000480a900000] [id=3032]
  0x000001cc20de16a0 WorkerThread "GC Thread#2" [stack: 0x000000480a900000,0x000000480aa00000] [id=5480]
  0x000001cc20fc97d0 WorkerThread "GC Thread#3" [stack: 0x000000480aa00000,0x000000480ab00000] [id=280]
  0x000001cc7e991490 ConcurrentGCThread "G1 Main Marker" terminated
  0x000001cc7e992620 WorkerThread "G1 Conc#0" [stack: 0x0000004809400000,0x0000004809500000] [id=9664]
  0x000001cc7e9d2e40 ConcurrentGCThread "G1 Refine#0" terminated
  0x000001cc7e9d3750 ConcurrentGCThread "G1 Service" terminated

Threads with active compile tasks:
C2 CompilerThread0  
[error occurred during error reporting (printing all threads), id 0xc0000005, EXCEPTION_ACCESS_VIOLATION (0xc0000005) at pc=0x00007ffb4396f6c3]

VM state: at safepoint (shutting down)

VM Mutex/Monitor currently owned by a thread:  ([mutex/lock_event])
[0x000001cc7e91e6a0] Threads_lock - owner thread: 0x000001cc7fa69720
[0x000001cc7e91e850] Heap_lock - owner thread: 0x000001cc20bd3190

Heap address: 0x0000000081e00000, size: 2018 MB, Compressed Oops mode: 32-bit

CDS archive(s) mapped at: [0x0000000800000000-0x0000000800ba0000-0x0000000800ba0000), size 12189696, SharedBaseAddress: 0x0000000800000000, ArchiveRelocationMode: 0.
Compressed class space mapped at: 0x0000000800c00000-0x0000000840c00000, reserved size: 1073741824
Narrow klass base: 0x0000000800000000, Narrow klass shift: 0, Narrow klass range: 0x100000000

GC Precious Log:
 CardTable entry size: 512
 Card Set container configuration: InlinePtr #cards 5 size 8 Array Of Cards #cards 12 size 40 Howl #buckets 4 coarsen threshold 1843 Howl Bitmap #cards 512 size 80 coarsen threshold 460 Card regions per heap region 1 cards per card region 2048
 CPUs: 4 total, 4 available
 Memory: 8066M
 Large Page Support: Disabled
 NUMA Support: Disabled
 Compressed Oops: Enabled (32-bit)
 Heap Region Size: 1M
 Heap Min Capacity: 8M
 Heap Initial Capacity: 128M
 Heap Max Capacity: 2018M
 Pre-touch: Disabled
 Parallel Workers: 4
 Concurrent Workers: 1
 Concurrent Refinement Workers: 4
 Periodic GC: Disabled

Heap:
 garbage-first heap   total 131072K, used 55448K [0x0000000081e00000, 0x0000000100000000)
  region size 1024K, 52 young (53248K), 3 survivors (3072K)
 Metaspace       used 18984K, committed 19392K, reserved 1114112K
  class space    used 2701K, committed 2880K, reserved 1048576K

Heap Regions: E=young(eden), S=young(survivor), O=old, HS=humongous(starts), HC=humongous(continues), CS=collection set, F=free, OA=open archive, CA=closed archive, TAMS=top-at-mark-start (previous, next)
|   0|0x0000000081e00000, 0x0000000081f00000, 0x0000000081f00000|100%| O|  |TAMS 0x0000000081e00000, 0x0000000081e00000| Untracked 
|   1|0x0000000081f00000, 0x0000000082000000, 0x0000000082000000|100%| O|  |TAMS 0x0000000081f00000, 0x0000000081f00000| Untracked 
|   2|0x0000000082000000, 0x0000000082040000, 0x0000000082100000| 25%| O|  |TAMS 0x0000000082000000, 0x0000000082000000| Untracked 
|   3|0x0000000082100000, 0x0000000082200000, 0x0000000082200000|100%|HS|  |TAMS 0x0000000082100000, 0x0000000082100000| Complete 
|   4|0x0000000082200000, 0x0000000082300000, 0x0000000082300000|100%|HC|  |TAMS 0x0000000082200000, 0x0000000082200000| Complete 
|   5|0x0000000082300000, 0x0000000082300000, 0x0000000082400000|  0%| F|  |TAMS 0x0000000082300000, 0x0000000082300000| Untracked 
|   6|0x0000000082400000, 0x0000000082400000, 0x0000000082500000|  0%| F|  |TAMS 0x0000000082400000, 0x0000000082400000| Untracked 
|   7|0x0000000082500000, 0x0000000082500000, 0x0000000082600000|  0%| F|  |TAMS 0x0000000082500000, 0x0000000082500000| Untracked 
|   8|0x0000000082600000, 0x0000000082600000, 0x0000000082700000|  0%| F|  |TAMS 0x0000000082600000, 0x0000000082600000| Untracked 
|   9|0x0000000082700000, 0x0000000082700000, 0x0000000082800000|  0%| F|  |TAMS 0x0000000082700000, 0x0000000082700000| Untracked 
|  10|0x0000000082800000, 0x0000000082800000, 0x0000000082900000|  0%| F|  |TAMS 0x0000000082800000, 0x0000000082800000| Untracked 
|  11|0x0000000082900000, 0x0000000082900000, 0x0000000082a00000|  0%| F|  |TAMS 0x0000000082900000, 0x0000000082900000| Untracked 
|  12|0x0000000082a00000, 0x0000000082a00000, 0x0000000082b00000|  0%| F|  |TAMS 0x0000000082a00000, 0x0000000082a00000| Untracked 
|  13|0x0000000082b00000, 0x0000000082b00000, 0x0000000082c00000|  0%| F|  |TAMS 0x0000000082b00000, 0x0000000082b00000| Untracked 
|  14|0x0000000082c00000, 0x0000000082c00000, 0x0000000082d00000|  0%| F|  |TAMS 0x0000000082c00000, 0x0000000082c00000| Untracked 
|  15|0x0000000082d00000, 0x0000000082d00000, 0x0000000082e00000|  0%| F|  |TAMS 0x0000000082d00000, 0x0000000082d00000| Untracked 
|  16|0x0000000082e00000, 0x0000000082e00000, 0x0000000082f00000|  0%| F|  |TAMS 0x0000000082e00000, 0x0000000082e00000| Untracked 
|  17|0x0000000082f00000, 0x0000000082f00000, 0x0000000083000000|  0%| F|  |TAMS 0x0000000082f00000, 0x0000000082f00000| Untracked 
|  18|0x0000000083000000, 0x0000000083000000, 0x0000000083100000|  0%| F|  |TAMS 0x0000000083000000, 0x0000000083000000| Untracked 
|  19|0x0000000083100000, 0x0000000083100000, 0x0000000083200000|  0%| F|  |TAMS 0x0000000083100000, 0x0000000083100000| Untracked 
|  20|0x0000000083200000, 0x0000000083200000, 0x0000000083300000|  0%| F|  |TAMS 0x0000000083200000, 0x0000000083200000| Untracked 
|  21|0x0000000083300000, 0x0000000083300000, 0x0000000083400000|  0%| F|  |TAMS 0x0000000083300000, 0x0000000083300000| Untracked 
|  22|0x0000000083400000, 0x0000000083400000, 0x0000000083500000|  0%| F|  |TAMS 0x0000000083400000, 0x0000000083400000| Untracked 
|  23|0x0000000083500000, 0x0000000083500000, 0x0000000083600000|  0%| F|  |TAMS 0x0000000083500000, 0x0000000083500000| Untracked 
|  24|0x0000000083600000, 0x0000000083600000, 0x0000000083700000|  0%| F|  |TAMS 0x0000000083600000, 0x0000000083600000| Untracked 
|  25|0x0000000083700000, 0x0000000083700000, 0x0000000083800000|  0%| F|  |TAMS 0x0000000083700000, 0x0000000083700000| Untracked 
|  26|0x0000000083800000, 0x0000000083800000, 0x0000000083900000|  0%| F|  |TAMS 0x0000000083800000, 0x0000000083800000| Untracked 
|  27|0x0000000083900000, 0x0000000083900000, 0x0000000083a00000|  0%| F|  |TAMS 0x0000000083900000, 0x0000000083900000| Untracked 
|  28|0x0000000083a00000, 0x0000000083a00000, 0x0000000083b00000|  0%| F|  |TAMS 0x0000000083a00000, 0x0000000083a00000| Untracked 
|  29|0x0000000083b00000, 0x0000000083b00000, 0x0000000083c00000|  0%| F|  |TAMS 0x0000000083b00000, 0x0000000083b00000| Untracked 
|  30|0x0000000083c00000, 0x0000000083c00000, 0x0000000083d00000|  0%| F|  |TAMS 0x0000000083c00000, 0x0000000083c00000| Untracked 
|  31|0x0000000083d00000, 0x0000000083d00000, 0x0000000083e00000|  0%| F|  |TAMS 0x0000000083d00000, 0x0000000083d00000| Untracked 
|  32|0x0000000083e00000, 0x0000000083e00000, 0x0000000083f00000|  0%| F|  |TAMS 0x0000000083e00000, 0x0000000083e00000| Untracked 
|  33|0x0000000083f00000, 0x0000000083f00000, 0x0000000084000000|  0%| F|  |TAMS 0x0000000083f00000, 0x0000000083f00000| Untracked 
|  34|0x0000000084000000, 0x0000000084000000, 0x0000000084100000|  0%| F|  |TAMS 0x0000000084000000, 0x0000000084000000| Untracked 
|  35|0x0000000084100000, 0x0000000084100000, 0x0000000084200000|  0%| F|  |TAMS 0x0000000084100000, 0x0000000084100000| Untracked 
|  36|0x0000000084200000, 0x0000000084200000, 0x0000000084300000|  0%| F|  |TAMS 0x0000000084200000, 0x0000000084200000| Untracked 
|  37|0x0000000084300000, 0x0000000084300000, 0x0000000084400000|  0%| F|  |TAMS 0x0000000084300000, 0x0000000084300000| Untracked 
|  38|0x0000000084400000, 0x0000000084400000, 0x0000000084500000|  0%| F|  |TAMS 0x0000000084400000, 0x0000000084400000| Untracked 
|  39|0x0000000084500000, 0x0000000084500000, 0x0000000084600000|  0%| F|  |TAMS 0x0000000084500000, 0x0000000084500000| Untracked 
|  40|0x0000000084600000, 0x0000000084600000, 0x0000000084700000|  0%| F|  |TAMS 0x0000000084600000, 0x0000000084600000| Untracked 
|  41|0x0000000084700000, 0x0000000084700000, 0x0000000084800000|  0%| F|  |TAMS 0x0000000084700000, 0x0000000084700000| Untracked 
|  42|0x0000000084800000, 0x0000000084800000, 0x0000000084900000|  0%| F|  |TAMS 0x0000000084800000, 0x0000000084800000| Untracked 
|  43|0x0000000084900000, 0x0000000084900000, 0x0000000084a00000|  0%| F|  |TAMS 0x0000000084900000, 0x0000000084900000| Untracked 
|  44|0x0000000084a00000, 0x0000000084a00000, 0x0000000084b00000|  0%| F|  |TAMS 0x0000000084a00000, 0x0000000084a00000| Untracked 
|  45|0x0000000084b00000, 0x0000000084b00000, 0x0000000084c00000|  0%| F|  |TAMS 0x0000000084b00000, 0x0000000084b00000| Untracked 
|  46|0x0000000084c00000, 0x0000000084c00000, 0x0000000084d00000|  0%| F|  |TAMS 0x0000000084c00000, 0x0000000084c00000| Untracked 
|  47|0x0000000084d00000, 0x0000000084d00000, 0x0000000084e00000|  0%| F|  |TAMS 0x0000000084d00000, 0x0000000084d00000| Untracked 
|  48|0x0000000084e00000, 0x0000000084e00000, 0x0000000084f00000|  0%| F|  |TAMS 0x0000000084e00000, 0x0000000084e00000| Untracked 
|  49|0x0000000084f00000, 0x0000000084f00000, 0x0000000085000000|  0%| F|  |TAMS 0x0000000084f00000, 0x0000000084f00000| Untracked 
|  50|0x0000000085000000, 0x0000000085000000, 0x0000000085100000|  0%| F|  |TAMS 0x0000000085000000, 0x0000000085000000| Untracked 
|  51|0x0000000085100000, 0x0000000085100000, 0x0000000085200000|  0%| F|  |TAMS 0x0000000085100000, 0x0000000085100000| Untracked 
|  52|0x0000000085200000, 0x0000000085200000, 0x0000000085300000|  0%| F|  |TAMS 0x0000000085200000, 0x0000000085200000| Untracked 
|  53|0x0000000085300000, 0x0000000085300000, 0x0000000085400000|  0%| F|  |TAMS 0x0000000085300000, 0x0000000085300000| Untracked 
|  54|0x0000000085400000, 0x0000000085400000, 0x0000000085500000|  0%| F|  |TAMS 0x0000000085400000, 0x0000000085400000| Untracked 
|  55|0x0000000085500000, 0x0000000085500000, 0x0000000085600000|  0%| F|  |TAMS 0x0000000085500000, 0x0000000085500000| Untracked 
|  56|0x0000000085600000, 0x0000000085600000, 0x0000000085700000|  0%| F|  |TAMS 0x0000000085600000, 0x0000000085600000| Untracked 
|  57|0x0000000085700000, 0x0000000085700000, 0x0000000085800000|  0%| F|  |TAMS 0x0000000085700000, 0x0000000085700000| Untracked 
|  58|0x0000000085800000, 0x0000000085800000, 0x0000000085900000|  0%| F|  |TAMS 0x0000000085800000, 0x0000000085800000| Untracked 
|  59|0x0000000085900000, 0x0000000085900000, 0x0000000085a00000|  0%| F|  |TAMS 0x0000000085900000, 0x0000000085900000| Untracked 
|  60|0x0000000085a00000, 0x0000000085a00000, 0x0000000085b00000|  0%| F|  |TAMS 0x0000000085a00000, 0x0000000085a00000| Untracked 
|  61|0x0000000085b00000, 0x0000000085b00000, 0x0000000085c00000|  0%| F|  |TAMS 0x0000000085b00000, 0x0000000085b00000| Untracked 
|  62|0x0000000085c00000, 0x0000000085c00000, 0x0000000085d00000|  0%| F|  |TAMS 0x0000000085c00000, 0x0000000085c00000| Untracked 
|  63|0x0000000085d00000, 0x0000000085d00000, 0x0000000085e00000|  0%| F|  |TAMS 0x0000000085d00000, 0x0000000085d00000| Untracked 
|  64|0x0000000085e00000, 0x0000000085e00000, 0x0000000085f00000|  0%| F|  |TAMS 0x0000000085e00000, 0x0000000085e00000| Untracked 
|  65|0x0000000085f00000, 0x0000000085f00000, 0x0000000086000000|  0%| F|  |TAMS 0x0000000085f00000, 0x0000000085f00000| Untracked 
|  66|0x0000000086000000, 0x0000000086000000, 0x0000000086100000|  0%| F|  |TAMS 0x0000000086000000, 0x0000000086000000| Untracked 
|  67|0x0000000086100000, 0x0000000086100000, 0x0000000086200000|  0%| F|  |TAMS 0x0000000086100000, 0x0000000086100000| Untracked 
|  68|0x0000000086200000, 0x0000000086200000, 0x0000000086300000|  0%| F|  |TAMS 0x0000000086200000, 0x0000000086200000| Untracked 
|  69|0x0000000086300000, 0x0000000086300000, 0x0000000086400000|  0%| F|  |TAMS 0x0000000086300000, 0x0000000086300000| Untracked 
|  70|0x0000000086400000, 0x0000000086400000, 0x0000000086500000|  0%| F|  |TAMS 0x0000000086400000, 0x0000000086400000| Untracked 
|  71|0x0000000086500000, 0x0000000086500000, 0x0000000086600000|  0%| F|  |TAMS 0x0000000086500000, 0x0000000086500000| Untracked 
|  72|0x0000000086600000, 0x0000000086600000, 0x0000000086700000|  0%| F|  |TAMS 0x0000000086600000, 0x0000000086600000| Untracked 
|  73|0x0000000086700000, 0x0000000086700000, 0x0000000086800000|  0%| F|  |TAMS 0x0000000086700000, 0x0000000086700000| Untracked 
|  74|0x0000000086800000, 0x0000000086800000, 0x0000000086900000|  0%| F|  |TAMS 0x0000000086800000, 0x0000000086800000| Untracked 
|  75|0x0000000086900000, 0x0000000086900000, 0x0000000086a00000|  0%| F|  |TAMS 0x0000000086900000, 0x0000000086900000| Untracked 
|  76|0x0000000086a00000, 0x0000000086a96060, 0x0000000086b00000| 58%| E|  |TAMS 0x0000000086a00000, 0x0000000086a00000| Complete 
|  77|0x0000000086b00000, 0x0000000086c00000, 0x0000000086c00000|100%| E|CS|TAMS 0x0000000086b00000, 0x0000000086b00000| Complete 
|  78|0x0000000086c00000, 0x0000000086d00000, 0x0000000086d00000|100%| E|CS|TAMS 0x0000000086c00000, 0x0000000086c00000| Complete 
|  79|0x0000000086d00000, 0x0000000086e00000, 0x0000000086e00000|100%| E|CS|TAMS 0x0000000086d00000, 0x0000000086d00000| Complete 
|  80|0x0000000086e00000, 0x0000000086f00000, 0x0000000086f00000|100%| E|CS|TAMS 0x0000000086e00000, 0x0000000086e00000| Complete 
|  81|0x0000000086f00000, 0x0000000087000000, 0x0000000087000000|100%| E|CS|TAMS 0x0000000086f00000, 0x0000000086f00000| Complete 
|  82|0x0000000087000000, 0x0000000087100000, 0x0000000087100000|100%| E|CS|TAMS 0x0000000087000000, 0x0000000087000000| Complete 
|  83|0x0000000087100000, 0x0000000087200000, 0x0000000087200000|100%| E|CS|TAMS 0x0000000087100000, 0x0000000087100000| Complete 
|  84|0x0000000087200000, 0x0000000087300000, 0x0000000087300000|100%| E|CS|TAMS 0x0000000087200000, 0x0000000087200000| Complete 
|  85|0x0000000087300000, 0x0000000087400000, 0x0000000087400000|100%| E|CS|TAMS 0x0000000087300000, 0x0000000087300000| Complete 
|  86|0x0000000087400000, 0x0000000087500000, 0x0000000087500000|100%| E|CS|TAMS 0x0000000087400000, 0x0000000087400000| Complete 
|  87|0x0000000087500000, 0x0000000087600000, 0x0000000087600000|100%| E|CS|TAMS 0x0000000087500000, 0x0000000087500000| Complete 
|  88|0x0000000087600000, 0x0000000087700000, 0x0000000087700000|100%| E|CS|TAMS 0x0000000087600000, 0x0000000087600000| Complete 
|  89|0x0000000087700000, 0x0000000087800000, 0x0000000087800000|100%| E|CS|TAMS 0x0000000087700000, 0x0000000087700000| Complete 
|  90|0x0000000087800000, 0x0000000087900000, 0x0000000087900000|100%| E|CS|TAMS 0x0000000087800000, 0x0000000087800000| Complete 
|  91|0x0000000087900000, 0x0000000087a00000, 0x0000000087a00000|100%| E|CS|TAMS 0x0000000087900000, 0x0000000087900000| Complete 
|  92|0x0000000087a00000, 0x0000000087b00000, 0x0000000087b00000|100%| E|CS|TAMS 0x0000000087a00000, 0x0000000087a00000| Complete 
|  93|0x0000000087b00000, 0x0000000087c00000, 0x0000000087c00000|100%| E|CS|TAMS 0x0000000087b00000, 0x0000000087b00000| Complete 
|  94|0x0000000087c00000, 0x0000000087d00000, 0x0000000087d00000|100%| E|CS|TAMS 0x0000000087c00000, 0x0000000087c00000| Complete 
|  95|0x0000000087d00000, 0x0000000087e00000, 0x0000000087e00000|100%| E|CS|TAMS 0x0000000087d00000, 0x0000000087d00000| Complete 
|  96|0x0000000087e00000, 0x0000000087f00000, 0x0000000087f00000|100%| E|CS|TAMS 0x0000000087e00000, 0x0000000087e00000| Complete 
|  97|0x0000000087f00000, 0x0000000088000000, 0x0000000088000000|100%| E|CS|TAMS 0x0000000087f00000, 0x0000000087f00000| Complete 
|  98|0x0000000088000000, 0x0000000088100000, 0x0000000088100000|100%| E|CS|TAMS 0x0000000088000000, 0x0000000088000000| Complete 
|  99|0x0000000088100000, 0x0000000088200000, 0x0000000088200000|100%| E|CS|TAMS 0x0000000088100000, 0x0000000088100000| Complete 
| 100|0x0000000088200000, 0x0000000088300000, 0x0000000088300000|100%| E|CS|TAMS 0x0000000088200000, 0x0000000088200000| Complete 
| 101|0x0000000088300000, 0x00000000883ffed0, 0x0000000088400000| 99%| E|  |TAMS 0x0000000088300000, 0x0000000088300000| Complete 
| 102|0x0000000088400000, 0x0000000088500000, 0x0000000088500000|100%| E|CS|TAMS 0x0000000088400000, 0x0000000088400000| Complete 
| 103|0x0000000088500000, 0x0000000088600000, 0x0000000088600000|100%| E|CS|TAMS 0x0000000088500000, 0x0000000088500000| Complete 
| 104|0x0000000088600000, 0x0000000088700000, 0x0000000088700000|100%| E|CS|TAMS 0x0000000088600000, 0x0000000088600000| Complete 
| 105|0x0000000088700000, 0x0000000088800000, 0x0000000088800000|100%| E|CS|TAMS 0x0000000088700000, 0x0000000088700000| Complete 
| 106|0x0000000088800000, 0x00000000888e6118, 0x0000000088900000| 89%| S|CS|TAMS 0x0000000088800000, 0x0000000088800000| Complete 
| 107|0x0000000088900000, 0x0000000088a00000, 0x0000000088a00000|100%| S|CS|TAMS 0x0000000088900000, 0x0000000088900000| Complete 
| 108|0x0000000088a00000, 0x0000000088b00000, 0x0000000088b00000|100%| S|CS|TAMS 0x0000000088a00000, 0x0000000088a00000| Complete 
| 109|0x0000000088b00000, 0x0000000088c00000, 0x0000000088c00000|100%| E|CS|TAMS 0x0000000088b00000, 0x0000000088b00000| Complete 
| 110|0x0000000088c00000, 0x0000000088d00000, 0x0000000088d00000|100%| E|CS|TAMS 0x0000000088c00000, 0x0000000088c00000| Complete 
| 111|0x0000000088d00000, 0x0000000088e00000, 0x0000000088e00000|100%| E|CS|TAMS 0x0000000088d00000, 0x0000000088d00000| Complete 
| 112|0x0000000088e00000, 0x0000000088f00000, 0x0000000088f00000|100%| E|CS|TAMS 0x0000000088e00000, 0x0000000088e00000| Complete 
| 113|0x0000000088f00000, 0x0000000089000000, 0x0000000089000000|100%| E|CS|TAMS 0x0000000088f00000, 0x0000000088f00000| Complete 
| 114|0x0000000089000000, 0x0000000089100000, 0x0000000089100000|100%| E|CS|TAMS 0x0000000089000000, 0x0000000089000000| Complete 
| 115|0x0000000089100000, 0x0000000089200000, 0x0000000089200000|100%| E|CS|TAMS 0x0000000089100000, 0x0000000089100000| Complete 
| 116|0x0000000089200000, 0x0000000089300000, 0x0000000089300000|100%| E|CS|TAMS 0x0000000089200000, 0x0000000089200000| Complete 
| 117|0x0000000089300000, 0x0000000089400000, 0x0000000089400000|100%| E|CS|TAMS 0x0000000089300000, 0x0000000089300000| Complete 
| 118|0x0000000089400000, 0x0000000089500000, 0x0000000089500000|100%| E|CS|TAMS 0x0000000089400000, 0x0000000089400000| Complete 
| 119|0x0000000089500000, 0x0000000089600000, 0x0000000089600000|100%| E|CS|TAMS 0x0000000089500000, 0x0000000089500000| Complete 
| 120|0x0000000089600000, 0x0000000089700000, 0x0000000089700000|100%| E|CS|TAMS 0x0000000089600000, 0x0000000089600000| Complete 
| 121|0x0000000089700000, 0x0000000089800000, 0x0000000089800000|100%| E|CS|TAMS 0x0000000089700000, 0x0000000089700000| Complete 
| 122|0x0000000089800000, 0x0000000089900000, 0x0000000089900000|100%| E|CS|TAMS 0x0000000089800000, 0x0000000089800000| Complete 
| 123|0x0000000089900000, 0x0000000089a00000, 0x0000000089a00000|100%| E|CS|TAMS 0x0000000089900000, 0x0000000089900000| Complete 
| 124|0x0000000089a00000, 0x0000000089b00000, 0x0000000089b00000|100%| E|CS|TAMS 0x0000000089a00000, 0x0000000089a00000| Complete 
| 125|0x0000000089b00000, 0x0000000089c00000, 0x0000000089c00000|100%| E|CS|TAMS 0x0000000089b00000, 0x0000000089b00000| Complete 
| 126|0x0000000089c00000, 0x0000000089d00000, 0x0000000089d00000|100%| E|CS|TAMS 0x0000000089c00000, 0x0000000089c00000| Complete 
| 127|0x0000000089d00000, 0x0000000089e00000, 0x0000000089e00000|100%| E|CS|TAMS 0x0000000089d00000, 0x0000000089d00000| Complete 

Card table byte_map: [0x000001cc7edf0000,0x000001cc7f1f0000] _byte_map_base: 0x000001cc7e9e1000

Marking Bits (Prev, Next): (CMBitMap*) 0x000001cc7e980f20, (CMBitMap*) 0x000001cc7e980f60
 Prev Bits: [0x000001cc16870000, 0x000001cc187f8000)
 Next Bits: [0x000001cc18800000, 0x000001cc1a788000)

Polling page: 0x000001cc7ca90000

Metaspace:

Usage:
  Non-class:     15.90 MB used.
      Class:      2.64 MB used.
       Both:     18.54 MB used.

Virtual space:
  Non-class space:       64.00 MB reserved,      16.12 MB ( 25%) committed,  1 nodes.
      Class space:        1.00 GB reserved,       2.81 MB ( <1%) committed,  1 nodes.
             Both:        1.06 GB reserved,      18.94 MB (  2%) committed. 

Chunk freelists:
   Non-Class:  2.98 MB
       Class:  1.20 MB
        Both:  4.19 MB

MaxMetaspaceSize: unlimited
CompressedClassSpaceSize: 1.00 GB
Initial GC threshold: 21.00 MB
Current GC threshold: 21.00 MB
CDS: on
MetaspaceReclaimPolicy: balanced
 - commit_granule_bytes: 65536.
 - commit_granule_words: 8192.
 - virtual_space_node_default_size: 8388608.
 - enlarge_chunks_in_place: 1.
 - new_chunks_are_fully_committed: 0.
 - uncommit_free_chunks: 1.
 - use_allocation_guard: 0.


Internal statistics:

num_allocs_failed_limit: 0.
num_arena_births: 362.
num_arena_deaths: 0.
num_vsnodes_births: 2.
num_vsnodes_deaths: 0.
num_space_committed: 303.
num_space_uncommitted: 0.
num_chunks_returned_to_freelist: 0.
num_chunks_taken_from_freelist: 997.
num_chunk_merges: 0.
num_chunk_splits: 678.
num_chunks_enlarged: 510.
num_inconsistent_stats: 0.

CodeHeap 'non-profiled nmethods': size=120000Kb used=1596Kb max_used=1596Kb free=118403Kb
 bounds [0x000001cc0f340000, 0x000001cc0f5b0000, 0x000001cc16870000]
CodeHeap 'profiled nmethods': size=120000Kb used=8083Kb max_used=8083Kb free=111916Kb
 bounds [0x000001cc07e10000, 0x000001cc08600000, 0x000001cc0f340000]
CodeHeap 'non-nmethods': size=5760Kb used=1444Kb max_used=1513Kb free=4315Kb
 bounds [0x000001cc07870000, 0x000001cc07ae0000, 0x000001cc07e10000]
 total_blobs=4811 nmethods=4014 adapters=709
 compilation: enabled
              stopped_count=0, restarted_count=0
 full_count=0

Compilation events (20 events):
Event: 18.644 Thread 0x000001cc7faa3f60 4013       1       java.lang.Class::getAnnotationType (5 bytes)
Event: 18.645 Thread 0x000001cc7faa3f60 nmethod 4013 0x000001cc0f4bee90 code [0x000001cc0f4bf020, 0x000001cc0f4bf0f8]
Event: 18.645 Thread 0x000001cc7faa3f60 4010       1       java.lang.reflect.Constructor::getSharedParameterTypes (5 bytes)
Event: 18.645 Thread 0x000001cc7faa3f60 nmethod 4010 0x000001cc0f4bf190 code [0x000001cc0f4bf320, 0x000001cc0f4bf3f8]
Event: 18.645 Thread 0x000001cc7faa3f60 4012       1       javafx.scene.control.TableColumn::getColumns (5 bytes)
Event: 18.645 Thread 0x000001cc7faa3f60 nmethod 4012 0x000001cc0f4bf490 code [0x000001cc0f4bf620, 0x000001cc0f4bf6f8]
Event: 18.656 Thread 0x000001cc2b85d8b0 3993       4       java.lang.CharacterDataLatin1::toUpperCaseEx (71 bytes)
Event: 18.659 Thread 0x000001cc2b85d8b0 nmethod 3993 0x000001cc0f4bf790 code [0x000001cc0f4bf900, 0x000001cc0f4bf9f8]
Event: 18.659 Thread 0x000001cc2b85d8b0 4005       4       java.lang.invoke.DirectMethodHandle$Holder::newInvokeSpecial (21 bytes)
Event: 18.662 Thread 0x000001cc2b85d8b0 nmethod 4005 0x000001cc0f4bfb10 code [0x000001cc0f4bfca0, 0x000001cc0f4bfea8]
Event: 18.662 Thread 0x000001cc2b85d8b0 3989       4       com.sun.javafx.geom.transform.AffineBase::transform2DBounds (576 bytes)
Event: 18.663 Thread 0x000001cc2b85d8b0 nmethod 3989 0x000001cc0f4c0090 code [0x000001cc0f4c0200, 0x000001cc0f4c0358]
Event: 18.663 Thread 0x000001cc2b85d8b0 3990       4       com.sun.prism.impl.BaseGraphics::transform (13 bytes)
Event: 18.665 Thread 0x000001cc2b85d8b0 nmethod 3990 0x000001cc0f4c0490 code [0x000001cc0f4c0620, 0x000001cc0f4c0768]
Event: 18.840 Thread 0x000001cc7fa89470 nmethod 3982 0x000001cc0f4c0910 code [0x000001cc0f4c1020, 0x000001cc0f4c8688]
Event: 85.773 Thread 0x000001cc7fa89470 4014       4       com.sun.javafx.tk.quantum.QuantumToolkit::postPulse (133 bytes)
Event: 85.786 Thread 0x000001cc7fa89470 nmethod 4014 0x000001cc0f4ce290 code [0x000001cc0f4ce440, 0x000001cc0f4ce6b8]
Event: 86.605 Thread 0x000001cc7fa89470 4015       4       com.sun.javafx.tk.quantum.QuantumToolkit$$Lambda$91/0x0000000800c398c0::run (8 bytes)
Event: 86.611 Thread 0x000001cc7fa89470 nmethod 4015 0x000001cc0f4ce990 code [0x000001cc0f4ceb60, 0x000001cc0f4cee28]
Event: 173.673 Thread 0x000001cc7fa89470 4016       4       jdk.internal.org.objectweb.asm.ByteVector::putInt (74 bytes)

GC Heap History (4 events):
Event: 0.513 GC heap before
{Heap before GC invocations=0 (full 0):
 garbage-first heap   total 131072K, used 13312K [0x0000000081e00000, 0x0000000100000000)
  region size 1024K, 13 young (13312K), 0 survivors (0K)
 Metaspace       used 2752K, committed 2944K, reserved 1114112K
  class space    used 289K, committed 384K, reserved 1048576K
}
Event: 0.516 GC heap after
{Heap after GC invocations=1 (full 0):
 garbage-first heap   total 131072K, used 2084K [0x0000000081e00000, 0x0000000100000000)
  region size 1024K, 2 young (2048K), 2 survivors (2048K)
 Metaspace       used 2752K, committed 2944K, reserved 1114112K
  class space    used 289K, committed 384K, reserved 1048576K
}
Event: 0.918 GC heap before
{Heap before GC invocations=1 (full 0):
 garbage-first heap   total 131072K, used 18468K [0x0000000081e00000, 0x0000000100000000)
  region size 1024K, 19 young (19456K), 2 survivors (2048K)
 Metaspace       used 8101K, committed 8320K, reserved 1114112K
  class space    used 1046K, committed 1152K, reserved 1048576K
}
Event: 0.923 GC heap after
{Heap after GC invocations=2 (full 0):
 garbage-first heap   total 131072K, used 5272K [0x0000000081e00000, 0x0000000100000000)
  region size 1024K, 3 young (3072K), 3 survivors (3072K)
 Metaspace       used 8101K, committed 8320K, reserved 1114112K
  class space    used 1046K, committed 1152K, reserved 1048576K
}

Deoptimization events (20 events):
Event: 12.272 Thread 0x000001cc211da8e0 DEOPT PACKING pc=0x000001cc0850b6ba sp=0x000000480a2fe3a0
Event: 12.272 Thread 0x000001cc211da8e0 DEOPT UNPACKING pc=0x000001cc078c2b43 sp=0x000000480a2fd8a0 mode 0
Event: 12.775 Thread 0x000001cc211da8e0 DEOPT PACKING pc=0x000001cc0850b6ba sp=0x000000480a2fe3b0
Event: 12.775 Thread 0x000001cc211da8e0 DEOPT UNPACKING pc=0x000001cc078c2b43 sp=0x000000480a2fd8b0 mode 0
Event: 13.725 Thread 0x000001cc20fd8e60 Uncommon trap: trap_request=0xffffffbe fr.pc=0x000001cc0f48c53c relative=0x0000000000005cfc
Event: 13.725 Thread 0x000001cc20fd8e60 Uncommon trap: reason=profile_predicate action=maybe_recompile pc=0x000001cc0f48c53c method=javafx.scene.CssStyleHelper.transitionToState(Ljavafx/scene/Node;)V @ 291 c2
Event: 13.725 Thread 0x000001cc20fd8e60 DEOPT PACKING pc=0x000001cc0f48c53c sp=0x000000480a7fb890
Event: 13.725 Thread 0x000001cc20fd8e60 DEOPT UNPACKING pc=0x000001cc078c23a3 sp=0x000000480a7fb818 mode 2
Event: 13.726 Thread 0x000001cc20fd8e60 Uncommon trap: trap_request=0xffffffbe fr.pc=0x000001cc0f48c53c relative=0x0000000000005cfc
Event: 13.726 Thread 0x000001cc20fd8e60 Uncommon trap: reason=profile_predicate action=maybe_recompile pc=0x000001cc0f48c53c method=javafx.scene.CssStyleHelper.transitionToState(Ljavafx/scene/Node;)V @ 291 c2
Event: 13.727 Thread 0x000001cc20fd8e60 DEOPT PACKING pc=0x000001cc0f48c53c sp=0x000000480a7fb890
Event: 13.727 Thread 0x000001cc20fd8e60 DEOPT UNPACKING pc=0x000001cc078c23a3 sp=0x000000480a7fb818 mode 2
Event: 16.108 Thread 0x000001cc20fd8e60 Uncommon trap: trap_request=0xffffffbe fr.pc=0x000001cc0f48c53c relative=0x0000000000005cfc
Event: 16.109 Thread 0x000001cc20fd8e60 Uncommon trap: reason=profile_predicate action=maybe_recompile pc=0x000001cc0f48c53c method=javafx.scene.CssStyleHelper.transitionToState(Ljavafx/scene/Node;)V @ 291 c2
Event: 16.109 Thread 0x000001cc20fd8e60 DEOPT PACKING pc=0x000001cc0f48c53c sp=0x000000480a7fb890
Event: 16.109 Thread 0x000001cc20fd8e60 DEOPT UNPACKING pc=0x000001cc078c23a3 sp=0x000000480a7fb818 mode 2
Event: 16.109 Thread 0x000001cc20fd8e60 Uncommon trap: trap_request=0xffffffbe fr.pc=0x000001cc0f48c53c relative=0x0000000000005cfc
Event: 16.109 Thread 0x000001cc20fd8e60 Uncommon trap: reason=profile_predicate action=maybe_recompile pc=0x000001cc0f48c53c method=javafx.scene.CssStyleHelper.transitionToState(Ljavafx/scene/Node;)V @ 291 c2
Event: 16.109 Thread 0x000001cc20fd8e60 DEOPT PACKING pc=0x000001cc0f48c53c sp=0x000000480a7fb890
Event: 16.109 Thread 0x000001cc20fd8e60 DEOPT UNPACKING pc=0x000001cc078c23a3 sp=0x000000480a7fb818 mode 2

Classes loaded (20 events):
Event: 18.601 Loading class java/lang/constant/MethodHandleDesc
Event: 18.601 Loading class java/lang/constant/MethodHandleDesc done
Event: 18.601 Loading class java/lang/constant/MethodHandleDesc$1
Event: 18.601 Loading class java/lang/constant/MethodHandleDesc$1 done
Event: 18.601 Loading class java/lang/constant/DirectMethodHandleDescImpl
Event: 18.601 Loading class java/lang/constant/DirectMethodHandleDesc
Event: 18.601 Loading class java/lang/constant/DirectMethodHandleDesc done
Event: 18.601 Loading class java/lang/constant/DirectMethodHandleDescImpl done
Event: 18.601 Loading class java/lang/constant/DirectMethodHandleDescImpl$1
Event: 18.601 Loading class java/lang/constant/DirectMethodHandleDescImpl$1 done
Event: 18.601 Loading class java/lang/constant/DirectMethodHandleDesc$1
Event: 18.601 Loading class java/lang/constant/DirectMethodHandleDesc$1 done
Event: 18.601 Loading class java/lang/constant/PrimitiveClassDescImpl
Event: 18.602 Loading class java/lang/constant/DynamicConstantDesc
Event: 18.602 Loading class java/lang/constant/DynamicConstantDesc done
Event: 18.602 Loading class java/lang/constant/PrimitiveClassDescImpl done
Event: 18.602 Loading class java/lang/constant/DynamicConstantDesc$AnonymousDynamicConstantDesc
Event: 18.602 Loading class java/lang/constant/DynamicConstantDesc$AnonymousDynamicConstantDesc done
Event: 173.671 Loading class jdk/internal/misc/Signal$1
Event: 173.671 Loading class jdk/internal/misc/Signal$1 done

Classes unloaded (0 events):
No events

Classes redefined (0 events):
No events

Internal exceptions (20 events):
Event: 1.249 Thread 0x000001cc20fd8e60 Implicit null exception at 0x000001cc0f39942c to 0x000001cc0f3996c4
Event: 1.249 Thread 0x000001cc20fd8e60 Implicit null exception at 0x000001cc0f3a2e0f to 0x000001cc0f3a2e89
Event: 1.402 Thread 0x000001cc20fd8e60 Exception <a 'java/lang/NoSuchMethodError'{0x0000000089195d80}: 'java.lang.Object java.lang.invoke.DirectMethodHandle$Holder.invokeInterface(java.lang.Object, java.lang.Object, java.lang.Object)'> (0x0000000089195d80) 
thrown [s\open\src\hotspot\share\interpreter\linkResolver.cpp, line 759]
Event: 1.402 Thread 0x000001cc20fd8e60 Exception <a 'java/lang/IncompatibleClassChangeError'{0x0000000089199950}: Found class java.lang.Object, but interface was expected> (0x0000000089199950) 
thrown [s\open\src\hotspot\share\interpreter\linkResolver.cpp, line 826]
Event: 1.448 Thread 0x000001cc20fd8e60 Exception <a 'java/lang/ClassNotFoundException'{0x0000000088f7b128}: com/sun/javafx/scene/control/skin/resources/controls> (0x0000000088f7b128) 
thrown [s\open\src\hotspot\share\prims\jni.cpp, line 535]
Event: 1.449 Thread 0x000001cc20fd8e60 Exception <a 'java/lang/ClassNotFoundException'{0x0000000088f890c8}: com/sun/javafx/scene/control/skin/resources/controls_ru> (0x0000000088f890c8) 
thrown [s\open\src\hotspot\share\prims\jni.cpp, line 535]
Event: 1.450 Thread 0x000001cc20fd8e60 Exception <a 'java/lang/ClassNotFoundException'{0x0000000088f8a830}: com/sun/javafx/scene/control/skin/resources/controls_ru_RU> (0x0000000088f8a830) 
thrown [s\open\src\hotspot\share\prims\jni.cpp, line 535]
Event: 1.505 Thread 0x000001cc20fd8e60 Exception <a 'java/lang/NoSuchMethodError'{0x0000000088d5a9b0}: 'void java.lang.invoke.DirectMethodHandle$Holder.invokeSpecial(java.lang.Object, java.lang.Object, java.lang.Object, java.lang.Object, java.lang.Object, java.lang.Object)'> (0x0000000088d5a9b0) 
thrown [s\open\src\hotspot\share\interpreter\linkResolver.cpp, line 759]
Event: 1.602 Thread 0x000001cc20fd8e60 Exception <a 'java/lang/NoSuchMethodError'{0x00000000887cabe8}: 'int java.lang.invoke.DirectMethodHandle$Holder.invokeSpecial(java.lang.Object, java.lang.Object, int)'> (0x00000000887cabe8) 
thrown [s\open\src\hotspot\share\interpreter\linkResolver.cpp, line 759]
Event: 1.615 Thread 0x000001cc20fd8e60 Exception <a 'java/lang/NoSuchMethodError'{0x00000000887fd250}: 'java.lang.Object java.lang.invoke.DirectMethodHandle$Holder.newInvokeSpecial(java.lang.Object, java.lang.Object, int)'> (0x00000000887fd250) 
thrown [s\open\src\hotspot\share\interpreter\linkResolver.cpp, line 759]
Event: 1.645 Thread 0x000001cc211da8e0 Exception <a 'java/lang/NoSuchMethodError'{0x00000000886d7cc8}: 'int java.lang.invoke.DirectMethodHandle$Holder.invokeStaticInit(java.lang.Object, java.lang.Object)'> (0x00000000886d7cc8) 
thrown [s\open\src\hotspot\share\interpreter\linkResolver.cpp, line 759]
Event: 1.649 Thread 0x000001cc20fd8e60 Exception <a 'java/lang/NoSuchMethodError'{0x00000000886eebd8}: 'long java.lang.invoke.DirectMethodHandle$Holder.invokeStatic(java.lang.Object, java.lang.Object, java.lang.Object)'> (0x00000000886eebd8) 
thrown [s\open\src\hotspot\share\interpreter\linkResolver.cpp, line 759]
Event: 1.649 Thread 0x000001cc20fd8e60 Exception <a 'java/lang/NoSuchMethodError'{0x00000000886f2378}: 'long java.lang.invoke.DirectMethodHandle$Holder.invokeStaticInit(java.lang.Object, java.lang.Object, java.lang.Object)'> (0x00000000886f2378) 
thrown [s\open\src\hotspot\share\interpreter\linkResolver.cpp, line 759]
Event: 1.653 Thread 0x000001cc20fd8e60 Exception <a 'java/lang/NoSuchMethodError'{0x0000000088529438}: 'java.lang.Object java.lang.invoke.DirectMethodHandle$Holder.newInvokeSpecial(java.lang.Object, java.lang.Object, long)'> (0x0000000088529438) 
thrown [s\open\src\hotspot\share\interpreter\linkResolver.cpp, line 759]
Event: 1.653 Thread 0x000001cc20fd8e60 Exception <a 'java/lang/NoSuchMethodError'{0x000000008852cfb0}: 'java.lang.Object java.lang.invoke.Invokers$Holder.linkToTargetMethod(java.lang.Object, long, java.lang.Object)'> (0x000000008852cfb0) 
thrown [s\open\src\hotspot\share\interpreter\linkResolver.cpp, line 759]
Event: 1.811 Thread 0x000001cc211da8e0 Exception <a 'java/lang/NoSuchMethodError'{0x0000000088107d68}: 'java.lang.Object java.lang.invoke.DirectMethodHandle$Holder.invokeStaticInit(java.lang.Object, int)'> (0x0000000088107d68) 
thrown [s\open\src\hotspot\share\interpreter\linkResolver.cpp, line 759]
Event: 9.670 Thread 0x000001cc20fd8e60 Exception <a 'java/lang/NoSuchMethodError'{0x0000000087fcf898}: 'long java.lang.invoke.DirectMethodHandle$Holder.invokeSpecial(java.lang.Object, java.lang.Object)'> (0x0000000087fcf898) 
thrown [s\open\src\hotspot\share\interpreter\linkResolver.cpp, line 759]
Event: 9.671 Thread 0x000001cc20fd8e60 Exception <a 'java/lang/NoSuchMethodError'{0x0000000087fd31d8}: 'long java.lang.invoke.Invokers$Holder.invokeExact_MT(java.lang.Object, java.lang.Object)'> (0x0000000087fd31d8) 
thrown [s\open\src\hotspot\share\interpreter\linkResolver.cpp, line 759]
Event: 10.685 Thread 0x000001cc20fd8e60 Exception <a 'java/lang/NoSuchMethodError'{0x0000000087827518}: 'int java.lang.invoke.DirectMethodHandle$Holder.invokeVirtual(java.lang.Object, java.lang.Object)'> (0x0000000087827518) 
thrown [s\open\src\hotspot\share\interpreter\linkResolver.cpp, line 759]
Event: 18.586 Thread 0x000001cc20fd8e60 Exception <a 'java/lang/NoSuchMethodError'{0x0000000086b24fb8}: static [I.<clinit>()V> (0x0000000086b24fb8) 
thrown [s\open\src\hotspot\share\prims\jni.cpp, line 1104]

VM Operations (20 events):
Event: 11.034 Executing VM operation: ICBufferFull done
Event: 11.079 Executing VM operation: HandshakeAllThreads
Event: 11.080 Executing VM operation: HandshakeAllThreads done
Event: 12.080 Executing VM operation: Cleanup
Event: 12.080 Executing VM operation: Cleanup done
Event: 13.081 Executing VM operation: Cleanup
Event: 13.081 Executing VM operation: Cleanup done
Event: 14.081 Executing VM operation: Cleanup
Event: 14.082 Executing VM operation: Cleanup done
Event: 15.082 Executing VM operation: Cleanup
Event: 15.082 Executing VM operation: Cleanup done
Event: 16.083 Executing VM operation: Cleanup
Event: 16.083 Executing VM operation: Cleanup done
Event: 18.084 Executing VM operation: Cleanup
Event: 18.084 Executing VM operation: Cleanup done
Event: 18.588 Executing VM operation: HandshakeAllThreads
Event: 18.588 Executing VM operation: HandshakeAllThreads done
Event: 19.588 Executing VM operation: Cleanup
Event: 19.588 Executing VM operation: Cleanup done
Event: 173.674 Executing VM operation: Exit

Events (20 events):
Event: 0.605 Thread 0x000001cc21411170 Thread added: 0x000001cc21411170
Event: 0.620 Thread 0x000001cc213c3eb0 Thread added: 0x000001cc213c3eb0
Event: 0.829 Loaded shared library C:\Program Files\Java\openjfx-19_windows-x64_bin-sdk\javafx-sdk-19\bin\javafx_font.dll
Event: 0.858 Thread 0x000001cc214f0920 Thread added: 0x000001cc214f0920
Event: 1.391 Thread 0x000001cc261af660 Thread added: 0x000001cc261af660
Event: 1.730 Thread 0x000001cc214f0920 Thread exited: 0x000001cc214f0920
Event: 1.732 Thread 0x000001cc261ae320 Thread added: 0x000001cc261ae320
Event: 10.751 Thread 0x000001cc20cc7e40 Thread added: 0x000001cc20cc7e40
Event: 11.504 Thread 0x000001cc20cc7e40 Thread exited: 0x000001cc20cc7e40
Event: 11.724 Thread 0x000001cc260ba710 Thread added: 0x000001cc260ba710
Event: 11.931 Thread 0x000001cc260ba710 Thread exited: 0x000001cc260ba710
Event: 12.222 Thread 0x000001cc260ba710 Thread added: 0x000001cc260ba710
Event: 12.445 Thread 0x000001cc260ba710 Thread exited: 0x000001cc260ba710
Event: 18.622 Thread 0x000001cc2b85d8b0 Thread added: 0x000001cc2b85d8b0
Event: 23.666 Thread 0x000001cc2b85d8b0 Thread exited: 0x000001cc2b85d8b0
Event: 173.671 Thread 0x000001cc20bd3190 Thread added: 0x000001cc20bd3190
Event: 173.671 Thread 0x000001cc20bd3660 Thread added: 0x000001cc20bd3660
Event: 173.672 Thread 0x000001cc20bd44d0 Thread added: 0x000001cc20bd44d0
Event: 173.672 Thread 0x000001cc20bd44d0 Thread exited: 0x000001cc20bd44d0
Event: 173.674 Thread 0x000001cc7fa86980 Thread exited: 0x000001cc7fa86980


Dynamic libraries:
0x00007ff691320000 - 0x00007ff691330000 	C:\Program Files\Java\jdk-18.0.2.1\bin\java.exe
0x00007ffba56f0000 - 0x00007ffba58e8000 	C:\Windows\SYSTEM32\ntdll.dll
0x00007ffba3d30000 - 0x00007ffba3ded000 	C:\Windows\System32\KERNEL32.DLL
0x00007ffba3060000 - 0x00007ffba332e000 	C:\Windows\System32\KERNELBASE.dll
0x00007ffba2f30000 - 0x00007ffba3030000 	C:\Windows\System32\ucrtbase.dll
0x00007ffb9e760000 - 0x00007ffb9e77a000 	C:\Program Files\Java\jdk-18.0.2.1\bin\VCRUNTIME140.dll
0x00007ffb9e790000 - 0x00007ffb9e7a8000 	C:\Program Files\Java\jdk-18.0.2.1\bin\jli.dll
0x00007ffba4230000 - 0x00007ffba42de000 	C:\Windows\System32\ADVAPI32.dll
0x00007ffba4de0000 - 0x00007ffba4e7e000 	C:\Windows\System32\msvcrt.dll
0x00007ffba4180000 - 0x00007ffba421c000 	C:\Windows\System32\sechost.dll
0x00007ffba3df0000 - 0x00007ffba3f15000 	C:\Windows\System32\RPCRT4.dll
0x00007ffba42e0000 - 0x00007ffba4480000 	C:\Windows\System32\USER32.dll
0x00007ffba3030000 - 0x00007ffba3052000 	C:\Windows\System32\win32u.dll
0x00007ffba4ef0000 - 0x00007ffba4f1a000 	C:\Windows\System32\GDI32.dll
0x00007ffb8dfa0000 - 0x00007ffb8e23a000 	C:\Windows\WinSxS\amd64_microsoft.windows.common-controls_6595b64144ccf1df_6.0.19041.1110_none_60b5254171f9507e\COMCTL32.dll
0x00007ffba33c0000 - 0x00007ffba34cb000 	C:\Windows\System32\gdi32full.dll
0x00007ffba3550000 - 0x00007ffba35ed000 	C:\Windows\System32\msvcp_win.dll
0x00007ffb9d0b0000 - 0x00007ffb9d0ba000 	C:\Windows\SYSTEM32\VERSION.dll
0x00007ffba38c0000 - 0x00007ffba38f0000 	C:\Windows\System32\IMM32.DLL
0x00007ffb9f4c0000 - 0x00007ffb9f4cc000 	C:\Program Files\Java\jdk-18.0.2.1\bin\vcruntime140_1.dll
0x00007ffb9e6a0000 - 0x00007ffb9e72d000 	C:\Program Files\Java\jdk-18.0.2.1\bin\msvcp140.dll
0x00007ffb431c0000 - 0x00007ffb43dd1000 	C:\Program Files\Java\jdk-18.0.2.1\bin\server\jvm.dll
0x00007ffba3f20000 - 0x00007ffba3f28000 	C:\Windows\System32\PSAPI.DLL
0x00007ffb8c640000 - 0x00007ffb8c649000 	C:\Windows\SYSTEM32\WSOCK32.dll
0x00007ffba4e80000 - 0x00007ffba4eeb000 	C:\Windows\System32\WS2_32.dll
0x00007ffb8e400000 - 0x00007ffb8e427000 	C:\Windows\SYSTEM32\WINMM.dll
0x00007ffba16a0000 - 0x00007ffba16b2000 	C:\Windows\SYSTEM32\kernel.appcore.dll
0x00007ffb9e750000 - 0x00007ffb9e75a000 	C:\Program Files\Java\jdk-18.0.2.1\bin\jimage.dll
0x00007ffba1480000 - 0x00007ffba1664000 	C:\Windows\SYSTEM32\DBGHELP.DLL
0x00007ffb89a50000 - 0x00007ffb89a7c000 	C:\Windows\SYSTEM32\dbgcore.DLL
0x00007ffba3330000 - 0x00007ffba33b2000 	C:\Windows\System32\bcryptPrimitives.dll
0x00007ffb9e680000 - 0x00007ffb9e68e000 	C:\Program Files\Java\jdk-18.0.2.1\bin\instrument.dll
0x00007ffb8bf70000 - 0x00007ffb8bf95000 	C:\Program Files\Java\jdk-18.0.2.1\bin\java.dll
0x00007ffb85e30000 - 0x00007ffb85f06000 	C:\Program Files\Java\jdk-18.0.2.1\bin\jsvml.dll
0x00007ffba4690000 - 0x00007ffba4dd4000 	C:\Windows\System32\SHELL32.dll
0x00007ffba0ce0000 - 0x00007ffba1474000 	C:\Windows\SYSTEM32\windows.storage.dll
0x00007ffba38f0000 - 0x00007ffba3c44000 	C:\Windows\System32\combase.dll
0x00007ffba2870000 - 0x00007ffba28a0000 	C:\Windows\SYSTEM32\Wldp.dll
0x00007ffba5600000 - 0x00007ffba56ad000 	C:\Windows\System32\SHCORE.dll
0x00007ffba4f20000 - 0x00007ffba4f75000 	C:\Windows\System32\shlwapi.dll
0x00007ffba2d50000 - 0x00007ffba2d6f000 	C:\Windows\SYSTEM32\profapi.dll
0x00007ffb9dbd0000 - 0x00007ffb9dbe3000 	C:\Program Files\Java\jdk-18.0.2.1\bin\net.dll
0x00007ffb905d0000 - 0x00007ffb906da000 	C:\Windows\SYSTEM32\WINHTTP.dll
0x00007ffba25d0000 - 0x00007ffba263a000 	C:\Windows\system32\mswsock.dll
0x00007ffb9cdb0000 - 0x00007ffb9cdc6000 	C:\Program Files\Java\jdk-18.0.2.1\bin\nio.dll
0x00007ffb9ddc0000 - 0x00007ffb9ddd8000 	C:\Program Files\Java\jdk-18.0.2.1\bin\zip.dll
0x00007ffb85e10000 - 0x00007ffb85e2a000 	C:\Program Files\JetBrains\IntelliJ IDEA Community Edition 2022.2.1\bin\breakgen64.dll
0x000001cc1c7b0000 - 0x000001cc1c7b3000 	C:\Program Files\Java\openjfx-19_windows-x64_bin-sdk\javafx-sdk-19\bin\api-ms-win-core-console-l1-1-0.dll
0x000001cc1c7c0000 - 0x000001cc1c7c3000 	C:\Program Files\Java\openjfx-19_windows-x64_bin-sdk\javafx-sdk-19\bin\api-ms-win-core-console-l1-2-0.dll
0x000001cc1c7d0000 - 0x000001cc1c7d3000 	C:\Program Files\Java\openjfx-19_windows-x64_bin-sdk\javafx-sdk-19\bin\api-ms-win-core-datetime-l1-1-0.dll
0x000001cc1c7e0000 - 0x000001cc1c7e3000 	C:\Program Files\Java\openjfx-19_windows-x64_bin-sdk\javafx-sdk-19\bin\api-ms-win-core-debug-l1-1-0.dll
0x000001cc1c7f0000 - 0x000001cc1c7f3000 	C:\Program Files\Java\openjfx-19_windows-x64_bin-sdk\javafx-sdk-19\bin\api-ms-win-core-errorhandling-l1-1-0.dll
0x000001cc21510000 - 0x000001cc21514000 	C:\Program Files\Java\openjfx-19_windows-x64_bin-sdk\javafx-sdk-19\bin\api-ms-win-core-file-l1-1-0.dll
0x000001cc21520000 - 0x000001cc21523000 	C:\Program Files\Java\openjfx-19_windows-x64_bin-sdk\javafx-sdk-19\bin\api-ms-win-core-file-l1-2-0.dll
0x000001cc21530000 - 0x000001cc21533000 	C:\Program Files\Java\openjfx-19_windows-x64_bin-sdk\javafx-sdk-19\bin\api-ms-win-core-file-l2-1-0.dll
0x000001cc21540000 - 0x000001cc21543000 	C:\Program Files\Java\openjfx-19_windows-x64_bin-sdk\javafx-sdk-19\bin\api-ms-win-core-handle-l1-1-0.dll
0x000001cc21550000 - 0x000001cc21553000 	C:\Program Files\Java\openjfx-19_windows-x64_bin-sdk\javafx-sdk-19\bin\api-ms-win-core-heap-l1-1-0.dll
0x000001cc21560000 - 0x000001cc21563000 	C:\Program Files\Java\openjfx-19_windows-x64_bin-sdk\javafx-sdk-19\bin\api-ms-win-core-interlocked-l1-1-0.dll
0x000001cc21570000 - 0x000001cc21573000 	C:\Program Files\Java\openjfx-19_windows-x64_bin-sdk\javafx-sdk-19\bin\api-ms-win-core-libraryloader-l1-1-0.dll
0x000001cc21580000 - 0x000001cc21583000 	C:\Program Files\Java\openjfx-19_windows-x64_bin-sdk\javafx-sdk-19\bin\api-ms-win-core-localization-l1-2-0.dll
0x000001cc21590000 - 0x000001cc21593000 	C:\Program Files\Java\openjfx-19_windows-x64_bin-sdk\javafx-sdk-19\bin\api-ms-win-core-memory-l1-1-0.dll
0x000001cc215a0000 - 0x000001cc215a3000 	C:\Program Files\Java\openjfx-19_windows-x64_bin-sdk\javafx-sdk-19\bin\api-ms-win-core-namedpipe-l1-1-0.dll
0x000001cc215b0000 - 0x000001cc215b3000 	C:\Program Files\Java\openjfx-19_windows-x64_bin-sdk\javafx-sdk-19\bin\api-ms-win-core-processenvironment-l1-1-0.dll
0x000001cc215c0000 - 0x000001cc215c3000 	C:\Program Files\Java\openjfx-19_windows-x64_bin-sdk\javafx-sdk-19\bin\api-ms-win-core-processthreads-l1-1-0.dll
0x000001cc215d0000 - 0x000001cc215d3000 	C:\Program Files\Java\openjfx-19_windows-x64_bin-sdk\javafx-sdk-19\bin\api-ms-win-core-processthreads-l1-1-1.dll
0x000001cc215e0000 - 0x000001cc215e3000 	C:\Program Files\Java\openjfx-19_windows-x64_bin-sdk\javafx-sdk-19\bin\api-ms-win-core-profile-l1-1-0.dll
0x000001cc215f0000 - 0x000001cc215f3000 	C:\Program Files\Java\openjfx-19_windows-x64_bin-sdk\javafx-sdk-19\bin\api-ms-win-core-rtlsupport-l1-1-0.dll
0x000001cc21600000 - 0x000001cc21603000 	C:\Program Files\Java\openjfx-19_windows-x64_bin-sdk\javafx-sdk-19\bin\api-ms-win-core-string-l1-1-0.dll
0x000001cc21610000 - 0x000001cc21613000 	C:\Program Files\Java\openjfx-19_windows-x64_bin-sdk\javafx-sdk-19\bin\api-ms-win-core-synch-l1-1-0.dll
0x000001cc21620000 - 0x000001cc21623000 	C:\Program Files\Java\openjfx-19_windows-x64_bin-sdk\javafx-sdk-19\bin\api-ms-win-core-synch-l1-2-0.dll
0x000001cc21630000 - 0x000001cc21633000 	C:\Program Files\Java\openjfx-19_windows-x64_bin-sdk\javafx-sdk-19\bin\api-ms-win-core-sysinfo-l1-1-0.dll
0x000001cc21640000 - 0x000001cc21643000 	C:\Program Files\Java\openjfx-19_windows-x64_bin-sdk\javafx-sdk-19\bin\api-ms-win-core-timezone-l1-1-0.dll
0x000001cc21650000 - 0x000001cc21653000 	C:\Program Files\Java\openjfx-19_windows-x64_bin-sdk\javafx-sdk-19\bin\api-ms-win-core-util-l1-1-0.dll
0x000001cc21660000 - 0x000001cc21663000 	C:\Program Files\Java\openjfx-19_windows-x64_bin-sdk\javafx-sdk-19\bin\api-ms-win-crt-conio-l1-1-0.dll
0x000001cc21670000 - 0x000001cc21674000 	C:\Program Files\Java\openjfx-19_windows-x64_bin-sdk\javafx-sdk-19\bin\api-ms-win-crt-convert-l1-1-0.dll
0x000001cc21680000 - 0x000001cc21683000 	C:\Program Files\Java\openjfx-19_windows-x64_bin-sdk\javafx-sdk-19\bin\api-ms-win-crt-environment-l1-1-0.dll
0x000001cc21690000 - 0x000001cc21693000 	C:\Program Files\Java\openjfx-19_windows-x64_bin-sdk\javafx-sdk-19\bin\api-ms-win-crt-filesystem-l1-1-0.dll
0x000001cc216a0000 - 0x000001cc216a3000 	C:\Program Files\Java\openjfx-19_windows-x64_bin-sdk\javafx-sdk-19\bin\api-ms-win-crt-heap-l1-1-0.dll
0x000001cc216b0000 - 0x000001cc216b3000 	C:\Program Files\Java\openjfx-19_windows-x64_bin-sdk\javafx-sdk-19\bin\api-ms-win-crt-locale-l1-1-0.dll
0x000001cc216c0000 - 0x000001cc216c5000 	C:\Program Files\Java\openjfx-19_windows-x64_bin-sdk\javafx-sdk-19\bin\api-ms-win-crt-math-l1-1-0.dll
0x000001cc216d0000 - 0x000001cc216d5000 	C:\Program Files\Java\openjfx-19_windows-x64_bin-sdk\javafx-sdk-19\bin\api-ms-win-crt-multibyte-l1-1-0.dll
0x000001cc216e0000 - 0x000001cc216f0000 	C:\Program Files\Java\openjfx-19_windows-x64_bin-sdk\javafx-sdk-19\bin\api-ms-win-crt-private-l1-1-0.dll
0x000001cc216f0000 - 0x000001cc216f3000 	C:\Program Files\Java\openjfx-19_windows-x64_bin-sdk\javafx-sdk-19\bin\api-ms-win-crt-process-l1-1-0.dll
0x000001cc21700000 - 0x000001cc21704000 	C:\Program Files\Java\openjfx-19_windows-x64_bin-sdk\javafx-sdk-19\bin\api-ms-win-crt-runtime-l1-1-0.dll
0x000001cc21710000 - 0x000001cc21714000 	C:\Program Files\Java\openjfx-19_windows-x64_bin-sdk\javafx-sdk-19\bin\api-ms-win-crt-stdio-l1-1-0.dll
0x000001cc21720000 - 0x000001cc21724000 	C:\Program Files\Java\openjfx-19_windows-x64_bin-sdk\javafx-sdk-19\bin\api-ms-win-crt-string-l1-1-0.dll
0x000001cc21730000 - 0x000001cc21733000 	C:\Program Files\Java\openjfx-19_windows-x64_bin-sdk\javafx-sdk-19\bin\api-ms-win-crt-time-l1-1-0.dll
0x000001cc21740000 - 0x000001cc21743000 	C:\Program Files\Java\openjfx-19_windows-x64_bin-sdk\javafx-sdk-19\bin\api-ms-win-crt-utility-l1-1-0.dll
0x00007ffb3ec90000 - 0x00007ffb3ed8c000 	C:\Program Files\Java\openjfx-19_windows-x64_bin-sdk\javafx-sdk-19\bin\ucrtbase.dll
0x00007ffb85df0000 - 0x00007ffb85e0b000 	C:\Program Files\Java\openjfx-19_windows-x64_bin-sdk\javafx-sdk-19\bin\vcruntime140.dll
0x00007ffb9e670000 - 0x00007ffb9e67c000 	C:\Program Files\Java\openjfx-19_windows-x64_bin-sdk\javafx-sdk-19\bin\vcruntime140_1.dll
0x00007ffb46af0000 - 0x00007ffb46b7e000 	C:\Program Files\Java\openjfx-19_windows-x64_bin-sdk\javafx-sdk-19\bin\msvcp140.dll
0x00007ffb8c460000 - 0x00007ffb8c469000 	C:\Program Files\Java\openjfx-19_windows-x64_bin-sdk\javafx-sdk-19\bin\msvcp140_1.dll
0x00007ffb81a40000 - 0x00007ffb81a70000 	C:\Program Files\Java\openjfx-19_windows-x64_bin-sdk\javafx-sdk-19\bin\msvcp140_2.dll
0x00007ffb7d380000 - 0x00007ffb7d3ac000 	C:\Program Files\Java\openjfx-19_windows-x64_bin-sdk\javafx-sdk-19\bin\prism_d3d.dll
0x00007ffb91370000 - 0x00007ffb9153f000 	C:\Windows\system32\d3d9.dll
0x00007ffba0560000 - 0x00007ffba058f000 	C:\Windows\SYSTEM32\dwmapi.dll
0x00007ffba02d0000 - 0x00007ffba036e000 	C:\Windows\system32\uxtheme.dll
0x00007ffb3d250000 - 0x00007ffb3d3b5000 	C:\Windows\System32\DriverStore\FileRepository\72_lenovo_kabylake_hws_iigd_dch.inf_amd64_d630775471e98fa9\igdumdim64.dll
0x00007ffba4050000 - 0x00007ffba417a000 	C:\Windows\System32\ole32.dll
0x00007ffb35890000 - 0x00007ffb3a299000 	C:\Windows\System32\DriverStore\FileRepository\72_lenovo_kabylake_hws_iigd_dch.inf_amd64_d630775471e98fa9\igd9dxva64.dll
0x00007ffba5530000 - 0x00007ffba55fd000 	C:\Windows\System32\OLEAUT32.dll
0x00007ffba5030000 - 0x00007ffba549f000 	C:\Windows\System32\SETUPAPI.dll
0x00007ffba3500000 - 0x00007ffba354e000 	C:\Windows\System32\cfgmgr32.dll
0x00007ffba34d0000 - 0x00007ffba34f7000 	C:\Windows\System32\bcrypt.dll
0x00007ffb95970000 - 0x00007ffb95ca1000 	C:\Windows\System32\DriverStore\FileRepository\72_lenovo_kabylake_hws_iigd_dch.inf_amd64_d630775471e98fa9\igdgmm64.dll
0x00007ffb4bf30000 - 0x00007ffb4bf72000 	C:\Program Files\Java\openjfx-19_windows-x64_bin-sdk\javafx-sdk-19\bin\glass.dll
0x00007ffba37d0000 - 0x00007ffba38aa000 	C:\Windows\System32\COMDLG32.dll
0x00007ffba3f30000 - 0x00007ffba4045000 	C:\Windows\System32\MSCTF.dll
0x00007ffb8c320000 - 0x00007ffb8c347000 	C:\Windows\System32\DriverStore\FileRepository\72_lenovo_kabylake_hws_iigd_dch.inf_amd64_d630775471e98fa9\igdinfo64.dll
0x00007ffba27c0000 - 0x00007ffba27d8000 	C:\Windows\SYSTEM32\CRYPTSP.dll
0x00007ffba1ee0000 - 0x00007ffba1f14000 	C:\Windows\system32\rsaenh.dll
0x00007ffba27e0000 - 0x00007ffba27ec000 	C:\Windows\SYSTEM32\CRYPTBASE.dll
0x00007ffb91b30000 - 0x00007ffb9486c000 	C:\Windows\System32\DriverStore\FileRepository\72_lenovo_kabylake_hws_iigd_dch.inf_amd64_d630775471e98fa9\igc64.dll
0x00007ffb97d20000 - 0x00007ffb97d5b000 	C:\Windows\SYSTEM32\dxcore.dll
0x00007ffb81a10000 - 0x00007ffb81a24000 	C:\Program Files\Java\openjfx-19_windows-x64_bin-sdk\javafx-sdk-19\bin\javafx_font.dll
0x00007ffb90350000 - 0x00007ffb905cf000 	C:\Windows\SYSTEM32\dwrite.dll
0x00007ffba4f80000 - 0x00007ffba5029000 	C:\Windows\System32\clbcatq.dll
0x00007ffb9b2b0000 - 0x00007ffb9b464000 	C:\Windows\SYSTEM32\WindowsCodecs.dll
0x00007ffb73160000 - 0x00007ffb7319e000 	C:\Windows\system32\dataexchange.dll
0x00007ffb9f690000 - 0x00007ffb9f874000 	C:\Windows\system32\dcomp.dll
0x00007ffb9e7c0000 - 0x00007ffb9ea23000 	C:\Windows\system32\d3d11.dll
0x00007ffba1710000 - 0x00007ffba1803000 	C:\Windows\system32\dxgi.dll
0x00007ffb9b6f0000 - 0x00007ffb9b8f0000 	C:\Windows\system32\twinapi.appcore.dll
0x00007ffb45f00000 - 0x00007ffb45f34000 	C:\Program Files\Common Files\Microsoft Shared\Ink\rtscom.dll
0x00007ffb95e10000 - 0x00007ffb95f09000 	C:\Windows\SYSTEM32\textinputframework.dll
0x00007ffb9fc00000 - 0x00007ffb9ff5e000 	C:\Windows\System32\CoreUIComponents.dll
0x00007ffb9ff60000 - 0x00007ffba0052000 	C:\Windows\System32\CoreMessaging.dll

dbghelp: loaded successfully - version: 4.0.5 - missing functions: none
symbol engine: initialized successfully - sym options: 0x614 - pdb path: .;C:\Program Files\Java\jdk-18.0.2.1\bin;C:\Windows\SYSTEM32;C:\Windows\WinSxS\amd64_microsoft.windows.common-controls_6595b64144ccf1df_6.0.19041.1110_none_60b5254171f9507e;C:\Program Files\Java\jdk-18.0.2.1\bin\server;C:\Program Files\JetBrains\IntelliJ IDEA Community Edition 2022.2.1\bin;C:\Program Files\Java\openjfx-19_windows-x64_bin-sdk\javafx-sdk-19\bin;C:\Windows\System32\DriverStore\FileRepository\72_lenovo_kabylake_hws_iigd_dch.inf_amd64_d630775471e98fa9;C:\Program Files\Common Files\Microsoft Shared\Ink

VM Arguments:
jvm_args: --module-path=C:/Program Files/Java/openjfx-19_windows-x64_bin-sdk/javafx-sdk-19/lib --add-modules=javafx.controls,javafx.fxml -javaagent:C:\Program Files\JetBrains\IntelliJ IDEA Community Edition 2022.2.1\lib\idea_rt.jar=57773:C:\Program Files\JetBrains\IntelliJ IDEA Community Edition 2022.2.1\bin -Dfile.encoding=UTF-8 -Dsun.stdout.encoding=UTF-8 -Dsun.stderr.encoding=UTF-8 
java_command: Client
java_class_path (initial): E:\prog 5\\kurs\out\production\Client;C:\Program Files\Java\openjfx-19_windows-x64_bin-sdk\javafx-sdk-19\lib\javafx-swt.jar;C:\Program Files\Java\openjfx-19_windows-x64_bin-sdk\javafx-sdk-19\lib\javafx.web.jar;C:\Program Files\Java\openjfx-19_windows-x64_bin-sdk\javafx-sdk-19\lib\javafx.base.jar;C:\Program Files\Java\openjfx-19_windows-x64_bin-sdk\javafx-sdk-19\lib\javafx.fxml.jar;C:\Program Files\Java\openjfx-19_windows-x64_bin-sdk\javafx-sdk-19\lib\javafx.media.jar;C:\Program Files\Java\openjfx-19_windows-x64_bin-sdk\javafx-sdk-19\lib\javafx.swing.jar;C:\Program Files\Java\openjfx-19_windows-x64_bin-sdk\javafx-sdk-19\lib\javafx.controls.jar;C:\Program Files\Java\openjfx-19_windows-x64_bin-sdk\javafx-sdk-19\lib\javafx.graphics.jar;C:\Users\\Downloads\mysql-connector-java-8.0.26.jar;E:\prog 5\\kurs\out\production\kurs;C:\Program Files\Java\jdk-18.0.2.1\lib\jrt-fs.jar
Launcher Type: SUN_STANDARD

[Global flags]
     intx CICompilerCount                          = 3                                         {product} {ergonomic}
     uint ConcGCThreads                            = 1                                         {product} {ergonomic}
     uint G1ConcRefinementThreads                  = 4                                         {product} {ergonomic}
   size_t G1HeapRegionSize                         = 1048576                                   {product} {ergonomic}
    uintx GCDrainStackTargetSize                   = 64                                        {product} {ergonomic}
   size_t InitialHeapSize                          = 134217728                                 {product} {ergonomic}
   size_t MarkStackSize                            = 4194304                                   {product} {ergonomic}
   size_t MaxHeapSize                              = 2116026368                                {product} {ergonomic}
   size_t MaxNewSize                               = 1268776960                                {product} {ergonomic}
   size_t MinHeapDeltaBytes                        = 1048576                                   {product} {ergonomic}
   size_t MinHeapSize                              = 8388608                                   {product} {ergonomic}
    uintx NonNMethodCodeHeapSize                   = 5832780                                {pd product} {ergonomic}
    uintx NonProfiledCodeHeapSize                  = 122912730                              {pd product} {ergonomic}
    uintx ProfiledCodeHeapSize                     = 122912730                              {pd product} {ergonomic}
    uintx ReservedCodeCacheSize                    = 251658240                              {pd product} {ergonomic}
     bool SegmentedCodeCache                       = true                                      {product} {ergonomic}
   size_t SoftMaxHeapSize                          = 2116026368                             {manageable} {ergonomic}
     bool UseCompressedClassPointers               = true                           {product lp64_product} {ergonomic}
     bool UseCompressedOops                        = true                           {product lp64_product} {ergonomic}
     bool UseG1GC                                  = true                                      {product} {ergonomic}
     bool UseLargePagesIndividualAllocation        = false                                  {pd product} {ergonomic}

Logging:
Log output configuration:
 #0: stdout all=off uptime,level,tags foldmultilines=false
 #1: stderr all=off uptime,level,tags foldmultilines=false

Environment Variables:
PATH=C:\Program Files\Common Files\Oracle\Java\javapath;C:\Program Files (x86)\Common Files\Oracle\Java\javapath;C:\Windows\system32;C:\Windows;C:\Windows\System32\Wbem;C:\Windows\System32\WindowsPowerShell\v1.0\;C:\Windows\System32\OpenSSH\;C:\Program Files (x86)\NVIDIA Corporation\PhysX\Common;C:\Program Files\NVIDIA Corporation\NVIDIA NvDLISR;C:\Program Files\Azure Data Studio\bin;C:\Program Files\MySQL\MySQL Shell 8.0\bin\;C:\Users\\AppData\Local\Microsoft\WindowsApps;;C:\Program Files\Azure Data Studio\bin
USERNAME=
OS=Windows_NT
PROCESSOR_IDENTIFIER=Intel64 Family 6 Model 142 Stepping 9, GenuineIntel



---------------  S Y S T E M  ---------------

OS:
 Windows 10 , 64 bit Build 19041 (10.0.19041.1806)
OS uptime: 0 days 3:01 hours

CPU: total 4 (initial active 4) (2 cores per cpu, 2 threads per core) family 6 model 142 stepping 9 microcode 0xd6, cx8, cmov, fxsr, ht, mmx, 3dnowpref, sse, sse2, sse3, ssse3, sse4.1, sse4.2, popcnt, lzcnt, tsc, tscinvbit, avx, avx2, aes, erms, clmul, bmi1, bmi2, adx, fma, vzeroupper, clflush, clflushopt

Memory: 4k page, system-wide physical 8066M (1634M free)
TotalPageFile size 14466M (AvailPageFile size 5246M)
current process WorkingSet (physical memory assigned to process): 198M, peak: 219M
current process commit charge ("private bytes"): 299M, peak: 323M

vm_info: Java HotSpot(TM) 64-Bit Server VM (18.0.2.1+1-1) for windows-amd64 JRE (18.0.2.1+1-1), built on Aug 16 2022 01:46:33 by "mach5one" with MS VC++ 16.8 / 16.9 (VS2019)

END.
