#
# A fatal error has been detected by the Java Runtime Environment:
#
#  EXCEPTION_ACCESS_VIOLATION (0xc0000005) at pc=0x00007ffe31b263b7, pid=12404, tid=4016
#
# JRE version: Java(TM) SE Runtime Environment (18.0.2.1+1) (build 18.0.2.1+1-1)
# Java VM: Java HotSpot(TM) 64-Bit Server VM (18.0.2.1+1-1, mixed mode, sharing, tiered, compressed oops, compressed class ptrs, g1 gc, windows-amd64)
# Problematic frame:
# C  [glass.dll+0x263b7]
#
# No core dump will be written. Minidumps are not enabled by default on client versions of Windows
#
# If you would like to submit a bug report, please visit:
#   https://bugreport.java.com/bugreport/crash.jsp
#

---------------  S U M M A R Y ------------

Command Line: --module-path=C:/Program Files/Java/openjfx-19_windows-x64_bin-sdk/javafx-sdk-19/lib --add-modules=javafx.controls,javafx.fxml -javaagent:C:\Program Files\JetBrains\IntelliJ IDEA Community Edition 2022.2.1\lib\idea_rt.jar=64322:C:\Program Files\JetBrains\IntelliJ IDEA Community Edition 2022.2.1\bin -Dfile.encoding=UTF-8 -Dsun.stdout.encoding=UTF-8 -Dsun.stderr.encoding=UTF-8 Client

Host: Intel(R) Core(TM) i3-7130U CPU @ 2.70GHz, 4 cores, 7G,  Windows 10 , 64 bit Build 19041 (10.0.19041.1806)
Time: Sun Dec  4 17:24:35 2022  Windows 10 , 64 bit Build 19041 (10.0.19041.1806) elapsed time: 27.680445 seconds (0d 0h 0m 27s)

---------------  T H R E A D  ---------------

Current thread (0x000001e74c7a4540):  VMThread "VM Thread" [stack: 0x000000b49c400000,0x000000b49c500000] [id=4016]

Stack: [0x000000b49c400000,0x000000b49c500000],  sp=0x000000b49c4fefa0,  free space=1019k
Native frames: (J=compiled Java code, j=interpreted, Vv=VM code, C=native code)
C  [glass.dll+0x263b7]


siginfo: EXCEPTION_ACCESS_VIOLATION (0xc0000005), reading address 0x0000000000000000


Register to memory mapping:

RIP=0x00007ffe31b263b7 glass.dll
RAX=0x0 is NULL
RBX=0x000001e74c7bd5e0 is a global jni handle
RCX=0x000001e74c7a4540 points into unknown readable memory: 0x00007ffdfd81ea28 | 28 ea 81 fd fd 7f 00 00
RDX=0x000000b49c4fefa0 points into unknown readable memory: 0x0000000000000000 | 00 00 00 00 00 00 00 00
RSP=0x000000b49c4fefa0 points into unknown readable memory: 0x0000000000000000 | 00 00 00 00 00 00 00 00
RBP=0x000001e75172fa78 points into unknown readable memory: 0x0000238a96e15467 | 67 54 e1 96 8a 23 00 00
RSI=0x000001e75172fa50 points into unknown readable memory: 0xd91c278a96deab7f | 7f ab de 96 8a 27 1c d9
RDI=0x0000238a96e15467 is an unknown value
R8 =0x0000000000010002 is an unknown value
R9 =0x0000238a96e15467 is an unknown value
R10=0x0000000000008000 is an unknown value
R11=0x000000b49c4fef30 points into unknown readable memory: 0x000001e75172fa50 | 50 fa 72 51 e7 01 00 00
R12=0x00007ffe31b23cf0 glass.dll
R13=0x00007ffdfd9e0c00 jvm.dll
R14=0x000000b49c4ff098 points into unknown readable memory: 0x000000b49c4ff080 | 80 f0 4f 9c b4 00 00 00
R15=0x000001e75172fa50 points into unknown readable memory: 0xd91c278a96deab7f | 7f ab de 96 8a 27 1c d9


Registers:
RAX=0x0000000000000000, RBX=0x000001e74c7bd5e0, RCX=0x000001e74c7a4540, RDX=0x000000b49c4fefa0
RSP=0x000000b49c4fefa0, RBP=0x000001e75172fa78, RSI=0x000001e75172fa50, RDI=0x0000238a96e15467
R8 =0x0000000000010002, R9 =0x0000238a96e15467, R10=0x0000000000008000, R11=0x000000b49c4fef30
R12=0x00007ffe31b23cf0, R13=0x00007ffdfd9e0c00, R14=0x000000b49c4ff098, R15=0x000001e75172fa50
RIP=0x00007ffe31b263b7, EFLAGS=0x0000000000010202

Top of Stack: (sp=0x000000b49c4fefa0)
0x000000b49c4fefa0:   0000000000000000 000001e75172fa50
0x000000b49c4fefb0:   00007ffdfd9e0c00 00007ffe31b23cf0
0x000000b49c4fefc0:   000001e75172fa58 00007ffe50f442d6
0x000000b49c4fefd0:   0000238a96e15467 000001e700000000
0x000000b49c4fefe0:   000001e75172fa78 000001e75172fa50
0x000000b49c4feff0:   fffffffffffffffe 0000000000000000
0x000000b49c4ff000:   0000000000000001 00007ffe31b00000
0x000000b49c4ff010:   000000b49c4ff088 00007ffe50f441fb
0x000000b49c4ff020:   0000000000000000 000000b49c4ff098
0x000000b49c4ff030:   000000b49c4ff360 00007ffe51020e40
0x000000b49c4ff040:   0000000000000001 00007ffe50f441b4
0x000000b49c4ff050:   0000000000000000 0000000000000001
0x000000b49c4ff060:   00007ffd00000001 000000b49c4ff088
0x000000b49c4ff070:   0000000000000000 00007ffe31b23b7d
0x000000b49c4ff080:   00007ffe31b39f88 00007ffd00000002
0x000000b49c4ff090:   0000000000000002 000000b49c4ff080 

Instructions: (pc=0x00007ffe31b263b7)
0x00007ffe31b262b7:   8b 4d 58 e8 7d cf ff ff 48 8b 4d 60 e8 74 cf ff
0x00007ffe31b262c7:   ff 48 8b 95 80 00 00 00 48 8b 8d 18 01 00 00 e8
0x00007ffe31b262d7:   66 c4 ff ff 33 d2 33 c9 e8 bc e1 ff ff 90 48 89
0x00007ffe31b262e7:   54 24 10 55 48 83 ec 20 48 8b ea 48 b8 00 00 00
0x00007ffe31b262f7:   00 00 00 00 00 48 83 c4 20 5d c3 cc 40 55 48 8b
0x00007ffe31b26307:   ea 48 8b 01 33 c9 81 38 05 00 00 c0 0f 94 c1 8b
0x00007ffe31b26317:   c1 5d c3 cc 40 55 48 83 ec 20 48 8b ea 8a 4d 40
0x00007ffe31b26327:   48 83 c4 20 5d e9 63 d3 ff ff cc 40 55 48 83 ec
0x00007ffe31b26337:   20 48 8b ea 8a 4d 20 e8 51 d3 ff ff 90 48 83 c4
0x00007ffe31b26347:   20 5d c3 cc 40 55 48 83 ec 20 48 8b ea 48 83 c4
0x00007ffe31b26357:   20 5d e9 b2 d1 ff ff cc 40 55 48 83 ec 30 48 8b
0x00007ffe31b26367:   ea 48 8b 01 8b 10 48 89 4c 24 28 89 54 24 20 4c
0x00007ffe31b26377:   8d 0d 53 d6 ff ff 4c 8b 45 70 8b 55 68 48 8b 4d
0x00007ffe31b26387:   60 e8 f3 d0 ff ff 90 48 83 c4 30 5d c3 cc cc cc
0x00007ffe31b26397:   cc cc cc cc cc cc cc cc cc 40 53 48 83 ec 20 48
0x00007ffe31b263a7:   8b 1d db 35 01 00 48 85 db 74 16 e8 79 8b ff ff
0x00007ffe31b263b7:   4c 8b 00 48 8b d3 48 8b c8 41 ff 90 b0 00 00 00
0x00007ffe31b263c7:   90 48 83 c4 20 5b c3 cc cc 40 53 48 83 ec 20 48
0x00007ffe31b263d7:   8b 1d 4b 37 01 00 48 85 db 74 57 b8 ff ff ff ff
0x00007ffe31b263e7:   f0 0f c1 43 10 83 f8 01 75 3d 48 85 db 74 38 48
0x00007ffe31b263f7:   8b 0b 48 85 c9 74 0d ff 15 a4 0e 00 00 48 c7 03
0x00007ffe31b26407:   00 00 00 00 48 8b 4b 08 48 85 c9 74 0d e8 23 ce
0x00007ffe31b26417:   ff ff 48 c7 43 08 00 00 00 00 ba 18 00 00 00 48
0x00007ffe31b26427:   8b cb e8 0e ce ff ff 48 c7 05 ef 36 01 00 00 00
0x00007ffe31b26437:   00 00 48 83 c4 20 5b c3 cc 40 53 48 83 ec 20 48
0x00007ffe31b26447:   8b 1d bb 36 01 00 48 85 db 74 57 b8 ff ff ff ff
0x00007ffe31b26457:   f0 0f c1 43 10 83 f8 01 75 3d 48 85 db 74 38 48
0x00007ffe31b26467:   8b 0b 48 85 c9 74 0d ff 15 34 0e 00 00 48 c7 03
0x00007ffe31b26477:   00 00 00 00 48 8b 4b 08 48 85 c9 74 0d e8 b3 cd
0x00007ffe31b26487:   ff ff 48 c7 43 08 00 00 00 00 ba 18 00 00 00 48
0x00007ffe31b26497:   8b cb e8 9e cd ff ff 48 c7 05 5f 36 01 00 00 00
0x00007ffe31b264a7:   00 00 48 83 c4 20 5b c3 cc 40 53 48 83 ec 20 48 


Stack slot to memory mapping:
stack at sp + 0 slots: 0x0 is NULL
stack at sp + 1 slots: 0x000001e75172fa50 points into unknown readable memory: 0xd91c278a96deab7f | 7f ab de 96 8a 27 1c d9
stack at sp + 2 slots: 0x00007ffdfd9e0c00 jvm.dll
stack at sp + 3 slots: 0x00007ffe31b23cf0 glass.dll
stack at sp + 4 slots: 0x000001e75172fa58 points into unknown readable memory: 0x0000238a96e15467 | 67 54 e1 96 8a 23 00 00
stack at sp + 5 slots: 0x00007ffe50f442d6 ucrtbase.dll
stack at sp + 6 slots: 0x0000238a96e15467 is an unknown value
stack at sp + 7 slots: 0x000001e700000000 is an unknown value

VM_Operation (0x000000b49e2ff000): Exit, mode: safepoint, requested by thread 0x000001e75229c3e0


---------------  P R O C E S S  ---------------

Threads class SMR info:
_java_thread_list=0x000001e752337860, length=21, elements={
0x000001e72cfdf900, 0x000001e74c7a7bf0, 0x000001e74c7a9040, 0x000001e74c7c3980,
0x000001e74c7c4230, 0x000001e74c7c7290, 0x000001e74c7c7b40, 0x000001e74c7cb6b0,
0x000001e74c7d0c50, 0x000001e74c803260, 0x000001e74c79ca00, 0x000001e7514f6620,
0x000001e75129ba20, 0x000001e751fdf8c0, 0x000001e75133a8c0, 0x000001e751fde020,
0x000001e75206b760, 0x000001e7518cc7f0, 0x000001e7520e6770, 0x000001e7520e8450,
0x000001e75229c3e0
}

Java Threads: ( => current thread )
  0x000001e72cfdf900 JavaThread "main" [_thread_blocked, id=7856, stack(0x000000b49be00000,0x000000b49bf00000)]
  0x000001e74c7a7bf0 JavaThread "Reference Handler" daemon [_thread_blocked, id=284, stack(0x000000b49c500000,0x000000b49c600000)]
  0x000001e74c7a9040 JavaThread "Finalizer" daemon [_thread_blocked, id=5564, stack(0x000000b49c600000,0x000000b49c700000)]
  0x000001e74c7c3980 JavaThread "Signal Dispatcher" daemon [_thread_blocked, id=6152, stack(0x000000b49c700000,0x000000b49c800000)]
  0x000001e74c7c4230 JavaThread "Attach Listener" daemon [_thread_blocked, id=12940, stack(0x000000b49c800000,0x000000b49c900000)]
  0x000001e74c7c7290 JavaThread "Service Thread" daemon [_thread_blocked, id=13388, stack(0x000000b49c900000,0x000000b49ca00000)]
  0x000001e74c7c7b40 JavaThread "Monitor Deflation Thread" daemon [_thread_blocked, id=14140, stack(0x000000b49ca00000,0x000000b49cb00000)]
  0x000001e74c7cb6b0 JavaThread "C2 CompilerThread0" daemon [_thread_blocked, id=12120, stack(0x000000b49cb00000,0x000000b49cc00000)]
  0x000001e74c7d0c50 JavaThread "C1 CompilerThread0" daemon [_thread_blocked, id=13780, stack(0x000000b49cc00000,0x000000b49cd00000)]
  0x000001e74c803260 JavaThread "Sweeper thread" daemon [_thread_blocked, id=3200, stack(0x000000b49cd00000,0x000000b49ce00000)]
  0x000001e74c79ca00 JavaThread "Common-Cleaner" daemon [_thread_blocked, id=1332, stack(0x000000b49ce00000,0x000000b49cf00000)]
  0x000001e7514f6620 JavaThread "Monitor Ctrl-Break" daemon [_thread_in_native, id=10920, stack(0x000000b49d000000,0x000000b49d100000)]
  0x000001e75129ba20 JavaThread "Notification Thread" daemon [_thread_blocked, id=13852, stack(0x000000b49d100000,0x000000b49d200000)]
  0x000001e751fdf8c0 JavaThread "QuantumRenderer-0" daemon [_thread_blocked, id=1508, stack(0x000000b49d300000,0x000000b49d400000)]
  0x000001e75133a8c0 JavaThread "InvokeLaterDispatcher" daemon [_thread_blocked, id=10592, stack(0x000000b49d400000,0x000000b49d500000)]
  0x000001e751fde020 JavaThread "JavaFX Application Thread" [_thread_in_native, id=268, stack(0x000000b49d500000,0x000000b49d600000)]
  0x000001e75206b760 JavaThread "Thread-1" daemon [_thread_in_native, id=14228, stack(0x000000b49cf00000,0x000000b49d000000)]
  0x000001e7518cc7f0 JavaThread "JavaFX-Launcher" [_thread_blocked, id=13508, stack(0x000000b49dc00000,0x000000b49dd00000)]
  0x000001e7520e6770 JavaThread "Prism Font Disposer" daemon [_thread_blocked, id=10552, stack(0x000000b49e100000,0x000000b49e200000)]
  0x000001e7520e8450 JavaThread "Cleaner-0" daemon [_thread_blocked, id=1072, stack(0x000000b49dd00000,0x000000b49de00000)]
  0x000001e75229c3e0 JavaThread "SIGINT handler" daemon [_thread_blocked, id=14208, stack(0x000000b49e200000,0x000000b49e300000)]

Other Threads:
=>0x000001e74c7a4540 VMThread "VM Thread" [stack: 0x000000b49c400000,0x000000b49c500000] [id=4016]
  0x000001e72d03e4f0 WorkerThread "GC Thread#0" [stack: 0x000000b49bf00000,0x000000b49c000000] [id=13092]
  0x000001e75133ad80 WorkerThread "GC Thread#1" [stack: 0x000000b49d600000,0x000000b49d700000] [id=2184]
  0x000001e7514ea0b0 WorkerThread "GC Thread#2" [stack: 0x000000b49d700000,0x000000b49d800000] [id=8000]
  0x000001e75131dab0 WorkerThread "GC Thread#3" [stack: 0x000000b49d800000,0x000000b49d900000] [id=12464]
  0x000001e72d051fa0 ConcurrentGCThread "G1 Main Marker" terminated
  0x000001e72d053040 WorkerThread "G1 Conc#0" [stack: 0x000000b49c100000,0x000000b49c200000] [id=6812]
  0x000001e72d091120 ConcurrentGCThread "G1 Refine#0" terminated
  0x000001e72d091940 ConcurrentGCThread "G1 Service" terminated

Threads with active compile tasks:
C1 CompilerThread0  
[error occurred during error reporting (printing all threads), id 0xc0000005, EXCEPTION_ACCESS_VIOLATION (0xc0000005) at pc=0x00007ffdfd61f6c3]

VM state: at safepoint (shutting down)

VM Mutex/Monitor currently owned by a thread:  ([mutex/lock_event])
[0x000001e72cfdbf30] Threads_lock - owner thread: 0x000001e74c7a4540
[0x000001e72cfdccb0] Heap_lock - owner thread: 0x000001e75229c3e0

Heap address: 0x0000000081e00000, size: 2018 MB, Compressed Oops mode: 32-bit

CDS archive(s) mapped at: [0x0000000800000000-0x0000000800ba0000-0x0000000800ba0000), size 12189696, SharedBaseAddress: 0x0000000800000000, ArchiveRelocationMode: 0.
Compressed class space mapped at: 0x0000000800c00000-0x0000000840c00000, reserved size: 1073741824
Narrow klass base: 0x0000000800000000, Narrow klass shift: 0, Narrow klass range: 0x100000000

GC Precious Log:
 CardTable entry size: 512
 Card Set container configuration: InlinePtr #cards 5 size 8 Array Of Cards #cards 12 size 40 Howl #buckets 4 coarsen threshold 1843 Howl Bitmap #cards 512 size 80 coarsen threshold 460 Card regions per heap region 1 cards per card region 2048
 CPUs: 4 total, 4 available
 Memory: 8066M
 Large Page Support: Disabled
 NUMA Support: Disabled
 Compressed Oops: Enabled (32-bit)
 Heap Region Size: 1M
 Heap Min Capacity: 8M
 Heap Initial Capacity: 128M
 Heap Max Capacity: 2018M
 Pre-touch: Disabled
 Parallel Workers: 4
 Concurrent Workers: 1
 Concurrent Refinement Workers: 4
 Periodic GC: Disabled

Heap:
 garbage-first heap   total 131072K, used 49329K [0x0000000081e00000, 0x0000000100000000)
  region size 1024K, 46 young (47104K), 3 survivors (3072K)
 Metaspace       used 18682K, committed 19008K, reserved 1114112K
  class space    used 2724K, committed 2880K, reserved 1048576K

Heap Regions: E=young(eden), S=young(survivor), O=old, HS=humongous(starts), HC=humongous(continues), CS=collection set, F=free, OA=open archive, CA=closed archive, TAMS=top-at-mark-start (previous, next)
|   0|0x0000000081e00000, 0x0000000081f00000, 0x0000000081f00000|100%| O|  |TAMS 0x0000000081e00000, 0x0000000081e00000| Untracked 
|   1|0x0000000081f00000, 0x0000000082000000, 0x0000000082000000|100%| O|  |TAMS 0x0000000081f00000, 0x0000000081f00000| Untracked 
|   2|0x0000000082000000, 0x000000008202c400, 0x0000000082100000| 17%| O|  |TAMS 0x0000000082000000, 0x0000000082000000| Untracked 
|   3|0x0000000082100000, 0x0000000082200000, 0x0000000082200000|100%|HS|  |TAMS 0x0000000082100000, 0x0000000082100000| Complete 
|   4|0x0000000082200000, 0x0000000082300000, 0x0000000082300000|100%|HC|  |TAMS 0x0000000082200000, 0x0000000082200000| Complete 
|   5|0x0000000082300000, 0x0000000082300000, 0x0000000082400000|  0%| F|  |TAMS 0x0000000082300000, 0x0000000082300000| Untracked 
|   6|0x0000000082400000, 0x0000000082400000, 0x0000000082500000|  0%| F|  |TAMS 0x0000000082400000, 0x0000000082400000| Untracked 
|   7|0x0000000082500000, 0x0000000082500000, 0x0000000082600000|  0%| F|  |TAMS 0x0000000082500000, 0x0000000082500000| Untracked 
|   8|0x0000000082600000, 0x0000000082600000, 0x0000000082700000|  0%| F|  |TAMS 0x0000000082600000, 0x0000000082600000| Untracked 
|   9|0x0000000082700000, 0x0000000082700000, 0x0000000082800000|  0%| F|  |TAMS 0x0000000082700000, 0x0000000082700000| Untracked 
|  10|0x0000000082800000, 0x0000000082800000, 0x0000000082900000|  0%| F|  |TAMS 0x0000000082800000, 0x0000000082800000| Untracked 
|  11|0x0000000082900000, 0x0000000082900000, 0x0000000082a00000|  0%| F|  |TAMS 0x0000000082900000, 0x0000000082900000| Untracked 
|  12|0x0000000082a00000, 0x0000000082a00000, 0x0000000082b00000|  0%| F|  |TAMS 0x0000000082a00000, 0x0000000082a00000| Untracked 
|  13|0x0000000082b00000, 0x0000000082b00000, 0x0000000082c00000|  0%| F|  |TAMS 0x0000000082b00000, 0x0000000082b00000| Untracked 
|  14|0x0000000082c00000, 0x0000000082c00000, 0x0000000082d00000|  0%| F|  |TAMS 0x0000000082c00000, 0x0000000082c00000| Untracked 
|  15|0x0000000082d00000, 0x0000000082d00000, 0x0000000082e00000|  0%| F|  |TAMS 0x0000000082d00000, 0x0000000082d00000| Untracked 
|  16|0x0000000082e00000, 0x0000000082e00000, 0x0000000082f00000|  0%| F|  |TAMS 0x0000000082e00000, 0x0000000082e00000| Untracked 
|  17|0x0000000082f00000, 0x0000000082f00000, 0x0000000083000000|  0%| F|  |TAMS 0x0000000082f00000, 0x0000000082f00000| Untracked 
|  18|0x0000000083000000, 0x0000000083000000, 0x0000000083100000|  0%| F|  |TAMS 0x0000000083000000, 0x0000000083000000| Untracked 
|  19|0x0000000083100000, 0x0000000083100000, 0x0000000083200000|  0%| F|  |TAMS 0x0000000083100000, 0x0000000083100000| Untracked 
|  20|0x0000000083200000, 0x0000000083200000, 0x0000000083300000|  0%| F|  |TAMS 0x0000000083200000, 0x0000000083200000| Untracked 
|  21|0x0000000083300000, 0x0000000083300000, 0x0000000083400000|  0%| F|  |TAMS 0x0000000083300000, 0x0000000083300000| Untracked 
|  22|0x0000000083400000, 0x0000000083400000, 0x0000000083500000|  0%| F|  |TAMS 0x0000000083400000, 0x0000000083400000| Untracked 
|  23|0x0000000083500000, 0x0000000083500000, 0x0000000083600000|  0%| F|  |TAMS 0x0000000083500000, 0x0000000083500000| Untracked 
|  24|0x0000000083600000, 0x0000000083600000, 0x0000000083700000|  0%| F|  |TAMS 0x0000000083600000, 0x0000000083600000| Untracked 
|  25|0x0000000083700000, 0x0000000083700000, 0x0000000083800000|  0%| F|  |TAMS 0x0000000083700000, 0x0000000083700000| Untracked 
|  26|0x0000000083800000, 0x0000000083800000, 0x0000000083900000|  0%| F|  |TAMS 0x0000000083800000, 0x0000000083800000| Untracked 
|  27|0x0000000083900000, 0x0000000083900000, 0x0000000083a00000|  0%| F|  |TAMS 0x0000000083900000, 0x0000000083900000| Untracked 
|  28|0x0000000083a00000, 0x0000000083a00000, 0x0000000083b00000|  0%| F|  |TAMS 0x0000000083a00000, 0x0000000083a00000| Untracked 
|  29|0x0000000083b00000, 0x0000000083b00000, 0x0000000083c00000|  0%| F|  |TAMS 0x0000000083b00000, 0x0000000083b00000| Untracked 
|  30|0x0000000083c00000, 0x0000000083c00000, 0x0000000083d00000|  0%| F|  |TAMS 0x0000000083c00000, 0x0000000083c00000| Untracked 
|  31|0x0000000083d00000, 0x0000000083d00000, 0x0000000083e00000|  0%| F|  |TAMS 0x0000000083d00000, 0x0000000083d00000| Untracked 
|  32|0x0000000083e00000, 0x0000000083e00000, 0x0000000083f00000|  0%| F|  |TAMS 0x0000000083e00000, 0x0000000083e00000| Untracked 
|  33|0x0000000083f00000, 0x0000000083f00000, 0x0000000084000000|  0%| F|  |TAMS 0x0000000083f00000, 0x0000000083f00000| Untracked 
|  34|0x0000000084000000, 0x0000000084000000, 0x0000000084100000|  0%| F|  |TAMS 0x0000000084000000, 0x0000000084000000| Untracked 
|  35|0x0000000084100000, 0x0000000084100000, 0x0000000084200000|  0%| F|  |TAMS 0x0000000084100000, 0x0000000084100000| Untracked 
|  36|0x0000000084200000, 0x0000000084200000, 0x0000000084300000|  0%| F|  |TAMS 0x0000000084200000, 0x0000000084200000| Untracked 
|  37|0x0000000084300000, 0x0000000084300000, 0x0000000084400000|  0%| F|  |TAMS 0x0000000084300000, 0x0000000084300000| Untracked 
|  38|0x0000000084400000, 0x0000000084400000, 0x0000000084500000|  0%| F|  |TAMS 0x0000000084400000, 0x0000000084400000| Untracked 
|  39|0x0000000084500000, 0x0000000084500000, 0x0000000084600000|  0%| F|  |TAMS 0x0000000084500000, 0x0000000084500000| Untracked 
|  40|0x0000000084600000, 0x0000000084600000, 0x0000000084700000|  0%| F|  |TAMS 0x0000000084600000, 0x0000000084600000| Untracked 
|  41|0x0000000084700000, 0x0000000084700000, 0x0000000084800000|  0%| F|  |TAMS 0x0000000084700000, 0x0000000084700000| Untracked 
|  42|0x0000000084800000, 0x0000000084800000, 0x0000000084900000|  0%| F|  |TAMS 0x0000000084800000, 0x0000000084800000| Untracked 
|  43|0x0000000084900000, 0x0000000084900000, 0x0000000084a00000|  0%| F|  |TAMS 0x0000000084900000, 0x0000000084900000| Untracked 
|  44|0x0000000084a00000, 0x0000000084a00000, 0x0000000084b00000|  0%| F|  |TAMS 0x0000000084a00000, 0x0000000084a00000| Untracked 
|  45|0x0000000084b00000, 0x0000000084b00000, 0x0000000084c00000|  0%| F|  |TAMS 0x0000000084b00000, 0x0000000084b00000| Untracked 
|  46|0x0000000084c00000, 0x0000000084c00000, 0x0000000084d00000|  0%| F|  |TAMS 0x0000000084c00000, 0x0000000084c00000| Untracked 
|  47|0x0000000084d00000, 0x0000000084d00000, 0x0000000084e00000|  0%| F|  |TAMS 0x0000000084d00000, 0x0000000084d00000| Untracked 
|  48|0x0000000084e00000, 0x0000000084e00000, 0x0000000084f00000|  0%| F|  |TAMS 0x0000000084e00000, 0x0000000084e00000| Untracked 
|  49|0x0000000084f00000, 0x0000000084f00000, 0x0000000085000000|  0%| F|  |TAMS 0x0000000084f00000, 0x0000000084f00000| Untracked 
|  50|0x0000000085000000, 0x0000000085000000, 0x0000000085100000|  0%| F|  |TAMS 0x0000000085000000, 0x0000000085000000| Untracked 
|  51|0x0000000085100000, 0x0000000085100000, 0x0000000085200000|  0%| F|  |TAMS 0x0000000085100000, 0x0000000085100000| Untracked 
|  52|0x0000000085200000, 0x0000000085200000, 0x0000000085300000|  0%| F|  |TAMS 0x0000000085200000, 0x0000000085200000| Untracked 
|  53|0x0000000085300000, 0x0000000085300000, 0x0000000085400000|  0%| F|  |TAMS 0x0000000085300000, 0x0000000085300000| Untracked 
|  54|0x0000000085400000, 0x0000000085400000, 0x0000000085500000|  0%| F|  |TAMS 0x0000000085400000, 0x0000000085400000| Untracked 
|  55|0x0000000085500000, 0x0000000085500000, 0x0000000085600000|  0%| F|  |TAMS 0x0000000085500000, 0x0000000085500000| Untracked 
|  56|0x0000000085600000, 0x0000000085600000, 0x0000000085700000|  0%| F|  |TAMS 0x0000000085600000, 0x0000000085600000| Untracked 
|  57|0x0000000085700000, 0x0000000085700000, 0x0000000085800000|  0%| F|  |TAMS 0x0000000085700000, 0x0000000085700000| Untracked 
|  58|0x0000000085800000, 0x0000000085800000, 0x0000000085900000|  0%| F|  |TAMS 0x0000000085800000, 0x0000000085800000| Untracked 
|  59|0x0000000085900000, 0x0000000085900000, 0x0000000085a00000|  0%| F|  |TAMS 0x0000000085900000, 0x0000000085900000| Untracked 
|  60|0x0000000085a00000, 0x0000000085a00000, 0x0000000085b00000|  0%| F|  |TAMS 0x0000000085a00000, 0x0000000085a00000| Untracked 
|  61|0x0000000085b00000, 0x0000000085b00000, 0x0000000085c00000|  0%| F|  |TAMS 0x0000000085b00000, 0x0000000085b00000| Untracked 
|  62|0x0000000085c00000, 0x0000000085c00000, 0x0000000085d00000|  0%| F|  |TAMS 0x0000000085c00000, 0x0000000085c00000| Untracked 
|  63|0x0000000085d00000, 0x0000000085d00000, 0x0000000085e00000|  0%| F|  |TAMS 0x0000000085d00000, 0x0000000085d00000| Untracked 
|  64|0x0000000085e00000, 0x0000000085e00000, 0x0000000085f00000|  0%| F|  |TAMS 0x0000000085e00000, 0x0000000085e00000| Untracked 
|  65|0x0000000085f00000, 0x0000000085f00000, 0x0000000086000000|  0%| F|  |TAMS 0x0000000085f00000, 0x0000000085f00000| Untracked 
|  66|0x0000000086000000, 0x0000000086000000, 0x0000000086100000|  0%| F|  |TAMS 0x0000000086000000, 0x0000000086000000| Untracked 
|  67|0x0000000086100000, 0x0000000086100000, 0x0000000086200000|  0%| F|  |TAMS 0x0000000086100000, 0x0000000086100000| Untracked 
|  68|0x0000000086200000, 0x0000000086200000, 0x0000000086300000|  0%| F|  |TAMS 0x0000000086200000, 0x0000000086200000| Untracked 
|  69|0x0000000086300000, 0x0000000086300000, 0x0000000086400000|  0%| F|  |TAMS 0x0000000086300000, 0x0000000086300000| Untracked 
|  70|0x0000000086400000, 0x0000000086400000, 0x0000000086500000|  0%| F|  |TAMS 0x0000000086400000, 0x0000000086400000| Untracked 
|  71|0x0000000086500000, 0x0000000086500000, 0x0000000086600000|  0%| F|  |TAMS 0x0000000086500000, 0x0000000086500000| Untracked 
|  72|0x0000000086600000, 0x0000000086600000, 0x0000000086700000|  0%| F|  |TAMS 0x0000000086600000, 0x0000000086600000| Untracked 
|  73|0x0000000086700000, 0x0000000086700000, 0x0000000086800000|  0%| F|  |TAMS 0x0000000086700000, 0x0000000086700000| Untracked 
|  74|0x0000000086800000, 0x0000000086800000, 0x0000000086900000|  0%| F|  |TAMS 0x0000000086800000, 0x0000000086800000| Untracked 
|  75|0x0000000086900000, 0x0000000086900000, 0x0000000086a00000|  0%| F|  |TAMS 0x0000000086900000, 0x0000000086900000| Untracked 
|  76|0x0000000086a00000, 0x0000000086a00000, 0x0000000086b00000|  0%| F|  |TAMS 0x0000000086a00000, 0x0000000086a00000| Untracked 
|  77|0x0000000086b00000, 0x0000000086b00000, 0x0000000086c00000|  0%| F|  |TAMS 0x0000000086b00000, 0x0000000086b00000| Untracked 
|  78|0x0000000086c00000, 0x0000000086c00000, 0x0000000086d00000|  0%| F|  |TAMS 0x0000000086c00000, 0x0000000086c00000| Untracked 
|  79|0x0000000086d00000, 0x0000000086d00000, 0x0000000086e00000|  0%| F|  |TAMS 0x0000000086d00000, 0x0000000086d00000| Untracked 
|  80|0x0000000086e00000, 0x0000000086e00000, 0x0000000086f00000|  0%| F|  |TAMS 0x0000000086e00000, 0x0000000086e00000| Untracked 
|  81|0x0000000086f00000, 0x0000000086f00000, 0x0000000087000000|  0%| F|  |TAMS 0x0000000086f00000, 0x0000000086f00000| Untracked 
|  82|0x0000000087000000, 0x000000008704b420, 0x0000000087100000| 29%| E|  |TAMS 0x0000000087000000, 0x0000000087000000| Complete 
|  83|0x0000000087100000, 0x0000000087200000, 0x0000000087200000|100%| E|CS|TAMS 0x0000000087100000, 0x0000000087100000| Complete 
|  84|0x0000000087200000, 0x0000000087300000, 0x0000000087300000|100%| E|CS|TAMS 0x0000000087200000, 0x0000000087200000| Complete 
|  85|0x0000000087300000, 0x0000000087400000, 0x0000000087400000|100%| E|CS|TAMS 0x0000000087300000, 0x0000000087300000| Complete 
|  86|0x0000000087400000, 0x0000000087500000, 0x0000000087500000|100%| E|CS|TAMS 0x0000000087400000, 0x0000000087400000| Complete 
|  87|0x0000000087500000, 0x0000000087600000, 0x0000000087600000|100%| E|CS|TAMS 0x0000000087500000, 0x0000000087500000| Complete 
|  88|0x0000000087600000, 0x0000000087700000, 0x0000000087700000|100%| E|CS|TAMS 0x0000000087600000, 0x0000000087600000| Complete 
|  89|0x0000000087700000, 0x0000000087800000, 0x0000000087800000|100%| E|CS|TAMS 0x0000000087700000, 0x0000000087700000| Complete 
|  90|0x0000000087800000, 0x0000000087900000, 0x0000000087900000|100%| E|CS|TAMS 0x0000000087800000, 0x0000000087800000| Complete 
|  91|0x0000000087900000, 0x0000000087a00000, 0x0000000087a00000|100%| E|CS|TAMS 0x0000000087900000, 0x0000000087900000| Complete 
|  92|0x0000000087a00000, 0x0000000087b00000, 0x0000000087b00000|100%| E|CS|TAMS 0x0000000087a00000, 0x0000000087a00000| Complete 
|  93|0x0000000087b00000, 0x0000000087c00000, 0x0000000087c00000|100%| E|CS|TAMS 0x0000000087b00000, 0x0000000087b00000| Complete 
|  94|0x0000000087c00000, 0x0000000087d00000, 0x0000000087d00000|100%| E|CS|TAMS 0x0000000087c00000, 0x0000000087c00000| Complete 
|  95|0x0000000087d00000, 0x0000000087e00000, 0x0000000087e00000|100%| E|CS|TAMS 0x0000000087d00000, 0x0000000087d00000| Complete 
|  96|0x0000000087e00000, 0x0000000087f00000, 0x0000000087f00000|100%| E|CS|TAMS 0x0000000087e00000, 0x0000000087e00000| Complete 
|  97|0x0000000087f00000, 0x0000000088000000, 0x0000000088000000|100%| E|CS|TAMS 0x0000000087f00000, 0x0000000087f00000| Complete 
|  98|0x0000000088000000, 0x0000000088100000, 0x0000000088100000|100%| E|CS|TAMS 0x0000000088000000, 0x0000000088000000| Complete 
|  99|0x0000000088100000, 0x0000000088200000, 0x0000000088200000|100%| E|CS|TAMS 0x0000000088100000, 0x0000000088100000| Complete 
| 100|0x0000000088200000, 0x0000000088300000, 0x0000000088300000|100%| E|CS|TAMS 0x0000000088200000, 0x0000000088200000| Complete 
| 101|0x0000000088300000, 0x0000000088400000, 0x0000000088400000|100%| E|  |TAMS 0x0000000088300000, 0x0000000088300000| Complete 
| 102|0x0000000088400000, 0x0000000088500000, 0x0000000088500000|100%| E|CS|TAMS 0x0000000088400000, 0x0000000088400000| Complete 
| 103|0x0000000088500000, 0x0000000088600000, 0x0000000088600000|100%| E|CS|TAMS 0x0000000088500000, 0x0000000088500000| Complete 
| 104|0x0000000088600000, 0x0000000088700000, 0x0000000088700000|100%| E|CS|TAMS 0x0000000088600000, 0x0000000088600000| Complete 
| 105|0x0000000088700000, 0x0000000088800000, 0x0000000088800000|100%| E|CS|TAMS 0x0000000088700000, 0x0000000088700000| Complete 
| 106|0x0000000088800000, 0x0000000088900000, 0x0000000088900000|100%| S|CS|TAMS 0x0000000088800000, 0x0000000088800000| Complete 
| 107|0x0000000088900000, 0x0000000088a00000, 0x0000000088a00000|100%| S|CS|TAMS 0x0000000088900000, 0x0000000088900000| Complete 
| 108|0x0000000088a00000, 0x0000000088b00000, 0x0000000088b00000|100%| S|CS|TAMS 0x0000000088a00000, 0x0000000088a00000| Complete 
| 109|0x0000000088b00000, 0x0000000088c00000, 0x0000000088c00000|100%| E|CS|TAMS 0x0000000088b00000, 0x0000000088b00000| Complete 
| 110|0x0000000088c00000, 0x0000000088d00000, 0x0000000088d00000|100%| E|CS|TAMS 0x0000000088c00000, 0x0000000088c00000| Complete 
| 111|0x0000000088d00000, 0x0000000088e00000, 0x0000000088e00000|100%| E|CS|TAMS 0x0000000088d00000, 0x0000000088d00000| Complete 
| 112|0x0000000088e00000, 0x0000000088f00000, 0x0000000088f00000|100%| E|CS|TAMS 0x0000000088e00000, 0x0000000088e00000| Complete 
| 113|0x0000000088f00000, 0x0000000089000000, 0x0000000089000000|100%| E|CS|TAMS 0x0000000088f00000, 0x0000000088f00000| Complete 
| 114|0x0000000089000000, 0x0000000089100000, 0x0000000089100000|100%| E|CS|TAMS 0x0000000089000000, 0x0000000089000000| Complete 
| 115|0x0000000089100000, 0x0000000089200000, 0x0000000089200000|100%| E|CS|TAMS 0x0000000089100000, 0x0000000089100000| Complete 
| 116|0x0000000089200000, 0x0000000089300000, 0x0000000089300000|100%| E|CS|TAMS 0x0000000089200000, 0x0000000089200000| Complete 
| 117|0x0000000089300000, 0x0000000089400000, 0x0000000089400000|100%| E|CS|TAMS 0x0000000089300000, 0x0000000089300000| Complete 
| 118|0x0000000089400000, 0x0000000089500000, 0x0000000089500000|100%| E|CS|TAMS 0x0000000089400000, 0x0000000089400000| Complete 
| 119|0x0000000089500000, 0x0000000089600000, 0x0000000089600000|100%| E|CS|TAMS 0x0000000089500000, 0x0000000089500000| Complete 
| 120|0x0000000089600000, 0x0000000089700000, 0x0000000089700000|100%| E|CS|TAMS 0x0000000089600000, 0x0000000089600000| Complete 
| 121|0x0000000089700000, 0x0000000089800000, 0x0000000089800000|100%| E|CS|TAMS 0x0000000089700000, 0x0000000089700000| Complete 
| 122|0x0000000089800000, 0x0000000089900000, 0x0000000089900000|100%| E|CS|TAMS 0x0000000089800000, 0x0000000089800000| Complete 
| 123|0x0000000089900000, 0x0000000089a00000, 0x0000000089a00000|100%| E|CS|TAMS 0x0000000089900000, 0x0000000089900000| Complete 
| 124|0x0000000089a00000, 0x0000000089b00000, 0x0000000089b00000|100%| E|CS|TAMS 0x0000000089a00000, 0x0000000089a00000| Complete 
| 125|0x0000000089b00000, 0x0000000089c00000, 0x0000000089c00000|100%| E|CS|TAMS 0x0000000089b00000, 0x0000000089b00000| Complete 
| 126|0x0000000089c00000, 0x0000000089d00000, 0x0000000089d00000|100%| E|CS|TAMS 0x0000000089c00000, 0x0000000089c00000| Complete 
| 127|0x0000000089d00000, 0x0000000089e00000, 0x0000000089e00000|100%| E|CS|TAMS 0x0000000089d00000, 0x0000000089d00000| Complete 

Card table byte_map: [0x000001e745b20000,0x000001e745f20000] _byte_map_base: 0x000001e745711000

Marking Bits (Prev, Next): (CMBitMap*) 0x000001e72d040a20, (CMBitMap*) 0x000001e72d040a60
 Prev Bits: [0x000001e746320000, 0x000001e7482a8000)
 Next Bits: [0x000001e7482b0000, 0x000001e74a238000)

Polling page: 0x000001e72ce30000

Metaspace:

Usage:
  Non-class:     15.58 MB used.
      Class:      2.66 MB used.
       Both:     18.24 MB used.

Virtual space:
  Non-class space:       64.00 MB reserved,      15.75 MB ( 25%) committed,  1 nodes.
      Class space:        1.00 GB reserved,       2.81 MB ( <1%) committed,  1 nodes.
             Both:        1.06 GB reserved,      18.56 MB (  2%) committed. 

Chunk freelists:
   Non-Class:  108.00 KB
       Class:  1.19 MB
        Both:  1.30 MB

MaxMetaspaceSize: unlimited
CompressedClassSpaceSize: 1.00 GB
Initial GC threshold: 21.00 MB
Current GC threshold: 21.00 MB
CDS: on
MetaspaceReclaimPolicy: balanced
 - commit_granule_bytes: 65536.
 - commit_granule_words: 8192.
 - virtual_space_node_default_size: 8388608.
 - enlarge_chunks_in_place: 1.
 - new_chunks_are_fully_committed: 0.
 - uncommit_free_chunks: 1.
 - use_allocation_guard: 0.


Internal statistics:

num_allocs_failed_limit: 0.
num_arena_births: 380.
num_arena_deaths: 0.
num_vsnodes_births: 2.
num_vsnodes_deaths: 0.
num_space_committed: 297.
num_space_uncommitted: 0.
num_chunks_returned_to_freelist: 0.
num_chunks_taken_from_freelist: 1004.
num_chunk_merges: 0.
num_chunk_splits: 677.
num_chunks_enlarged: 512.
num_inconsistent_stats: 0.

CodeHeap 'non-profiled nmethods': size=120000Kb used=1276Kb max_used=1276Kb free=118723Kb
 bounds [0x000001e73dbc0000, 0x000001e73de30000, 0x000001e7450f0000]
CodeHeap 'profiled nmethods': size=120000Kb used=6698Kb max_used=6698Kb free=113301Kb
 bounds [0x000001e736690000, 0x000001e736d20000, 0x000001e73dbc0000]
CodeHeap 'non-nmethods': size=5760Kb used=1445Kb max_used=1494Kb free=4314Kb
 bounds [0x000001e7360f0000, 0x000001e736360000, 0x000001e736690000]
 total_blobs=4247 nmethods=3447 adapters=712
 compilation: enabled
              stopped_count=0, restarted_count=0
 full_count=0

Compilation events (20 events):
Event: 7.763 Thread 0x000001e74c7d0c50 3442       3       javafx.collections.ListChangeListener$Change::getAddedSubList (31 bytes)
Event: 7.763 Thread 0x000001e74c7d0c50 nmethod 3442 0x000001e736d14010 code [0x000001e736d14240, 0x000001e736d14be8]
Event: 7.763 Thread 0x000001e74c7d0c50 3434       3       com.sun.javafx.fxml.BeanAdapter::getSetterMethod (42 bytes)
Event: 7.766 Thread 0x000001e74c7d0c50 nmethod 3434 0x000001e736d14d90 code [0x000001e736d152c0, 0x000001e736d17ef8]
Event: 7.766 Thread 0x000001e74c7d0c50 3444       3       java.util.AbstractList$SubList::<init> (35 bytes)
Event: 7.767 Thread 0x000001e74c7d0c50 nmethod 3444 0x000001e736d19090 code [0x000001e736d19240, 0x000001e736d19518]
Event: 7.767 Thread 0x000001e74c7d0c50 3443       3       javafx.collections.ListChangeListener$Change::wasRemoved (18 bytes)
Event: 7.767 Thread 0x000001e74c7d0c50 nmethod 3443 0x000001e736d19690 code [0x000001e736d19840, 0x000001e736d19b18]
Event: 7.767 Thread 0x000001e74c7d0c50 3440       3       javafx.scene.Node::isDisabled (19 bytes)
Event: 7.767 Thread 0x000001e74c7d0c50 nmethod 3440 0x000001e736d19c10 code [0x000001e736d19dc0, 0x000001e736d1a148]
Event: 7.767 Thread 0x000001e74c7d0c50 3446       1       java.lang.Class::getAnnotationType (5 bytes)
Event: 7.767 Thread 0x000001e74c7d0c50 nmethod 3446 0x000001e73dcfc710 code [0x000001e73dcfc8a0, 0x000001e73dcfc978]
Event: 7.767 Thread 0x000001e74c7d0c50 3448       1       java.lang.reflect.Method::getRoot (5 bytes)
Event: 7.768 Thread 0x000001e74c7d0c50 nmethod 3448 0x000001e73dcfca10 code [0x000001e73dcfcba0, 0x000001e73dcfcc78]
Event: 7.796 Thread 0x000001e74c7cb6b0 nmethod 3445 0x000001e73dcfcd10 code [0x000001e73dcfcfc0, 0x000001e73dcfe138]
Event: 7.796 Thread 0x000001e74c7cb6b0 3447       4       java.lang.Class::cast (27 bytes)
Event: 7.797 Thread 0x000001e74c7cb6b0 nmethod 3447 0x000001e73dcfef90 code [0x000001e73dcff100, 0x000001e73dcff218]
Event: 27.323 Thread 0x000001e74c7d0c50 3449       3       java.lang.invoke.LambdaForm$DMH/0x0000000800da0000::invokeStatic (31 bytes)
Event: 27.324 Thread 0x000001e74c7d0c50 nmethod 3449 0x000001e736d1a290 code [0x000001e736d1a460, 0x000001e736d1a8f8]
Event: 27.324 Thread 0x000001e74c7d0c50 3450       3       java.lang.invoke.MethodHandles$Lookup::restrictReceiver (127 bytes)

GC Heap History (4 events):
Event: 0.690 GC heap before
{Heap before GC invocations=0 (full 0):
 garbage-first heap   total 131072K, used 13312K [0x0000000081e00000, 0x0000000100000000)
  region size 1024K, 13 young (13312K), 0 survivors (0K)
 Metaspace       used 2771K, committed 2944K, reserved 1114112K
  class space    used 289K, committed 384K, reserved 1048576K
}
Event: 0.696 GC heap after
{Heap after GC invocations=1 (full 0):
 garbage-first heap   total 131072K, used 2252K [0x0000000081e00000, 0x0000000100000000)
  region size 1024K, 2 young (2048K), 2 survivors (2048K)
 Metaspace       used 2771K, committed 2944K, reserved 1114112K
  class space    used 289K, committed 384K, reserved 1048576K
}
Event: 1.135 GC heap before
{Heap before GC invocations=1 (full 0):
 garbage-first heap   total 131072K, used 18636K [0x0000000081e00000, 0x0000000100000000)
  region size 1024K, 19 young (19456K), 2 survivors (2048K)
 Metaspace       used 8251K, committed 8512K, reserved 1114112K
  class space    used 1055K, committed 1152K, reserved 1048576K
}
Event: 1.141 GC heap after
{Heap after GC invocations=2 (full 0):
 garbage-first heap   total 131072K, used 5297K [0x0000000081e00000, 0x0000000100000000)
  region size 1024K, 3 young (3072K), 3 survivors (3072K)
 Metaspace       used 8251K, committed 8512K, reserved 1114112K
  class space    used 1055K, committed 1152K, reserved 1048576K
}

Deoptimization events (20 events):
Event: 4.758 Thread 0x000001e751fde020 DEOPT PACKING pc=0x000001e73dc8e4dc sp=0x000000b49d5fc5c0
Event: 4.758 Thread 0x000001e751fde020 DEOPT UNPACKING pc=0x000001e7361423a3 sp=0x000000b49d5fc518 mode 2
Event: 5.112 Thread 0x000001e751fdf8c0 Uncommon trap: trap_request=0xffffff45 fr.pc=0x000001e73dc96264 relative=0x0000000000000fa4
Event: 5.112 Thread 0x000001e751fdf8c0 Uncommon trap: reason=unstable_if action=reinterpret pc=0x000001e73dc96264 method=com.sun.scenario.effect.impl.state.BoxRenderState.validateWeights()V @ 147 c2
Event: 5.112 Thread 0x000001e751fdf8c0 DEOPT PACKING pc=0x000001e73dc96264 sp=0x000000b49d3fc280
Event: 5.112 Thread 0x000001e751fdf8c0 DEOPT UNPACKING pc=0x000001e7361423a3 sp=0x000000b49d3fc208 mode 2
Event: 6.284 Thread 0x000001e751fdf8c0 Uncommon trap: trap_request=0xffffff45 fr.pc=0x000001e73dc9758c relative=0x000000000000008c
Event: 6.284 Thread 0x000001e751fdf8c0 Uncommon trap: reason=unstable_if action=reinterpret pc=0x000001e73dc9758c method=com.sun.javafx.geom.RectBounds.isEmpty()Z @ 21 c2
Event: 6.284 Thread 0x000001e751fdf8c0 DEOPT PACKING pc=0x000001e73dc9758c sp=0x000000b49d3fd640
Event: 6.284 Thread 0x000001e751fdf8c0 DEOPT UNPACKING pc=0x000001e7361423a3 sp=0x000000b49d3fd5d0 mode 2
Event: 6.285 Thread 0x000001e751fdf8c0 DEOPT PACKING pc=0x000001e736c28aba sp=0x000000b49d3fe190
Event: 6.286 Thread 0x000001e751fdf8c0 DEOPT UNPACKING pc=0x000001e736142b43 sp=0x000000b49d3fd690 mode 0
Event: 6.286 Thread 0x000001e751fdf8c0 DEOPT PACKING pc=0x000001e736c28aba sp=0x000000b49d3fe180
Event: 6.286 Thread 0x000001e751fdf8c0 DEOPT UNPACKING pc=0x000001e736142b43 sp=0x000000b49d3fd680 mode 0
Event: 6.299 Thread 0x000001e751fdf8c0 DEOPT PACKING pc=0x000001e736c28aba sp=0x000000b49d3fe190
Event: 6.299 Thread 0x000001e751fdf8c0 DEOPT UNPACKING pc=0x000001e736142b43 sp=0x000000b49d3fd690 mode 0
Event: 6.922 Thread 0x000001e751fdf8c0 DEOPT PACKING pc=0x000001e736c28aba sp=0x000000b49d3fe180
Event: 6.922 Thread 0x000001e751fdf8c0 DEOPT UNPACKING pc=0x000001e736142b43 sp=0x000000b49d3fd680 mode 0
Event: 7.735 Thread 0x000001e751fde020 DEOPT PACKING pc=0x000001e736763656 sp=0x000000b49d5fa090
Event: 7.735 Thread 0x000001e751fde020 DEOPT UNPACKING pc=0x000001e736142b43 sp=0x000000b49d5f9530 mode 0

Classes loaded (20 events):
Event: 6.908 Loading class java/lang/constant/MethodHandleDesc
Event: 6.908 Loading class java/lang/constant/MethodHandleDesc done
Event: 6.908 Loading class java/lang/constant/MethodHandleDesc$1
Event: 6.908 Loading class java/lang/constant/MethodHandleDesc$1 done
Event: 6.908 Loading class java/lang/constant/DirectMethodHandleDescImpl
Event: 6.908 Loading class java/lang/constant/DirectMethodHandleDesc
Event: 6.908 Loading class java/lang/constant/DirectMethodHandleDesc done
Event: 6.908 Loading class java/lang/constant/DirectMethodHandleDescImpl done
Event: 6.908 Loading class java/lang/constant/DirectMethodHandleDescImpl$1
Event: 6.908 Loading class java/lang/constant/DirectMethodHandleDescImpl$1 done
Event: 6.908 Loading class java/lang/constant/DirectMethodHandleDesc$1
Event: 6.908 Loading class java/lang/constant/DirectMethodHandleDesc$1 done
Event: 6.908 Loading class java/lang/constant/PrimitiveClassDescImpl
Event: 6.908 Loading class java/lang/constant/DynamicConstantDesc
Event: 6.909 Loading class java/lang/constant/DynamicConstantDesc done
Event: 6.909 Loading class java/lang/constant/PrimitiveClassDescImpl done
Event: 6.909 Loading class java/lang/constant/DynamicConstantDesc$AnonymousDynamicConstantDesc
Event: 6.909 Loading class java/lang/constant/DynamicConstantDesc$AnonymousDynamicConstantDesc done
Event: 27.321 Loading class jdk/internal/misc/Signal$1
Event: 27.321 Loading class jdk/internal/misc/Signal$1 done

Classes unloaded (0 events):
No events

Classes redefined (0 events):
No events

Internal exceptions (20 events):
Event: 1.635 Thread 0x000001e751fde020 Exception <a 'java/lang/ClassNotFoundException'{0x0000000088f95cb8}: com/sun/javafx/scene/control/skin/resources/controls> (0x0000000088f95cb8) 
thrown [s\open\src\hotspot\share\prims\jni.cpp, line 535]
Event: 1.637 Thread 0x000001e751fde020 Exception <a 'java/lang/ClassNotFoundException'{0x0000000088fa3c58}: com/sun/javafx/scene/control/skin/resources/controls_ru> (0x0000000088fa3c58) 
thrown [s\open\src\hotspot\share\prims\jni.cpp, line 535]
Event: 1.637 Thread 0x000001e751fde020 Exception <a 'java/lang/ClassNotFoundException'{0x0000000088fa53c0}: com/sun/javafx/scene/control/skin/resources/controls_ru_RU> (0x0000000088fa53c0) 
thrown [s\open\src\hotspot\share\prims\jni.cpp, line 535]
Event: 1.700 Thread 0x000001e751fde020 Exception <a 'java/lang/NoSuchMethodError'{0x0000000088d73b00}: 'void java.lang.invoke.DirectMethodHandle$Holder.invokeSpecial(java.lang.Object, java.lang.Object, java.lang.Object, java.lang.Object, java.lang.Object, java.lang.Object)'> (0x0000000088d73b00) 
thrown [s\open\src\hotspot\share\interpreter\linkResolver.cpp, line 759]
Event: 1.798 Thread 0x000001e751fde020 Exception <a 'java/lang/NoSuchMethodError'{0x00000000887d8480}: 'int java.lang.invoke.DirectMethodHandle$Holder.invokeSpecial(java.lang.Object, java.lang.Object, int)'> (0x00000000887d8480) 
thrown [s\open\src\hotspot\share\interpreter\linkResolver.cpp, line 759]
Event: 1.814 Thread 0x000001e751fde020 Exception <a 'java/lang/NoSuchMethodError'{0x0000000088617708}: 'java.lang.Object java.lang.invoke.DirectMethodHandle$Holder.newInvokeSpecial(java.lang.Object, java.lang.Object, int)'> (0x0000000088617708) 
thrown [s\open\src\hotspot\share\interpreter\linkResolver.cpp, line 759]
Event: 1.846 Thread 0x000001e751fdf8c0 Exception <a 'java/lang/NoSuchMethodError'{0x000000008851a768}: 'int java.lang.invoke.DirectMethodHandle$Holder.invokeStaticInit(java.lang.Object, java.lang.Object)'> (0x000000008851a768) 
thrown [s\open\src\hotspot\share\interpreter\linkResolver.cpp, line 759]
Event: 1.854 Thread 0x000001e751fde020 Exception <a 'java/lang/NoSuchMethodError'{0x00000000886fc180}: 'long java.lang.invoke.DirectMethodHandle$Holder.invokeStatic(java.lang.Object, java.lang.Object, java.lang.Object)'> (0x00000000886fc180) 
thrown [s\open\src\hotspot\share\interpreter\linkResolver.cpp, line 759]
Event: 1.854 Thread 0x000001e751fde020 Exception <a 'java/lang/NoSuchMethodError'{0x00000000886ff920}: 'long java.lang.invoke.DirectMethodHandle$Holder.invokeStaticInit(java.lang.Object, java.lang.Object, java.lang.Object)'> (0x00000000886ff920) 
thrown [s\open\src\hotspot\share\interpreter\linkResolver.cpp, line 759]
Event: 1.858 Thread 0x000001e751fde020 Exception <a 'java/lang/NoSuchMethodError'{0x0000000088597458}: 'java.lang.Object java.lang.invoke.DirectMethodHandle$Holder.newInvokeSpecial(java.lang.Object, java.lang.Object, long)'> (0x0000000088597458) 
thrown [s\open\src\hotspot\share\interpreter\linkResolver.cpp, line 759]
Event: 1.858 Thread 0x000001e751fde020 Exception <a 'java/lang/NoSuchMethodError'{0x000000008859afd0}: 'java.lang.Object java.lang.invoke.Invokers$Holder.linkToTargetMethod(java.lang.Object, long, java.lang.Object)'> (0x000000008859afd0) 
thrown [s\open\src\hotspot\share\interpreter\linkResolver.cpp, line 759]
Event: 2.001 Thread 0x000001e751fdf8c0 Exception <a 'java/lang/NoSuchMethodError'{0x0000000088121c50}: 'java.lang.Object java.lang.invoke.DirectMethodHandle$Holder.invokeStaticInit(java.lang.Object, int)'> (0x0000000088121c50) 
thrown [s\open\src\hotspot\share\interpreter\linkResolver.cpp, line 759]
Event: 2.986 Thread 0x000001e751fde020 Exception <a 'java/lang/NoSuchMethodError'{0x00000000880bd710}: 'java.lang.Object java.lang.invoke.DirectMethodHandle$Holder.newInvokeSpecial(java.lang.Object, java.lang.Object, int, int, int, int, int, java.lang.Object)'> (0x00000000880bd710) 
thrown [s\open\src\hotspot\share\interpreter\linkResolver.cpp, line 759]
Event: 2.988 Thread 0x000001e751fde020 Exception <a 'java/lang/NoSuchMethodError'{0x00000000880d06f0}: 'java.lang.Object java.lang.invoke.DirectMethodHandle$Holder.newInvokeSpecial(java.lang.Object, java.lang.Object, java.lang.Object, int, int, int, int, int)'> (0x00000000880d06f0) 
thrown [s\open\src\hotspot\share\interpreter\linkResolver.cpp, line 759]
Event: 2.989 Thread 0x000001e751fde020 Exception <a 'java/lang/NoSuchMethodError'{0x00000000880d7f58}: 'java.lang.Object java.lang.invoke.Invokers$Holder.linkToTargetMethod(java.lang.Object, java.lang.Object, int, int, int, int, int, java.lang.Object)'> (0x00000000880d7f58) 
thrown [s\open\src\hotspot\share\interpreter\linkResolver.cpp, line 759]
Event: 3.664 Thread 0x000001e751fde020 Exception <a 'java/lang/NoSuchMethodError'{0x0000000087f4ba88}: 'long java.lang.invoke.DirectMethodHandle$Holder.invokeSpecial(java.lang.Object, java.lang.Object)'> (0x0000000087f4ba88) 
thrown [s\open\src\hotspot\share\interpreter\linkResolver.cpp, line 759]
Event: 3.665 Thread 0x000001e751fde020 Exception <a 'java/lang/NoSuchMethodError'{0x0000000087f4f3c8}: 'long java.lang.invoke.Invokers$Holder.invokeExact_MT(java.lang.Object, java.lang.Object)'> (0x0000000087f4f3c8) 
thrown [s\open\src\hotspot\share\interpreter\linkResolver.cpp, line 759]
Event: 4.889 Thread 0x000001e751fde020 Exception <a 'java/lang/NoSuchMethodError'{0x0000000087851978}: 'int java.lang.invoke.DirectMethodHandle$Holder.invokeVirtual(java.lang.Object, java.lang.Object)'> (0x0000000087851978) 
thrown [s\open\src\hotspot\share\interpreter\linkResolver.cpp, line 759]
Event: 6.232 Thread 0x000001e751fde020 Exception <a 'java/lang/NoSuchMethodError'{0x0000000087459f00}: 'void java.lang.invoke.DirectMethodHandle$Holder.invokeVirtual(java.lang.Object, java.lang.Object, int)'> (0x0000000087459f00) 
thrown [s\open\src\hotspot\share\interpreter\linkResolver.cpp, line 759]
Event: 6.889 Thread 0x000001e751fde020 Exception <a 'java/lang/NoSuchMethodError'{0x00000000873bacf0}: static [I.<clinit>()V> (0x00000000873bacf0) 
thrown [s\open\src\hotspot\share\prims\jni.cpp, line 1104]

VM Operations (20 events):
Event: 1.880 Executing VM operation: ICBufferFull done
Event: 2.880 Executing VM operation: Cleanup
Event: 2.881 Executing VM operation: Cleanup done
Event: 3.881 Executing VM operation: Cleanup
Event: 3.881 Executing VM operation: Cleanup done
Event: 4.881 Executing VM operation: Cleanup
Event: 4.881 Executing VM operation: Cleanup done
Event: 5.881 Executing VM operation: Cleanup
Event: 5.882 Executing VM operation: Cleanup done
Event: 6.230 Executing VM operation: HandshakeAllThreads
Event: 6.230 Executing VM operation: HandshakeAllThreads done
Event: 6.243 Executing VM operation: HandshakeAllThreads
Event: 6.244 Executing VM operation: HandshakeAllThreads done
Event: 6.891 Executing VM operation: HandshakeAllThreads
Event: 6.891 Executing VM operation: HandshakeAllThreads done
Event: 6.891 Executing VM operation: Cleanup
Event: 6.891 Executing VM operation: Cleanup done
Event: 7.892 Executing VM operation: Cleanup
Event: 7.892 Executing VM operation: Cleanup done
Event: 27.324 Executing VM operation: Exit

Events (20 events):
Event: 0.784 Thread 0x000001e750cec2b0 Thread exited: 0x000001e750cec2b0
Event: 0.802 Thread 0x000001e75206b760 Thread added: 0x000001e75206b760
Event: 0.805 Loaded shared library C:\Program Files\Java\jdk-18.0.2.1\bin\jimage.dll
Event: 0.819 Thread 0x000001e7518cc7f0 Thread added: 0x000001e7518cc7f0
Event: 1.043 Loaded shared library C:\Program Files\Java\openjfx-19_windows-x64_bin-sdk\javafx-sdk-19\bin\javafx_font.dll
Event: 1.104 Thread 0x000001e751b37450 Thread added: 0x000001e751b37450
Event: 1.582 Thread 0x000001e7520e6770 Thread added: 0x000001e7520e6770
Event: 1.915 Thread 0x000001e751b37450 Thread exited: 0x000001e751b37450
Event: 1.923 Thread 0x000001e7520e8450 Thread added: 0x000001e7520e8450
Event: 4.959 Thread 0x000001e7522b0e00 Thread added: 0x000001e7522b0e00
Event: 5.710 Thread 0x000001e7522b0e00 Thread exited: 0x000001e7522b0e00
Event: 6.253 Thread 0x000001e7525c70a0 Thread added: 0x000001e7525c70a0
Event: 6.824 Thread 0x000001e7525c70a0 Thread exited: 0x000001e7525c70a0
Event: 6.838 Thread 0x000001e74c866760 Thread added: 0x000001e74c866760
Event: 7.116 Thread 0x000001e74c866760 Thread exited: 0x000001e74c866760
Event: 27.321 Thread 0x000001e75229c3e0 Thread added: 0x000001e75229c3e0
Event: 27.321 Thread 0x000001e75229c8b0 Thread added: 0x000001e75229c8b0
Event: 27.322 Thread 0x000001e752299890 Thread added: 0x000001e752299890
Event: 27.323 Thread 0x000001e75229c8b0 Thread exited: 0x000001e75229c8b0
Event: 27.324 Thread 0x000001e752299890 Thread exited: 0x000001e752299890


Dynamic libraries:
0x00007ff775060000 - 0x00007ff775070000 	C:\Program Files\Java\jdk-18.0.2.1\bin\java.exe
0x00007ffe53610000 - 0x00007ffe53808000 	C:\Windows\SYSTEM32\ntdll.dll
0x00007ffe51690000 - 0x00007ffe5174d000 	C:\Windows\System32\KERNEL32.DLL
0x00007ffe51280000 - 0x00007ffe5154e000 	C:\Windows\System32\KERNELBASE.dll
0x00007ffe50f30000 - 0x00007ffe51030000 	C:\Windows\System32\ucrtbase.dll
0x00007ffe4cc20000 - 0x00007ffe4cc38000 	C:\Program Files\Java\jdk-18.0.2.1\bin\jli.dll
0x00007ffe4cc40000 - 0x00007ffe4cc5a000 	C:\Program Files\Java\jdk-18.0.2.1\bin\VCRUNTIME140.dll
0x00007ffe526a0000 - 0x00007ffe5274e000 	C:\Windows\System32\ADVAPI32.dll
0x00007ffe52900000 - 0x00007ffe5299e000 	C:\Windows\System32\msvcrt.dll
0x00007ffe52b40000 - 0x00007ffe52bdc000 	C:\Windows\System32\sechost.dll
0x00007ffe51750000 - 0x00007ffe51875000 	C:\Windows\System32\RPCRT4.dll
0x00007ffe529a0000 - 0x00007ffe52b40000 	C:\Windows\System32\USER32.dll
0x00007ffe50f00000 - 0x00007ffe50f22000 	C:\Windows\System32\win32u.dll
0x00007ffe533b0000 - 0x00007ffe533da000 	C:\Windows\System32\GDI32.dll
0x00007ffe510e0000 - 0x00007ffe511eb000 	C:\Windows\System32\gdi32full.dll
0x00007ffe515d0000 - 0x00007ffe5166d000 	C:\Windows\System32\msvcp_win.dll
0x00007ffe3bf30000 - 0x00007ffe3c1ca000 	C:\Windows\WinSxS\amd64_microsoft.windows.common-controls_6595b64144ccf1df_6.0.19041.1110_none_60b5254171f9507e\COMCTL32.dll
0x00007ffe4adb0000 - 0x00007ffe4adba000 	C:\Windows\SYSTEM32\VERSION.dll
0x00007ffe51940000 - 0x00007ffe51970000 	C:\Windows\System32\IMM32.DLL
0x00007ffe4cc10000 - 0x00007ffe4cc1c000 	C:\Program Files\Java\jdk-18.0.2.1\bin\vcruntime140_1.dll
0x00007ffe4cb80000 - 0x00007ffe4cc0d000 	C:\Program Files\Java\jdk-18.0.2.1\bin\msvcp140.dll
0x00007ffdfce70000 - 0x00007ffdfda81000 	C:\Program Files\Java\jdk-18.0.2.1\bin\server\jvm.dll
0x00007ffe523e0000 - 0x00007ffe523e8000 	C:\Windows\System32\PSAPI.DLL
0x00007ffdfeab0000 - 0x00007ffdfeab9000 	C:\Windows\SYSTEM32\WSOCK32.dll
0x00007ffe52370000 - 0x00007ffe523db000 	C:\Windows\System32\WS2_32.dll
0x00007ffe3c390000 - 0x00007ffe3c3b7000 	C:\Windows\SYSTEM32\WINMM.dll
0x00007ffe4f610000 - 0x00007ffe4f622000 	C:\Windows\SYSTEM32\kernel.appcore.dll
0x00007ffe4cb70000 - 0x00007ffe4cb7a000 	C:\Program Files\Java\jdk-18.0.2.1\bin\jimage.dll
0x00007ffe4f3a0000 - 0x00007ffe4f584000 	C:\Windows\SYSTEM32\DBGHELP.DLL
0x00007ffe37960000 - 0x00007ffe3798c000 	C:\Windows\SYSTEM32\dbgcore.DLL
0x00007ffe511f0000 - 0x00007ffe51272000 	C:\Windows\System32\bcryptPrimitives.dll
0x00007ffe4cb40000 - 0x00007ffe4cb4e000 	C:\Program Files\Java\jdk-18.0.2.1\bin\instrument.dll
0x00007ffe4b470000 - 0x00007ffe4b495000 	C:\Program Files\Java\jdk-18.0.2.1\bin\java.dll
0x00007ffe32ad0000 - 0x00007ffe32ba6000 	C:\Program Files\Java\jdk-18.0.2.1\bin\jsvml.dll
0x00007ffe52c60000 - 0x00007ffe533a4000 	C:\Windows\System32\SHELL32.dll
0x00007ffe4ec00000 - 0x00007ffe4f394000 	C:\Windows\SYSTEM32\windows.storage.dll
0x00007ffe51a80000 - 0x00007ffe51dd4000 	C:\Windows\System32\combase.dll
0x00007ffe50790000 - 0x00007ffe507c0000 	C:\Windows\SYSTEM32\Wldp.dll
0x00007ffe51970000 - 0x00007ffe51a1d000 	C:\Windows\System32\SHCORE.dll
0x00007ffe524c0000 - 0x00007ffe52515000 	C:\Windows\System32\shlwapi.dll
0x00007ffe50c70000 - 0x00007ffe50c8f000 	C:\Windows\SYSTEM32\profapi.dll
0x00007ffe4b920000 - 0x00007ffe4b933000 	C:\Program Files\Java\jdk-18.0.2.1\bin\net.dll
0x00007ffe49890000 - 0x00007ffe4999a000 	C:\Windows\SYSTEM32\WINHTTP.dll
0x00007ffe504f0000 - 0x00007ffe5055a000 	C:\Windows\system32\mswsock.dll
0x00007ffe4a970000 - 0x00007ffe4a986000 	C:\Program Files\Java\jdk-18.0.2.1\bin\nio.dll
0x00007ffe4cb20000 - 0x00007ffe4cb38000 	C:\Program Files\Java\jdk-18.0.2.1\bin\zip.dll
0x00007ffe4a950000 - 0x00007ffe4a96a000 	C:\Program Files\JetBrains\IntelliJ IDEA Community Edition 2022.2.1\bin\breakgen64.dll
0x000001e74c990000 - 0x000001e74c993000 	C:\Program Files\Java\openjfx-19_windows-x64_bin-sdk\javafx-sdk-19\bin\api-ms-win-core-console-l1-1-0.dll
0x000001e74c9a0000 - 0x000001e74c9a3000 	C:\Program Files\Java\openjfx-19_windows-x64_bin-sdk\javafx-sdk-19\bin\api-ms-win-core-console-l1-2-0.dll
0x000001e74c9b0000 - 0x000001e74c9b3000 	C:\Program Files\Java\openjfx-19_windows-x64_bin-sdk\javafx-sdk-19\bin\api-ms-win-core-datetime-l1-1-0.dll
0x000001e74c9c0000 - 0x000001e74c9c3000 	C:\Program Files\Java\openjfx-19_windows-x64_bin-sdk\javafx-sdk-19\bin\api-ms-win-core-debug-l1-1-0.dll
0x000001e74c9d0000 - 0x000001e74c9d3000 	C:\Program Files\Java\openjfx-19_windows-x64_bin-sdk\javafx-sdk-19\bin\api-ms-win-core-errorhandling-l1-1-0.dll
0x000001e74c9e0000 - 0x000001e74c9e4000 	C:\Program Files\Java\openjfx-19_windows-x64_bin-sdk\javafx-sdk-19\bin\api-ms-win-core-file-l1-1-0.dll
0x000001e74c9f0000 - 0x000001e74c9f3000 	C:\Program Files\Java\openjfx-19_windows-x64_bin-sdk\javafx-sdk-19\bin\api-ms-win-core-file-l1-2-0.dll
0x000001e74ca00000 - 0x000001e74ca03000 	C:\Program Files\Java\openjfx-19_windows-x64_bin-sdk\javafx-sdk-19\bin\api-ms-win-core-file-l2-1-0.dll
0x000001e74ca10000 - 0x000001e74ca13000 	C:\Program Files\Java\openjfx-19_windows-x64_bin-sdk\javafx-sdk-19\bin\api-ms-win-core-handle-l1-1-0.dll
0x000001e74ca20000 - 0x000001e74ca23000 	C:\Program Files\Java\openjfx-19_windows-x64_bin-sdk\javafx-sdk-19\bin\api-ms-win-core-heap-l1-1-0.dll
0x000001e74ca30000 - 0x000001e74ca33000 	C:\Program Files\Java\openjfx-19_windows-x64_bin-sdk\javafx-sdk-19\bin\api-ms-win-core-interlocked-l1-1-0.dll
0x000001e74ca40000 - 0x000001e74ca43000 	C:\Program Files\Java\openjfx-19_windows-x64_bin-sdk\javafx-sdk-19\bin\api-ms-win-core-libraryloader-l1-1-0.dll
0x000001e74ca50000 - 0x000001e74ca53000 	C:\Program Files\Java\openjfx-19_windows-x64_bin-sdk\javafx-sdk-19\bin\api-ms-win-core-localization-l1-2-0.dll
0x000001e74ca60000 - 0x000001e74ca63000 	C:\Program Files\Java\openjfx-19_windows-x64_bin-sdk\javafx-sdk-19\bin\api-ms-win-core-memory-l1-1-0.dll
0x000001e74ca70000 - 0x000001e74ca73000 	C:\Program Files\Java\openjfx-19_windows-x64_bin-sdk\javafx-sdk-19\bin\api-ms-win-core-namedpipe-l1-1-0.dll
0x000001e74ca80000 - 0x000001e74ca83000 	C:\Program Files\Java\openjfx-19_windows-x64_bin-sdk\javafx-sdk-19\bin\api-ms-win-core-processenvironment-l1-1-0.dll
0x000001e74ca90000 - 0x000001e74ca93000 	C:\Program Files\Java\openjfx-19_windows-x64_bin-sdk\javafx-sdk-19\bin\api-ms-win-core-processthreads-l1-1-0.dll
0x000001e74caa0000 - 0x000001e74caa3000 	C:\Program Files\Java\openjfx-19_windows-x64_bin-sdk\javafx-sdk-19\bin\api-ms-win-core-processthreads-l1-1-1.dll
0x000001e74cab0000 - 0x000001e74cab3000 	C:\Program Files\Java\openjfx-19_windows-x64_bin-sdk\javafx-sdk-19\bin\api-ms-win-core-profile-l1-1-0.dll
0x000001e74cac0000 - 0x000001e74cac3000 	C:\Program Files\Java\openjfx-19_windows-x64_bin-sdk\javafx-sdk-19\bin\api-ms-win-core-rtlsupport-l1-1-0.dll
0x000001e74cad0000 - 0x000001e74cad3000 	C:\Program Files\Java\openjfx-19_windows-x64_bin-sdk\javafx-sdk-19\bin\api-ms-win-core-string-l1-1-0.dll
0x000001e74cae0000 - 0x000001e74cae3000 	C:\Program Files\Java\openjfx-19_windows-x64_bin-sdk\javafx-sdk-19\bin\api-ms-win-core-synch-l1-1-0.dll
0x000001e74caf0000 - 0x000001e74caf3000 	C:\Program Files\Java\openjfx-19_windows-x64_bin-sdk\javafx-sdk-19\bin\api-ms-win-core-synch-l1-2-0.dll
0x000001e74cb00000 - 0x000001e74cb03000 	C:\Program Files\Java\openjfx-19_windows-x64_bin-sdk\javafx-sdk-19\bin\api-ms-win-core-sysinfo-l1-1-0.dll
0x000001e74cb10000 - 0x000001e74cb13000 	C:\Program Files\Java\openjfx-19_windows-x64_bin-sdk\javafx-sdk-19\bin\api-ms-win-core-timezone-l1-1-0.dll
0x000001e74cb20000 - 0x000001e74cb23000 	C:\Program Files\Java\openjfx-19_windows-x64_bin-sdk\javafx-sdk-19\bin\api-ms-win-core-util-l1-1-0.dll
0x000001e74cb30000 - 0x000001e74cb33000 	C:\Program Files\Java\openjfx-19_windows-x64_bin-sdk\javafx-sdk-19\bin\api-ms-win-crt-conio-l1-1-0.dll
0x000001e74cb40000 - 0x000001e74cb44000 	C:\Program Files\Java\openjfx-19_windows-x64_bin-sdk\javafx-sdk-19\bin\api-ms-win-crt-convert-l1-1-0.dll
0x000001e74cb50000 - 0x000001e74cb53000 	C:\Program Files\Java\openjfx-19_windows-x64_bin-sdk\javafx-sdk-19\bin\api-ms-win-crt-environment-l1-1-0.dll
0x000001e74cb60000 - 0x000001e74cb63000 	C:\Program Files\Java\openjfx-19_windows-x64_bin-sdk\javafx-sdk-19\bin\api-ms-win-crt-filesystem-l1-1-0.dll
0x000001e74cb70000 - 0x000001e74cb73000 	C:\Program Files\Java\openjfx-19_windows-x64_bin-sdk\javafx-sdk-19\bin\api-ms-win-crt-heap-l1-1-0.dll
0x000001e74cb80000 - 0x000001e74cb83000 	C:\Program Files\Java\openjfx-19_windows-x64_bin-sdk\javafx-sdk-19\bin\api-ms-win-crt-locale-l1-1-0.dll
0x000001e74cb90000 - 0x000001e74cb95000 	C:\Program Files\Java\openjfx-19_windows-x64_bin-sdk\javafx-sdk-19\bin\api-ms-win-crt-math-l1-1-0.dll
0x000001e74cba0000 - 0x000001e74cba5000 	C:\Program Files\Java\openjfx-19_windows-x64_bin-sdk\javafx-sdk-19\bin\api-ms-win-crt-multibyte-l1-1-0.dll
0x000001e74cbb0000 - 0x000001e74cbc0000 	C:\Program Files\Java\openjfx-19_windows-x64_bin-sdk\javafx-sdk-19\bin\api-ms-win-crt-private-l1-1-0.dll
0x000001e74cbc0000 - 0x000001e74cbc3000 	C:\Program Files\Java\openjfx-19_windows-x64_bin-sdk\javafx-sdk-19\bin\api-ms-win-crt-process-l1-1-0.dll
0x000001e74cbd0000 - 0x000001e74cbd4000 	C:\Program Files\Java\openjfx-19_windows-x64_bin-sdk\javafx-sdk-19\bin\api-ms-win-crt-runtime-l1-1-0.dll
0x000001e74cbe0000 - 0x000001e74cbe4000 	C:\Program Files\Java\openjfx-19_windows-x64_bin-sdk\javafx-sdk-19\bin\api-ms-win-crt-stdio-l1-1-0.dll
0x000001e74cbf0000 - 0x000001e74cbf4000 	C:\Program Files\Java\openjfx-19_windows-x64_bin-sdk\javafx-sdk-19\bin\api-ms-win-crt-string-l1-1-0.dll
0x000001e7527d0000 - 0x000001e7527d3000 	C:\Program Files\Java\openjfx-19_windows-x64_bin-sdk\javafx-sdk-19\bin\api-ms-win-crt-time-l1-1-0.dll
0x000001e7527e0000 - 0x000001e7527e3000 	C:\Program Files\Java\openjfx-19_windows-x64_bin-sdk\javafx-sdk-19\bin\api-ms-win-crt-utility-l1-1-0.dll
0x00007ffe2ae60000 - 0x00007ffe2af5c000 	C:\Program Files\Java\openjfx-19_windows-x64_bin-sdk\javafx-sdk-19\bin\ucrtbase.dll
0x00007ffe4a930000 - 0x00007ffe4a94b000 	C:\Program Files\Java\openjfx-19_windows-x64_bin-sdk\javafx-sdk-19\bin\vcruntime140.dll
0x00007ffe4ba50000 - 0x00007ffe4ba5c000 	C:\Program Files\Java\openjfx-19_windows-x64_bin-sdk\javafx-sdk-19\bin\vcruntime140_1.dll
0x00007ffe31c00000 - 0x00007ffe31c8e000 	C:\Program Files\Java\openjfx-19_windows-x64_bin-sdk\javafx-sdk-19\bin\msvcp140.dll
0x00007ffe4b430000 - 0x00007ffe4b439000 	C:\Program Files\Java\openjfx-19_windows-x64_bin-sdk\javafx-sdk-19\bin\msvcp140_1.dll
0x00007ffe393e0000 - 0x00007ffe39410000 	C:\Program Files\Java\openjfx-19_windows-x64_bin-sdk\javafx-sdk-19\bin\msvcp140_2.dll
0x00007ffe31b50000 - 0x00007ffe31b7c000 	C:\Program Files\Java\openjfx-19_windows-x64_bin-sdk\javafx-sdk-19\bin\prism_d3d.dll
0x00007ffe3ef10000 - 0x00007ffe3f0df000 	C:\Windows\system32\d3d9.dll
0x00007ffe4e480000 - 0x00007ffe4e4af000 	C:\Windows\SYSTEM32\dwmapi.dll
0x00007ffe4e1f0000 - 0x00007ffe4e28e000 	C:\Windows\system32\uxtheme.dll
0x00007ffe28ad0000 - 0x00007ffe28c35000 	C:\Windows\System32\DriverStore\FileRepository\72_lenovo_kabylake_hws_iigd_dch.inf_amd64_d630775471e98fa9\igdumdim64.dll
0x00007ffe53440000 - 0x00007ffe5356a000 	C:\Windows\System32\ole32.dll
0x00007ffdd8690000 - 0x00007ffddd099000 	C:\Windows\System32\DriverStore\FileRepository\72_lenovo_kabylake_hws_iigd_dch.inf_amd64_d630775471e98fa9\igd9dxva64.dll
0x00007ffe523f0000 - 0x00007ffe524bd000 	C:\Windows\System32\OLEAUT32.dll
0x00007ffe51de0000 - 0x00007ffe5224f000 	C:\Windows\System32\SETUPAPI.dll
0x00007ffe51550000 - 0x00007ffe5159e000 	C:\Windows\System32\cfgmgr32.dll
0x00007ffe515a0000 - 0x00007ffe515c7000 	C:\Windows\System32\bcrypt.dll
0x00007ffe43a50000 - 0x00007ffe43d81000 	C:\Windows\System32\DriverStore\FileRepository\72_lenovo_kabylake_hws_iigd_dch.inf_amd64_d630775471e98fa9\igdgmm64.dll
0x00007ffe31b00000 - 0x00007ffe31b42000 	C:\Program Files\Java\openjfx-19_windows-x64_bin-sdk\javafx-sdk-19\bin\glass.dll
0x00007ffe52520000 - 0x00007ffe525fa000 	C:\Windows\System32\COMDLG32.dll
0x00007ffe52250000 - 0x00007ffe52365000 	C:\Windows\System32\MSCTF.dll
0x00007ffdfe780000 - 0x00007ffdfe7a7000 	C:\Windows\System32\DriverStore\FileRepository\72_lenovo_kabylake_hws_iigd_dch.inf_amd64_d630775471e98fa9\igdinfo64.dll
0x00007ffe506e0000 - 0x00007ffe506f8000 	C:\Windows\SYSTEM32\CRYPTSP.dll
0x00007ffe4fe00000 - 0x00007ffe4fe34000 	C:\Windows\system32\rsaenh.dll
0x00007ffe50700000 - 0x00007ffe5070c000 	C:\Windows\SYSTEM32\CRYPTBASE.dll
0x00007ffe408e0000 - 0x00007ffe4361c000 	C:\Windows\System32\DriverStore\FileRepository\72_lenovo_kabylake_hws_iigd_dch.inf_amd64_d630775471e98fa9\igc64.dll
0x00007ffe45f60000 - 0x00007ffe45f9b000 	C:\Windows\SYSTEM32\dxcore.dll
0x00007ffe4a8d0000 - 0x00007ffe4a8e4000 	C:\Program Files\Java\openjfx-19_windows-x64_bin-sdk\javafx-sdk-19\bin\javafx_font.dll
0x00007ffe3e170000 - 0x00007ffe3e3ef000 	C:\Windows\SYSTEM32\dwrite.dll
0x00007ffe51880000 - 0x00007ffe51929000 	C:\Windows\System32\clbcatq.dll
0x00007ffe48da0000 - 0x00007ffe48f54000 	C:\Windows\SYSTEM32\WindowsCodecs.dll
0x00007ffe1f6b0000 - 0x00007ffe1f6ee000 	C:\Windows\system32\dataexchange.dll
0x00007ffe4c440000 - 0x00007ffe4c6a3000 	C:\Windows\system32\d3d11.dll
0x00007ffe4d4d0000 - 0x00007ffe4d6b4000 	C:\Windows\system32\dcomp.dll
0x00007ffe4f630000 - 0x00007ffe4f723000 	C:\Windows\system32\dxgi.dll
0x00007ffe49360000 - 0x00007ffe49560000 	C:\Windows\system32\twinapi.appcore.dll
0x00007ffe2ad60000 - 0x00007ffe2ad94000 	C:\Program Files\Common Files\Microsoft Shared\Ink\rtscom.dll
0x00007ffe43ef0000 - 0x00007ffe43fe9000 	C:\Windows\SYSTEM32\textinputframework.dll
0x00007ffe4de80000 - 0x00007ffe4df72000 	C:\Windows\System32\CoreMessaging.dll
0x00007ffe4db20000 - 0x00007ffe4de7e000 	C:\Windows\System32\CoreUIComponents.dll

dbghelp: loaded successfully - version: 4.0.5 - missing functions: none
symbol engine: initialized successfully - sym options: 0x614 - pdb path: .;C:\Program Files\Java\jdk-18.0.2.1\bin;C:\Windows\SYSTEM32;C:\Windows\WinSxS\amd64_microsoft.windows.common-controls_6595b64144ccf1df_6.0.19041.1110_none_60b5254171f9507e;C:\Program Files\Java\jdk-18.0.2.1\bin\server;C:\Program Files\JetBrains\IntelliJ IDEA Community Edition 2022.2.1\bin;C:\Program Files\Java\openjfx-19_windows-x64_bin-sdk\javafx-sdk-19\bin;C:\Windows\System32\DriverStore\FileRepository\72_lenovo_kabylake_hws_iigd_dch.inf_amd64_d630775471e98fa9;C:\Program Files\Common Files\Microsoft Shared\Ink

VM Arguments:
jvm_args: --module-path=C:/Program Files/Java/openjfx-19_windows-x64_bin-sdk/javafx-sdk-19/lib --add-modules=javafx.controls,javafx.fxml -javaagent:C:\Program Files\JetBrains\IntelliJ IDEA Community Edition 2022.2.1\lib\idea_rt.jar=64322:C:\Program Files\JetBrains\IntelliJ IDEA Community Edition 2022.2.1\bin -Dfile.encoding=UTF-8 -Dsun.stdout.encoding=UTF-8 -Dsun.stderr.encoding=UTF-8 
java_command: Client
java_class_path (initial): E:\prog 5\\kurs\out\production\Client;C:\Program Files\Java\openjfx-19_windows-x64_bin-sdk\javafx-sdk-19\lib\javafx-swt.jar;C:\Program Files\Java\openjfx-19_windows-x64_bin-sdk\javafx-sdk-19\lib\javafx.web.jar;C:\Program Files\Java\openjfx-19_windows-x64_bin-sdk\javafx-sdk-19\lib\javafx.base.jar;C:\Program Files\Java\openjfx-19_windows-x64_bin-sdk\javafx-sdk-19\lib\javafx.fxml.jar;C:\Program Files\Java\openjfx-19_windows-x64_bin-sdk\javafx-sdk-19\lib\javafx.media.jar;C:\Program Files\Java\openjfx-19_windows-x64_bin-sdk\javafx-sdk-19\lib\javafx.swing.jar;C:\Program Files\Java\openjfx-19_windows-x64_bin-sdk\javafx-sdk-19\lib\javafx.controls.jar;C:\Program Files\Java\openjfx-19_windows-x64_bin-sdk\javafx-sdk-19\lib\javafx.graphics.jar;C:\Users\\Downloads\mysql-connector-java-8.0.26.jar;E:\prog 5\\kurs\out\production\kurs;C:\Program Files\Java\jdk-18.0.2.1\lib\jrt-fs.jar
Launcher Type: SUN_STANDARD

[Global flags]
     intx CICompilerCount                          = 3                                         {product} {ergonomic}
     uint ConcGCThreads                            = 1                                         {product} {ergonomic}
     uint G1ConcRefinementThreads                  = 4                                         {product} {ergonomic}
   size_t G1HeapRegionSize                         = 1048576                                   {product} {ergonomic}
    uintx GCDrainStackTargetSize                   = 64                                        {product} {ergonomic}
   size_t InitialHeapSize                          = 134217728                                 {product} {ergonomic}
   size_t MarkStackSize                            = 4194304                                   {product} {ergonomic}
   size_t MaxHeapSize                              = 2116026368                                {product} {ergonomic}
   size_t MaxNewSize                               = 1268776960                                {product} {ergonomic}
   size_t MinHeapDeltaBytes                        = 1048576                                   {product} {ergonomic}
   size_t MinHeapSize                              = 8388608                                   {product} {ergonomic}
    uintx NonNMethodCodeHeapSize                   = 5832780                                {pd product} {ergonomic}
    uintx NonProfiledCodeHeapSize                  = 122912730                              {pd product} {ergonomic}
    uintx ProfiledCodeHeapSize                     = 122912730                              {pd product} {ergonomic}
    uintx ReservedCodeCacheSize                    = 251658240                              {pd product} {ergonomic}
     bool SegmentedCodeCache                       = true                                      {product} {ergonomic}
   size_t SoftMaxHeapSize                          = 2116026368                             {manageable} {ergonomic}
     bool UseCompressedClassPointers               = true                           {product lp64_product} {ergonomic}
     bool UseCompressedOops                        = true                           {product lp64_product} {ergonomic}
     bool UseG1GC                                  = true                                      {product} {ergonomic}
     bool UseLargePagesIndividualAllocation        = false                                  {pd product} {ergonomic}

Logging:
Log output configuration:
 #0: stdout all=off uptime,level,tags foldmultilines=false
 #1: stderr all=off uptime,level,tags foldmultilines=false

Environment Variables:
PATH=C:\Program Files\Common Files\Oracle\Java\javapath;C:\Program Files (x86)\Common Files\Oracle\Java\javapath;C:\Windows\system32;C:\Windows;C:\Windows\System32\Wbem;C:\Windows\System32\WindowsPowerShell\v1.0\;C:\Windows\System32\OpenSSH\;C:\Program Files (x86)\NVIDIA Corporation\PhysX\Common;C:\Program Files\NVIDIA Corporation\NVIDIA NvDLISR;C:\Program Files\Azure Data Studio\bin;C:\Program Files\MySQL\MySQL Shell 8.0\bin\;C:\Users\\AppData\Local\Microsoft\WindowsApps;;C:\Program Files\Azure Data Studio\bin
USERNAME=
OS=Windows_NT
PROCESSOR_IDENTIFIER=Intel64 Family 6 Model 142 Stepping 9, GenuineIntel



---------------  S Y S T E M  ---------------

OS:
 Windows 10 , 64 bit Build 19041 (10.0.19041.1806)
OS uptime: 0 days 5:04 hours

CPU: total 4 (initial active 4) (2 cores per cpu, 2 threads per core) family 6 model 142 stepping 9 microcode 0xd6, cx8, cmov, fxsr, ht, mmx, 3dnowpref, sse, sse2, sse3, ssse3, sse4.1, sse4.2, popcnt, lzcnt, tsc, tscinvbit, avx, avx2, aes, erms, clmul, bmi1, bmi2, adx, fma, vzeroupper, clflush, clflushopt

Memory: 4k page, system-wide physical 8066M (3453M free)
TotalPageFile size 16228M (AvailPageFile size 6064M)
current process WorkingSet (physical memory assigned to process): 185M, peak: 194M
current process commit charge ("private bytes"): 292M, peak: 305M

vm_info: Java HotSpot(TM) 64-Bit Server VM (18.0.2.1+1-1) for windows-amd64 JRE (18.0.2.1+1-1), built on Aug 16 2022 01:46:33 by "mach5one" with MS VC++ 16.8 / 16.9 (VS2019)

END.
