#
# A fatal error has been detected by the Java Runtime Environment:
#
#  EXCEPTION_ACCESS_VIOLATION (0xc0000005) at pc=0x00007ffb472663b7, pid=7316, tid=7120
#
# JRE version: Java(TM) SE Runtime Environment (18.0.2.1+1) (build 18.0.2.1+1-1)
# Java VM: Java HotSpot(TM) 64-Bit Server VM (18.0.2.1+1-1, mixed mode, sharing, tiered, compressed oops, compressed class ptrs, g1 gc, windows-amd64)
# Problematic frame:
# C  [glass.dll+0x263b7]
#
# No core dump will be written. Minidumps are not enabled by default on client versions of Windows
#
# If you would like to submit a bug report, please visit:
#   https://bugreport.java.com/bugreport/crash.jsp
#

---------------  S U M M A R Y ------------

Command Line: --module-path=C:/Program Files/Java/openjfx-19_windows-x64_bin-sdk/javafx-sdk-19/lib --add-modules=javafx.controls,javafx.fxml -javaagent:C:\Program Files\JetBrains\IntelliJ IDEA Community Edition 2022.2.1\lib\idea_rt.jar=59557:C:\Program Files\JetBrains\IntelliJ IDEA Community Edition 2022.2.1\bin -Dfile.encoding=UTF-8 -Dsun.stdout.encoding=UTF-8 -Dsun.stderr.encoding=UTF-8 Client

Host: Intel(R) Core(TM) i3-7130U CPU @ 2.70GHz, 4 cores, 7G,  Windows 10 , 64 bit Build 19041 (10.0.19041.1806)
Time: Mon Dec  5 19:46:20 2022  Windows 10 , 64 bit Build 19041 (10.0.19041.1806) elapsed time: 69.127348 seconds (0d 0h 1m 9s)

---------------  T H R E A D  ---------------

Current thread (0x000002211b5b2400):  VMThread "VM Thread" [stack: 0x000000f46da00000,0x000000f46db00000] [id=7120]

Stack: [0x000000f46da00000,0x000000f46db00000],  sp=0x000000f46daff220,  free space=1020k
Native frames: (J=compiled Java code, j=interpreted, Vv=VM code, C=native code)
C  [glass.dll+0x263b7]


siginfo: EXCEPTION_ACCESS_VIOLATION (0xc0000005), reading address 0x0000000000000000


Register to memory mapping:

RIP=0x00007ffb472663b7 glass.dll
RAX=0x0 is NULL
RBX=0x0000022138dffda0 is a global jni handle
RCX=0x000002211b5b2400 points into unknown readable memory: 0x00007ffb43b6ea28 | 28 ea b6 43 fb 7f 00 00
RDX=0x000000f46daff220 points into unknown readable memory: 0x0000000000000000 | 00 00 00 00 00 00 00 00
RSP=0x000000f46daff220 points into unknown readable memory: 0x0000000000000000 | 00 00 00 00 00 00 00 00
RBP=0x000002213d9c1798 points into unknown readable memory: 0x0000a49babf9b47a | 7a b4 f9 ab 9b a4 00 00
RSI=0x000002213d9c1770 points into unknown readable memory: 0x2000a56446e52c9a | 9a 2c e5 46 64 a5 00 20
RDI=0x0000a49babf9b47a is an unknown value
R8 =0x0000000000010002 is an unknown value
R9 =0x0000a49babf9b47a is an unknown value
R10=0x0000000000008000 is an unknown value
R11=0x000000f46daff1b0 points into unknown readable memory: 0x000002213d9c1770 | 70 17 9c 3d 21 02 00 00
R12=0x00007ffb47263cf0 glass.dll
R13=0x00007ffb43d30c00 jvm.dll
R14=0x000000f46daff318 points into unknown readable memory: 0x000000f46daff300 | 00 f3 af 6d f4 00 00 00
R15=0x000002213d9c1770 points into unknown readable memory: 0x2000a56446e52c9a | 9a 2c e5 46 64 a5 00 20


Registers:
RAX=0x0000000000000000, RBX=0x0000022138dffda0, RCX=0x000002211b5b2400, RDX=0x000000f46daff220
RSP=0x000000f46daff220, RBP=0x000002213d9c1798, RSI=0x000002213d9c1770, RDI=0x0000a49babf9b47a
R8 =0x0000000000010002, R9 =0x0000a49babf9b47a, R10=0x0000000000008000, R11=0x000000f46daff1b0
R12=0x00007ffb47263cf0, R13=0x00007ffb43d30c00, R14=0x000000f46daff318, R15=0x000002213d9c1770
RIP=0x00007ffb472663b7, EFLAGS=0x0000000000010206

Top of Stack: (sp=0x000000f46daff220)
0x000000f46daff220:   0000000000000000 000002213d9c1770
0x000000f46daff230:   00007ffb43d30c00 00007ffb47263cf0
0x000000f46daff240:   000002213d9c1778 00007ffba2f442d6
0x000000f46daff250:   0000a49babf9b47a 0000022100000000
0x000000f46daff260:   000002213d9c1798 000002213d9c1770
0x000000f46daff270:   fffffffffffffffe 0000000000000000
0x000000f46daff280:   0000000000000001 00007ffb47240000
0x000000f46daff290:   000000f46daff308 00007ffba2f441fb
0x000000f46daff2a0:   0000000000000000 000000f46daff318
0x000000f46daff2b0:   000000f46daff5e0 00007ffba3020e40
0x000000f46daff2c0:   0000000000000001 00007ffba2f441b4
0x000000f46daff2d0:   0000000000000000 0000000000000001
0x000000f46daff2e0:   0000000000000000 000000f46daff308
0x000000f46daff2f0:   00007ffba27d3000 00007ffb47263b7d
0x000000f46daff300:   00007ffb47279f88 0000000000000002
0x000000f46daff310:   0000000000000002 000000f46daff300 

Instructions: (pc=0x00007ffb472663b7)
0x00007ffb472662b7:   8b 4d 58 e8 7d cf ff ff 48 8b 4d 60 e8 74 cf ff
0x00007ffb472662c7:   ff 48 8b 95 80 00 00 00 48 8b 8d 18 01 00 00 e8
0x00007ffb472662d7:   66 c4 ff ff 33 d2 33 c9 e8 bc e1 ff ff 90 48 89
0x00007ffb472662e7:   54 24 10 55 48 83 ec 20 48 8b ea 48 b8 00 00 00
0x00007ffb472662f7:   00 00 00 00 00 48 83 c4 20 5d c3 cc 40 55 48 8b
0x00007ffb47266307:   ea 48 8b 01 33 c9 81 38 05 00 00 c0 0f 94 c1 8b
0x00007ffb47266317:   c1 5d c3 cc 40 55 48 83 ec 20 48 8b ea 8a 4d 40
0x00007ffb47266327:   48 83 c4 20 5d e9 63 d3 ff ff cc 40 55 48 83 ec
0x00007ffb47266337:   20 48 8b ea 8a 4d 20 e8 51 d3 ff ff 90 48 83 c4
0x00007ffb47266347:   20 5d c3 cc 40 55 48 83 ec 20 48 8b ea 48 83 c4
0x00007ffb47266357:   20 5d e9 b2 d1 ff ff cc 40 55 48 83 ec 30 48 8b
0x00007ffb47266367:   ea 48 8b 01 8b 10 48 89 4c 24 28 89 54 24 20 4c
0x00007ffb47266377:   8d 0d 53 d6 ff ff 4c 8b 45 70 8b 55 68 48 8b 4d
0x00007ffb47266387:   60 e8 f3 d0 ff ff 90 48 83 c4 30 5d c3 cc cc cc
0x00007ffb47266397:   cc cc cc cc cc cc cc cc cc 40 53 48 83 ec 20 48
0x00007ffb472663a7:   8b 1d db 35 01 00 48 85 db 74 16 e8 79 8b ff ff
0x00007ffb472663b7:   4c 8b 00 48 8b d3 48 8b c8 41 ff 90 b0 00 00 00
0x00007ffb472663c7:   90 48 83 c4 20 5b c3 cc cc 40 53 48 83 ec 20 48
0x00007ffb472663d7:   8b 1d 4b 37 01 00 48 85 db 74 57 b8 ff ff ff ff
0x00007ffb472663e7:   f0 0f c1 43 10 83 f8 01 75 3d 48 85 db 74 38 48
0x00007ffb472663f7:   8b 0b 48 85 c9 74 0d ff 15 a4 0e 00 00 48 c7 03
0x00007ffb47266407:   00 00 00 00 48 8b 4b 08 48 85 c9 74 0d e8 23 ce
0x00007ffb47266417:   ff ff 48 c7 43 08 00 00 00 00 ba 18 00 00 00 48
0x00007ffb47266427:   8b cb e8 0e ce ff ff 48 c7 05 ef 36 01 00 00 00
0x00007ffb47266437:   00 00 48 83 c4 20 5b c3 cc 40 53 48 83 ec 20 48
0x00007ffb47266447:   8b 1d bb 36 01 00 48 85 db 74 57 b8 ff ff ff ff
0x00007ffb47266457:   f0 0f c1 43 10 83 f8 01 75 3d 48 85 db 74 38 48
0x00007ffb47266467:   8b 0b 48 85 c9 74 0d ff 15 34 0e 00 00 48 c7 03
0x00007ffb47266477:   00 00 00 00 48 8b 4b 08 48 85 c9 74 0d e8 b3 cd
0x00007ffb47266487:   ff ff 48 c7 43 08 00 00 00 00 ba 18 00 00 00 48
0x00007ffb47266497:   8b cb e8 9e cd ff ff 48 c7 05 5f 36 01 00 00 00
0x00007ffb472664a7:   00 00 48 83 c4 20 5b c3 cc 40 53 48 83 ec 20 48 


Stack slot to memory mapping:
stack at sp + 0 slots: 0x0 is NULL
stack at sp + 1 slots: 0x000002213d9c1770 points into unknown readable memory: 0x2000a56446e52c9a | 9a 2c e5 46 64 a5 00 20
stack at sp + 2 slots: 0x00007ffb43d30c00 jvm.dll
stack at sp + 3 slots: 0x00007ffb47263cf0 glass.dll
stack at sp + 4 slots: 0x000002213d9c1778 points into unknown readable memory: 0x0000a49babf9b47a | 7a b4 f9 ab 9b a4 00 00
stack at sp + 5 slots: 0x00007ffba2f442d6 ucrtbase.dll
stack at sp + 6 slots: 0x0000a49babf9b47a is an unknown value
stack at sp + 7 slots: 0x0000022100000000 is an unknown value

VM_Operation (0x000000f46d1ff520): Exit, mode: safepoint, requested by thread 0x000002213e8f1ef0


---------------  P R O C E S S  ---------------

Threads class SMR info:
_java_thread_list=0x000002213e9cc390, length=22, elements={
0x000002211b530c40, 0x0000022138dedfa0, 0x0000022138df2e90, 0x0000022138e08160,
0x0000022138e08b00, 0x0000022138e094a0, 0x0000022138e09f80, 0x0000022138e0c620,
0x0000022138e443c0, 0x0000022138e57dc0, 0x0000022138ebe420, 0x000002213db30080,
0x000002213dacb450, 0x000002213d88d620, 0x000002213d9a9f80, 0x000002213d522620,
0x000002213e5c2ed0, 0x000002213e5b6460, 0x000002213dd9b2b0, 0x000002213dd9cf90,
0x000002213e8f1ef0, 0x000002213e8f06e0
}

Java Threads: ( => current thread )
  0x000002211b530c40 JavaThread "main" [_thread_blocked, id=6656, stack(0x000000f46d400000,0x000000f46d500000)]
  0x0000022138dedfa0 JavaThread "Reference Handler" daemon [_thread_blocked, id=9440, stack(0x000000f46db00000,0x000000f46dc00000)]
  0x0000022138df2e90 JavaThread "Finalizer" daemon [_thread_blocked, id=5588, stack(0x000000f46dc00000,0x000000f46dd00000)]
  0x0000022138e08160 JavaThread "Signal Dispatcher" daemon [_thread_blocked, id=10628, stack(0x000000f46dd00000,0x000000f46de00000)]
  0x0000022138e08b00 JavaThread "Attach Listener" daemon [_thread_blocked, id=8240, stack(0x000000f46de00000,0x000000f46df00000)]
  0x0000022138e094a0 JavaThread "Service Thread" daemon [_thread_blocked, id=3152, stack(0x000000f46df00000,0x000000f46e000000)]
  0x0000022138e09f80 JavaThread "Monitor Deflation Thread" daemon [_thread_blocked, id=2864, stack(0x000000f46e000000,0x000000f46e100000)]
  0x0000022138e0c620 JavaThread "C2 CompilerThread0" daemon [_thread_blocked, id=8428, stack(0x000000f46e100000,0x000000f46e200000)]
  0x0000022138e443c0 JavaThread "C1 CompilerThread0" daemon [_thread_blocked, id=5776, stack(0x000000f46e200000,0x000000f46e300000)]
  0x0000022138e57dc0 JavaThread "Sweeper thread" daemon [_thread_blocked, id=8548, stack(0x000000f46e300000,0x000000f46e400000)]
  0x0000022138ebe420 JavaThread "Common-Cleaner" daemon [_thread_blocked, id=6908, stack(0x000000f46e400000,0x000000f46e500000)]
  0x000002213db30080 JavaThread "Monitor Ctrl-Break" daemon [_thread_in_native, id=1288, stack(0x000000f46e600000,0x000000f46e700000)]
  0x000002213dacb450 JavaThread "Notification Thread" daemon [_thread_blocked, id=10084, stack(0x000000f46e700000,0x000000f46e800000)]
  0x000002213d88d620 JavaThread "QuantumRenderer-0" daemon [_thread_blocked, id=2564, stack(0x000000f46e900000,0x000000f46ea00000)]
  0x000002213d9a9f80 JavaThread "InvokeLaterDispatcher" daemon [_thread_blocked, id=5580, stack(0x000000f46ea00000,0x000000f46eb00000)]
  0x000002213d522620 JavaThread "JavaFX Application Thread" [_thread_blocked, id=3480, stack(0x000000f46eb00000,0x000000f46ec00000)]
  0x000002213e5c2ed0 JavaThread "Thread-1" daemon [_thread_in_native, id=3680, stack(0x000000f46f200000,0x000000f46f300000)]
  0x000002213e5b6460 JavaThread "JavaFX-Launcher" [_thread_blocked, id=7252, stack(0x000000f46f300000,0x000000f46f400000)]
  0x000002213dd9b2b0 JavaThread "Prism Font Disposer" daemon [_thread_blocked, id=1320, stack(0x000000f46f700000,0x000000f46f800000)]
  0x000002213dd9cf90 JavaThread "Cleaner-0" daemon [_thread_blocked, id=8700, stack(0x000000f46e500000,0x000000f46e600000)]
  0x000002213e8f1ef0 JavaThread "SIGINT handler" daemon [_thread_blocked, id=4952, stack(0x000000f46d100000,0x000000f46d200000)]
  0x000002213e8f06e0 JavaThread "Glass/Prism Shutdown Hook" [_thread_blocked, id=8388, stack(0x000000f46d200000,0x000000f46d300000)]

Other Threads:
=>0x000002211b5b2400 VMThread "VM Thread" [stack: 0x000000f46da00000,0x000000f46db00000] [id=7120]
  0x000002211b58e4f0 WorkerThread "GC Thread#0" [stack: 0x000000f46d500000,0x000000f46d600000] [id=8608]
  0x000002213d522eb0 WorkerThread "GC Thread#1" [stack: 0x000000f46ec00000,0x000000f46ed00000] [id=5976]
  0x000002213d863680 WorkerThread "GC Thread#2" [stack: 0x000000f46ed00000,0x000000f46ee00000] [id=7680]
  0x000002213dac5410 WorkerThread "GC Thread#3" [stack: 0x000000f46ee00000,0x000000f46ef00000] [id=9644]
  0x000002211b5a0070 ConcurrentGCThread "G1 Main Marker" terminated
  0x000002211b5a1a70 WorkerThread "G1 Conc#0" [stack: 0x000000f46d700000,0x000000f46d800000] [id=9008]
  0x000002211b5e5090 ConcurrentGCThread "G1 Refine#0" terminated
  0x000002211b5e59a0 ConcurrentGCThread "G1 Service" terminated

Threads with active compile tasks:

VM state: at safepoint (shutting down)

VM Mutex/Monitor currently owned by a thread:  ([mutex/lock_event])
[0x000002211b52dc40] Threads_lock - owner thread: 0x000002211b5b2400
[0x000002211b52d730] Heap_lock - owner thread: 0x000002213e8f1ef0

Heap address: 0x0000000081e00000, size: 2018 MB, Compressed Oops mode: 32-bit

CDS archive(s) mapped at: [0x0000000800000000-0x0000000800ba0000-0x0000000800ba0000), size 12189696, SharedBaseAddress: 0x0000000800000000, ArchiveRelocationMode: 0.
Compressed class space mapped at: 0x0000000800c00000-0x0000000840c00000, reserved size: 1073741824
Narrow klass base: 0x0000000800000000, Narrow klass shift: 0, Narrow klass range: 0x100000000

GC Precious Log:
 CardTable entry size: 512
 Card Set container configuration: InlinePtr #cards 5 size 8 Array Of Cards #cards 12 size 40 Howl #buckets 4 coarsen threshold 1843 Howl Bitmap #cards 512 size 80 coarsen threshold 460 Card regions per heap region 1 cards per card region 2048
 CPUs: 4 total, 4 available
 Memory: 8066M
 Large Page Support: Disabled
 NUMA Support: Disabled
 Compressed Oops: Enabled (32-bit)
 Heap Region Size: 1M
 Heap Min Capacity: 8M
 Heap Initial Capacity: 128M
 Heap Max Capacity: 2018M
 Pre-touch: Disabled
 Parallel Workers: 4
 Concurrent Workers: 1
 Concurrent Refinement Workers: 4
 Periodic GC: Disabled

Heap:
 garbage-first heap   total 131072K, used 49054K [0x0000000081e00000, 0x0000000100000000)
  region size 1024K, 45 young (46080K), 3 survivors (3072K)
 Metaspace       used 18583K, committed 18944K, reserved 1114112K
  class space    used 2720K, committed 2880K, reserved 1048576K

Heap Regions: E=young(eden), S=young(survivor), O=old, HS=humongous(starts), HC=humongous(continues), CS=collection set, F=free, OA=open archive, CA=closed archive, TAMS=top-at-mark-start (previous, next)
|   0|0x0000000081e00000, 0x0000000081f00000, 0x0000000081f00000|100%| O|  |TAMS 0x0000000081e00000, 0x0000000081e00000| Untracked 
|   1|0x0000000081f00000, 0x0000000082000000, 0x0000000082000000|100%| O|  |TAMS 0x0000000081f00000, 0x0000000081f00000| Untracked 
|   2|0x0000000082000000, 0x0000000082021800, 0x0000000082100000| 13%| O|  |TAMS 0x0000000082000000, 0x0000000082000000| Untracked 
|   3|0x0000000082100000, 0x0000000082200000, 0x0000000082200000|100%|HS|  |TAMS 0x0000000082100000, 0x0000000082100000| Complete 
|   4|0x0000000082200000, 0x0000000082300000, 0x0000000082300000|100%|HC|  |TAMS 0x0000000082200000, 0x0000000082200000| Complete 
|   5|0x0000000082300000, 0x0000000082300000, 0x0000000082400000|  0%| F|  |TAMS 0x0000000082300000, 0x0000000082300000| Untracked 
|   6|0x0000000082400000, 0x0000000082400000, 0x0000000082500000|  0%| F|  |TAMS 0x0000000082400000, 0x0000000082400000| Untracked 
|   7|0x0000000082500000, 0x0000000082500000, 0x0000000082600000|  0%| F|  |TAMS 0x0000000082500000, 0x0000000082500000| Untracked 
|   8|0x0000000082600000, 0x0000000082600000, 0x0000000082700000|  0%| F|  |TAMS 0x0000000082600000, 0x0000000082600000| Untracked 
|   9|0x0000000082700000, 0x0000000082700000, 0x0000000082800000|  0%| F|  |TAMS 0x0000000082700000, 0x0000000082700000| Untracked 
|  10|0x0000000082800000, 0x0000000082800000, 0x0000000082900000|  0%| F|  |TAMS 0x0000000082800000, 0x0000000082800000| Untracked 
|  11|0x0000000082900000, 0x0000000082900000, 0x0000000082a00000|  0%| F|  |TAMS 0x0000000082900000, 0x0000000082900000| Untracked 
|  12|0x0000000082a00000, 0x0000000082a00000, 0x0000000082b00000|  0%| F|  |TAMS 0x0000000082a00000, 0x0000000082a00000| Untracked 
|  13|0x0000000082b00000, 0x0000000082b00000, 0x0000000082c00000|  0%| F|  |TAMS 0x0000000082b00000, 0x0000000082b00000| Untracked 
|  14|0x0000000082c00000, 0x0000000082c00000, 0x0000000082d00000|  0%| F|  |TAMS 0x0000000082c00000, 0x0000000082c00000| Untracked 
|  15|0x0000000082d00000, 0x0000000082d00000, 0x0000000082e00000|  0%| F|  |TAMS 0x0000000082d00000, 0x0000000082d00000| Untracked 
|  16|0x0000000082e00000, 0x0000000082e00000, 0x0000000082f00000|  0%| F|  |TAMS 0x0000000082e00000, 0x0000000082e00000| Untracked 
|  17|0x0000000082f00000, 0x0000000082f00000, 0x0000000083000000|  0%| F|  |TAMS 0x0000000082f00000, 0x0000000082f00000| Untracked 
|  18|0x0000000083000000, 0x0000000083000000, 0x0000000083100000|  0%| F|  |TAMS 0x0000000083000000, 0x0000000083000000| Untracked 
|  19|0x0000000083100000, 0x0000000083100000, 0x0000000083200000|  0%| F|  |TAMS 0x0000000083100000, 0x0000000083100000| Untracked 
|  20|0x0000000083200000, 0x0000000083200000, 0x0000000083300000|  0%| F|  |TAMS 0x0000000083200000, 0x0000000083200000| Untracked 
|  21|0x0000000083300000, 0x0000000083300000, 0x0000000083400000|  0%| F|  |TAMS 0x0000000083300000, 0x0000000083300000| Untracked 
|  22|0x0000000083400000, 0x0000000083400000, 0x0000000083500000|  0%| F|  |TAMS 0x0000000083400000, 0x0000000083400000| Untracked 
|  23|0x0000000083500000, 0x0000000083500000, 0x0000000083600000|  0%| F|  |TAMS 0x0000000083500000, 0x0000000083500000| Untracked 
|  24|0x0000000083600000, 0x0000000083600000, 0x0000000083700000|  0%| F|  |TAMS 0x0000000083600000, 0x0000000083600000| Untracked 
|  25|0x0000000083700000, 0x0000000083700000, 0x0000000083800000|  0%| F|  |TAMS 0x0000000083700000, 0x0000000083700000| Untracked 
|  26|0x0000000083800000, 0x0000000083800000, 0x0000000083900000|  0%| F|  |TAMS 0x0000000083800000, 0x0000000083800000| Untracked 
|  27|0x0000000083900000, 0x0000000083900000, 0x0000000083a00000|  0%| F|  |TAMS 0x0000000083900000, 0x0000000083900000| Untracked 
|  28|0x0000000083a00000, 0x0000000083a00000, 0x0000000083b00000|  0%| F|  |TAMS 0x0000000083a00000, 0x0000000083a00000| Untracked 
|  29|0x0000000083b00000, 0x0000000083b00000, 0x0000000083c00000|  0%| F|  |TAMS 0x0000000083b00000, 0x0000000083b00000| Untracked 
|  30|0x0000000083c00000, 0x0000000083c00000, 0x0000000083d00000|  0%| F|  |TAMS 0x0000000083c00000, 0x0000000083c00000| Untracked 
|  31|0x0000000083d00000, 0x0000000083d00000, 0x0000000083e00000|  0%| F|  |TAMS 0x0000000083d00000, 0x0000000083d00000| Untracked 
|  32|0x0000000083e00000, 0x0000000083e00000, 0x0000000083f00000|  0%| F|  |TAMS 0x0000000083e00000, 0x0000000083e00000| Untracked 
|  33|0x0000000083f00000, 0x0000000083f00000, 0x0000000084000000|  0%| F|  |TAMS 0x0000000083f00000, 0x0000000083f00000| Untracked 
|  34|0x0000000084000000, 0x0000000084000000, 0x0000000084100000|  0%| F|  |TAMS 0x0000000084000000, 0x0000000084000000| Untracked 
|  35|0x0000000084100000, 0x0000000084100000, 0x0000000084200000|  0%| F|  |TAMS 0x0000000084100000, 0x0000000084100000| Untracked 
|  36|0x0000000084200000, 0x0000000084200000, 0x0000000084300000|  0%| F|  |TAMS 0x0000000084200000, 0x0000000084200000| Untracked 
|  37|0x0000000084300000, 0x0000000084300000, 0x0000000084400000|  0%| F|  |TAMS 0x0000000084300000, 0x0000000084300000| Untracked 
|  38|0x0000000084400000, 0x0000000084400000, 0x0000000084500000|  0%| F|  |TAMS 0x0000000084400000, 0x0000000084400000| Untracked 
|  39|0x0000000084500000, 0x0000000084500000, 0x0000000084600000|  0%| F|  |TAMS 0x0000000084500000, 0x0000000084500000| Untracked 
|  40|0x0000000084600000, 0x0000000084600000, 0x0000000084700000|  0%| F|  |TAMS 0x0000000084600000, 0x0000000084600000| Untracked 
|  41|0x0000000084700000, 0x0000000084700000, 0x0000000084800000|  0%| F|  |TAMS 0x0000000084700000, 0x0000000084700000| Untracked 
|  42|0x0000000084800000, 0x0000000084800000, 0x0000000084900000|  0%| F|  |TAMS 0x0000000084800000, 0x0000000084800000| Untracked 
|  43|0x0000000084900000, 0x0000000084900000, 0x0000000084a00000|  0%| F|  |TAMS 0x0000000084900000, 0x0000000084900000| Untracked 
|  44|0x0000000084a00000, 0x0000000084a00000, 0x0000000084b00000|  0%| F|  |TAMS 0x0000000084a00000, 0x0000000084a00000| Untracked 
|  45|0x0000000084b00000, 0x0000000084b00000, 0x0000000084c00000|  0%| F|  |TAMS 0x0000000084b00000, 0x0000000084b00000| Untracked 
|  46|0x0000000084c00000, 0x0000000084c00000, 0x0000000084d00000|  0%| F|  |TAMS 0x0000000084c00000, 0x0000000084c00000| Untracked 
|  47|0x0000000084d00000, 0x0000000084d00000, 0x0000000084e00000|  0%| F|  |TAMS 0x0000000084d00000, 0x0000000084d00000| Untracked 
|  48|0x0000000084e00000, 0x0000000084e00000, 0x0000000084f00000|  0%| F|  |TAMS 0x0000000084e00000, 0x0000000084e00000| Untracked 
|  49|0x0000000084f00000, 0x0000000084f00000, 0x0000000085000000|  0%| F|  |TAMS 0x0000000084f00000, 0x0000000084f00000| Untracked 
|  50|0x0000000085000000, 0x0000000085000000, 0x0000000085100000|  0%| F|  |TAMS 0x0000000085000000, 0x0000000085000000| Untracked 
|  51|0x0000000085100000, 0x0000000085100000, 0x0000000085200000|  0%| F|  |TAMS 0x0000000085100000, 0x0000000085100000| Untracked 
|  52|0x0000000085200000, 0x0000000085200000, 0x0000000085300000|  0%| F|  |TAMS 0x0000000085200000, 0x0000000085200000| Untracked 
|  53|0x0000000085300000, 0x0000000085300000, 0x0000000085400000|  0%| F|  |TAMS 0x0000000085300000, 0x0000000085300000| Untracked 
|  54|0x0000000085400000, 0x0000000085400000, 0x0000000085500000|  0%| F|  |TAMS 0x0000000085400000, 0x0000000085400000| Untracked 
|  55|0x0000000085500000, 0x0000000085500000, 0x0000000085600000|  0%| F|  |TAMS 0x0000000085500000, 0x0000000085500000| Untracked 
|  56|0x0000000085600000, 0x0000000085600000, 0x0000000085700000|  0%| F|  |TAMS 0x0000000085600000, 0x0000000085600000| Untracked 
|  57|0x0000000085700000, 0x0000000085700000, 0x0000000085800000|  0%| F|  |TAMS 0x0000000085700000, 0x0000000085700000| Untracked 
|  58|0x0000000085800000, 0x0000000085800000, 0x0000000085900000|  0%| F|  |TAMS 0x0000000085800000, 0x0000000085800000| Untracked 
|  59|0x0000000085900000, 0x0000000085900000, 0x0000000085a00000|  0%| F|  |TAMS 0x0000000085900000, 0x0000000085900000| Untracked 
|  60|0x0000000085a00000, 0x0000000085a00000, 0x0000000085b00000|  0%| F|  |TAMS 0x0000000085a00000, 0x0000000085a00000| Untracked 
|  61|0x0000000085b00000, 0x0000000085b00000, 0x0000000085c00000|  0%| F|  |TAMS 0x0000000085b00000, 0x0000000085b00000| Untracked 
|  62|0x0000000085c00000, 0x0000000085c00000, 0x0000000085d00000|  0%| F|  |TAMS 0x0000000085c00000, 0x0000000085c00000| Untracked 
|  63|0x0000000085d00000, 0x0000000085d00000, 0x0000000085e00000|  0%| F|  |TAMS 0x0000000085d00000, 0x0000000085d00000| Untracked 
|  64|0x0000000085e00000, 0x0000000085e00000, 0x0000000085f00000|  0%| F|  |TAMS 0x0000000085e00000, 0x0000000085e00000| Untracked 
|  65|0x0000000085f00000, 0x0000000085f00000, 0x0000000086000000|  0%| F|  |TAMS 0x0000000085f00000, 0x0000000085f00000| Untracked 
|  66|0x0000000086000000, 0x0000000086000000, 0x0000000086100000|  0%| F|  |TAMS 0x0000000086000000, 0x0000000086000000| Untracked 
|  67|0x0000000086100000, 0x0000000086100000, 0x0000000086200000|  0%| F|  |TAMS 0x0000000086100000, 0x0000000086100000| Untracked 
|  68|0x0000000086200000, 0x0000000086200000, 0x0000000086300000|  0%| F|  |TAMS 0x0000000086200000, 0x0000000086200000| Untracked 
|  69|0x0000000086300000, 0x0000000086300000, 0x0000000086400000|  0%| F|  |TAMS 0x0000000086300000, 0x0000000086300000| Untracked 
|  70|0x0000000086400000, 0x0000000086400000, 0x0000000086500000|  0%| F|  |TAMS 0x0000000086400000, 0x0000000086400000| Untracked 
|  71|0x0000000086500000, 0x0000000086500000, 0x0000000086600000|  0%| F|  |TAMS 0x0000000086500000, 0x0000000086500000| Untracked 
|  72|0x0000000086600000, 0x0000000086600000, 0x0000000086700000|  0%| F|  |TAMS 0x0000000086600000, 0x0000000086600000| Untracked 
|  73|0x0000000086700000, 0x0000000086700000, 0x0000000086800000|  0%| F|  |TAMS 0x0000000086700000, 0x0000000086700000| Untracked 
|  74|0x0000000086800000, 0x0000000086800000, 0x0000000086900000|  0%| F|  |TAMS 0x0000000086800000, 0x0000000086800000| Untracked 
|  75|0x0000000086900000, 0x0000000086900000, 0x0000000086a00000|  0%| F|  |TAMS 0x0000000086900000, 0x0000000086900000| Untracked 
|  76|0x0000000086a00000, 0x0000000086a00000, 0x0000000086b00000|  0%| F|  |TAMS 0x0000000086a00000, 0x0000000086a00000| Untracked 
|  77|0x0000000086b00000, 0x0000000086b00000, 0x0000000086c00000|  0%| F|  |TAMS 0x0000000086b00000, 0x0000000086b00000| Untracked 
|  78|0x0000000086c00000, 0x0000000086c00000, 0x0000000086d00000|  0%| F|  |TAMS 0x0000000086c00000, 0x0000000086c00000| Untracked 
|  79|0x0000000086d00000, 0x0000000086d00000, 0x0000000086e00000|  0%| F|  |TAMS 0x0000000086d00000, 0x0000000086d00000| Untracked 
|  80|0x0000000086e00000, 0x0000000086e00000, 0x0000000086f00000|  0%| F|  |TAMS 0x0000000086e00000, 0x0000000086e00000| Untracked 
|  81|0x0000000086f00000, 0x0000000086f00000, 0x0000000087000000|  0%| F|  |TAMS 0x0000000086f00000, 0x0000000086f00000| Untracked 
|  82|0x0000000087000000, 0x0000000087000000, 0x0000000087100000|  0%| F|  |TAMS 0x0000000087000000, 0x0000000087000000| Untracked 
|  83|0x0000000087100000, 0x0000000087196070, 0x0000000087200000| 58%| E|  |TAMS 0x0000000087100000, 0x0000000087100000| Complete 
|  84|0x0000000087200000, 0x0000000087300000, 0x0000000087300000|100%| E|CS|TAMS 0x0000000087200000, 0x0000000087200000| Complete 
|  85|0x0000000087300000, 0x0000000087400000, 0x0000000087400000|100%| E|CS|TAMS 0x0000000087300000, 0x0000000087300000| Complete 
|  86|0x0000000087400000, 0x0000000087500000, 0x0000000087500000|100%| E|CS|TAMS 0x0000000087400000, 0x0000000087400000| Complete 
|  87|0x0000000087500000, 0x0000000087600000, 0x0000000087600000|100%| E|CS|TAMS 0x0000000087500000, 0x0000000087500000| Complete 
|  88|0x0000000087600000, 0x0000000087700000, 0x0000000087700000|100%| E|CS|TAMS 0x0000000087600000, 0x0000000087600000| Complete 
|  89|0x0000000087700000, 0x0000000087800000, 0x0000000087800000|100%| E|CS|TAMS 0x0000000087700000, 0x0000000087700000| Complete 
|  90|0x0000000087800000, 0x0000000087900000, 0x0000000087900000|100%| E|CS|TAMS 0x0000000087800000, 0x0000000087800000| Complete 
|  91|0x0000000087900000, 0x0000000087a00000, 0x0000000087a00000|100%| E|CS|TAMS 0x0000000087900000, 0x0000000087900000| Complete 
|  92|0x0000000087a00000, 0x0000000087b00000, 0x0000000087b00000|100%| E|CS|TAMS 0x0000000087a00000, 0x0000000087a00000| Complete 
|  93|0x0000000087b00000, 0x0000000087c00000, 0x0000000087c00000|100%| E|CS|TAMS 0x0000000087b00000, 0x0000000087b00000| Complete 
|  94|0x0000000087c00000, 0x0000000087d00000, 0x0000000087d00000|100%| E|CS|TAMS 0x0000000087c00000, 0x0000000087c00000| Complete 
|  95|0x0000000087d00000, 0x0000000087e00000, 0x0000000087e00000|100%| E|CS|TAMS 0x0000000087d00000, 0x0000000087d00000| Complete 
|  96|0x0000000087e00000, 0x0000000087f00000, 0x0000000087f00000|100%| E|CS|TAMS 0x0000000087e00000, 0x0000000087e00000| Complete 
|  97|0x0000000087f00000, 0x0000000088000000, 0x0000000088000000|100%| E|CS|TAMS 0x0000000087f00000, 0x0000000087f00000| Complete 
|  98|0x0000000088000000, 0x0000000088100000, 0x0000000088100000|100%| E|CS|TAMS 0x0000000088000000, 0x0000000088000000| Complete 
|  99|0x0000000088100000, 0x0000000088200000, 0x0000000088200000|100%| E|CS|TAMS 0x0000000088100000, 0x0000000088100000| Complete 
| 100|0x0000000088200000, 0x0000000088300000, 0x0000000088300000|100%| E|CS|TAMS 0x0000000088200000, 0x0000000088200000| Complete 
| 101|0x0000000088300000, 0x0000000088400000, 0x0000000088400000|100%| E|CS|TAMS 0x0000000088300000, 0x0000000088300000| Complete 
| 102|0x0000000088400000, 0x0000000088500000, 0x0000000088500000|100%| E|CS|TAMS 0x0000000088400000, 0x0000000088400000| Complete 
| 103|0x0000000088500000, 0x0000000088600000, 0x0000000088600000|100%| E|CS|TAMS 0x0000000088500000, 0x0000000088500000| Complete 
| 104|0x0000000088600000, 0x0000000088700000, 0x0000000088700000|100%| E|CS|TAMS 0x0000000088600000, 0x0000000088600000| Complete 
| 105|0x0000000088700000, 0x0000000088800000, 0x0000000088800000|100%| E|CS|TAMS 0x0000000088700000, 0x0000000088700000| Complete 
| 106|0x0000000088800000, 0x00000000888c6240, 0x0000000088900000| 77%| S|CS|TAMS 0x0000000088800000, 0x0000000088800000| Complete 
| 107|0x0000000088900000, 0x0000000088a00000, 0x0000000088a00000|100%| S|CS|TAMS 0x0000000088900000, 0x0000000088900000| Complete 
| 108|0x0000000088a00000, 0x0000000088b00000, 0x0000000088b00000|100%| S|CS|TAMS 0x0000000088a00000, 0x0000000088a00000| Complete 
| 109|0x0000000088b00000, 0x0000000088c00000, 0x0000000088c00000|100%| E|CS|TAMS 0x0000000088b00000, 0x0000000088b00000| Complete 
| 110|0x0000000088c00000, 0x0000000088d00000, 0x0000000088d00000|100%| E|CS|TAMS 0x0000000088c00000, 0x0000000088c00000| Complete 
| 111|0x0000000088d00000, 0x0000000088e00000, 0x0000000088e00000|100%| E|CS|TAMS 0x0000000088d00000, 0x0000000088d00000| Complete 
| 112|0x0000000088e00000, 0x0000000088f00000, 0x0000000088f00000|100%| E|CS|TAMS 0x0000000088e00000, 0x0000000088e00000| Complete 
| 113|0x0000000088f00000, 0x0000000089000000, 0x0000000089000000|100%| E|CS|TAMS 0x0000000088f00000, 0x0000000088f00000| Complete 
| 114|0x0000000089000000, 0x0000000089100000, 0x0000000089100000|100%| E|CS|TAMS 0x0000000089000000, 0x0000000089000000| Complete 
| 115|0x0000000089100000, 0x0000000089200000, 0x0000000089200000|100%| E|CS|TAMS 0x0000000089100000, 0x0000000089100000| Complete 
| 116|0x0000000089200000, 0x0000000089300000, 0x0000000089300000|100%| E|CS|TAMS 0x0000000089200000, 0x0000000089200000| Complete 
| 117|0x0000000089300000, 0x0000000089400000, 0x0000000089400000|100%| E|CS|TAMS 0x0000000089300000, 0x0000000089300000| Complete 
| 118|0x0000000089400000, 0x0000000089500000, 0x0000000089500000|100%| E|CS|TAMS 0x0000000089400000, 0x0000000089400000| Complete 
| 119|0x0000000089500000, 0x0000000089600000, 0x0000000089600000|100%| E|CS|TAMS 0x0000000089500000, 0x0000000089500000| Complete 
| 120|0x0000000089600000, 0x0000000089700000, 0x0000000089700000|100%| E|CS|TAMS 0x0000000089600000, 0x0000000089600000| Complete 
| 121|0x0000000089700000, 0x0000000089800000, 0x0000000089800000|100%| E|CS|TAMS 0x0000000089700000, 0x0000000089700000| Complete 
| 122|0x0000000089800000, 0x0000000089900000, 0x0000000089900000|100%| E|CS|TAMS 0x0000000089800000, 0x0000000089800000| Complete 
| 123|0x0000000089900000, 0x0000000089a00000, 0x0000000089a00000|100%| E|CS|TAMS 0x0000000089900000, 0x0000000089900000| Complete 
| 124|0x0000000089a00000, 0x0000000089b00000, 0x0000000089b00000|100%| E|CS|TAMS 0x0000000089a00000, 0x0000000089a00000| Complete 
| 125|0x0000000089b00000, 0x0000000089c00000, 0x0000000089c00000|100%| E|CS|TAMS 0x0000000089b00000, 0x0000000089b00000| Complete 
| 126|0x0000000089c00000, 0x0000000089d00000, 0x0000000089d00000|100%| E|CS|TAMS 0x0000000089c00000, 0x0000000089c00000| Complete 
| 127|0x0000000089d00000, 0x0000000089e00000, 0x0000000089e00000|100%| E|CS|TAMS 0x0000000089d00000, 0x0000000089d00000| Complete 

Card table byte_map: [0x0000022132270000,0x0000022132670000] _byte_map_base: 0x0000022131e61000

Marking Bits (Prev, Next): (CMBitMap*) 0x000002211b58fb00, (CMBitMap*) 0x000002211b58fb40
 Prev Bits: [0x0000022132a70000, 0x00000221349f8000)
 Next Bits: [0x0000022134a00000, 0x0000022136988000)

Polling page: 0x000002211ad00000

Metaspace:

Usage:
  Non-class:     15.49 MB used.
      Class:      2.66 MB used.
       Both:     18.15 MB used.

Virtual space:
  Non-class space:       64.00 MB reserved,      15.69 MB ( 25%) committed,  1 nodes.
      Class space:        1.00 GB reserved,       2.81 MB ( <1%) committed,  1 nodes.
             Both:        1.06 GB reserved,      18.50 MB (  2%) committed. 

Chunk freelists:
   Non-Class:  175.00 KB
       Class:  1.19 MB
        Both:  1.37 MB

MaxMetaspaceSize: unlimited
CompressedClassSpaceSize: 1.00 GB
Initial GC threshold: 21.00 MB
Current GC threshold: 21.00 MB
CDS: on
MetaspaceReclaimPolicy: balanced
 - commit_granule_bytes: 65536.
 - commit_granule_words: 8192.
 - virtual_space_node_default_size: 8388608.
 - enlarge_chunks_in_place: 1.
 - new_chunks_are_fully_committed: 0.
 - uncommit_free_chunks: 1.
 - use_allocation_guard: 0.


Internal statistics:

num_allocs_failed_limit: 0.
num_arena_births: 380.
num_arena_deaths: 0.
num_vsnodes_births: 2.
num_vsnodes_deaths: 0.
num_space_committed: 296.
num_space_uncommitted: 0.
num_chunks_returned_to_freelist: 0.
num_chunks_taken_from_freelist: 989.
num_chunk_merges: 0.
num_chunk_splits: 678.
num_chunks_enlarged: 511.
num_inconsistent_stats: 0.

CodeHeap 'non-profiled nmethods': size=120000Kb used=1278Kb max_used=1278Kb free=118721Kb
 bounds [0x000002212a940000, 0x000002212abb0000, 0x0000022131e70000]
CodeHeap 'profiled nmethods': size=120000Kb used=6494Kb max_used=6494Kb free=113505Kb
 bounds [0x0000022123410000, 0x0000022123a70000, 0x000002212a940000]
CodeHeap 'non-nmethods': size=5760Kb used=1448Kb max_used=1505Kb free=4311Kb
 bounds [0x0000022122e70000, 0x00000221230e0000, 0x0000022123410000]
 total_blobs=4188 nmethods=3388 adapters=712
 compilation: enabled
              stopped_count=0, restarted_count=0
 full_count=0

Compilation events (20 events):
Event: 6.561 Thread 0x0000022138e443c0 nmethod 3383 0x0000022123a64c90 code [0x0000022123a64e40, 0x0000022123a65158]
Event: 6.561 Thread 0x0000022138e443c0 3370       3       java.lang.Character::isLowerCase (5 bytes)
Event: 6.562 Thread 0x0000022138e443c0 nmethod 3370 0x0000022123a65290 code [0x0000022123a65440, 0x0000022123a65698]
Event: 6.562 Thread 0x0000022138e443c0 3376       3       com.sun.org.apache.xerces.internal.xni.XMLString::setValues (16 bytes)
Event: 6.562 Thread 0x0000022138e443c0 nmethod 3376 0x0000022123a65790 code [0x0000022123a65920, 0x0000022123a65a78]
Event: 6.562 Thread 0x0000022138e443c0 3385       1       java.lang.Class::getAnnotationType (5 bytes)
Event: 6.562 Thread 0x0000022138e443c0 nmethod 3385 0x000002212aa7d090 code [0x000002212aa7d220, 0x000002212aa7d2f8]
Event: 6.562 Thread 0x0000022138e443c0 3382       3       javafx.collections.ListChangeListener$Change::wasRemoved (18 bytes)
Event: 6.562 Thread 0x0000022138e443c0 nmethod 3382 0x0000022123a65b10 code [0x0000022123a65cc0, 0x0000022123a65f98]
Event: 6.562 Thread 0x0000022138e443c0 3379       3       javafx.scene.Node::isDisabled (19 bytes)
Event: 6.562 Thread 0x0000022138e443c0 nmethod 3379 0x0000022123a66090 code [0x0000022123a66240, 0x0000022123a665c8]
Event: 6.562 Thread 0x0000022138e443c0 3387       1       java.lang.reflect.Method::getRoot (5 bytes)
Event: 6.562 Thread 0x0000022138e443c0 nmethod 3387 0x000002212aa7d390 code [0x000002212aa7d520, 0x000002212aa7d5f8]
Event: 6.601 Thread 0x0000022138e0c620 nmethod 3384 0x000002212aa7d690 code [0x000002212aa7d920, 0x000002212aa7eab8]
Event: 6.601 Thread 0x0000022138e0c620 3386       4       java.nio.HeapByteBuffer::ix (7 bytes)
Event: 6.601 Thread 0x0000022138e0c620 nmethod 3386 0x000002212aa7f810 code [0x000002212aa7f980, 0x000002212aa7f9f8]
Event: 68.512 Thread 0x0000022138e443c0 3388       3       java.lang.invoke.LambdaForm$DMH/0x0000000800da0000::invokeStatic (31 bytes)
Event: 68.513 Thread 0x0000022138e443c0 nmethod 3388 0x0000022123a66710 code [0x0000022123a668e0, 0x0000022123a66d78]
Event: 68.513 Thread 0x0000022138e443c0 3389       3       java.lang.invoke.MethodHandles$Lookup::restrictReceiver (127 bytes)
Event: 68.513 Thread 0x0000022138e443c0 nmethod 3389 0x0000022123a66e90 code [0x0000022123a670a0, 0x0000022123a675c8]

GC Heap History (4 events):
Event: 0.602 GC heap before
{Heap before GC invocations=0 (full 0):
 garbage-first heap   total 131072K, used 13312K [0x0000000081e00000, 0x0000000100000000)
  region size 1024K, 13 young (13312K), 0 survivors (0K)
 Metaspace       used 2764K, committed 2944K, reserved 1114112K
  class space    used 288K, committed 384K, reserved 1048576K
}
Event: 0.606 GC heap after
{Heap after GC invocations=1 (full 0):
 garbage-first heap   total 131072K, used 2285K [0x0000000081e00000, 0x0000000100000000)
  region size 1024K, 2 young (2048K), 2 survivors (2048K)
 Metaspace       used 2764K, committed 2944K, reserved 1114112K
  class space    used 288K, committed 384K, reserved 1048576K
}
Event: 1.020 GC heap before
{Heap before GC invocations=1 (full 0):
 garbage-first heap   total 131072K, used 18669K [0x0000000081e00000, 0x0000000100000000)
  region size 1024K, 19 young (19456K), 2 survivors (2048K)
 Metaspace       used 8107K, committed 8320K, reserved 1114112K
  class space    used 1044K, committed 1152K, reserved 1048576K
}
Event: 1.028 GC heap after
{Heap after GC invocations=2 (full 0):
 garbage-first heap   total 131072K, used 5022K [0x0000000081e00000, 0x0000000100000000)
  region size 1024K, 3 young (3072K), 3 survivors (3072K)
 Metaspace       used 8107K, committed 8320K, reserved 1114112K
  class space    used 1044K, committed 1152K, reserved 1048576K
}

Deoptimization events (20 events):
Event: 5.913 Thread 0x000002213d88d620 DEOPT PACKING pc=0x000002212aa17c8c sp=0x000000f46e9fd6f0
Event: 5.913 Thread 0x000002213d88d620 DEOPT UNPACKING pc=0x0000022122ec23a3 sp=0x000000f46e9fd680 mode 2
Event: 5.915 Thread 0x000002213d88d620 DEOPT PACKING pc=0x00000221239c04ba sp=0x000000f46e9fe240
Event: 5.915 Thread 0x000002213d88d620 DEOPT UNPACKING pc=0x0000022122ec2b43 sp=0x000000f46e9fd740 mode 0
Event: 5.925 Thread 0x000002213d88d620 DEOPT PACKING pc=0x00000221239c04ba sp=0x000000f46e9fe230
Event: 5.925 Thread 0x000002213d88d620 DEOPT UNPACKING pc=0x0000022122ec2b43 sp=0x000000f46e9fd730 mode 0
Event: 6.116 Thread 0x000002213d88d620 DEOPT PACKING pc=0x00000221239c0526 sp=0x000000f46e9fe240
Event: 6.116 Thread 0x000002213d88d620 DEOPT UNPACKING pc=0x0000022122ec2b43 sp=0x000000f46e9fd740 mode 0
Event: 6.117 Thread 0x000002213d88d620 DEOPT PACKING pc=0x00000221239c0526 sp=0x000000f46e9fe230
Event: 6.117 Thread 0x000002213d88d620 DEOPT UNPACKING pc=0x0000022122ec2b43 sp=0x000000f46e9fd730 mode 0
Event: 6.290 Thread 0x000002213d88d620 DEOPT PACKING pc=0x00000221239c04ba sp=0x000000f46e9fe240
Event: 6.290 Thread 0x000002213d88d620 DEOPT UNPACKING pc=0x0000022122ec2b43 sp=0x000000f46e9fd740 mode 0
Event: 6.556 Thread 0x000002213d522620 Uncommon trap: trap_request=0xffffffde fr.pc=0x000002212a9bd250 relative=0x00000000000009b0
Event: 6.556 Thread 0x000002213d522620 Uncommon trap: reason=class_check action=maybe_recompile pc=0x000002212a9bd250 method=java.util.HashMap.putVal(ILjava/lang/Object;Ljava/lang/Object;ZZ)Ljava/lang/Object; @ 253 c2
Event: 6.556 Thread 0x000002213d522620 DEOPT PACKING pc=0x000002212a9bd250 sp=0x000000f46ebfa880
Event: 6.556 Thread 0x000002213d522620 DEOPT UNPACKING pc=0x0000022122ec23a3 sp=0x000000f46ebfa820 mode 2
Event: 6.556 Thread 0x000002213d522620 Uncommon trap: trap_request=0xffffffde fr.pc=0x000002212a9bd250 relative=0x00000000000009b0
Event: 6.556 Thread 0x000002213d522620 Uncommon trap: reason=class_check action=maybe_recompile pc=0x000002212a9bd250 method=java.util.HashMap.putVal(ILjava/lang/Object;Ljava/lang/Object;ZZ)Ljava/lang/Object; @ 253 c2
Event: 6.556 Thread 0x000002213d522620 DEOPT PACKING pc=0x000002212a9bd250 sp=0x000000f46ebfa830
Event: 6.556 Thread 0x000002213d522620 DEOPT UNPACKING pc=0x0000022122ec23a3 sp=0x000000f46ebfa7d0 mode 2

Classes loaded (20 events):
Event: 6.512 Loading class java/lang/constant/MethodHandleDesc
Event: 6.512 Loading class java/lang/constant/MethodHandleDesc done
Event: 6.512 Loading class java/lang/constant/MethodHandleDesc$1
Event: 6.512 Loading class java/lang/constant/MethodHandleDesc$1 done
Event: 6.512 Loading class java/lang/constant/DirectMethodHandleDescImpl
Event: 6.512 Loading class java/lang/constant/DirectMethodHandleDesc
Event: 6.512 Loading class java/lang/constant/DirectMethodHandleDesc done
Event: 6.512 Loading class java/lang/constant/DirectMethodHandleDescImpl done
Event: 6.512 Loading class java/lang/constant/DirectMethodHandleDescImpl$1
Event: 6.512 Loading class java/lang/constant/DirectMethodHandleDescImpl$1 done
Event: 6.512 Loading class java/lang/constant/DirectMethodHandleDesc$1
Event: 6.512 Loading class java/lang/constant/DirectMethodHandleDesc$1 done
Event: 6.512 Loading class java/lang/constant/PrimitiveClassDescImpl
Event: 6.513 Loading class java/lang/constant/DynamicConstantDesc
Event: 6.513 Loading class java/lang/constant/DynamicConstantDesc done
Event: 6.513 Loading class java/lang/constant/PrimitiveClassDescImpl done
Event: 6.513 Loading class java/lang/constant/DynamicConstantDesc$AnonymousDynamicConstantDesc
Event: 6.513 Loading class java/lang/constant/DynamicConstantDesc$AnonymousDynamicConstantDesc done
Event: 68.511 Loading class jdk/internal/misc/Signal$1
Event: 68.511 Loading class jdk/internal/misc/Signal$1 done

Classes unloaded (0 events):
No events

Classes redefined (0 events):
No events

Internal exceptions (20 events):
Event: 1.577 Thread 0x000002213d522620 Exception <a 'java/lang/ClassNotFoundException'{0x0000000088faf540}: com/sun/javafx/scene/control/skin/resources/controls_ru> (0x0000000088faf540) 
thrown [s\open\src\hotspot\share\prims\jni.cpp, line 535]
Event: 1.577 Thread 0x000002213d522620 Exception <a 'java/lang/ClassNotFoundException'{0x0000000088fb0ca8}: com/sun/javafx/scene/control/skin/resources/controls_ru_RU> (0x0000000088fb0ca8) 
thrown [s\open\src\hotspot\share\prims\jni.cpp, line 535]
Event: 1.634 Thread 0x000002213d522620 Exception <a 'java/lang/NoSuchMethodError'{0x0000000088dbc8d0}: 'void java.lang.invoke.DirectMethodHandle$Holder.invokeSpecial(java.lang.Object, java.lang.Object, java.lang.Object, java.lang.Object, java.lang.Object, java.lang.Object)'> (0x0000000088dbc8d0) 
thrown [s\open\src\hotspot\share\interpreter\linkResolver.cpp, line 759]
Event: 1.727 Thread 0x000002213d522620 Exception <a 'java/lang/NoSuchMethodError'{0x000000008862df50}: 'int java.lang.invoke.DirectMethodHandle$Holder.invokeSpecial(java.lang.Object, java.lang.Object, int)'> (0x000000008862df50) 
thrown [s\open\src\hotspot\share\interpreter\linkResolver.cpp, line 759]
Event: 1.744 Thread 0x000002213d522620 Exception <a 'java/lang/NoSuchMethodError'{0x0000000088660270}: 'java.lang.Object java.lang.invoke.DirectMethodHandle$Holder.newInvokeSpecial(java.lang.Object, java.lang.Object, int)'> (0x0000000088660270) 
thrown [s\open\src\hotspot\share\interpreter\linkResolver.cpp, line 759]
Event: 1.778 Thread 0x000002213d88d620 Exception <a 'java/lang/NoSuchMethodError'{0x00000000885695a0}: 'int java.lang.invoke.DirectMethodHandle$Holder.invokeStaticInit(java.lang.Object, java.lang.Object)'> (0x00000000885695a0) 
thrown [s\open\src\hotspot\share\interpreter\linkResolver.cpp, line 759]
Event: 1.789 Thread 0x000002213d522620 Exception <a 'java/lang/NoSuchMethodError'{0x00000000885340c0}: 'long java.lang.invoke.DirectMethodHandle$Holder.invokeStatic(java.lang.Object, java.lang.Object, java.lang.Object)'> (0x00000000885340c0) 
thrown [s\open\src\hotspot\share\interpreter\linkResolver.cpp, line 759]
Event: 1.789 Thread 0x000002213d522620 Exception <a 'java/lang/NoSuchMethodError'{0x0000000088537860}: 'long java.lang.invoke.DirectMethodHandle$Holder.invokeStaticInit(java.lang.Object, java.lang.Object, java.lang.Object)'> (0x0000000088537860) 
thrown [s\open\src\hotspot\share\interpreter\linkResolver.cpp, line 759]
Event: 1.793 Thread 0x000002213d522620 Exception <a 'java/lang/NoSuchMethodError'{0x00000000885ef990}: 'java.lang.Object java.lang.invoke.DirectMethodHandle$Holder.newInvokeSpecial(java.lang.Object, java.lang.Object, long)'> (0x00000000885ef990) 
thrown [s\open\src\hotspot\share\interpreter\linkResolver.cpp, line 759]
Event: 1.793 Thread 0x000002213d522620 Exception <a 'java/lang/NoSuchMethodError'{0x00000000885f3508}: 'java.lang.Object java.lang.invoke.Invokers$Holder.linkToTargetMethod(java.lang.Object, long, java.lang.Object)'> (0x00000000885f3508) 
thrown [s\open\src\hotspot\share\interpreter\linkResolver.cpp, line 759]
Event: 1.959 Thread 0x000002213d88d620 Exception <a 'java/lang/NoSuchMethodError'{0x00000000881398a0}: 'java.lang.Object java.lang.invoke.DirectMethodHandle$Holder.invokeStaticInit(java.lang.Object, int)'> (0x00000000881398a0) 
thrown [s\open\src\hotspot\share\interpreter\linkResolver.cpp, line 759]
Event: 3.923 Thread 0x000002213d522620 Implicit null exception at 0x000002212aa1d903 to 0x000002212aa1d974
Event: 3.925 Thread 0x000002213d522620 Exception <a 'java/lang/NoSuchMethodError'{0x0000000087f4f1e8}: 'long java.lang.invoke.DirectMethodHandle$Holder.invokeSpecial(java.lang.Object, java.lang.Object)'> (0x0000000087f4f1e8) 
thrown [s\open\src\hotspot\share\interpreter\linkResolver.cpp, line 759]
Event: 3.925 Thread 0x000002213d522620 Exception <a 'java/lang/NoSuchMethodError'{0x0000000087f52b28}: 'long java.lang.invoke.Invokers$Holder.invokeExact_MT(java.lang.Object, java.lang.Object)'> (0x0000000087f52b28) 
thrown [s\open\src\hotspot\share\interpreter\linkResolver.cpp, line 759]
Event: 5.099 Thread 0x000002213d522620 Exception <a 'java/lang/NoSuchMethodError'{0x0000000087854bb8}: 'int java.lang.invoke.DirectMethodHandle$Holder.invokeVirtual(java.lang.Object, java.lang.Object)'> (0x0000000087854bb8) 
thrown [s\open\src\hotspot\share\interpreter\linkResolver.cpp, line 759]
Event: 5.883 Thread 0x000002213d522620 Exception <a 'java/lang/NoSuchMethodError'{0x00000000874420e0}: 'void java.lang.invoke.DirectMethodHandle$Holder.invokeVirtual(java.lang.Object, java.lang.Object, int)'> (0x00000000874420e0) 
thrown [s\open\src\hotspot\share\interpreter\linkResolver.cpp, line 759]
Event: 6.446 Thread 0x000002213d522620 Exception <a 'java/lang/NoSuchMethodError'{0x00000000873cd358}: 'java.lang.Object java.lang.invoke.DirectMethodHandle$Holder.newInvokeSpecial(java.lang.Object, java.lang.Object, int, int, int, int, int, java.lang.Object)'> (0x00000000873cd358) 
thrown [s\open\src\hotspot\share\interpreter\linkResolver.cpp, line 759]
Event: 6.449 Thread 0x000002213d522620 Exception <a 'java/lang/NoSuchMethodError'{0x00000000873e0ae0}: 'java.lang.Object java.lang.invoke.DirectMethodHandle$Holder.newInvokeSpecial(java.lang.Object, java.lang.Object, java.lang.Object, int, int, int, int, int)'> (0x00000000873e0ae0) 
thrown [s\open\src\hotspot\share\interpreter\linkResolver.cpp, line 759]
Event: 6.450 Thread 0x000002213d522620 Exception <a 'java/lang/NoSuchMethodError'{0x00000000873e8898}: 'java.lang.Object java.lang.invoke.Invokers$Holder.linkToTargetMethod(java.lang.Object, java.lang.Object, int, int, int, int, int, java.lang.Object)'> (0x00000000873e8898) 
thrown [s\open\src\hotspot\share\interpreter\linkResolver.cpp, line 759]
Event: 6.499 Thread 0x000002213d522620 Exception <a 'java/lang/NoSuchMethodError'{0x00000000873edf68}: static [I.<clinit>()V> (0x00000000873edf68) 
thrown [s\open\src\hotspot\share\prims\jni.cpp, line 1104]

VM Operations (20 events):
Event: 1.718 Executing VM operation: ICBufferFull done
Event: 2.602 Executing VM operation: ICBufferFull
Event: 2.602 Executing VM operation: ICBufferFull done
Event: 3.602 Executing VM operation: Cleanup
Event: 3.603 Executing VM operation: Cleanup done
Event: 4.603 Executing VM operation: Cleanup
Event: 4.603 Executing VM operation: Cleanup done
Event: 5.190 Executing VM operation: ICBufferFull
Event: 5.191 Executing VM operation: ICBufferFull done
Event: 5.882 Executing VM operation: HandshakeAllThreads
Event: 5.882 Executing VM operation: HandshakeAllThreads done
Event: 5.887 Executing VM operation: HandshakeAllThreads
Event: 5.887 Executing VM operation: HandshakeAllThreads done
Event: 6.108 Executing VM operation: ICBufferFull
Event: 6.108 Executing VM operation: ICBufferFull done
Event: 6.500 Executing VM operation: HandshakeAllThreads
Event: 6.500 Executing VM operation: HandshakeAllThreads done
Event: 7.501 Executing VM operation: Cleanup
Event: 7.501 Executing VM operation: Cleanup done
Event: 68.515 Executing VM operation: Exit

Events (20 events):
Event: 0.541 Thread 0x000002213d88d620 Thread added: 0x000002213d88d620
Event: 0.548 Loaded shared library C:\Program Files\Java\openjfx-19_windows-x64_bin-sdk\javafx-sdk-19\bin\prism_d3d.dll
Event: 0.594 Loaded shared library C:\Program Files\Java\openjfx-19_windows-x64_bin-sdk\javafx-sdk-19\bin\glass.dll
Event: 0.596 Thread 0x000002213d9a9f80 Thread added: 0x000002213d9a9f80
Event: 0.602 Thread 0x000002213d522620 Thread added: 0x000002213d522620
Event: 0.699 Thread 0x000002213e5c2ed0 Thread added: 0x000002213e5c2ed0
Event: 0.699 Loaded shared library C:\Program Files\Java\jdk-18.0.2.1\bin\jimage.dll
Event: 0.713 Thread 0x000002213e5b6460 Thread added: 0x000002213e5b6460
Event: 0.917 Loaded shared library C:\Program Files\Java\openjfx-19_windows-x64_bin-sdk\javafx-sdk-19\bin\javafx_font.dll
Event: 1.524 Thread 0x000002213dd9b2b0 Thread added: 0x000002213dd9b2b0
Event: 1.846 Thread 0x0000022138e44de0 Thread exited: 0x0000022138e44de0
Event: 1.857 Thread 0x000002213dd9cf90 Thread added: 0x000002213dd9cf90
Event: 5.145 Thread 0x0000022138e42f80 Thread added: 0x0000022138e42f80
Event: 5.484 Thread 0x0000022138e42f80 Thread exited: 0x0000022138e42f80
Event: 5.891 Thread 0x0000022138e44de0 Thread added: 0x0000022138e44de0
Event: 6.282 Thread 0x0000022138e44de0 Thread exited: 0x0000022138e44de0
Event: 68.511 Thread 0x000002213e8f1ef0 Thread added: 0x000002213e8f1ef0
Event: 68.512 Thread 0x000002213e8f06e0 Thread added: 0x000002213e8f06e0
Event: 68.512 Thread 0x000002213e8efd40 Thread added: 0x000002213e8efd40
Event: 68.512 Thread 0x000002213e8efd40 Thread exited: 0x000002213e8efd40


Dynamic libraries:
0x00007ff691320000 - 0x00007ff691330000 	C:\Program Files\Java\jdk-18.0.2.1\bin\java.exe
0x00007ffba56f0000 - 0x00007ffba58e8000 	C:\Windows\SYSTEM32\ntdll.dll
0x00007ffba3d30000 - 0x00007ffba3ded000 	C:\Windows\System32\KERNEL32.DLL
0x00007ffba3060000 - 0x00007ffba332e000 	C:\Windows\System32\KERNELBASE.dll
0x00007ffba2f30000 - 0x00007ffba3030000 	C:\Windows\System32\ucrtbase.dll
0x00007ffb9e790000 - 0x00007ffb9e7a8000 	C:\Program Files\Java\jdk-18.0.2.1\bin\jli.dll
0x00007ffb9e670000 - 0x00007ffb9e68a000 	C:\Program Files\Java\jdk-18.0.2.1\bin\VCRUNTIME140.dll
0x00007ffba4230000 - 0x00007ffba42de000 	C:\Windows\System32\ADVAPI32.dll
0x00007ffba4de0000 - 0x00007ffba4e7e000 	C:\Windows\System32\msvcrt.dll
0x00007ffba4180000 - 0x00007ffba421c000 	C:\Windows\System32\sechost.dll
0x00007ffba3df0000 - 0x00007ffba3f15000 	C:\Windows\System32\RPCRT4.dll
0x00007ffb8dfa0000 - 0x00007ffb8e23a000 	C:\Windows\WinSxS\amd64_microsoft.windows.common-controls_6595b64144ccf1df_6.0.19041.1110_none_60b5254171f9507e\COMCTL32.dll
0x00007ffba42e0000 - 0x00007ffba4480000 	C:\Windows\System32\USER32.dll
0x00007ffba4ef0000 - 0x00007ffba4f1a000 	C:\Windows\System32\GDI32.dll
0x00007ffba3030000 - 0x00007ffba3052000 	C:\Windows\System32\win32u.dll
0x00007ffba33c0000 - 0x00007ffba34cb000 	C:\Windows\System32\gdi32full.dll
0x00007ffba3550000 - 0x00007ffba35ed000 	C:\Windows\System32\msvcp_win.dll
0x00007ffb9d0b0000 - 0x00007ffb9d0ba000 	C:\Windows\SYSTEM32\VERSION.dll
0x00007ffba38c0000 - 0x00007ffba38f0000 	C:\Windows\System32\IMM32.DLL
0x00007ffb9e770000 - 0x00007ffb9e77c000 	C:\Program Files\Java\jdk-18.0.2.1\bin\vcruntime140_1.dll
0x00007ffb85e80000 - 0x00007ffb85f0d000 	C:\Program Files\Java\jdk-18.0.2.1\bin\msvcp140.dll
0x00007ffb431c0000 - 0x00007ffb43dd1000 	C:\Program Files\Java\jdk-18.0.2.1\bin\server\jvm.dll
0x00007ffba3f20000 - 0x00007ffba3f28000 	C:\Windows\System32\PSAPI.DLL
0x00007ffb8e400000 - 0x00007ffb8e427000 	C:\Windows\SYSTEM32\WINMM.dll
0x00007ffb8c640000 - 0x00007ffb8c649000 	C:\Windows\SYSTEM32\WSOCK32.dll
0x00007ffba4e80000 - 0x00007ffba4eeb000 	C:\Windows\System32\WS2_32.dll
0x00007ffba16a0000 - 0x00007ffba16b2000 	C:\Windows\SYSTEM32\kernel.appcore.dll
0x00007ffb9e720000 - 0x00007ffb9e72a000 	C:\Program Files\Java\jdk-18.0.2.1\bin\jimage.dll
0x00007ffba1480000 - 0x00007ffba1664000 	C:\Windows\SYSTEM32\DBGHELP.DLL
0x00007ffb89a50000 - 0x00007ffb89a7c000 	C:\Windows\SYSTEM32\dbgcore.DLL
0x00007ffba3330000 - 0x00007ffba33b2000 	C:\Windows\System32\bcryptPrimitives.dll
0x00007ffb9e660000 - 0x00007ffb9e66e000 	C:\Program Files\Java\jdk-18.0.2.1\bin\instrument.dll
0x00007ffb9dbc0000 - 0x00007ffb9dbe5000 	C:\Program Files\Java\jdk-18.0.2.1\bin\java.dll
0x00007ffb7d420000 - 0x00007ffb7d4f6000 	C:\Program Files\Java\jdk-18.0.2.1\bin\jsvml.dll
0x00007ffba4690000 - 0x00007ffba4dd4000 	C:\Windows\System32\SHELL32.dll
0x00007ffba0ce0000 - 0x00007ffba1474000 	C:\Windows\SYSTEM32\windows.storage.dll
0x00007ffba38f0000 - 0x00007ffba3c44000 	C:\Windows\System32\combase.dll
0x00007ffba2870000 - 0x00007ffba28a0000 	C:\Windows\SYSTEM32\Wldp.dll
0x00007ffba5600000 - 0x00007ffba56ad000 	C:\Windows\System32\SHCORE.dll
0x00007ffba4f20000 - 0x00007ffba4f75000 	C:\Windows\System32\shlwapi.dll
0x00007ffba2d50000 - 0x00007ffba2d6f000 	C:\Windows\SYSTEM32\profapi.dll
0x00007ffb9cdb0000 - 0x00007ffb9cdc3000 	C:\Program Files\Java\jdk-18.0.2.1\bin\net.dll
0x00007ffb905d0000 - 0x00007ffb906da000 	C:\Windows\SYSTEM32\WINHTTP.dll
0x00007ffba25d0000 - 0x00007ffba263a000 	C:\Windows\system32\mswsock.dll
0x00007ffb9cb00000 - 0x00007ffb9cb16000 	C:\Program Files\Java\jdk-18.0.2.1\bin\nio.dll
0x00007ffb9ddc0000 - 0x00007ffb9ddd8000 	C:\Program Files\Java\jdk-18.0.2.1\bin\zip.dll
0x00007ffb8c420000 - 0x00007ffb8c43a000 	C:\Program Files\JetBrains\IntelliJ IDEA Community Edition 2022.2.1\bin\breakgen64.dll
0x000002211b4e0000 - 0x000002211b4e3000 	C:\Program Files\Java\openjfx-19_windows-x64_bin-sdk\javafx-sdk-19\bin\api-ms-win-core-console-l1-1-0.dll
0x000002211b4f0000 - 0x000002211b4f3000 	C:\Program Files\Java\openjfx-19_windows-x64_bin-sdk\javafx-sdk-19\bin\api-ms-win-core-console-l1-2-0.dll
0x0000022138fd0000 - 0x0000022138fd3000 	C:\Program Files\Java\openjfx-19_windows-x64_bin-sdk\javafx-sdk-19\bin\api-ms-win-core-datetime-l1-1-0.dll
0x0000022138fe0000 - 0x0000022138fe3000 	C:\Program Files\Java\openjfx-19_windows-x64_bin-sdk\javafx-sdk-19\bin\api-ms-win-core-debug-l1-1-0.dll
0x0000022138ff0000 - 0x0000022138ff3000 	C:\Program Files\Java\openjfx-19_windows-x64_bin-sdk\javafx-sdk-19\bin\api-ms-win-core-errorhandling-l1-1-0.dll
0x000002213ebd0000 - 0x000002213ebd4000 	C:\Program Files\Java\openjfx-19_windows-x64_bin-sdk\javafx-sdk-19\bin\api-ms-win-core-file-l1-1-0.dll
0x000002213ebe0000 - 0x000002213ebe3000 	C:\Program Files\Java\openjfx-19_windows-x64_bin-sdk\javafx-sdk-19\bin\api-ms-win-core-file-l1-2-0.dll
0x000002213ebf0000 - 0x000002213ebf3000 	C:\Program Files\Java\openjfx-19_windows-x64_bin-sdk\javafx-sdk-19\bin\api-ms-win-core-file-l2-1-0.dll
0x000002213ec00000 - 0x000002213ec03000 	C:\Program Files\Java\openjfx-19_windows-x64_bin-sdk\javafx-sdk-19\bin\api-ms-win-core-handle-l1-1-0.dll
0x000002213ec10000 - 0x000002213ec13000 	C:\Program Files\Java\openjfx-19_windows-x64_bin-sdk\javafx-sdk-19\bin\api-ms-win-core-heap-l1-1-0.dll
0x000002213ec20000 - 0x000002213ec23000 	C:\Program Files\Java\openjfx-19_windows-x64_bin-sdk\javafx-sdk-19\bin\api-ms-win-core-interlocked-l1-1-0.dll
0x000002213ec30000 - 0x000002213ec33000 	C:\Program Files\Java\openjfx-19_windows-x64_bin-sdk\javafx-sdk-19\bin\api-ms-win-core-libraryloader-l1-1-0.dll
0x000002213ec40000 - 0x000002213ec43000 	C:\Program Files\Java\openjfx-19_windows-x64_bin-sdk\javafx-sdk-19\bin\api-ms-win-core-localization-l1-2-0.dll
0x000002213ec50000 - 0x000002213ec53000 	C:\Program Files\Java\openjfx-19_windows-x64_bin-sdk\javafx-sdk-19\bin\api-ms-win-core-memory-l1-1-0.dll
0x000002213ec60000 - 0x000002213ec63000 	C:\Program Files\Java\openjfx-19_windows-x64_bin-sdk\javafx-sdk-19\bin\api-ms-win-core-namedpipe-l1-1-0.dll
0x000002213ec70000 - 0x000002213ec73000 	C:\Program Files\Java\openjfx-19_windows-x64_bin-sdk\javafx-sdk-19\bin\api-ms-win-core-processenvironment-l1-1-0.dll
0x000002213ec80000 - 0x000002213ec83000 	C:\Program Files\Java\openjfx-19_windows-x64_bin-sdk\javafx-sdk-19\bin\api-ms-win-core-processthreads-l1-1-0.dll
0x000002213ec90000 - 0x000002213ec93000 	C:\Program Files\Java\openjfx-19_windows-x64_bin-sdk\javafx-sdk-19\bin\api-ms-win-core-processthreads-l1-1-1.dll
0x000002213eca0000 - 0x000002213eca3000 	C:\Program Files\Java\openjfx-19_windows-x64_bin-sdk\javafx-sdk-19\bin\api-ms-win-core-profile-l1-1-0.dll
0x000002213ecb0000 - 0x000002213ecb3000 	C:\Program Files\Java\openjfx-19_windows-x64_bin-sdk\javafx-sdk-19\bin\api-ms-win-core-rtlsupport-l1-1-0.dll
0x000002213ecc0000 - 0x000002213ecc3000 	C:\Program Files\Java\openjfx-19_windows-x64_bin-sdk\javafx-sdk-19\bin\api-ms-win-core-string-l1-1-0.dll
0x000002213f040000 - 0x000002213f043000 	C:\Program Files\Java\openjfx-19_windows-x64_bin-sdk\javafx-sdk-19\bin\api-ms-win-core-synch-l1-1-0.dll
0x000002213f050000 - 0x000002213f053000 	C:\Program Files\Java\openjfx-19_windows-x64_bin-sdk\javafx-sdk-19\bin\api-ms-win-core-synch-l1-2-0.dll
0x000002213f060000 - 0x000002213f063000 	C:\Program Files\Java\openjfx-19_windows-x64_bin-sdk\javafx-sdk-19\bin\api-ms-win-core-sysinfo-l1-1-0.dll
0x000002213f070000 - 0x000002213f073000 	C:\Program Files\Java\openjfx-19_windows-x64_bin-sdk\javafx-sdk-19\bin\api-ms-win-core-timezone-l1-1-0.dll
0x000002213f080000 - 0x000002213f083000 	C:\Program Files\Java\openjfx-19_windows-x64_bin-sdk\javafx-sdk-19\bin\api-ms-win-core-util-l1-1-0.dll
0x000002213f090000 - 0x000002213f093000 	C:\Program Files\Java\openjfx-19_windows-x64_bin-sdk\javafx-sdk-19\bin\api-ms-win-crt-conio-l1-1-0.dll
0x000002213f0a0000 - 0x000002213f0a4000 	C:\Program Files\Java\openjfx-19_windows-x64_bin-sdk\javafx-sdk-19\bin\api-ms-win-crt-convert-l1-1-0.dll
0x000002213ecd0000 - 0x000002213ecd3000 	C:\Program Files\Java\openjfx-19_windows-x64_bin-sdk\javafx-sdk-19\bin\api-ms-win-crt-environment-l1-1-0.dll
0x000002213ece0000 - 0x000002213ece3000 	C:\Program Files\Java\openjfx-19_windows-x64_bin-sdk\javafx-sdk-19\bin\api-ms-win-crt-filesystem-l1-1-0.dll
0x000002213ecf0000 - 0x000002213ecf3000 	C:\Program Files\Java\openjfx-19_windows-x64_bin-sdk\javafx-sdk-19\bin\api-ms-win-crt-heap-l1-1-0.dll
0x000002213ed00000 - 0x000002213ed03000 	C:\Program Files\Java\openjfx-19_windows-x64_bin-sdk\javafx-sdk-19\bin\api-ms-win-crt-locale-l1-1-0.dll
0x000002213ed10000 - 0x000002213ed15000 	C:\Program Files\Java\openjfx-19_windows-x64_bin-sdk\javafx-sdk-19\bin\api-ms-win-crt-math-l1-1-0.dll
0x000002213ed20000 - 0x000002213ed25000 	C:\Program Files\Java\openjfx-19_windows-x64_bin-sdk\javafx-sdk-19\bin\api-ms-win-crt-multibyte-l1-1-0.dll
0x000002213ed30000 - 0x000002213ed40000 	C:\Program Files\Java\openjfx-19_windows-x64_bin-sdk\javafx-sdk-19\bin\api-ms-win-crt-private-l1-1-0.dll
0x000002213ed40000 - 0x000002213ed43000 	C:\Program Files\Java\openjfx-19_windows-x64_bin-sdk\javafx-sdk-19\bin\api-ms-win-crt-process-l1-1-0.dll
0x000002213ed50000 - 0x000002213ed54000 	C:\Program Files\Java\openjfx-19_windows-x64_bin-sdk\javafx-sdk-19\bin\api-ms-win-crt-runtime-l1-1-0.dll
0x000002213ed60000 - 0x000002213ed64000 	C:\Program Files\Java\openjfx-19_windows-x64_bin-sdk\javafx-sdk-19\bin\api-ms-win-crt-stdio-l1-1-0.dll
0x000002213ed70000 - 0x000002213ed74000 	C:\Program Files\Java\openjfx-19_windows-x64_bin-sdk\javafx-sdk-19\bin\api-ms-win-crt-string-l1-1-0.dll
0x000002213ed80000 - 0x000002213ed83000 	C:\Program Files\Java\openjfx-19_windows-x64_bin-sdk\javafx-sdk-19\bin\api-ms-win-crt-time-l1-1-0.dll
0x000002213ed90000 - 0x000002213ed93000 	C:\Program Files\Java\openjfx-19_windows-x64_bin-sdk\javafx-sdk-19\bin\api-ms-win-crt-utility-l1-1-0.dll
0x00007ffb7d320000 - 0x00007ffb7d41c000 	C:\Program Files\Java\openjfx-19_windows-x64_bin-sdk\javafx-sdk-19\bin\ucrtbase.dll
0x00007ffb8bf80000 - 0x00007ffb8bf9b000 	C:\Program Files\Java\openjfx-19_windows-x64_bin-sdk\javafx-sdk-19\bin\vcruntime140.dll
0x00007ffb9ade0000 - 0x00007ffb9adec000 	C:\Program Files\Java\openjfx-19_windows-x64_bin-sdk\javafx-sdk-19\bin\vcruntime140_1.dll
0x00007ffb48be0000 - 0x00007ffb48c6e000 	C:\Program Files\Java\openjfx-19_windows-x64_bin-sdk\javafx-sdk-19\bin\msvcp140.dll
0x00007ffb8c460000 - 0x00007ffb8c469000 	C:\Program Files\Java\openjfx-19_windows-x64_bin-sdk\javafx-sdk-19\bin\msvcp140_1.dll
0x00007ffb7efe0000 - 0x00007ffb7f010000 	C:\Program Files\Java\openjfx-19_windows-x64_bin-sdk\javafx-sdk-19\bin\msvcp140_2.dll
0x00007ffb4b5b0000 - 0x00007ffb4b5dc000 	C:\Program Files\Java\openjfx-19_windows-x64_bin-sdk\javafx-sdk-19\bin\prism_d3d.dll
0x00007ffb91370000 - 0x00007ffb9153f000 	C:\Windows\system32\d3d9.dll
0x00007ffba0560000 - 0x00007ffba058f000 	C:\Windows\SYSTEM32\dwmapi.dll
0x00007ffba02d0000 - 0x00007ffba036e000 	C:\Windows\system32\uxtheme.dll
0x00007ffba4050000 - 0x00007ffba417a000 	C:\Windows\System32\ole32.dll
0x00007ffba5530000 - 0x00007ffba55fd000 	C:\Windows\System32\OLEAUT32.dll
0x00007ffba3500000 - 0x00007ffba354e000 	C:\Windows\System32\cfgmgr32.dll
0x00007ffba34d0000 - 0x00007ffba34f7000 	C:\Windows\System32\bcrypt.dll
0x00007ffb47240000 - 0x00007ffb47282000 	C:\Program Files\Java\openjfx-19_windows-x64_bin-sdk\javafx-sdk-19\bin\glass.dll
0x00007ffba37d0000 - 0x00007ffba38aa000 	C:\Windows\System32\COMDLG32.dll
0x00007ffba3f30000 - 0x00007ffba4045000 	C:\Windows\System32\MSCTF.dll
0x00007ffba27c0000 - 0x00007ffba27d8000 	C:\Windows\SYSTEM32\CRYPTSP.dll
0x00007ffba1ee0000 - 0x00007ffba1f14000 	C:\Windows\system32\rsaenh.dll
0x00007ffba27e0000 - 0x00007ffba27ec000 	C:\Windows\SYSTEM32\CRYPTBASE.dll
0x00007ffb97d20000 - 0x00007ffb97d5b000 	C:\Windows\SYSTEM32\dxcore.dll
0x00007ffb81a10000 - 0x00007ffb81a24000 	C:\Program Files\Java\openjfx-19_windows-x64_bin-sdk\javafx-sdk-19\bin\javafx_font.dll
0x00007ffb90350000 - 0x00007ffb905cf000 	C:\Windows\SYSTEM32\dwrite.dll
0x00007ffba4f80000 - 0x00007ffba5029000 	C:\Windows\System32\clbcatq.dll
0x00007ffb9b2b0000 - 0x00007ffb9b464000 	C:\Windows\SYSTEM32\WindowsCodecs.dll
0x00007ffb73160000 - 0x00007ffb7319e000 	C:\Windows\system32\dataexchange.dll
0x00007ffb9f690000 - 0x00007ffb9f874000 	C:\Windows\system32\dcomp.dll
0x00007ffb9e7c0000 - 0x00007ffb9ea23000 	C:\Windows\system32\d3d11.dll
0x00007ffba1710000 - 0x00007ffba1803000 	C:\Windows\system32\dxgi.dll
0x00007ffb9b6f0000 - 0x00007ffb9b8f0000 	C:\Windows\system32\twinapi.appcore.dll
0x00007ffb9e730000 - 0x00007ffb9e764000 	C:\Program Files\Common Files\Microsoft Shared\Ink\rtscom.dll
0x00007ffb95e10000 - 0x00007ffb95f09000 	C:\Windows\SYSTEM32\textinputframework.dll
0x00007ffb9fc00000 - 0x00007ffb9ff5e000 	C:\Windows\System32\CoreUIComponents.dll
0x00007ffb9ff60000 - 0x00007ffba0052000 	C:\Windows\System32\CoreMessaging.dll
0x00007ffba1b10000 - 0x00007ffba1b43000 	C:\Windows\SYSTEM32\ntmarta.dll
0x00007ffb9f530000 - 0x00007ffb9f684000 	C:\Windows\SYSTEM32\wintypes.dll

dbghelp: loaded successfully - version: 4.0.5 - missing functions: none
symbol engine: initialized successfully - sym options: 0x614 - pdb path: .;C:\Program Files\Java\jdk-18.0.2.1\bin;C:\Windows\SYSTEM32;C:\Windows\WinSxS\amd64_microsoft.windows.common-controls_6595b64144ccf1df_6.0.19041.1110_none_60b5254171f9507e;C:\Program Files\Java\jdk-18.0.2.1\bin\server;C:\Program Files\JetBrains\IntelliJ IDEA Community Edition 2022.2.1\bin;C:\Program Files\Java\openjfx-19_windows-x64_bin-sdk\javafx-sdk-19\bin;C:\Windows\System32\DriverStore\FileRepository\72_lenovo_kabylake_hws_iigd_dch.inf_amd64_d630775471e98fa9;C:\Program Files\Common Files\Microsoft Shared\Ink

VM Arguments:
jvm_args: --module-path=C:/Program Files/Java/openjfx-19_windows-x64_bin-sdk/javafx-sdk-19/lib --add-modules=javafx.controls,javafx.fxml -javaagent:C:\Program Files\JetBrains\IntelliJ IDEA Community Edition 2022.2.1\lib\idea_rt.jar=59557:C:\Program Files\JetBrains\IntelliJ IDEA Community Edition 2022.2.1\bin -Dfile.encoding=UTF-8 -Dsun.stdout.encoding=UTF-8 -Dsun.stderr.encoding=UTF-8 
java_command: Client
java_class_path (initial): E:\prog 5\\kurs\out\production\Client;C:\Program Files\Java\openjfx-19_windows-x64_bin-sdk\javafx-sdk-19\lib\javafx-swt.jar;C:\Program Files\Java\openjfx-19_windows-x64_bin-sdk\javafx-sdk-19\lib\javafx.web.jar;C:\Program Files\Java\openjfx-19_windows-x64_bin-sdk\javafx-sdk-19\lib\javafx.base.jar;C:\Program Files\Java\openjfx-19_windows-x64_bin-sdk\javafx-sdk-19\lib\javafx.fxml.jar;C:\Program Files\Java\openjfx-19_windows-x64_bin-sdk\javafx-sdk-19\lib\javafx.media.jar;C:\Program Files\Java\openjfx-19_windows-x64_bin-sdk\javafx-sdk-19\lib\javafx.swing.jar;C:\Program Files\Java\openjfx-19_windows-x64_bin-sdk\javafx-sdk-19\lib\javafx.controls.jar;C:\Program Files\Java\openjfx-19_windows-x64_bin-sdk\javafx-sdk-19\lib\javafx.graphics.jar;C:\Users\\Downloads\mysql-connector-java-8.0.26.jar;E:\prog 5\\kurs\out\production\kurs;C:\Program Files\Java\jdk-18.0.2.1\lib\jrt-fs.jar
Launcher Type: SUN_STANDARD

[Global flags]
     intx CICompilerCount                          = 3                                         {product} {ergonomic}
     uint ConcGCThreads                            = 1                                         {product} {ergonomic}
     uint G1ConcRefinementThreads                  = 4                                         {product} {ergonomic}
   size_t G1HeapRegionSize                         = 1048576                                   {product} {ergonomic}
    uintx GCDrainStackTargetSize                   = 64                                        {product} {ergonomic}
   size_t InitialHeapSize                          = 134217728                                 {product} {ergonomic}
   size_t MarkStackSize                            = 4194304                                   {product} {ergonomic}
   size_t MaxHeapSize                              = 2116026368                                {product} {ergonomic}
   size_t MaxNewSize                               = 1268776960                                {product} {ergonomic}
   size_t MinHeapDeltaBytes                        = 1048576                                   {product} {ergonomic}
   size_t MinHeapSize                              = 8388608                                   {product} {ergonomic}
    uintx NonNMethodCodeHeapSize                   = 5832780                                {pd product} {ergonomic}
    uintx NonProfiledCodeHeapSize                  = 122912730                              {pd product} {ergonomic}
    uintx ProfiledCodeHeapSize                     = 122912730                              {pd product} {ergonomic}
    uintx ReservedCodeCacheSize                    = 251658240                              {pd product} {ergonomic}
     bool SegmentedCodeCache                       = true                                      {product} {ergonomic}
   size_t SoftMaxHeapSize                          = 2116026368                             {manageable} {ergonomic}
     bool UseCompressedClassPointers               = true                           {product lp64_product} {ergonomic}
     bool UseCompressedOops                        = true                           {product lp64_product} {ergonomic}
     bool UseG1GC                                  = true                                      {product} {ergonomic}
     bool UseLargePagesIndividualAllocation        = false                                  {pd product} {ergonomic}

Logging:
Log output configuration:
 #0: stdout all=off uptime,level,tags foldmultilines=false
 #1: stderr all=off uptime,level,tags foldmultilines=false

Environment Variables:
PATH=C:\Program Files\Common Files\Oracle\Java\javapath;C:\Program Files (x86)\Common Files\Oracle\Java\javapath;C:\Windows\system32;C:\Windows;C:\Windows\System32\Wbem;C:\Windows\System32\WindowsPowerShell\v1.0\;C:\Windows\System32\OpenSSH\;C:\Program Files (x86)\NVIDIA Corporation\PhysX\Common;C:\Program Files\NVIDIA Corporation\NVIDIA NvDLISR;C:\Program Files\Azure Data Studio\bin;C:\Program Files\MySQL\MySQL Shell 8.0\bin\;C:\Users\\AppData\Local\Microsoft\WindowsApps;;C:\Program Files\Azure Data Studio\bin
USERNAME=
OS=Windows_NT
PROCESSOR_IDENTIFIER=Intel64 Family 6 Model 142 Stepping 9, GenuineIntel



---------------  S Y S T E M  ---------------

OS:
 Windows 10 , 64 bit Build 19041 (10.0.19041.1806)
OS uptime: 0 days 0:48 hours

CPU: total 4 (initial active 4) (2 cores per cpu, 2 threads per core) family 6 model 142 stepping 9 microcode 0xd6, cx8, cmov, fxsr, ht, mmx, 3dnowpref, sse, sse2, sse3, ssse3, sse4.1, sse4.2, popcnt, lzcnt, tsc, tscinvbit, avx, avx2, aes, erms, clmul, bmi1, bmi2, adx, fma, vzeroupper, clflush, clflushopt

Memory: 4k page, system-wide physical 8066M (1956M free)
TotalPageFile size 14466M (AvailPageFile size 6748M)
current process WorkingSet (physical memory assigned to process): 171M, peak: 202M
current process commit charge ("private bytes"): 283M, peak: 313M

vm_info: Java HotSpot(TM) 64-Bit Server VM (18.0.2.1+1-1) for windows-amd64 JRE (18.0.2.1+1-1), built on Aug 16 2022 01:46:33 by "mach5one" with MS VC++ 16.8 / 16.9 (VS2019)

END.
