#
# A fatal error has been detected by the Java Runtime Environment:
#
#  EXCEPTION_ACCESS_VIOLATION (0xc0000005) at pc=0x00007ffb81a463b7, pid=8780, tid=7796
#
# JRE version: Java(TM) SE Runtime Environment (18.0.2.1+1) (build 18.0.2.1+1-1)
# Java VM: Java HotSpot(TM) 64-Bit Server VM (18.0.2.1+1-1, mixed mode, sharing, tiered, compressed oops, compressed class ptrs, g1 gc, windows-amd64)
# Problematic frame:
# C  [glass.dll+0x263b7]
#
# No core dump will be written. Minidumps are not enabled by default on client versions of Windows
#
# If you would like to submit a bug report, please visit:
#   https://bugreport.java.com/bugreport/crash.jsp
#

---------------  S U M M A R Y ------------

Command Line: --module-path=C:/Program Files/Java/openjfx-19_windows-x64_bin-sdk/javafx-sdk-19/lib --add-modules=javafx.controls,javafx.fxml -javaagent:C:\Program Files\JetBrains\IntelliJ IDEA Community Edition 2022.2.1\lib\idea_rt.jar=51345:C:\Program Files\JetBrains\IntelliJ IDEA Community Edition 2022.2.1\bin -Dfile.encoding=UTF-8 -Dsun.stdout.encoding=UTF-8 -Dsun.stderr.encoding=UTF-8 Client

Host: Intel(R) Core(TM) i3-7130U CPU @ 2.70GHz, 4 cores, 7G,  Windows 10 , 64 bit Build 19041 (10.0.19041.1806)
Time: Tue Dec  6 00:04:35 2022  Windows 10 , 64 bit Build 19041 (10.0.19041.1806) elapsed time: 370.062945 seconds (0d 0h 6m 10s)

---------------  T H R E A D  ---------------

Current thread (0x0000028bd3fb9050):  VMThread "VM Thread" [stack: 0x000000be4c700000,0x000000be4c800000] [id=7796]

Stack: [0x000000be4c700000,0x000000be4c800000],  sp=0x000000be4c7ff220,  free space=1020k
Native frames: (J=compiled Java code, j=interpreted, Vv=VM code, C=native code)
C  [glass.dll+0x263b7]


siginfo: EXCEPTION_ACCESS_VIOLATION (0xc0000005), reading address 0x0000000000000000


Register to memory mapping:

RIP=0x00007ffb81a463b7 glass.dll
RAX=0x0 is NULL
RBX=0x0000028bd3fc78a8 is a global jni handle
RCX=0x0000028bd3fb9050 points into unknown readable memory: 0x00007ffb43b6ea28 | 28 ea b6 43 fb 7f 00 00
RDX=0x000000be4c7ff220 points into unknown readable memory: 0x0000000000000000 | 00 00 00 00 00 00 00 00
RSP=0x000000be4c7ff220 points into unknown readable memory: 0x0000000000000000 | 00 00 00 00 00 00 00 00
RBP=0x0000028bd908b518 points into unknown readable memory: 0x00006055ac97ad59 | 59 ad 97 ac 55 60 00 00
RSI=0x0000028bd908b4f0 points into unknown readable memory: 0xf7032825bc97ada6 | a6 ad 97 bc 25 28 03 f7
RDI=0x00006055ac97ad59 is an unknown value
R8 =0x0000000000010002 is an unknown value
R9 =0x00006055ac97ad59 is an unknown value
R10=0x0000000000008000 is an unknown value
R11=0x000000be4c7ff1b0 points into unknown readable memory: 0x0000028bd908b4f0 | f0 b4 08 d9 8b 02 00 00
R12=0x00007ffb81a43cf0 glass.dll
R13=0x00007ffb43d30c00 jvm.dll
R14=0x000000be4c7ff318 points into unknown readable memory: 0x000000be4c7ff300 | 00 f3 7f 4c be 00 00 00
R15=0x0000028bd908b4f0 points into unknown readable memory: 0xf7032825bc97ada6 | a6 ad 97 bc 25 28 03 f7


Registers:
RAX=0x0000000000000000, RBX=0x0000028bd3fc78a8, RCX=0x0000028bd3fb9050, RDX=0x000000be4c7ff220
RSP=0x000000be4c7ff220, RBP=0x0000028bd908b518, RSI=0x0000028bd908b4f0, RDI=0x00006055ac97ad59
R8 =0x0000000000010002, R9 =0x00006055ac97ad59, R10=0x0000000000008000, R11=0x000000be4c7ff1b0
R12=0x00007ffb81a43cf0, R13=0x00007ffb43d30c00, R14=0x000000be4c7ff318, R15=0x0000028bd908b4f0
RIP=0x00007ffb81a463b7, EFLAGS=0x0000000000010206

Top of Stack: (sp=0x000000be4c7ff220)
0x000000be4c7ff220:   0000000000000000 0000028bd908b4f0
0x000000be4c7ff230:   00007ffb43d30c00 00007ffb81a43cf0
0x000000be4c7ff240:   0000028bd908b4f8 00007ffba2f442d6
0x000000be4c7ff250:   00006055ac97ad59 0000028b00000000
0x000000be4c7ff260:   0000028bd908b518 0000028bd908b4f0
0x000000be4c7ff270:   fffffffffffffffe 0000000000000000
0x000000be4c7ff280:   0000000000000001 00007ffb81a20000
0x000000be4c7ff290:   000000be4c7ff308 00007ffba2f441fb
0x000000be4c7ff2a0:   0000000000000000 000000be4c7ff318
0x000000be4c7ff2b0:   000000be4c7ff5e0 00007ffba3020e40
0x000000be4c7ff2c0:   0000000000000001 00007ffba2f441b4
0x000000be4c7ff2d0:   0000000000000000 0000000000000001
0x000000be4c7ff2e0:   00007ffb00000001 000000be4c7ff308
0x000000be4c7ff2f0:   0000000000000000 00007ffb81a43b7d
0x000000be4c7ff300:   00007ffb81a59f88 00007ffb00000002
0x000000be4c7ff310:   0000000000000002 000000be4c7ff300 

Instructions: (pc=0x00007ffb81a463b7)
0x00007ffb81a462b7:   8b 4d 58 e8 7d cf ff ff 48 8b 4d 60 e8 74 cf ff
0x00007ffb81a462c7:   ff 48 8b 95 80 00 00 00 48 8b 8d 18 01 00 00 e8
0x00007ffb81a462d7:   66 c4 ff ff 33 d2 33 c9 e8 bc e1 ff ff 90 48 89
0x00007ffb81a462e7:   54 24 10 55 48 83 ec 20 48 8b ea 48 b8 00 00 00
0x00007ffb81a462f7:   00 00 00 00 00 48 83 c4 20 5d c3 cc 40 55 48 8b
0x00007ffb81a46307:   ea 48 8b 01 33 c9 81 38 05 00 00 c0 0f 94 c1 8b
0x00007ffb81a46317:   c1 5d c3 cc 40 55 48 83 ec 20 48 8b ea 8a 4d 40
0x00007ffb81a46327:   48 83 c4 20 5d e9 63 d3 ff ff cc 40 55 48 83 ec
0x00007ffb81a46337:   20 48 8b ea 8a 4d 20 e8 51 d3 ff ff 90 48 83 c4
0x00007ffb81a46347:   20 5d c3 cc 40 55 48 83 ec 20 48 8b ea 48 83 c4
0x00007ffb81a46357:   20 5d e9 b2 d1 ff ff cc 40 55 48 83 ec 30 48 8b
0x00007ffb81a46367:   ea 48 8b 01 8b 10 48 89 4c 24 28 89 54 24 20 4c
0x00007ffb81a46377:   8d 0d 53 d6 ff ff 4c 8b 45 70 8b 55 68 48 8b 4d
0x00007ffb81a46387:   60 e8 f3 d0 ff ff 90 48 83 c4 30 5d c3 cc cc cc
0x00007ffb81a46397:   cc cc cc cc cc cc cc cc cc 40 53 48 83 ec 20 48
0x00007ffb81a463a7:   8b 1d db 35 01 00 48 85 db 74 16 e8 79 8b ff ff
0x00007ffb81a463b7:   4c 8b 00 48 8b d3 48 8b c8 41 ff 90 b0 00 00 00
0x00007ffb81a463c7:   90 48 83 c4 20 5b c3 cc cc 40 53 48 83 ec 20 48
0x00007ffb81a463d7:   8b 1d 4b 37 01 00 48 85 db 74 57 b8 ff ff ff ff
0x00007ffb81a463e7:   f0 0f c1 43 10 83 f8 01 75 3d 48 85 db 74 38 48
0x00007ffb81a463f7:   8b 0b 48 85 c9 74 0d ff 15 a4 0e 00 00 48 c7 03
0x00007ffb81a46407:   00 00 00 00 48 8b 4b 08 48 85 c9 74 0d e8 23 ce
0x00007ffb81a46417:   ff ff 48 c7 43 08 00 00 00 00 ba 18 00 00 00 48
0x00007ffb81a46427:   8b cb e8 0e ce ff ff 48 c7 05 ef 36 01 00 00 00
0x00007ffb81a46437:   00 00 48 83 c4 20 5b c3 cc 40 53 48 83 ec 20 48
0x00007ffb81a46447:   8b 1d bb 36 01 00 48 85 db 74 57 b8 ff ff ff ff
0x00007ffb81a46457:   f0 0f c1 43 10 83 f8 01 75 3d 48 85 db 74 38 48
0x00007ffb81a46467:   8b 0b 48 85 c9 74 0d ff 15 34 0e 00 00 48 c7 03
0x00007ffb81a46477:   00 00 00 00 48 8b 4b 08 48 85 c9 74 0d e8 b3 cd
0x00007ffb81a46487:   ff ff 48 c7 43 08 00 00 00 00 ba 18 00 00 00 48
0x00007ffb81a46497:   8b cb e8 9e cd ff ff 48 c7 05 5f 36 01 00 00 00
0x00007ffb81a464a7:   00 00 48 83 c4 20 5b c3 cc 40 53 48 83 ec 20 48 


Stack slot to memory mapping:
stack at sp + 0 slots: 0x0 is NULL
stack at sp + 1 slots: 0x0000028bd908b4f0 points into unknown readable memory: 0xf7032825bc97ada6 | a6 ad 97 bc 25 28 03 f7
stack at sp + 2 slots: 0x00007ffb43d30c00 jvm.dll
stack at sp + 3 slots: 0x00007ffb81a43cf0 glass.dll
stack at sp + 4 slots: 0x0000028bd908b4f8 points into unknown readable memory: 0x00006055ac97ad59 | 59 ad 97 ac 55 60 00 00
stack at sp + 5 slots: 0x00007ffba2f442d6 ucrtbase.dll
stack at sp + 6 slots: 0x00006055ac97ad59 is an unknown value
stack at sp + 7 slots: 0x0000028b00000000 is an unknown value

VM_Operation (0x000000be4bfff030): Exit, mode: safepoint, requested by thread 0x0000028bd8bb7d50


---------------  P R O C E S S  ---------------

Threads class SMR info:
_java_thread_list=0x0000028bd9f77660, length=20, elements={
0x0000028bb6704f60, 0x0000028bd3fbc050, 0x0000028bd3fbcdf0, 0x0000028bd3fd8a80,
0x0000028bd3fd9420, 0x0000028bd3fd9f00, 0x0000028bd3fe2be0, 0x0000028bd3ff7bf0,
0x0000028bd400a5d0, 0x0000028bb67c8a90, 0x0000028bd8de9940, 0x0000028bd8bb3230,
0x0000028bd93b8400, 0x0000028bd906f6f0, 0x0000028bd8ccb7a0, 0x0000028bd993fd50,
0x0000028bd98e0250, 0x0000028bd91c54a0, 0x0000028bd91c5e40, 0x0000028bd8bb7d50
}

Java Threads: ( => current thread )
  0x0000028bb6704f60 JavaThread "main" [_thread_blocked, id=11912, stack(0x000000be4c100000,0x000000be4c200000)]
  0x0000028bd3fbc050 JavaThread "Reference Handler" daemon [_thread_blocked, id=11880, stack(0x000000be4c800000,0x000000be4c900000)]
  0x0000028bd3fbcdf0 JavaThread "Finalizer" daemon [_thread_blocked, id=11952, stack(0x000000be4c900000,0x000000be4ca00000)]
  0x0000028bd3fd8a80 JavaThread "Attach Listener" daemon [_thread_blocked, id=11876, stack(0x000000be4cb00000,0x000000be4cc00000)]
  0x0000028bd3fd9420 JavaThread "Service Thread" daemon [_thread_blocked, id=6980, stack(0x000000be4cc00000,0x000000be4cd00000)]
  0x0000028bd3fd9f00 JavaThread "Monitor Deflation Thread" daemon [_thread_blocked, id=7508, stack(0x000000be4cd00000,0x000000be4ce00000)]
  0x0000028bd3fe2be0 JavaThread "C2 CompilerThread0" daemon [_thread_blocked, id=1140, stack(0x000000be4ce00000,0x000000be4cf00000)]
  0x0000028bd3ff7bf0 JavaThread "C1 CompilerThread0" daemon [_thread_blocked, id=3172, stack(0x000000be4cf00000,0x000000be4d000000)]
  0x0000028bd400a5d0 JavaThread "Sweeper thread" daemon [_thread_blocked, id=772, stack(0x000000be4d000000,0x000000be4d100000)]
  0x0000028bb67c8a90 JavaThread "Common-Cleaner" daemon [_thread_blocked, id=524, stack(0x000000be4d100000,0x000000be4d200000)]
  0x0000028bd8de9940 JavaThread "Monitor Ctrl-Break" daemon [_thread_in_native, id=8424, stack(0x000000be4d300000,0x000000be4d400000)]
  0x0000028bd8bb3230 JavaThread "Notification Thread" daemon [_thread_blocked, id=7544, stack(0x000000be4d400000,0x000000be4d500000)]
  0x0000028bd93b8400 JavaThread "QuantumRenderer-0" daemon [_thread_blocked, id=8932, stack(0x000000be4d600000,0x000000be4d700000)]
  0x0000028bd906f6f0 JavaThread "InvokeLaterDispatcher" daemon [_thread_blocked, id=120, stack(0x000000be4d700000,0x000000be4d800000)]
  0x0000028bd8ccb7a0 JavaThread "JavaFX Application Thread" [_thread_in_native, id=11700, stack(0x000000be4d800000,0x000000be4d900000)]
  0x0000028bd993fd50 JavaThread "Thread-1" daemon [_thread_in_native, id=12276, stack(0x000000be4df00000,0x000000be4e000000)]
  0x0000028bd98e0250 JavaThread "JavaFX-Launcher" [_thread_blocked, id=8840, stack(0x000000be4e000000,0x000000be4e100000)]
  0x0000028bd91c54a0 JavaThread "Prism Font Disposer" daemon [_thread_blocked, id=6180, stack(0x000000be4d200000,0x000000be4d300000)]
  0x0000028bd91c5e40 JavaThread "Cleaner-0" daemon [_thread_blocked, id=2736, stack(0x000000be4e500000,0x000000be4e600000)]
  0x0000028bd8bb7d50 JavaThread "SIGINT handler" daemon [_thread_blocked, id=5740, stack(0x000000be4bf00000,0x000000be4c000000)]

Other Threads:
=>0x0000028bd3fb9050 VMThread "VM Thread" [stack: 0x000000be4c700000,0x000000be4c800000] [id=7796]
  0x0000028bb675e730 WorkerThread "GC Thread#0" [stack: 0x000000be4c200000,0x000000be4c300000] [id=9048]
  0x0000028bd8e29690 WorkerThread "GC Thread#1" [stack: 0x000000be4d900000,0x000000be4da00000] [id=960]
  0x0000028bd89b1070 WorkerThread "GC Thread#2" [stack: 0x000000be4da00000,0x000000be4db00000] [id=6884]
  0x0000028bd9097c80 WorkerThread "GC Thread#3" [stack: 0x000000be4db00000,0x000000be4dc00000] [id=2672]
  0x0000028bb67702b0 ConcurrentGCThread "G1 Main Marker" terminated
  0x0000028bb6771440 WorkerThread "G1 Conc#0" [stack: 0x000000be4c400000,0x000000be4c500000] [id=9116]
  0x0000028bb67b2e80 ConcurrentGCThread "G1 Refine#0" terminated
  0x0000028bb67b3790 ConcurrentGCThread "G1 Service" terminated

Threads with active compile tasks:

VM state: at safepoint (shutting down)

VM Mutex/Monitor currently owned by a thread:  ([mutex/lock_event])
[0x0000028bb6702670] Threads_lock - owner thread: 0x0000028bd3fb9050
[0x0000028bb6701aa0] Heap_lock - owner thread: 0x0000028bd8bb7d50

Heap address: 0x0000000081e00000, size: 2018 MB, Compressed Oops mode: 32-bit

CDS archive(s) mapped at: [0x0000000800000000-0x0000000800ba0000-0x0000000800ba0000), size 12189696, SharedBaseAddress: 0x0000000800000000, ArchiveRelocationMode: 0.
Compressed class space mapped at: 0x0000000800c00000-0x0000000840c00000, reserved size: 1073741824
Narrow klass base: 0x0000000800000000, Narrow klass shift: 0, Narrow klass range: 0x100000000

GC Precious Log:
 CardTable entry size: 512
 Card Set container configuration: InlinePtr #cards 5 size 8 Array Of Cards #cards 12 size 40 Howl #buckets 4 coarsen threshold 1843 Howl Bitmap #cards 512 size 80 coarsen threshold 460 Card regions per heap region 1 cards per card region 2048
 CPUs: 4 total, 4 available
 Memory: 8066M
 Large Page Support: Disabled
 NUMA Support: Disabled
 Compressed Oops: Enabled (32-bit)
 Heap Region Size: 1M
 Heap Min Capacity: 8M
 Heap Initial Capacity: 128M
 Heap Max Capacity: 2018M
 Pre-touch: Disabled
 Parallel Workers: 4
 Concurrent Workers: 1
 Concurrent Refinement Workers: 4
 Periodic GC: Disabled

Heap:
 garbage-first heap   total 131072K, used 50137K [0x0000000081e00000, 0x0000000100000000)
  region size 1024K, 46 young (47104K), 3 survivors (3072K)
 Metaspace       used 18656K, committed 19008K, reserved 1114112K
  class space    used 2720K, committed 2880K, reserved 1048576K

Heap Regions: E=young(eden), S=young(survivor), O=old, HS=humongous(starts), HC=humongous(continues), CS=collection set, F=free, OA=open archive, CA=closed archive, TAMS=top-at-mark-start (previous, next)
|   0|0x0000000081e00000, 0x0000000081f00000, 0x0000000081f00000|100%| O|  |TAMS 0x0000000081e00000, 0x0000000081e00000| Untracked 
|   1|0x0000000081f00000, 0x0000000082000000, 0x0000000082000000|100%| O|  |TAMS 0x0000000081f00000, 0x0000000081f00000| Untracked 
|   2|0x0000000082000000, 0x000000008201c000, 0x0000000082100000| 10%| O|  |TAMS 0x0000000082000000, 0x0000000082000000| Untracked 
|   3|0x0000000082100000, 0x0000000082200000, 0x0000000082200000|100%|HS|  |TAMS 0x0000000082100000, 0x0000000082100000| Complete 
|   4|0x0000000082200000, 0x0000000082300000, 0x0000000082300000|100%|HC|  |TAMS 0x0000000082200000, 0x0000000082200000| Complete 
|   5|0x0000000082300000, 0x0000000082300000, 0x0000000082400000|  0%| F|  |TAMS 0x0000000082300000, 0x0000000082300000| Untracked 
|   6|0x0000000082400000, 0x0000000082400000, 0x0000000082500000|  0%| F|  |TAMS 0x0000000082400000, 0x0000000082400000| Untracked 
|   7|0x0000000082500000, 0x0000000082500000, 0x0000000082600000|  0%| F|  |TAMS 0x0000000082500000, 0x0000000082500000| Untracked 
|   8|0x0000000082600000, 0x0000000082600000, 0x0000000082700000|  0%| F|  |TAMS 0x0000000082600000, 0x0000000082600000| Untracked 
|   9|0x0000000082700000, 0x0000000082700000, 0x0000000082800000|  0%| F|  |TAMS 0x0000000082700000, 0x0000000082700000| Untracked 
|  10|0x0000000082800000, 0x0000000082800000, 0x0000000082900000|  0%| F|  |TAMS 0x0000000082800000, 0x0000000082800000| Untracked 
|  11|0x0000000082900000, 0x0000000082900000, 0x0000000082a00000|  0%| F|  |TAMS 0x0000000082900000, 0x0000000082900000| Untracked 
|  12|0x0000000082a00000, 0x0000000082a00000, 0x0000000082b00000|  0%| F|  |TAMS 0x0000000082a00000, 0x0000000082a00000| Untracked 
|  13|0x0000000082b00000, 0x0000000082b00000, 0x0000000082c00000|  0%| F|  |TAMS 0x0000000082b00000, 0x0000000082b00000| Untracked 
|  14|0x0000000082c00000, 0x0000000082c00000, 0x0000000082d00000|  0%| F|  |TAMS 0x0000000082c00000, 0x0000000082c00000| Untracked 
|  15|0x0000000082d00000, 0x0000000082d00000, 0x0000000082e00000|  0%| F|  |TAMS 0x0000000082d00000, 0x0000000082d00000| Untracked 
|  16|0x0000000082e00000, 0x0000000082e00000, 0x0000000082f00000|  0%| F|  |TAMS 0x0000000082e00000, 0x0000000082e00000| Untracked 
|  17|0x0000000082f00000, 0x0000000082f00000, 0x0000000083000000|  0%| F|  |TAMS 0x0000000082f00000, 0x0000000082f00000| Untracked 
|  18|0x0000000083000000, 0x0000000083000000, 0x0000000083100000|  0%| F|  |TAMS 0x0000000083000000, 0x0000000083000000| Untracked 
|  19|0x0000000083100000, 0x0000000083100000, 0x0000000083200000|  0%| F|  |TAMS 0x0000000083100000, 0x0000000083100000| Untracked 
|  20|0x0000000083200000, 0x0000000083200000, 0x0000000083300000|  0%| F|  |TAMS 0x0000000083200000, 0x0000000083200000| Untracked 
|  21|0x0000000083300000, 0x0000000083300000, 0x0000000083400000|  0%| F|  |TAMS 0x0000000083300000, 0x0000000083300000| Untracked 
|  22|0x0000000083400000, 0x0000000083400000, 0x0000000083500000|  0%| F|  |TAMS 0x0000000083400000, 0x0000000083400000| Untracked 
|  23|0x0000000083500000, 0x0000000083500000, 0x0000000083600000|  0%| F|  |TAMS 0x0000000083500000, 0x0000000083500000| Untracked 
|  24|0x0000000083600000, 0x0000000083600000, 0x0000000083700000|  0%| F|  |TAMS 0x0000000083600000, 0x0000000083600000| Untracked 
|  25|0x0000000083700000, 0x0000000083700000, 0x0000000083800000|  0%| F|  |TAMS 0x0000000083700000, 0x0000000083700000| Untracked 
|  26|0x0000000083800000, 0x0000000083800000, 0x0000000083900000|  0%| F|  |TAMS 0x0000000083800000, 0x0000000083800000| Untracked 
|  27|0x0000000083900000, 0x0000000083900000, 0x0000000083a00000|  0%| F|  |TAMS 0x0000000083900000, 0x0000000083900000| Untracked 
|  28|0x0000000083a00000, 0x0000000083a00000, 0x0000000083b00000|  0%| F|  |TAMS 0x0000000083a00000, 0x0000000083a00000| Untracked 
|  29|0x0000000083b00000, 0x0000000083b00000, 0x0000000083c00000|  0%| F|  |TAMS 0x0000000083b00000, 0x0000000083b00000| Untracked 
|  30|0x0000000083c00000, 0x0000000083c00000, 0x0000000083d00000|  0%| F|  |TAMS 0x0000000083c00000, 0x0000000083c00000| Untracked 
|  31|0x0000000083d00000, 0x0000000083d00000, 0x0000000083e00000|  0%| F|  |TAMS 0x0000000083d00000, 0x0000000083d00000| Untracked 
|  32|0x0000000083e00000, 0x0000000083e00000, 0x0000000083f00000|  0%| F|  |TAMS 0x0000000083e00000, 0x0000000083e00000| Untracked 
|  33|0x0000000083f00000, 0x0000000083f00000, 0x0000000084000000|  0%| F|  |TAMS 0x0000000083f00000, 0x0000000083f00000| Untracked 
|  34|0x0000000084000000, 0x0000000084000000, 0x0000000084100000|  0%| F|  |TAMS 0x0000000084000000, 0x0000000084000000| Untracked 
|  35|0x0000000084100000, 0x0000000084100000, 0x0000000084200000|  0%| F|  |TAMS 0x0000000084100000, 0x0000000084100000| Untracked 
|  36|0x0000000084200000, 0x0000000084200000, 0x0000000084300000|  0%| F|  |TAMS 0x0000000084200000, 0x0000000084200000| Untracked 
|  37|0x0000000084300000, 0x0000000084300000, 0x0000000084400000|  0%| F|  |TAMS 0x0000000084300000, 0x0000000084300000| Untracked 
|  38|0x0000000084400000, 0x0000000084400000, 0x0000000084500000|  0%| F|  |TAMS 0x0000000084400000, 0x0000000084400000| Untracked 
|  39|0x0000000084500000, 0x0000000084500000, 0x0000000084600000|  0%| F|  |TAMS 0x0000000084500000, 0x0000000084500000| Untracked 
|  40|0x0000000084600000, 0x0000000084600000, 0x0000000084700000|  0%| F|  |TAMS 0x0000000084600000, 0x0000000084600000| Untracked 
|  41|0x0000000084700000, 0x0000000084700000, 0x0000000084800000|  0%| F|  |TAMS 0x0000000084700000, 0x0000000084700000| Untracked 
|  42|0x0000000084800000, 0x0000000084800000, 0x0000000084900000|  0%| F|  |TAMS 0x0000000084800000, 0x0000000084800000| Untracked 
|  43|0x0000000084900000, 0x0000000084900000, 0x0000000084a00000|  0%| F|  |TAMS 0x0000000084900000, 0x0000000084900000| Untracked 
|  44|0x0000000084a00000, 0x0000000084a00000, 0x0000000084b00000|  0%| F|  |TAMS 0x0000000084a00000, 0x0000000084a00000| Untracked 
|  45|0x0000000084b00000, 0x0000000084b00000, 0x0000000084c00000|  0%| F|  |TAMS 0x0000000084b00000, 0x0000000084b00000| Untracked 
|  46|0x0000000084c00000, 0x0000000084c00000, 0x0000000084d00000|  0%| F|  |TAMS 0x0000000084c00000, 0x0000000084c00000| Untracked 
|  47|0x0000000084d00000, 0x0000000084d00000, 0x0000000084e00000|  0%| F|  |TAMS 0x0000000084d00000, 0x0000000084d00000| Untracked 
|  48|0x0000000084e00000, 0x0000000084e00000, 0x0000000084f00000|  0%| F|  |TAMS 0x0000000084e00000, 0x0000000084e00000| Untracked 
|  49|0x0000000084f00000, 0x0000000084f00000, 0x0000000085000000|  0%| F|  |TAMS 0x0000000084f00000, 0x0000000084f00000| Untracked 
|  50|0x0000000085000000, 0x0000000085000000, 0x0000000085100000|  0%| F|  |TAMS 0x0000000085000000, 0x0000000085000000| Untracked 
|  51|0x0000000085100000, 0x0000000085100000, 0x0000000085200000|  0%| F|  |TAMS 0x0000000085100000, 0x0000000085100000| Untracked 
|  52|0x0000000085200000, 0x0000000085200000, 0x0000000085300000|  0%| F|  |TAMS 0x0000000085200000, 0x0000000085200000| Untracked 
|  53|0x0000000085300000, 0x0000000085300000, 0x0000000085400000|  0%| F|  |TAMS 0x0000000085300000, 0x0000000085300000| Untracked 
|  54|0x0000000085400000, 0x0000000085400000, 0x0000000085500000|  0%| F|  |TAMS 0x0000000085400000, 0x0000000085400000| Untracked 
|  55|0x0000000085500000, 0x0000000085500000, 0x0000000085600000|  0%| F|  |TAMS 0x0000000085500000, 0x0000000085500000| Untracked 
|  56|0x0000000085600000, 0x0000000085600000, 0x0000000085700000|  0%| F|  |TAMS 0x0000000085600000, 0x0000000085600000| Untracked 
|  57|0x0000000085700000, 0x0000000085700000, 0x0000000085800000|  0%| F|  |TAMS 0x0000000085700000, 0x0000000085700000| Untracked 
|  58|0x0000000085800000, 0x0000000085800000, 0x0000000085900000|  0%| F|  |TAMS 0x0000000085800000, 0x0000000085800000| Untracked 
|  59|0x0000000085900000, 0x0000000085900000, 0x0000000085a00000|  0%| F|  |TAMS 0x0000000085900000, 0x0000000085900000| Untracked 
|  60|0x0000000085a00000, 0x0000000085a00000, 0x0000000085b00000|  0%| F|  |TAMS 0x0000000085a00000, 0x0000000085a00000| Untracked 
|  61|0x0000000085b00000, 0x0000000085b00000, 0x0000000085c00000|  0%| F|  |TAMS 0x0000000085b00000, 0x0000000085b00000| Untracked 
|  62|0x0000000085c00000, 0x0000000085c00000, 0x0000000085d00000|  0%| F|  |TAMS 0x0000000085c00000, 0x0000000085c00000| Untracked 
|  63|0x0000000085d00000, 0x0000000085d00000, 0x0000000085e00000|  0%| F|  |TAMS 0x0000000085d00000, 0x0000000085d00000| Untracked 
|  64|0x0000000085e00000, 0x0000000085e00000, 0x0000000085f00000|  0%| F|  |TAMS 0x0000000085e00000, 0x0000000085e00000| Untracked 
|  65|0x0000000085f00000, 0x0000000085f00000, 0x0000000086000000|  0%| F|  |TAMS 0x0000000085f00000, 0x0000000085f00000| Untracked 
|  66|0x0000000086000000, 0x0000000086000000, 0x0000000086100000|  0%| F|  |TAMS 0x0000000086000000, 0x0000000086000000| Untracked 
|  67|0x0000000086100000, 0x0000000086100000, 0x0000000086200000|  0%| F|  |TAMS 0x0000000086100000, 0x0000000086100000| Untracked 
|  68|0x0000000086200000, 0x0000000086200000, 0x0000000086300000|  0%| F|  |TAMS 0x0000000086200000, 0x0000000086200000| Untracked 
|  69|0x0000000086300000, 0x0000000086300000, 0x0000000086400000|  0%| F|  |TAMS 0x0000000086300000, 0x0000000086300000| Untracked 
|  70|0x0000000086400000, 0x0000000086400000, 0x0000000086500000|  0%| F|  |TAMS 0x0000000086400000, 0x0000000086400000| Untracked 
|  71|0x0000000086500000, 0x0000000086500000, 0x0000000086600000|  0%| F|  |TAMS 0x0000000086500000, 0x0000000086500000| Untracked 
|  72|0x0000000086600000, 0x0000000086600000, 0x0000000086700000|  0%| F|  |TAMS 0x0000000086600000, 0x0000000086600000| Untracked 
|  73|0x0000000086700000, 0x0000000086700000, 0x0000000086800000|  0%| F|  |TAMS 0x0000000086700000, 0x0000000086700000| Untracked 
|  74|0x0000000086800000, 0x0000000086800000, 0x0000000086900000|  0%| F|  |TAMS 0x0000000086800000, 0x0000000086800000| Untracked 
|  75|0x0000000086900000, 0x0000000086900000, 0x0000000086a00000|  0%| F|  |TAMS 0x0000000086900000, 0x0000000086900000| Untracked 
|  76|0x0000000086a00000, 0x0000000086a00000, 0x0000000086b00000|  0%| F|  |TAMS 0x0000000086a00000, 0x0000000086a00000| Untracked 
|  77|0x0000000086b00000, 0x0000000086b00000, 0x0000000086c00000|  0%| F|  |TAMS 0x0000000086b00000, 0x0000000086b00000| Untracked 
|  78|0x0000000086c00000, 0x0000000086c00000, 0x0000000086d00000|  0%| F|  |TAMS 0x0000000086c00000, 0x0000000086c00000| Untracked 
|  79|0x0000000086d00000, 0x0000000086d00000, 0x0000000086e00000|  0%| F|  |TAMS 0x0000000086d00000, 0x0000000086d00000| Untracked 
|  80|0x0000000086e00000, 0x0000000086e00000, 0x0000000086f00000|  0%| F|  |TAMS 0x0000000086e00000, 0x0000000086e00000| Untracked 
|  81|0x0000000086f00000, 0x0000000086f00000, 0x0000000087000000|  0%| F|  |TAMS 0x0000000086f00000, 0x0000000086f00000| Untracked 
|  82|0x0000000087000000, 0x000000008704b430, 0x0000000087100000| 29%| E|  |TAMS 0x0000000087000000, 0x0000000087000000| Complete 
|  83|0x0000000087100000, 0x0000000087200000, 0x0000000087200000|100%| E|CS|TAMS 0x0000000087100000, 0x0000000087100000| Complete 
|  84|0x0000000087200000, 0x0000000087300000, 0x0000000087300000|100%| E|CS|TAMS 0x0000000087200000, 0x0000000087200000| Complete 
|  85|0x0000000087300000, 0x0000000087400000, 0x0000000087400000|100%| E|CS|TAMS 0x0000000087300000, 0x0000000087300000| Complete 
|  86|0x0000000087400000, 0x0000000087500000, 0x0000000087500000|100%| E|CS|TAMS 0x0000000087400000, 0x0000000087400000| Complete 
|  87|0x0000000087500000, 0x0000000087600000, 0x0000000087600000|100%| E|CS|TAMS 0x0000000087500000, 0x0000000087500000| Complete 
|  88|0x0000000087600000, 0x0000000087700000, 0x0000000087700000|100%| E|CS|TAMS 0x0000000087600000, 0x0000000087600000| Complete 
|  89|0x0000000087700000, 0x0000000087800000, 0x0000000087800000|100%| E|CS|TAMS 0x0000000087700000, 0x0000000087700000| Complete 
|  90|0x0000000087800000, 0x0000000087900000, 0x0000000087900000|100%| E|CS|TAMS 0x0000000087800000, 0x0000000087800000| Complete 
|  91|0x0000000087900000, 0x0000000087a00000, 0x0000000087a00000|100%| E|CS|TAMS 0x0000000087900000, 0x0000000087900000| Complete 
|  92|0x0000000087a00000, 0x0000000087b00000, 0x0000000087b00000|100%| E|CS|TAMS 0x0000000087a00000, 0x0000000087a00000| Complete 
|  93|0x0000000087b00000, 0x0000000087c00000, 0x0000000087c00000|100%| E|CS|TAMS 0x0000000087b00000, 0x0000000087b00000| Complete 
|  94|0x0000000087c00000, 0x0000000087d00000, 0x0000000087d00000|100%| E|CS|TAMS 0x0000000087c00000, 0x0000000087c00000| Complete 
|  95|0x0000000087d00000, 0x0000000087e00000, 0x0000000087e00000|100%| E|CS|TAMS 0x0000000087d00000, 0x0000000087d00000| Complete 
|  96|0x0000000087e00000, 0x0000000087f00000, 0x0000000087f00000|100%| E|CS|TAMS 0x0000000087e00000, 0x0000000087e00000| Complete 
|  97|0x0000000087f00000, 0x0000000088000000, 0x0000000088000000|100%| E|CS|TAMS 0x0000000087f00000, 0x0000000087f00000| Complete 
|  98|0x0000000088000000, 0x0000000088100000, 0x0000000088100000|100%| E|CS|TAMS 0x0000000088000000, 0x0000000088000000| Complete 
|  99|0x0000000088100000, 0x0000000088200000, 0x0000000088200000|100%| E|CS|TAMS 0x0000000088100000, 0x0000000088100000| Complete 
| 100|0x0000000088200000, 0x0000000088300000, 0x0000000088300000|100%| E|CS|TAMS 0x0000000088200000, 0x0000000088200000| Complete 
| 101|0x0000000088300000, 0x0000000088400000, 0x0000000088400000|100%| E|CS|TAMS 0x0000000088300000, 0x0000000088300000| Complete 
| 102|0x0000000088400000, 0x0000000088500000, 0x0000000088500000|100%| E|CS|TAMS 0x0000000088400000, 0x0000000088400000| Complete 
| 103|0x0000000088500000, 0x0000000088600000, 0x0000000088600000|100%| E|CS|TAMS 0x0000000088500000, 0x0000000088500000| Complete 
| 104|0x0000000088600000, 0x0000000088700000, 0x0000000088700000|100%| E|CS|TAMS 0x0000000088600000, 0x0000000088600000| Complete 
| 105|0x0000000088700000, 0x0000000088800000, 0x0000000088800000|100%| E|CS|TAMS 0x0000000088700000, 0x0000000088700000| Complete 
| 106|0x0000000088800000, 0x00000000888da520, 0x0000000088900000| 85%| S|CS|TAMS 0x0000000088800000, 0x0000000088800000| Complete 
| 107|0x0000000088900000, 0x0000000088a00000, 0x0000000088a00000|100%| S|CS|TAMS 0x0000000088900000, 0x0000000088900000| Complete 
| 108|0x0000000088a00000, 0x0000000088b00000, 0x0000000088b00000|100%| S|CS|TAMS 0x0000000088a00000, 0x0000000088a00000| Complete 
| 109|0x0000000088b00000, 0x0000000088c00000, 0x0000000088c00000|100%| E|CS|TAMS 0x0000000088b00000, 0x0000000088b00000| Complete 
| 110|0x0000000088c00000, 0x0000000088d00000, 0x0000000088d00000|100%| E|CS|TAMS 0x0000000088c00000, 0x0000000088c00000| Complete 
| 111|0x0000000088d00000, 0x0000000088e00000, 0x0000000088e00000|100%| E|CS|TAMS 0x0000000088d00000, 0x0000000088d00000| Complete 
| 112|0x0000000088e00000, 0x0000000088f00000, 0x0000000088f00000|100%| E|CS|TAMS 0x0000000088e00000, 0x0000000088e00000| Complete 
| 113|0x0000000088f00000, 0x0000000089000000, 0x0000000089000000|100%| E|CS|TAMS 0x0000000088f00000, 0x0000000088f00000| Complete 
| 114|0x0000000089000000, 0x0000000089100000, 0x0000000089100000|100%| E|CS|TAMS 0x0000000089000000, 0x0000000089000000| Complete 
| 115|0x0000000089100000, 0x0000000089200000, 0x0000000089200000|100%| E|CS|TAMS 0x0000000089100000, 0x0000000089100000| Complete 
| 116|0x0000000089200000, 0x0000000089300000, 0x0000000089300000|100%| E|CS|TAMS 0x0000000089200000, 0x0000000089200000| Complete 
| 117|0x0000000089300000, 0x0000000089400000, 0x0000000089400000|100%| E|CS|TAMS 0x0000000089300000, 0x0000000089300000| Complete 
| 118|0x0000000089400000, 0x0000000089500000, 0x0000000089500000|100%| E|CS|TAMS 0x0000000089400000, 0x0000000089400000| Complete 
| 119|0x0000000089500000, 0x0000000089600000, 0x0000000089600000|100%| E|CS|TAMS 0x0000000089500000, 0x0000000089500000| Complete 
| 120|0x0000000089600000, 0x0000000089700000, 0x0000000089700000|100%| E|CS|TAMS 0x0000000089600000, 0x0000000089600000| Complete 
| 121|0x0000000089700000, 0x0000000089800000, 0x0000000089800000|100%| E|CS|TAMS 0x0000000089700000, 0x0000000089700000| Complete 
| 122|0x0000000089800000, 0x0000000089900000, 0x0000000089900000|100%| E|CS|TAMS 0x0000000089800000, 0x0000000089800000| Complete 
| 123|0x0000000089900000, 0x0000000089a00000, 0x0000000089a00000|100%| E|CS|TAMS 0x0000000089900000, 0x0000000089900000| Complete 
| 124|0x0000000089a00000, 0x0000000089b00000, 0x0000000089b00000|100%| E|CS|TAMS 0x0000000089a00000, 0x0000000089a00000| Complete 
| 125|0x0000000089b00000, 0x0000000089c00000, 0x0000000089c00000|100%| E|CS|TAMS 0x0000000089b00000, 0x0000000089b00000| Complete 
| 126|0x0000000089c00000, 0x0000000089d00000, 0x0000000089d00000|100%| E|CS|TAMS 0x0000000089c00000, 0x0000000089c00000| Complete 
| 127|0x0000000089d00000, 0x0000000089e00000, 0x0000000089e00000|100%| E|CS|TAMS 0x0000000089d00000, 0x0000000089d00000| Complete 

Card table byte_map: [0x0000028bcd440000,0x0000028bcd840000] _byte_map_base: 0x0000028bcd031000

Marking Bits (Prev, Next): (CMBitMap*) 0x0000028bb675fd40, (CMBitMap*) 0x0000028bb675fd80
 Prev Bits: [0x0000028bcdc40000, 0x0000028bcfbc8000)
 Next Bits: [0x0000028bcfbd0000, 0x0000028bd1b58000)

Polling page: 0x0000028bb46d0000

Metaspace:

Usage:
  Non-class:     15.56 MB used.
      Class:      2.66 MB used.
       Both:     18.22 MB used.

Virtual space:
  Non-class space:       64.00 MB reserved,      15.75 MB ( 25%) committed,  1 nodes.
      Class space:        1.00 GB reserved,       2.81 MB ( <1%) committed,  1 nodes.
             Both:        1.06 GB reserved,      18.56 MB (  2%) committed. 

Chunk freelists:
   Non-Class:  128.00 KB
       Class:  1.20 MB
        Both:  1.33 MB

MaxMetaspaceSize: unlimited
CompressedClassSpaceSize: 1.00 GB
Initial GC threshold: 21.00 MB
Current GC threshold: 21.00 MB
CDS: on
MetaspaceReclaimPolicy: balanced
 - commit_granule_bytes: 65536.
 - commit_granule_words: 8192.
 - virtual_space_node_default_size: 8388608.
 - enlarge_chunks_in_place: 1.
 - new_chunks_are_fully_committed: 0.
 - uncommit_free_chunks: 1.
 - use_allocation_guard: 0.


Internal statistics:

num_allocs_failed_limit: 0.
num_arena_births: 362.
num_arena_deaths: 0.
num_vsnodes_births: 2.
num_vsnodes_deaths: 0.
num_space_committed: 297.
num_space_uncommitted: 0.
num_chunks_returned_to_freelist: 0.
num_chunks_taken_from_freelist: 992.
num_chunk_merges: 0.
num_chunk_splits: 662.
num_chunks_enlarged: 494.
num_inconsistent_stats: 0.

CodeHeap 'non-profiled nmethods': size=120000Kb used=1279Kb max_used=1279Kb free=118720Kb
 bounds [0x0000028bc5b10000, 0x0000028bc5d80000, 0x0000028bcd040000]
CodeHeap 'profiled nmethods': size=120000Kb used=6599Kb max_used=6599Kb free=113401Kb
 bounds [0x0000028bbe5e0000, 0x0000028bbec60000, 0x0000028bc5b10000]
CodeHeap 'non-nmethods': size=5760Kb used=1445Kb max_used=1484Kb free=4315Kb
 bounds [0x0000028bbe040000, 0x0000028bbe2b0000, 0x0000028bbe5e0000]
 total_blobs=4179 nmethods=3381 adapters=710
 compilation: enabled
              stopped_count=0, restarted_count=0
 full_count=0

Compilation events (20 events):
Event: 10.847 Thread 0x0000028bd3ff7bf0 nmethod 3377 0x0000028bbec4a310 code [0x0000028bbec4a680, 0x0000028bbec4bb68]
Event: 10.847 Thread 0x0000028bd3ff7bf0 3372       3       java.lang.Character::isJavaIdentifierPart (5 bytes)
Event: 10.847 Thread 0x0000028bd3ff7bf0 nmethod 3372 0x0000028bbec4c410 code [0x0000028bbec4c5c0, 0x0000028bbec4c818]
Event: 10.847 Thread 0x0000028bd3ff7bf0 3373       3       java.util.LinkedList::linkLast (59 bytes)
Event: 10.848 Thread 0x0000028bd3ff7bf0 nmethod 3373 0x0000028bbec4c910 code [0x0000028bbec4cae0, 0x0000028bbec4cf38]
Event: 10.848 Thread 0x0000028bd3ff7bf0 3364       3       com.sun.javafx.fxml.BeanAdapter::getSetterMethod (42 bytes)
Event: 10.851 Thread 0x0000028bd3ff7bf0 nmethod 3364 0x0000028bbec4d090 code [0x0000028bbec4d5c0, 0x0000028bbec501f8]
Event: 10.851 Thread 0x0000028bd3ff7bf0 3366       3       java.lang.CharacterDataLatin1::isLowerCase (16 bytes)
Event: 10.851 Thread 0x0000028bd3ff7bf0 nmethod 3366 0x0000028bbec51390 code [0x0000028bbec51540, 0x0000028bbec51758]
Event: 10.851 Thread 0x0000028bd3ff7bf0 3371       3       javafx.beans.property.StringPropertyBase::isBound (13 bytes)
Event: 10.851 Thread 0x0000028bd3ff7bf0 nmethod 3371 0x0000028bbec51890 code [0x0000028bbec51a20, 0x0000028bbec51b98]
Event: 10.851 Thread 0x0000028bd3ff7bf0 3379       1       java.lang.Class::getAnnotationType (5 bytes)
Event: 10.851 Thread 0x0000028bd3ff7bf0 nmethod 3379 0x0000028bc5c4c490 code [0x0000028bc5c4c620, 0x0000028bc5c4c6f8]
Event: 10.851 Thread 0x0000028bd3ff7bf0 3380       1       java.lang.reflect.Method::getRoot (5 bytes)
Event: 10.852 Thread 0x0000028bd3ff7bf0 nmethod 3380 0x0000028bc5c4c790 code [0x0000028bc5c4c920, 0x0000028bc5c4c9f8]
Event: 10.887 Thread 0x0000028bd3fe2be0 nmethod 3378 0x0000028bc5c4ca90 code [0x0000028bc5c4cd20, 0x0000028bc5c4ddf8]
Event: 86.257 Thread 0x0000028bd3fe2be0 3382       4       com.sun.javafx.tk.quantum.QuantumToolkit::postPulse (133 bytes)
Event: 86.262 Thread 0x0000028bd3fe2be0 nmethod 3382 0x0000028bc5c4f010 code [0x0000028bc5c4f1c0, 0x0000028bc5c4f418]
Event: 86.657 Thread 0x0000028bd3fe2be0 3383       4       com.sun.javafx.tk.quantum.QuantumToolkit$$Lambda$91/0x0000000800c398c0::run (8 bytes)
Event: 86.669 Thread 0x0000028bd3fe2be0 nmethod 3383 0x0000028bc5c4f690 code [0x0000028bc5c4f840, 0x0000028bc5c4fae8]

GC Heap History (4 events):
Event: 0.559 GC heap before
{Heap before GC invocations=0 (full 0):
 garbage-first heap   total 131072K, used 13312K [0x0000000081e00000, 0x0000000100000000)
  region size 1024K, 13 young (13312K), 0 survivors (0K)
 Metaspace       used 2753K, committed 2944K, reserved 1114112K
  class space    used 289K, committed 384K, reserved 1048576K
}
Event: 0.563 GC heap after
{Heap after GC invocations=1 (full 0):
 garbage-first heap   total 131072K, used 2092K [0x0000000081e00000, 0x0000000100000000)
  region size 1024K, 2 young (2048K), 2 survivors (2048K)
 Metaspace       used 2753K, committed 2944K, reserved 1114112K
  class space    used 289K, committed 384K, reserved 1048576K
}
Event: 0.972 GC heap before
{Heap before GC invocations=1 (full 0):
 garbage-first heap   total 131072K, used 18476K [0x0000000081e00000, 0x0000000100000000)
  region size 1024K, 19 young (19456K), 2 survivors (2048K)
 Metaspace       used 8101K, committed 8320K, reserved 1114112K
  class space    used 1048K, committed 1152K, reserved 1048576K
}
Event: 0.977 GC heap after
{Heap after GC invocations=2 (full 0):
 garbage-first heap   total 131072K, used 5081K [0x0000000081e00000, 0x0000000100000000)
  region size 1024K, 3 young (3072K), 3 survivors (3072K)
 Metaspace       used 8101K, committed 8320K, reserved 1114112K
  class space    used 1048K, committed 1152K, reserved 1048576K
}

Deoptimization events (20 events):
Event: 5.625 Thread 0x0000028bd93b8400 Uncommon trap: trap_request=0xffffff45 fr.pc=0x0000028bc5bebba4 relative=0x0000000000000f64
Event: 5.625 Thread 0x0000028bd93b8400 Uncommon trap: reason=unstable_if action=reinterpret pc=0x0000028bc5bebba4 method=com.sun.scenario.effect.impl.state.BoxRenderState.validateWeights()V @ 147 c2
Event: 5.625 Thread 0x0000028bd93b8400 DEOPT PACKING pc=0x0000028bc5bebba4 sp=0x000000be4d6fc420
Event: 5.625 Thread 0x0000028bd93b8400 DEOPT UNPACKING pc=0x0000028bbe0923a3 sp=0x000000be4d6fc3a8 mode 2
Event: 6.092 Thread 0x0000028bd93b8400 Uncommon trap: trap_request=0xffffff45 fr.pc=0x0000028bc5bea20c relative=0x000000000000008c
Event: 6.092 Thread 0x0000028bd93b8400 Uncommon trap: reason=unstable_if action=reinterpret pc=0x0000028bc5bea20c method=com.sun.javafx.geom.RectBounds.isEmpty()Z @ 21 c2
Event: 6.092 Thread 0x0000028bd93b8400 DEOPT PACKING pc=0x0000028bc5bea20c sp=0x000000be4d6fc590
Event: 6.092 Thread 0x0000028bd93b8400 DEOPT UNPACKING pc=0x0000028bbe0923a3 sp=0x000000be4d6fc520 mode 2
Event: 6.095 Thread 0x0000028bd93b8400 DEOPT PACKING pc=0x0000028bbeba43ba sp=0x000000be4d6fe330
Event: 6.095 Thread 0x0000028bd93b8400 DEOPT UNPACKING pc=0x0000028bbe092b43 sp=0x000000be4d6fd830 mode 0
Event: 6.401 Thread 0x0000028bd93b8400 DEOPT PACKING pc=0x0000028bbeba43ba sp=0x000000be4d6fe320
Event: 6.401 Thread 0x0000028bd93b8400 DEOPT UNPACKING pc=0x0000028bbe092b43 sp=0x000000be4d6fd820 mode 0
Event: 6.439 Thread 0x0000028bd93b8400 DEOPT PACKING pc=0x0000028bbeba4426 sp=0x000000be4d6fe330
Event: 6.439 Thread 0x0000028bd93b8400 DEOPT UNPACKING pc=0x0000028bbe092b43 sp=0x000000be4d6fd830 mode 0
Event: 6.439 Thread 0x0000028bd93b8400 DEOPT PACKING pc=0x0000028bbeba4426 sp=0x000000be4d6fe320
Event: 6.439 Thread 0x0000028bd93b8400 DEOPT UNPACKING pc=0x0000028bbe092b43 sp=0x000000be4d6fd820 mode 0
Event: 7.437 Thread 0x0000028bd93b8400 DEOPT PACKING pc=0x0000028bbeba43ba sp=0x000000be4d6fe330
Event: 7.437 Thread 0x0000028bd93b8400 DEOPT UNPACKING pc=0x0000028bbe092b43 sp=0x000000be4d6fd830 mode 0
Event: 8.948 Thread 0x0000028bd93b8400 DEOPT PACKING pc=0x0000028bbeba43ba sp=0x000000be4d6fe320
Event: 8.948 Thread 0x0000028bd93b8400 DEOPT UNPACKING pc=0x0000028bbe092b43 sp=0x000000be4d6fd820 mode 0

Classes loaded (20 events):
Event: 10.792 Loading class java/lang/constant/MethodHandleDesc
Event: 10.792 Loading class java/lang/constant/MethodHandleDesc done
Event: 10.792 Loading class java/lang/constant/MethodHandleDesc$1
Event: 10.792 Loading class java/lang/constant/MethodHandleDesc$1 done
Event: 10.792 Loading class java/lang/constant/DirectMethodHandleDescImpl
Event: 10.792 Loading class java/lang/constant/DirectMethodHandleDesc
Event: 10.792 Loading class java/lang/constant/DirectMethodHandleDesc done
Event: 10.792 Loading class java/lang/constant/DirectMethodHandleDescImpl done
Event: 10.792 Loading class java/lang/constant/DirectMethodHandleDescImpl$1
Event: 10.792 Loading class java/lang/constant/DirectMethodHandleDescImpl$1 done
Event: 10.792 Loading class java/lang/constant/DirectMethodHandleDesc$1
Event: 10.792 Loading class java/lang/constant/DirectMethodHandleDesc$1 done
Event: 10.792 Loading class java/lang/constant/PrimitiveClassDescImpl
Event: 10.792 Loading class java/lang/constant/DynamicConstantDesc
Event: 10.792 Loading class java/lang/constant/DynamicConstantDesc done
Event: 10.792 Loading class java/lang/constant/PrimitiveClassDescImpl done
Event: 10.792 Loading class java/lang/constant/DynamicConstantDesc$AnonymousDynamicConstantDesc
Event: 10.792 Loading class java/lang/constant/DynamicConstantDesc$AnonymousDynamicConstantDesc done
Event: 369.707 Loading class jdk/internal/misc/Signal$1
Event: 369.707 Loading class jdk/internal/misc/Signal$1 done

Classes unloaded (0 events):
No events

Classes redefined (0 events):
No events

Internal exceptions (20 events):
Event: 1.404 Thread 0x0000028bd8ccb7a0 Exception <a 'java/lang/NoSuchMethodError'{0x00000000891d4528}: 'java.lang.Object java.lang.invoke.DirectMethodHandle$Holder.invokeInterface(java.lang.Object, java.lang.Object, java.lang.Object)'> (0x00000000891d4528) 
thrown [s\open\src\hotspot\share\interpreter\linkResolver.cpp, line 759]
Event: 1.404 Thread 0x0000028bd8ccb7a0 Exception <a 'java/lang/IncompatibleClassChangeError'{0x00000000891d7ea8}: Found class java.lang.Object, but interface was expected> (0x00000000891d7ea8) 
thrown [s\open\src\hotspot\share\interpreter\linkResolver.cpp, line 826]
Event: 1.449 Thread 0x0000028bd8ccb7a0 Exception <a 'java/lang/ClassNotFoundException'{0x0000000088fba798}: com/sun/javafx/scene/control/skin/resources/controls> (0x0000000088fba798) 
thrown [s\open\src\hotspot\share\prims\jni.cpp, line 535]
Event: 1.451 Thread 0x0000028bd8ccb7a0 Exception <a 'java/lang/ClassNotFoundException'{0x0000000088fc8738}: com/sun/javafx/scene/control/skin/resources/controls_ru> (0x0000000088fc8738) 
thrown [s\open\src\hotspot\share\prims\jni.cpp, line 535]
Event: 1.451 Thread 0x0000028bd8ccb7a0 Exception <a 'java/lang/ClassNotFoundException'{0x0000000088fc9ea0}: com/sun/javafx/scene/control/skin/resources/controls_ru_RU> (0x0000000088fc9ea0) 
thrown [s\open\src\hotspot\share\prims\jni.cpp, line 535]
Event: 1.506 Thread 0x0000028bd8ccb7a0 Exception <a 'java/lang/NoSuchMethodError'{0x0000000088d85170}: 'void java.lang.invoke.DirectMethodHandle$Holder.invokeSpecial(java.lang.Object, java.lang.Object, java.lang.Object, java.lang.Object, java.lang.Object, java.lang.Object)'> (0x0000000088d85170) 
thrown [s\open\src\hotspot\share\interpreter\linkResolver.cpp, line 759]
Event: 1.595 Thread 0x0000028bd8ccb7a0 Exception <a 'java/lang/NoSuchMethodError'{0x00000000887f7c38}: 'int java.lang.invoke.DirectMethodHandle$Holder.invokeSpecial(java.lang.Object, java.lang.Object, int)'> (0x00000000887f7c38) 
thrown [s\open\src\hotspot\share\interpreter\linkResolver.cpp, line 759]
Event: 1.608 Thread 0x0000028bd8ccb7a0 Exception <a 'java/lang/NoSuchMethodError'{0x000000008862a1c8}: 'java.lang.Object java.lang.invoke.DirectMethodHandle$Holder.newInvokeSpecial(java.lang.Object, java.lang.Object, int)'> (0x000000008862a1c8) 
thrown [s\open\src\hotspot\share\interpreter\linkResolver.cpp, line 759]
Event: 1.652 Thread 0x0000028bd93b8400 Exception <a 'java/lang/NoSuchMethodError'{0x0000000088567a50}: 'int java.lang.invoke.DirectMethodHandle$Holder.invokeStaticInit(java.lang.Object, java.lang.Object)'> (0x0000000088567a50) 
thrown [s\open\src\hotspot\share\interpreter\linkResolver.cpp, line 759]
Event: 1.667 Thread 0x0000028bd8ccb7a0 Exception <a 'java/lang/NoSuchMethodError'{0x0000000088549360}: 'long java.lang.invoke.DirectMethodHandle$Holder.invokeStatic(java.lang.Object, java.lang.Object, java.lang.Object)'> (0x0000000088549360) 
thrown [s\open\src\hotspot\share\interpreter\linkResolver.cpp, line 759]
Event: 1.667 Thread 0x0000028bd8ccb7a0 Exception <a 'java/lang/NoSuchMethodError'{0x000000008854cb00}: 'long java.lang.invoke.DirectMethodHandle$Holder.invokeStaticInit(java.lang.Object, java.lang.Object, java.lang.Object)'> (0x000000008854cb00) 
thrown [s\open\src\hotspot\share\interpreter\linkResolver.cpp, line 759]
Event: 1.670 Thread 0x0000028bd8ccb7a0 Exception <a 'java/lang/NoSuchMethodError'{0x00000000884083e8}: 'java.lang.Object java.lang.invoke.DirectMethodHandle$Holder.newInvokeSpecial(java.lang.Object, java.lang.Object, long)'> (0x00000000884083e8) 
thrown [s\open\src\hotspot\share\interpreter\linkResolver.cpp, line 759]
Event: 1.670 Thread 0x0000028bd8ccb7a0 Exception <a 'java/lang/NoSuchMethodError'{0x000000008840bf60}: 'java.lang.Object java.lang.invoke.Invokers$Holder.linkToTargetMethod(java.lang.Object, long, java.lang.Object)'> (0x000000008840bf60) 
thrown [s\open\src\hotspot\share\interpreter\linkResolver.cpp, line 759]
Event: 1.823 Thread 0x0000028bd93b8400 Exception <a 'java/lang/NoSuchMethodError'{0x0000000088184f08}: 'java.lang.Object java.lang.invoke.DirectMethodHandle$Holder.invokeStaticInit(java.lang.Object, int)'> (0x0000000088184f08) 
thrown [s\open\src\hotspot\share\interpreter\linkResolver.cpp, line 759]
Event: 4.246 Thread 0x0000028bd8ccb7a0 Implicit null exception at 0x0000028bc5bf1683 to 0x0000028bc5bf16f4
Event: 4.248 Thread 0x0000028bd8ccb7a0 Exception <a 'java/lang/NoSuchMethodError'{0x0000000087f730a0}: 'long java.lang.invoke.DirectMethodHandle$Holder.invokeSpecial(java.lang.Object, java.lang.Object)'> (0x0000000087f730a0) 
thrown [s\open\src\hotspot\share\interpreter\linkResolver.cpp, line 759]
Event: 4.248 Thread 0x0000028bd8ccb7a0 Exception <a 'java/lang/NoSuchMethodError'{0x0000000087f769e0}: 'long java.lang.invoke.Invokers$Holder.invokeExact_MT(java.lang.Object, java.lang.Object)'> (0x0000000087f769e0) 
thrown [s\open\src\hotspot\share\interpreter\linkResolver.cpp, line 759]
Event: 5.414 Thread 0x0000028bd8ccb7a0 Exception <a 'java/lang/NoSuchMethodError'{0x000000008786b880}: 'int java.lang.invoke.DirectMethodHandle$Holder.invokeVirtual(java.lang.Object, java.lang.Object)'> (0x000000008786b880) 
thrown [s\open\src\hotspot\share\interpreter\linkResolver.cpp, line 759]
Event: 7.377 Thread 0x0000028bd8ccb7a0 Exception <a 'java/lang/NoSuchMethodError'{0x000000008732d078}: 'void java.lang.invoke.DirectMethodHandle$Holder.invokeVirtual(java.lang.Object, java.lang.Object, int)'> (0x000000008732d078) 
thrown [s\open\src\hotspot\share\interpreter\linkResolver.cpp, line 759]
Event: 10.777 Thread 0x0000028bd8ccb7a0 Exception <a 'java/lang/NoSuchMethodError'{0x000000008729c410}: static [I.<clinit>()V> (0x000000008729c410) 
thrown [s\open\src\hotspot\share\prims\jni.cpp, line 1104]

VM Operations (20 events):
Event: 4.348 Executing VM operation: Cleanup done
Event: 5.348 Executing VM operation: Cleanup
Event: 5.348 Executing VM operation: Cleanup done
Event: 5.603 Executing VM operation: ICBufferFull
Event: 5.603 Executing VM operation: ICBufferFull done
Event: 7.375 Executing VM operation: HandshakeAllThreads
Event: 7.375 Executing VM operation: HandshakeAllThreads done
Event: 7.375 Executing VM operation: Cleanup
Event: 7.375 Executing VM operation: Cleanup done
Event: 7.388 Executing VM operation: HandshakeAllThreads
Event: 7.388 Executing VM operation: HandshakeAllThreads done
Event: 8.388 Executing VM operation: Cleanup
Event: 8.388 Executing VM operation: Cleanup done
Event: 10.388 Executing VM operation: Cleanup
Event: 10.388 Executing VM operation: Cleanup done
Event: 10.779 Executing VM operation: HandshakeAllThreads
Event: 10.779 Executing VM operation: HandshakeAllThreads done
Event: 11.780 Executing VM operation: Cleanup
Event: 11.780 Executing VM operation: Cleanup done
Event: 369.710 Executing VM operation: Exit

Events (20 events):
Event: 0.559 Thread 0x0000028bd8ccb7a0 Thread added: 0x0000028bd8ccb7a0
Event: 0.657 Loaded shared library C:\Program Files\Java\jdk-18.0.2.1\bin\jimage.dll
Event: 0.657 Thread 0x0000028bd993fd50 Thread added: 0x0000028bd993fd50
Event: 0.672 Thread 0x0000028bd98e0250 Thread added: 0x0000028bd98e0250
Event: 0.880 Loaded shared library C:\Program Files\Java\openjfx-19_windows-x64_bin-sdk\javafx-sdk-19\bin\javafx_font.dll
Event: 1.364 Thread 0x0000028bd8470700 Thread exited: 0x0000028bd8470700
Event: 1.395 Thread 0x0000028bd91c54a0 Thread added: 0x0000028bd91c54a0
Event: 1.593 Thread 0x0000028bd91d0230 Thread added: 0x0000028bd91d0230
Event: 1.737 Thread 0x0000028bd91c5e40 Thread added: 0x0000028bd91c5e40
Event: 1.944 Thread 0x0000028bd91d0230 Thread exited: 0x0000028bd91d0230
Event: 5.466 Thread 0x0000028bd8697850 Thread added: 0x0000028bd8697850
Event: 5.861 Thread 0x0000028bd8697850 Thread exited: 0x0000028bd8697850
Event: 7.440 Thread 0x0000028bd8810090 Thread added: 0x0000028bd8810090
Event: 7.730 Thread 0x0000028bd8810090 Thread exited: 0x0000028bd8810090
Event: 369.707 Thread 0x0000028bd8bb7d50 Thread added: 0x0000028bd8bb7d50
Event: 369.708 Thread 0x0000028bd8bb8220 Thread added: 0x0000028bd8bb8220
Event: 369.708 Thread 0x0000028bd8bba8a0 Thread added: 0x0000028bd8bba8a0
Event: 369.709 Thread 0x0000028bd8bb8220 Thread exited: 0x0000028bd8bb8220
Event: 369.710 Thread 0x0000028bd8bba8a0 Thread exited: 0x0000028bd8bba8a0
Event: 369.710 Thread 0x0000028bd3fd80e0 Thread exited: 0x0000028bd3fd80e0


Dynamic libraries:
0x00007ff691320000 - 0x00007ff691330000 	C:\Program Files\Java\jdk-18.0.2.1\bin\java.exe
0x00007ffba56f0000 - 0x00007ffba58e8000 	C:\Windows\SYSTEM32\ntdll.dll
0x00007ffba3d30000 - 0x00007ffba3ded000 	C:\Windows\System32\KERNEL32.DLL
0x00007ffba3060000 - 0x00007ffba332e000 	C:\Windows\System32\KERNELBASE.dll
0x00007ffba2f30000 - 0x00007ffba3030000 	C:\Windows\System32\ucrtbase.dll
0x00007ffb9e760000 - 0x00007ffb9e77a000 	C:\Program Files\Java\jdk-18.0.2.1\bin\VCRUNTIME140.dll
0x00007ffb9e790000 - 0x00007ffb9e7a8000 	C:\Program Files\Java\jdk-18.0.2.1\bin\jli.dll
0x00007ffba4230000 - 0x00007ffba42de000 	C:\Windows\System32\ADVAPI32.dll
0x00007ffba4de0000 - 0x00007ffba4e7e000 	C:\Windows\System32\msvcrt.dll
0x00007ffba4180000 - 0x00007ffba421c000 	C:\Windows\System32\sechost.dll
0x00007ffba3df0000 - 0x00007ffba3f15000 	C:\Windows\System32\RPCRT4.dll
0x00007ffba42e0000 - 0x00007ffba4480000 	C:\Windows\System32\USER32.dll
0x00007ffba3030000 - 0x00007ffba3052000 	C:\Windows\System32\win32u.dll
0x00007ffba4ef0000 - 0x00007ffba4f1a000 	C:\Windows\System32\GDI32.dll
0x00007ffba33c0000 - 0x00007ffba34cb000 	C:\Windows\System32\gdi32full.dll
0x00007ffba3550000 - 0x00007ffba35ed000 	C:\Windows\System32\msvcp_win.dll
0x00007ffb8dfa0000 - 0x00007ffb8e23a000 	C:\Windows\WinSxS\amd64_microsoft.windows.common-controls_6595b64144ccf1df_6.0.19041.1110_none_60b5254171f9507e\COMCTL32.dll
0x00007ffb9d0b0000 - 0x00007ffb9d0ba000 	C:\Windows\SYSTEM32\VERSION.dll
0x00007ffba38c0000 - 0x00007ffba38f0000 	C:\Windows\System32\IMM32.DLL
0x00007ffb9f4c0000 - 0x00007ffb9f4cc000 	C:\Program Files\Java\jdk-18.0.2.1\bin\vcruntime140_1.dll
0x00007ffb9e6a0000 - 0x00007ffb9e72d000 	C:\Program Files\Java\jdk-18.0.2.1\bin\msvcp140.dll
0x00007ffb431c0000 - 0x00007ffb43dd1000 	C:\Program Files\Java\jdk-18.0.2.1\bin\server\jvm.dll
0x00007ffba3f20000 - 0x00007ffba3f28000 	C:\Windows\System32\PSAPI.DLL
0x00007ffb8c640000 - 0x00007ffb8c649000 	C:\Windows\SYSTEM32\WSOCK32.dll
0x00007ffba4e80000 - 0x00007ffba4eeb000 	C:\Windows\System32\WS2_32.dll
0x00007ffb8e400000 - 0x00007ffb8e427000 	C:\Windows\SYSTEM32\WINMM.dll
0x00007ffba16a0000 - 0x00007ffba16b2000 	C:\Windows\SYSTEM32\kernel.appcore.dll
0x00007ffb9e750000 - 0x00007ffb9e75a000 	C:\Program Files\Java\jdk-18.0.2.1\bin\jimage.dll
0x00007ffba1480000 - 0x00007ffba1664000 	C:\Windows\SYSTEM32\DBGHELP.DLL
0x00007ffb89a50000 - 0x00007ffb89a7c000 	C:\Windows\SYSTEM32\dbgcore.DLL
0x00007ffba3330000 - 0x00007ffba33b2000 	C:\Windows\System32\bcryptPrimitives.dll
0x00007ffb9e740000 - 0x00007ffb9e74e000 	C:\Program Files\Java\jdk-18.0.2.1\bin\instrument.dll
0x00007ffb9e660000 - 0x00007ffb9e685000 	C:\Program Files\Java\jdk-18.0.2.1\bin\java.dll
0x00007ffb85e30000 - 0x00007ffb85f06000 	C:\Program Files\Java\jdk-18.0.2.1\bin\jsvml.dll
0x00007ffba4690000 - 0x00007ffba4dd4000 	C:\Windows\System32\SHELL32.dll
0x00007ffba0ce0000 - 0x00007ffba1474000 	C:\Windows\SYSTEM32\windows.storage.dll
0x00007ffba38f0000 - 0x00007ffba3c44000 	C:\Windows\System32\combase.dll
0x00007ffba2870000 - 0x00007ffba28a0000 	C:\Windows\SYSTEM32\Wldp.dll
0x00007ffba5600000 - 0x00007ffba56ad000 	C:\Windows\System32\SHCORE.dll
0x00007ffba4f20000 - 0x00007ffba4f75000 	C:\Windows\System32\shlwapi.dll
0x00007ffba2d50000 - 0x00007ffba2d6f000 	C:\Windows\SYSTEM32\profapi.dll
0x00007ffb9dbd0000 - 0x00007ffb9dbe3000 	C:\Program Files\Java\jdk-18.0.2.1\bin\net.dll
0x00007ffb905d0000 - 0x00007ffb906da000 	C:\Windows\SYSTEM32\WINHTTP.dll
0x00007ffba25d0000 - 0x00007ffba263a000 	C:\Windows\system32\mswsock.dll
0x00007ffb9cdb0000 - 0x00007ffb9cdc6000 	C:\Program Files\Java\jdk-18.0.2.1\bin\nio.dll
0x00007ffb9ddc0000 - 0x00007ffb9ddd8000 	C:\Program Files\Java\jdk-18.0.2.1\bin\zip.dll
0x00007ffb9b170000 - 0x00007ffb9b18a000 	C:\Program Files\JetBrains\IntelliJ IDEA Community Edition 2022.2.1\bin\breakgen64.dll
0x0000028bb6650000 - 0x0000028bb6653000 	C:\Program Files\Java\openjfx-19_windows-x64_bin-sdk\javafx-sdk-19\bin\api-ms-win-core-console-l1-1-0.dll
0x0000028bb6660000 - 0x0000028bb6663000 	C:\Program Files\Java\openjfx-19_windows-x64_bin-sdk\javafx-sdk-19\bin\api-ms-win-core-console-l1-2-0.dll
0x0000028bb6670000 - 0x0000028bb6673000 	C:\Program Files\Java\openjfx-19_windows-x64_bin-sdk\javafx-sdk-19\bin\api-ms-win-core-datetime-l1-1-0.dll
0x0000028bb6680000 - 0x0000028bb6683000 	C:\Program Files\Java\openjfx-19_windows-x64_bin-sdk\javafx-sdk-19\bin\api-ms-win-core-debug-l1-1-0.dll
0x0000028bb6690000 - 0x0000028bb6693000 	C:\Program Files\Java\openjfx-19_windows-x64_bin-sdk\javafx-sdk-19\bin\api-ms-win-core-errorhandling-l1-1-0.dll
0x0000028bb66a0000 - 0x0000028bb66a4000 	C:\Program Files\Java\openjfx-19_windows-x64_bin-sdk\javafx-sdk-19\bin\api-ms-win-core-file-l1-1-0.dll
0x0000028bb66b0000 - 0x0000028bb66b3000 	C:\Program Files\Java\openjfx-19_windows-x64_bin-sdk\javafx-sdk-19\bin\api-ms-win-core-file-l1-2-0.dll
0x0000028bb66c0000 - 0x0000028bb66c3000 	C:\Program Files\Java\openjfx-19_windows-x64_bin-sdk\javafx-sdk-19\bin\api-ms-win-core-file-l2-1-0.dll
0x0000028bd42c0000 - 0x0000028bd42c3000 	C:\Program Files\Java\openjfx-19_windows-x64_bin-sdk\javafx-sdk-19\bin\api-ms-win-core-handle-l1-1-0.dll
0x0000028bd41a0000 - 0x0000028bd41a3000 	C:\Program Files\Java\openjfx-19_windows-x64_bin-sdk\javafx-sdk-19\bin\api-ms-win-core-heap-l1-1-0.dll
0x0000028bd41b0000 - 0x0000028bd41b3000 	C:\Program Files\Java\openjfx-19_windows-x64_bin-sdk\javafx-sdk-19\bin\api-ms-win-core-interlocked-l1-1-0.dll
0x0000028bd41c0000 - 0x0000028bd41c3000 	C:\Program Files\Java\openjfx-19_windows-x64_bin-sdk\javafx-sdk-19\bin\api-ms-win-core-libraryloader-l1-1-0.dll
0x0000028bd41d0000 - 0x0000028bd41d3000 	C:\Program Files\Java\openjfx-19_windows-x64_bin-sdk\javafx-sdk-19\bin\api-ms-win-core-localization-l1-2-0.dll
0x0000028bd41e0000 - 0x0000028bd41e3000 	C:\Program Files\Java\openjfx-19_windows-x64_bin-sdk\javafx-sdk-19\bin\api-ms-win-core-memory-l1-1-0.dll
0x0000028bd41f0000 - 0x0000028bd41f3000 	C:\Program Files\Java\openjfx-19_windows-x64_bin-sdk\javafx-sdk-19\bin\api-ms-win-core-namedpipe-l1-1-0.dll
0x0000028bd4200000 - 0x0000028bd4203000 	C:\Program Files\Java\openjfx-19_windows-x64_bin-sdk\javafx-sdk-19\bin\api-ms-win-core-processenvironment-l1-1-0.dll
0x0000028bd4210000 - 0x0000028bd4213000 	C:\Program Files\Java\openjfx-19_windows-x64_bin-sdk\javafx-sdk-19\bin\api-ms-win-core-processthreads-l1-1-0.dll
0x0000028bd4220000 - 0x0000028bd4223000 	C:\Program Files\Java\openjfx-19_windows-x64_bin-sdk\javafx-sdk-19\bin\api-ms-win-core-processthreads-l1-1-1.dll
0x0000028bd4230000 - 0x0000028bd4233000 	C:\Program Files\Java\openjfx-19_windows-x64_bin-sdk\javafx-sdk-19\bin\api-ms-win-core-profile-l1-1-0.dll
0x0000028bd4240000 - 0x0000028bd4243000 	C:\Program Files\Java\openjfx-19_windows-x64_bin-sdk\javafx-sdk-19\bin\api-ms-win-core-rtlsupport-l1-1-0.dll
0x0000028bd4250000 - 0x0000028bd4253000 	C:\Program Files\Java\openjfx-19_windows-x64_bin-sdk\javafx-sdk-19\bin\api-ms-win-core-string-l1-1-0.dll
0x0000028bd4260000 - 0x0000028bd4263000 	C:\Program Files\Java\openjfx-19_windows-x64_bin-sdk\javafx-sdk-19\bin\api-ms-win-core-synch-l1-1-0.dll
0x0000028bd4270000 - 0x0000028bd4273000 	C:\Program Files\Java\openjfx-19_windows-x64_bin-sdk\javafx-sdk-19\bin\api-ms-win-core-synch-l1-2-0.dll
0x0000028bd4280000 - 0x0000028bd4283000 	C:\Program Files\Java\openjfx-19_windows-x64_bin-sdk\javafx-sdk-19\bin\api-ms-win-core-sysinfo-l1-1-0.dll
0x0000028bd4290000 - 0x0000028bd4293000 	C:\Program Files\Java\openjfx-19_windows-x64_bin-sdk\javafx-sdk-19\bin\api-ms-win-core-timezone-l1-1-0.dll
0x0000028bd42a0000 - 0x0000028bd42a3000 	C:\Program Files\Java\openjfx-19_windows-x64_bin-sdk\javafx-sdk-19\bin\api-ms-win-core-util-l1-1-0.dll
0x0000028bd42b0000 - 0x0000028bd42b3000 	C:\Program Files\Java\openjfx-19_windows-x64_bin-sdk\javafx-sdk-19\bin\api-ms-win-crt-conio-l1-1-0.dll
0x0000028bd42d0000 - 0x0000028bd42d4000 	C:\Program Files\Java\openjfx-19_windows-x64_bin-sdk\javafx-sdk-19\bin\api-ms-win-crt-convert-l1-1-0.dll
0x0000028bd9fd0000 - 0x0000028bd9fd3000 	C:\Program Files\Java\openjfx-19_windows-x64_bin-sdk\javafx-sdk-19\bin\api-ms-win-crt-environment-l1-1-0.dll
0x0000028bd42e0000 - 0x0000028bd42e3000 	C:\Program Files\Java\openjfx-19_windows-x64_bin-sdk\javafx-sdk-19\bin\api-ms-win-crt-filesystem-l1-1-0.dll
0x0000028bd42f0000 - 0x0000028bd42f3000 	C:\Program Files\Java\openjfx-19_windows-x64_bin-sdk\javafx-sdk-19\bin\api-ms-win-crt-heap-l1-1-0.dll
0x0000028bd4300000 - 0x0000028bd4303000 	C:\Program Files\Java\openjfx-19_windows-x64_bin-sdk\javafx-sdk-19\bin\api-ms-win-crt-locale-l1-1-0.dll
0x0000028bd4310000 - 0x0000028bd4315000 	C:\Program Files\Java\openjfx-19_windows-x64_bin-sdk\javafx-sdk-19\bin\api-ms-win-crt-math-l1-1-0.dll
0x0000028bd4320000 - 0x0000028bd4325000 	C:\Program Files\Java\openjfx-19_windows-x64_bin-sdk\javafx-sdk-19\bin\api-ms-win-crt-multibyte-l1-1-0.dll
0x0000028bd4330000 - 0x0000028bd4340000 	C:\Program Files\Java\openjfx-19_windows-x64_bin-sdk\javafx-sdk-19\bin\api-ms-win-crt-private-l1-1-0.dll
0x0000028bd4340000 - 0x0000028bd4343000 	C:\Program Files\Java\openjfx-19_windows-x64_bin-sdk\javafx-sdk-19\bin\api-ms-win-crt-process-l1-1-0.dll
0x0000028bd4350000 - 0x0000028bd4354000 	C:\Program Files\Java\openjfx-19_windows-x64_bin-sdk\javafx-sdk-19\bin\api-ms-win-crt-runtime-l1-1-0.dll
0x0000028bd4360000 - 0x0000028bd4364000 	C:\Program Files\Java\openjfx-19_windows-x64_bin-sdk\javafx-sdk-19\bin\api-ms-win-crt-stdio-l1-1-0.dll
0x0000028bd4370000 - 0x0000028bd4374000 	C:\Program Files\Java\openjfx-19_windows-x64_bin-sdk\javafx-sdk-19\bin\api-ms-win-crt-string-l1-1-0.dll
0x0000028bd4380000 - 0x0000028bd4383000 	C:\Program Files\Java\openjfx-19_windows-x64_bin-sdk\javafx-sdk-19\bin\api-ms-win-crt-time-l1-1-0.dll
0x0000028bd4390000 - 0x0000028bd4393000 	C:\Program Files\Java\openjfx-19_windows-x64_bin-sdk\javafx-sdk-19\bin\api-ms-win-crt-utility-l1-1-0.dll
0x00007ffb7d400000 - 0x00007ffb7d4fc000 	C:\Program Files\Java\openjfx-19_windows-x64_bin-sdk\javafx-sdk-19\bin\ucrtbase.dll
0x00007ffb97840000 - 0x00007ffb9785b000 	C:\Program Files\Java\openjfx-19_windows-x64_bin-sdk\javafx-sdk-19\bin\vcruntime140.dll
0x00007ffb9dbc0000 - 0x00007ffb9dbcc000 	C:\Program Files\Java\openjfx-19_windows-x64_bin-sdk\javafx-sdk-19\bin\vcruntime140_1.dll
0x00007ffb7d370000 - 0x00007ffb7d3fe000 	C:\Program Files\Java\openjfx-19_windows-x64_bin-sdk\javafx-sdk-19\bin\msvcp140.dll
0x00007ffb8c940000 - 0x00007ffb8c949000 	C:\Program Files\Java\openjfx-19_windows-x64_bin-sdk\javafx-sdk-19\bin\msvcp140_1.dll
0x00007ffb8bf70000 - 0x00007ffb8bfa0000 	C:\Program Files\Java\openjfx-19_windows-x64_bin-sdk\javafx-sdk-19\bin\msvcp140_2.dll
0x00007ffb85e00000 - 0x00007ffb85e2c000 	C:\Program Files\Java\openjfx-19_windows-x64_bin-sdk\javafx-sdk-19\bin\prism_d3d.dll
0x00007ffb91370000 - 0x00007ffb9153f000 	C:\Windows\system32\d3d9.dll
0x00007ffba0560000 - 0x00007ffba058f000 	C:\Windows\SYSTEM32\dwmapi.dll
0x00007ffba02d0000 - 0x00007ffba036e000 	C:\Windows\system32\uxtheme.dll
0x00007ffb46fd0000 - 0x00007ffb47135000 	C:\Windows\System32\DriverStore\FileRepository\72_lenovo_kabylake_hws_iigd_dch.inf_amd64_d630775471e98fa9\igdumdim64.dll
0x00007ffba4050000 - 0x00007ffba417a000 	C:\Windows\System32\ole32.dll
0x00007ffb35890000 - 0x00007ffb3a299000 	C:\Windows\System32\DriverStore\FileRepository\72_lenovo_kabylake_hws_iigd_dch.inf_amd64_d630775471e98fa9\igd9dxva64.dll
0x00007ffba5530000 - 0x00007ffba55fd000 	C:\Windows\System32\OLEAUT32.dll
0x00007ffba5030000 - 0x00007ffba549f000 	C:\Windows\System32\SETUPAPI.dll
0x00007ffba3500000 - 0x00007ffba354e000 	C:\Windows\System32\cfgmgr32.dll
0x00007ffba34d0000 - 0x00007ffba34f7000 	C:\Windows\System32\bcrypt.dll
0x00007ffb95970000 - 0x00007ffb95ca1000 	C:\Windows\System32\DriverStore\FileRepository\72_lenovo_kabylake_hws_iigd_dch.inf_amd64_d630775471e98fa9\igdgmm64.dll
0x00007ffb81a20000 - 0x00007ffb81a62000 	C:\Program Files\Java\openjfx-19_windows-x64_bin-sdk\javafx-sdk-19\bin\glass.dll
0x00007ffba37d0000 - 0x00007ffba38aa000 	C:\Windows\System32\COMDLG32.dll
0x00007ffba3f30000 - 0x00007ffba4045000 	C:\Windows\System32\MSCTF.dll
0x00007ffb8c320000 - 0x00007ffb8c347000 	C:\Windows\System32\DriverStore\FileRepository\72_lenovo_kabylake_hws_iigd_dch.inf_amd64_d630775471e98fa9\igdinfo64.dll
0x00007ffba27c0000 - 0x00007ffba27d8000 	C:\Windows\SYSTEM32\CRYPTSP.dll
0x00007ffba1ee0000 - 0x00007ffba1f14000 	C:\Windows\system32\rsaenh.dll
0x00007ffba27e0000 - 0x00007ffba27ec000 	C:\Windows\SYSTEM32\CRYPTBASE.dll
0x00007ffb91b30000 - 0x00007ffb9486c000 	C:\Windows\System32\DriverStore\FileRepository\72_lenovo_kabylake_hws_iigd_dch.inf_amd64_d630775471e98fa9\igc64.dll
0x00007ffb97d20000 - 0x00007ffb97d5b000 	C:\Windows\SYSTEM32\dxcore.dll
0x00007ffb8c420000 - 0x00007ffb8c434000 	C:\Program Files\Java\openjfx-19_windows-x64_bin-sdk\javafx-sdk-19\bin\javafx_font.dll
0x00007ffb90350000 - 0x00007ffb905cf000 	C:\Windows\SYSTEM32\dwrite.dll
0x00007ffba4f80000 - 0x00007ffba5029000 	C:\Windows\System32\clbcatq.dll
0x00007ffb9b2b0000 - 0x00007ffb9b464000 	C:\Windows\SYSTEM32\WindowsCodecs.dll
0x00007ffb73160000 - 0x00007ffb7319e000 	C:\Windows\system32\dataexchange.dll
0x00007ffb9e7c0000 - 0x00007ffb9ea23000 	C:\Windows\system32\d3d11.dll
0x00007ffb9f690000 - 0x00007ffb9f874000 	C:\Windows\system32\dcomp.dll
0x00007ffba1710000 - 0x00007ffba1803000 	C:\Windows\system32\dxgi.dll
0x00007ffb9b6f0000 - 0x00007ffb9b8f0000 	C:\Windows\system32\twinapi.appcore.dll
0x00007ffb85dc0000 - 0x00007ffb85df4000 	C:\Program Files\Common Files\Microsoft Shared\Ink\rtscom.dll
0x00007ffb95e10000 - 0x00007ffb95f09000 	C:\Windows\SYSTEM32\textinputframework.dll
0x00007ffb9fc00000 - 0x00007ffb9ff5e000 	C:\Windows\System32\CoreUIComponents.dll
0x00007ffb9ff60000 - 0x00007ffba0052000 	C:\Windows\System32\CoreMessaging.dll

dbghelp: loaded successfully - version: 4.0.5 - missing functions: none
symbol engine: initialized successfully - sym options: 0x614 - pdb path: .;C:\Program Files\Java\jdk-18.0.2.1\bin;C:\Windows\SYSTEM32;C:\Windows\WinSxS\amd64_microsoft.windows.common-controls_6595b64144ccf1df_6.0.19041.1110_none_60b5254171f9507e;C:\Program Files\Java\jdk-18.0.2.1\bin\server;C:\Program Files\JetBrains\IntelliJ IDEA Community Edition 2022.2.1\bin;C:\Program Files\Java\openjfx-19_windows-x64_bin-sdk\javafx-sdk-19\bin;C:\Windows\System32\DriverStore\FileRepository\72_lenovo_kabylake_hws_iigd_dch.inf_amd64_d630775471e98fa9;C:\Program Files\Common Files\Microsoft Shared\Ink

VM Arguments:
jvm_args: --module-path=C:/Program Files/Java/openjfx-19_windows-x64_bin-sdk/javafx-sdk-19/lib --add-modules=javafx.controls,javafx.fxml -javaagent:C:\Program Files\JetBrains\IntelliJ IDEA Community Edition 2022.2.1\lib\idea_rt.jar=51345:C:\Program Files\JetBrains\IntelliJ IDEA Community Edition 2022.2.1\bin -Dfile.encoding=UTF-8 -Dsun.stdout.encoding=UTF-8 -Dsun.stderr.encoding=UTF-8 
java_command: Client
java_class_path (initial): E:\prog 5\\kurs\out\production\Client;C:\Program Files\Java\openjfx-19_windows-x64_bin-sdk\javafx-sdk-19\lib\javafx-swt.jar;C:\Program Files\Java\openjfx-19_windows-x64_bin-sdk\javafx-sdk-19\lib\javafx.web.jar;C:\Program Files\Java\openjfx-19_windows-x64_bin-sdk\javafx-sdk-19\lib\javafx.base.jar;C:\Program Files\Java\openjfx-19_windows-x64_bin-sdk\javafx-sdk-19\lib\javafx.fxml.jar;C:\Program Files\Java\openjfx-19_windows-x64_bin-sdk\javafx-sdk-19\lib\javafx.media.jar;C:\Program Files\Java\openjfx-19_windows-x64_bin-sdk\javafx-sdk-19\lib\javafx.swing.jar;C:\Program Files\Java\openjfx-19_windows-x64_bin-sdk\javafx-sdk-19\lib\javafx.controls.jar;C:\Program Files\Java\openjfx-19_windows-x64_bin-sdk\javafx-sdk-19\lib\javafx.graphics.jar;C:\Users\\Downloads\mysql-connector-java-8.0.26.jar;E:\prog 5\\kurs\out\production\kurs;C:\Program Files\Java\jdk-18.0.2.1\lib\jrt-fs.jar
Launcher Type: SUN_STANDARD

[Global flags]
     intx CICompilerCount                          = 3                                         {product} {ergonomic}
     uint ConcGCThreads                            = 1                                         {product} {ergonomic}
     uint G1ConcRefinementThreads                  = 4                                         {product} {ergonomic}
   size_t G1HeapRegionSize                         = 1048576                                   {product} {ergonomic}
    uintx GCDrainStackTargetSize                   = 64                                        {product} {ergonomic}
   size_t InitialHeapSize                          = 134217728                                 {product} {ergonomic}
   size_t MarkStackSize                            = 4194304                                   {product} {ergonomic}
   size_t MaxHeapSize                              = 2116026368                                {product} {ergonomic}
   size_t MaxNewSize                               = 1268776960                                {product} {ergonomic}
   size_t MinHeapDeltaBytes                        = 1048576                                   {product} {ergonomic}
   size_t MinHeapSize                              = 8388608                                   {product} {ergonomic}
    uintx NonNMethodCodeHeapSize                   = 5832780                                {pd product} {ergonomic}
    uintx NonProfiledCodeHeapSize                  = 122912730                              {pd product} {ergonomic}
    uintx ProfiledCodeHeapSize                     = 122912730                              {pd product} {ergonomic}
    uintx ReservedCodeCacheSize                    = 251658240                              {pd product} {ergonomic}
     bool SegmentedCodeCache                       = true                                      {product} {ergonomic}
   size_t SoftMaxHeapSize                          = 2116026368                             {manageable} {ergonomic}
     bool UseCompressedClassPointers               = true                           {product lp64_product} {ergonomic}
     bool UseCompressedOops                        = true                           {product lp64_product} {ergonomic}
     bool UseG1GC                                  = true                                      {product} {ergonomic}
     bool UseLargePagesIndividualAllocation        = false                                  {pd product} {ergonomic}

Logging:
Log output configuration:
 #0: stdout all=off uptime,level,tags foldmultilines=false
 #1: stderr all=off uptime,level,tags foldmultilines=false

Environment Variables:
PATH=C:\Program Files\Common Files\Oracle\Java\javapath;C:\Program Files (x86)\Common Files\Oracle\Java\javapath;C:\Windows\system32;C:\Windows;C:\Windows\System32\Wbem;C:\Windows\System32\WindowsPowerShell\v1.0\;C:\Windows\System32\OpenSSH\;C:\Program Files (x86)\NVIDIA Corporation\PhysX\Common;C:\Program Files\NVIDIA Corporation\NVIDIA NvDLISR;C:\Program Files\Azure Data Studio\bin;C:\Program Files\MySQL\MySQL Shell 8.0\bin\;C:\Users\\AppData\Local\Microsoft\WindowsApps;;C:\Program Files\Azure Data Studio\bin
USERNAME=
OS=Windows_NT
PROCESSOR_IDENTIFIER=Intel64 Family 6 Model 142 Stepping 9, GenuineIntel



---------------  S Y S T E M  ---------------

OS:
 Windows 10 , 64 bit Build 19041 (10.0.19041.1806)
OS uptime: 0 days 5:06 hours

CPU: total 4 (initial active 4) (2 cores per cpu, 2 threads per core) family 6 model 142 stepping 9 microcode 0xd6, cx8, cmov, fxsr, ht, mmx, 3dnowpref, sse, sse2, sse3, ssse3, sse4.1, sse4.2, popcnt, lzcnt, tsc, tscinvbit, avx, avx2, aes, erms, clmul, bmi1, bmi2, adx, fma, vzeroupper, clflush, clflushopt

Memory: 4k page, system-wide physical 8066M (1734M free)
TotalPageFile size 14466M (AvailPageFile size 5198M)
current process WorkingSet (physical memory assigned to process): 185M, peak: 196M
current process commit charge ("private bytes"): 293M, peak: 306M

vm_info: Java HotSpot(TM) 64-Bit Server VM (18.0.2.1+1-1) for windows-amd64 JRE (18.0.2.1+1-1), built on Aug 16 2022 01:46:33 by "mach5one" with MS VC++ 16.8 / 16.9 (VS2019)

END.
