#
# A fatal error has been detected by the Java Runtime Environment:
#
#  EXCEPTION_ACCESS_VIOLATION (0xc0000005) at pc=0x00007ff8120163b7, pid=6264, tid=10504
#
# JRE version: Java(TM) SE Runtime Environment (18.0.2.1+1) (build 18.0.2.1+1-1)
# Java VM: Java HotSpot(TM) 64-Bit Server VM (18.0.2.1+1-1, mixed mode, sharing, tiered, compressed oops, compressed class ptrs, g1 gc, windows-amd64)
# Problematic frame:
# C  [glass.dll+0x263b7]
#
# No core dump will be written. Minidumps are not enabled by default on client versions of Windows
#
# If you would like to submit a bug report, please visit:
#   https://bugreport.java.com/bugreport/crash.jsp
#

---------------  S U M M A R Y ------------

Command Line: --module-path=C:/Program Files/Java/openjfx-19_windows-x64_bin-sdk/javafx-sdk-19/lib --add-modules=javafx.controls,javafx.fxml -javaagent:C:\Program Files\JetBrains\IntelliJ IDEA Community Edition 2022.2.1\lib\idea_rt.jar=63275:C:\Program Files\JetBrains\IntelliJ IDEA Community Edition 2022.2.1\bin -Dfile.encoding=UTF-8 -Dsun.stdout.encoding=UTF-8 -Dsun.stderr.encoding=UTF-8 Client

Host: Intel(R) Core(TM) i3-7130U CPU @ 2.70GHz, 4 cores, 7G,  Windows 10 , 64 bit Build 19041 (10.0.19041.2251)
Time: Sat Dec 10 15:14:59 2022  Windows 10 , 64 bit Build 19041 (10.0.19041.2251) elapsed time: 349.388111 seconds (0d 0h 5m 49s)

---------------  T H R E A D  ---------------

Current thread (0x000001ea7f4e1870):  VMThread "VM Thread" [stack: 0x000000b66c500000,0x000000b66c600000] [id=10504]

Stack: [0x000000b66c500000,0x000000b66c600000],  sp=0x000000b66c5ff2a0,  free space=1020k
Native frames: (J=compiled Java code, j=interpreted, Vv=VM code, C=native code)
C  [glass.dll+0x263b7]


siginfo: EXCEPTION_ACCESS_VIOLATION (0xc0000005), reading address 0x0000000000000000


Register to memory mapping:

RIP=0x00007ff8120163b7 glass.dll
RAX=0x0 is NULL
RBX=0x000001ea7f4fc2e0 is a global jni handle
RCX=0x000001ea7f4e1870 points into unknown readable memory: 0x00007fffe4bfea28 | 28 ea bf e4 ff 7f 00 00
RDX=0x000000b66c5ff2a0 points into unknown readable memory: 0x0000000000000000 | 00 00 00 00 00 00 00 00
RSP=0x000000b66c5ff2a0 points into unknown readable memory: 0x0000000000000000 | 00 00 00 00 00 00 00 00
RBP=0x000001ea20c8bb48 points into unknown readable memory: 0x0000a20fd110b7ea | ea b7 10 d1 0f a2 00 00
RSI=0x000001ea20c8bb20 points into unknown readable memory: 0x04e0820fd0ef57a2 | a2 57 ef d0 0f 82 e0 04
RDI=0x0000a20fd110b7ea is an unknown value
R8 =0x0000000000010002 is an unknown value
R9 =0x0000a20fd110b7ea is an unknown value
R10=0x0000000000008000 is an unknown value
R11=0x000000b66c5ff230 points into unknown readable memory: 0x000001ea20c8bb20 | 20 bb c8 20 ea 01 00 00
R12=0x00007ff812013cf0 glass.dll
R13=0x00007fffe4dc0c00 jvm.dll
R14=0x000000b66c5ff398 points into unknown readable memory: 0x000000b66c5ff380 | 80 f3 5f 6c b6 00 00 00
R15=0x000001ea20c8bb20 points into unknown readable memory: 0x04e0820fd0ef57a2 | a2 57 ef d0 0f 82 e0 04


Registers:
RAX=0x0000000000000000, RBX=0x000001ea7f4fc2e0, RCX=0x000001ea7f4e1870, RDX=0x000000b66c5ff2a0
RSP=0x000000b66c5ff2a0, RBP=0x000001ea20c8bb48, RSI=0x000001ea20c8bb20, RDI=0x0000a20fd110b7ea
R8 =0x0000000000010002, R9 =0x0000a20fd110b7ea, R10=0x0000000000008000, R11=0x000000b66c5ff230
R12=0x00007ff812013cf0, R13=0x00007fffe4dc0c00, R14=0x000000b66c5ff398, R15=0x000001ea20c8bb20
RIP=0x00007ff8120163b7, EFLAGS=0x0000000000010202

Top of Stack: (sp=0x000000b66c5ff2a0)
0x000000b66c5ff2a0:   0000000000000000 000001ea20c8bb20
0x000000b66c5ff2b0:   00007fffe4dc0c00 00007ff812013cf0
0x000000b66c5ff2c0:   000001ea20c8bb28 00007ff8461742d6
0x000000b66c5ff2d0:   0000a20fd110b7ea 000001ea00000000
0x000000b66c5ff2e0:   000001ea20c8bb48 000001ea20c8bb20
0x000000b66c5ff2f0:   fffffffffffffffe 0000000000000000
0x000000b66c5ff300:   0000000000000001 00007ff811ff0000
0x000000b66c5ff310:   000000b66c5ff388 00007ff8461741fb
0x000000b66c5ff320:   0000000000000000 000000b66c5ff398
0x000000b66c5ff330:   000000b66c5ff660 00007ff846250e40
0x000000b66c5ff340:   0000000000000001 00007ff8461741b4
0x000000b66c5ff350:   0000000000000000 0000000000000001
0x000000b66c5ff360:   00007ff800000001 000000b66c5ff388
0x000000b66c5ff370:   0000000000000000 00007ff812013b7d
0x000000b66c5ff380:   00007ff812029f88 00007ff800000002
0x000000b66c5ff390:   0000000000000002 000000b66c5ff380 

Instructions: (pc=0x00007ff8120163b7)
0x00007ff8120162b7:   8b 4d 58 e8 7d cf ff ff 48 8b 4d 60 e8 74 cf ff
0x00007ff8120162c7:   ff 48 8b 95 80 00 00 00 48 8b 8d 18 01 00 00 e8
0x00007ff8120162d7:   66 c4 ff ff 33 d2 33 c9 e8 bc e1 ff ff 90 48 89
0x00007ff8120162e7:   54 24 10 55 48 83 ec 20 48 8b ea 48 b8 00 00 00
0x00007ff8120162f7:   00 00 00 00 00 48 83 c4 20 5d c3 cc 40 55 48 8b
0x00007ff812016307:   ea 48 8b 01 33 c9 81 38 05 00 00 c0 0f 94 c1 8b
0x00007ff812016317:   c1 5d c3 cc 40 55 48 83 ec 20 48 8b ea 8a 4d 40
0x00007ff812016327:   48 83 c4 20 5d e9 63 d3 ff ff cc 40 55 48 83 ec
0x00007ff812016337:   20 48 8b ea 8a 4d 20 e8 51 d3 ff ff 90 48 83 c4
0x00007ff812016347:   20 5d c3 cc 40 55 48 83 ec 20 48 8b ea 48 83 c4
0x00007ff812016357:   20 5d e9 b2 d1 ff ff cc 40 55 48 83 ec 30 48 8b
0x00007ff812016367:   ea 48 8b 01 8b 10 48 89 4c 24 28 89 54 24 20 4c
0x00007ff812016377:   8d 0d 53 d6 ff ff 4c 8b 45 70 8b 55 68 48 8b 4d
0x00007ff812016387:   60 e8 f3 d0 ff ff 90 48 83 c4 30 5d c3 cc cc cc
0x00007ff812016397:   cc cc cc cc cc cc cc cc cc 40 53 48 83 ec 20 48
0x00007ff8120163a7:   8b 1d db 35 01 00 48 85 db 74 16 e8 79 8b ff ff
0x00007ff8120163b7:   4c 8b 00 48 8b d3 48 8b c8 41 ff 90 b0 00 00 00
0x00007ff8120163c7:   90 48 83 c4 20 5b c3 cc cc 40 53 48 83 ec 20 48
0x00007ff8120163d7:   8b 1d 4b 37 01 00 48 85 db 74 57 b8 ff ff ff ff
0x00007ff8120163e7:   f0 0f c1 43 10 83 f8 01 75 3d 48 85 db 74 38 48
0x00007ff8120163f7:   8b 0b 48 85 c9 74 0d ff 15 a4 0e 00 00 48 c7 03
0x00007ff812016407:   00 00 00 00 48 8b 4b 08 48 85 c9 74 0d e8 23 ce
0x00007ff812016417:   ff ff 48 c7 43 08 00 00 00 00 ba 18 00 00 00 48
0x00007ff812016427:   8b cb e8 0e ce ff ff 48 c7 05 ef 36 01 00 00 00
0x00007ff812016437:   00 00 48 83 c4 20 5b c3 cc 40 53 48 83 ec 20 48
0x00007ff812016447:   8b 1d bb 36 01 00 48 85 db 74 57 b8 ff ff ff ff
0x00007ff812016457:   f0 0f c1 43 10 83 f8 01 75 3d 48 85 db 74 38 48
0x00007ff812016467:   8b 0b 48 85 c9 74 0d ff 15 34 0e 00 00 48 c7 03
0x00007ff812016477:   00 00 00 00 48 8b 4b 08 48 85 c9 74 0d e8 b3 cd
0x00007ff812016487:   ff ff 48 c7 43 08 00 00 00 00 ba 18 00 00 00 48
0x00007ff812016497:   8b cb e8 9e cd ff ff 48 c7 05 5f 36 01 00 00 00
0x00007ff8120164a7:   00 00 48 83 c4 20 5b c3 cc 40 53 48 83 ec 20 48 


Stack slot to memory mapping:
stack at sp + 0 slots: 0x0 is NULL
stack at sp + 1 slots: 0x000001ea20c8bb20 points into unknown readable memory: 0x04e0820fd0ef57a2 | a2 57 ef d0 0f 82 e0 04
stack at sp + 2 slots: 0x00007fffe4dc0c00 jvm.dll
stack at sp + 3 slots: 0x00007ff812013cf0 glass.dll
stack at sp + 4 slots: 0x000001ea20c8bb28 points into unknown readable memory: 0x0000a20fd110b7ea | ea b7 10 d1 0f a2 00 00
stack at sp + 5 slots: 0x00007ff8461742d6 ucrtbase.dll
stack at sp + 6 slots: 0x0000a20fd110b7ea is an unknown value
stack at sp + 7 slots: 0x000001ea00000000 points into unknown readable memory: 0x00010000cafedada | da da fe ca 00 00 01 00

VM_Operation (0x000000b66beff490): Exit, mode: safepoint, requested by thread 0x000001ea22014b80


---------------  P R O C E S S  ---------------

Threads class SMR info:
_java_thread_list=0x000001ea213a1900, length=20, elements={
0x000001ea7e36f750, 0x000001ea7f4e8790, 0x000001ea7f4e9300, 0x000001ea7f503110,
0x000001ea7f5039c0, 0x000001ea7f504270, 0x000001ea7f504e50, 0x000001ea7f509f70,
0x000001ea7f50a9a0, 0x000001ea7f4d2c90, 0x000001ea212b5c10, 0x000001ea215bfa10,
0x000001ea21a22550, 0x000001ea217c55e0, 0x000001ea217bb4b0, 0x000001ea2155b330,
0x000001ea2154e110, 0x000001ea21558b80, 0x000001ea21557370, 0x000001ea22014b80
}

Java Threads: ( => current thread )
  0x000001ea7e36f750 JavaThread "main" [_thread_blocked, id=2016, stack(0x000000b66bf00000,0x000000b66c000000)]
  0x000001ea7f4e8790 JavaThread "Reference Handler" daemon [_thread_blocked, id=12132, stack(0x000000b66c600000,0x000000b66c700000)]
  0x000001ea7f4e9300 JavaThread "Finalizer" daemon [_thread_blocked, id=956, stack(0x000000b66c700000,0x000000b66c800000)]
  0x000001ea7f503110 JavaThread "Attach Listener" daemon [_thread_blocked, id=4456, stack(0x000000b66c900000,0x000000b66ca00000)]
  0x000001ea7f5039c0 JavaThread "Service Thread" daemon [_thread_blocked, id=3828, stack(0x000000b66ca00000,0x000000b66cb00000)]
  0x000001ea7f504270 JavaThread "Monitor Deflation Thread" daemon [_thread_blocked, id=10912, stack(0x000000b66cb00000,0x000000b66cc00000)]
  0x000001ea7f504e50 JavaThread "C2 CompilerThread0" daemon [_thread_blocked, id=7792, stack(0x000000b66cc00000,0x000000b66cd00000)]
  0x000001ea7f509f70 JavaThread "C1 CompilerThread0" daemon [_thread_blocked, id=2484, stack(0x000000b66cd00000,0x000000b66ce00000)]
  0x000001ea7f50a9a0 JavaThread "Sweeper thread" daemon [_thread_blocked, id=8796, stack(0x000000b66ce00000,0x000000b66cf00000)]
  0x000001ea7f4d2c90 JavaThread "Common-Cleaner" daemon [_thread_blocked, id=2912, stack(0x000000b66cf00000,0x000000b66d000000)]
  0x000001ea212b5c10 JavaThread "Monitor Ctrl-Break" daemon [_thread_in_native, id=7696, stack(0x000000b66d100000,0x000000b66d200000)]
  0x000001ea215bfa10 JavaThread "Notification Thread" daemon [_thread_blocked, id=12080, stack(0x000000b66d200000,0x000000b66d300000)]
  0x000001ea21a22550 JavaThread "QuantumRenderer-0" daemon [_thread_blocked, id=4040, stack(0x000000b66d400000,0x000000b66d500000)]
  0x000001ea217c55e0 JavaThread "InvokeLaterDispatcher" daemon [_thread_blocked, id=10448, stack(0x000000b66d500000,0x000000b66d600000)]
  0x000001ea217bb4b0 JavaThread "JavaFX Application Thread" [_thread_in_native, id=6884, stack(0x000000b66d600000,0x000000b66d700000)]
  0x000001ea2155b330 JavaThread "Thread-1" daemon [_thread_in_native, id=10340, stack(0x000000b66dd00000,0x000000b66de00000)]
  0x000001ea2154e110 JavaThread "JavaFX-Launcher" [_thread_blocked, id=5180, stack(0x000000b66de00000,0x000000b66df00000)]
  0x000001ea21558b80 JavaThread "Prism Font Disposer" daemon [_thread_blocked, id=11248, stack(0x000000b66e200000,0x000000b66e300000)]
  0x000001ea21557370 JavaThread "Cleaner-0" daemon [_thread_blocked, id=6700, stack(0x000000b66e300000,0x000000b66e400000)]
  0x000001ea22014b80 JavaThread "SIGINT handler" daemon [_thread_blocked, id=10856, stack(0x000000b66be00000,0x000000b66bf00000)]

Other Threads:
=>0x000001ea7f4e1870 VMThread "VM Thread" [stack: 0x000000b66c500000,0x000000b66c600000] [id=10504]
  0x000001ea7e3ce340 WorkerThread "GC Thread#0" [stack: 0x000000b66c000000,0x000000b66c100000] [id=8184]
  0x000001ea20fe91d0 WorkerThread "GC Thread#1" [stack: 0x000000b66d700000,0x000000b66d800000] [id=6908]
  0x000001ea217a6a40 WorkerThread "GC Thread#2" [stack: 0x000000b66d800000,0x000000b66d900000] [id=2920]
  0x000001ea217a6ce0 WorkerThread "GC Thread#3" [stack: 0x000000b66d900000,0x000000b66da00000] [id=8060]
  0x000001ea7e41f010 ConcurrentGCThread "G1 Main Marker" terminated
  0x000001ea7e4200b0 WorkerThread "G1 Conc#0" [stack: 0x000000b66c200000,0x000000b66c300000] [id=7660]
  0x000001ea7e43e940 ConcurrentGCThread "G1 Refine#0" terminated
  0x000001ea7f3a0560 ConcurrentGCThread "G1 Service" terminated

Threads with active compile tasks:

VM state: at safepoint (shutting down)

VM Mutex/Monitor currently owned by a thread:  ([mutex/lock_event])
[0x000001ea7e36cdd0] Threads_lock - owner thread: 0x000001ea7f4e1870
[0x000001ea7e36b990] Heap_lock - owner thread: 0x000001ea22014b80

Heap address: 0x0000000081e00000, size: 2018 MB, Compressed Oops mode: 32-bit

CDS archive(s) mapped at: [0x0000000800000000-0x0000000800ba0000-0x0000000800ba0000), size 12189696, SharedBaseAddress: 0x0000000800000000, ArchiveRelocationMode: 0.
Compressed class space mapped at: 0x0000000800c00000-0x0000000840c00000, reserved size: 1073741824
Narrow klass base: 0x0000000800000000, Narrow klass shift: 0, Narrow klass range: 0x100000000

GC Precious Log:
 CardTable entry size: 512
 Card Set container configuration: InlinePtr #cards 5 size 8 Array Of Cards #cards 12 size 40 Howl #buckets 4 coarsen threshold 1843 Howl Bitmap #cards 512 size 80 coarsen threshold 460 Card regions per heap region 1 cards per card region 2048
 CPUs: 4 total, 4 available
 Memory: 8066M
 Large Page Support: Disabled
 NUMA Support: Disabled
 Compressed Oops: Enabled (32-bit)
 Heap Region Size: 1M
 Heap Min Capacity: 8M
 Heap Initial Capacity: 128M
 Heap Max Capacity: 2018M
 Pre-touch: Disabled
 Parallel Workers: 4
 Concurrent Workers: 1
 Concurrent Refinement Workers: 4
 Periodic GC: Disabled

Heap:
 garbage-first heap   total 131072K, used 62677K [0x0000000081e00000, 0x0000000100000000)
  region size 1024K, 59 young (60416K), 3 survivors (3072K)
 Metaspace       used 18783K, committed 19136K, reserved 1114112K
  class space    used 2668K, committed 2816K, reserved 1048576K

Heap Regions: E=young(eden), S=young(survivor), O=old, HS=humongous(starts), HC=humongous(continues), CS=collection set, F=free, OA=open archive, CA=closed archive, TAMS=top-at-mark-start (previous, next)
|   0|0x0000000081e00000, 0x0000000081f00000, 0x0000000081f00000|100%| O|  |TAMS 0x0000000081e00000, 0x0000000081e00000| Untracked 
|   1|0x0000000081f00000, 0x0000000082000000, 0x0000000082000000|100%| O|  |TAMS 0x0000000081f00000, 0x0000000081f00000| Untracked 
|   2|0x0000000082000000, 0x0000000082035400, 0x0000000082100000| 20%| O|  |TAMS 0x0000000082000000, 0x0000000082000000| Untracked 
|   3|0x0000000082100000, 0x0000000082200000, 0x0000000082200000|100%|HS|  |TAMS 0x0000000082100000, 0x0000000082100000| Complete 
|   4|0x0000000082200000, 0x0000000082300000, 0x0000000082300000|100%|HC|  |TAMS 0x0000000082200000, 0x0000000082200000| Complete 
|   5|0x0000000082300000, 0x0000000082300000, 0x0000000082400000|  0%| F|  |TAMS 0x0000000082300000, 0x0000000082300000| Untracked 
|   6|0x0000000082400000, 0x0000000082400000, 0x0000000082500000|  0%| F|  |TAMS 0x0000000082400000, 0x0000000082400000| Untracked 
|   7|0x0000000082500000, 0x0000000082500000, 0x0000000082600000|  0%| F|  |TAMS 0x0000000082500000, 0x0000000082500000| Untracked 
|   8|0x0000000082600000, 0x0000000082600000, 0x0000000082700000|  0%| F|  |TAMS 0x0000000082600000, 0x0000000082600000| Untracked 
|   9|0x0000000082700000, 0x0000000082700000, 0x0000000082800000|  0%| F|  |TAMS 0x0000000082700000, 0x0000000082700000| Untracked 
|  10|0x0000000082800000, 0x0000000082800000, 0x0000000082900000|  0%| F|  |TAMS 0x0000000082800000, 0x0000000082800000| Untracked 
|  11|0x0000000082900000, 0x0000000082900000, 0x0000000082a00000|  0%| F|  |TAMS 0x0000000082900000, 0x0000000082900000| Untracked 
|  12|0x0000000082a00000, 0x0000000082a00000, 0x0000000082b00000|  0%| F|  |TAMS 0x0000000082a00000, 0x0000000082a00000| Untracked 
|  13|0x0000000082b00000, 0x0000000082b00000, 0x0000000082c00000|  0%| F|  |TAMS 0x0000000082b00000, 0x0000000082b00000| Untracked 
|  14|0x0000000082c00000, 0x0000000082c00000, 0x0000000082d00000|  0%| F|  |TAMS 0x0000000082c00000, 0x0000000082c00000| Untracked 
|  15|0x0000000082d00000, 0x0000000082d00000, 0x0000000082e00000|  0%| F|  |TAMS 0x0000000082d00000, 0x0000000082d00000| Untracked 
|  16|0x0000000082e00000, 0x0000000082e00000, 0x0000000082f00000|  0%| F|  |TAMS 0x0000000082e00000, 0x0000000082e00000| Untracked 
|  17|0x0000000082f00000, 0x0000000082f00000, 0x0000000083000000|  0%| F|  |TAMS 0x0000000082f00000, 0x0000000082f00000| Untracked 
|  18|0x0000000083000000, 0x0000000083000000, 0x0000000083100000|  0%| F|  |TAMS 0x0000000083000000, 0x0000000083000000| Untracked 
|  19|0x0000000083100000, 0x0000000083100000, 0x0000000083200000|  0%| F|  |TAMS 0x0000000083100000, 0x0000000083100000| Untracked 
|  20|0x0000000083200000, 0x0000000083200000, 0x0000000083300000|  0%| F|  |TAMS 0x0000000083200000, 0x0000000083200000| Untracked 
|  21|0x0000000083300000, 0x0000000083300000, 0x0000000083400000|  0%| F|  |TAMS 0x0000000083300000, 0x0000000083300000| Untracked 
|  22|0x0000000083400000, 0x0000000083400000, 0x0000000083500000|  0%| F|  |TAMS 0x0000000083400000, 0x0000000083400000| Untracked 
|  23|0x0000000083500000, 0x0000000083500000, 0x0000000083600000|  0%| F|  |TAMS 0x0000000083500000, 0x0000000083500000| Untracked 
|  24|0x0000000083600000, 0x0000000083600000, 0x0000000083700000|  0%| F|  |TAMS 0x0000000083600000, 0x0000000083600000| Untracked 
|  25|0x0000000083700000, 0x0000000083700000, 0x0000000083800000|  0%| F|  |TAMS 0x0000000083700000, 0x0000000083700000| Untracked 
|  26|0x0000000083800000, 0x0000000083800000, 0x0000000083900000|  0%| F|  |TAMS 0x0000000083800000, 0x0000000083800000| Untracked 
|  27|0x0000000083900000, 0x0000000083900000, 0x0000000083a00000|  0%| F|  |TAMS 0x0000000083900000, 0x0000000083900000| Untracked 
|  28|0x0000000083a00000, 0x0000000083a00000, 0x0000000083b00000|  0%| F|  |TAMS 0x0000000083a00000, 0x0000000083a00000| Untracked 
|  29|0x0000000083b00000, 0x0000000083b00000, 0x0000000083c00000|  0%| F|  |TAMS 0x0000000083b00000, 0x0000000083b00000| Untracked 
|  30|0x0000000083c00000, 0x0000000083c00000, 0x0000000083d00000|  0%| F|  |TAMS 0x0000000083c00000, 0x0000000083c00000| Untracked 
|  31|0x0000000083d00000, 0x0000000083d00000, 0x0000000083e00000|  0%| F|  |TAMS 0x0000000083d00000, 0x0000000083d00000| Untracked 
|  32|0x0000000083e00000, 0x0000000083e00000, 0x0000000083f00000|  0%| F|  |TAMS 0x0000000083e00000, 0x0000000083e00000| Untracked 
|  33|0x0000000083f00000, 0x0000000083f00000, 0x0000000084000000|  0%| F|  |TAMS 0x0000000083f00000, 0x0000000083f00000| Untracked 
|  34|0x0000000084000000, 0x0000000084000000, 0x0000000084100000|  0%| F|  |TAMS 0x0000000084000000, 0x0000000084000000| Untracked 
|  35|0x0000000084100000, 0x0000000084100000, 0x0000000084200000|  0%| F|  |TAMS 0x0000000084100000, 0x0000000084100000| Untracked 
|  36|0x0000000084200000, 0x0000000084200000, 0x0000000084300000|  0%| F|  |TAMS 0x0000000084200000, 0x0000000084200000| Untracked 
|  37|0x0000000084300000, 0x0000000084300000, 0x0000000084400000|  0%| F|  |TAMS 0x0000000084300000, 0x0000000084300000| Untracked 
|  38|0x0000000084400000, 0x0000000084400000, 0x0000000084500000|  0%| F|  |TAMS 0x0000000084400000, 0x0000000084400000| Untracked 
|  39|0x0000000084500000, 0x0000000084500000, 0x0000000084600000|  0%| F|  |TAMS 0x0000000084500000, 0x0000000084500000| Untracked 
|  40|0x0000000084600000, 0x0000000084600000, 0x0000000084700000|  0%| F|  |TAMS 0x0000000084600000, 0x0000000084600000| Untracked 
|  41|0x0000000084700000, 0x0000000084700000, 0x0000000084800000|  0%| F|  |TAMS 0x0000000084700000, 0x0000000084700000| Untracked 
|  42|0x0000000084800000, 0x0000000084800000, 0x0000000084900000|  0%| F|  |TAMS 0x0000000084800000, 0x0000000084800000| Untracked 
|  43|0x0000000084900000, 0x0000000084900000, 0x0000000084a00000|  0%| F|  |TAMS 0x0000000084900000, 0x0000000084900000| Untracked 
|  44|0x0000000084a00000, 0x0000000084a00000, 0x0000000084b00000|  0%| F|  |TAMS 0x0000000084a00000, 0x0000000084a00000| Untracked 
|  45|0x0000000084b00000, 0x0000000084b00000, 0x0000000084c00000|  0%| F|  |TAMS 0x0000000084b00000, 0x0000000084b00000| Untracked 
|  46|0x0000000084c00000, 0x0000000084c00000, 0x0000000084d00000|  0%| F|  |TAMS 0x0000000084c00000, 0x0000000084c00000| Untracked 
|  47|0x0000000084d00000, 0x0000000084d00000, 0x0000000084e00000|  0%| F|  |TAMS 0x0000000084d00000, 0x0000000084d00000| Untracked 
|  48|0x0000000084e00000, 0x0000000084e00000, 0x0000000084f00000|  0%| F|  |TAMS 0x0000000084e00000, 0x0000000084e00000| Untracked 
|  49|0x0000000084f00000, 0x0000000084f00000, 0x0000000085000000|  0%| F|  |TAMS 0x0000000084f00000, 0x0000000084f00000| Untracked 
|  50|0x0000000085000000, 0x0000000085000000, 0x0000000085100000|  0%| F|  |TAMS 0x0000000085000000, 0x0000000085000000| Untracked 
|  51|0x0000000085100000, 0x0000000085100000, 0x0000000085200000|  0%| F|  |TAMS 0x0000000085100000, 0x0000000085100000| Untracked 
|  52|0x0000000085200000, 0x0000000085200000, 0x0000000085300000|  0%| F|  |TAMS 0x0000000085200000, 0x0000000085200000| Untracked 
|  53|0x0000000085300000, 0x0000000085300000, 0x0000000085400000|  0%| F|  |TAMS 0x0000000085300000, 0x0000000085300000| Untracked 
|  54|0x0000000085400000, 0x0000000085400000, 0x0000000085500000|  0%| F|  |TAMS 0x0000000085400000, 0x0000000085400000| Untracked 
|  55|0x0000000085500000, 0x0000000085500000, 0x0000000085600000|  0%| F|  |TAMS 0x0000000085500000, 0x0000000085500000| Untracked 
|  56|0x0000000085600000, 0x0000000085600000, 0x0000000085700000|  0%| F|  |TAMS 0x0000000085600000, 0x0000000085600000| Untracked 
|  57|0x0000000085700000, 0x0000000085700000, 0x0000000085800000|  0%| F|  |TAMS 0x0000000085700000, 0x0000000085700000| Untracked 
|  58|0x0000000085800000, 0x0000000085800000, 0x0000000085900000|  0%| F|  |TAMS 0x0000000085800000, 0x0000000085800000| Untracked 
|  59|0x0000000085900000, 0x0000000085900000, 0x0000000085a00000|  0%| F|  |TAMS 0x0000000085900000, 0x0000000085900000| Untracked 
|  60|0x0000000085a00000, 0x0000000085a00000, 0x0000000085b00000|  0%| F|  |TAMS 0x0000000085a00000, 0x0000000085a00000| Untracked 
|  61|0x0000000085b00000, 0x0000000085b00000, 0x0000000085c00000|  0%| F|  |TAMS 0x0000000085b00000, 0x0000000085b00000| Untracked 
|  62|0x0000000085c00000, 0x0000000085c00000, 0x0000000085d00000|  0%| F|  |TAMS 0x0000000085c00000, 0x0000000085c00000| Untracked 
|  63|0x0000000085d00000, 0x0000000085d00000, 0x0000000085e00000|  0%| F|  |TAMS 0x0000000085d00000, 0x0000000085d00000| Untracked 
|  64|0x0000000085e00000, 0x0000000085e00000, 0x0000000085f00000|  0%| F|  |TAMS 0x0000000085e00000, 0x0000000085e00000| Untracked 
|  65|0x0000000085f00000, 0x0000000085f00000, 0x0000000086000000|  0%| F|  |TAMS 0x0000000085f00000, 0x0000000085f00000| Untracked 
|  66|0x0000000086000000, 0x0000000086000000, 0x0000000086100000|  0%| F|  |TAMS 0x0000000086000000, 0x0000000086000000| Untracked 
|  67|0x0000000086100000, 0x0000000086100000, 0x0000000086200000|  0%| F|  |TAMS 0x0000000086100000, 0x0000000086100000| Untracked 
|  68|0x0000000086200000, 0x0000000086200000, 0x0000000086300000|  0%| F|  |TAMS 0x0000000086200000, 0x0000000086200000| Untracked 
|  69|0x0000000086300000, 0x000000008634b430, 0x0000000086400000| 29%| E|  |TAMS 0x0000000086300000, 0x0000000086300000| Complete 
|  70|0x0000000086400000, 0x0000000086500000, 0x0000000086500000|100%| E|CS|TAMS 0x0000000086400000, 0x0000000086400000| Complete 
|  71|0x0000000086500000, 0x0000000086600000, 0x0000000086600000|100%| E|CS|TAMS 0x0000000086500000, 0x0000000086500000| Complete 
|  72|0x0000000086600000, 0x0000000086700000, 0x0000000086700000|100%| E|CS|TAMS 0x0000000086600000, 0x0000000086600000| Complete 
|  73|0x0000000086700000, 0x0000000086800000, 0x0000000086800000|100%| E|CS|TAMS 0x0000000086700000, 0x0000000086700000| Complete 
|  74|0x0000000086800000, 0x0000000086900000, 0x0000000086900000|100%| E|CS|TAMS 0x0000000086800000, 0x0000000086800000| Complete 
|  75|0x0000000086900000, 0x0000000086a00000, 0x0000000086a00000|100%| E|CS|TAMS 0x0000000086900000, 0x0000000086900000| Complete 
|  76|0x0000000086a00000, 0x0000000086b00000, 0x0000000086b00000|100%| E|CS|TAMS 0x0000000086a00000, 0x0000000086a00000| Complete 
|  77|0x0000000086b00000, 0x0000000086c00000, 0x0000000086c00000|100%| E|CS|TAMS 0x0000000086b00000, 0x0000000086b00000| Complete 
|  78|0x0000000086c00000, 0x0000000086d00000, 0x0000000086d00000|100%| E|CS|TAMS 0x0000000086c00000, 0x0000000086c00000| Complete 
|  79|0x0000000086d00000, 0x0000000086e00000, 0x0000000086e00000|100%| E|CS|TAMS 0x0000000086d00000, 0x0000000086d00000| Complete 
|  80|0x0000000086e00000, 0x0000000086f00000, 0x0000000086f00000|100%| E|CS|TAMS 0x0000000086e00000, 0x0000000086e00000| Complete 
|  81|0x0000000086f00000, 0x0000000087000000, 0x0000000087000000|100%| E|CS|TAMS 0x0000000086f00000, 0x0000000086f00000| Complete 
|  82|0x0000000087000000, 0x0000000087100000, 0x0000000087100000|100%| E|CS|TAMS 0x0000000087000000, 0x0000000087000000| Complete 
|  83|0x0000000087100000, 0x0000000087200000, 0x0000000087200000|100%| E|CS|TAMS 0x0000000087100000, 0x0000000087100000| Complete 
|  84|0x0000000087200000, 0x0000000087300000, 0x0000000087300000|100%| E|CS|TAMS 0x0000000087200000, 0x0000000087200000| Complete 
|  85|0x0000000087300000, 0x0000000087400000, 0x0000000087400000|100%| E|CS|TAMS 0x0000000087300000, 0x0000000087300000| Complete 
|  86|0x0000000087400000, 0x0000000087500000, 0x0000000087500000|100%| E|CS|TAMS 0x0000000087400000, 0x0000000087400000| Complete 
|  87|0x0000000087500000, 0x0000000087600000, 0x0000000087600000|100%| E|CS|TAMS 0x0000000087500000, 0x0000000087500000| Complete 
|  88|0x0000000087600000, 0x0000000087700000, 0x0000000087700000|100%| E|CS|TAMS 0x0000000087600000, 0x0000000087600000| Complete 
|  89|0x0000000087700000, 0x0000000087800000, 0x0000000087800000|100%| E|CS|TAMS 0x0000000087700000, 0x0000000087700000| Complete 
|  90|0x0000000087800000, 0x0000000087900000, 0x0000000087900000|100%| E|CS|TAMS 0x0000000087800000, 0x0000000087800000| Complete 
|  91|0x0000000087900000, 0x0000000087a00000, 0x0000000087a00000|100%| E|CS|TAMS 0x0000000087900000, 0x0000000087900000| Complete 
|  92|0x0000000087a00000, 0x0000000087b00000, 0x0000000087b00000|100%| E|CS|TAMS 0x0000000087a00000, 0x0000000087a00000| Complete 
|  93|0x0000000087b00000, 0x0000000087c00000, 0x0000000087c00000|100%| E|CS|TAMS 0x0000000087b00000, 0x0000000087b00000| Complete 
|  94|0x0000000087c00000, 0x0000000087d00000, 0x0000000087d00000|100%| E|CS|TAMS 0x0000000087c00000, 0x0000000087c00000| Complete 
|  95|0x0000000087d00000, 0x0000000087e00000, 0x0000000087e00000|100%| E|CS|TAMS 0x0000000087d00000, 0x0000000087d00000| Complete 
|  96|0x0000000087e00000, 0x0000000087f00000, 0x0000000087f00000|100%| E|CS|TAMS 0x0000000087e00000, 0x0000000087e00000| Complete 
|  97|0x0000000087f00000, 0x0000000088000000, 0x0000000088000000|100%| E|CS|TAMS 0x0000000087f00000, 0x0000000087f00000| Complete 
|  98|0x0000000088000000, 0x0000000088100000, 0x0000000088100000|100%| E|CS|TAMS 0x0000000088000000, 0x0000000088000000| Complete 
|  99|0x0000000088100000, 0x0000000088200000, 0x0000000088200000|100%| E|CS|TAMS 0x0000000088100000, 0x0000000088100000| Complete 
| 100|0x0000000088200000, 0x0000000088300000, 0x0000000088300000|100%| E|CS|TAMS 0x0000000088200000, 0x0000000088200000| Complete 
| 101|0x0000000088300000, 0x0000000088400000, 0x0000000088400000|100%| E|CS|TAMS 0x0000000088300000, 0x0000000088300000| Complete 
| 102|0x0000000088400000, 0x0000000088500000, 0x0000000088500000|100%| E|  |TAMS 0x0000000088400000, 0x0000000088400000| Complete 
| 103|0x0000000088500000, 0x0000000088600000, 0x0000000088600000|100%| E|CS|TAMS 0x0000000088500000, 0x0000000088500000| Complete 
| 104|0x0000000088600000, 0x0000000088700000, 0x0000000088700000|100%| E|CS|TAMS 0x0000000088600000, 0x0000000088600000| Complete 
| 105|0x0000000088700000, 0x0000000088800000, 0x0000000088800000|100%| E|CS|TAMS 0x0000000088700000, 0x0000000088700000| Complete 
| 106|0x0000000088800000, 0x0000000088900000, 0x0000000088900000|100%| S|CS|TAMS 0x0000000088800000, 0x0000000088800000| Complete 
| 107|0x0000000088900000, 0x0000000088a00000, 0x0000000088a00000|100%| S|CS|TAMS 0x0000000088900000, 0x0000000088900000| Complete 
| 108|0x0000000088a00000, 0x0000000088b00000, 0x0000000088b00000|100%| S|CS|TAMS 0x0000000088a00000, 0x0000000088a00000| Complete 
| 109|0x0000000088b00000, 0x0000000088c00000, 0x0000000088c00000|100%| E|CS|TAMS 0x0000000088b00000, 0x0000000088b00000| Complete 
| 110|0x0000000088c00000, 0x0000000088d00000, 0x0000000088d00000|100%| E|CS|TAMS 0x0000000088c00000, 0x0000000088c00000| Complete 
| 111|0x0000000088d00000, 0x0000000088e00000, 0x0000000088e00000|100%| E|CS|TAMS 0x0000000088d00000, 0x0000000088d00000| Complete 
| 112|0x0000000088e00000, 0x0000000088f00000, 0x0000000088f00000|100%| E|CS|TAMS 0x0000000088e00000, 0x0000000088e00000| Complete 
| 113|0x0000000088f00000, 0x0000000089000000, 0x0000000089000000|100%| E|CS|TAMS 0x0000000088f00000, 0x0000000088f00000| Complete 
| 114|0x0000000089000000, 0x0000000089100000, 0x0000000089100000|100%| E|CS|TAMS 0x0000000089000000, 0x0000000089000000| Complete 
| 115|0x0000000089100000, 0x0000000089200000, 0x0000000089200000|100%| E|CS|TAMS 0x0000000089100000, 0x0000000089100000| Complete 
| 116|0x0000000089200000, 0x0000000089300000, 0x0000000089300000|100%| E|CS|TAMS 0x0000000089200000, 0x0000000089200000| Complete 
| 117|0x0000000089300000, 0x0000000089400000, 0x0000000089400000|100%| E|CS|TAMS 0x0000000089300000, 0x0000000089300000| Complete 
| 118|0x0000000089400000, 0x0000000089500000, 0x0000000089500000|100%| E|CS|TAMS 0x0000000089400000, 0x0000000089400000| Complete 
| 119|0x0000000089500000, 0x0000000089600000, 0x0000000089600000|100%| E|CS|TAMS 0x0000000089500000, 0x0000000089500000| Complete 
| 120|0x0000000089600000, 0x0000000089700000, 0x0000000089700000|100%| E|CS|TAMS 0x0000000089600000, 0x0000000089600000| Complete 
| 121|0x0000000089700000, 0x0000000089800000, 0x0000000089800000|100%| E|CS|TAMS 0x0000000089700000, 0x0000000089700000| Complete 
| 122|0x0000000089800000, 0x0000000089900000, 0x0000000089900000|100%| E|CS|TAMS 0x0000000089800000, 0x0000000089800000| Complete 
| 123|0x0000000089900000, 0x0000000089a00000, 0x0000000089a00000|100%| E|CS|TAMS 0x0000000089900000, 0x0000000089900000| Complete 
| 124|0x0000000089a00000, 0x0000000089b00000, 0x0000000089b00000|100%| E|CS|TAMS 0x0000000089a00000, 0x0000000089a00000| Complete 
| 125|0x0000000089b00000, 0x0000000089c00000, 0x0000000089c00000|100%| E|CS|TAMS 0x0000000089b00000, 0x0000000089b00000| Complete 
| 126|0x0000000089c00000, 0x0000000089d00000, 0x0000000089d00000|100%| E|CS|TAMS 0x0000000089c00000, 0x0000000089c00000| Complete 
| 127|0x0000000089d00000, 0x0000000089e00000, 0x0000000089e00000|100%| E|CS|TAMS 0x0000000089d00000, 0x0000000089d00000| Complete 

Card table byte_map: [0x000001ea7e840000,0x000001ea7ec40000] _byte_map_base: 0x000001ea7e431000

Marking Bits (Prev, Next): (CMBitMap*) 0x000001ea7e3d0870, (CMBitMap*) 0x000001ea7e3d08b0
 Prev Bits: [0x000001ea16870000, 0x000001ea187f8000)
 Next Bits: [0x000001ea18800000, 0x000001ea1a788000)

Polling page: 0x000001ea7c310000

Metaspace:

Usage:
  Non-class:     15.74 MB used.
      Class:      2.61 MB used.
       Both:     18.34 MB used.

Virtual space:
  Non-class space:       64.00 MB reserved,      15.94 MB ( 25%) committed,  1 nodes.
      Class space:        1.00 GB reserved,       2.75 MB ( <1%) committed,  1 nodes.
             Both:        1.06 GB reserved,      18.69 MB (  2%) committed. 

Chunk freelists:
   Non-Class:  31.00 KB
       Class:  1.13 MB
        Both:  1.16 MB

MaxMetaspaceSize: unlimited
CompressedClassSpaceSize: 1.00 GB
Initial GC threshold: 21.00 MB
Current GC threshold: 21.00 MB
CDS: on
MetaspaceReclaimPolicy: balanced
 - commit_granule_bytes: 65536.
 - commit_granule_words: 8192.
 - virtual_space_node_default_size: 8388608.
 - enlarge_chunks_in_place: 1.
 - new_chunks_are_fully_committed: 0.
 - uncommit_free_chunks: 1.
 - use_allocation_guard: 0.


Internal statistics:

num_allocs_failed_limit: 0.
num_arena_births: 384.
num_arena_deaths: 0.
num_vsnodes_births: 2.
num_vsnodes_deaths: 0.
num_space_committed: 299.
num_space_uncommitted: 0.
num_chunks_returned_to_freelist: 0.
num_chunks_taken_from_freelist: 1026.
num_chunk_merges: 0.
num_chunk_splits: 706.
num_chunks_enlarged: 524.
num_inconsistent_stats: 0.

CodeHeap 'non-profiled nmethods': size=120000Kb used=2105Kb max_used=2105Kb free=117894Kb
 bounds [0x000001ea0f340000, 0x000001ea0f5b0000, 0x000001ea16870000]
CodeHeap 'profiled nmethods': size=120000Kb used=8838Kb max_used=8838Kb free=111161Kb
 bounds [0x000001ea07e10000, 0x000001ea086c0000, 0x000001ea0f340000]
CodeHeap 'non-nmethods': size=5760Kb used=1447Kb max_used=1512Kb free=4312Kb
 bounds [0x000001ea07870000, 0x000001ea07ae0000, 0x000001ea07e10000]
 total_blobs=5220 nmethods=4419 adapters=713
 compilation: enabled
              stopped_count=0, restarted_count=0
 full_count=0

Compilation events (20 events):
Event: 331.336 Thread 0x000001ea7f509f70 nmethod 4412 0x000001ea0f54d910 code [0x000001ea0f54daa0, 0x000001ea0f54db78]
Event: 331.336 Thread 0x000001ea7f504e50 nmethod 4411 0x000001ea0f54dc10 code [0x000001ea0f54dd80, 0x000001ea0f54de18]
Event: 331.336 Thread 0x000001ea7f509f70 4413   !   3       com.sun.javafx.reflect.MethodUtil::invoke (111 bytes)
Event: 331.341 Thread 0x000001ea7f504e50 4420       4       javafx.scene.Parent::setChildDirty (74 bytes)
Event: 331.343 Thread 0x000001ea7f504e50 nmethod 4420 0x000001ea0f54df10 code [0x000001ea0f54e0a0, 0x000001ea0f54e1c8]
Event: 331.344 Thread 0x000001ea7f504e50 4421       4       javafx.beans.property.IntegerPropertyBase::get (29 bytes)
Event: 331.345 Thread 0x000001ea7f509f70 nmethod 4413 0x000001ea0869f910 code [0x000001ea086a0400, 0x000001ea086a7838]
Event: 331.345 Thread 0x000001ea7f509f70 4419       3       com.sun.org.apache.xerces.internal.util.SymbolTable::addSymbol (110 bytes)
Event: 331.345 Thread 0x000001ea7f509f70 nmethod 4419 0x000001ea086ada10 code [0x000001ea086adc00, 0x000001ea086ae078]
Event: 331.345 Thread 0x000001ea7f509f70 4416       3       javax.xml.stream.util.StreamReaderDelegate::hasNext (10 bytes)
Event: 331.345 Thread 0x000001ea7f509f70 nmethod 4416 0x000001ea086ae310 code [0x000001ea086ae4c0, 0x000001ea086ae688]
Event: 331.345 Thread 0x000001ea7f509f70 4417       3       javax.xml.stream.util.StreamReaderDelegate::next (10 bytes)
Event: 331.345 Thread 0x000001ea7f509f70 nmethod 4417 0x000001ea086ae790 code [0x000001ea086ae940, 0x000001ea086aeb08]
Event: 331.345 Thread 0x000001ea7f509f70 4418   !   3       com.sun.org.apache.xerces.internal.impl.XMLStreamReaderImpl::next (288 bytes)
Event: 331.346 Thread 0x000001ea7f504e50 nmethod 4421 0x000001ea0f54e310 code [0x000001ea0f54e4a0, 0x000001ea0f54e5d8]
Event: 331.346 Thread 0x000001ea7f509f70 nmethod 4418 0x000001ea086aec10 code [0x000001ea086aef80, 0x000001ea086b0468]
Event: 331.347 Thread 0x000001ea7f509f70 4414       3       java.lang.invoke.DirectMethodHandle$Holder::invokeStatic (18 bytes)
Event: 331.347 Thread 0x000001ea7f509f70 nmethod 4414 0x000001ea086b0d10 code [0x000001ea086b0ee0, 0x000001ea086b1298]
Event: 331.347 Thread 0x000001ea7f509f70 4415       3       javafx.scene.Node$LazyBoundsProperty::<init> (5 bytes)
Event: 331.347 Thread 0x000001ea7f509f70 nmethod 4415 0x000001ea086b1410 code [0x000001ea086b15c0, 0x000001ea086b17f8]

GC Heap History (4 events):
Event: 0.982 GC heap before
{Heap before GC invocations=0 (full 0):
 garbage-first heap   total 131072K, used 13312K [0x0000000081e00000, 0x0000000100000000)
  region size 1024K, 13 young (13312K), 0 survivors (0K)
 Metaspace       used 2778K, committed 2944K, reserved 1114112K
  class space    used 288K, committed 384K, reserved 1048576K
}
Event: 0.985 GC heap after
{Heap after GC invocations=1 (full 0):
 garbage-first heap   total 131072K, used 2183K [0x0000000081e00000, 0x0000000100000000)
  region size 1024K, 2 young (2048K), 2 survivors (2048K)
 Metaspace       used 2778K, committed 2944K, reserved 1114112K
  class space    used 288K, committed 384K, reserved 1048576K
}
Event: 1.488 GC heap before
{Heap before GC invocations=1 (full 0):
 garbage-first heap   total 131072K, used 18567K [0x0000000081e00000, 0x0000000100000000)
  region size 1024K, 19 young (19456K), 2 survivors (2048K)
 Metaspace       used 8256K, committed 8512K, reserved 1114112K
  class space    used 1046K, committed 1152K, reserved 1048576K
}
Event: 1.495 GC heap after
{Heap after GC invocations=2 (full 0):
 garbage-first heap   total 131072K, used 5333K [0x0000000081e00000, 0x0000000100000000)
  region size 1024K, 3 young (3072K), 3 survivors (3072K)
 Metaspace       used 8256K, committed 8512K, reserved 1114112K
  class space    used 1046K, committed 1152K, reserved 1048576K
}

Deoptimization events (20 events):
Event: 177.912 Thread 0x000001ea217bb4b0 DEOPT PACKING pc=0x000001ea0f523798 sp=0x000000b66d6fbd80
Event: 177.912 Thread 0x000001ea217bb4b0 DEOPT UNPACKING pc=0x000001ea078c23a3 sp=0x000000b66d6fbd60 mode 2
Event: 177.912 Thread 0x000001ea217bb4b0 Uncommon trap: trap_request=0xffffffde fr.pc=0x000001ea0f523798 relative=0x0000000000001658
Event: 177.913 Thread 0x000001ea217bb4b0 Uncommon trap: reason=class_check action=maybe_recompile pc=0x000001ea0f523798 method=javafx.scene.Node.buildEventDispatchChain(Ljavafx/event/EventDispatchChain;)Ljavafx/event/EventDispatchChain; @ 44 c2
Event: 177.913 Thread 0x000001ea217bb4b0 DEOPT PACKING pc=0x000001ea0f523798 sp=0x000000b66d6fbed0
Event: 177.913 Thread 0x000001ea217bb4b0 DEOPT UNPACKING pc=0x000001ea078c23a3 sp=0x000000b66d6fbeb0 mode 2
Event: 177.914 Thread 0x000001ea217bb4b0 Uncommon trap: trap_request=0xffffffde fr.pc=0x000001ea0f523798 relative=0x0000000000001658
Event: 177.914 Thread 0x000001ea217bb4b0 Uncommon trap: reason=class_check action=maybe_recompile pc=0x000001ea0f523798 method=javafx.scene.Node.buildEventDispatchChain(Ljavafx/event/EventDispatchChain;)Ljavafx/event/EventDispatchChain; @ 44 c2
Event: 177.914 Thread 0x000001ea217bb4b0 DEOPT PACKING pc=0x000001ea0f523798 sp=0x000000b66d6fbed0
Event: 177.914 Thread 0x000001ea217bb4b0 DEOPT UNPACKING pc=0x000001ea078c23a3 sp=0x000000b66d6fbeb0 mode 2
Event: 331.011 Thread 0x000001ea217bb4b0 DEOPT PACKING pc=0x000001ea07e987d6 sp=0x000000b66d6fb120
Event: 331.011 Thread 0x000001ea217bb4b0 DEOPT UNPACKING pc=0x000001ea078c2b43 sp=0x000000b66d6fa5c0 mode 0
Event: 349.012 Thread 0x000001ea22013840 Uncommon trap: trap_request=0xffffff45 fr.pc=0x000001ea0f4ec3dc relative=0x000000000000015c
Event: 349.012 Thread 0x000001ea22013840 Uncommon trap: reason=unstable_if action=reinterpret pc=0x000001ea0f4ec3dc method=java.util.concurrent.locks.ReentrantLock$NonfairSync.initialTryLock()Z @ 10 c2
Event: 349.012 Thread 0x000001ea22013840 DEOPT PACKING pc=0x000001ea0f4ec3dc sp=0x000000b66dbff0a0
Event: 349.012 Thread 0x000001ea22013840 DEOPT UNPACKING pc=0x000001ea078c23a3 sp=0x000000b66dbff048 mode 2
Event: 349.012 Thread 0x000001ea22013840 Uncommon trap: trap_request=0xffffff45 fr.pc=0x000001ea0f52a460 relative=0x0000000000000140
Event: 349.012 Thread 0x000001ea22013840 Uncommon trap: reason=unstable_if action=reinterpret pc=0x000001ea0f52a460 method=java.util.concurrent.locks.ReentrantLock$Sync.tryRelease(I)Z @ 26 c2
Event: 349.012 Thread 0x000001ea22013840 DEOPT PACKING pc=0x000001ea0f52a460 sp=0x000000b66dbff0e0
Event: 349.012 Thread 0x000001ea22013840 DEOPT UNPACKING pc=0x000001ea078c23a3 sp=0x000000b66dbfefd0 mode 2

Classes loaded (20 events):
Event: 8.068 Loading class java/io/ObjectInputStream$GetField done
Event: 8.068 Loading class java/io/ObjectInputStream$FieldValues done
Event: 156.450 Loading class java/util/BitSet
Event: 156.450 Loading class java/util/BitSet done
Event: 156.482 Loading class sun/reflect/generics/tree/BottomSignature
Event: 156.482 Loading class sun/reflect/generics/tree/BottomSignature done
Event: 156.482 Loading class sun/reflect/generics/tree/Wildcard
Event: 156.482 Loading class sun/reflect/generics/tree/Wildcard done
Event: 156.482 Loading class sun/reflect/generics/reflectiveObjects/WildcardTypeImpl
Event: 156.482 Loading class java/lang/reflect/WildcardType
Event: 156.482 Loading class java/lang/reflect/WildcardType done
Event: 156.482 Loading class sun/reflect/generics/reflectiveObjects/WildcardTypeImpl done
Event: 156.981 Loading class java/util/function/UnaryOperator
Event: 156.981 Loading class java/util/function/UnaryOperator done
Event: 156.982 Loading class java/io/SerialCallbackContext
Event: 156.982 Loading class java/io/SerialCallbackContext done
Event: 156.985 Loading class java/io/ObjectStreamClass$ExceptionInfo
Event: 156.985 Loading class java/io/ObjectStreamClass$ExceptionInfo done
Event: 349.008 Loading class jdk/internal/misc/Signal$1
Event: 349.008 Loading class jdk/internal/misc/Signal$1 done

Classes unloaded (0 events):
No events

Classes redefined (0 events):
No events

Internal exceptions (20 events):
Event: 1.896 Thread 0x000001ea217bb4b0 Exception <a 'java/lang/ClassNotFoundException'{0x00000000892777e0}: com/sun/javafx/scene/control/skin/resources/controls_ru_RU> (0x00000000892777e0) 
thrown [s\open\src\hotspot\share\prims\jni.cpp, line 535]
Event: 1.960 Thread 0x000001ea217bb4b0 Exception <a 'java/lang/NoSuchMethodError'{0x000000008905a358}: 'void java.lang.invoke.DirectMethodHandle$Holder.invokeSpecial(java.lang.Object, java.lang.Object, java.lang.Object, java.lang.Object, java.lang.Object, java.lang.Object)'> (0x000000008905a358) 
thrown [s\open\src\hotspot\share\interpreter\linkResolver.cpp, line 759]
Event: 1.964 Thread 0x000001ea217bb4b0 Exception <a 'java/lang/NoSuchMethodError'{0x000000008907af10}: 'java.lang.Object java.lang.invoke.DirectMethodHandle$Holder.invokeInterface(java.lang.Object, java.lang.Object, java.lang.Object)'> (0x000000008907af10) 
thrown [s\open\src\hotspot\share\interpreter\linkResolver.cpp, line 759]
Event: 1.965 Thread 0x000001ea217bb4b0 Exception <a 'java/lang/IncompatibleClassChangeError'{0x000000008907e890}: Found class java.lang.Object, but interface was expected> (0x000000008907e890) 
thrown [s\open\src\hotspot\share\interpreter\linkResolver.cpp, line 826]
Event: 2.118 Thread 0x000001ea217bb4b0 Exception <a 'java/lang/NoSuchMethodError'{0x0000000088b716b0}: 'int java.lang.invoke.DirectMethodHandle$Holder.invokeSpecial(java.lang.Object, java.lang.Object, int)'> (0x0000000088b716b0) 
thrown [s\open\src\hotspot\share\interpreter\linkResolver.cpp, line 759]
Event: 2.131 Thread 0x000001ea217bb4b0 Exception <a 'java/lang/NoSuchMethodError'{0x0000000088bb0570}: 'java.lang.Object java.lang.invoke.DirectMethodHandle$Holder.newInvokeSpecial(java.lang.Object, java.lang.Object, int)'> (0x0000000088bb0570) 
thrown [s\open\src\hotspot\share\interpreter\linkResolver.cpp, line 759]
Event: 2.165 Thread 0x000001ea21a22550 Exception <a 'java/lang/NoSuchMethodError'{0x00000000887b0630}: 'int java.lang.invoke.DirectMethodHandle$Holder.invokeStaticInit(java.lang.Object, java.lang.Object)'> (0x00000000887b0630) 
thrown [s\open\src\hotspot\share\interpreter\linkResolver.cpp, line 759]
Event: 2.180 Thread 0x000001ea217bb4b0 Exception <a 'java/lang/NoSuchMethodError'{0x0000000088621f50}: 'long java.lang.invoke.DirectMethodHandle$Holder.invokeStatic(java.lang.Object, java.lang.Object, java.lang.Object)'> (0x0000000088621f50) 
thrown [s\open\src\hotspot\share\interpreter\linkResolver.cpp, line 759]
Event: 2.181 Thread 0x000001ea217bb4b0 Exception <a 'java/lang/NoSuchMethodError'{0x00000000886256f0}: 'long java.lang.invoke.DirectMethodHandle$Holder.invokeStaticInit(java.lang.Object, java.lang.Object, java.lang.Object)'> (0x00000000886256f0) 
thrown [s\open\src\hotspot\share\interpreter\linkResolver.cpp, line 759]
Event: 2.184 Thread 0x000001ea217bb4b0 Exception <a 'java/lang/NoSuchMethodError'{0x000000008863dd38}: 'java.lang.Object java.lang.invoke.DirectMethodHandle$Holder.newInvokeSpecial(java.lang.Object, java.lang.Object, long)'> (0x000000008863dd38) 
thrown [s\open\src\hotspot\share\interpreter\linkResolver.cpp, line 759]
Event: 2.185 Thread 0x000001ea217bb4b0 Exception <a 'java/lang/NoSuchMethodError'{0x00000000886418b0}: 'java.lang.Object java.lang.invoke.Invokers$Holder.linkToTargetMethod(java.lang.Object, long, java.lang.Object)'> (0x00000000886418b0) 
thrown [s\open\src\hotspot\share\interpreter\linkResolver.cpp, line 759]
Event: 2.359 Thread 0x000001ea21a22550 Exception <a 'java/lang/NoSuchMethodError'{0x00000000883be5c8}: 'java.lang.Object java.lang.invoke.DirectMethodHandle$Holder.invokeStaticInit(java.lang.Object, int)'> (0x00000000883be5c8) 
thrown [s\open\src\hotspot\share\interpreter\linkResolver.cpp, line 759]
Event: 5.324 Thread 0x000001ea217bb4b0 Exception <a 'java/lang/NoSuchMethodError'{0x0000000088061fc0}: 'java.lang.Object java.lang.invoke.DirectMethodHandle$Holder.newInvokeSpecial(java.lang.Object, java.lang.Object, int, int, int, int, int, java.lang.Object)'> (0x0000000088061fc0) 
thrown [s\open\src\hotspot\share\interpreter\linkResolver.cpp, line 759]
Event: 5.325 Thread 0x000001ea217bb4b0 Exception <a 'java/lang/NoSuchMethodError'{0x0000000088074fa0}: 'java.lang.Object java.lang.invoke.DirectMethodHandle$Holder.newInvokeSpecial(java.lang.Object, java.lang.Object, java.lang.Object, int, int, int, int, int)'> (0x0000000088074fa0) 
thrown [s\open\src\hotspot\share\interpreter\linkResolver.cpp, line 759]
Event: 5.325 Thread 0x000001ea217bb4b0 Exception <a 'java/lang/NoSuchMethodError'{0x000000008807c808}: 'java.lang.Object java.lang.invoke.Invokers$Holder.linkToTargetMethod(java.lang.Object, java.lang.Object, int, int, int, int, int, java.lang.Object)'> (0x000000008807c808) 
thrown [s\open\src\hotspot\share\interpreter\linkResolver.cpp, line 759]
Event: 7.069 Thread 0x000001ea217bb4b0 Exception <a 'java/lang/NoSuchMethodError'{0x0000000087eabf20}: 'long java.lang.invoke.DirectMethodHandle$Holder.invokeSpecial(java.lang.Object, java.lang.Object)'> (0x0000000087eabf20) 
thrown [s\open\src\hotspot\share\interpreter\linkResolver.cpp, line 759]
Event: 7.070 Thread 0x000001ea217bb4b0 Exception <a 'java/lang/NoSuchMethodError'{0x0000000087eaf860}: 'long java.lang.invoke.Invokers$Holder.invokeExact_MT(java.lang.Object, java.lang.Object)'> (0x0000000087eaf860) 
thrown [s\open\src\hotspot\share\interpreter\linkResolver.cpp, line 759]
Event: 156.994 Thread 0x000001ea217bb4b0 Implicit null exception at 0x000001ea0f48f8d0 to 0x000001ea0f48f934
Event: 157.153 Thread 0x000001ea217bb4b0 Exception <a 'java/lang/NoSuchMethodError'{0x0000000086f9d2e8}: 'int java.lang.invoke.DirectMethodHandle$Holder.invokeVirtual(java.lang.Object, java.lang.Object)'> (0x0000000086f9d2e8) 
thrown [s\open\src\hotspot\share\interpreter\linkResolver.cpp, line 759]
Event: 157.361 Thread 0x000001ea217bb4b0 Implicit null exception at 0x000001ea0f4808c0 to 0x000001ea0f481828

VM Operations (20 events):
Event: 171.528 Executing VM operation: Cleanup done
Event: 172.528 Executing VM operation: Cleanup
Event: 172.528 Executing VM operation: Cleanup done
Event: 175.530 Executing VM operation: Cleanup
Event: 175.530 Executing VM operation: Cleanup done
Event: 178.531 Executing VM operation: Cleanup
Event: 178.531 Executing VM operation: Cleanup done
Event: 179.531 Executing VM operation: Cleanup
Event: 179.531 Executing VM operation: Cleanup done
Event: 179.533 Executing VM operation: HandshakeAllThreads
Event: 179.533 Executing VM operation: HandshakeAllThreads done
Event: 180.534 Executing VM operation: Cleanup
Event: 180.534 Executing VM operation: Cleanup done
Event: 316.597 Executing VM operation: Cleanup
Event: 316.597 Executing VM operation: Cleanup done
Event: 317.597 Executing VM operation: Cleanup
Event: 317.598 Executing VM operation: Cleanup done
Event: 331.607 Executing VM operation: Cleanup
Event: 331.608 Executing VM operation: Cleanup done
Event: 349.013 Executing VM operation: Exit

Events (20 events):
Event: 0.911 Thread 0x000001ea21a22550 Thread added: 0x000001ea21a22550
Event: 0.922 Loaded shared library C:\Program Files\Java\openjfx-19_windows-x64_bin-sdk\javafx-sdk-19\bin\prism_d3d.dll
Event: 0.973 Loaded shared library C:\Program Files\Java\openjfx-19_windows-x64_bin-sdk\javafx-sdk-19\bin\glass.dll
Event: 0.976 Thread 0x000001ea217c55e0 Thread added: 0x000001ea217c55e0
Event: 0.981 Thread 0x000001ea217bb4b0 Thread added: 0x000001ea217bb4b0
Event: 1.089 Thread 0x000001ea2155b330 Thread added: 0x000001ea2155b330
Event: 1.098 Loaded shared library C:\Program Files\Java\jdk-18.0.2.1\bin\jimage.dll
Event: 1.117 Thread 0x000001ea2154e110 Thread added: 0x000001ea2154e110
Event: 1.412 Loaded shared library C:\Program Files\Java\openjfx-19_windows-x64_bin-sdk\javafx-sdk-19\bin\javafx_font.dll
Event: 1.995 Thread 0x000001ea21558b80 Thread added: 0x000001ea21558b80
Event: 2.231 Thread 0x000001ea21557370 Thread added: 0x000001ea21557370
Event: 2.232 Thread 0x000001ea209b9e20 Thread exited: 0x000001ea209b9e20
Event: 157.029 Thread 0x000001ea22054eb0 Thread added: 0x000001ea22054eb0
Event: 158.401 Thread 0x000001ea22054eb0 Thread exited: 0x000001ea22054eb0
Event: 349.009 Thread 0x000001ea22014b80 Thread added: 0x000001ea22014b80
Event: 349.009 Thread 0x000001ea22017200 Thread added: 0x000001ea22017200
Event: 349.009 Thread 0x000001ea22013840 Thread added: 0x000001ea22013840
Event: 349.012 Thread 0x000001ea22017200 Thread exited: 0x000001ea22017200
Event: 349.013 Thread 0x000001ea22013840 Thread exited: 0x000001ea22013840
Event: 349.013 Thread 0x000001ea7f502860 Thread exited: 0x000001ea7f502860


Dynamic libraries:
0x00007ff6acd90000 - 0x00007ff6acda0000 	C:\Program Files\Java\jdk-18.0.2.1\bin\java.exe
0x00007ff848650000 - 0x00007ff848848000 	C:\Windows\SYSTEM32\ntdll.dll
0x00007ff847850000 - 0x00007ff84790f000 	C:\Windows\System32\KERNEL32.DLL
0x00007ff845e80000 - 0x00007ff846152000 	C:\Windows\System32\KERNELBASE.dll
0x00007ff846160000 - 0x00007ff846260000 	C:\Windows\System32\ucrtbase.dll
0x00007ff8350a0000 - 0x00007ff8350b8000 	C:\Program Files\Java\jdk-18.0.2.1\bin\jli.dll
0x00007ff835080000 - 0x00007ff83509a000 	C:\Program Files\Java\jdk-18.0.2.1\bin\VCRUNTIME140.dll
0x00007ff8479b0000 - 0x00007ff847a5e000 	C:\Windows\System32\ADVAPI32.dll
0x00007ff848490000 - 0x00007ff84852e000 	C:\Windows\System32\msvcrt.dll
0x00007ff847910000 - 0x00007ff8479ac000 	C:\Windows\System32\sechost.dll
0x00007ff846d30000 - 0x00007ff846e55000 	C:\Windows\System32\RPCRT4.dll
0x00007ff846720000 - 0x00007ff8468bd000 	C:\Windows\System32\USER32.dll
0x00007ff845e50000 - 0x00007ff845e72000 	C:\Windows\System32\win32u.dll
0x00007ff8477c0000 - 0x00007ff8477eb000 	C:\Windows\System32\GDI32.dll
0x00007ff8238f0000 - 0x00007ff823b8a000 	C:\Windows\WinSxS\amd64_microsoft.windows.common-controls_6595b64144ccf1df_6.0.19041.1110_none_60b5254171f9507e\COMCTL32.dll
0x00007ff846590000 - 0x00007ff84669f000 	C:\Windows\System32\gdi32full.dll
0x00007ff8464f0000 - 0x00007ff84658d000 	C:\Windows\System32\msvcp_win.dll
0x00007ff840c50000 - 0x00007ff840c5a000 	C:\Windows\SYSTEM32\VERSION.dll
0x00007ff8468c0000 - 0x00007ff8468f2000 	C:\Windows\System32\IMM32.DLL
0x00007ff8341c0000 - 0x00007ff8341cc000 	C:\Program Files\Java\jdk-18.0.2.1\bin\vcruntime140_1.dll
0x00007ff81f3f0000 - 0x00007ff81f47d000 	C:\Program Files\Java\jdk-18.0.2.1\bin\msvcp140.dll
0x00007fffe4250000 - 0x00007fffe4e61000 	C:\Program Files\Java\jdk-18.0.2.1\bin\server\jvm.dll
0x00007ff847700000 - 0x00007ff847708000 	C:\Windows\System32\PSAPI.DLL
0x00007ff83e8c0000 - 0x00007ff83e8c9000 	C:\Windows\SYSTEM32\WSOCK32.dll
0x00007ff848240000 - 0x00007ff8482ab000 	C:\Windows\System32\WS2_32.dll
0x00007ff831470000 - 0x00007ff831497000 	C:\Windows\SYSTEM32\WINMM.dll
0x00007ff8445a0000 - 0x00007ff8445b2000 	C:\Windows\SYSTEM32\kernel.appcore.dll
0x00007ff82b1f0000 - 0x00007ff82b1fa000 	C:\Program Files\Java\jdk-18.0.2.1\bin\jimage.dll
0x00007ff844390000 - 0x00007ff844574000 	C:\Windows\SYSTEM32\DBGHELP.DLL
0x00007ff837c30000 - 0x00007ff837c5c000 	C:\Windows\SYSTEM32\dbgcore.DLL
0x00007ff845dc0000 - 0x00007ff845e42000 	C:\Windows\System32\bcryptPrimitives.dll
0x00007ff822d00000 - 0x00007ff822d0e000 	C:\Program Files\Java\jdk-18.0.2.1\bin\instrument.dll
0x00007ff82b1c0000 - 0x00007ff82b1e5000 	C:\Program Files\Java\jdk-18.0.2.1\bin\java.dll
0x00007ff8113b0000 - 0x00007ff811486000 	C:\Program Files\Java\jdk-18.0.2.1\bin\jsvml.dll
0x00007ff846f50000 - 0x00007ff847693000 	C:\Windows\System32\SHELL32.dll
0x00007ff843be0000 - 0x00007ff844372000 	C:\Windows\SYSTEM32\windows.storage.dll
0x00007ff846900000 - 0x00007ff846c54000 	C:\Windows\System32\combase.dll
0x00007ff8457b0000 - 0x00007ff8457e0000 	C:\Windows\SYSTEM32\Wldp.dll
0x00007ff8483e0000 - 0x00007ff84848d000 	C:\Windows\System32\SHCORE.dll
0x00007ff846ef0000 - 0x00007ff846f45000 	C:\Windows\System32\shlwapi.dll
0x00007ff845c90000 - 0x00007ff845caf000 	C:\Windows\SYSTEM32\profapi.dll
0x00007ff82b080000 - 0x00007ff82b093000 	C:\Program Files\Java\jdk-18.0.2.1\bin\net.dll
0x00007ff83b950000 - 0x00007ff83ba5c000 	C:\Windows\SYSTEM32\WINHTTP.dll
0x00007ff845510000 - 0x00007ff84557a000 	C:\Windows\system32\mswsock.dll
0x00007ff823000000 - 0x00007ff823016000 	C:\Program Files\Java\jdk-18.0.2.1\bin\nio.dll
0x00007ff821c30000 - 0x00007ff821c48000 	C:\Program Files\Java\jdk-18.0.2.1\bin\zip.dll
0x00007ff821c10000 - 0x00007ff821c2a000 	C:\Program Files\JetBrains\IntelliJ IDEA Community Edition 2022.2.1\bin\breakgen64.dll
0x000001ea1c7b0000 - 0x000001ea1c7b3000 	C:\Program Files\Java\openjfx-19_windows-x64_bin-sdk\javafx-sdk-19\bin\api-ms-win-core-console-l1-1-0.dll
0x000001ea1c7c0000 - 0x000001ea1c7c3000 	C:\Program Files\Java\openjfx-19_windows-x64_bin-sdk\javafx-sdk-19\bin\api-ms-win-core-console-l1-2-0.dll
0x000001ea1c7d0000 - 0x000001ea1c7d3000 	C:\Program Files\Java\openjfx-19_windows-x64_bin-sdk\javafx-sdk-19\bin\api-ms-win-core-datetime-l1-1-0.dll
0x000001ea1c7e0000 - 0x000001ea1c7e3000 	C:\Program Files\Java\openjfx-19_windows-x64_bin-sdk\javafx-sdk-19\bin\api-ms-win-core-debug-l1-1-0.dll
0x000001ea1c7f0000 - 0x000001ea1c7f3000 	C:\Program Files\Java\openjfx-19_windows-x64_bin-sdk\javafx-sdk-19\bin\api-ms-win-core-errorhandling-l1-1-0.dll
0x000001ea224e0000 - 0x000001ea224e4000 	C:\Program Files\Java\openjfx-19_windows-x64_bin-sdk\javafx-sdk-19\bin\api-ms-win-core-file-l1-1-0.dll
0x000001ea224f0000 - 0x000001ea224f3000 	C:\Program Files\Java\openjfx-19_windows-x64_bin-sdk\javafx-sdk-19\bin\api-ms-win-core-file-l1-2-0.dll
0x000001ea22500000 - 0x000001ea22503000 	C:\Program Files\Java\openjfx-19_windows-x64_bin-sdk\javafx-sdk-19\bin\api-ms-win-core-file-l2-1-0.dll
0x000001ea22510000 - 0x000001ea22513000 	C:\Program Files\Java\openjfx-19_windows-x64_bin-sdk\javafx-sdk-19\bin\api-ms-win-core-handle-l1-1-0.dll
0x000001ea22520000 - 0x000001ea22523000 	C:\Program Files\Java\openjfx-19_windows-x64_bin-sdk\javafx-sdk-19\bin\api-ms-win-core-heap-l1-1-0.dll
0x000001ea22530000 - 0x000001ea22533000 	C:\Program Files\Java\openjfx-19_windows-x64_bin-sdk\javafx-sdk-19\bin\api-ms-win-core-interlocked-l1-1-0.dll
0x000001ea22540000 - 0x000001ea22543000 	C:\Program Files\Java\openjfx-19_windows-x64_bin-sdk\javafx-sdk-19\bin\api-ms-win-core-libraryloader-l1-1-0.dll
0x000001ea22550000 - 0x000001ea22553000 	C:\Program Files\Java\openjfx-19_windows-x64_bin-sdk\javafx-sdk-19\bin\api-ms-win-core-localization-l1-2-0.dll
0x000001ea22560000 - 0x000001ea22563000 	C:\Program Files\Java\openjfx-19_windows-x64_bin-sdk\javafx-sdk-19\bin\api-ms-win-core-memory-l1-1-0.dll
0x000001ea22570000 - 0x000001ea22573000 	C:\Program Files\Java\openjfx-19_windows-x64_bin-sdk\javafx-sdk-19\bin\api-ms-win-core-namedpipe-l1-1-0.dll
0x000001ea22580000 - 0x000001ea22583000 	C:\Program Files\Java\openjfx-19_windows-x64_bin-sdk\javafx-sdk-19\bin\api-ms-win-core-processenvironment-l1-1-0.dll
0x000001ea22590000 - 0x000001ea22593000 	C:\Program Files\Java\openjfx-19_windows-x64_bin-sdk\javafx-sdk-19\bin\api-ms-win-core-processthreads-l1-1-0.dll
0x000001ea225a0000 - 0x000001ea225a3000 	C:\Program Files\Java\openjfx-19_windows-x64_bin-sdk\javafx-sdk-19\bin\api-ms-win-core-processthreads-l1-1-1.dll
0x000001ea225b0000 - 0x000001ea225b3000 	C:\Program Files\Java\openjfx-19_windows-x64_bin-sdk\javafx-sdk-19\bin\api-ms-win-core-profile-l1-1-0.dll
0x000001ea225c0000 - 0x000001ea225c3000 	C:\Program Files\Java\openjfx-19_windows-x64_bin-sdk\javafx-sdk-19\bin\api-ms-win-core-rtlsupport-l1-1-0.dll
0x000001ea225d0000 - 0x000001ea225d3000 	C:\Program Files\Java\openjfx-19_windows-x64_bin-sdk\javafx-sdk-19\bin\api-ms-win-core-string-l1-1-0.dll
0x000001ea225e0000 - 0x000001ea225e3000 	C:\Program Files\Java\openjfx-19_windows-x64_bin-sdk\javafx-sdk-19\bin\api-ms-win-core-synch-l1-1-0.dll
0x000001ea225f0000 - 0x000001ea225f3000 	C:\Program Files\Java\openjfx-19_windows-x64_bin-sdk\javafx-sdk-19\bin\api-ms-win-core-synch-l1-2-0.dll
0x000001ea22600000 - 0x000001ea22603000 	C:\Program Files\Java\openjfx-19_windows-x64_bin-sdk\javafx-sdk-19\bin\api-ms-win-core-sysinfo-l1-1-0.dll
0x000001ea22610000 - 0x000001ea22613000 	C:\Program Files\Java\openjfx-19_windows-x64_bin-sdk\javafx-sdk-19\bin\api-ms-win-core-timezone-l1-1-0.dll
0x000001ea22620000 - 0x000001ea22623000 	C:\Program Files\Java\openjfx-19_windows-x64_bin-sdk\javafx-sdk-19\bin\api-ms-win-core-util-l1-1-0.dll
0x000001ea22630000 - 0x000001ea22633000 	C:\Program Files\Java\openjfx-19_windows-x64_bin-sdk\javafx-sdk-19\bin\api-ms-win-crt-conio-l1-1-0.dll
0x000001ea22640000 - 0x000001ea22644000 	C:\Program Files\Java\openjfx-19_windows-x64_bin-sdk\javafx-sdk-19\bin\api-ms-win-crt-convert-l1-1-0.dll
0x000001ea22650000 - 0x000001ea22653000 	C:\Program Files\Java\openjfx-19_windows-x64_bin-sdk\javafx-sdk-19\bin\api-ms-win-crt-environment-l1-1-0.dll
0x000001ea22660000 - 0x000001ea22663000 	C:\Program Files\Java\openjfx-19_windows-x64_bin-sdk\javafx-sdk-19\bin\api-ms-win-crt-filesystem-l1-1-0.dll
0x000001ea22670000 - 0x000001ea22673000 	C:\Program Files\Java\openjfx-19_windows-x64_bin-sdk\javafx-sdk-19\bin\api-ms-win-crt-heap-l1-1-0.dll
0x000001ea22680000 - 0x000001ea22683000 	C:\Program Files\Java\openjfx-19_windows-x64_bin-sdk\javafx-sdk-19\bin\api-ms-win-crt-locale-l1-1-0.dll
0x000001ea22690000 - 0x000001ea22695000 	C:\Program Files\Java\openjfx-19_windows-x64_bin-sdk\javafx-sdk-19\bin\api-ms-win-crt-math-l1-1-0.dll
0x000001ea226a0000 - 0x000001ea226a5000 	C:\Program Files\Java\openjfx-19_windows-x64_bin-sdk\javafx-sdk-19\bin\api-ms-win-crt-multibyte-l1-1-0.dll
0x000001ea226b0000 - 0x000001ea226c0000 	C:\Program Files\Java\openjfx-19_windows-x64_bin-sdk\javafx-sdk-19\bin\api-ms-win-crt-private-l1-1-0.dll
0x000001ea226c0000 - 0x000001ea226c3000 	C:\Program Files\Java\openjfx-19_windows-x64_bin-sdk\javafx-sdk-19\bin\api-ms-win-crt-process-l1-1-0.dll
0x000001ea226d0000 - 0x000001ea226d4000 	C:\Program Files\Java\openjfx-19_windows-x64_bin-sdk\javafx-sdk-19\bin\api-ms-win-crt-runtime-l1-1-0.dll
0x000001ea226e0000 - 0x000001ea226e4000 	C:\Program Files\Java\openjfx-19_windows-x64_bin-sdk\javafx-sdk-19\bin\api-ms-win-crt-stdio-l1-1-0.dll
0x000001ea226f0000 - 0x000001ea226f4000 	C:\Program Files\Java\openjfx-19_windows-x64_bin-sdk\javafx-sdk-19\bin\api-ms-win-crt-string-l1-1-0.dll
0x000001ea22700000 - 0x000001ea22703000 	C:\Program Files\Java\openjfx-19_windows-x64_bin-sdk\javafx-sdk-19\bin\api-ms-win-crt-time-l1-1-0.dll
0x000001ea22710000 - 0x000001ea22713000 	C:\Program Files\Java\openjfx-19_windows-x64_bin-sdk\javafx-sdk-19\bin\api-ms-win-crt-utility-l1-1-0.dll
0x00007fffe9580000 - 0x00007fffe967c000 	C:\Program Files\Java\openjfx-19_windows-x64_bin-sdk\javafx-sdk-19\bin\ucrtbase.dll
0x00007ff821bf0000 - 0x00007ff821c0b000 	C:\Program Files\Java\openjfx-19_windows-x64_bin-sdk\javafx-sdk-19\bin\vcruntime140.dll
0x00007ff8218a0000 - 0x00007ff8218ac000 	C:\Program Files\Java\openjfx-19_windows-x64_bin-sdk\javafx-sdk-19\bin\vcruntime140_1.dll
0x00007ff813210000 - 0x00007ff81329e000 	C:\Program Files\Java\openjfx-19_windows-x64_bin-sdk\javafx-sdk-19\bin\msvcp140.dll
0x00007ff821880000 - 0x00007ff821889000 	C:\Program Files\Java\openjfx-19_windows-x64_bin-sdk\javafx-sdk-19\bin\msvcp140_1.dll
0x00007ff81fe90000 - 0x00007ff81fec0000 	C:\Program Files\Java\openjfx-19_windows-x64_bin-sdk\javafx-sdk-19\bin\msvcp140_2.dll
0x00007ff81fe60000 - 0x00007ff81fe8c000 	C:\Program Files\Java\openjfx-19_windows-x64_bin-sdk\javafx-sdk-19\bin\prism_d3d.dll
0x00007ff831f30000 - 0x00007ff8320ff000 	C:\Windows\system32\d3d9.dll
0x00007ff843460000 - 0x00007ff84348f000 	C:\Windows\SYSTEM32\dwmapi.dll
0x00007ff843230000 - 0x00007ff8432ce000 	C:\Windows\system32\uxtheme.dll
0x00007fffe90a0000 - 0x00007fffe9205000 	C:\Windows\System32\DriverStore\FileRepository\72_lenovo_kabylake_hws_iigd_dch.inf_amd64_d630775471e98fa9\igdumdim64.dll
0x00007ff8482b0000 - 0x00007ff8483da000 	C:\Windows\System32\ole32.dll
0x00007fffdf840000 - 0x00007fffe4249000 	C:\Windows\System32\DriverStore\FileRepository\72_lenovo_kabylake_hws_iigd_dch.inf_amd64_d630775471e98fa9\igd9dxva64.dll
0x00007ff846c60000 - 0x00007ff846d2d000 	C:\Windows\System32\OLEAUT32.dll
0x00007ff847b90000 - 0x00007ff847ff8000 	C:\Windows\System32\SETUPAPI.dll
0x00007ff846310000 - 0x00007ff84635e000 	C:\Windows\System32\cfgmgr32.dll
0x00007ff846360000 - 0x00007ff846387000 	C:\Windows\System32\bcrypt.dll
0x00007ff829090000 - 0x00007ff8293c1000 	C:\Windows\System32\DriverStore\FileRepository\72_lenovo_kabylake_hws_iigd_dch.inf_amd64_d630775471e98fa9\igdgmm64.dll
0x00007ff811ff0000 - 0x00007ff812032000 	C:\Program Files\Java\openjfx-19_windows-x64_bin-sdk\javafx-sdk-19\bin\glass.dll
0x00007ff848530000 - 0x00007ff84860a000 	C:\Windows\System32\COMDLG32.dll
0x00007ff847a60000 - 0x00007ff847b75000 	C:\Windows\System32\MSCTF.dll
0x00007ff8219d0000 - 0x00007ff8219f7000 	C:\Windows\System32\DriverStore\FileRepository\72_lenovo_kabylake_hws_iigd_dch.inf_amd64_d630775471e98fa9\igdinfo64.dll
0x00007ff845700000 - 0x00007ff845718000 	C:\Windows\SYSTEM32\CRYPTSP.dll
0x00007ff844dc0000 - 0x00007ff844df4000 	C:\Windows\system32\rsaenh.dll
0x00007ff845720000 - 0x00007ff84572c000 	C:\Windows\SYSTEM32\CRYPTBASE.dll
0x00007ff826350000 - 0x00007ff82908c000 	C:\Windows\System32\DriverStore\FileRepository\72_lenovo_kabylake_hws_iigd_dch.inf_amd64_d630775471e98fa9\igc64.dll
0x00007ff829680000 - 0x00007ff8296bb000 	C:\Windows\SYSTEM32\dxcore.dll
0x00007ff81f3b0000 - 0x00007ff81f3c4000 	C:\Program Files\Java\openjfx-19_windows-x64_bin-sdk\javafx-sdk-19\bin\javafx_font.dll
0x00007ff8293d0000 - 0x00007ff82964f000 	C:\Windows\SYSTEM32\dwrite.dll
0x00007ff847710000 - 0x00007ff8477bf000 	C:\Windows\System32\clbcatq.dll
0x00007ff830c80000 - 0x00007ff830e34000 	C:\Windows\SYSTEM32\WindowsCodecs.dll
0x00007ff816730000 - 0x00007ff81676e000 	C:\Windows\system32\dataexchange.dll
0x00007ff841b50000 - 0x00007ff841db3000 	C:\Windows\system32\d3d11.dll
0x00007ff842380000 - 0x00007ff842563000 	C:\Windows\system32\dcomp.dll
0x00007ff844610000 - 0x00007ff844703000 	C:\Windows\system32\dxgi.dll
0x00007ff83e290000 - 0x00007ff83e490000 	C:\Windows\system32\twinapi.appcore.dll
0x00007ff81edb0000 - 0x00007ff81ede4000 	C:\Program Files\Common Files\Microsoft Shared\Ink\rtscom.dll
0x00007ff8316b0000 - 0x00007ff8317a9000 	C:\Windows\SYSTEM32\textinputframework.dll
0x00007ff842ce0000 - 0x00007ff842dd2000 	C:\Windows\System32\CoreMessaging.dll
0x00007ff842590000 - 0x00007ff8428ee000 	C:\Windows\System32\CoreUIComponents.dll

dbghelp: loaded successfully - version: 4.0.5 - missing functions: none
symbol engine: initialized successfully - sym options: 0x614 - pdb path: .;C:\Program Files\Java\jdk-18.0.2.1\bin;C:\Windows\SYSTEM32;C:\Windows\WinSxS\amd64_microsoft.windows.common-controls_6595b64144ccf1df_6.0.19041.1110_none_60b5254171f9507e;C:\Program Files\Java\jdk-18.0.2.1\bin\server;C:\Program Files\JetBrains\IntelliJ IDEA Community Edition 2022.2.1\bin;C:\Program Files\Java\openjfx-19_windows-x64_bin-sdk\javafx-sdk-19\bin;C:\Windows\System32\DriverStore\FileRepository\72_lenovo_kabylake_hws_iigd_dch.inf_amd64_d630775471e98fa9;C:\Program Files\Common Files\Microsoft Shared\Ink

VM Arguments:
jvm_args: --module-path=C:/Program Files/Java/openjfx-19_windows-x64_bin-sdk/javafx-sdk-19/lib --add-modules=javafx.controls,javafx.fxml -javaagent:C:\Program Files\JetBrains\IntelliJ IDEA Community Edition 2022.2.1\lib\idea_rt.jar=63275:C:\Program Files\JetBrains\IntelliJ IDEA Community Edition 2022.2.1\bin -Dfile.encoding=UTF-8 -Dsun.stdout.encoding=UTF-8 -Dsun.stderr.encoding=UTF-8 
java_command: Client
java_class_path (initial): E:\prog 5\\kurs\out\production\Client;C:\Program Files\Java\openjfx-19_windows-x64_bin-sdk\javafx-sdk-19\lib\javafx-swt.jar;C:\Program Files\Java\openjfx-19_windows-x64_bin-sdk\javafx-sdk-19\lib\javafx.web.jar;C:\Program Files\Java\openjfx-19_windows-x64_bin-sdk\javafx-sdk-19\lib\javafx.base.jar;C:\Program Files\Java\openjfx-19_windows-x64_bin-sdk\javafx-sdk-19\lib\javafx.fxml.jar;C:\Program Files\Java\openjfx-19_windows-x64_bin-sdk\javafx-sdk-19\lib\javafx.media.jar;C:\Program Files\Java\openjfx-19_windows-x64_bin-sdk\javafx-sdk-19\lib\javafx.swing.jar;C:\Program Files\Java\openjfx-19_windows-x64_bin-sdk\javafx-sdk-19\lib\javafx.controls.jar;C:\Program Files\Java\openjfx-19_windows-x64_bin-sdk\javafx-sdk-19\lib\javafx.graphics.jar;C:\Users\\Downloads\mysql-connector-java-8.0.26.jar;E:\prog 5\\kurs\out\production\kurs;C:\Program Files\Java\jdk-18.0.2.1\lib\jrt-fs.jar
Launcher Type: SUN_STANDARD

[Global flags]
     intx CICompilerCount                          = 3                                         {product} {ergonomic}
     uint ConcGCThreads                            = 1                                         {product} {ergonomic}
     uint G1ConcRefinementThreads                  = 4                                         {product} {ergonomic}
   size_t G1HeapRegionSize                         = 1048576                                   {product} {ergonomic}
    uintx GCDrainStackTargetSize                   = 64                                        {product} {ergonomic}
   size_t InitialHeapSize                          = 134217728                                 {product} {ergonomic}
   size_t MarkStackSize                            = 4194304                                   {product} {ergonomic}
   size_t MaxHeapSize                              = 2116026368                                {product} {ergonomic}
   size_t MaxNewSize                               = 1268776960                                {product} {ergonomic}
   size_t MinHeapDeltaBytes                        = 1048576                                   {product} {ergonomic}
   size_t MinHeapSize                              = 8388608                                   {product} {ergonomic}
    uintx NonNMethodCodeHeapSize                   = 5832780                                {pd product} {ergonomic}
    uintx NonProfiledCodeHeapSize                  = 122912730                              {pd product} {ergonomic}
    uintx ProfiledCodeHeapSize                     = 122912730                              {pd product} {ergonomic}
    uintx ReservedCodeCacheSize                    = 251658240                              {pd product} {ergonomic}
     bool SegmentedCodeCache                       = true                                      {product} {ergonomic}
   size_t SoftMaxHeapSize                          = 2116026368                             {manageable} {ergonomic}
     bool UseCompressedClassPointers               = true                           {product lp64_product} {ergonomic}
     bool UseCompressedOops                        = true                           {product lp64_product} {ergonomic}
     bool UseG1GC                                  = true                                      {product} {ergonomic}
     bool UseLargePagesIndividualAllocation        = false                                  {pd product} {ergonomic}

Logging:
Log output configuration:
 #0: stdout all=off uptime,level,tags foldmultilines=false
 #1: stderr all=off uptime,level,tags foldmultilines=false

Environment Variables:
PATH=C:\Program Files\Common Files\Oracle\Java\javapath;C:\Program Files (x86)\Common Files\Oracle\Java\javapath;C:\Windows\system32;C:\Windows;C:\Windows\System32\Wbem;C:\Windows\System32\WindowsPowerShell\v1.0\;C:\Windows\System32\OpenSSH\;C:\Program Files (x86)\NVIDIA Corporation\PhysX\Common;C:\Program Files\NVIDIA Corporation\NVIDIA NvDLISR;C:\Program Files\Azure Data Studio\bin;C:\Program Files\MySQL\MySQL Shell 8.0\bin\;C:\Users\\AppData\Local\Microsoft\WindowsApps;;C:\Program Files\Azure Data Studio\bin
USERNAME=
OS=Windows_NT
PROCESSOR_IDENTIFIER=Intel64 Family 6 Model 142 Stepping 9, GenuineIntel



---------------  S Y S T E M  ---------------

OS:
 Windows 10 , 64 bit Build 19041 (10.0.19041.2251)
OS uptime: 0 days 1:51 hours

CPU: total 4 (initial active 4) (2 cores per cpu, 2 threads per core) family 6 model 142 stepping 9 microcode 0xd6, cx8, cmov, fxsr, ht, mmx, 3dnowpref, sse, sse2, sse3, ssse3, sse4.1, sse4.2, popcnt, lzcnt, tsc, tscinvbit, avx, avx2, aes, erms, clmul, bmi1, bmi2, adx, fma, vzeroupper, clflush, clflushopt

Memory: 4k page, system-wide physical 8066M (1910M free)
TotalPageFile size 14722M (AvailPageFile size 6217M)
current process WorkingSet (physical memory assigned to process): 203M, peak: 215M
current process commit charge ("private bytes"): 299M, peak: 312M

vm_info: Java HotSpot(TM) 64-Bit Server VM (18.0.2.1+1-1) for windows-amd64 JRE (18.0.2.1+1-1), built on Aug 16 2022 01:46:33 by "mach5one" with MS VC++ 16.8 / 16.9 (VS2019)

END.
