#
# A fatal error has been detected by the Java Runtime Environment:
#
#  EXCEPTION_ACCESS_VIOLATION (0xc0000005) at pc=0x00007ffb4bf563b7, pid=8288, tid=5172
#
# JRE version: Java(TM) SE Runtime Environment (18.0.2.1+1) (build 18.0.2.1+1-1)
# Java VM: Java HotSpot(TM) 64-Bit Server VM (18.0.2.1+1-1, mixed mode, sharing, tiered, compressed oops, compressed class ptrs, g1 gc, windows-amd64)
# Problematic frame:
# C  [glass.dll+0x263b7]
#
# No core dump will be written. Minidumps are not enabled by default on client versions of Windows
#
# If you would like to submit a bug report, please visit:
#   https://bugreport.java.com/bugreport/crash.jsp
#

---------------  S U M M A R Y ------------

Command Line: --module-path=C:/Program Files/Java/openjfx-19_windows-x64_bin-sdk/javafx-sdk-19/lib --add-modules=javafx.controls,javafx.fxml -javaagent:C:\Program Files\JetBrains\IntelliJ IDEA Community Edition 2022.2.1\lib\idea_rt.jar=60151:C:\Program Files\JetBrains\IntelliJ IDEA Community Edition 2022.2.1\bin -Dfile.encoding=UTF-8 -Dsun.stdout.encoding=UTF-8 -Dsun.stderr.encoding=UTF-8 Client

Host: Intel(R) Core(TM) i3-7130U CPU @ 2.70GHz, 4 cores, 7G,  Windows 10 , 64 bit Build 19041 (10.0.19041.1806)
Time: Mon Dec  5 22:50:01 2022  Windows 10 , 64 bit Build 19041 (10.0.19041.1806) elapsed time: 91.467960 seconds (0d 0h 1m 31s)

---------------  T H R E A D  ---------------

Current thread (0x00000244e5d078d0):  VMThread "VM Thread" [stack: 0x000000d66e100000,0x000000d66e200000] [id=5172]

Stack: [0x000000d66e100000,0x000000d66e200000],  sp=0x000000d66e1ff360,  free space=1020k
Native frames: (J=compiled Java code, j=interpreted, Vv=VM code, C=native code)
C  [glass.dll+0x263b7]


siginfo: EXCEPTION_ACCESS_VIOLATION (0xc0000005), reading address 0x0000000000000000


Register to memory mapping:

RIP=0x00007ffb4bf563b7 glass.dll
RAX=0x0 is NULL
RBX=0x00000244e5d1db60 is a global jni handle
RCX=0x00000244e5d078d0 points into unknown readable memory: 0x00007ffb43b6ea28 | 28 ea b6 43 fb 7f 00 00
RDX=0x000000d66e1ff360 points into unknown readable memory: 0x0000000000000000 | 00 00 00 00 00 00 00 00
RSP=0x000000d66e1ff360 points into unknown readable memory: 0x0000000000000000 | 00 00 00 00 00 00 00 00
RBP=0x00000244ea568318 points into unknown readable memory: 0x0000f08e37d9c22d | 2d c2 d9 37 8e f0 00 00
RSI=0x00000244ea5682f0 points into unknown readable memory: 0xa701f08e3826ab53 | 53 ab 26 38 8e f0 01 a7
RDI=0x0000f08e37d9c22d is an unknown value
R8 =0x0000000000010002 is an unknown value
R9 =0x0000f08e37d9c22d is an unknown value
R10=0x0000000000008000 is an unknown value
R11=0x000000d66e1ff2f0 points into unknown readable memory: 0x00000244ea5682f0 | f0 82 56 ea 44 02 00 00
R12=0x00007ffb4bf53cf0 glass.dll
R13=0x00007ffb43d30c00 jvm.dll
R14=0x000000d66e1ff458 points into unknown readable memory: 0x000000d66e1ff440 | 40 f4 1f 6e d6 00 00 00
R15=0x00000244ea5682f0 points into unknown readable memory: 0xa701f08e3826ab53 | 53 ab 26 38 8e f0 01 a7


Registers:
RAX=0x0000000000000000, RBX=0x00000244e5d1db60, RCX=0x00000244e5d078d0, RDX=0x000000d66e1ff360
RSP=0x000000d66e1ff360, RBP=0x00000244ea568318, RSI=0x00000244ea5682f0, RDI=0x0000f08e37d9c22d
R8 =0x0000000000010002, R9 =0x0000f08e37d9c22d, R10=0x0000000000008000, R11=0x000000d66e1ff2f0
R12=0x00007ffb4bf53cf0, R13=0x00007ffb43d30c00, R14=0x000000d66e1ff458, R15=0x00000244ea5682f0
RIP=0x00007ffb4bf563b7, EFLAGS=0x0000000000010202

Top of Stack: (sp=0x000000d66e1ff360)
0x000000d66e1ff360:   0000000000000000 00000244ea5682f0
0x000000d66e1ff370:   00007ffb43d30c00 00007ffb4bf53cf0
0x000000d66e1ff380:   00000244ea5682f8 00007ffba2f442d6
0x000000d66e1ff390:   0000f08e37d9c22d 0000024400000000
0x000000d66e1ff3a0:   00000244ea568318 00000244ea5682f0
0x000000d66e1ff3b0:   fffffffffffffffe 0000000000000000
0x000000d66e1ff3c0:   0000000000000001 00007ffb4bf30000
0x000000d66e1ff3d0:   000000d66e1ff448 00007ffba2f441fb
0x000000d66e1ff3e0:   0000000000000000 000000d66e1ff458
0x000000d66e1ff3f0:   000000d66e1ff720 00007ffba3020e40
0x000000d66e1ff400:   0000000000000001 00007ffba2f441b4
0x000000d66e1ff410:   0000000000000000 0000000000000001
0x000000d66e1ff420:   0000000000000000 000000d66e1ff448
0x000000d66e1ff430:   00007ffba27d3000 00007ffb4bf53b7d
0x000000d66e1ff440:   00007ffb4bf69f88 0000000000000002
0x000000d66e1ff450:   0000000000000002 000000d66e1ff440 

Instructions: (pc=0x00007ffb4bf563b7)
0x00007ffb4bf562b7:   8b 4d 58 e8 7d cf ff ff 48 8b 4d 60 e8 74 cf ff
0x00007ffb4bf562c7:   ff 48 8b 95 80 00 00 00 48 8b 8d 18 01 00 00 e8
0x00007ffb4bf562d7:   66 c4 ff ff 33 d2 33 c9 e8 bc e1 ff ff 90 48 89
0x00007ffb4bf562e7:   54 24 10 55 48 83 ec 20 48 8b ea 48 b8 00 00 00
0x00007ffb4bf562f7:   00 00 00 00 00 48 83 c4 20 5d c3 cc 40 55 48 8b
0x00007ffb4bf56307:   ea 48 8b 01 33 c9 81 38 05 00 00 c0 0f 94 c1 8b
0x00007ffb4bf56317:   c1 5d c3 cc 40 55 48 83 ec 20 48 8b ea 8a 4d 40
0x00007ffb4bf56327:   48 83 c4 20 5d e9 63 d3 ff ff cc 40 55 48 83 ec
0x00007ffb4bf56337:   20 48 8b ea 8a 4d 20 e8 51 d3 ff ff 90 48 83 c4
0x00007ffb4bf56347:   20 5d c3 cc 40 55 48 83 ec 20 48 8b ea 48 83 c4
0x00007ffb4bf56357:   20 5d e9 b2 d1 ff ff cc 40 55 48 83 ec 30 48 8b
0x00007ffb4bf56367:   ea 48 8b 01 8b 10 48 89 4c 24 28 89 54 24 20 4c
0x00007ffb4bf56377:   8d 0d 53 d6 ff ff 4c 8b 45 70 8b 55 68 48 8b 4d
0x00007ffb4bf56387:   60 e8 f3 d0 ff ff 90 48 83 c4 30 5d c3 cc cc cc
0x00007ffb4bf56397:   cc cc cc cc cc cc cc cc cc 40 53 48 83 ec 20 48
0x00007ffb4bf563a7:   8b 1d db 35 01 00 48 85 db 74 16 e8 79 8b ff ff
0x00007ffb4bf563b7:   4c 8b 00 48 8b d3 48 8b c8 41 ff 90 b0 00 00 00
0x00007ffb4bf563c7:   90 48 83 c4 20 5b c3 cc cc 40 53 48 83 ec 20 48
0x00007ffb4bf563d7:   8b 1d 4b 37 01 00 48 85 db 74 57 b8 ff ff ff ff
0x00007ffb4bf563e7:   f0 0f c1 43 10 83 f8 01 75 3d 48 85 db 74 38 48
0x00007ffb4bf563f7:   8b 0b 48 85 c9 74 0d ff 15 a4 0e 00 00 48 c7 03
0x00007ffb4bf56407:   00 00 00 00 48 8b 4b 08 48 85 c9 74 0d e8 23 ce
0x00007ffb4bf56417:   ff ff 48 c7 43 08 00 00 00 00 ba 18 00 00 00 48
0x00007ffb4bf56427:   8b cb e8 0e ce ff ff 48 c7 05 ef 36 01 00 00 00
0x00007ffb4bf56437:   00 00 48 83 c4 20 5b c3 cc 40 53 48 83 ec 20 48
0x00007ffb4bf56447:   8b 1d bb 36 01 00 48 85 db 74 57 b8 ff ff ff ff
0x00007ffb4bf56457:   f0 0f c1 43 10 83 f8 01 75 3d 48 85 db 74 38 48
0x00007ffb4bf56467:   8b 0b 48 85 c9 74 0d ff 15 34 0e 00 00 48 c7 03
0x00007ffb4bf56477:   00 00 00 00 48 8b 4b 08 48 85 c9 74 0d e8 b3 cd
0x00007ffb4bf56487:   ff ff 48 c7 43 08 00 00 00 00 ba 18 00 00 00 48
0x00007ffb4bf56497:   8b cb e8 9e cd ff ff 48 c7 05 5f 36 01 00 00 00
0x00007ffb4bf564a7:   00 00 48 83 c4 20 5b c3 cc 40 53 48 83 ec 20 48 


Stack slot to memory mapping:
stack at sp + 0 slots: 0x0 is NULL
stack at sp + 1 slots: 0x00000244ea5682f0 points into unknown readable memory: 0xa701f08e3826ab53 | 53 ab 26 38 8e f0 01 a7
stack at sp + 2 slots: 0x00007ffb43d30c00 jvm.dll
stack at sp + 3 slots: 0x00007ffb4bf53cf0 glass.dll
stack at sp + 4 slots: 0x00000244ea5682f8 points into unknown readable memory: 0x0000f08e37d9c22d | 2d c2 d9 37 8e f0 00 00
stack at sp + 5 slots: 0x00007ffba2f442d6 ucrtbase.dll
stack at sp + 6 slots: 0x0000f08e37d9c22d is an unknown value
stack at sp + 7 slots: 0x0000024400000000 is an unknown value

VM_Operation (0x000000d66d8ff010): Exit, mode: safepoint, requested by thread 0x00000244ea734e60


---------------  P R O C E S S  ---------------

Threads class SMR info:
_java_thread_list=0x00000244ea451420, length=20, elements={
0x00000244c843f340, 0x00000244e5d0af80, 0x00000244e5d0c3d0, 0x00000244e5d276d0,
0x00000244e5d27f80, 0x00000244e5d28fd0, 0x00000244e5d2d990, 0x00000244e5d381f0,
0x00000244e5d311e0, 0x00000244ea054e40, 0x00000244ea1fc470, 0x00000244eabfe7a0,
0x00000244eac220e0, 0x00000244eacc5540, 0x00000244ea94fdd0, 0x00000244eae85d00,
0x00000244eae837d0, 0x00000244eb5a5a20, 0x00000244eb5a3870, 0x00000244ea734e60
}

Java Threads: ( => current thread )
  0x00000244c843f340 JavaThread "main" [_thread_blocked, id=8504, stack(0x000000d66db00000,0x000000d66dc00000)]
  0x00000244e5d0af80 JavaThread "Reference Handler" daemon [_thread_blocked, id=7804, stack(0x000000d66e200000,0x000000d66e300000)]
  0x00000244e5d0c3d0 JavaThread "Finalizer" daemon [_thread_blocked, id=11348, stack(0x000000d66e300000,0x000000d66e400000)]
  0x00000244e5d276d0 JavaThread "Attach Listener" daemon [_thread_blocked, id=6636, stack(0x000000d66e500000,0x000000d66e600000)]
  0x00000244e5d27f80 JavaThread "Service Thread" daemon [_thread_blocked, id=6392, stack(0x000000d66e600000,0x000000d66e700000)]
  0x00000244e5d28fd0 JavaThread "Monitor Deflation Thread" daemon [_thread_blocked, id=3632, stack(0x000000d66e700000,0x000000d66e800000)]
  0x00000244e5d2d990 JavaThread "C2 CompilerThread0" daemon [_thread_blocked, id=4484, stack(0x000000d66e800000,0x000000d66e900000)]
  0x00000244e5d381f0 JavaThread "C1 CompilerThread0" daemon [_thread_blocked, id=7060, stack(0x000000d66e900000,0x000000d66ea00000)]
  0x00000244e5d311e0 JavaThread "Sweeper thread" daemon [_thread_blocked, id=4332, stack(0x000000d66ea00000,0x000000d66eb00000)]
  0x00000244ea054e40 JavaThread "Common-Cleaner" daemon [_thread_blocked, id=11744, stack(0x000000d66eb00000,0x000000d66ec00000)]
  0x00000244ea1fc470 JavaThread "Monitor Ctrl-Break" daemon [_thread_in_native, id=11228, stack(0x000000d66ed00000,0x000000d66ee00000)]
  0x00000244eabfe7a0 JavaThread "Notification Thread" daemon [_thread_blocked, id=7184, stack(0x000000d66ee00000,0x000000d66ef00000)]
  0x00000244eac220e0 JavaThread "QuantumRenderer-0" daemon [_thread_blocked, id=6472, stack(0x000000d66f000000,0x000000d66f100000)]
  0x00000244eacc5540 JavaThread "InvokeLaterDispatcher" daemon [_thread_blocked, id=11476, stack(0x000000d66f100000,0x000000d66f200000)]
  0x00000244ea94fdd0 JavaThread "JavaFX Application Thread" [_thread_in_native, id=8980, stack(0x000000d66f200000,0x000000d66f300000)]
  0x00000244eae85d00 JavaThread "Thread-1" daemon [_thread_in_native, id=3092, stack(0x000000d66ec00000,0x000000d66ed00000)]
  0x00000244eae837d0 JavaThread "JavaFX-Launcher" [_thread_blocked, id=1888, stack(0x000000d66f900000,0x000000d66fa00000)]
  0x00000244eb5a5a20 JavaThread "Prism Font Disposer" daemon [_thread_blocked, id=11028, stack(0x000000d66fe00000,0x000000d66ff00000)]
  0x00000244eb5a3870 JavaThread "Cleaner-0" daemon [_thread_blocked, id=12124, stack(0x000000d66ff00000,0x000000d670000000)]
  0x00000244ea734e60 JavaThread "SIGINT handler" daemon [_thread_blocked, id=11300, stack(0x000000d66d800000,0x000000d66d900000)]

Other Threads:
=>0x00000244e5d078d0 VMThread "VM Thread" [stack: 0x000000d66e100000,0x000000d66e200000] [id=5172]
  0x00000244c849d880 WorkerThread "GC Thread#0" [stack: 0x000000d66dc00000,0x000000d66dd00000] [id=7384]
  0x00000244eb42ec30 WorkerThread "GC Thread#1" [stack: 0x000000d66f300000,0x000000d66f400000] [id=6416]
  0x00000244ea935560 WorkerThread "GC Thread#2" [stack: 0x000000d66f400000,0x000000d66f500000] [id=8668]
  0x00000244ea3b4d40 WorkerThread "GC Thread#3" [stack: 0x000000d66f500000,0x000000d66f600000] [id=8476]
  0x00000244c84b1330 ConcurrentGCThread "G1 Main Marker" terminated
  0x00000244c84b23d0 WorkerThread "G1 Conc#0" [stack: 0x000000d66de00000,0x000000d66df00000] [id=1672]
  0x00000244c84f0b50 ConcurrentGCThread "G1 Refine#0" terminated
  0x00000244c84f1370 ConcurrentGCThread "G1 Service" terminated

Threads with active compile tasks:

VM state: at safepoint (shutting down)

VM Mutex/Monitor currently owned by a thread:  ([mutex/lock_event])
[0x00000244c843c420] Threads_lock - owner thread: 0x00000244e5d078d0
[0x00000244c843c4b0] Heap_lock - owner thread: 0x00000244ea734e60

Heap address: 0x0000000081e00000, size: 2018 MB, Compressed Oops mode: 32-bit

CDS archive(s) mapped at: [0x0000000800000000-0x0000000800ba0000-0x0000000800ba0000), size 12189696, SharedBaseAddress: 0x0000000800000000, ArchiveRelocationMode: 0.
Compressed class space mapped at: 0x0000000800c00000-0x0000000840c00000, reserved size: 1073741824
Narrow klass base: 0x0000000800000000, Narrow klass shift: 0, Narrow klass range: 0x100000000

GC Precious Log:
 CardTable entry size: 512
 Card Set container configuration: InlinePtr #cards 5 size 8 Array Of Cards #cards 12 size 40 Howl #buckets 4 coarsen threshold 1843 Howl Bitmap #cards 512 size 80 coarsen threshold 460 Card regions per heap region 1 cards per card region 2048
 CPUs: 4 total, 4 available
 Memory: 8066M
 Large Page Support: Disabled
 NUMA Support: Disabled
 Compressed Oops: Enabled (32-bit)
 Heap Region Size: 1M
 Heap Min Capacity: 8M
 Heap Initial Capacity: 128M
 Heap Max Capacity: 2018M
 Pre-touch: Disabled
 Parallel Workers: 4
 Concurrent Workers: 1
 Concurrent Refinement Workers: 4
 Periodic GC: Disabled

Heap:
 garbage-first heap   total 131072K, used 48254K [0x0000000081e00000, 0x0000000100000000)
  region size 1024K, 45 young (46080K), 3 survivors (3072K)
 Metaspace       used 18626K, committed 18944K, reserved 1114112K
  class space    used 2725K, committed 2880K, reserved 1048576K

Heap Regions: E=young(eden), S=young(survivor), O=old, HS=humongous(starts), HC=humongous(continues), CS=collection set, F=free, OA=open archive, CA=closed archive, TAMS=top-at-mark-start (previous, next)
|   0|0x0000000081e00000, 0x0000000081f00000, 0x0000000081f00000|100%| O|  |TAMS 0x0000000081e00000, 0x0000000081e00000| Untracked 
|   1|0x0000000081f00000, 0x0000000082000000, 0x0000000082000000|100%| O|  |TAMS 0x0000000081f00000, 0x0000000081f00000| Untracked 
|   2|0x0000000082000000, 0x000000008201f800, 0x0000000082100000| 12%| O|  |TAMS 0x0000000082000000, 0x0000000082000000| Untracked 
|   3|0x0000000082100000, 0x0000000082200000, 0x0000000082200000|100%|HS|  |TAMS 0x0000000082100000, 0x0000000082100000| Complete 
|   4|0x0000000082200000, 0x0000000082300000, 0x0000000082300000|100%|HC|  |TAMS 0x0000000082200000, 0x0000000082200000| Complete 
|   5|0x0000000082300000, 0x0000000082300000, 0x0000000082400000|  0%| F|  |TAMS 0x0000000082300000, 0x0000000082300000| Untracked 
|   6|0x0000000082400000, 0x0000000082400000, 0x0000000082500000|  0%| F|  |TAMS 0x0000000082400000, 0x0000000082400000| Untracked 
|   7|0x0000000082500000, 0x0000000082500000, 0x0000000082600000|  0%| F|  |TAMS 0x0000000082500000, 0x0000000082500000| Untracked 
|   8|0x0000000082600000, 0x0000000082600000, 0x0000000082700000|  0%| F|  |TAMS 0x0000000082600000, 0x0000000082600000| Untracked 
|   9|0x0000000082700000, 0x0000000082700000, 0x0000000082800000|  0%| F|  |TAMS 0x0000000082700000, 0x0000000082700000| Untracked 
|  10|0x0000000082800000, 0x0000000082800000, 0x0000000082900000|  0%| F|  |TAMS 0x0000000082800000, 0x0000000082800000| Untracked 
|  11|0x0000000082900000, 0x0000000082900000, 0x0000000082a00000|  0%| F|  |TAMS 0x0000000082900000, 0x0000000082900000| Untracked 
|  12|0x0000000082a00000, 0x0000000082a00000, 0x0000000082b00000|  0%| F|  |TAMS 0x0000000082a00000, 0x0000000082a00000| Untracked 
|  13|0x0000000082b00000, 0x0000000082b00000, 0x0000000082c00000|  0%| F|  |TAMS 0x0000000082b00000, 0x0000000082b00000| Untracked 
|  14|0x0000000082c00000, 0x0000000082c00000, 0x0000000082d00000|  0%| F|  |TAMS 0x0000000082c00000, 0x0000000082c00000| Untracked 
|  15|0x0000000082d00000, 0x0000000082d00000, 0x0000000082e00000|  0%| F|  |TAMS 0x0000000082d00000, 0x0000000082d00000| Untracked 
|  16|0x0000000082e00000, 0x0000000082e00000, 0x0000000082f00000|  0%| F|  |TAMS 0x0000000082e00000, 0x0000000082e00000| Untracked 
|  17|0x0000000082f00000, 0x0000000082f00000, 0x0000000083000000|  0%| F|  |TAMS 0x0000000082f00000, 0x0000000082f00000| Untracked 
|  18|0x0000000083000000, 0x0000000083000000, 0x0000000083100000|  0%| F|  |TAMS 0x0000000083000000, 0x0000000083000000| Untracked 
|  19|0x0000000083100000, 0x0000000083100000, 0x0000000083200000|  0%| F|  |TAMS 0x0000000083100000, 0x0000000083100000| Untracked 
|  20|0x0000000083200000, 0x0000000083200000, 0x0000000083300000|  0%| F|  |TAMS 0x0000000083200000, 0x0000000083200000| Untracked 
|  21|0x0000000083300000, 0x0000000083300000, 0x0000000083400000|  0%| F|  |TAMS 0x0000000083300000, 0x0000000083300000| Untracked 
|  22|0x0000000083400000, 0x0000000083400000, 0x0000000083500000|  0%| F|  |TAMS 0x0000000083400000, 0x0000000083400000| Untracked 
|  23|0x0000000083500000, 0x0000000083500000, 0x0000000083600000|  0%| F|  |TAMS 0x0000000083500000, 0x0000000083500000| Untracked 
|  24|0x0000000083600000, 0x0000000083600000, 0x0000000083700000|  0%| F|  |TAMS 0x0000000083600000, 0x0000000083600000| Untracked 
|  25|0x0000000083700000, 0x0000000083700000, 0x0000000083800000|  0%| F|  |TAMS 0x0000000083700000, 0x0000000083700000| Untracked 
|  26|0x0000000083800000, 0x0000000083800000, 0x0000000083900000|  0%| F|  |TAMS 0x0000000083800000, 0x0000000083800000| Untracked 
|  27|0x0000000083900000, 0x0000000083900000, 0x0000000083a00000|  0%| F|  |TAMS 0x0000000083900000, 0x0000000083900000| Untracked 
|  28|0x0000000083a00000, 0x0000000083a00000, 0x0000000083b00000|  0%| F|  |TAMS 0x0000000083a00000, 0x0000000083a00000| Untracked 
|  29|0x0000000083b00000, 0x0000000083b00000, 0x0000000083c00000|  0%| F|  |TAMS 0x0000000083b00000, 0x0000000083b00000| Untracked 
|  30|0x0000000083c00000, 0x0000000083c00000, 0x0000000083d00000|  0%| F|  |TAMS 0x0000000083c00000, 0x0000000083c00000| Untracked 
|  31|0x0000000083d00000, 0x0000000083d00000, 0x0000000083e00000|  0%| F|  |TAMS 0x0000000083d00000, 0x0000000083d00000| Untracked 
|  32|0x0000000083e00000, 0x0000000083e00000, 0x0000000083f00000|  0%| F|  |TAMS 0x0000000083e00000, 0x0000000083e00000| Untracked 
|  33|0x0000000083f00000, 0x0000000083f00000, 0x0000000084000000|  0%| F|  |TAMS 0x0000000083f00000, 0x0000000083f00000| Untracked 
|  34|0x0000000084000000, 0x0000000084000000, 0x0000000084100000|  0%| F|  |TAMS 0x0000000084000000, 0x0000000084000000| Untracked 
|  35|0x0000000084100000, 0x0000000084100000, 0x0000000084200000|  0%| F|  |TAMS 0x0000000084100000, 0x0000000084100000| Untracked 
|  36|0x0000000084200000, 0x0000000084200000, 0x0000000084300000|  0%| F|  |TAMS 0x0000000084200000, 0x0000000084200000| Untracked 
|  37|0x0000000084300000, 0x0000000084300000, 0x0000000084400000|  0%| F|  |TAMS 0x0000000084300000, 0x0000000084300000| Untracked 
|  38|0x0000000084400000, 0x0000000084400000, 0x0000000084500000|  0%| F|  |TAMS 0x0000000084400000, 0x0000000084400000| Untracked 
|  39|0x0000000084500000, 0x0000000084500000, 0x0000000084600000|  0%| F|  |TAMS 0x0000000084500000, 0x0000000084500000| Untracked 
|  40|0x0000000084600000, 0x0000000084600000, 0x0000000084700000|  0%| F|  |TAMS 0x0000000084600000, 0x0000000084600000| Untracked 
|  41|0x0000000084700000, 0x0000000084700000, 0x0000000084800000|  0%| F|  |TAMS 0x0000000084700000, 0x0000000084700000| Untracked 
|  42|0x0000000084800000, 0x0000000084800000, 0x0000000084900000|  0%| F|  |TAMS 0x0000000084800000, 0x0000000084800000| Untracked 
|  43|0x0000000084900000, 0x0000000084900000, 0x0000000084a00000|  0%| F|  |TAMS 0x0000000084900000, 0x0000000084900000| Untracked 
|  44|0x0000000084a00000, 0x0000000084a00000, 0x0000000084b00000|  0%| F|  |TAMS 0x0000000084a00000, 0x0000000084a00000| Untracked 
|  45|0x0000000084b00000, 0x0000000084b00000, 0x0000000084c00000|  0%| F|  |TAMS 0x0000000084b00000, 0x0000000084b00000| Untracked 
|  46|0x0000000084c00000, 0x0000000084c00000, 0x0000000084d00000|  0%| F|  |TAMS 0x0000000084c00000, 0x0000000084c00000| Untracked 
|  47|0x0000000084d00000, 0x0000000084d00000, 0x0000000084e00000|  0%| F|  |TAMS 0x0000000084d00000, 0x0000000084d00000| Untracked 
|  48|0x0000000084e00000, 0x0000000084e00000, 0x0000000084f00000|  0%| F|  |TAMS 0x0000000084e00000, 0x0000000084e00000| Untracked 
|  49|0x0000000084f00000, 0x0000000084f00000, 0x0000000085000000|  0%| F|  |TAMS 0x0000000084f00000, 0x0000000084f00000| Untracked 
|  50|0x0000000085000000, 0x0000000085000000, 0x0000000085100000|  0%| F|  |TAMS 0x0000000085000000, 0x0000000085000000| Untracked 
|  51|0x0000000085100000, 0x0000000085100000, 0x0000000085200000|  0%| F|  |TAMS 0x0000000085100000, 0x0000000085100000| Untracked 
|  52|0x0000000085200000, 0x0000000085200000, 0x0000000085300000|  0%| F|  |TAMS 0x0000000085200000, 0x0000000085200000| Untracked 
|  53|0x0000000085300000, 0x0000000085300000, 0x0000000085400000|  0%| F|  |TAMS 0x0000000085300000, 0x0000000085300000| Untracked 
|  54|0x0000000085400000, 0x0000000085400000, 0x0000000085500000|  0%| F|  |TAMS 0x0000000085400000, 0x0000000085400000| Untracked 
|  55|0x0000000085500000, 0x0000000085500000, 0x0000000085600000|  0%| F|  |TAMS 0x0000000085500000, 0x0000000085500000| Untracked 
|  56|0x0000000085600000, 0x0000000085600000, 0x0000000085700000|  0%| F|  |TAMS 0x0000000085600000, 0x0000000085600000| Untracked 
|  57|0x0000000085700000, 0x0000000085700000, 0x0000000085800000|  0%| F|  |TAMS 0x0000000085700000, 0x0000000085700000| Untracked 
|  58|0x0000000085800000, 0x0000000085800000, 0x0000000085900000|  0%| F|  |TAMS 0x0000000085800000, 0x0000000085800000| Untracked 
|  59|0x0000000085900000, 0x0000000085900000, 0x0000000085a00000|  0%| F|  |TAMS 0x0000000085900000, 0x0000000085900000| Untracked 
|  60|0x0000000085a00000, 0x0000000085a00000, 0x0000000085b00000|  0%| F|  |TAMS 0x0000000085a00000, 0x0000000085a00000| Untracked 
|  61|0x0000000085b00000, 0x0000000085b00000, 0x0000000085c00000|  0%| F|  |TAMS 0x0000000085b00000, 0x0000000085b00000| Untracked 
|  62|0x0000000085c00000, 0x0000000085c00000, 0x0000000085d00000|  0%| F|  |TAMS 0x0000000085c00000, 0x0000000085c00000| Untracked 
|  63|0x0000000085d00000, 0x0000000085d00000, 0x0000000085e00000|  0%| F|  |TAMS 0x0000000085d00000, 0x0000000085d00000| Untracked 
|  64|0x0000000085e00000, 0x0000000085e00000, 0x0000000085f00000|  0%| F|  |TAMS 0x0000000085e00000, 0x0000000085e00000| Untracked 
|  65|0x0000000085f00000, 0x0000000085f00000, 0x0000000086000000|  0%| F|  |TAMS 0x0000000085f00000, 0x0000000085f00000| Untracked 
|  66|0x0000000086000000, 0x0000000086000000, 0x0000000086100000|  0%| F|  |TAMS 0x0000000086000000, 0x0000000086000000| Untracked 
|  67|0x0000000086100000, 0x0000000086100000, 0x0000000086200000|  0%| F|  |TAMS 0x0000000086100000, 0x0000000086100000| Untracked 
|  68|0x0000000086200000, 0x0000000086200000, 0x0000000086300000|  0%| F|  |TAMS 0x0000000086200000, 0x0000000086200000| Untracked 
|  69|0x0000000086300000, 0x0000000086300000, 0x0000000086400000|  0%| F|  |TAMS 0x0000000086300000, 0x0000000086300000| Untracked 
|  70|0x0000000086400000, 0x0000000086400000, 0x0000000086500000|  0%| F|  |TAMS 0x0000000086400000, 0x0000000086400000| Untracked 
|  71|0x0000000086500000, 0x0000000086500000, 0x0000000086600000|  0%| F|  |TAMS 0x0000000086500000, 0x0000000086500000| Untracked 
|  72|0x0000000086600000, 0x0000000086600000, 0x0000000086700000|  0%| F|  |TAMS 0x0000000086600000, 0x0000000086600000| Untracked 
|  73|0x0000000086700000, 0x0000000086700000, 0x0000000086800000|  0%| F|  |TAMS 0x0000000086700000, 0x0000000086700000| Untracked 
|  74|0x0000000086800000, 0x0000000086800000, 0x0000000086900000|  0%| F|  |TAMS 0x0000000086800000, 0x0000000086800000| Untracked 
|  75|0x0000000086900000, 0x0000000086900000, 0x0000000086a00000|  0%| F|  |TAMS 0x0000000086900000, 0x0000000086900000| Untracked 
|  76|0x0000000086a00000, 0x0000000086a00000, 0x0000000086b00000|  0%| F|  |TAMS 0x0000000086a00000, 0x0000000086a00000| Untracked 
|  77|0x0000000086b00000, 0x0000000086b00000, 0x0000000086c00000|  0%| F|  |TAMS 0x0000000086b00000, 0x0000000086b00000| Untracked 
|  78|0x0000000086c00000, 0x0000000086c00000, 0x0000000086d00000|  0%| F|  |TAMS 0x0000000086c00000, 0x0000000086c00000| Untracked 
|  79|0x0000000086d00000, 0x0000000086d00000, 0x0000000086e00000|  0%| F|  |TAMS 0x0000000086d00000, 0x0000000086d00000| Untracked 
|  80|0x0000000086e00000, 0x0000000086e00000, 0x0000000086f00000|  0%| F|  |TAMS 0x0000000086e00000, 0x0000000086e00000| Untracked 
|  81|0x0000000086f00000, 0x0000000086f00000, 0x0000000087000000|  0%| F|  |TAMS 0x0000000086f00000, 0x0000000086f00000| Untracked 
|  82|0x0000000087000000, 0x0000000087000000, 0x0000000087100000|  0%| F|  |TAMS 0x0000000087000000, 0x0000000087000000| Untracked 
|  83|0x0000000087100000, 0x0000000087196060, 0x0000000087200000| 58%| E|  |TAMS 0x0000000087100000, 0x0000000087100000| Complete 
|  84|0x0000000087200000, 0x0000000087300000, 0x0000000087300000|100%| E|CS|TAMS 0x0000000087200000, 0x0000000087200000| Complete 
|  85|0x0000000087300000, 0x0000000087400000, 0x0000000087400000|100%| E|CS|TAMS 0x0000000087300000, 0x0000000087300000| Complete 
|  86|0x0000000087400000, 0x0000000087500000, 0x0000000087500000|100%| E|CS|TAMS 0x0000000087400000, 0x0000000087400000| Complete 
|  87|0x0000000087500000, 0x0000000087600000, 0x0000000087600000|100%| E|CS|TAMS 0x0000000087500000, 0x0000000087500000| Complete 
|  88|0x0000000087600000, 0x0000000087700000, 0x0000000087700000|100%| E|CS|TAMS 0x0000000087600000, 0x0000000087600000| Complete 
|  89|0x0000000087700000, 0x0000000087800000, 0x0000000087800000|100%| E|CS|TAMS 0x0000000087700000, 0x0000000087700000| Complete 
|  90|0x0000000087800000, 0x0000000087900000, 0x0000000087900000|100%| E|CS|TAMS 0x0000000087800000, 0x0000000087800000| Complete 
|  91|0x0000000087900000, 0x0000000087a00000, 0x0000000087a00000|100%| E|CS|TAMS 0x0000000087900000, 0x0000000087900000| Complete 
|  92|0x0000000087a00000, 0x0000000087b00000, 0x0000000087b00000|100%| E|CS|TAMS 0x0000000087a00000, 0x0000000087a00000| Complete 
|  93|0x0000000087b00000, 0x0000000087c00000, 0x0000000087c00000|100%| E|CS|TAMS 0x0000000087b00000, 0x0000000087b00000| Complete 
|  94|0x0000000087c00000, 0x0000000087d00000, 0x0000000087d00000|100%| E|CS|TAMS 0x0000000087c00000, 0x0000000087c00000| Complete 
|  95|0x0000000087d00000, 0x0000000087e00000, 0x0000000087e00000|100%| E|CS|TAMS 0x0000000087d00000, 0x0000000087d00000| Complete 
|  96|0x0000000087e00000, 0x0000000087f00000, 0x0000000087f00000|100%| E|CS|TAMS 0x0000000087e00000, 0x0000000087e00000| Complete 
|  97|0x0000000087f00000, 0x0000000088000000, 0x0000000088000000|100%| E|CS|TAMS 0x0000000087f00000, 0x0000000087f00000| Complete 
|  98|0x0000000088000000, 0x0000000088100000, 0x0000000088100000|100%| E|CS|TAMS 0x0000000088000000, 0x0000000088000000| Complete 
|  99|0x0000000088100000, 0x0000000088200000, 0x0000000088200000|100%| E|CS|TAMS 0x0000000088100000, 0x0000000088100000| Complete 
| 100|0x0000000088200000, 0x0000000088300000, 0x0000000088300000|100%| E|CS|TAMS 0x0000000088200000, 0x0000000088200000| Complete 
| 101|0x0000000088300000, 0x00000000883ffbd8, 0x0000000088400000| 99%| E|  |TAMS 0x0000000088300000, 0x0000000088300000| Complete 
| 102|0x0000000088400000, 0x0000000088500000, 0x0000000088500000|100%| E|CS|TAMS 0x0000000088400000, 0x0000000088400000| Complete 
| 103|0x0000000088500000, 0x0000000088600000, 0x0000000088600000|100%| E|CS|TAMS 0x0000000088500000, 0x0000000088500000| Complete 
| 104|0x0000000088600000, 0x0000000088700000, 0x0000000088700000|100%| E|CS|TAMS 0x0000000088600000, 0x0000000088600000| Complete 
| 105|0x0000000088700000, 0x0000000088800000, 0x0000000088800000|100%| E|CS|TAMS 0x0000000088700000, 0x0000000088700000| Complete 
| 106|0x0000000088800000, 0x0000000088900000, 0x0000000088900000|100%| S|CS|TAMS 0x0000000088800000, 0x0000000088800000| Complete 
| 107|0x0000000088900000, 0x0000000088a00000, 0x0000000088a00000|100%| S|CS|TAMS 0x0000000088900000, 0x0000000088900000| Complete 
| 108|0x0000000088a00000, 0x0000000088b00000, 0x0000000088b00000|100%| S|CS|TAMS 0x0000000088a00000, 0x0000000088a00000| Complete 
| 109|0x0000000088b00000, 0x0000000088c00000, 0x0000000088c00000|100%| E|CS|TAMS 0x0000000088b00000, 0x0000000088b00000| Complete 
| 110|0x0000000088c00000, 0x0000000088d00000, 0x0000000088d00000|100%| E|CS|TAMS 0x0000000088c00000, 0x0000000088c00000| Complete 
| 111|0x0000000088d00000, 0x0000000088e00000, 0x0000000088e00000|100%| E|CS|TAMS 0x0000000088d00000, 0x0000000088d00000| Complete 
| 112|0x0000000088e00000, 0x0000000088f00000, 0x0000000088f00000|100%| E|CS|TAMS 0x0000000088e00000, 0x0000000088e00000| Complete 
| 113|0x0000000088f00000, 0x0000000089000000, 0x0000000089000000|100%| E|CS|TAMS 0x0000000088f00000, 0x0000000088f00000| Complete 
| 114|0x0000000089000000, 0x0000000089100000, 0x0000000089100000|100%| E|CS|TAMS 0x0000000089000000, 0x0000000089000000| Complete 
| 115|0x0000000089100000, 0x0000000089200000, 0x0000000089200000|100%| E|CS|TAMS 0x0000000089100000, 0x0000000089100000| Complete 
| 116|0x0000000089200000, 0x0000000089300000, 0x0000000089300000|100%| E|CS|TAMS 0x0000000089200000, 0x0000000089200000| Complete 
| 117|0x0000000089300000, 0x0000000089400000, 0x0000000089400000|100%| E|CS|TAMS 0x0000000089300000, 0x0000000089300000| Complete 
| 118|0x0000000089400000, 0x0000000089500000, 0x0000000089500000|100%| E|CS|TAMS 0x0000000089400000, 0x0000000089400000| Complete 
| 119|0x0000000089500000, 0x0000000089600000, 0x0000000089600000|100%| E|CS|TAMS 0x0000000089500000, 0x0000000089500000| Complete 
| 120|0x0000000089600000, 0x0000000089700000, 0x0000000089700000|100%| E|CS|TAMS 0x0000000089600000, 0x0000000089600000| Complete 
| 121|0x0000000089700000, 0x0000000089800000, 0x0000000089800000|100%| E|CS|TAMS 0x0000000089700000, 0x0000000089700000| Complete 
| 122|0x0000000089800000, 0x0000000089900000, 0x0000000089900000|100%| E|CS|TAMS 0x0000000089800000, 0x0000000089800000| Complete 
| 123|0x0000000089900000, 0x0000000089a00000, 0x0000000089a00000|100%| E|CS|TAMS 0x0000000089900000, 0x0000000089900000| Complete 
| 124|0x0000000089a00000, 0x0000000089b00000, 0x0000000089b00000|100%| E|CS|TAMS 0x0000000089a00000, 0x0000000089a00000| Complete 
| 125|0x0000000089b00000, 0x0000000089c00000, 0x0000000089c00000|100%| E|CS|TAMS 0x0000000089b00000, 0x0000000089b00000| Complete 
| 126|0x0000000089c00000, 0x0000000089d00000, 0x0000000089d00000|100%| E|CS|TAMS 0x0000000089c00000, 0x0000000089c00000| Complete 
| 127|0x0000000089d00000, 0x0000000089e00000, 0x0000000089e00000|100%| E|CS|TAMS 0x0000000089d00000, 0x0000000089d00000| Complete 

Card table byte_map: [0x00000244df180000,0x00000244df580000] _byte_map_base: 0x00000244ded71000

Marking Bits (Prev, Next): (CMBitMap*) 0x00000244c849fdb0, (CMBitMap*) 0x00000244c849fdf0
 Prev Bits: [0x00000244df980000, 0x00000244e1908000)
 Next Bits: [0x00000244e1910000, 0x00000244e3898000)

Polling page: 0x00000244c6250000

Metaspace:

Usage:
  Non-class:     15.53 MB used.
      Class:      2.66 MB used.
       Both:     18.19 MB used.

Virtual space:
  Non-class space:       64.00 MB reserved,      15.69 MB ( 25%) committed,  1 nodes.
      Class space:        1.00 GB reserved,       2.81 MB ( <1%) committed,  1 nodes.
             Both:        1.06 GB reserved,      18.50 MB (  2%) committed. 

Chunk freelists:
   Non-Class:  167.00 KB
       Class:  1.16 MB
        Both:  1.33 MB

MaxMetaspaceSize: unlimited
CompressedClassSpaceSize: 1.00 GB
Initial GC threshold: 21.00 MB
Current GC threshold: 21.00 MB
CDS: on
MetaspaceReclaimPolicy: balanced
 - commit_granule_bytes: 65536.
 - commit_granule_words: 8192.
 - virtual_space_node_default_size: 8388608.
 - enlarge_chunks_in_place: 1.
 - new_chunks_are_fully_committed: 0.
 - uncommit_free_chunks: 1.
 - use_allocation_guard: 0.


Internal statistics:

num_allocs_failed_limit: 0.
num_arena_births: 378.
num_arena_deaths: 0.
num_vsnodes_births: 2.
num_vsnodes_deaths: 0.
num_space_committed: 296.
num_space_uncommitted: 0.
num_chunks_returned_to_freelist: 0.
num_chunks_taken_from_freelist: 1006.
num_chunk_merges: 0.
num_chunk_splits: 675.
num_chunks_enlarged: 504.
num_inconsistent_stats: 0.

CodeHeap 'non-profiled nmethods': size=120000Kb used=1248Kb max_used=1248Kb free=118751Kb
 bounds [0x00000244d7850000, 0x00000244d7ac0000, 0x00000244ded80000]
CodeHeap 'profiled nmethods': size=120000Kb used=6577Kb max_used=6577Kb free=113422Kb
 bounds [0x00000244d0320000, 0x00000244d0990000, 0x00000244d7850000]
CodeHeap 'non-nmethods': size=5760Kb used=1450Kb max_used=1493Kb free=4309Kb
 bounds [0x00000244cfd80000, 0x00000244cfff0000, 0x00000244d0320000]
 total_blobs=4179 nmethods=3378 adapters=713
 compilation: enabled
              stopped_count=0, restarted_count=0
 full_count=0

Compilation events (20 events):
Event: 16.264 Thread 0x00000244e5d381f0 nmethod 3373 0x00000244d0989f90 code [0x00000244d098a140, 0x00000244d098a288]
Event: 16.264 Thread 0x00000244e5d381f0 3372       3       java.util.LinkedList::linkLast (59 bytes)
Event: 16.265 Thread 0x00000244e5d381f0 nmethod 3372 0x00000244d098a310 code [0x00000244d098a4e0, 0x00000244d098a938]
Event: 16.265 Thread 0x00000244e5d381f0 3377       3       java.lang.Module::isExported (15 bytes)
Event: 16.265 Thread 0x00000244e5d381f0 nmethod 3377 0x00000244d098aa90 code [0x00000244d098ac60, 0x00000244d098af18]
Event: 16.265 Thread 0x00000244e5d381f0 3379       1       java.lang.Class::getAnnotationType (5 bytes)
Event: 16.265 Thread 0x00000244e5d381f0 nmethod 3379 0x00000244d7984c90 code [0x00000244d7984e20, 0x00000244d7984ef8]
Event: 16.265 Thread 0x00000244e5d381f0 3375       3       javafx.scene.Node::isDisabled (19 bytes)
Event: 16.266 Thread 0x00000244e5d381f0 nmethod 3375 0x00000244d098b010 code [0x00000244d098b1c0, 0x00000244d098b548]
Event: 16.266 Thread 0x00000244e5d381f0 3366       3       javafx.beans.property.StringPropertyBase::fireValueChangedEvent (8 bytes)
Event: 16.266 Thread 0x00000244e5d381f0 nmethod 3366 0x00000244d098b690 code [0x00000244d098b840, 0x00000244d098baa8]
Event: 16.269 Thread 0x00000244e5d381f0 3380       1       java.lang.reflect.Method::getRoot (5 bytes)
Event: 16.269 Thread 0x00000244e5d381f0 nmethod 3380 0x00000244d7984f90 code [0x00000244d7985120, 0x00000244d79851f8]
Event: 16.338 Thread 0x00000244e5d2d990 nmethod 3378 0x00000244d7985290 code [0x00000244d7985520, 0x00000244d79865f8]
Event: 86.640 Thread 0x00000244e5d2d990 3381       4       com.sun.javafx.tk.quantum.QuantumToolkit::postPulse (133 bytes)
Event: 86.643 Thread 0x00000244e5d2d990 nmethod 3381 0x00000244d7987410 code [0x00000244d79875c0, 0x00000244d7987828]
Event: 86.943 Thread 0x00000244e5d2d990 3382       4       com.sun.javafx.tk.quantum.QuantumToolkit$$Lambda$91/0x0000000800c398c0::run (8 bytes)
Event: 86.947 Thread 0x00000244e5d2d990 nmethod 3382 0x00000244d7987a90 code [0x00000244d7987c60, 0x00000244d7987f10]
Event: 90.927 Thread 0x00000244e5d381f0 3383       3       java.lang.invoke.MethodHandles$Lookup::restrictReceiver (127 bytes)
Event: 90.928 Thread 0x00000244e5d381f0 nmethod 3383 0x00000244d098bb90 code [0x00000244d098bda0, 0x00000244d098c2c8]

GC Heap History (4 events):
Event: 0.804 GC heap before
{Heap before GC invocations=0 (full 0):
 garbage-first heap   total 131072K, used 13312K [0x0000000081e00000, 0x0000000100000000)
  region size 1024K, 13 young (13312K), 0 survivors (0K)
 Metaspace       used 2764K, committed 2944K, reserved 1114112K
  class space    used 289K, committed 384K, reserved 1048576K
}
Event: 0.807 GC heap after
{Heap after GC invocations=1 (full 0):
 garbage-first heap   total 131072K, used 2370K [0x0000000081e00000, 0x0000000100000000)
  region size 1024K, 2 young (2048K), 2 survivors (2048K)
 Metaspace       used 2764K, committed 2944K, reserved 1114112K
  class space    used 289K, committed 384K, reserved 1048576K
}
Event: 1.309 GC heap before
{Heap before GC invocations=1 (full 0):
 garbage-first heap   total 131072K, used 18754K [0x0000000081e00000, 0x0000000100000000)
  region size 1024K, 19 young (19456K), 2 survivors (2048K)
 Metaspace       used 8254K, committed 8512K, reserved 1114112K
  class space    used 1055K, committed 1152K, reserved 1048576K
}
Event: 1.314 GC heap after
{Heap after GC invocations=2 (full 0):
 garbage-first heap   total 131072K, used 5246K [0x0000000081e00000, 0x0000000100000000)
  region size 1024K, 3 young (3072K), 3 survivors (3072K)
 Metaspace       used 8254K, committed 8512K, reserved 1114112K
  class space    used 1055K, committed 1152K, reserved 1048576K
}

Deoptimization events (20 events):
Event: 14.913 Thread 0x00000244ea94fdd0 DEOPT PACKING pc=0x00000244d796576c sp=0x000000d66f2fae00
Event: 14.913 Thread 0x00000244ea94fdd0 DEOPT UNPACKING pc=0x00000244cfdd23a3 sp=0x000000d66f2fad60 mode 2
Event: 14.913 Thread 0x00000244ea94fdd0 Uncommon trap: trap_request=0xffffff45 fr.pc=0x00000244d7963eb8 relative=0x00000000000002d8
Event: 14.913 Thread 0x00000244ea94fdd0 Uncommon trap: reason=unstable_if action=reinterpret pc=0x00000244d7963eb8 method=javafx.scene.Node.intersectsBounds(Lcom/sun/javafx/geom/PickRay;)D @ 814 c2
Event: 14.913 Thread 0x00000244ea94fdd0 DEOPT PACKING pc=0x00000244d7963eb8 sp=0x000000d66f2fab90
Event: 14.913 Thread 0x00000244ea94fdd0 DEOPT UNPACKING pc=0x00000244cfdd23a3 sp=0x000000d66f2faa28 mode 2
Event: 14.924 Thread 0x00000244ea94fdd0 Uncommon trap: trap_request=0xffffff45 fr.pc=0x00000244d7966b8c relative=0x000000000000068c
Event: 14.924 Thread 0x00000244ea94fdd0 Uncommon trap: reason=unstable_if action=reinterpret pc=0x00000244d7966b8c method=javafx.scene.Node.pickNode(Lcom/sun/javafx/geom/PickRay;Lcom/sun/javafx/scene/input/PickResultChooser;)V @ 4 c2
Event: 14.924 Thread 0x00000244ea94fdd0 DEOPT PACKING pc=0x00000244d7966b8c sp=0x000000d66f2fb130
Event: 14.924 Thread 0x00000244ea94fdd0 DEOPT UNPACKING pc=0x00000244cfdd23a3 sp=0x000000d66f2fadf8 mode 2
Event: 15.475 Thread 0x00000244eac220e0 Uncommon trap: trap_request=0xffffff45 fr.pc=0x00000244d7921e8c relative=0x000000000000008c
Event: 15.475 Thread 0x00000244eac220e0 Uncommon trap: reason=unstable_if action=reinterpret pc=0x00000244d7921e8c method=com.sun.javafx.geom.RectBounds.isEmpty()Z @ 21 c2
Event: 15.475 Thread 0x00000244eac220e0 DEOPT PACKING pc=0x00000244d7921e8c sp=0x000000d66f0fd500
Event: 15.475 Thread 0x00000244eac220e0 DEOPT UNPACKING pc=0x00000244cfdd23a3 sp=0x000000d66f0fd490 mode 2
Event: 15.496 Thread 0x00000244eac220e0 DEOPT PACKING pc=0x00000244d09155ba sp=0x000000d66f0fe040
Event: 15.496 Thread 0x00000244eac220e0 DEOPT UNPACKING pc=0x00000244cfdd2b43 sp=0x000000d66f0fd540 mode 0
Event: 15.960 Thread 0x00000244eac220e0 DEOPT PACKING pc=0x00000244d09155ba sp=0x000000d66f0fe050
Event: 15.960 Thread 0x00000244eac220e0 DEOPT UNPACKING pc=0x00000244cfdd2b43 sp=0x000000d66f0fd550 mode 0
Event: 16.155 Thread 0x00000244eac220e0 DEOPT PACKING pc=0x00000244d09155ba sp=0x000000d66f0fe040
Event: 16.155 Thread 0x00000244eac220e0 DEOPT UNPACKING pc=0x00000244cfdd2b43 sp=0x000000d66f0fd540 mode 0

Classes loaded (20 events):
Event: 16.203 Loading class java/lang/constant/MethodHandleDesc
Event: 16.203 Loading class java/lang/constant/MethodHandleDesc done
Event: 16.203 Loading class java/lang/constant/MethodHandleDesc$1
Event: 16.203 Loading class java/lang/constant/MethodHandleDesc$1 done
Event: 16.203 Loading class java/lang/constant/DirectMethodHandleDescImpl
Event: 16.203 Loading class java/lang/constant/DirectMethodHandleDesc
Event: 16.203 Loading class java/lang/constant/DirectMethodHandleDesc done
Event: 16.203 Loading class java/lang/constant/DirectMethodHandleDescImpl done
Event: 16.203 Loading class java/lang/constant/DirectMethodHandleDescImpl$1
Event: 16.203 Loading class java/lang/constant/DirectMethodHandleDescImpl$1 done
Event: 16.203 Loading class java/lang/constant/DirectMethodHandleDesc$1
Event: 16.203 Loading class java/lang/constant/DirectMethodHandleDesc$1 done
Event: 16.203 Loading class java/lang/constant/PrimitiveClassDescImpl
Event: 16.203 Loading class java/lang/constant/DynamicConstantDesc
Event: 16.203 Loading class java/lang/constant/DynamicConstantDesc done
Event: 16.203 Loading class java/lang/constant/PrimitiveClassDescImpl done
Event: 16.203 Loading class java/lang/constant/DynamicConstantDesc$AnonymousDynamicConstantDesc
Event: 16.203 Loading class java/lang/constant/DynamicConstantDesc$AnonymousDynamicConstantDesc done
Event: 90.925 Loading class jdk/internal/misc/Signal$1
Event: 90.925 Loading class jdk/internal/misc/Signal$1 done

Classes unloaded (0 events):
No events

Classes redefined (0 events):
No events

Internal exceptions (20 events):
Event: 1.910 Thread 0x00000244ea94fdd0 Exception <a 'java/lang/ClassNotFoundException'{0x0000000088f6ee58}: com/sun/javafx/scene/control/skin/resources/controls_ru> (0x0000000088f6ee58) 
thrown [s\open\src\hotspot\share\prims\jni.cpp, line 535]
Event: 1.911 Thread 0x00000244ea94fdd0 Exception <a 'java/lang/ClassNotFoundException'{0x0000000088f705c0}: com/sun/javafx/scene/control/skin/resources/controls_ru_RU> (0x0000000088f705c0) 
thrown [s\open\src\hotspot\share\prims\jni.cpp, line 535]
Event: 1.972 Thread 0x00000244ea94fdd0 Exception <a 'java/lang/NoSuchMethodError'{0x0000000088d7df98}: 'void java.lang.invoke.DirectMethodHandle$Holder.invokeSpecial(java.lang.Object, java.lang.Object, java.lang.Object, java.lang.Object, java.lang.Object, java.lang.Object)'> (0x0000000088d7df98) 
thrown [s\open\src\hotspot\share\interpreter\linkResolver.cpp, line 759]
Event: 2.065 Thread 0x00000244ea94fdd0 Exception <a 'java/lang/NoSuchMethodError'{0x00000000887f19f8}: 'int java.lang.invoke.DirectMethodHandle$Holder.invokeSpecial(java.lang.Object, java.lang.Object, int)'> (0x00000000887f19f8) 
thrown [s\open\src\hotspot\share\interpreter\linkResolver.cpp, line 759]
Event: 2.078 Thread 0x00000244ea94fdd0 Exception <a 'java/lang/NoSuchMethodError'{0x0000000088624258}: 'java.lang.Object java.lang.invoke.DirectMethodHandle$Holder.newInvokeSpecial(java.lang.Object, java.lang.Object, int)'> (0x0000000088624258) 
thrown [s\open\src\hotspot\share\interpreter\linkResolver.cpp, line 759]
Event: 2.110 Thread 0x00000244eac220e0 Exception <a 'java/lang/NoSuchMethodError'{0x000000008851a648}: 'int java.lang.invoke.DirectMethodHandle$Holder.invokeStaticInit(java.lang.Object, java.lang.Object)'> (0x000000008851a648) 
thrown [s\open\src\hotspot\share\interpreter\linkResolver.cpp, line 759]
Event: 2.117 Thread 0x00000244ea94fdd0 Exception <a 'java/lang/NoSuchMethodError'{0x0000000088545cb0}: 'long java.lang.invoke.DirectMethodHandle$Holder.invokeStatic(java.lang.Object, java.lang.Object, java.lang.Object)'> (0x0000000088545cb0) 
thrown [s\open\src\hotspot\share\interpreter\linkResolver.cpp, line 759]
Event: 2.118 Thread 0x00000244ea94fdd0 Exception <a 'java/lang/NoSuchMethodError'{0x0000000088549450}: 'long java.lang.invoke.DirectMethodHandle$Holder.invokeStaticInit(java.lang.Object, java.lang.Object, java.lang.Object)'> (0x0000000088549450) 
thrown [s\open\src\hotspot\share\interpreter\linkResolver.cpp, line 759]
Event: 2.121 Thread 0x00000244ea94fdd0 Exception <a 'java/lang/NoSuchMethodError'{0x0000000088561a98}: 'java.lang.Object java.lang.invoke.DirectMethodHandle$Holder.newInvokeSpecial(java.lang.Object, java.lang.Object, long)'> (0x0000000088561a98) 
thrown [s\open\src\hotspot\share\interpreter\linkResolver.cpp, line 759]
Event: 2.122 Thread 0x00000244ea94fdd0 Exception <a 'java/lang/NoSuchMethodError'{0x0000000088565610}: 'java.lang.Object java.lang.invoke.Invokers$Holder.linkToTargetMethod(java.lang.Object, long, java.lang.Object)'> (0x0000000088565610) 
thrown [s\open\src\hotspot\share\interpreter\linkResolver.cpp, line 759]
Event: 2.301 Thread 0x00000244eac220e0 Exception <a 'java/lang/NoSuchMethodError'{0x0000000088122888}: 'java.lang.Object java.lang.invoke.DirectMethodHandle$Holder.invokeStaticInit(java.lang.Object, int)'> (0x0000000088122888) 
thrown [s\open\src\hotspot\share\interpreter\linkResolver.cpp, line 759]
Event: 3.281 Thread 0x00000244ea94fdd0 Exception <a 'java/lang/NoSuchMethodError'{0x00000000880c7538}: 'java.lang.Object java.lang.invoke.DirectMethodHandle$Holder.newInvokeSpecial(java.lang.Object, java.lang.Object, int, int, int, int, int, java.lang.Object)'> (0x00000000880c7538) 
thrown [s\open\src\hotspot\share\interpreter\linkResolver.cpp, line 759]
Event: 3.283 Thread 0x00000244ea94fdd0 Exception <a 'java/lang/NoSuchMethodError'{0x00000000880da518}: 'java.lang.Object java.lang.invoke.DirectMethodHandle$Holder.newInvokeSpecial(java.lang.Object, java.lang.Object, java.lang.Object, int, int, int, int, int)'> (0x00000000880da518) 
thrown [s\open\src\hotspot\share\interpreter\linkResolver.cpp, line 759]
Event: 3.284 Thread 0x00000244ea94fdd0 Exception <a 'java/lang/NoSuchMethodError'{0x00000000880e1d80}: 'java.lang.Object java.lang.invoke.Invokers$Holder.linkToTargetMethod(java.lang.Object, java.lang.Object, int, int, int, int, int, java.lang.Object)'> (0x00000000880e1d80) 
thrown [s\open\src\hotspot\share\interpreter\linkResolver.cpp, line 759]
Event: 3.920 Thread 0x00000244ea94fdd0 Implicit null exception at 0x00000244d7929f03 to 0x00000244d7929f74
Event: 3.922 Thread 0x00000244ea94fdd0 Exception <a 'java/lang/NoSuchMethodError'{0x0000000087f362a0}: 'long java.lang.invoke.DirectMethodHandle$Holder.invokeSpecial(java.lang.Object, java.lang.Object)'> (0x0000000087f362a0) 
thrown [s\open\src\hotspot\share\interpreter\linkResolver.cpp, line 759]
Event: 3.922 Thread 0x00000244ea94fdd0 Exception <a 'java/lang/NoSuchMethodError'{0x0000000087f39be0}: 'long java.lang.invoke.Invokers$Holder.invokeExact_MT(java.lang.Object, java.lang.Object)'> (0x0000000087f39be0) 
thrown [s\open\src\hotspot\share\interpreter\linkResolver.cpp, line 759]
Event: 13.760 Thread 0x00000244ea94fdd0 Exception <a 'java/lang/NoSuchMethodError'{0x0000000087831998}: 'int java.lang.invoke.DirectMethodHandle$Holder.invokeVirtual(java.lang.Object, java.lang.Object)'> (0x0000000087831998) 
thrown [s\open\src\hotspot\share\interpreter\linkResolver.cpp, line 759]
Event: 15.442 Thread 0x00000244ea94fdd0 Exception <a 'java/lang/NoSuchMethodError'{0x0000000087462598}: 'void java.lang.invoke.DirectMethodHandle$Holder.invokeVirtual(java.lang.Object, java.lang.Object, int)'> (0x0000000087462598) 
thrown [s\open\src\hotspot\share\interpreter\linkResolver.cpp, line 759]
Event: 16.188 Thread 0x00000244ea94fdd0 Exception <a 'java/lang/NoSuchMethodError'{0x00000000873d6510}: static [I.<clinit>()V> (0x00000000873d6510) 
thrown [s\open\src\hotspot\share\prims\jni.cpp, line 1104]

VM Operations (20 events):
Event: 3.285 Executing VM operation: ICBufferFull done
Event: 4.286 Executing VM operation: Cleanup
Event: 4.286 Executing VM operation: Cleanup done
Event: 9.288 Executing VM operation: Cleanup
Event: 9.289 Executing VM operation: Cleanup done
Event: 13.891 Executing VM operation: ICBufferFull
Event: 13.891 Executing VM operation: ICBufferFull done
Event: 14.892 Executing VM operation: Cleanup
Event: 14.892 Executing VM operation: Cleanup done
Event: 15.441 Executing VM operation: HandshakeAllThreads
Event: 15.442 Executing VM operation: HandshakeAllThreads done
Event: 15.446 Executing VM operation: HandshakeAllThreads
Event: 15.446 Executing VM operation: HandshakeAllThreads done
Event: 16.190 Executing VM operation: HandshakeAllThreads
Event: 16.190 Executing VM operation: HandshakeAllThreads done
Event: 16.190 Executing VM operation: Cleanup
Event: 16.190 Executing VM operation: Cleanup done
Event: 17.190 Executing VM operation: Cleanup
Event: 17.191 Executing VM operation: Cleanup done
Event: 90.937 Executing VM operation: Exit

Events (20 events):
Event: 0.944 Thread 0x00000244eae85d00 Thread added: 0x00000244eae85d00
Event: 0.949 Loaded shared library C:\Program Files\Java\jdk-18.0.2.1\bin\jimage.dll
Event: 1.005 Thread 0x00000244eae837d0 Thread added: 0x00000244eae837d0
Event: 1.234 Loaded shared library C:\Program Files\Java\openjfx-19_windows-x64_bin-sdk\javafx-sdk-19\bin\javafx_font.dll
Event: 1.263 Thread 0x00000244eaf31aa0 Thread added: 0x00000244eaf31aa0
Event: 1.841 Thread 0x00000244eb5a5a20 Thread added: 0x00000244eb5a5a20
Event: 2.193 Thread 0x00000244eb5a3870 Thread added: 0x00000244eb5a3870
Event: 2.400 Thread 0x00000244eaf31aa0 Thread exited: 0x00000244eaf31aa0
Event: 13.660 Thread 0x00000244eb632000 Thread added: 0x00000244eb632000
Event: 14.744 Thread 0x00000244eb632000 Thread exited: 0x00000244eb632000
Event: 15.451 Thread 0x00000244eb5b7610 Thread added: 0x00000244eb5b7610
Event: 15.679 Thread 0x00000244eb5b7610 Thread exited: 0x00000244eb5b7610
Event: 16.227 Thread 0x00000244eb341910 Thread added: 0x00000244eb341910
Event: 21.270 Thread 0x00000244eb341910 Thread exited: 0x00000244eb341910
Event: 90.925 Thread 0x00000244ea734e60 Thread added: 0x00000244ea734e60
Event: 90.926 Thread 0x00000244ea736b40 Thread added: 0x00000244ea736b40
Event: 90.926 Thread 0x00000244ea737010 Thread added: 0x00000244ea737010
Event: 90.926 Thread 0x00000244ea736b40 Thread exited: 0x00000244ea736b40
Event: 90.936 Thread 0x00000244ea737010 Thread exited: 0x00000244ea737010
Event: 90.937 Thread 0x00000244e5d26e20 Thread exited: 0x00000244e5d26e20


Dynamic libraries:
0x00007ff691320000 - 0x00007ff691330000 	C:\Program Files\Java\jdk-18.0.2.1\bin\java.exe
0x00007ffba56f0000 - 0x00007ffba58e8000 	C:\Windows\SYSTEM32\ntdll.dll
0x00007ffba3d30000 - 0x00007ffba3ded000 	C:\Windows\System32\KERNEL32.DLL
0x00007ffba3060000 - 0x00007ffba332e000 	C:\Windows\System32\KERNELBASE.dll
0x00007ffba2f30000 - 0x00007ffba3030000 	C:\Windows\System32\ucrtbase.dll
0x00007ffb9e760000 - 0x00007ffb9e778000 	C:\Program Files\Java\jdk-18.0.2.1\bin\jli.dll
0x00007ffba4230000 - 0x00007ffba42de000 	C:\Windows\System32\ADVAPI32.dll
0x00007ffba4de0000 - 0x00007ffba4e7e000 	C:\Windows\System32\msvcrt.dll
0x00007ffba4180000 - 0x00007ffba421c000 	C:\Windows\System32\sechost.dll
0x00007ffba3df0000 - 0x00007ffba3f15000 	C:\Windows\System32\RPCRT4.dll
0x00007ffba42e0000 - 0x00007ffba4480000 	C:\Windows\System32\USER32.dll
0x00007ffba3030000 - 0x00007ffba3052000 	C:\Windows\System32\win32u.dll
0x00007ffba4ef0000 - 0x00007ffba4f1a000 	C:\Windows\System32\GDI32.dll
0x00007ffba33c0000 - 0x00007ffba34cb000 	C:\Windows\System32\gdi32full.dll
0x00007ffba3550000 - 0x00007ffba35ed000 	C:\Windows\System32\msvcp_win.dll
0x00007ffb9e790000 - 0x00007ffb9e7aa000 	C:\Program Files\Java\jdk-18.0.2.1\bin\VCRUNTIME140.dll
0x00007ffb8dfa0000 - 0x00007ffb8e23a000 	C:\Windows\WinSxS\amd64_microsoft.windows.common-controls_6595b64144ccf1df_6.0.19041.1110_none_60b5254171f9507e\COMCTL32.dll
0x00007ffb9d0b0000 - 0x00007ffb9d0ba000 	C:\Windows\SYSTEM32\VERSION.dll
0x00007ffba38c0000 - 0x00007ffba38f0000 	C:\Windows\System32\IMM32.DLL
0x00007ffb9f4c0000 - 0x00007ffb9f4cc000 	C:\Program Files\Java\jdk-18.0.2.1\bin\vcruntime140_1.dll
0x00007ffb9e6a0000 - 0x00007ffb9e72d000 	C:\Program Files\Java\jdk-18.0.2.1\bin\msvcp140.dll
0x00007ffb431c0000 - 0x00007ffb43dd1000 	C:\Program Files\Java\jdk-18.0.2.1\bin\server\jvm.dll
0x00007ffba3f20000 - 0x00007ffba3f28000 	C:\Windows\System32\PSAPI.DLL
0x00007ffb8c640000 - 0x00007ffb8c649000 	C:\Windows\SYSTEM32\WSOCK32.dll
0x00007ffba4e80000 - 0x00007ffba4eeb000 	C:\Windows\System32\WS2_32.dll
0x00007ffb8e400000 - 0x00007ffb8e427000 	C:\Windows\SYSTEM32\WINMM.dll
0x00007ffba16a0000 - 0x00007ffba16b2000 	C:\Windows\SYSTEM32\kernel.appcore.dll
0x00007ffb9e750000 - 0x00007ffb9e75a000 	C:\Program Files\Java\jdk-18.0.2.1\bin\jimage.dll
0x00007ffba1480000 - 0x00007ffba1664000 	C:\Windows\SYSTEM32\DBGHELP.DLL
0x00007ffb89a50000 - 0x00007ffb89a7c000 	C:\Windows\SYSTEM32\dbgcore.DLL
0x00007ffba3330000 - 0x00007ffba33b2000 	C:\Windows\System32\bcryptPrimitives.dll
0x00007ffb9e740000 - 0x00007ffb9e74e000 	C:\Program Files\Java\jdk-18.0.2.1\bin\instrument.dll
0x00007ffb9e660000 - 0x00007ffb9e685000 	C:\Program Files\Java\jdk-18.0.2.1\bin\java.dll
0x00007ffb85e30000 - 0x00007ffb85f06000 	C:\Program Files\Java\jdk-18.0.2.1\bin\jsvml.dll
0x00007ffba4690000 - 0x00007ffba4dd4000 	C:\Windows\System32\SHELL32.dll
0x00007ffba0ce0000 - 0x00007ffba1474000 	C:\Windows\SYSTEM32\windows.storage.dll
0x00007ffba38f0000 - 0x00007ffba3c44000 	C:\Windows\System32\combase.dll
0x00007ffba2870000 - 0x00007ffba28a0000 	C:\Windows\SYSTEM32\Wldp.dll
0x00007ffba5600000 - 0x00007ffba56ad000 	C:\Windows\System32\SHCORE.dll
0x00007ffba4f20000 - 0x00007ffba4f75000 	C:\Windows\System32\shlwapi.dll
0x00007ffba2d50000 - 0x00007ffba2d6f000 	C:\Windows\SYSTEM32\profapi.dll
0x00007ffb9dbc0000 - 0x00007ffb9dbd3000 	C:\Program Files\Java\jdk-18.0.2.1\bin\net.dll
0x00007ffb905d0000 - 0x00007ffb906da000 	C:\Windows\SYSTEM32\WINHTTP.dll
0x00007ffba25d0000 - 0x00007ffba263a000 	C:\Windows\system32\mswsock.dll
0x00007ffb9cdb0000 - 0x00007ffb9cdc6000 	C:\Program Files\Java\jdk-18.0.2.1\bin\nio.dll
0x00007ffb9ddc0000 - 0x00007ffb9ddd8000 	C:\Program Files\Java\jdk-18.0.2.1\bin\zip.dll
0x00007ffb8c420000 - 0x00007ffb8c43a000 	C:\Program Files\JetBrains\IntelliJ IDEA Community Edition 2022.2.1\bin\breakgen64.dll
0x00000244c83b0000 - 0x00000244c83b3000 	C:\Program Files\Java\openjfx-19_windows-x64_bin-sdk\javafx-sdk-19\bin\api-ms-win-core-console-l1-1-0.dll
0x00000244c83c0000 - 0x00000244c83c3000 	C:\Program Files\Java\openjfx-19_windows-x64_bin-sdk\javafx-sdk-19\bin\api-ms-win-core-console-l1-2-0.dll
0x00000244c83d0000 - 0x00000244c83d3000 	C:\Program Files\Java\openjfx-19_windows-x64_bin-sdk\javafx-sdk-19\bin\api-ms-win-core-datetime-l1-1-0.dll
0x00000244c83e0000 - 0x00000244c83e3000 	C:\Program Files\Java\openjfx-19_windows-x64_bin-sdk\javafx-sdk-19\bin\api-ms-win-core-debug-l1-1-0.dll
0x00000244c83f0000 - 0x00000244c83f3000 	C:\Program Files\Java\openjfx-19_windows-x64_bin-sdk\javafx-sdk-19\bin\api-ms-win-core-errorhandling-l1-1-0.dll
0x00000244c8400000 - 0x00000244c8404000 	C:\Program Files\Java\openjfx-19_windows-x64_bin-sdk\javafx-sdk-19\bin\api-ms-win-core-file-l1-1-0.dll
0x00000244e5ef0000 - 0x00000244e5ef3000 	C:\Program Files\Java\openjfx-19_windows-x64_bin-sdk\javafx-sdk-19\bin\api-ms-win-core-file-l1-2-0.dll
0x00000244e5f00000 - 0x00000244e5f03000 	C:\Program Files\Java\openjfx-19_windows-x64_bin-sdk\javafx-sdk-19\bin\api-ms-win-core-file-l2-1-0.dll
0x00000244e5f10000 - 0x00000244e5f13000 	C:\Program Files\Java\openjfx-19_windows-x64_bin-sdk\javafx-sdk-19\bin\api-ms-win-core-handle-l1-1-0.dll
0x00000244e5f20000 - 0x00000244e5f23000 	C:\Program Files\Java\openjfx-19_windows-x64_bin-sdk\javafx-sdk-19\bin\api-ms-win-core-heap-l1-1-0.dll
0x00000244e5f30000 - 0x00000244e5f33000 	C:\Program Files\Java\openjfx-19_windows-x64_bin-sdk\javafx-sdk-19\bin\api-ms-win-core-interlocked-l1-1-0.dll
0x00000244e5f40000 - 0x00000244e5f43000 	C:\Program Files\Java\openjfx-19_windows-x64_bin-sdk\javafx-sdk-19\bin\api-ms-win-core-libraryloader-l1-1-0.dll
0x00000244e5f50000 - 0x00000244e5f53000 	C:\Program Files\Java\openjfx-19_windows-x64_bin-sdk\javafx-sdk-19\bin\api-ms-win-core-localization-l1-2-0.dll
0x00000244e5f60000 - 0x00000244e5f63000 	C:\Program Files\Java\openjfx-19_windows-x64_bin-sdk\javafx-sdk-19\bin\api-ms-win-core-memory-l1-1-0.dll
0x00000244e5f70000 - 0x00000244e5f73000 	C:\Program Files\Java\openjfx-19_windows-x64_bin-sdk\javafx-sdk-19\bin\api-ms-win-core-namedpipe-l1-1-0.dll
0x00000244e5f80000 - 0x00000244e5f83000 	C:\Program Files\Java\openjfx-19_windows-x64_bin-sdk\javafx-sdk-19\bin\api-ms-win-core-processenvironment-l1-1-0.dll
0x00000244e5f90000 - 0x00000244e5f93000 	C:\Program Files\Java\openjfx-19_windows-x64_bin-sdk\javafx-sdk-19\bin\api-ms-win-core-processthreads-l1-1-0.dll
0x00000244e5fa0000 - 0x00000244e5fa3000 	C:\Program Files\Java\openjfx-19_windows-x64_bin-sdk\javafx-sdk-19\bin\api-ms-win-core-processthreads-l1-1-1.dll
0x00000244e5fb0000 - 0x00000244e5fb3000 	C:\Program Files\Java\openjfx-19_windows-x64_bin-sdk\javafx-sdk-19\bin\api-ms-win-core-profile-l1-1-0.dll
0x00000244e5fc0000 - 0x00000244e5fc3000 	C:\Program Files\Java\openjfx-19_windows-x64_bin-sdk\javafx-sdk-19\bin\api-ms-win-core-rtlsupport-l1-1-0.dll
0x00000244e5fd0000 - 0x00000244e5fd3000 	C:\Program Files\Java\openjfx-19_windows-x64_bin-sdk\javafx-sdk-19\bin\api-ms-win-core-string-l1-1-0.dll
0x00000244e5fe0000 - 0x00000244e5fe3000 	C:\Program Files\Java\openjfx-19_windows-x64_bin-sdk\javafx-sdk-19\bin\api-ms-win-core-synch-l1-1-0.dll
0x00000244e5ff0000 - 0x00000244e5ff3000 	C:\Program Files\Java\openjfx-19_windows-x64_bin-sdk\javafx-sdk-19\bin\api-ms-win-core-synch-l1-2-0.dll
0x00000244ebbd0000 - 0x00000244ebbd3000 	C:\Program Files\Java\openjfx-19_windows-x64_bin-sdk\javafx-sdk-19\bin\api-ms-win-core-sysinfo-l1-1-0.dll
0x00000244ebbe0000 - 0x00000244ebbe3000 	C:\Program Files\Java\openjfx-19_windows-x64_bin-sdk\javafx-sdk-19\bin\api-ms-win-core-timezone-l1-1-0.dll
0x00000244ebbf0000 - 0x00000244ebbf3000 	C:\Program Files\Java\openjfx-19_windows-x64_bin-sdk\javafx-sdk-19\bin\api-ms-win-core-util-l1-1-0.dll
0x00000244ebc00000 - 0x00000244ebc03000 	C:\Program Files\Java\openjfx-19_windows-x64_bin-sdk\javafx-sdk-19\bin\api-ms-win-crt-conio-l1-1-0.dll
0x00000244ebc10000 - 0x00000244ebc14000 	C:\Program Files\Java\openjfx-19_windows-x64_bin-sdk\javafx-sdk-19\bin\api-ms-win-crt-convert-l1-1-0.dll
0x00000244ebc20000 - 0x00000244ebc23000 	C:\Program Files\Java\openjfx-19_windows-x64_bin-sdk\javafx-sdk-19\bin\api-ms-win-crt-environment-l1-1-0.dll
0x00000244ebc30000 - 0x00000244ebc33000 	C:\Program Files\Java\openjfx-19_windows-x64_bin-sdk\javafx-sdk-19\bin\api-ms-win-crt-filesystem-l1-1-0.dll
0x00000244ebd60000 - 0x00000244ebd63000 	C:\Program Files\Java\openjfx-19_windows-x64_bin-sdk\javafx-sdk-19\bin\api-ms-win-crt-heap-l1-1-0.dll
0x00000244ebd70000 - 0x00000244ebd73000 	C:\Program Files\Java\openjfx-19_windows-x64_bin-sdk\javafx-sdk-19\bin\api-ms-win-crt-locale-l1-1-0.dll
0x00000244ebd80000 - 0x00000244ebd85000 	C:\Program Files\Java\openjfx-19_windows-x64_bin-sdk\javafx-sdk-19\bin\api-ms-win-crt-math-l1-1-0.dll
0x00000244ebd90000 - 0x00000244ebd95000 	C:\Program Files\Java\openjfx-19_windows-x64_bin-sdk\javafx-sdk-19\bin\api-ms-win-crt-multibyte-l1-1-0.dll
0x00000244ebda0000 - 0x00000244ebdb0000 	C:\Program Files\Java\openjfx-19_windows-x64_bin-sdk\javafx-sdk-19\bin\api-ms-win-crt-private-l1-1-0.dll
0x00000244ebdb0000 - 0x00000244ebdb3000 	C:\Program Files\Java\openjfx-19_windows-x64_bin-sdk\javafx-sdk-19\bin\api-ms-win-crt-process-l1-1-0.dll
0x00000244ebf00000 - 0x00000244ebf04000 	C:\Program Files\Java\openjfx-19_windows-x64_bin-sdk\javafx-sdk-19\bin\api-ms-win-crt-runtime-l1-1-0.dll
0x00000244ebf10000 - 0x00000244ebf14000 	C:\Program Files\Java\openjfx-19_windows-x64_bin-sdk\javafx-sdk-19\bin\api-ms-win-crt-stdio-l1-1-0.dll
0x00000244ebf20000 - 0x00000244ebf24000 	C:\Program Files\Java\openjfx-19_windows-x64_bin-sdk\javafx-sdk-19\bin\api-ms-win-crt-string-l1-1-0.dll
0x00000244ebf30000 - 0x00000244ebf33000 	C:\Program Files\Java\openjfx-19_windows-x64_bin-sdk\javafx-sdk-19\bin\api-ms-win-crt-time-l1-1-0.dll
0x00000244ebf40000 - 0x00000244ebf43000 	C:\Program Files\Java\openjfx-19_windows-x64_bin-sdk\javafx-sdk-19\bin\api-ms-win-crt-utility-l1-1-0.dll
0x00007ffb45fd0000 - 0x00007ffb460cc000 	C:\Program Files\Java\openjfx-19_windows-x64_bin-sdk\javafx-sdk-19\bin\ucrtbase.dll
0x00007ffb85e10000 - 0x00007ffb85e2b000 	C:\Program Files\Java\openjfx-19_windows-x64_bin-sdk\javafx-sdk-19\bin\vcruntime140.dll
0x00007ffb8c460000 - 0x00007ffb8c46c000 	C:\Program Files\Java\openjfx-19_windows-x64_bin-sdk\javafx-sdk-19\bin\vcruntime140_1.dll
0x00007ffb7d320000 - 0x00007ffb7d3ae000 	C:\Program Files\Java\openjfx-19_windows-x64_bin-sdk\javafx-sdk-19\bin\msvcp140.dll
0x00007ffb8bb40000 - 0x00007ffb8bb49000 	C:\Program Files\Java\openjfx-19_windows-x64_bin-sdk\javafx-sdk-19\bin\msvcp140_1.dll
0x00007ffb85de0000 - 0x00007ffb85e10000 	C:\Program Files\Java\openjfx-19_windows-x64_bin-sdk\javafx-sdk-19\bin\msvcp140_2.dll
0x00007ffb81a40000 - 0x00007ffb81a6c000 	C:\Program Files\Java\openjfx-19_windows-x64_bin-sdk\javafx-sdk-19\bin\prism_d3d.dll
0x00007ffb91370000 - 0x00007ffb9153f000 	C:\Windows\system32\d3d9.dll
0x00007ffba0560000 - 0x00007ffba058f000 	C:\Windows\SYSTEM32\dwmapi.dll
0x00007ffba02d0000 - 0x00007ffba036e000 	C:\Windows\system32\uxtheme.dll
0x00007ffba4050000 - 0x00007ffba417a000 	C:\Windows\System32\ole32.dll
0x00007ffba5530000 - 0x00007ffba55fd000 	C:\Windows\System32\OLEAUT32.dll
0x00007ffba3500000 - 0x00007ffba354e000 	C:\Windows\System32\cfgmgr32.dll
0x00007ffba34d0000 - 0x00007ffba34f7000 	C:\Windows\System32\bcrypt.dll
0x00007ffb4bf30000 - 0x00007ffb4bf72000 	C:\Program Files\Java\openjfx-19_windows-x64_bin-sdk\javafx-sdk-19\bin\glass.dll
0x00007ffba37d0000 - 0x00007ffba38aa000 	C:\Windows\System32\COMDLG32.dll
0x00007ffba3f30000 - 0x00007ffba4045000 	C:\Windows\System32\MSCTF.dll
0x00007ffba27c0000 - 0x00007ffba27d8000 	C:\Windows\SYSTEM32\CRYPTSP.dll
0x00007ffba1ee0000 - 0x00007ffba1f14000 	C:\Windows\system32\rsaenh.dll
0x00007ffba27e0000 - 0x00007ffba27ec000 	C:\Windows\SYSTEM32\CRYPTBASE.dll
0x00007ffb97d20000 - 0x00007ffb97d5b000 	C:\Windows\SYSTEM32\dxcore.dll
0x00007ffb81a20000 - 0x00007ffb81a34000 	C:\Program Files\Java\openjfx-19_windows-x64_bin-sdk\javafx-sdk-19\bin\javafx_font.dll
0x00007ffb90350000 - 0x00007ffb905cf000 	C:\Windows\SYSTEM32\dwrite.dll
0x00007ffba4f80000 - 0x00007ffba5029000 	C:\Windows\System32\clbcatq.dll
0x00007ffb9b2b0000 - 0x00007ffb9b464000 	C:\Windows\SYSTEM32\WindowsCodecs.dll
0x00007ffb73160000 - 0x00007ffb7319e000 	C:\Windows\system32\dataexchange.dll
0x00007ffb9f690000 - 0x00007ffb9f874000 	C:\Windows\system32\dcomp.dll
0x00007ffb9e7c0000 - 0x00007ffb9ea23000 	C:\Windows\system32\d3d11.dll
0x00007ffba1710000 - 0x00007ffba1803000 	C:\Windows\system32\dxgi.dll
0x00007ffb9b6f0000 - 0x00007ffb9b8f0000 	C:\Windows\system32\twinapi.appcore.dll
0x00007ffb6a410000 - 0x00007ffb6a444000 	C:\Program Files\Common Files\Microsoft Shared\Ink\rtscom.dll
0x00007ffb95e10000 - 0x00007ffb95f09000 	C:\Windows\SYSTEM32\textinputframework.dll
0x00007ffb9fc00000 - 0x00007ffb9ff5e000 	C:\Windows\System32\CoreUIComponents.dll
0x00007ffb9ff60000 - 0x00007ffba0052000 	C:\Windows\System32\CoreMessaging.dll
0x00007ffb9f530000 - 0x00007ffb9f684000 	C:\Windows\SYSTEM32\wintypes.dll
0x00007ffba1b10000 - 0x00007ffba1b43000 	C:\Windows\SYSTEM32\ntmarta.dll

dbghelp: loaded successfully - version: 4.0.5 - missing functions: none
symbol engine: initialized successfully - sym options: 0x614 - pdb path: .;C:\Program Files\Java\jdk-18.0.2.1\bin;C:\Windows\SYSTEM32;C:\Windows\WinSxS\amd64_microsoft.windows.common-controls_6595b64144ccf1df_6.0.19041.1110_none_60b5254171f9507e;C:\Program Files\Java\jdk-18.0.2.1\bin\server;C:\Program Files\JetBrains\IntelliJ IDEA Community Edition 2022.2.1\bin;C:\Program Files\Java\openjfx-19_windows-x64_bin-sdk\javafx-sdk-19\bin;C:\Windows\System32\DriverStore\FileRepository\72_lenovo_kabylake_hws_iigd_dch.inf_amd64_d630775471e98fa9;C:\Program Files\Common Files\Microsoft Shared\Ink

VM Arguments:
jvm_args: --module-path=C:/Program Files/Java/openjfx-19_windows-x64_bin-sdk/javafx-sdk-19/lib --add-modules=javafx.controls,javafx.fxml -javaagent:C:\Program Files\JetBrains\IntelliJ IDEA Community Edition 2022.2.1\lib\idea_rt.jar=60151:C:\Program Files\JetBrains\IntelliJ IDEA Community Edition 2022.2.1\bin -Dfile.encoding=UTF-8 -Dsun.stdout.encoding=UTF-8 -Dsun.stderr.encoding=UTF-8 
java_command: Client
java_class_path (initial): E:\prog 5\\kurs\out\production\Client;C:\Program Files\Java\openjfx-19_windows-x64_bin-sdk\javafx-sdk-19\lib\javafx-swt.jar;C:\Program Files\Java\openjfx-19_windows-x64_bin-sdk\javafx-sdk-19\lib\javafx.web.jar;C:\Program Files\Java\openjfx-19_windows-x64_bin-sdk\javafx-sdk-19\lib\javafx.base.jar;C:\Program Files\Java\openjfx-19_windows-x64_bin-sdk\javafx-sdk-19\lib\javafx.fxml.jar;C:\Program Files\Java\openjfx-19_windows-x64_bin-sdk\javafx-sdk-19\lib\javafx.media.jar;C:\Program Files\Java\openjfx-19_windows-x64_bin-sdk\javafx-sdk-19\lib\javafx.swing.jar;C:\Program Files\Java\openjfx-19_windows-x64_bin-sdk\javafx-sdk-19\lib\javafx.controls.jar;C:\Program Files\Java\openjfx-19_windows-x64_bin-sdk\javafx-sdk-19\lib\javafx.graphics.jar;C:\Users\\Downloads\mysql-connector-java-8.0.26.jar;E:\prog 5\\kurs\out\production\kurs;C:\Program Files\Java\jdk-18.0.2.1\lib\jrt-fs.jar
Launcher Type: SUN_STANDARD

[Global flags]
     intx CICompilerCount                          = 3                                         {product} {ergonomic}
     uint ConcGCThreads                            = 1                                         {product} {ergonomic}
     uint G1ConcRefinementThreads                  = 4                                         {product} {ergonomic}
   size_t G1HeapRegionSize                         = 1048576                                   {product} {ergonomic}
    uintx GCDrainStackTargetSize                   = 64                                        {product} {ergonomic}
   size_t InitialHeapSize                          = 134217728                                 {product} {ergonomic}
   size_t MarkStackSize                            = 4194304                                   {product} {ergonomic}
   size_t MaxHeapSize                              = 2116026368                                {product} {ergonomic}
   size_t MaxNewSize                               = 1268776960                                {product} {ergonomic}
   size_t MinHeapDeltaBytes                        = 1048576                                   {product} {ergonomic}
   size_t MinHeapSize                              = 8388608                                   {product} {ergonomic}
    uintx NonNMethodCodeHeapSize                   = 5832780                                {pd product} {ergonomic}
    uintx NonProfiledCodeHeapSize                  = 122912730                              {pd product} {ergonomic}
    uintx ProfiledCodeHeapSize                     = 122912730                              {pd product} {ergonomic}
    uintx ReservedCodeCacheSize                    = 251658240                              {pd product} {ergonomic}
     bool SegmentedCodeCache                       = true                                      {product} {ergonomic}
   size_t SoftMaxHeapSize                          = 2116026368                             {manageable} {ergonomic}
     bool UseCompressedClassPointers               = true                           {product lp64_product} {ergonomic}
     bool UseCompressedOops                        = true                           {product lp64_product} {ergonomic}
     bool UseG1GC                                  = true                                      {product} {ergonomic}
     bool UseLargePagesIndividualAllocation        = false                                  {pd product} {ergonomic}

Logging:
Log output configuration:
 #0: stdout all=off uptime,level,tags foldmultilines=false
 #1: stderr all=off uptime,level,tags foldmultilines=false

Environment Variables:
PATH=C:\Program Files\Common Files\Oracle\Java\javapath;C:\Program Files (x86)\Common Files\Oracle\Java\javapath;C:\Windows\system32;C:\Windows;C:\Windows\System32\Wbem;C:\Windows\System32\WindowsPowerShell\v1.0\;C:\Windows\System32\OpenSSH\;C:\Program Files (x86)\NVIDIA Corporation\PhysX\Common;C:\Program Files\NVIDIA Corporation\NVIDIA NvDLISR;C:\Program Files\Azure Data Studio\bin;C:\Program Files\MySQL\MySQL Shell 8.0\bin\;C:\Users\\AppData\Local\Microsoft\WindowsApps;;C:\Program Files\Azure Data Studio\bin
USERNAME=
OS=Windows_NT
PROCESSOR_IDENTIFIER=Intel64 Family 6 Model 142 Stepping 9, GenuineIntel



---------------  S Y S T E M  ---------------

OS:
 Windows 10 , 64 bit Build 19041 (10.0.19041.1806)
OS uptime: 0 days 3:52 hours

CPU: total 4 (initial active 4) (2 cores per cpu, 2 threads per core) family 6 model 142 stepping 9 microcode 0xd6, cx8, cmov, fxsr, ht, mmx, 3dnowpref, sse, sse2, sse3, ssse3, sse4.1, sse4.2, popcnt, lzcnt, tsc, tscinvbit, avx, avx2, aes, erms, clmul, bmi1, bmi2, adx, fma, vzeroupper, clflush, clflushopt

Memory: 4k page, system-wide physical 8066M (2084M free)
TotalPageFile size 14466M (AvailPageFile size 5746M)
current process WorkingSet (physical memory assigned to process): 164M, peak: 193M
current process commit charge ("private bytes"): 281M, peak: 303M

vm_info: Java HotSpot(TM) 64-Bit Server VM (18.0.2.1+1-1) for windows-amd64 JRE (18.0.2.1+1-1), built on Aug 16 2022 01:46:33 by "mach5one" with MS VC++ 16.8 / 16.9 (VS2019)

END.
