#
# A fatal error has been detected by the Java Runtime Environment:
#
#  EXCEPTION_ACCESS_VIOLATION (0xc0000005) at pc=0x00007ffb472663b7, pid=7416, tid=8652
#
# JRE version: Java(TM) SE Runtime Environment (18.0.2.1+1) (build 18.0.2.1+1-1)
# Java VM: Java HotSpot(TM) 64-Bit Server VM (18.0.2.1+1-1, mixed mode, sharing, tiered, compressed oops, compressed class ptrs, g1 gc, windows-amd64)
# Problematic frame:
# C  [glass.dll+0x263b7]
#
# No core dump will be written. Minidumps are not enabled by default on client versions of Windows
#
# If you would like to submit a bug report, please visit:
#   https://bugreport.java.com/bugreport/crash.jsp
#

---------------  S U M M A R Y ------------

Command Line: --module-path=C:/Program Files/Java/openjfx-19_windows-x64_bin-sdk/javafx-sdk-19/lib --add-modules=javafx.controls,javafx.fxml -javaagent:C:\Program Files\JetBrains\IntelliJ IDEA Community Edition 2022.2.1\lib\idea_rt.jar=59388:C:\Program Files\JetBrains\IntelliJ IDEA Community Edition 2022.2.1\bin -Dfile.encoding=UTF-8 -Dsun.stdout.encoding=UTF-8 -Dsun.stderr.encoding=UTF-8 Client

Host: Intel(R) Core(TM) i3-7130U CPU @ 2.70GHz, 4 cores, 7G,  Windows 10 , 64 bit Build 19041 (10.0.19041.1806)
Time: Mon Dec  5 19:42:36 2022  Windows 10 , 64 bit Build 19041 (10.0.19041.1806) elapsed time: 531.823354 seconds (0d 0h 8m 51s)

---------------  T H R E A D  ---------------

Current thread (0x0000012b7e98f1b0):  VMThread "VM Thread" [stack: 0x00000011cd600000,0x00000011cd700000] [id=8652]

Stack: [0x00000011cd600000,0x00000011cd700000],  sp=0x00000011cd6fece0,  free space=1019k
Native frames: (J=compiled Java code, j=interpreted, Vv=VM code, C=native code)
C  [glass.dll+0x263b7]


siginfo: EXCEPTION_ACCESS_VIOLATION (0xc0000005), reading address 0x0000000000000000


Register to memory mapping:

RIP=0x00007ffb472663b7 glass.dll
RAX=0x0 is NULL
RBX=0x0000012b7e99f9e8 is a global jni handle
RCX=0x0000012b7e98f1b0 points into unknown readable memory: 0x00007ffb43b6ea28 | 28 ea b6 43 fb 7f 00 00
RDX=0x00000011cd6fece0 points into unknown readable memory: 0x0000000000000000 | 00 00 00 00 00 00 00 00
RSP=0x00000011cd6fece0 points into unknown readable memory: 0x0000000000000000 | 00 00 00 00 00 00 00 00
RBP=0x0000012b1ed30538 points into unknown readable memory: 0x0000f113e45dc4d1 | d1 c4 5d e4 13 f1 00 00
RSI=0x0000012b1ed30510 points into unknown readable memory: 0xfff67f5f944dc4d1 | d1 c4 4d 94 5f 7f f6 ff
RDI=0x0000f113e45dc4d1 is an unknown value
R8 =0x0000000000010002 is an unknown value
R9 =0x0000f113e45dc4d1 is an unknown value
R10=0x0000000000008000 is an unknown value
R11=0x00000011cd6fec70 points into unknown readable memory: 0x0000012b1ed30510 | 10 05 d3 1e 2b 01 00 00
R12=0x00007ffb47263cf0 glass.dll
R13=0x00007ffb43d30c00 jvm.dll
R14=0x00000011cd6fedd8 points into unknown readable memory: 0x00000011cd6fedc0 | c0 ed 6f cd 11 00 00 00
R15=0x0000012b1ed30510 points into unknown readable memory: 0xfff67f5f944dc4d1 | d1 c4 4d 94 5f 7f f6 ff


Registers:
RAX=0x0000000000000000, RBX=0x0000012b7e99f9e8, RCX=0x0000012b7e98f1b0, RDX=0x00000011cd6fece0
RSP=0x00000011cd6fece0, RBP=0x0000012b1ed30538, RSI=0x0000012b1ed30510, RDI=0x0000f113e45dc4d1
R8 =0x0000000000010002, R9 =0x0000f113e45dc4d1, R10=0x0000000000008000, R11=0x00000011cd6fec70
R12=0x00007ffb47263cf0, R13=0x00007ffb43d30c00, R14=0x00000011cd6fedd8, R15=0x0000012b1ed30510
RIP=0x00007ffb472663b7, EFLAGS=0x0000000000010206

Top of Stack: (sp=0x00000011cd6fece0)
0x00000011cd6fece0:   0000000000000000 0000012b1ed30510
0x00000011cd6fecf0:   00007ffb43d30c00 00007ffb47263cf0
0x00000011cd6fed00:   0000012b1ed30518 00007ffba2f442d6
0x00000011cd6fed10:   0000f113e45dc4d1 0000012b00000000
0x00000011cd6fed20:   0000012b1ed30538 0000012b1ed30510
0x00000011cd6fed30:   fffffffffffffffe 0000000000000000
0x00000011cd6fed40:   0000000000000001 00007ffb47240000
0x00000011cd6fed50:   00000011cd6fedc8 00007ffba2f441fb
0x00000011cd6fed60:   0000000000000000 00000011cd6fedd8
0x00000011cd6fed70:   00000011cd6ff0a0 00007ffba3020e40
0x00000011cd6fed80:   0000000000000001 00007ffba2f441b4
0x00000011cd6fed90:   0000000000000000 0000000000000001
0x00000011cd6feda0:   00007ffb00000001 00000011cd6fedc8
0x00000011cd6fedb0:   0000000000000000 00007ffb47263b7d
0x00000011cd6fedc0:   00007ffb47279f88 00007ffb00000002
0x00000011cd6fedd0:   0000000000000002 00000011cd6fedc0 

Instructions: (pc=0x00007ffb472663b7)
0x00007ffb472662b7:   8b 4d 58 e8 7d cf ff ff 48 8b 4d 60 e8 74 cf ff
0x00007ffb472662c7:   ff 48 8b 95 80 00 00 00 48 8b 8d 18 01 00 00 e8
0x00007ffb472662d7:   66 c4 ff ff 33 d2 33 c9 e8 bc e1 ff ff 90 48 89
0x00007ffb472662e7:   54 24 10 55 48 83 ec 20 48 8b ea 48 b8 00 00 00
0x00007ffb472662f7:   00 00 00 00 00 48 83 c4 20 5d c3 cc 40 55 48 8b
0x00007ffb47266307:   ea 48 8b 01 33 c9 81 38 05 00 00 c0 0f 94 c1 8b
0x00007ffb47266317:   c1 5d c3 cc 40 55 48 83 ec 20 48 8b ea 8a 4d 40
0x00007ffb47266327:   48 83 c4 20 5d e9 63 d3 ff ff cc 40 55 48 83 ec
0x00007ffb47266337:   20 48 8b ea 8a 4d 20 e8 51 d3 ff ff 90 48 83 c4
0x00007ffb47266347:   20 5d c3 cc 40 55 48 83 ec 20 48 8b ea 48 83 c4
0x00007ffb47266357:   20 5d e9 b2 d1 ff ff cc 40 55 48 83 ec 30 48 8b
0x00007ffb47266367:   ea 48 8b 01 8b 10 48 89 4c 24 28 89 54 24 20 4c
0x00007ffb47266377:   8d 0d 53 d6 ff ff 4c 8b 45 70 8b 55 68 48 8b 4d
0x00007ffb47266387:   60 e8 f3 d0 ff ff 90 48 83 c4 30 5d c3 cc cc cc
0x00007ffb47266397:   cc cc cc cc cc cc cc cc cc 40 53 48 83 ec 20 48
0x00007ffb472663a7:   8b 1d db 35 01 00 48 85 db 74 16 e8 79 8b ff ff
0x00007ffb472663b7:   4c 8b 00 48 8b d3 48 8b c8 41 ff 90 b0 00 00 00
0x00007ffb472663c7:   90 48 83 c4 20 5b c3 cc cc 40 53 48 83 ec 20 48
0x00007ffb472663d7:   8b 1d 4b 37 01 00 48 85 db 74 57 b8 ff ff ff ff
0x00007ffb472663e7:   f0 0f c1 43 10 83 f8 01 75 3d 48 85 db 74 38 48
0x00007ffb472663f7:   8b 0b 48 85 c9 74 0d ff 15 a4 0e 00 00 48 c7 03
0x00007ffb47266407:   00 00 00 00 48 8b 4b 08 48 85 c9 74 0d e8 23 ce
0x00007ffb47266417:   ff ff 48 c7 43 08 00 00 00 00 ba 18 00 00 00 48
0x00007ffb47266427:   8b cb e8 0e ce ff ff 48 c7 05 ef 36 01 00 00 00
0x00007ffb47266437:   00 00 48 83 c4 20 5b c3 cc 40 53 48 83 ec 20 48
0x00007ffb47266447:   8b 1d bb 36 01 00 48 85 db 74 57 b8 ff ff ff ff
0x00007ffb47266457:   f0 0f c1 43 10 83 f8 01 75 3d 48 85 db 74 38 48
0x00007ffb47266467:   8b 0b 48 85 c9 74 0d ff 15 34 0e 00 00 48 c7 03
0x00007ffb47266477:   00 00 00 00 48 8b 4b 08 48 85 c9 74 0d e8 b3 cd
0x00007ffb47266487:   ff ff 48 c7 43 08 00 00 00 00 ba 18 00 00 00 48
0x00007ffb47266497:   8b cb e8 9e cd ff ff 48 c7 05 5f 36 01 00 00 00
0x00007ffb472664a7:   00 00 48 83 c4 20 5b c3 cc 40 53 48 83 ec 20 48 


Stack slot to memory mapping:
stack at sp + 0 slots: 0x0 is NULL
stack at sp + 1 slots: 0x0000012b1ed30510 points into unknown readable memory: 0xfff67f5f944dc4d1 | d1 c4 4d 94 5f 7f f6 ff
stack at sp + 2 slots: 0x00007ffb43d30c00 jvm.dll
stack at sp + 3 slots: 0x00007ffb47263cf0 glass.dll
stack at sp + 4 slots: 0x0000012b1ed30518 points into unknown readable memory: 0x0000f113e45dc4d1 | d1 c4 5d e4 13 f1 00 00
stack at sp + 5 slots: 0x00007ffba2f442d6 ucrtbase.dll
stack at sp + 6 slots: 0x0000f113e45dc4d1 is an unknown value
stack at sp + 7 slots: 0x0000012b00000000 points into unknown readable memory: 0x00010000cafedada | da da fe ca 00 00 01 00

VM_Operation (0x00000011ccdfef80): Exit, mode: safepoint, requested by thread 0x0000012b7f6de960


---------------  P R O C E S S  ---------------

Threads class SMR info:
_java_thread_list=0x0000012b7eba6e10, length=21, elements={
0x0000012b79968060, 0x0000012b7e992950, 0x0000012b7e993d50, 0x0000012b7e9af9f0,
0x0000012b7e9b0390, 0x0000012b7e9b0d30, 0x0000012b7e9b16d0, 0x0000012b7e9b23a0,
0x0000012b7e9bad30, 0x0000012b7e9d8880, 0x0000012b7eb9b0d0, 0x0000012b7f182150,
0x0000012b7ebf07c0, 0x0000012b7ec2df10, 0x0000012b7f701770, 0x0000012b7f708f50,
0x0000012b1f0a1a60, 0x0000012b1efc8b20, 0x0000012b1ec4c700, 0x0000012b1ec4a080,
0x0000012b7f6de960
}

Java Threads: ( => current thread )
  0x0000012b79968060 JavaThread "main" [_thread_blocked, id=7040, stack(0x00000011cd000000,0x00000011cd100000)]
  0x0000012b7e992950 JavaThread "Reference Handler" daemon [_thread_blocked, id=7228, stack(0x00000011cd700000,0x00000011cd800000)]
  0x0000012b7e993d50 JavaThread "Finalizer" daemon [_thread_blocked, id=1788, stack(0x00000011cd800000,0x00000011cd900000)]
  0x0000012b7e9af9f0 JavaThread "Signal Dispatcher" daemon [_thread_blocked, id=3040, stack(0x00000011cd900000,0x00000011cda00000)]
  0x0000012b7e9b0390 JavaThread "Attach Listener" daemon [_thread_blocked, id=9020, stack(0x00000011cda00000,0x00000011cdb00000)]
  0x0000012b7e9b0d30 JavaThread "Service Thread" daemon [_thread_blocked, id=1620, stack(0x00000011cdb00000,0x00000011cdc00000)]
  0x0000012b7e9b16d0 JavaThread "Monitor Deflation Thread" daemon [_thread_blocked, id=2492, stack(0x00000011cdc00000,0x00000011cdd00000)]
  0x0000012b7e9b23a0 JavaThread "C2 CompilerThread0" daemon [_thread_blocked, id=10124, stack(0x00000011cdd00000,0x00000011cde00000)]
  0x0000012b7e9bad30 JavaThread "C1 CompilerThread0" daemon [_thread_blocked, id=8608, stack(0x00000011cde00000,0x00000011cdf00000)]
  0x0000012b7e9d8880 JavaThread "Sweeper thread" daemon [_thread_blocked, id=1872, stack(0x00000011cdf00000,0x00000011ce000000)]
  0x0000012b7eb9b0d0 JavaThread "Common-Cleaner" daemon [_thread_blocked, id=7140, stack(0x00000011ce000000,0x00000011ce100000)]
  0x0000012b7f182150 JavaThread "Monitor Ctrl-Break" daemon [_thread_in_native, id=10316, stack(0x00000011ce200000,0x00000011ce300000)]
  0x0000012b7ebf07c0 JavaThread "Notification Thread" daemon [_thread_blocked, id=8456, stack(0x00000011ce300000,0x00000011ce400000)]
  0x0000012b7ec2df10 JavaThread "QuantumRenderer-0" daemon [_thread_blocked, id=9284, stack(0x00000011ce500000,0x00000011ce600000)]
  0x0000012b7f701770 JavaThread "InvokeLaterDispatcher" daemon [_thread_blocked, id=5908, stack(0x00000011ce600000,0x00000011ce700000)]
  0x0000012b7f708f50 JavaThread "JavaFX Application Thread" [_thread_in_native, id=1140, stack(0x00000011ce700000,0x00000011ce800000)]
  0x0000012b1f0a1a60 JavaThread "Thread-1" daemon [_thread_in_native, id=10380, stack(0x00000011cee00000,0x00000011cef00000)]
  0x0000012b1efc8b20 JavaThread "JavaFX-Launcher" [_thread_blocked, id=2920, stack(0x00000011cef00000,0x00000011cf000000)]
  0x0000012b1ec4c700 JavaThread "Prism Font Disposer" daemon [_thread_blocked, id=7444, stack(0x00000011cf300000,0x00000011cf400000)]
  0x0000012b1ec4a080 JavaThread "Cleaner-0" daemon [_thread_blocked, id=1576, stack(0x00000011cf400000,0x00000011cf500000)]
  0x0000012b7f6de960 JavaThread "SIGINT handler" daemon [_thread_blocked, id=8484, stack(0x00000011ccd00000,0x00000011cce00000)]

Other Threads:
=>0x0000012b7e98f1b0 VMThread "VM Thread" [stack: 0x00000011cd600000,0x00000011cd700000] [id=8652]
  0x0000012b799c4a40 WorkerThread "GC Thread#0" [stack: 0x00000011cd100000,0x00000011cd200000] [id=3712]
  0x0000012b7f401090 WorkerThread "GC Thread#1" [stack: 0x00000011ce800000,0x00000011ce900000] [id=9152]
  0x0000012b7f401330 WorkerThread "GC Thread#2" [stack: 0x00000011ce900000,0x00000011cea00000] [id=7680]
  0x0000012b1ec0a7e0 WorkerThread "GC Thread#3" [stack: 0x00000011cea00000,0x00000011ceb00000] [id=964]
  0x0000012b799d64d0 ConcurrentGCThread "G1 Main Marker" terminated
  0x0000012b799d6ec0 WorkerThread "G1 Conc#0" [stack: 0x00000011cd300000,0x00000011cd400000] [id=1416]
  0x0000012b79a15090 ConcurrentGCThread "G1 Refine#0" terminated
  0x0000012b79a159a0 ConcurrentGCThread "G1 Service" terminated

Threads with active compile tasks:

VM state: at safepoint (shutting down)

VM Mutex/Monitor currently owned by a thread:  ([mutex/lock_event])
[0x0000012b79962fa0] Threads_lock - owner thread: 0x0000012b7e98f1b0
[0x0000012b79965a60] Heap_lock - owner thread: 0x0000012b7f6de960

Heap address: 0x0000000081e00000, size: 2018 MB, Compressed Oops mode: 32-bit

CDS archive(s) mapped at: [0x0000000800000000-0x0000000800ba0000-0x0000000800ba0000), size 12189696, SharedBaseAddress: 0x0000000800000000, ArchiveRelocationMode: 0.
Compressed class space mapped at: 0x0000000800c00000-0x0000000840c00000, reserved size: 1073741824
Narrow klass base: 0x0000000800000000, Narrow klass shift: 0, Narrow klass range: 0x100000000

GC Precious Log:
 CardTable entry size: 512
 Card Set container configuration: InlinePtr #cards 5 size 8 Array Of Cards #cards 12 size 40 Howl #buckets 4 coarsen threshold 1843 Howl Bitmap #cards 512 size 80 coarsen threshold 460 Card regions per heap region 1 cards per card region 2048
 CPUs: 4 total, 4 available
 Memory: 8066M
 Large Page Support: Disabled
 NUMA Support: Disabled
 Compressed Oops: Enabled (32-bit)
 Heap Region Size: 1M
 Heap Min Capacity: 8M
 Heap Initial Capacity: 128M
 Heap Max Capacity: 2018M
 Pre-touch: Disabled
 Parallel Workers: 4
 Concurrent Workers: 1
 Concurrent Refinement Workers: 4
 Periodic GC: Disabled

Heap:
 garbage-first heap   total 131072K, used 49296K [0x0000000081e00000, 0x0000000100000000)
  region size 1024K, 45 young (46080K), 3 survivors (3072K)
 Metaspace       used 18569K, committed 18880K, reserved 1114112K
  class space    used 2717K, committed 2880K, reserved 1048576K

Heap Regions: E=young(eden), S=young(survivor), O=old, HS=humongous(starts), HC=humongous(continues), CS=collection set, F=free, OA=open archive, CA=closed archive, TAMS=top-at-mark-start (previous, next)
|   0|0x0000000081e00000, 0x0000000081f00000, 0x0000000081f00000|100%| O|  |TAMS 0x0000000081e00000, 0x0000000081e00000| Untracked 
|   1|0x0000000081f00000, 0x0000000082000000, 0x0000000082000000|100%| O|  |TAMS 0x0000000081f00000, 0x0000000081f00000| Untracked 
|   2|0x0000000082000000, 0x0000000082050c00, 0x0000000082100000| 31%| O|  |TAMS 0x0000000082000000, 0x0000000082000000| Untracked 
|   3|0x0000000082100000, 0x0000000082200000, 0x0000000082200000|100%|HS|  |TAMS 0x0000000082100000, 0x0000000082100000| Complete 
|   4|0x0000000082200000, 0x0000000082300000, 0x0000000082300000|100%|HC|  |TAMS 0x0000000082200000, 0x0000000082200000| Complete 
|   5|0x0000000082300000, 0x0000000082300000, 0x0000000082400000|  0%| F|  |TAMS 0x0000000082300000, 0x0000000082300000| Untracked 
|   6|0x0000000082400000, 0x0000000082400000, 0x0000000082500000|  0%| F|  |TAMS 0x0000000082400000, 0x0000000082400000| Untracked 
|   7|0x0000000082500000, 0x0000000082500000, 0x0000000082600000|  0%| F|  |TAMS 0x0000000082500000, 0x0000000082500000| Untracked 
|   8|0x0000000082600000, 0x0000000082600000, 0x0000000082700000|  0%| F|  |TAMS 0x0000000082600000, 0x0000000082600000| Untracked 
|   9|0x0000000082700000, 0x0000000082700000, 0x0000000082800000|  0%| F|  |TAMS 0x0000000082700000, 0x0000000082700000| Untracked 
|  10|0x0000000082800000, 0x0000000082800000, 0x0000000082900000|  0%| F|  |TAMS 0x0000000082800000, 0x0000000082800000| Untracked 
|  11|0x0000000082900000, 0x0000000082900000, 0x0000000082a00000|  0%| F|  |TAMS 0x0000000082900000, 0x0000000082900000| Untracked 
|  12|0x0000000082a00000, 0x0000000082a00000, 0x0000000082b00000|  0%| F|  |TAMS 0x0000000082a00000, 0x0000000082a00000| Untracked 
|  13|0x0000000082b00000, 0x0000000082b00000, 0x0000000082c00000|  0%| F|  |TAMS 0x0000000082b00000, 0x0000000082b00000| Untracked 
|  14|0x0000000082c00000, 0x0000000082c00000, 0x0000000082d00000|  0%| F|  |TAMS 0x0000000082c00000, 0x0000000082c00000| Untracked 
|  15|0x0000000082d00000, 0x0000000082d00000, 0x0000000082e00000|  0%| F|  |TAMS 0x0000000082d00000, 0x0000000082d00000| Untracked 
|  16|0x0000000082e00000, 0x0000000082e00000, 0x0000000082f00000|  0%| F|  |TAMS 0x0000000082e00000, 0x0000000082e00000| Untracked 
|  17|0x0000000082f00000, 0x0000000082f00000, 0x0000000083000000|  0%| F|  |TAMS 0x0000000082f00000, 0x0000000082f00000| Untracked 
|  18|0x0000000083000000, 0x0000000083000000, 0x0000000083100000|  0%| F|  |TAMS 0x0000000083000000, 0x0000000083000000| Untracked 
|  19|0x0000000083100000, 0x0000000083100000, 0x0000000083200000|  0%| F|  |TAMS 0x0000000083100000, 0x0000000083100000| Untracked 
|  20|0x0000000083200000, 0x0000000083200000, 0x0000000083300000|  0%| F|  |TAMS 0x0000000083200000, 0x0000000083200000| Untracked 
|  21|0x0000000083300000, 0x0000000083300000, 0x0000000083400000|  0%| F|  |TAMS 0x0000000083300000, 0x0000000083300000| Untracked 
|  22|0x0000000083400000, 0x0000000083400000, 0x0000000083500000|  0%| F|  |TAMS 0x0000000083400000, 0x0000000083400000| Untracked 
|  23|0x0000000083500000, 0x0000000083500000, 0x0000000083600000|  0%| F|  |TAMS 0x0000000083500000, 0x0000000083500000| Untracked 
|  24|0x0000000083600000, 0x0000000083600000, 0x0000000083700000|  0%| F|  |TAMS 0x0000000083600000, 0x0000000083600000| Untracked 
|  25|0x0000000083700000, 0x0000000083700000, 0x0000000083800000|  0%| F|  |TAMS 0x0000000083700000, 0x0000000083700000| Untracked 
|  26|0x0000000083800000, 0x0000000083800000, 0x0000000083900000|  0%| F|  |TAMS 0x0000000083800000, 0x0000000083800000| Untracked 
|  27|0x0000000083900000, 0x0000000083900000, 0x0000000083a00000|  0%| F|  |TAMS 0x0000000083900000, 0x0000000083900000| Untracked 
|  28|0x0000000083a00000, 0x0000000083a00000, 0x0000000083b00000|  0%| F|  |TAMS 0x0000000083a00000, 0x0000000083a00000| Untracked 
|  29|0x0000000083b00000, 0x0000000083b00000, 0x0000000083c00000|  0%| F|  |TAMS 0x0000000083b00000, 0x0000000083b00000| Untracked 
|  30|0x0000000083c00000, 0x0000000083c00000, 0x0000000083d00000|  0%| F|  |TAMS 0x0000000083c00000, 0x0000000083c00000| Untracked 
|  31|0x0000000083d00000, 0x0000000083d00000, 0x0000000083e00000|  0%| F|  |TAMS 0x0000000083d00000, 0x0000000083d00000| Untracked 
|  32|0x0000000083e00000, 0x0000000083e00000, 0x0000000083f00000|  0%| F|  |TAMS 0x0000000083e00000, 0x0000000083e00000| Untracked 
|  33|0x0000000083f00000, 0x0000000083f00000, 0x0000000084000000|  0%| F|  |TAMS 0x0000000083f00000, 0x0000000083f00000| Untracked 
|  34|0x0000000084000000, 0x0000000084000000, 0x0000000084100000|  0%| F|  |TAMS 0x0000000084000000, 0x0000000084000000| Untracked 
|  35|0x0000000084100000, 0x0000000084100000, 0x0000000084200000|  0%| F|  |TAMS 0x0000000084100000, 0x0000000084100000| Untracked 
|  36|0x0000000084200000, 0x0000000084200000, 0x0000000084300000|  0%| F|  |TAMS 0x0000000084200000, 0x0000000084200000| Untracked 
|  37|0x0000000084300000, 0x0000000084300000, 0x0000000084400000|  0%| F|  |TAMS 0x0000000084300000, 0x0000000084300000| Untracked 
|  38|0x0000000084400000, 0x0000000084400000, 0x0000000084500000|  0%| F|  |TAMS 0x0000000084400000, 0x0000000084400000| Untracked 
|  39|0x0000000084500000, 0x0000000084500000, 0x0000000084600000|  0%| F|  |TAMS 0x0000000084500000, 0x0000000084500000| Untracked 
|  40|0x0000000084600000, 0x0000000084600000, 0x0000000084700000|  0%| F|  |TAMS 0x0000000084600000, 0x0000000084600000| Untracked 
|  41|0x0000000084700000, 0x0000000084700000, 0x0000000084800000|  0%| F|  |TAMS 0x0000000084700000, 0x0000000084700000| Untracked 
|  42|0x0000000084800000, 0x0000000084800000, 0x0000000084900000|  0%| F|  |TAMS 0x0000000084800000, 0x0000000084800000| Untracked 
|  43|0x0000000084900000, 0x0000000084900000, 0x0000000084a00000|  0%| F|  |TAMS 0x0000000084900000, 0x0000000084900000| Untracked 
|  44|0x0000000084a00000, 0x0000000084a00000, 0x0000000084b00000|  0%| F|  |TAMS 0x0000000084a00000, 0x0000000084a00000| Untracked 
|  45|0x0000000084b00000, 0x0000000084b00000, 0x0000000084c00000|  0%| F|  |TAMS 0x0000000084b00000, 0x0000000084b00000| Untracked 
|  46|0x0000000084c00000, 0x0000000084c00000, 0x0000000084d00000|  0%| F|  |TAMS 0x0000000084c00000, 0x0000000084c00000| Untracked 
|  47|0x0000000084d00000, 0x0000000084d00000, 0x0000000084e00000|  0%| F|  |TAMS 0x0000000084d00000, 0x0000000084d00000| Untracked 
|  48|0x0000000084e00000, 0x0000000084e00000, 0x0000000084f00000|  0%| F|  |TAMS 0x0000000084e00000, 0x0000000084e00000| Untracked 
|  49|0x0000000084f00000, 0x0000000084f00000, 0x0000000085000000|  0%| F|  |TAMS 0x0000000084f00000, 0x0000000084f00000| Untracked 
|  50|0x0000000085000000, 0x0000000085000000, 0x0000000085100000|  0%| F|  |TAMS 0x0000000085000000, 0x0000000085000000| Untracked 
|  51|0x0000000085100000, 0x0000000085100000, 0x0000000085200000|  0%| F|  |TAMS 0x0000000085100000, 0x0000000085100000| Untracked 
|  52|0x0000000085200000, 0x0000000085200000, 0x0000000085300000|  0%| F|  |TAMS 0x0000000085200000, 0x0000000085200000| Untracked 
|  53|0x0000000085300000, 0x0000000085300000, 0x0000000085400000|  0%| F|  |TAMS 0x0000000085300000, 0x0000000085300000| Untracked 
|  54|0x0000000085400000, 0x0000000085400000, 0x0000000085500000|  0%| F|  |TAMS 0x0000000085400000, 0x0000000085400000| Untracked 
|  55|0x0000000085500000, 0x0000000085500000, 0x0000000085600000|  0%| F|  |TAMS 0x0000000085500000, 0x0000000085500000| Untracked 
|  56|0x0000000085600000, 0x0000000085600000, 0x0000000085700000|  0%| F|  |TAMS 0x0000000085600000, 0x0000000085600000| Untracked 
|  57|0x0000000085700000, 0x0000000085700000, 0x0000000085800000|  0%| F|  |TAMS 0x0000000085700000, 0x0000000085700000| Untracked 
|  58|0x0000000085800000, 0x0000000085800000, 0x0000000085900000|  0%| F|  |TAMS 0x0000000085800000, 0x0000000085800000| Untracked 
|  59|0x0000000085900000, 0x0000000085900000, 0x0000000085a00000|  0%| F|  |TAMS 0x0000000085900000, 0x0000000085900000| Untracked 
|  60|0x0000000085a00000, 0x0000000085a00000, 0x0000000085b00000|  0%| F|  |TAMS 0x0000000085a00000, 0x0000000085a00000| Untracked 
|  61|0x0000000085b00000, 0x0000000085b00000, 0x0000000085c00000|  0%| F|  |TAMS 0x0000000085b00000, 0x0000000085b00000| Untracked 
|  62|0x0000000085c00000, 0x0000000085c00000, 0x0000000085d00000|  0%| F|  |TAMS 0x0000000085c00000, 0x0000000085c00000| Untracked 
|  63|0x0000000085d00000, 0x0000000085d00000, 0x0000000085e00000|  0%| F|  |TAMS 0x0000000085d00000, 0x0000000085d00000| Untracked 
|  64|0x0000000085e00000, 0x0000000085e00000, 0x0000000085f00000|  0%| F|  |TAMS 0x0000000085e00000, 0x0000000085e00000| Untracked 
|  65|0x0000000085f00000, 0x0000000085f00000, 0x0000000086000000|  0%| F|  |TAMS 0x0000000085f00000, 0x0000000085f00000| Untracked 
|  66|0x0000000086000000, 0x0000000086000000, 0x0000000086100000|  0%| F|  |TAMS 0x0000000086000000, 0x0000000086000000| Untracked 
|  67|0x0000000086100000, 0x0000000086100000, 0x0000000086200000|  0%| F|  |TAMS 0x0000000086100000, 0x0000000086100000| Untracked 
|  68|0x0000000086200000, 0x0000000086200000, 0x0000000086300000|  0%| F|  |TAMS 0x0000000086200000, 0x0000000086200000| Untracked 
|  69|0x0000000086300000, 0x0000000086300000, 0x0000000086400000|  0%| F|  |TAMS 0x0000000086300000, 0x0000000086300000| Untracked 
|  70|0x0000000086400000, 0x0000000086400000, 0x0000000086500000|  0%| F|  |TAMS 0x0000000086400000, 0x0000000086400000| Untracked 
|  71|0x0000000086500000, 0x0000000086500000, 0x0000000086600000|  0%| F|  |TAMS 0x0000000086500000, 0x0000000086500000| Untracked 
|  72|0x0000000086600000, 0x0000000086600000, 0x0000000086700000|  0%| F|  |TAMS 0x0000000086600000, 0x0000000086600000| Untracked 
|  73|0x0000000086700000, 0x0000000086700000, 0x0000000086800000|  0%| F|  |TAMS 0x0000000086700000, 0x0000000086700000| Untracked 
|  74|0x0000000086800000, 0x0000000086800000, 0x0000000086900000|  0%| F|  |TAMS 0x0000000086800000, 0x0000000086800000| Untracked 
|  75|0x0000000086900000, 0x0000000086900000, 0x0000000086a00000|  0%| F|  |TAMS 0x0000000086900000, 0x0000000086900000| Untracked 
|  76|0x0000000086a00000, 0x0000000086a00000, 0x0000000086b00000|  0%| F|  |TAMS 0x0000000086a00000, 0x0000000086a00000| Untracked 
|  77|0x0000000086b00000, 0x0000000086b00000, 0x0000000086c00000|  0%| F|  |TAMS 0x0000000086b00000, 0x0000000086b00000| Untracked 
|  78|0x0000000086c00000, 0x0000000086c00000, 0x0000000086d00000|  0%| F|  |TAMS 0x0000000086c00000, 0x0000000086c00000| Untracked 
|  79|0x0000000086d00000, 0x0000000086d00000, 0x0000000086e00000|  0%| F|  |TAMS 0x0000000086d00000, 0x0000000086d00000| Untracked 
|  80|0x0000000086e00000, 0x0000000086e00000, 0x0000000086f00000|  0%| F|  |TAMS 0x0000000086e00000, 0x0000000086e00000| Untracked 
|  81|0x0000000086f00000, 0x0000000086f00000, 0x0000000087000000|  0%| F|  |TAMS 0x0000000086f00000, 0x0000000086f00000| Untracked 
|  82|0x0000000087000000, 0x0000000087000000, 0x0000000087100000|  0%| F|  |TAMS 0x0000000087000000, 0x0000000087000000| Untracked 
|  83|0x0000000087100000, 0x0000000087196060, 0x0000000087200000| 58%| E|  |TAMS 0x0000000087100000, 0x0000000087100000| Complete 
|  84|0x0000000087200000, 0x0000000087300000, 0x0000000087300000|100%| E|CS|TAMS 0x0000000087200000, 0x0000000087200000| Complete 
|  85|0x0000000087300000, 0x0000000087400000, 0x0000000087400000|100%| E|CS|TAMS 0x0000000087300000, 0x0000000087300000| Complete 
|  86|0x0000000087400000, 0x0000000087500000, 0x0000000087500000|100%| E|CS|TAMS 0x0000000087400000, 0x0000000087400000| Complete 
|  87|0x0000000087500000, 0x0000000087600000, 0x0000000087600000|100%| E|CS|TAMS 0x0000000087500000, 0x0000000087500000| Complete 
|  88|0x0000000087600000, 0x0000000087700000, 0x0000000087700000|100%| E|CS|TAMS 0x0000000087600000, 0x0000000087600000| Complete 
|  89|0x0000000087700000, 0x0000000087800000, 0x0000000087800000|100%| E|CS|TAMS 0x0000000087700000, 0x0000000087700000| Complete 
|  90|0x0000000087800000, 0x0000000087900000, 0x0000000087900000|100%| E|CS|TAMS 0x0000000087800000, 0x0000000087800000| Complete 
|  91|0x0000000087900000, 0x0000000087a00000, 0x0000000087a00000|100%| E|CS|TAMS 0x0000000087900000, 0x0000000087900000| Complete 
|  92|0x0000000087a00000, 0x0000000087b00000, 0x0000000087b00000|100%| E|CS|TAMS 0x0000000087a00000, 0x0000000087a00000| Complete 
|  93|0x0000000087b00000, 0x0000000087c00000, 0x0000000087c00000|100%| E|CS|TAMS 0x0000000087b00000, 0x0000000087b00000| Complete 
|  94|0x0000000087c00000, 0x0000000087d00000, 0x0000000087d00000|100%| E|CS|TAMS 0x0000000087c00000, 0x0000000087c00000| Complete 
|  95|0x0000000087d00000, 0x0000000087e00000, 0x0000000087e00000|100%| E|CS|TAMS 0x0000000087d00000, 0x0000000087d00000| Complete 
|  96|0x0000000087e00000, 0x0000000087f00000, 0x0000000087f00000|100%| E|CS|TAMS 0x0000000087e00000, 0x0000000087e00000| Complete 
|  97|0x0000000087f00000, 0x0000000088000000, 0x0000000088000000|100%| E|CS|TAMS 0x0000000087f00000, 0x0000000087f00000| Complete 
|  98|0x0000000088000000, 0x0000000088100000, 0x0000000088100000|100%| E|CS|TAMS 0x0000000088000000, 0x0000000088000000| Complete 
|  99|0x0000000088100000, 0x0000000088200000, 0x0000000088200000|100%| E|CS|TAMS 0x0000000088100000, 0x0000000088100000| Complete 
| 100|0x0000000088200000, 0x0000000088300000, 0x0000000088300000|100%| E|CS|TAMS 0x0000000088200000, 0x0000000088200000| Complete 
| 101|0x0000000088300000, 0x0000000088400000, 0x0000000088400000|100%| E|CS|TAMS 0x0000000088300000, 0x0000000088300000| Complete 
| 102|0x0000000088400000, 0x0000000088500000, 0x0000000088500000|100%| E|CS|TAMS 0x0000000088400000, 0x0000000088400000| Complete 
| 103|0x0000000088500000, 0x0000000088600000, 0x0000000088600000|100%| E|CS|TAMS 0x0000000088500000, 0x0000000088500000| Complete 
| 104|0x0000000088600000, 0x0000000088700000, 0x0000000088700000|100%| E|CS|TAMS 0x0000000088600000, 0x0000000088600000| Complete 
| 105|0x0000000088700000, 0x0000000088800000, 0x0000000088800000|100%| E|CS|TAMS 0x0000000088700000, 0x0000000088700000| Complete 
| 106|0x0000000088800000, 0x00000000888d37a0, 0x0000000088900000| 82%| S|CS|TAMS 0x0000000088800000, 0x0000000088800000| Complete 
| 107|0x0000000088900000, 0x0000000088a00000, 0x0000000088a00000|100%| S|CS|TAMS 0x0000000088900000, 0x0000000088900000| Complete 
| 108|0x0000000088a00000, 0x0000000088b00000, 0x0000000088b00000|100%| S|CS|TAMS 0x0000000088a00000, 0x0000000088a00000| Complete 
| 109|0x0000000088b00000, 0x0000000088c00000, 0x0000000088c00000|100%| E|CS|TAMS 0x0000000088b00000, 0x0000000088b00000| Complete 
| 110|0x0000000088c00000, 0x0000000088d00000, 0x0000000088d00000|100%| E|CS|TAMS 0x0000000088c00000, 0x0000000088c00000| Complete 
| 111|0x0000000088d00000, 0x0000000088e00000, 0x0000000088e00000|100%| E|CS|TAMS 0x0000000088d00000, 0x0000000088d00000| Complete 
| 112|0x0000000088e00000, 0x0000000088f00000, 0x0000000088f00000|100%| E|CS|TAMS 0x0000000088e00000, 0x0000000088e00000| Complete 
| 113|0x0000000088f00000, 0x0000000089000000, 0x0000000089000000|100%| E|CS|TAMS 0x0000000088f00000, 0x0000000088f00000| Complete 
| 114|0x0000000089000000, 0x0000000089100000, 0x0000000089100000|100%| E|CS|TAMS 0x0000000089000000, 0x0000000089000000| Complete 
| 115|0x0000000089100000, 0x0000000089200000, 0x0000000089200000|100%| E|CS|TAMS 0x0000000089100000, 0x0000000089100000| Complete 
| 116|0x0000000089200000, 0x0000000089300000, 0x0000000089300000|100%| E|CS|TAMS 0x0000000089200000, 0x0000000089200000| Complete 
| 117|0x0000000089300000, 0x0000000089400000, 0x0000000089400000|100%| E|CS|TAMS 0x0000000089300000, 0x0000000089300000| Complete 
| 118|0x0000000089400000, 0x0000000089500000, 0x0000000089500000|100%| E|CS|TAMS 0x0000000089400000, 0x0000000089400000| Complete 
| 119|0x0000000089500000, 0x0000000089600000, 0x0000000089600000|100%| E|CS|TAMS 0x0000000089500000, 0x0000000089500000| Complete 
| 120|0x0000000089600000, 0x0000000089700000, 0x0000000089700000|100%| E|CS|TAMS 0x0000000089600000, 0x0000000089600000| Complete 
| 121|0x0000000089700000, 0x0000000089800000, 0x0000000089800000|100%| E|CS|TAMS 0x0000000089700000, 0x0000000089700000| Complete 
| 122|0x0000000089800000, 0x0000000089900000, 0x0000000089900000|100%| E|CS|TAMS 0x0000000089800000, 0x0000000089800000| Complete 
| 123|0x0000000089900000, 0x0000000089a00000, 0x0000000089a00000|100%| E|CS|TAMS 0x0000000089900000, 0x0000000089900000| Complete 
| 124|0x0000000089a00000, 0x0000000089b00000, 0x0000000089b00000|100%| E|CS|TAMS 0x0000000089a00000, 0x0000000089a00000| Complete 
| 125|0x0000000089b00000, 0x0000000089c00000, 0x0000000089c00000|100%| E|CS|TAMS 0x0000000089b00000, 0x0000000089b00000| Complete 
| 126|0x0000000089c00000, 0x0000000089d00000, 0x0000000089d00000|100%| E|CS|TAMS 0x0000000089c00000, 0x0000000089c00000| Complete 
| 127|0x0000000089d00000, 0x0000000089e00000, 0x0000000089e00000|100%| E|CS|TAMS 0x0000000089d00000, 0x0000000089d00000| Complete 

Card table byte_map: [0x0000012b7bc30000,0x0000012b7c030000] _byte_map_base: 0x0000012b7b821000

Marking Bits (Prev, Next): (CMBitMap*) 0x0000012b799c5f60, (CMBitMap*) 0x0000012b799c5fa0
 Prev Bits: [0x0000012b7c430000, 0x0000012b7e3b8000)
 Next Bits: [0x0000012b16870000, 0x0000012b187f8000)

Polling page: 0x0000012b79750000

Metaspace:

Usage:
  Non-class:     15.48 MB used.
      Class:      2.65 MB used.
       Both:     18.13 MB used.

Virtual space:
  Non-class space:       64.00 MB reserved,      15.62 MB ( 24%) committed,  1 nodes.
      Class space:        1.00 GB reserved,       2.81 MB ( <1%) committed,  1 nodes.
             Both:        1.06 GB reserved,      18.44 MB (  2%) committed. 

Chunk freelists:
   Non-Class:  192.00 KB
       Class:  1.20 MB
        Both:  1.39 MB

MaxMetaspaceSize: unlimited
CompressedClassSpaceSize: 1.00 GB
Initial GC threshold: 21.00 MB
Current GC threshold: 21.00 MB
CDS: on
MetaspaceReclaimPolicy: balanced
 - commit_granule_bytes: 65536.
 - commit_granule_words: 8192.
 - virtual_space_node_default_size: 8388608.
 - enlarge_chunks_in_place: 1.
 - new_chunks_are_fully_committed: 0.
 - uncommit_free_chunks: 1.
 - use_allocation_guard: 0.


Internal statistics:

num_allocs_failed_limit: 0.
num_arena_births: 364.
num_arena_deaths: 0.
num_vsnodes_births: 2.
num_vsnodes_deaths: 0.
num_space_committed: 295.
num_space_uncommitted: 0.
num_chunks_returned_to_freelist: 0.
num_chunks_taken_from_freelist: 977.
num_chunk_merges: 0.
num_chunk_splits: 661.
num_chunks_enlarged: 500.
num_inconsistent_stats: 0.

CodeHeap 'non-profiled nmethods': size=120000Kb used=1251Kb max_used=1251Kb free=118748Kb
 bounds [0x0000012b0f340000, 0x0000012b0f5b0000, 0x0000012b16870000]
CodeHeap 'profiled nmethods': size=120000Kb used=6511Kb max_used=6511Kb free=113488Kb
 bounds [0x0000012b07e10000, 0x0000012b08470000, 0x0000012b0f340000]
CodeHeap 'non-nmethods': size=5760Kb used=1445Kb max_used=1497Kb free=4314Kb
 bounds [0x0000012b07870000, 0x0000012b07ae0000, 0x0000012b07e10000]
 total_blobs=4155 nmethods=3358 adapters=709
 compilation: enabled
              stopped_count=0, restarted_count=0
 full_count=0

Compilation events (20 events):
Event: 9.179 Thread 0x0000012b7e9bad30 nmethod 3353 0x0000012b0846a490 code [0x0000012b0846a660, 0x0000012b0846aab8]
Event: 9.179 Thread 0x0000012b7e9bad30 3350       3       java.lang.reflect.Constructor::getParameterTypes (11 bytes)
Event: 9.179 Thread 0x0000012b7e9bad30 nmethod 3350 0x0000012b0846ac10 code [0x0000012b0846adc0, 0x0000012b0846b088]
Event: 9.179 Thread 0x0000012b7e9bad30 3354       3       java.util.LinkedList::add (7 bytes)
Event: 9.179 Thread 0x0000012b7e9bad30 nmethod 3354 0x0000012b0846b190 code [0x0000012b0846b340, 0x0000012b0846b488]
Event: 9.179 Thread 0x0000012b7e9bad30 3351       3       com.sun.javafx.fxml.BeanAdapter::put (10 bytes)
Event: 9.179 Thread 0x0000012b7e9bad30 nmethod 3351 0x0000012b0846b510 code [0x0000012b0846b6c0, 0x0000012b0846b908]
Event: 9.179 Thread 0x0000012b7e9bad30 3356       1       java.lang.Class::getAnnotationType (5 bytes)
Event: 9.179 Thread 0x0000012b7e9bad30 nmethod 3356 0x0000012b0f476710 code [0x0000012b0f4768a0, 0x0000012b0f476978]
Event: 9.179 Thread 0x0000012b7e9bad30 3357       1       java.lang.reflect.Method::getRoot (5 bytes)
Event: 9.179 Thread 0x0000012b7e9bad30 nmethod 3357 0x0000012b0f476a10 code [0x0000012b0f476ba0, 0x0000012b0f476c78]
Event: 9.182 Thread 0x0000012b7e9b23a0 nmethod 3349 0x0000012b0f476d10 code [0x0000012b0f476ea0, 0x0000012b0f4770b8]
Event: 9.182 Thread 0x0000012b7e9b23a0 3348       4       java.util.HashMap::containsKey (14 bytes)
Event: 9.188 Thread 0x0000012b7e9b23a0 nmethod 3348 0x0000012b0f477210 code [0x0000012b0f4773c0, 0x0000012b0f477788]
Event: 86.278 Thread 0x0000012b7e9b23a0 3358       4       com.sun.javafx.tk.quantum.QuantumToolkit::postPulse (133 bytes)
Event: 86.283 Thread 0x0000012b7e9b23a0 nmethod 3358 0x0000012b0f477a90 code [0x0000012b0f477c40, 0x0000012b0f477ea8]
Event: 86.661 Thread 0x0000012b7e9b23a0 3359       4       com.sun.javafx.tk.quantum.QuantumToolkit$$Lambda$91/0x0000000800c39270::run (8 bytes)
Event: 86.673 Thread 0x0000012b7e9b23a0 nmethod 3359 0x0000012b0f478190 code [0x0000012b0f478360, 0x0000012b0f478630]
Event: 531.477 Thread 0x0000012b7e9bad30 3361       3       java.lang.invoke.MethodHandles$Lookup$ClassDefiner::defineClassAsLookup (19 bytes)
Event: 531.478 Thread 0x0000012b7e9bad30 nmethod 3361 0x0000012b0846ba10 code [0x0000012b0846bbc0, 0x0000012b0846bdb8]

GC Heap History (4 events):
Event: 0.564 GC heap before
{Heap before GC invocations=0 (full 0):
 garbage-first heap   total 131072K, used 13312K [0x0000000081e00000, 0x0000000100000000)
  region size 1024K, 13 young (13312K), 0 survivors (0K)
 Metaspace       used 2752K, committed 2944K, reserved 1114112K
  class space    used 288K, committed 384K, reserved 1048576K
}
Event: 0.568 GC heap after
{Heap after GC invocations=1 (full 0):
 garbage-first heap   total 131072K, used 2321K [0x0000000081e00000, 0x0000000100000000)
  region size 1024K, 2 young (2048K), 2 survivors (2048K)
 Metaspace       used 2752K, committed 2944K, reserved 1114112K
  class space    used 288K, committed 384K, reserved 1048576K
}
Event: 0.969 GC heap before
{Heap before GC invocations=1 (full 0):
 garbage-first heap   total 131072K, used 18705K [0x0000000081e00000, 0x0000000100000000)
  region size 1024K, 19 young (19456K), 2 survivors (2048K)
 Metaspace       used 8101K, committed 8320K, reserved 1114112K
  class space    used 1046K, committed 1152K, reserved 1048576K
}
Event: 0.974 GC heap after
{Heap after GC invocations=2 (full 0):
 garbage-first heap   total 131072K, used 5264K [0x0000000081e00000, 0x0000000100000000)
  region size 1024K, 3 young (3072K), 3 survivors (3072K)
 Metaspace       used 8101K, committed 8320K, reserved 1114112K
  class space    used 1046K, committed 1152K, reserved 1048576K
}

Deoptimization events (20 events):
Event: 5.328 Thread 0x0000012b7f708f50 Uncommon trap: trap_request=0xffffff45 fr.pc=0x0000012b0f41495c relative=0x000000000000005c
Event: 5.328 Thread 0x0000012b7f708f50 Uncommon trap: reason=unstable_if action=reinterpret pc=0x0000012b0f41495c method=javafx.scene.Node.updateLocalToParentTransform()V @ 4 c2
Event: 5.328 Thread 0x0000012b7f708f50 DEOPT PACKING pc=0x0000012b0f41495c sp=0x00000011ce7fc990
Event: 5.328 Thread 0x0000012b7f708f50 DEOPT UNPACKING pc=0x0000012b078c23a3 sp=0x00000011ce7fc8e8 mode 2
Event: 5.639 Thread 0x0000012b7ec2df10 Uncommon trap: trap_request=0xffffff45 fr.pc=0x0000012b0f4187fc relative=0x0000000000000fbc
Event: 5.639 Thread 0x0000012b7ec2df10 Uncommon trap: reason=unstable_if action=reinterpret pc=0x0000012b0f4187fc method=com.sun.scenario.effect.impl.state.BoxRenderState.validateWeights()V @ 147 c2
Event: 5.639 Thread 0x0000012b7ec2df10 DEOPT PACKING pc=0x0000012b0f4187fc sp=0x00000011ce5fc120
Event: 5.639 Thread 0x0000012b7ec2df10 DEOPT UNPACKING pc=0x0000012b078c23a3 sp=0x00000011ce5fc0a8 mode 2
Event: 6.399 Thread 0x0000012b7ec2df10 DEOPT PACKING pc=0x0000012b083cdaba sp=0x00000011ce5fe020
Event: 6.399 Thread 0x0000012b7ec2df10 DEOPT UNPACKING pc=0x0000012b078c2b43 sp=0x00000011ce5fd520 mode 0
Event: 8.166 Thread 0x0000012b7ec2df10 Uncommon trap: trap_request=0xffffff45 fr.pc=0x0000012b0f41a90c relative=0x000000000000008c
Event: 8.166 Thread 0x0000012b7ec2df10 Uncommon trap: reason=unstable_if action=reinterpret pc=0x0000012b0f41a90c method=com.sun.javafx.geom.RectBounds.isEmpty()Z @ 21 c2
Event: 8.166 Thread 0x0000012b7ec2df10 DEOPT PACKING pc=0x0000012b0f41a90c sp=0x00000011ce5fd4e0
Event: 8.166 Thread 0x0000012b7ec2df10 DEOPT UNPACKING pc=0x0000012b078c23a3 sp=0x00000011ce5fd470 mode 2
Event: 8.168 Thread 0x0000012b7ec2df10 DEOPT PACKING pc=0x0000012b083cdaba sp=0x00000011ce5fe030
Event: 8.168 Thread 0x0000012b7ec2df10 DEOPT UNPACKING pc=0x0000012b078c2b43 sp=0x00000011ce5fd530 mode 0
Event: 8.179 Thread 0x0000012b7ec2df10 DEOPT PACKING pc=0x0000012b083cdaba sp=0x00000011ce5fe020
Event: 8.179 Thread 0x0000012b7ec2df10 DEOPT UNPACKING pc=0x0000012b078c2b43 sp=0x00000011ce5fd520 mode 0
Event: 9.061 Thread 0x0000012b7ec2df10 DEOPT PACKING pc=0x0000012b083cdca7 sp=0x00000011ce5fe030
Event: 9.061 Thread 0x0000012b7ec2df10 DEOPT UNPACKING pc=0x0000012b078c2b43 sp=0x00000011ce5fd530 mode 0

Classes loaded (20 events):
Event: 9.125 Loading class java/lang/constant/MethodHandleDesc
Event: 9.125 Loading class java/lang/constant/MethodHandleDesc done
Event: 9.125 Loading class java/lang/constant/MethodHandleDesc$1
Event: 9.126 Loading class java/lang/constant/MethodHandleDesc$1 done
Event: 9.126 Loading class java/lang/constant/DirectMethodHandleDescImpl
Event: 9.126 Loading class java/lang/constant/DirectMethodHandleDesc
Event: 9.126 Loading class java/lang/constant/DirectMethodHandleDesc done
Event: 9.126 Loading class java/lang/constant/DirectMethodHandleDescImpl done
Event: 9.126 Loading class java/lang/constant/DirectMethodHandleDescImpl$1
Event: 9.126 Loading class java/lang/constant/DirectMethodHandleDescImpl$1 done
Event: 9.126 Loading class java/lang/constant/DirectMethodHandleDesc$1
Event: 9.126 Loading class java/lang/constant/DirectMethodHandleDesc$1 done
Event: 9.126 Loading class java/lang/constant/PrimitiveClassDescImpl
Event: 9.126 Loading class java/lang/constant/DynamicConstantDesc
Event: 9.126 Loading class java/lang/constant/DynamicConstantDesc done
Event: 9.126 Loading class java/lang/constant/PrimitiveClassDescImpl done
Event: 9.127 Loading class java/lang/constant/DynamicConstantDesc$AnonymousDynamicConstantDesc
Event: 9.127 Loading class java/lang/constant/DynamicConstantDesc$AnonymousDynamicConstantDesc done
Event: 531.475 Loading class jdk/internal/misc/Signal$1
Event: 531.475 Loading class jdk/internal/misc/Signal$1 done

Classes unloaded (0 events):
No events

Classes redefined (0 events):
No events

Internal exceptions (20 events):
Event: 1.285 Thread 0x0000012b7f708f50 Implicit null exception at 0x0000012b0f39568c to 0x0000012b0f39591c
Event: 1.433 Thread 0x0000012b7f708f50 Exception <a 'java/lang/NoSuchMethodError'{0x00000000891c4a28}: 'java.lang.Object java.lang.invoke.DirectMethodHandle$Holder.invokeInterface(java.lang.Object, java.lang.Object, java.lang.Object)'> (0x00000000891c4a28) 
thrown [s\open\src\hotspot\share\interpreter\linkResolver.cpp, line 759]
Event: 1.433 Thread 0x0000012b7f708f50 Exception <a 'java/lang/IncompatibleClassChangeError'{0x00000000891c83a8}: Found class java.lang.Object, but interface was expected> (0x00000000891c83a8) 
thrown [s\open\src\hotspot\share\interpreter\linkResolver.cpp, line 826]
Event: 1.477 Thread 0x0000012b7f708f50 Exception <a 'java/lang/ClassNotFoundException'{0x0000000088fa73c0}: com/sun/javafx/scene/control/skin/resources/controls> (0x0000000088fa73c0) 
thrown [s\open\src\hotspot\share\prims\jni.cpp, line 535]
Event: 1.479 Thread 0x0000012b7f708f50 Exception <a 'java/lang/ClassNotFoundException'{0x0000000088fb5360}: com/sun/javafx/scene/control/skin/resources/controls_ru> (0x0000000088fb5360) 
thrown [s\open\src\hotspot\share\prims\jni.cpp, line 535]
Event: 1.479 Thread 0x0000012b7f708f50 Exception <a 'java/lang/ClassNotFoundException'{0x0000000088fb6ac8}: com/sun/javafx/scene/control/skin/resources/controls_ru_RU> (0x0000000088fb6ac8) 
thrown [s\open\src\hotspot\share\prims\jni.cpp, line 535]
Event: 1.538 Thread 0x0000012b7f708f50 Exception <a 'java/lang/NoSuchMethodError'{0x0000000088dc3608}: 'void java.lang.invoke.DirectMethodHandle$Holder.invokeSpecial(java.lang.Object, java.lang.Object, java.lang.Object, java.lang.Object, java.lang.Object, java.lang.Object)'> (0x0000000088dc3608) 
thrown [s\open\src\hotspot\share\interpreter\linkResolver.cpp, line 759]
Event: 1.637 Thread 0x0000012b7f708f50 Exception <a 'java/lang/NoSuchMethodError'{0x0000000088635bb8}: 'int java.lang.invoke.DirectMethodHandle$Holder.invokeSpecial(java.lang.Object, java.lang.Object, int)'> (0x0000000088635bb8) 
thrown [s\open\src\hotspot\share\interpreter\linkResolver.cpp, line 759]
Event: 1.651 Thread 0x0000012b7f708f50 Exception <a 'java/lang/NoSuchMethodError'{0x00000000886681c0}: 'java.lang.Object java.lang.invoke.DirectMethodHandle$Holder.newInvokeSpecial(java.lang.Object, java.lang.Object, int)'> (0x00000000886681c0) 
thrown [s\open\src\hotspot\share\interpreter\linkResolver.cpp, line 759]
Event: 1.686 Thread 0x0000012b7ec2df10 Exception <a 'java/lang/NoSuchMethodError'{0x00000000885678c0}: 'int java.lang.invoke.DirectMethodHandle$Holder.invokeStaticInit(java.lang.Object, java.lang.Object)'> (0x00000000885678c0) 
thrown [s\open\src\hotspot\share\interpreter\linkResolver.cpp, line 759]
Event: 1.688 Thread 0x0000012b7f708f50 Exception <a 'java/lang/NoSuchMethodError'{0x000000008853b9f0}: 'long java.lang.invoke.DirectMethodHandle$Holder.invokeStatic(java.lang.Object, java.lang.Object, java.lang.Object)'> (0x000000008853b9f0) 
thrown [s\open\src\hotspot\share\interpreter\linkResolver.cpp, line 759]
Event: 1.689 Thread 0x0000012b7f708f50 Exception <a 'java/lang/NoSuchMethodError'{0x000000008853f190}: 'long java.lang.invoke.DirectMethodHandle$Holder.invokeStaticInit(java.lang.Object, java.lang.Object, java.lang.Object)'> (0x000000008853f190) 
thrown [s\open\src\hotspot\share\interpreter\linkResolver.cpp, line 759]
Event: 1.692 Thread 0x0000012b7f708f50 Exception <a 'java/lang/NoSuchMethodError'{0x00000000885b32c0}: 'java.lang.Object java.lang.invoke.DirectMethodHandle$Holder.newInvokeSpecial(java.lang.Object, java.lang.Object, long)'> (0x00000000885b32c0) 
thrown [s\open\src\hotspot\share\interpreter\linkResolver.cpp, line 759]
Event: 1.693 Thread 0x0000012b7f708f50 Exception <a 'java/lang/NoSuchMethodError'{0x00000000885b6e38}: 'java.lang.Object java.lang.invoke.Invokers$Holder.linkToTargetMethod(java.lang.Object, long, java.lang.Object)'> (0x00000000885b6e38) 
thrown [s\open\src\hotspot\share\interpreter\linkResolver.cpp, line 759]
Event: 1.860 Thread 0x0000012b7ec2df10 Exception <a 'java/lang/NoSuchMethodError'{0x0000000088173e28}: 'java.lang.Object java.lang.invoke.DirectMethodHandle$Holder.invokeStaticInit(java.lang.Object, int)'> (0x0000000088173e28) 
thrown [s\open\src\hotspot\share\interpreter\linkResolver.cpp, line 759]
Event: 4.369 Thread 0x0000012b7f708f50 Exception <a 'java/lang/NoSuchMethodError'{0x0000000087f4a970}: 'long java.lang.invoke.DirectMethodHandle$Holder.invokeSpecial(java.lang.Object, java.lang.Object)'> (0x0000000087f4a970) 
thrown [s\open\src\hotspot\share\interpreter\linkResolver.cpp, line 759]
Event: 4.369 Thread 0x0000012b7f708f50 Exception <a 'java/lang/NoSuchMethodError'{0x0000000087f8a7c8}: 'long java.lang.invoke.Invokers$Holder.invokeExact_MT(java.lang.Object, java.lang.Object)'> (0x0000000087f8a7c8) 
thrown [s\open\src\hotspot\share\interpreter\linkResolver.cpp, line 759]
Event: 5.437 Thread 0x0000012b7f708f50 Exception <a 'java/lang/NoSuchMethodError'{0x000000008786c348}: 'int java.lang.invoke.DirectMethodHandle$Holder.invokeVirtual(java.lang.Object, java.lang.Object)'> (0x000000008786c348) 
thrown [s\open\src\hotspot\share\interpreter\linkResolver.cpp, line 759]
Event: 8.132 Thread 0x0000012b7f708f50 Exception <a 'java/lang/NoSuchMethodError'{0x00000000874aa4c8}: 'void java.lang.invoke.DirectMethodHandle$Holder.invokeVirtual(java.lang.Object, java.lang.Object, int)'> (0x00000000874aa4c8) 
thrown [s\open\src\hotspot\share\interpreter\linkResolver.cpp, line 759]
Event: 9.111 Thread 0x0000012b7f708f50 Exception <a 'java/lang/NoSuchMethodError'{0x000000008722e730}: static [I.<clinit>()V> (0x000000008722e730) 
thrown [s\open\src\hotspot\share\prims\jni.cpp, line 1104]

VM Operations (20 events):
Event: 2.668 Executing VM operation: Cleanup done
Event: 3.668 Executing VM operation: Cleanup
Event: 3.668 Executing VM operation: Cleanup done
Event: 4.669 Executing VM operation: Cleanup
Event: 4.669 Executing VM operation: Cleanup done
Event: 5.520 Executing VM operation: ICBufferFull
Event: 5.520 Executing VM operation: ICBufferFull done
Event: 6.520 Executing VM operation: Cleanup
Event: 6.520 Executing VM operation: Cleanup done
Event: 8.130 Executing VM operation: HandshakeAllThreads
Event: 8.130 Executing VM operation: HandshakeAllThreads done
Event: 8.130 Executing VM operation: Cleanup
Event: 8.130 Executing VM operation: Cleanup done
Event: 8.139 Executing VM operation: HandshakeAllThreads
Event: 8.139 Executing VM operation: HandshakeAllThreads done
Event: 9.112 Executing VM operation: HandshakeAllThreads
Event: 9.113 Executing VM operation: HandshakeAllThreads done
Event: 10.112 Executing VM operation: Cleanup
Event: 10.113 Executing VM operation: Cleanup done
Event: 531.478 Executing VM operation: Exit

Events (20 events):
Event: 0.558 Thread 0x0000012b7f701770 Thread added: 0x0000012b7f701770
Event: 0.564 Thread 0x0000012b7f708f50 Thread added: 0x0000012b7f708f50
Event: 0.662 Loaded shared library C:\Program Files\Java\jdk-18.0.2.1\bin\jimage.dll
Event: 0.662 Thread 0x0000012b1f0a1a60 Thread added: 0x0000012b1f0a1a60
Event: 0.676 Thread 0x0000012b1efc8b20 Thread added: 0x0000012b1efc8b20
Event: 0.876 Loaded shared library C:\Program Files\Java\openjfx-19_windows-x64_bin-sdk\javafx-sdk-19\bin\javafx_font.dll
Event: 1.423 Thread 0x0000012b1ec4c700 Thread added: 0x0000012b1ec4c700
Event: 1.774 Thread 0x0000012b1ec4a080 Thread added: 0x0000012b1ec4a080
Event: 1.774 Thread 0x0000012b7ec74010 Thread exited: 0x0000012b7ec74010
Event: 5.489 Thread 0x0000012b1f3d9e80 Thread added: 0x0000012b1f3d9e80
Event: 6.010 Thread 0x0000012b1f3d9e80 Thread exited: 0x0000012b1f3d9e80
Event: 8.146 Thread 0x0000012b1f3dc960 Thread added: 0x0000012b1f3dc960
Event: 8.422 Thread 0x0000012b1f3dc960 Thread exited: 0x0000012b1f3dc960
Event: 9.171 Thread 0x0000012b7ed8fde0 Thread added: 0x0000012b7ed8fde0
Event: 14.197 Thread 0x0000012b7ed8fde0 Thread exited: 0x0000012b7ed8fde0
Event: 531.476 Thread 0x0000012b7f6de960 Thread added: 0x0000012b7f6de960
Event: 531.476 Thread 0x0000012b7f6df300 Thread added: 0x0000012b7f6df300
Event: 531.476 Thread 0x0000012b7f6ddfc0 Thread added: 0x0000012b7f6ddfc0
Event: 531.477 Thread 0x0000012b7f6df300 Thread exited: 0x0000012b7f6df300
Event: 531.478 Thread 0x0000012b7f6ddfc0 Thread exited: 0x0000012b7f6ddfc0


Dynamic libraries:
0x00007ff691320000 - 0x00007ff691330000 	C:\Program Files\Java\jdk-18.0.2.1\bin\java.exe
0x00007ffba56f0000 - 0x00007ffba58e8000 	C:\Windows\SYSTEM32\ntdll.dll
0x00007ffba3d30000 - 0x00007ffba3ded000 	C:\Windows\System32\KERNEL32.DLL
0x00007ffba3060000 - 0x00007ffba332e000 	C:\Windows\System32\KERNELBASE.dll
0x00007ffba2f30000 - 0x00007ffba3030000 	C:\Windows\System32\ucrtbase.dll
0x00007ffb9dbd0000 - 0x00007ffb9dbea000 	C:\Program Files\Java\jdk-18.0.2.1\bin\VCRUNTIME140.dll
0x00007ffb9e670000 - 0x00007ffb9e688000 	C:\Program Files\Java\jdk-18.0.2.1\bin\jli.dll
0x00007ffba4230000 - 0x00007ffba42de000 	C:\Windows\System32\ADVAPI32.dll
0x00007ffba4de0000 - 0x00007ffba4e7e000 	C:\Windows\System32\msvcrt.dll
0x00007ffba4180000 - 0x00007ffba421c000 	C:\Windows\System32\sechost.dll
0x00007ffba3df0000 - 0x00007ffba3f15000 	C:\Windows\System32\RPCRT4.dll
0x00007ffb8dfa0000 - 0x00007ffb8e23a000 	C:\Windows\WinSxS\amd64_microsoft.windows.common-controls_6595b64144ccf1df_6.0.19041.1110_none_60b5254171f9507e\COMCTL32.dll
0x00007ffba42e0000 - 0x00007ffba4480000 	C:\Windows\System32\USER32.dll
0x00007ffba4ef0000 - 0x00007ffba4f1a000 	C:\Windows\System32\GDI32.dll
0x00007ffba3030000 - 0x00007ffba3052000 	C:\Windows\System32\win32u.dll
0x00007ffba33c0000 - 0x00007ffba34cb000 	C:\Windows\System32\gdi32full.dll
0x00007ffba3550000 - 0x00007ffba35ed000 	C:\Windows\System32\msvcp_win.dll
0x00007ffb9d0b0000 - 0x00007ffb9d0ba000 	C:\Windows\SYSTEM32\VERSION.dll
0x00007ffba38c0000 - 0x00007ffba38f0000 	C:\Windows\System32\IMM32.DLL
0x00007ffb9e660000 - 0x00007ffb9e66c000 	C:\Program Files\Java\jdk-18.0.2.1\bin\vcruntime140_1.dll
0x00007ffb7d3f0000 - 0x00007ffb7d47d000 	C:\Program Files\Java\jdk-18.0.2.1\bin\msvcp140.dll
0x00007ffb431c0000 - 0x00007ffb43dd1000 	C:\Program Files\Java\jdk-18.0.2.1\bin\server\jvm.dll
0x00007ffba3f20000 - 0x00007ffba3f28000 	C:\Windows\System32\PSAPI.DLL
0x00007ffb8c640000 - 0x00007ffb8c649000 	C:\Windows\SYSTEM32\WSOCK32.dll
0x00007ffb8e400000 - 0x00007ffb8e427000 	C:\Windows\SYSTEM32\WINMM.dll
0x00007ffba4e80000 - 0x00007ffba4eeb000 	C:\Windows\System32\WS2_32.dll
0x00007ffba16a0000 - 0x00007ffba16b2000 	C:\Windows\SYSTEM32\kernel.appcore.dll
0x00007ffb9dbc0000 - 0x00007ffb9dbca000 	C:\Program Files\Java\jdk-18.0.2.1\bin\jimage.dll
0x00007ffba1480000 - 0x00007ffba1664000 	C:\Windows\SYSTEM32\DBGHELP.DLL
0x00007ffb89a50000 - 0x00007ffb89a7c000 	C:\Windows\SYSTEM32\dbgcore.DLL
0x00007ffba3330000 - 0x00007ffba33b2000 	C:\Windows\System32\bcryptPrimitives.dll
0x00007ffb9cdc0000 - 0x00007ffb9cdce000 	C:\Program Files\Java\jdk-18.0.2.1\bin\instrument.dll
0x00007ffb8bf70000 - 0x00007ffb8bf95000 	C:\Program Files\Java\jdk-18.0.2.1\bin\java.dll
0x00007ffb7d310000 - 0x00007ffb7d3e6000 	C:\Program Files\Java\jdk-18.0.2.1\bin\jsvml.dll
0x00007ffba4690000 - 0x00007ffba4dd4000 	C:\Windows\System32\SHELL32.dll
0x00007ffba0ce0000 - 0x00007ffba1474000 	C:\Windows\SYSTEM32\windows.storage.dll
0x00007ffba38f0000 - 0x00007ffba3c44000 	C:\Windows\System32\combase.dll
0x00007ffba2870000 - 0x00007ffba28a0000 	C:\Windows\SYSTEM32\Wldp.dll
0x00007ffba5600000 - 0x00007ffba56ad000 	C:\Windows\System32\SHCORE.dll
0x00007ffba4f20000 - 0x00007ffba4f75000 	C:\Windows\System32\shlwapi.dll
0x00007ffba2d50000 - 0x00007ffba2d6f000 	C:\Windows\SYSTEM32\profapi.dll
0x00007ffb8c420000 - 0x00007ffb8c433000 	C:\Program Files\Java\jdk-18.0.2.1\bin\net.dll
0x00007ffb905d0000 - 0x00007ffb906da000 	C:\Windows\SYSTEM32\WINHTTP.dll
0x00007ffba25d0000 - 0x00007ffba263a000 	C:\Windows\system32\mswsock.dll
0x00007ffb8bba0000 - 0x00007ffb8bbb6000 	C:\Program Files\Java\jdk-18.0.2.1\bin\nio.dll
0x00007ffb9cb00000 - 0x00007ffb9cb18000 	C:\Program Files\Java\jdk-18.0.2.1\bin\zip.dll
0x00007ffb8bb80000 - 0x00007ffb8bb9a000 	C:\Program Files\JetBrains\IntelliJ IDEA Community Edition 2022.2.1\bin\breakgen64.dll
0x0000012b7f790000 - 0x0000012b7f793000 	C:\Program Files\Java\openjfx-19_windows-x64_bin-sdk\javafx-sdk-19\bin\api-ms-win-core-console-l1-1-0.dll
0x0000012b7f7a0000 - 0x0000012b7f7a3000 	C:\Program Files\Java\openjfx-19_windows-x64_bin-sdk\javafx-sdk-19\bin\api-ms-win-core-console-l1-2-0.dll
0x0000012b7f7b0000 - 0x0000012b7f7b3000 	C:\Program Files\Java\openjfx-19_windows-x64_bin-sdk\javafx-sdk-19\bin\api-ms-win-core-datetime-l1-1-0.dll
0x0000012b7f7c0000 - 0x0000012b7f7c3000 	C:\Program Files\Java\openjfx-19_windows-x64_bin-sdk\javafx-sdk-19\bin\api-ms-win-core-debug-l1-1-0.dll
0x0000012b7f7d0000 - 0x0000012b7f7d3000 	C:\Program Files\Java\openjfx-19_windows-x64_bin-sdk\javafx-sdk-19\bin\api-ms-win-core-errorhandling-l1-1-0.dll
0x0000012b7f7e0000 - 0x0000012b7f7e4000 	C:\Program Files\Java\openjfx-19_windows-x64_bin-sdk\javafx-sdk-19\bin\api-ms-win-core-file-l1-1-0.dll
0x0000012b7f7f0000 - 0x0000012b7f7f3000 	C:\Program Files\Java\openjfx-19_windows-x64_bin-sdk\javafx-sdk-19\bin\api-ms-win-core-file-l1-2-0.dll
0x0000012b7f910000 - 0x0000012b7f913000 	C:\Program Files\Java\openjfx-19_windows-x64_bin-sdk\javafx-sdk-19\bin\api-ms-win-core-file-l2-1-0.dll
0x0000012b7f800000 - 0x0000012b7f803000 	C:\Program Files\Java\openjfx-19_windows-x64_bin-sdk\javafx-sdk-19\bin\api-ms-win-core-handle-l1-1-0.dll
0x0000012b7f810000 - 0x0000012b7f813000 	C:\Program Files\Java\openjfx-19_windows-x64_bin-sdk\javafx-sdk-19\bin\api-ms-win-core-heap-l1-1-0.dll
0x0000012b7f820000 - 0x0000012b7f823000 	C:\Program Files\Java\openjfx-19_windows-x64_bin-sdk\javafx-sdk-19\bin\api-ms-win-core-interlocked-l1-1-0.dll
0x0000012b7f830000 - 0x0000012b7f833000 	C:\Program Files\Java\openjfx-19_windows-x64_bin-sdk\javafx-sdk-19\bin\api-ms-win-core-libraryloader-l1-1-0.dll
0x0000012b7f840000 - 0x0000012b7f843000 	C:\Program Files\Java\openjfx-19_windows-x64_bin-sdk\javafx-sdk-19\bin\api-ms-win-core-localization-l1-2-0.dll
0x0000012b7f850000 - 0x0000012b7f853000 	C:\Program Files\Java\openjfx-19_windows-x64_bin-sdk\javafx-sdk-19\bin\api-ms-win-core-memory-l1-1-0.dll
0x0000012b7f860000 - 0x0000012b7f863000 	C:\Program Files\Java\openjfx-19_windows-x64_bin-sdk\javafx-sdk-19\bin\api-ms-win-core-namedpipe-l1-1-0.dll
0x0000012b7f870000 - 0x0000012b7f873000 	C:\Program Files\Java\openjfx-19_windows-x64_bin-sdk\javafx-sdk-19\bin\api-ms-win-core-processenvironment-l1-1-0.dll
0x0000012b7f880000 - 0x0000012b7f883000 	C:\Program Files\Java\openjfx-19_windows-x64_bin-sdk\javafx-sdk-19\bin\api-ms-win-core-processthreads-l1-1-0.dll
0x0000012b7f890000 - 0x0000012b7f893000 	C:\Program Files\Java\openjfx-19_windows-x64_bin-sdk\javafx-sdk-19\bin\api-ms-win-core-processthreads-l1-1-1.dll
0x0000012b7f8a0000 - 0x0000012b7f8a3000 	C:\Program Files\Java\openjfx-19_windows-x64_bin-sdk\javafx-sdk-19\bin\api-ms-win-core-profile-l1-1-0.dll
0x0000012b7f8b0000 - 0x0000012b7f8b3000 	C:\Program Files\Java\openjfx-19_windows-x64_bin-sdk\javafx-sdk-19\bin\api-ms-win-core-rtlsupport-l1-1-0.dll
0x0000012b7f8c0000 - 0x0000012b7f8c3000 	C:\Program Files\Java\openjfx-19_windows-x64_bin-sdk\javafx-sdk-19\bin\api-ms-win-core-string-l1-1-0.dll
0x0000012b7f8d0000 - 0x0000012b7f8d3000 	C:\Program Files\Java\openjfx-19_windows-x64_bin-sdk\javafx-sdk-19\bin\api-ms-win-core-synch-l1-1-0.dll
0x0000012b7f8e0000 - 0x0000012b7f8e3000 	C:\Program Files\Java\openjfx-19_windows-x64_bin-sdk\javafx-sdk-19\bin\api-ms-win-core-synch-l1-2-0.dll
0x0000012b7f8f0000 - 0x0000012b7f8f3000 	C:\Program Files\Java\openjfx-19_windows-x64_bin-sdk\javafx-sdk-19\bin\api-ms-win-core-sysinfo-l1-1-0.dll
0x0000012b7f900000 - 0x0000012b7f903000 	C:\Program Files\Java\openjfx-19_windows-x64_bin-sdk\javafx-sdk-19\bin\api-ms-win-core-timezone-l1-1-0.dll
0x0000012b7f920000 - 0x0000012b7f923000 	C:\Program Files\Java\openjfx-19_windows-x64_bin-sdk\javafx-sdk-19\bin\api-ms-win-core-util-l1-1-0.dll
0x0000012b7f930000 - 0x0000012b7f933000 	C:\Program Files\Java\openjfx-19_windows-x64_bin-sdk\javafx-sdk-19\bin\api-ms-win-crt-conio-l1-1-0.dll
0x0000012b7fa60000 - 0x0000012b7fa64000 	C:\Program Files\Java\openjfx-19_windows-x64_bin-sdk\javafx-sdk-19\bin\api-ms-win-crt-convert-l1-1-0.dll
0x0000012b7f940000 - 0x0000012b7f943000 	C:\Program Files\Java\openjfx-19_windows-x64_bin-sdk\javafx-sdk-19\bin\api-ms-win-crt-environment-l1-1-0.dll
0x0000012b7f950000 - 0x0000012b7f953000 	C:\Program Files\Java\openjfx-19_windows-x64_bin-sdk\javafx-sdk-19\bin\api-ms-win-crt-filesystem-l1-1-0.dll
0x0000012b7f960000 - 0x0000012b7f963000 	C:\Program Files\Java\openjfx-19_windows-x64_bin-sdk\javafx-sdk-19\bin\api-ms-win-crt-heap-l1-1-0.dll
0x0000012b7f970000 - 0x0000012b7f973000 	C:\Program Files\Java\openjfx-19_windows-x64_bin-sdk\javafx-sdk-19\bin\api-ms-win-crt-locale-l1-1-0.dll
0x0000012b7f980000 - 0x0000012b7f985000 	C:\Program Files\Java\openjfx-19_windows-x64_bin-sdk\javafx-sdk-19\bin\api-ms-win-crt-math-l1-1-0.dll
0x0000012b7f990000 - 0x0000012b7f995000 	C:\Program Files\Java\openjfx-19_windows-x64_bin-sdk\javafx-sdk-19\bin\api-ms-win-crt-multibyte-l1-1-0.dll
0x0000012b7f9a0000 - 0x0000012b7f9b0000 	C:\Program Files\Java\openjfx-19_windows-x64_bin-sdk\javafx-sdk-19\bin\api-ms-win-crt-private-l1-1-0.dll
0x0000012b7f9b0000 - 0x0000012b7f9b3000 	C:\Program Files\Java\openjfx-19_windows-x64_bin-sdk\javafx-sdk-19\bin\api-ms-win-crt-process-l1-1-0.dll
0x0000012b7f9c0000 - 0x0000012b7f9c4000 	C:\Program Files\Java\openjfx-19_windows-x64_bin-sdk\javafx-sdk-19\bin\api-ms-win-crt-runtime-l1-1-0.dll
0x0000012b7f9d0000 - 0x0000012b7f9d4000 	C:\Program Files\Java\openjfx-19_windows-x64_bin-sdk\javafx-sdk-19\bin\api-ms-win-crt-stdio-l1-1-0.dll
0x0000012b7f9e0000 - 0x0000012b7f9e4000 	C:\Program Files\Java\openjfx-19_windows-x64_bin-sdk\javafx-sdk-19\bin\api-ms-win-crt-string-l1-1-0.dll
0x0000012b7f9f0000 - 0x0000012b7f9f3000 	C:\Program Files\Java\openjfx-19_windows-x64_bin-sdk\javafx-sdk-19\bin\api-ms-win-crt-time-l1-1-0.dll
0x0000012b7fa00000 - 0x0000012b7fa03000 	C:\Program Files\Java\openjfx-19_windows-x64_bin-sdk\javafx-sdk-19\bin\api-ms-win-crt-utility-l1-1-0.dll
0x00007ffb3ef80000 - 0x00007ffb3f07c000 	C:\Program Files\Java\openjfx-19_windows-x64_bin-sdk\javafx-sdk-19\bin\ucrtbase.dll
0x00007ffb81a50000 - 0x00007ffb81a6b000 	C:\Program Files\Java\openjfx-19_windows-x64_bin-sdk\javafx-sdk-19\bin\vcruntime140.dll
0x00007ffb9cdb0000 - 0x00007ffb9cdbc000 	C:\Program Files\Java\openjfx-19_windows-x64_bin-sdk\javafx-sdk-19\bin\vcruntime140_1.dll
0x00007ffb48be0000 - 0x00007ffb48c6e000 	C:\Program Files\Java\openjfx-19_windows-x64_bin-sdk\javafx-sdk-19\bin\msvcp140.dll
0x00007ffb9ade0000 - 0x00007ffb9ade9000 	C:\Program Files\Java\openjfx-19_windows-x64_bin-sdk\javafx-sdk-19\bin\msvcp140_1.dll
0x00007ffb7efe0000 - 0x00007ffb7f010000 	C:\Program Files\Java\openjfx-19_windows-x64_bin-sdk\javafx-sdk-19\bin\msvcp140_2.dll
0x00007ffb7d4d0000 - 0x00007ffb7d4fc000 	C:\Program Files\Java\openjfx-19_windows-x64_bin-sdk\javafx-sdk-19\bin\prism_d3d.dll
0x00007ffb91370000 - 0x00007ffb9153f000 	C:\Windows\system32\d3d9.dll
0x00007ffba0560000 - 0x00007ffba058f000 	C:\Windows\SYSTEM32\dwmapi.dll
0x00007ffba02d0000 - 0x00007ffba036e000 	C:\Windows\system32\uxtheme.dll
0x00007ffb3ee10000 - 0x00007ffb3ef75000 	C:\Windows\System32\DriverStore\FileRepository\72_lenovo_kabylake_hws_iigd_dch.inf_amd64_d630775471e98fa9\igdumdim64.dll
0x00007ffba4050000 - 0x00007ffba417a000 	C:\Windows\System32\ole32.dll
0x00007ffb35890000 - 0x00007ffb3a299000 	C:\Windows\System32\DriverStore\FileRepository\72_lenovo_kabylake_hws_iigd_dch.inf_amd64_d630775471e98fa9\igd9dxva64.dll
0x00007ffba5530000 - 0x00007ffba55fd000 	C:\Windows\System32\OLEAUT32.dll
0x00007ffba5030000 - 0x00007ffba549f000 	C:\Windows\System32\SETUPAPI.dll
0x00007ffba3500000 - 0x00007ffba354e000 	C:\Windows\System32\cfgmgr32.dll
0x00007ffba34d0000 - 0x00007ffba34f7000 	C:\Windows\System32\bcrypt.dll
0x00007ffb95970000 - 0x00007ffb95ca1000 	C:\Windows\System32\DriverStore\FileRepository\72_lenovo_kabylake_hws_iigd_dch.inf_amd64_d630775471e98fa9\igdgmm64.dll
0x00007ffb47240000 - 0x00007ffb47282000 	C:\Program Files\Java\openjfx-19_windows-x64_bin-sdk\javafx-sdk-19\bin\glass.dll
0x00007ffba37d0000 - 0x00007ffba38aa000 	C:\Windows\System32\COMDLG32.dll
0x00007ffba3f30000 - 0x00007ffba4045000 	C:\Windows\System32\MSCTF.dll
0x00007ffb8c320000 - 0x00007ffb8c347000 	C:\Windows\System32\DriverStore\FileRepository\72_lenovo_kabylake_hws_iigd_dch.inf_amd64_d630775471e98fa9\igdinfo64.dll
0x00007ffba27c0000 - 0x00007ffba27d8000 	C:\Windows\SYSTEM32\CRYPTSP.dll
0x00007ffba1ee0000 - 0x00007ffba1f14000 	C:\Windows\system32\rsaenh.dll
0x00007ffba27e0000 - 0x00007ffba27ec000 	C:\Windows\SYSTEM32\CRYPTBASE.dll
0x00007ffb91b30000 - 0x00007ffb9486c000 	C:\Windows\System32\DriverStore\FileRepository\72_lenovo_kabylake_hws_iigd_dch.inf_amd64_d630775471e98fa9\igc64.dll
0x00007ffb97d20000 - 0x00007ffb97d5b000 	C:\Windows\SYSTEM32\dxcore.dll
0x00007ffb7f110000 - 0x00007ffb7f124000 	C:\Program Files\Java\openjfx-19_windows-x64_bin-sdk\javafx-sdk-19\bin\javafx_font.dll
0x00007ffb90350000 - 0x00007ffb905cf000 	C:\Windows\SYSTEM32\dwrite.dll
0x00007ffba4f80000 - 0x00007ffba5029000 	C:\Windows\System32\clbcatq.dll
0x00007ffb9b2b0000 - 0x00007ffb9b464000 	C:\Windows\SYSTEM32\WindowsCodecs.dll
0x00007ffb73160000 - 0x00007ffb7319e000 	C:\Windows\system32\dataexchange.dll
0x00007ffb9f690000 - 0x00007ffb9f874000 	C:\Windows\system32\dcomp.dll
0x00007ffb9e7c0000 - 0x00007ffb9ea23000 	C:\Windows\system32\d3d11.dll
0x00007ffba1710000 - 0x00007ffba1803000 	C:\Windows\system32\dxgi.dll
0x00007ffb9b6f0000 - 0x00007ffb9b8f0000 	C:\Windows\system32\twinapi.appcore.dll
0x00007ffb6a410000 - 0x00007ffb6a444000 	C:\Program Files\Common Files\Microsoft Shared\Ink\rtscom.dll
0x00007ffb95e10000 - 0x00007ffb95f09000 	C:\Windows\SYSTEM32\textinputframework.dll
0x00007ffb9ff60000 - 0x00007ffba0052000 	C:\Windows\System32\CoreMessaging.dll
0x00007ffb9fc00000 - 0x00007ffb9ff5e000 	C:\Windows\System32\CoreUIComponents.dll

dbghelp: loaded successfully - version: 4.0.5 - missing functions: none
symbol engine: initialized successfully - sym options: 0x614 - pdb path: .;C:\Program Files\Java\jdk-18.0.2.1\bin;C:\Windows\SYSTEM32;C:\Windows\WinSxS\amd64_microsoft.windows.common-controls_6595b64144ccf1df_6.0.19041.1110_none_60b5254171f9507e;C:\Program Files\Java\jdk-18.0.2.1\bin\server;C:\Program Files\JetBrains\IntelliJ IDEA Community Edition 2022.2.1\bin;C:\Program Files\Java\openjfx-19_windows-x64_bin-sdk\javafx-sdk-19\bin;C:\Windows\System32\DriverStore\FileRepository\72_lenovo_kabylake_hws_iigd_dch.inf_amd64_d630775471e98fa9;C:\Program Files\Common Files\Microsoft Shared\Ink

VM Arguments:
jvm_args: --module-path=C:/Program Files/Java/openjfx-19_windows-x64_bin-sdk/javafx-sdk-19/lib --add-modules=javafx.controls,javafx.fxml -javaagent:C:\Program Files\JetBrains\IntelliJ IDEA Community Edition 2022.2.1\lib\idea_rt.jar=59388:C:\Program Files\JetBrains\IntelliJ IDEA Community Edition 2022.2.1\bin -Dfile.encoding=UTF-8 -Dsun.stdout.encoding=UTF-8 -Dsun.stderr.encoding=UTF-8 
java_command: Client
java_class_path (initial): E:\prog 5\\kurs\out\production\Client;C:\Program Files\Java\openjfx-19_windows-x64_bin-sdk\javafx-sdk-19\lib\javafx-swt.jar;C:\Program Files\Java\openjfx-19_windows-x64_bin-sdk\javafx-sdk-19\lib\javafx.web.jar;C:\Program Files\Java\openjfx-19_windows-x64_bin-sdk\javafx-sdk-19\lib\javafx.base.jar;C:\Program Files\Java\openjfx-19_windows-x64_bin-sdk\javafx-sdk-19\lib\javafx.fxml.jar;C:\Program Files\Java\openjfx-19_windows-x64_bin-sdk\javafx-sdk-19\lib\javafx.media.jar;C:\Program Files\Java\openjfx-19_windows-x64_bin-sdk\javafx-sdk-19\lib\javafx.swing.jar;C:\Program Files\Java\openjfx-19_windows-x64_bin-sdk\javafx-sdk-19\lib\javafx.controls.jar;C:\Program Files\Java\openjfx-19_windows-x64_bin-sdk\javafx-sdk-19\lib\javafx.graphics.jar;C:\Users\\Downloads\mysql-connector-java-8.0.26.jar;E:\prog 5\\kurs\out\production\kurs;C:\Program Files\Java\jdk-18.0.2.1\lib\jrt-fs.jar
Launcher Type: SUN_STANDARD

[Global flags]
     intx CICompilerCount                          = 3                                         {product} {ergonomic}
     uint ConcGCThreads                            = 1                                         {product} {ergonomic}
     uint G1ConcRefinementThreads                  = 4                                         {product} {ergonomic}
   size_t G1HeapRegionSize                         = 1048576                                   {product} {ergonomic}
    uintx GCDrainStackTargetSize                   = 64                                        {product} {ergonomic}
   size_t InitialHeapSize                          = 134217728                                 {product} {ergonomic}
   size_t MarkStackSize                            = 4194304                                   {product} {ergonomic}
   size_t MaxHeapSize                              = 2116026368                                {product} {ergonomic}
   size_t MaxNewSize                               = 1268776960                                {product} {ergonomic}
   size_t MinHeapDeltaBytes                        = 1048576                                   {product} {ergonomic}
   size_t MinHeapSize                              = 8388608                                   {product} {ergonomic}
    uintx NonNMethodCodeHeapSize                   = 5832780                                {pd product} {ergonomic}
    uintx NonProfiledCodeHeapSize                  = 122912730                              {pd product} {ergonomic}
    uintx ProfiledCodeHeapSize                     = 122912730                              {pd product} {ergonomic}
    uintx ReservedCodeCacheSize                    = 251658240                              {pd product} {ergonomic}
     bool SegmentedCodeCache                       = true                                      {product} {ergonomic}
   size_t SoftMaxHeapSize                          = 2116026368                             {manageable} {ergonomic}
     bool UseCompressedClassPointers               = true                           {product lp64_product} {ergonomic}
     bool UseCompressedOops                        = true                           {product lp64_product} {ergonomic}
     bool UseG1GC                                  = true                                      {product} {ergonomic}
     bool UseLargePagesIndividualAllocation        = false                                  {pd product} {ergonomic}

Logging:
Log output configuration:
 #0: stdout all=off uptime,level,tags foldmultilines=false
 #1: stderr all=off uptime,level,tags foldmultilines=false

Environment Variables:
PATH=C:\Program Files\Common Files\Oracle\Java\javapath;C:\Program Files (x86)\Common Files\Oracle\Java\javapath;C:\Windows\system32;C:\Windows;C:\Windows\System32\Wbem;C:\Windows\System32\WindowsPowerShell\v1.0\;C:\Windows\System32\OpenSSH\;C:\Program Files (x86)\NVIDIA Corporation\PhysX\Common;C:\Program Files\NVIDIA Corporation\NVIDIA NvDLISR;C:\Program Files\Azure Data Studio\bin;C:\Program Files\MySQL\MySQL Shell 8.0\bin\;C:\Users\\AppData\Local\Microsoft\WindowsApps;;C:\Program Files\Azure Data Studio\bin
USERNAME=
OS=Windows_NT
PROCESSOR_IDENTIFIER=Intel64 Family 6 Model 142 Stepping 9, GenuineIntel



---------------  S Y S T E M  ---------------

OS:
 Windows 10 , 64 bit Build 19041 (10.0.19041.1806)
OS uptime: 0 days 0:44 hours

CPU: total 4 (initial active 4) (2 cores per cpu, 2 threads per core) family 6 model 142 stepping 9 microcode 0xd6, cx8, cmov, fxsr, ht, mmx, 3dnowpref, sse, sse2, sse3, ssse3, sse4.1, sse4.2, popcnt, lzcnt, tsc, tscinvbit, avx, avx2, aes, erms, clmul, bmi1, bmi2, adx, fma, vzeroupper, clflush, clflushopt

Memory: 4k page, system-wide physical 8066M (1967M free)
TotalPageFile size 14466M (AvailPageFile size 6755M)
current process WorkingSet (physical memory assigned to process): 185M, peak: 197M
current process commit charge ("private bytes"): 292M, peak: 305M

vm_info: Java HotSpot(TM) 64-Bit Server VM (18.0.2.1+1-1) for windows-amd64 JRE (18.0.2.1+1-1), built on Aug 16 2022 01:46:33 by "mach5one" with MS VC++ 16.8 / 16.9 (VS2019)

END.
