#
# A fatal error has been detected by the Java Runtime Environment:
#
#  EXCEPTION_ACCESS_VIOLATION (0xc0000005) at pc=0x00007fff1bee63b7, pid=13276, tid=12352
#
# JRE version: Java(TM) SE Runtime Environment (18.0.2.1+1) (build 18.0.2.1+1-1)
# Java VM: Java HotSpot(TM) 64-Bit Server VM (18.0.2.1+1-1, mixed mode, sharing, tiered, compressed oops, compressed class ptrs, g1 gc, windows-amd64)
# Problematic frame:
# C  [glass.dll+0x263b7]
#
# No core dump will be written. Minidumps are not enabled by default on client versions of Windows
#
# If you would like to submit a bug report, please visit:
#   https://bugreport.java.com/bugreport/crash.jsp
#

---------------  S U M M A R Y ------------

Command Line: --module-path=C:/Program Files/Java/openjfx-19_windows-x64_bin-sdk/javafx-sdk-19/lib --add-modules=javafx.controls,javafx.fxml -javaagent:C:\Program Files\JetBrains\IntelliJ IDEA Community Edition 2022.2.1\lib\idea_rt.jar=52323:C:\Program Files\JetBrains\IntelliJ IDEA Community Edition 2022.2.1\bin -Dfile.encoding=UTF-8 -Dsun.stdout.encoding=UTF-8 -Dsun.stderr.encoding=UTF-8 Client

Host: Intel(R) Core(TM) i3-7130U CPU @ 2.70GHz, 4 cores, 7G,  Windows 10 , 64 bit Build 19041 (10.0.19041.1806)
Time: Sat Dec  3 12:02:18 2022  Windows 10 , 64 bit Build 19041 (10.0.19041.1806) elapsed time: 121.494906 seconds (0d 0h 2m 1s)

---------------  T H R E A D  ---------------

Current thread (0x0000016a698deac0):  VMThread "VM Thread" [stack: 0x00000025cbf00000,0x00000025cc000000] [id=12352]

Stack: [0x00000025cbf00000,0x00000025cc000000],  sp=0x00000025cbfff160,  free space=1020k
Native frames: (J=compiled Java code, j=interpreted, Vv=VM code, C=native code)
C  [glass.dll+0x263b7]


siginfo: EXCEPTION_ACCESS_VIOLATION (0xc0000005), reading address 0x0000000000000000


Register to memory mapping:

RIP=0x00007fff1bee63b7 glass.dll
RAX=0x0 is NULL
RBX=0x0000016a7a02b160 is a global jni handle
RCX=0x0000016a698deac0 points into unknown readable memory: 0x00007ffee4bfea28 | 28 ea bf e4 fe 7f 00 00
RDX=0x00000025cbfff160 points into unknown readable memory: 0x0000000000000000 | 00 00 00 00 00 00 00 00
RSP=0x00000025cbfff160 points into unknown readable memory: 0x0000000000000000 | 00 00 00 00 00 00 00 00
RBP=0x0000016a7f4e3498 points into unknown readable memory: 0x0000692d90283bb1 | b1 3b 28 90 2d 69 00 00
RSI=0x0000016a7f4e3470 points into unknown readable memory: 0x7010692d6fd60c6d | 6d 0c d6 6f 2d 69 10 70
RDI=0x0000692d90283bb1 is an unknown value
R8 =0x0000000000010002 is an unknown value
R9 =0x0000692d90283bb1 is an unknown value
R10=0x0000000000008000 is an unknown value
R11=0x00000025cbfff0f0 points into unknown readable memory: 0x0000016a7f4e3470 | 70 34 4e 7f 6a 01 00 00
R12=0x00007fff1bee3cf0 glass.dll
R13=0x00007ffee4dc0c00 jvm.dll
R14=0x00000025cbfff258 points into unknown readable memory: 0x00000025cbfff240 | 40 f2 ff cb 25 00 00 00
R15=0x0000016a7f4e3470 points into unknown readable memory: 0x7010692d6fd60c6d | 6d 0c d6 6f 2d 69 10 70


Registers:
RAX=0x0000000000000000, RBX=0x0000016a7a02b160, RCX=0x0000016a698deac0, RDX=0x00000025cbfff160
RSP=0x00000025cbfff160, RBP=0x0000016a7f4e3498, RSI=0x0000016a7f4e3470, RDI=0x0000692d90283bb1
R8 =0x0000000000010002, R9 =0x0000692d90283bb1, R10=0x0000000000008000, R11=0x00000025cbfff0f0
R12=0x00007fff1bee3cf0, R13=0x00007ffee4dc0c00, R14=0x00000025cbfff258, R15=0x0000016a7f4e3470
RIP=0x00007fff1bee63b7, EFLAGS=0x0000000000010202

Top of Stack: (sp=0x00000025cbfff160)
0x00000025cbfff160:   0000000000000000 0000016a7f4e3470
0x00000025cbfff170:   00007ffee4dc0c00 00007fff1bee3cf0
0x00000025cbfff180:   0000016a7f4e3478 00007fff446042d6
0x00000025cbfff190:   0000692d90283bb1 0000016a00000000
0x00000025cbfff1a0:   0000016a7f4e3498 0000016a7f4e3470
0x00000025cbfff1b0:   fffffffffffffffe 0000000000000000
0x00000025cbfff1c0:   0000000000000001 00007fff1bec0000
0x00000025cbfff1d0:   00000025cbfff248 00007fff446041fb
0x00000025cbfff1e0:   0000000000000000 00000025cbfff258
0x00000025cbfff1f0:   00000025cbfff520 00007fff446e0e40
0x00000025cbfff200:   0000000000000001 00007fff446041b4
0x00000025cbfff210:   0000000000000000 0000000000000001
0x00000025cbfff220:   00007fff00000001 00000025cbfff248
0x00000025cbfff230:   0000000000000000 00007fff1bee3b7d
0x00000025cbfff240:   00007fff1bef9f88 00007fff00000002
0x00000025cbfff250:   0000000000000002 00000025cbfff240 

Instructions: (pc=0x00007fff1bee63b7)
0x00007fff1bee62b7:   8b 4d 58 e8 7d cf ff ff 48 8b 4d 60 e8 74 cf ff
0x00007fff1bee62c7:   ff 48 8b 95 80 00 00 00 48 8b 8d 18 01 00 00 e8
0x00007fff1bee62d7:   66 c4 ff ff 33 d2 33 c9 e8 bc e1 ff ff 90 48 89
0x00007fff1bee62e7:   54 24 10 55 48 83 ec 20 48 8b ea 48 b8 00 00 00
0x00007fff1bee62f7:   00 00 00 00 00 48 83 c4 20 5d c3 cc 40 55 48 8b
0x00007fff1bee6307:   ea 48 8b 01 33 c9 81 38 05 00 00 c0 0f 94 c1 8b
0x00007fff1bee6317:   c1 5d c3 cc 40 55 48 83 ec 20 48 8b ea 8a 4d 40
0x00007fff1bee6327:   48 83 c4 20 5d e9 63 d3 ff ff cc 40 55 48 83 ec
0x00007fff1bee6337:   20 48 8b ea 8a 4d 20 e8 51 d3 ff ff 90 48 83 c4
0x00007fff1bee6347:   20 5d c3 cc 40 55 48 83 ec 20 48 8b ea 48 83 c4
0x00007fff1bee6357:   20 5d e9 b2 d1 ff ff cc 40 55 48 83 ec 30 48 8b
0x00007fff1bee6367:   ea 48 8b 01 8b 10 48 89 4c 24 28 89 54 24 20 4c
0x00007fff1bee6377:   8d 0d 53 d6 ff ff 4c 8b 45 70 8b 55 68 48 8b 4d
0x00007fff1bee6387:   60 e8 f3 d0 ff ff 90 48 83 c4 30 5d c3 cc cc cc
0x00007fff1bee6397:   cc cc cc cc cc cc cc cc cc 40 53 48 83 ec 20 48
0x00007fff1bee63a7:   8b 1d db 35 01 00 48 85 db 74 16 e8 79 8b ff ff
0x00007fff1bee63b7:   4c 8b 00 48 8b d3 48 8b c8 41 ff 90 b0 00 00 00
0x00007fff1bee63c7:   90 48 83 c4 20 5b c3 cc cc 40 53 48 83 ec 20 48
0x00007fff1bee63d7:   8b 1d 4b 37 01 00 48 85 db 74 57 b8 ff ff ff ff
0x00007fff1bee63e7:   f0 0f c1 43 10 83 f8 01 75 3d 48 85 db 74 38 48
0x00007fff1bee63f7:   8b 0b 48 85 c9 74 0d ff 15 a4 0e 00 00 48 c7 03
0x00007fff1bee6407:   00 00 00 00 48 8b 4b 08 48 85 c9 74 0d e8 23 ce
0x00007fff1bee6417:   ff ff 48 c7 43 08 00 00 00 00 ba 18 00 00 00 48
0x00007fff1bee6427:   8b cb e8 0e ce ff ff 48 c7 05 ef 36 01 00 00 00
0x00007fff1bee6437:   00 00 48 83 c4 20 5b c3 cc 40 53 48 83 ec 20 48
0x00007fff1bee6447:   8b 1d bb 36 01 00 48 85 db 74 57 b8 ff ff ff ff
0x00007fff1bee6457:   f0 0f c1 43 10 83 f8 01 75 3d 48 85 db 74 38 48
0x00007fff1bee6467:   8b 0b 48 85 c9 74 0d ff 15 34 0e 00 00 48 c7 03
0x00007fff1bee6477:   00 00 00 00 48 8b 4b 08 48 85 c9 74 0d e8 b3 cd
0x00007fff1bee6487:   ff ff 48 c7 43 08 00 00 00 00 ba 18 00 00 00 48
0x00007fff1bee6497:   8b cb e8 9e cd ff ff 48 c7 05 5f 36 01 00 00 00
0x00007fff1bee64a7:   00 00 48 83 c4 20 5b c3 cc 40 53 48 83 ec 20 48 


Stack slot to memory mapping:
stack at sp + 0 slots: 0x0 is NULL
stack at sp + 1 slots: 0x0000016a7f4e3470 points into unknown readable memory: 0x7010692d6fd60c6d | 6d 0c d6 6f 2d 69 10 70
stack at sp + 2 slots: 0x00007ffee4dc0c00 jvm.dll
stack at sp + 3 slots: 0x00007fff1bee3cf0 glass.dll
stack at sp + 4 slots: 0x0000016a7f4e3478 points into unknown readable memory: 0x0000692d90283bb1 | b1 3b 28 90 2d 69 00 00
stack at sp + 5 slots: 0x00007fff446042d6 ucrtbase.dll
stack at sp + 6 slots: 0x0000692d90283bb1 is an unknown value
stack at sp + 7 slots: 0x0000016a00000000 points into unknown readable memory: 0x0000000000000006 | 06 00 00 00 00 00 00 00

VM_Operation (0x00000025cb6ff3c0): Exit, mode: safepoint, requested by thread 0x0000016a7fb18a00


---------------  P R O C E S S  ---------------

Threads class SMR info:
_java_thread_list=0x0000016a7f3cb980, length=21, elements={
0x0000016a6980f8c0, 0x0000016a7a0180c0, 0x0000016a7a019120, 0x0000016a7a033fa0,
0x0000016a7a034460, 0x0000016a7a038930, 0x0000016a7a039930, 0x0000016a7a05e6f0,
0x0000016a7a0c2520, 0x0000016a7e422aa0, 0x0000016a7ee4f280, 0x0000016a7ed39f10,
0x0000016a7f27da70, 0x0000016a7f159cc0, 0x0000016a7f229ad0, 0x0000016a7f9c1560,
0x0000016a7f9b30f0, 0x0000016a7f28b4e0, 0x0000016a7f28c820, 0x0000016a7fb18a00,
0x0000016a7fb19d40
}

Java Threads: ( => current thread )
  0x0000016a6980f8c0 JavaThread "main" [_thread_blocked, id=10888, stack(0x00000025cb900000,0x00000025cba00000)]
  0x0000016a7a0180c0 JavaThread "Reference Handler" daemon [_thread_blocked, id=9676, stack(0x00000025cc000000,0x00000025cc100000)]
  0x0000016a7a019120 JavaThread "Finalizer" daemon [_thread_blocked, id=12468, stack(0x00000025cc100000,0x00000025cc200000)]
  0x0000016a7a033fa0 JavaThread "Attach Listener" daemon [_thread_blocked, id=10780, stack(0x00000025cc300000,0x00000025cc400000)]
  0x0000016a7a034460 JavaThread "Service Thread" daemon [_thread_blocked, id=8016, stack(0x00000025cc400000,0x00000025cc500000)]
  0x0000016a7a038930 JavaThread "Monitor Deflation Thread" daemon [_thread_blocked, id=10216, stack(0x00000025cc500000,0x00000025cc600000)]
  0x0000016a7a039930 JavaThread "C2 CompilerThread0" daemon [_thread_blocked, id=9688, stack(0x00000025cc600000,0x00000025cc700000)]
  0x0000016a7a05e6f0 JavaThread "C1 CompilerThread0" daemon [_thread_blocked, id=7664, stack(0x00000025cc700000,0x00000025cc800000)]
  0x0000016a7a0c2520 JavaThread "Sweeper thread" daemon [_thread_blocked, id=7008, stack(0x00000025cc800000,0x00000025cc900000)]
  0x0000016a7e422aa0 JavaThread "Common-Cleaner" daemon [_thread_blocked, id=9280, stack(0x00000025cc900000,0x00000025cca00000)]
  0x0000016a7ee4f280 JavaThread "Monitor Ctrl-Break" daemon [_thread_in_native, id=11812, stack(0x00000025ccb00000,0x00000025ccc00000)]
  0x0000016a7ed39f10 JavaThread "Notification Thread" daemon [_thread_blocked, id=4968, stack(0x00000025ccc00000,0x00000025ccd00000)]
  0x0000016a7f27da70 JavaThread "QuantumRenderer-0" daemon [_thread_blocked, id=12200, stack(0x00000025cce00000,0x00000025ccf00000)]
  0x0000016a7f159cc0 JavaThread "InvokeLaterDispatcher" daemon [_thread_blocked, id=12856, stack(0x00000025ccf00000,0x00000025cd000000)]
  0x0000016a7f229ad0 JavaThread "JavaFX Application Thread" [_thread_in_native, id=12284, stack(0x00000025cd000000,0x00000025cd100000)]
  0x0000016a7f9c1560 JavaThread "Thread-1" daemon [_thread_in_native, id=7984, stack(0x00000025cd700000,0x00000025cd800000)]
  0x0000016a7f9b30f0 JavaThread "JavaFX-Launcher" [_thread_blocked, id=8424, stack(0x00000025cd800000,0x00000025cd900000)]
  0x0000016a7f28b4e0 JavaThread "Prism Font Disposer" daemon [_thread_blocked, id=2724, stack(0x00000025cca00000,0x00000025ccb00000)]
  0x0000016a7f28c820 JavaThread "Cleaner-0" daemon [_thread_blocked, id=3480, stack(0x00000025cdd00000,0x00000025cde00000)]
  0x0000016a7fb18a00 JavaThread "SIGINT handler" daemon [_thread_blocked, id=2096, stack(0x00000025cb600000,0x00000025cb700000)]
  0x0000016a7fb19d40 JavaThread "Glass/Prism Shutdown Hook" [_thread_blocked, id=9116, stack(0x00000025cb800000,0x00000025cb900000)]

Other Threads:
=>0x0000016a698deac0 VMThread "VM Thread" [stack: 0x00000025cbf00000,0x00000025cc000000] [id=12352]
  0x0000016a6986e4b0 WorkerThread "GC Thread#0" [stack: 0x00000025cba00000,0x00000025cbb00000] [id=11940]
  0x0000016a7ee71bd0 WorkerThread "GC Thread#1" [stack: 0x00000025cd100000,0x00000025cd200000] [id=1580]
  0x0000016a7eae8f80 WorkerThread "GC Thread#2" [stack: 0x00000025cd200000,0x00000025cd300000] [id=1592]
  0x0000016a7f1aedb0 WorkerThread "GC Thread#3" [stack: 0x00000025cd300000,0x00000025cd400000] [id=3980]
  0x0000016a69880f50 ConcurrentGCThread "G1 Main Marker" terminated
  0x0000016a69882860 WorkerThread "G1 Conc#0" [stack: 0x00000025cbc00000,0x00000025cbd00000] [id=12448]
  0x0000016a698c2bb0 ConcurrentGCThread "G1 Refine#0" terminated
  0x0000016a698c2fe0 ConcurrentGCThread "G1 Service" terminated

Threads with active compile tasks:

VM state: at safepoint (shutting down)

VM Mutex/Monitor currently owned by a thread:  ([mutex/lock_event])
[0x0000016a6980c880] Threads_lock - owner thread: 0x0000016a698deac0
[0x0000016a6980c130] Heap_lock - owner thread: 0x0000016a7fb18a00

Heap address: 0x0000000081e00000, size: 2018 MB, Compressed Oops mode: 32-bit

CDS archive(s) mapped at: [0x0000000800000000-0x0000000800ba0000-0x0000000800ba0000), size 12189696, SharedBaseAddress: 0x0000000800000000, ArchiveRelocationMode: 0.
Compressed class space mapped at: 0x0000000800c00000-0x0000000840c00000, reserved size: 1073741824
Narrow klass base: 0x0000000800000000, Narrow klass shift: 0, Narrow klass range: 0x100000000

GC Precious Log:
 CardTable entry size: 512
 Card Set container configuration: InlinePtr #cards 5 size 8 Array Of Cards #cards 12 size 40 Howl #buckets 4 coarsen threshold 1843 Howl Bitmap #cards 512 size 80 coarsen threshold 460 Card regions per heap region 1 cards per card region 2048
 CPUs: 4 total, 4 available
 Memory: 8066M
 Large Page Support: Disabled
 NUMA Support: Disabled
 Compressed Oops: Enabled (32-bit)
 Heap Region Size: 1M
 Heap Min Capacity: 8M
 Heap Initial Capacity: 128M
 Heap Max Capacity: 2018M
 Pre-touch: Disabled
 Parallel Workers: 4
 Concurrent Workers: 1
 Concurrent Refinement Workers: 4
 Periodic GC: Disabled

Heap:
 garbage-first heap   total 131072K, used 44947K [0x0000000081e00000, 0x0000000100000000)
  region size 1024K, 42 young (43008K), 3 survivors (3072K)
 Metaspace       used 17859K, committed 18240K, reserved 1114112K
  class space    used 2614K, committed 2816K, reserved 1048576K

Heap Regions: E=young(eden), S=young(survivor), O=old, HS=humongous(starts), HC=humongous(continues), CS=collection set, F=free, OA=open archive, CA=closed archive, TAMS=top-at-mark-start (previous, next)
|   0|0x0000000081e00000, 0x0000000081f00000, 0x0000000081f00000|100%| O|  |TAMS 0x0000000081e00000, 0x0000000081e00000| Untracked 
|   1|0x0000000081f00000, 0x0000000082000000, 0x0000000082000000|100%| O|  |TAMS 0x0000000081f00000, 0x0000000081f00000| Untracked 
|   2|0x0000000082000000, 0x0000000082006200, 0x0000000082100000|  2%| O|  |TAMS 0x0000000082000000, 0x0000000082000000| Untracked 
|   3|0x0000000082100000, 0x0000000082200000, 0x0000000082200000|100%|HS|  |TAMS 0x0000000082100000, 0x0000000082100000| Complete 
|   4|0x0000000082200000, 0x0000000082300000, 0x0000000082300000|100%|HC|  |TAMS 0x0000000082200000, 0x0000000082200000| Complete 
|   5|0x0000000082300000, 0x0000000082300000, 0x0000000082400000|  0%| F|  |TAMS 0x0000000082300000, 0x0000000082300000| Untracked 
|   6|0x0000000082400000, 0x0000000082400000, 0x0000000082500000|  0%| F|  |TAMS 0x0000000082400000, 0x0000000082400000| Untracked 
|   7|0x0000000082500000, 0x0000000082500000, 0x0000000082600000|  0%| F|  |TAMS 0x0000000082500000, 0x0000000082500000| Untracked 
|   8|0x0000000082600000, 0x0000000082600000, 0x0000000082700000|  0%| F|  |TAMS 0x0000000082600000, 0x0000000082600000| Untracked 
|   9|0x0000000082700000, 0x0000000082700000, 0x0000000082800000|  0%| F|  |TAMS 0x0000000082700000, 0x0000000082700000| Untracked 
|  10|0x0000000082800000, 0x0000000082800000, 0x0000000082900000|  0%| F|  |TAMS 0x0000000082800000, 0x0000000082800000| Untracked 
|  11|0x0000000082900000, 0x0000000082900000, 0x0000000082a00000|  0%| F|  |TAMS 0x0000000082900000, 0x0000000082900000| Untracked 
|  12|0x0000000082a00000, 0x0000000082a00000, 0x0000000082b00000|  0%| F|  |TAMS 0x0000000082a00000, 0x0000000082a00000| Untracked 
|  13|0x0000000082b00000, 0x0000000082b00000, 0x0000000082c00000|  0%| F|  |TAMS 0x0000000082b00000, 0x0000000082b00000| Untracked 
|  14|0x0000000082c00000, 0x0000000082c00000, 0x0000000082d00000|  0%| F|  |TAMS 0x0000000082c00000, 0x0000000082c00000| Untracked 
|  15|0x0000000082d00000, 0x0000000082d00000, 0x0000000082e00000|  0%| F|  |TAMS 0x0000000082d00000, 0x0000000082d00000| Untracked 
|  16|0x0000000082e00000, 0x0000000082e00000, 0x0000000082f00000|  0%| F|  |TAMS 0x0000000082e00000, 0x0000000082e00000| Untracked 
|  17|0x0000000082f00000, 0x0000000082f00000, 0x0000000083000000|  0%| F|  |TAMS 0x0000000082f00000, 0x0000000082f00000| Untracked 
|  18|0x0000000083000000, 0x0000000083000000, 0x0000000083100000|  0%| F|  |TAMS 0x0000000083000000, 0x0000000083000000| Untracked 
|  19|0x0000000083100000, 0x0000000083100000, 0x0000000083200000|  0%| F|  |TAMS 0x0000000083100000, 0x0000000083100000| Untracked 
|  20|0x0000000083200000, 0x0000000083200000, 0x0000000083300000|  0%| F|  |TAMS 0x0000000083200000, 0x0000000083200000| Untracked 
|  21|0x0000000083300000, 0x0000000083300000, 0x0000000083400000|  0%| F|  |TAMS 0x0000000083300000, 0x0000000083300000| Untracked 
|  22|0x0000000083400000, 0x0000000083400000, 0x0000000083500000|  0%| F|  |TAMS 0x0000000083400000, 0x0000000083400000| Untracked 
|  23|0x0000000083500000, 0x0000000083500000, 0x0000000083600000|  0%| F|  |TAMS 0x0000000083500000, 0x0000000083500000| Untracked 
|  24|0x0000000083600000, 0x0000000083600000, 0x0000000083700000|  0%| F|  |TAMS 0x0000000083600000, 0x0000000083600000| Untracked 
|  25|0x0000000083700000, 0x0000000083700000, 0x0000000083800000|  0%| F|  |TAMS 0x0000000083700000, 0x0000000083700000| Untracked 
|  26|0x0000000083800000, 0x0000000083800000, 0x0000000083900000|  0%| F|  |TAMS 0x0000000083800000, 0x0000000083800000| Untracked 
|  27|0x0000000083900000, 0x0000000083900000, 0x0000000083a00000|  0%| F|  |TAMS 0x0000000083900000, 0x0000000083900000| Untracked 
|  28|0x0000000083a00000, 0x0000000083a00000, 0x0000000083b00000|  0%| F|  |TAMS 0x0000000083a00000, 0x0000000083a00000| Untracked 
|  29|0x0000000083b00000, 0x0000000083b00000, 0x0000000083c00000|  0%| F|  |TAMS 0x0000000083b00000, 0x0000000083b00000| Untracked 
|  30|0x0000000083c00000, 0x0000000083c00000, 0x0000000083d00000|  0%| F|  |TAMS 0x0000000083c00000, 0x0000000083c00000| Untracked 
|  31|0x0000000083d00000, 0x0000000083d00000, 0x0000000083e00000|  0%| F|  |TAMS 0x0000000083d00000, 0x0000000083d00000| Untracked 
|  32|0x0000000083e00000, 0x0000000083e00000, 0x0000000083f00000|  0%| F|  |TAMS 0x0000000083e00000, 0x0000000083e00000| Untracked 
|  33|0x0000000083f00000, 0x0000000083f00000, 0x0000000084000000|  0%| F|  |TAMS 0x0000000083f00000, 0x0000000083f00000| Untracked 
|  34|0x0000000084000000, 0x0000000084000000, 0x0000000084100000|  0%| F|  |TAMS 0x0000000084000000, 0x0000000084000000| Untracked 
|  35|0x0000000084100000, 0x0000000084100000, 0x0000000084200000|  0%| F|  |TAMS 0x0000000084100000, 0x0000000084100000| Untracked 
|  36|0x0000000084200000, 0x0000000084200000, 0x0000000084300000|  0%| F|  |TAMS 0x0000000084200000, 0x0000000084200000| Untracked 
|  37|0x0000000084300000, 0x0000000084300000, 0x0000000084400000|  0%| F|  |TAMS 0x0000000084300000, 0x0000000084300000| Untracked 
|  38|0x0000000084400000, 0x0000000084400000, 0x0000000084500000|  0%| F|  |TAMS 0x0000000084400000, 0x0000000084400000| Untracked 
|  39|0x0000000084500000, 0x0000000084500000, 0x0000000084600000|  0%| F|  |TAMS 0x0000000084500000, 0x0000000084500000| Untracked 
|  40|0x0000000084600000, 0x0000000084600000, 0x0000000084700000|  0%| F|  |TAMS 0x0000000084600000, 0x0000000084600000| Untracked 
|  41|0x0000000084700000, 0x0000000084700000, 0x0000000084800000|  0%| F|  |TAMS 0x0000000084700000, 0x0000000084700000| Untracked 
|  42|0x0000000084800000, 0x0000000084800000, 0x0000000084900000|  0%| F|  |TAMS 0x0000000084800000, 0x0000000084800000| Untracked 
|  43|0x0000000084900000, 0x0000000084900000, 0x0000000084a00000|  0%| F|  |TAMS 0x0000000084900000, 0x0000000084900000| Untracked 
|  44|0x0000000084a00000, 0x0000000084a00000, 0x0000000084b00000|  0%| F|  |TAMS 0x0000000084a00000, 0x0000000084a00000| Untracked 
|  45|0x0000000084b00000, 0x0000000084b00000, 0x0000000084c00000|  0%| F|  |TAMS 0x0000000084b00000, 0x0000000084b00000| Untracked 
|  46|0x0000000084c00000, 0x0000000084c00000, 0x0000000084d00000|  0%| F|  |TAMS 0x0000000084c00000, 0x0000000084c00000| Untracked 
|  47|0x0000000084d00000, 0x0000000084d00000, 0x0000000084e00000|  0%| F|  |TAMS 0x0000000084d00000, 0x0000000084d00000| Untracked 
|  48|0x0000000084e00000, 0x0000000084e00000, 0x0000000084f00000|  0%| F|  |TAMS 0x0000000084e00000, 0x0000000084e00000| Untracked 
|  49|0x0000000084f00000, 0x0000000084f00000, 0x0000000085000000|  0%| F|  |TAMS 0x0000000084f00000, 0x0000000084f00000| Untracked 
|  50|0x0000000085000000, 0x0000000085000000, 0x0000000085100000|  0%| F|  |TAMS 0x0000000085000000, 0x0000000085000000| Untracked 
|  51|0x0000000085100000, 0x0000000085100000, 0x0000000085200000|  0%| F|  |TAMS 0x0000000085100000, 0x0000000085100000| Untracked 
|  52|0x0000000085200000, 0x0000000085200000, 0x0000000085300000|  0%| F|  |TAMS 0x0000000085200000, 0x0000000085200000| Untracked 
|  53|0x0000000085300000, 0x0000000085300000, 0x0000000085400000|  0%| F|  |TAMS 0x0000000085300000, 0x0000000085300000| Untracked 
|  54|0x0000000085400000, 0x0000000085400000, 0x0000000085500000|  0%| F|  |TAMS 0x0000000085400000, 0x0000000085400000| Untracked 
|  55|0x0000000085500000, 0x0000000085500000, 0x0000000085600000|  0%| F|  |TAMS 0x0000000085500000, 0x0000000085500000| Untracked 
|  56|0x0000000085600000, 0x0000000085600000, 0x0000000085700000|  0%| F|  |TAMS 0x0000000085600000, 0x0000000085600000| Untracked 
|  57|0x0000000085700000, 0x0000000085700000, 0x0000000085800000|  0%| F|  |TAMS 0x0000000085700000, 0x0000000085700000| Untracked 
|  58|0x0000000085800000, 0x0000000085800000, 0x0000000085900000|  0%| F|  |TAMS 0x0000000085800000, 0x0000000085800000| Untracked 
|  59|0x0000000085900000, 0x0000000085900000, 0x0000000085a00000|  0%| F|  |TAMS 0x0000000085900000, 0x0000000085900000| Untracked 
|  60|0x0000000085a00000, 0x0000000085a00000, 0x0000000085b00000|  0%| F|  |TAMS 0x0000000085a00000, 0x0000000085a00000| Untracked 
|  61|0x0000000085b00000, 0x0000000085b00000, 0x0000000085c00000|  0%| F|  |TAMS 0x0000000085b00000, 0x0000000085b00000| Untracked 
|  62|0x0000000085c00000, 0x0000000085c00000, 0x0000000085d00000|  0%| F|  |TAMS 0x0000000085c00000, 0x0000000085c00000| Untracked 
|  63|0x0000000085d00000, 0x0000000085d00000, 0x0000000085e00000|  0%| F|  |TAMS 0x0000000085d00000, 0x0000000085d00000| Untracked 
|  64|0x0000000085e00000, 0x0000000085e00000, 0x0000000085f00000|  0%| F|  |TAMS 0x0000000085e00000, 0x0000000085e00000| Untracked 
|  65|0x0000000085f00000, 0x0000000085f00000, 0x0000000086000000|  0%| F|  |TAMS 0x0000000085f00000, 0x0000000085f00000| Untracked 
|  66|0x0000000086000000, 0x0000000086000000, 0x0000000086100000|  0%| F|  |TAMS 0x0000000086000000, 0x0000000086000000| Untracked 
|  67|0x0000000086100000, 0x0000000086100000, 0x0000000086200000|  0%| F|  |TAMS 0x0000000086100000, 0x0000000086100000| Untracked 
|  68|0x0000000086200000, 0x0000000086200000, 0x0000000086300000|  0%| F|  |TAMS 0x0000000086200000, 0x0000000086200000| Untracked 
|  69|0x0000000086300000, 0x0000000086300000, 0x0000000086400000|  0%| F|  |TAMS 0x0000000086300000, 0x0000000086300000| Untracked 
|  70|0x0000000086400000, 0x0000000086400000, 0x0000000086500000|  0%| F|  |TAMS 0x0000000086400000, 0x0000000086400000| Untracked 
|  71|0x0000000086500000, 0x0000000086500000, 0x0000000086600000|  0%| F|  |TAMS 0x0000000086500000, 0x0000000086500000| Untracked 
|  72|0x0000000086600000, 0x0000000086600000, 0x0000000086700000|  0%| F|  |TAMS 0x0000000086600000, 0x0000000086600000| Untracked 
|  73|0x0000000086700000, 0x0000000086700000, 0x0000000086800000|  0%| F|  |TAMS 0x0000000086700000, 0x0000000086700000| Untracked 
|  74|0x0000000086800000, 0x0000000086800000, 0x0000000086900000|  0%| F|  |TAMS 0x0000000086800000, 0x0000000086800000| Untracked 
|  75|0x0000000086900000, 0x0000000086900000, 0x0000000086a00000|  0%| F|  |TAMS 0x0000000086900000, 0x0000000086900000| Untracked 
|  76|0x0000000086a00000, 0x0000000086a00000, 0x0000000086b00000|  0%| F|  |TAMS 0x0000000086a00000, 0x0000000086a00000| Untracked 
|  77|0x0000000086b00000, 0x0000000086b00000, 0x0000000086c00000|  0%| F|  |TAMS 0x0000000086b00000, 0x0000000086b00000| Untracked 
|  78|0x0000000086c00000, 0x0000000086c00000, 0x0000000086d00000|  0%| F|  |TAMS 0x0000000086c00000, 0x0000000086c00000| Untracked 
|  79|0x0000000086d00000, 0x0000000086d00000, 0x0000000086e00000|  0%| F|  |TAMS 0x0000000086d00000, 0x0000000086d00000| Untracked 
|  80|0x0000000086e00000, 0x0000000086e00000, 0x0000000086f00000|  0%| F|  |TAMS 0x0000000086e00000, 0x0000000086e00000| Untracked 
|  81|0x0000000086f00000, 0x0000000086f00000, 0x0000000087000000|  0%| F|  |TAMS 0x0000000086f00000, 0x0000000086f00000| Untracked 
|  82|0x0000000087000000, 0x0000000087000000, 0x0000000087100000|  0%| F|  |TAMS 0x0000000087000000, 0x0000000087000000| Untracked 
|  83|0x0000000087100000, 0x0000000087100000, 0x0000000087200000|  0%| F|  |TAMS 0x0000000087100000, 0x0000000087100000| Untracked 
|  84|0x0000000087200000, 0x0000000087200000, 0x0000000087300000|  0%| F|  |TAMS 0x0000000087200000, 0x0000000087200000| Untracked 
|  85|0x0000000087300000, 0x0000000087300000, 0x0000000087400000|  0%| F|  |TAMS 0x0000000087300000, 0x0000000087300000| Untracked 
|  86|0x0000000087400000, 0x0000000087496060, 0x0000000087500000| 58%| E|  |TAMS 0x0000000087400000, 0x0000000087400000| Complete 
|  87|0x0000000087500000, 0x0000000087600000, 0x0000000087600000|100%| E|CS|TAMS 0x0000000087500000, 0x0000000087500000| Complete 
|  88|0x0000000087600000, 0x0000000087700000, 0x0000000087700000|100%| E|CS|TAMS 0x0000000087600000, 0x0000000087600000| Complete 
|  89|0x0000000087700000, 0x0000000087800000, 0x0000000087800000|100%| E|CS|TAMS 0x0000000087700000, 0x0000000087700000| Complete 
|  90|0x0000000087800000, 0x0000000087900000, 0x0000000087900000|100%| E|CS|TAMS 0x0000000087800000, 0x0000000087800000| Complete 
|  91|0x0000000087900000, 0x0000000087a00000, 0x0000000087a00000|100%| E|CS|TAMS 0x0000000087900000, 0x0000000087900000| Complete 
|  92|0x0000000087a00000, 0x0000000087b00000, 0x0000000087b00000|100%| E|CS|TAMS 0x0000000087a00000, 0x0000000087a00000| Complete 
|  93|0x0000000087b00000, 0x0000000087c00000, 0x0000000087c00000|100%| E|CS|TAMS 0x0000000087b00000, 0x0000000087b00000| Complete 
|  94|0x0000000087c00000, 0x0000000087d00000, 0x0000000087d00000|100%| E|CS|TAMS 0x0000000087c00000, 0x0000000087c00000| Complete 
|  95|0x0000000087d00000, 0x0000000087e00000, 0x0000000087e00000|100%| E|CS|TAMS 0x0000000087d00000, 0x0000000087d00000| Complete 
|  96|0x0000000087e00000, 0x0000000087f00000, 0x0000000087f00000|100%| E|CS|TAMS 0x0000000087e00000, 0x0000000087e00000| Complete 
|  97|0x0000000087f00000, 0x0000000088000000, 0x0000000088000000|100%| E|CS|TAMS 0x0000000087f00000, 0x0000000087f00000| Complete 
|  98|0x0000000088000000, 0x0000000088100000, 0x0000000088100000|100%| E|CS|TAMS 0x0000000088000000, 0x0000000088000000| Complete 
|  99|0x0000000088100000, 0x0000000088200000, 0x0000000088200000|100%| E|CS|TAMS 0x0000000088100000, 0x0000000088100000| Complete 
| 100|0x0000000088200000, 0x0000000088300000, 0x0000000088300000|100%| E|CS|TAMS 0x0000000088200000, 0x0000000088200000| Complete 
| 101|0x0000000088300000, 0x00000000883ff940, 0x0000000088400000| 99%| E|  |TAMS 0x0000000088300000, 0x0000000088300000| Complete 
| 102|0x0000000088400000, 0x0000000088500000, 0x0000000088500000|100%| E|CS|TAMS 0x0000000088400000, 0x0000000088400000| Complete 
| 103|0x0000000088500000, 0x0000000088600000, 0x0000000088600000|100%| E|CS|TAMS 0x0000000088500000, 0x0000000088500000| Complete 
| 104|0x0000000088600000, 0x0000000088700000, 0x0000000088700000|100%| E|CS|TAMS 0x0000000088600000, 0x0000000088600000| Complete 
| 105|0x0000000088700000, 0x0000000088800000, 0x0000000088800000|100%| E|CS|TAMS 0x0000000088700000, 0x0000000088700000| Complete 
| 106|0x0000000088800000, 0x00000000888deb70, 0x0000000088900000| 86%| S|CS|TAMS 0x0000000088800000, 0x0000000088800000| Complete 
| 107|0x0000000088900000, 0x0000000088a00000, 0x0000000088a00000|100%| S|CS|TAMS 0x0000000088900000, 0x0000000088900000| Complete 
| 108|0x0000000088a00000, 0x0000000088b00000, 0x0000000088b00000|100%| S|CS|TAMS 0x0000000088a00000, 0x0000000088a00000| Complete 
| 109|0x0000000088b00000, 0x0000000088c00000, 0x0000000088c00000|100%| E|CS|TAMS 0x0000000088b00000, 0x0000000088b00000| Complete 
| 110|0x0000000088c00000, 0x0000000088d00000, 0x0000000088d00000|100%| E|CS|TAMS 0x0000000088c00000, 0x0000000088c00000| Complete 
| 111|0x0000000088d00000, 0x0000000088e00000, 0x0000000088e00000|100%| E|CS|TAMS 0x0000000088d00000, 0x0000000088d00000| Complete 
| 112|0x0000000088e00000, 0x0000000088f00000, 0x0000000088f00000|100%| E|CS|TAMS 0x0000000088e00000, 0x0000000088e00000| Complete 
| 113|0x0000000088f00000, 0x0000000089000000, 0x0000000089000000|100%| E|CS|TAMS 0x0000000088f00000, 0x0000000088f00000| Complete 
| 114|0x0000000089000000, 0x0000000089100000, 0x0000000089100000|100%| E|CS|TAMS 0x0000000089000000, 0x0000000089000000| Complete 
| 115|0x0000000089100000, 0x0000000089200000, 0x0000000089200000|100%| E|CS|TAMS 0x0000000089100000, 0x0000000089100000| Complete 
| 116|0x0000000089200000, 0x0000000089300000, 0x0000000089300000|100%| E|CS|TAMS 0x0000000089200000, 0x0000000089200000| Complete 
| 117|0x0000000089300000, 0x0000000089400000, 0x0000000089400000|100%| E|CS|TAMS 0x0000000089300000, 0x0000000089300000| Complete 
| 118|0x0000000089400000, 0x0000000089500000, 0x0000000089500000|100%| E|CS|TAMS 0x0000000089400000, 0x0000000089400000| Complete 
| 119|0x0000000089500000, 0x0000000089600000, 0x0000000089600000|100%| E|CS|TAMS 0x0000000089500000, 0x0000000089500000| Complete 
| 120|0x0000000089600000, 0x0000000089700000, 0x0000000089700000|100%| E|CS|TAMS 0x0000000089600000, 0x0000000089600000| Complete 
| 121|0x0000000089700000, 0x0000000089800000, 0x0000000089800000|100%| E|CS|TAMS 0x0000000089700000, 0x0000000089700000| Complete 
| 122|0x0000000089800000, 0x0000000089900000, 0x0000000089900000|100%| E|CS|TAMS 0x0000000089800000, 0x0000000089800000| Complete 
| 123|0x0000000089900000, 0x0000000089a00000, 0x0000000089a00000|100%| E|CS|TAMS 0x0000000089900000, 0x0000000089900000| Complete 
| 124|0x0000000089a00000, 0x0000000089b00000, 0x0000000089b00000|100%| E|CS|TAMS 0x0000000089a00000, 0x0000000089a00000| Complete 
| 125|0x0000000089b00000, 0x0000000089c00000, 0x0000000089c00000|100%| E|CS|TAMS 0x0000000089b00000, 0x0000000089b00000| Complete 
| 126|0x0000000089c00000, 0x0000000089d00000, 0x0000000089d00000|100%| E|CS|TAMS 0x0000000089c00000, 0x0000000089c00000| Complete 
| 127|0x0000000089d00000, 0x0000000089e00000, 0x0000000089e00000|100%| E|CS|TAMS 0x0000000089d00000, 0x0000000089d00000| Complete 

Card table byte_map: [0x0000016a73340000,0x0000016a73740000] _byte_map_base: 0x0000016a72f31000

Marking Bits (Prev, Next): (CMBitMap*) 0x0000016a698709e0, (CMBitMap*) 0x0000016a69870a20
 Prev Bits: [0x0000016a73b40000, 0x0000016a75ac8000)
 Next Bits: [0x0000016a75ad0000, 0x0000016a77a58000)

Polling page: 0x0000016a69680000

Metaspace:

Usage:
  Non-class:     14.89 MB used.
      Class:      2.55 MB used.
       Both:     17.44 MB used.

Virtual space:
  Non-class space:       64.00 MB reserved,      15.06 MB ( 24%) committed,  1 nodes.
      Class space:        1.00 GB reserved,       2.75 MB ( <1%) committed,  1 nodes.
             Both:        1.06 GB reserved,      17.81 MB (  2%) committed. 

Chunk freelists:
   Non-Class:  912.00 KB
       Class:  1.23 MB
        Both:  2.12 MB

MaxMetaspaceSize: unlimited
CompressedClassSpaceSize: 1.00 GB
Initial GC threshold: 21.00 MB
Current GC threshold: 21.00 MB
CDS: on
MetaspaceReclaimPolicy: balanced
 - commit_granule_bytes: 65536.
 - commit_granule_words: 8192.
 - virtual_space_node_default_size: 8388608.
 - enlarge_chunks_in_place: 1.
 - new_chunks_are_fully_committed: 0.
 - uncommit_free_chunks: 1.
 - use_allocation_guard: 0.


Internal statistics:

num_allocs_failed_limit: 0.
num_arena_births: 374.
num_arena_deaths: 0.
num_vsnodes_births: 2.
num_vsnodes_deaths: 0.
num_space_committed: 285.
num_space_uncommitted: 0.
num_chunks_returned_to_freelist: 0.
num_chunks_taken_from_freelist: 981.
num_chunk_merges: 0.
num_chunk_splits: 666.
num_chunks_enlarged: 493.
num_inconsistent_stats: 0.

CodeHeap 'non-profiled nmethods': size=120000Kb used=1122Kb max_used=1122Kb free=118877Kb
 bounds [0x0000016a07ad0000, 0x0000016a07d40000, 0x0000016a0f000000]
CodeHeap 'profiled nmethods': size=120000Kb used=6068Kb max_used=6068Kb free=113931Kb
 bounds [0x0000016a005a0000, 0x0000016a00b90000, 0x0000016a07ad0000]
CodeHeap 'non-nmethods': size=5760Kb used=1447Kb max_used=1480Kb free=4312Kb
 bounds [0x0000016a00000000, 0x0000016a00270000, 0x0000016a005a0000]
 total_blobs=3994 nmethods=3196 adapters=710
 compilation: enabled
              stopped_count=0, restarted_count=0
 full_count=0

Compilation events (20 events):
Event: 8.719 Thread 0x0000016a7a05e6f0 3193   !   3       com.sun.javafx.fxml.BeanAdapter::coerce (700 bytes)
Event: 8.724 Thread 0x0000016a7a039930 3200       4       java.lang.Class::getClassLoader (28 bytes)
Event: 8.725 Thread 0x0000016a7a039930 nmethod 3200 0x0000016a07be7410 code [0x0000016a07be7580, 0x0000016a07be7618]
Event: 8.725 Thread 0x0000016a7a05e6f0 nmethod 3193 0x0000016a00b81490 code [0x0000016a00b81f60, 0x0000016a00b88cd8]
Event: 8.726 Thread 0x0000016a7a05e6f0 3199       3       com.sun.org.apache.xerces.internal.util.SymbolTable::addSymbol (110 bytes)
Event: 8.726 Thread 0x0000016a7a05e6f0 nmethod 3199 0x0000016a00b8a990 code [0x0000016a00b8ab80, 0x0000016a00b8aff8]
Event: 8.726 Thread 0x0000016a7a05e6f0 3197       3       javafx.collections.ObservableListBase::fireChange (9 bytes)
Event: 8.726 Thread 0x0000016a7a05e6f0 nmethod 3197 0x0000016a00b8b290 code [0x0000016a00b8b440, 0x0000016a00b8b798]
Event: 8.726 Thread 0x0000016a7a05e6f0 3196       3       java.lang.invoke.DelegatingMethodHandle::makeReinvokerForm (10 bytes)
Event: 8.726 Thread 0x0000016a7a05e6f0 nmethod 3196 0x0000016a00b8b910 code [0x0000016a00b8baa0, 0x0000016a00b8bbc8]
Event: 8.726 Thread 0x0000016a7a05e6f0 3198       3       javafx.collections.ListChangeListener$Change::getAddedSubList (31 bytes)
Event: 8.727 Thread 0x0000016a7a05e6f0 nmethod 3198 0x0000016a00b8bc90 code [0x0000016a00b8bec0, 0x0000016a00b8c9a8]
Event: 8.727 Thread 0x0000016a7a05e6f0 3195       3       java.util.LinkedHashMap::get (29 bytes)
Event: 8.727 Thread 0x0000016a7a05e6f0 nmethod 3195 0x0000016a00b8cb90 code [0x0000016a00b8cd40, 0x0000016a00b8cf98]
Event: 8.727 Thread 0x0000016a7a05e6f0 3194       1       javafx.scene.Node::getClipParent (5 bytes)
Event: 8.727 Thread 0x0000016a7a05e6f0 nmethod 3194 0x0000016a07be7710 code [0x0000016a07be78a0, 0x0000016a07be7978]
Event: 86.247 Thread 0x0000016a7a039930 3201       4       com.sun.javafx.tk.quantum.QuantumToolkit::postPulse (133 bytes)
Event: 86.263 Thread 0x0000016a7a039930 nmethod 3201 0x0000016a07be7a10 code [0x0000016a07be7bc0, 0x0000016a07be7e38]
Event: 86.721 Thread 0x0000016a7a039930 3202       4       com.sun.javafx.tk.quantum.QuantumToolkit$$Lambda$91/0x0000000800c398c0::run (8 bytes)
Event: 86.726 Thread 0x0000016a7a039930 nmethod 3202 0x0000016a07be8110 code [0x0000016a07be82e0, 0x0000016a07be85a8]

GC Heap History (4 events):
Event: 0.617 GC heap before
{Heap before GC invocations=0 (full 0):
 garbage-first heap   total 131072K, used 13312K [0x0000000081e00000, 0x0000000100000000)
  region size 1024K, 13 young (13312K), 0 survivors (0K)
 Metaspace       used 2756K, committed 2944K, reserved 1114112K
  class space    used 289K, committed 384K, reserved 1048576K
}
Event: 0.621 GC heap after
{Heap after GC invocations=1 (full 0):
 garbage-first heap   total 131072K, used 2096K [0x0000000081e00000, 0x0000000100000000)
  region size 1024K, 2 young (2048K), 2 survivors (2048K)
 Metaspace       used 2756K, committed 2944K, reserved 1114112K
  class space    used 289K, committed 384K, reserved 1048576K
}
Event: 1.145 GC heap before
{Heap before GC invocations=1 (full 0):
 garbage-first heap   total 131072K, used 18480K [0x0000000081e00000, 0x0000000100000000)
  region size 1024K, 19 young (19456K), 2 survivors (2048K)
 Metaspace       used 8105K, committed 8384K, reserved 1114112K
  class space    used 1045K, committed 1216K, reserved 1048576K
}
Event: 1.151 GC heap after
{Heap after GC invocations=2 (full 0):
 garbage-first heap   total 131072K, used 5011K [0x0000000081e00000, 0x0000000100000000)
  region size 1024K, 3 young (3072K), 3 survivors (3072K)
 Metaspace       used 8105K, committed 8384K, reserved 1114112K
  class space    used 1045K, committed 1216K, reserved 1048576K
}

Deoptimization events (20 events):
Event: 7.134 Thread 0x0000016a7f229ad0 Uncommon trap: trap_request=0xffffffde fr.pc=0x0000016a07bca7cc relative=0x00000000000006ac
Event: 7.134 Thread 0x0000016a7f229ad0 Uncommon trap: reason=class_check action=maybe_recompile pc=0x0000016a07bca7cc method=javafx.scene.CssStyleHelper.getStyle(Ljavafx/css/Styleable;Ljava/lang/String;Lcom/sun/javafx/css/StyleMap;Ljava/util/Set;)Lcom/sun/javafx/css/CascadingStyle; @ 140 c2
Event: 7.134 Thread 0x0000016a7f229ad0 DEOPT PACKING pc=0x0000016a07bca7cc sp=0x00000025cd0fc170
Event: 7.134 Thread 0x0000016a7f229ad0 DEOPT UNPACKING pc=0x0000016a000523a3 sp=0x00000025cd0fc0d0 mode 2
Event: 7.135 Thread 0x0000016a7f229ad0 Uncommon trap: trap_request=0xffffffde fr.pc=0x0000016a07bca7cc relative=0x00000000000006ac
Event: 7.135 Thread 0x0000016a7f229ad0 Uncommon trap: reason=class_check action=maybe_recompile pc=0x0000016a07bca7cc method=javafx.scene.CssStyleHelper.getStyle(Ljavafx/css/Styleable;Ljava/lang/String;Lcom/sun/javafx/css/StyleMap;Ljava/util/Set;)Lcom/sun/javafx/css/CascadingStyle; @ 140 c2
Event: 7.135 Thread 0x0000016a7f229ad0 DEOPT PACKING pc=0x0000016a07bca7cc sp=0x00000025cd0fc170
Event: 7.135 Thread 0x0000016a7f229ad0 DEOPT UNPACKING pc=0x0000016a000523a3 sp=0x00000025cd0fc0d0 mode 2
Event: 7.135 Thread 0x0000016a7f229ad0 Uncommon trap: trap_request=0xffffffde fr.pc=0x0000016a07bca7cc relative=0x00000000000006ac
Event: 7.135 Thread 0x0000016a7f229ad0 Uncommon trap: reason=class_check action=maybe_recompile pc=0x0000016a07bca7cc method=javafx.scene.CssStyleHelper.getStyle(Ljavafx/css/Styleable;Ljava/lang/String;Lcom/sun/javafx/css/StyleMap;Ljava/util/Set;)Lcom/sun/javafx/css/CascadingStyle; @ 140 c2
Event: 7.135 Thread 0x0000016a7f229ad0 DEOPT PACKING pc=0x0000016a07bca7cc sp=0x00000025cd0fc100
Event: 7.135 Thread 0x0000016a7f229ad0 DEOPT UNPACKING pc=0x0000016a000523a3 sp=0x00000025cd0fc060 mode 2
Event: 7.135 Thread 0x0000016a7f229ad0 Uncommon trap: trap_request=0xffffffde fr.pc=0x0000016a07bca7cc relative=0x00000000000006ac
Event: 7.135 Thread 0x0000016a7f229ad0 Uncommon trap: reason=class_check action=maybe_recompile pc=0x0000016a07bca7cc method=javafx.scene.CssStyleHelper.getStyle(Ljavafx/css/Styleable;Ljava/lang/String;Lcom/sun/javafx/css/StyleMap;Ljava/util/Set;)Lcom/sun/javafx/css/CascadingStyle; @ 140 c2
Event: 7.135 Thread 0x0000016a7f229ad0 DEOPT PACKING pc=0x0000016a07bca7cc sp=0x00000025cd0fbfc0
Event: 7.135 Thread 0x0000016a7f229ad0 DEOPT UNPACKING pc=0x0000016a000523a3 sp=0x00000025cd0fbf20 mode 2
Event: 7.926 Thread 0x0000016a7f27da70 Uncommon trap: trap_request=0xffffff45 fr.pc=0x0000016a07ba9e0c relative=0x000000000000008c
Event: 7.926 Thread 0x0000016a7f27da70 Uncommon trap: reason=unstable_if action=reinterpret pc=0x0000016a07ba9e0c method=com.sun.javafx.geom.RectBounds.isEmpty()Z @ 21 c2
Event: 7.926 Thread 0x0000016a7f27da70 DEOPT PACKING pc=0x0000016a07ba9e0c sp=0x00000025ccefd580
Event: 7.926 Thread 0x0000016a7f27da70 DEOPT UNPACKING pc=0x0000016a000523a3 sp=0x00000025ccefd510 mode 2

Classes loaded (20 events):
Event: 6.839 Loading class jdk/internal/event/DeserializationEvent
Event: 6.839 Loading class jdk/internal/event/Event
Event: 6.839 Loading class jdk/internal/event/Event done
Event: 6.839 Loading class jdk/internal/event/DeserializationEvent done
Event: 6.839 Loading class java/io/ObjectInputStream$FieldValues
Event: 6.839 Loading class java/io/ObjectInputStream$GetField
Event: 6.840 Loading class java/io/ObjectInputStream$GetField done
Event: 6.840 Loading class java/io/ObjectInputStream$FieldValues done
Event: 6.935 Loading class java/util/BitSet
Event: 6.936 Loading class java/util/BitSet done
Event: 6.969 Loading class sun/reflect/generics/tree/BottomSignature
Event: 6.969 Loading class sun/reflect/generics/tree/BottomSignature done
Event: 6.969 Loading class sun/reflect/generics/tree/Wildcard
Event: 6.969 Loading class sun/reflect/generics/tree/Wildcard done
Event: 6.970 Loading class sun/reflect/generics/reflectiveObjects/WildcardTypeImpl
Event: 6.970 Loading class java/lang/reflect/WildcardType
Event: 6.970 Loading class java/lang/reflect/WildcardType done
Event: 6.970 Loading class sun/reflect/generics/reflectiveObjects/WildcardTypeImpl done
Event: 121.137 Loading class jdk/internal/misc/Signal$1
Event: 121.137 Loading class jdk/internal/misc/Signal$1 done

Classes unloaded (0 events):
No events

Classes redefined (0 events):
No events

Internal exceptions (20 events):
Event: 1.741 Thread 0x0000016a7f229ad0 Exception <a 'java/lang/NoSuchMethodError'{0x00000000891ac228}: 'java.lang.Object java.lang.invoke.DirectMethodHandle$Holder.invokeInterface(java.lang.Object, java.lang.Object, java.lang.Object)'> (0x00000000891ac228) 
thrown [s\open\src\hotspot\share\interpreter\linkResolver.cpp, line 759]
Event: 1.742 Thread 0x0000016a7f229ad0 Exception <a 'java/lang/IncompatibleClassChangeError'{0x00000000891afba8}: Found class java.lang.Object, but interface was expected> (0x00000000891afba8) 
thrown [s\open\src\hotspot\share\interpreter\linkResolver.cpp, line 826]
Event: 1.811 Thread 0x0000016a7f229ad0 Exception <a 'java/lang/ClassNotFoundException'{0x0000000088f90280}: com/sun/javafx/scene/control/skin/resources/controls> (0x0000000088f90280) 
thrown [s\open\src\hotspot\share\prims\jni.cpp, line 535]
Event: 1.812 Thread 0x0000016a7f229ad0 Exception <a 'java/lang/ClassNotFoundException'{0x0000000088f9e468}: com/sun/javafx/scene/control/skin/resources/controls_ru> (0x0000000088f9e468) 
thrown [s\open\src\hotspot\share\prims\jni.cpp, line 535]
Event: 1.813 Thread 0x0000016a7f229ad0 Exception <a 'java/lang/ClassNotFoundException'{0x0000000088f9fbd0}: com/sun/javafx/scene/control/skin/resources/controls_ru_RU> (0x0000000088f9fbd0) 
thrown [s\open\src\hotspot\share\prims\jni.cpp, line 535]
Event: 1.866 Thread 0x0000016a7f229ad0 Exception <a 'java/lang/NoSuchMethodError'{0x0000000088dac758}: 'void java.lang.invoke.DirectMethodHandle$Holder.invokeSpecial(java.lang.Object, java.lang.Object, java.lang.Object, java.lang.Object, java.lang.Object, java.lang.Object)'> (0x0000000088dac758) 
thrown [s\open\src\hotspot\share\interpreter\linkResolver.cpp, line 759]
Event: 1.962 Thread 0x0000016a7f229ad0 Exception <a 'java/lang/NoSuchMethodError'{0x000000008861e9c8}: 'int java.lang.invoke.DirectMethodHandle$Holder.invokeSpecial(java.lang.Object, java.lang.Object, int)'> (0x000000008861e9c8) 
thrown [s\open\src\hotspot\share\interpreter\linkResolver.cpp, line 759]
Event: 1.976 Thread 0x0000016a7f229ad0 Exception <a 'java/lang/NoSuchMethodError'{0x0000000088650fc8}: 'java.lang.Object java.lang.invoke.DirectMethodHandle$Holder.newInvokeSpecial(java.lang.Object, java.lang.Object, int)'> (0x0000000088650fc8) 
thrown [s\open\src\hotspot\share\interpreter\linkResolver.cpp, line 759]
Event: 2.008 Thread 0x0000016a7f27da70 Exception <a 'java/lang/NoSuchMethodError'{0x00000000885660c8}: 'int java.lang.invoke.DirectMethodHandle$Holder.invokeStaticInit(java.lang.Object, java.lang.Object)'> (0x00000000885660c8) 
thrown [s\open\src\hotspot\share\interpreter\linkResolver.cpp, line 759]
Event: 2.020 Thread 0x0000016a7f229ad0 Exception <a 'java/lang/NoSuchMethodError'{0x0000000088525748}: 'long java.lang.invoke.DirectMethodHandle$Holder.invokeStatic(java.lang.Object, java.lang.Object, java.lang.Object)'> (0x0000000088525748) 
thrown [s\open\src\hotspot\share\interpreter\linkResolver.cpp, line 759]
Event: 2.020 Thread 0x0000016a7f229ad0 Exception <a 'java/lang/NoSuchMethodError'{0x0000000088528ee8}: 'long java.lang.invoke.DirectMethodHandle$Holder.invokeStaticInit(java.lang.Object, java.lang.Object, java.lang.Object)'> (0x0000000088528ee8) 
thrown [s\open\src\hotspot\share\interpreter\linkResolver.cpp, line 759]
Event: 2.025 Thread 0x0000016a7f229ad0 Exception <a 'java/lang/NoSuchMethodError'{0x0000000088541530}: 'java.lang.Object java.lang.invoke.DirectMethodHandle$Holder.newInvokeSpecial(java.lang.Object, java.lang.Object, long)'> (0x0000000088541530) 
thrown [s\open\src\hotspot\share\interpreter\linkResolver.cpp, line 759]
Event: 2.025 Thread 0x0000016a7f229ad0 Exception <a 'java/lang/NoSuchMethodError'{0x00000000885450a8}: 'java.lang.Object java.lang.invoke.Invokers$Holder.linkToTargetMethod(java.lang.Object, long, java.lang.Object)'> (0x00000000885450a8) 
thrown [s\open\src\hotspot\share\interpreter\linkResolver.cpp, line 759]
Event: 2.184 Thread 0x0000016a7f27da70 Exception <a 'java/lang/NoSuchMethodError'{0x0000000088125ba8}: 'java.lang.Object java.lang.invoke.DirectMethodHandle$Holder.invokeStaticInit(java.lang.Object, int)'> (0x0000000088125ba8) 
thrown [s\open\src\hotspot\share\interpreter\linkResolver.cpp, line 759]
Event: 3.257 Thread 0x0000016a7f229ad0 Exception <a 'java/lang/NoSuchMethodError'{0x0000000088089888}: 'java.lang.Object java.lang.invoke.DirectMethodHandle$Holder.newInvokeSpecial(java.lang.Object, java.lang.Object, int, int, int, int, int, java.lang.Object)'> (0x0000000088089888) 
thrown [s\open\src\hotspot\share\interpreter\linkResolver.cpp, line 759]
Event: 3.259 Thread 0x0000016a7f229ad0 Exception <a 'java/lang/NoSuchMethodError'{0x000000008809c868}: 'java.lang.Object java.lang.invoke.DirectMethodHandle$Holder.newInvokeSpecial(java.lang.Object, java.lang.Object, java.lang.Object, int, int, int, int, int)'> (0x000000008809c868) 
thrown [s\open\src\hotspot\share\interpreter\linkResolver.cpp, line 759]
Event: 3.259 Thread 0x0000016a7f229ad0 Exception <a 'java/lang/NoSuchMethodError'{0x00000000880a40d0}: 'java.lang.Object java.lang.invoke.Invokers$Holder.linkToTargetMethod(java.lang.Object, java.lang.Object, int, int, int, int, int, java.lang.Object)'> (0x00000000880a40d0) 
thrown [s\open\src\hotspot\share\interpreter\linkResolver.cpp, line 759]
Event: 6.091 Thread 0x0000016a7f229ad0 Implicit null exception at 0x0000016a07badc83 to 0x0000016a07badcf4
Event: 6.093 Thread 0x0000016a7f229ad0 Exception <a 'java/lang/NoSuchMethodError'{0x0000000087e28350}: 'long java.lang.invoke.DirectMethodHandle$Holder.invokeSpecial(java.lang.Object, java.lang.Object)'> (0x0000000087e28350) 
thrown [s\open\src\hotspot\share\interpreter\linkResolver.cpp, line 759]
Event: 6.093 Thread 0x0000016a7f229ad0 Exception <a 'java/lang/NoSuchMethodError'{0x0000000087e2bc90}: 'long java.lang.invoke.Invokers$Holder.invokeExact_MT(java.lang.Object, java.lang.Object)'> (0x0000000087e2bc90) 
thrown [s\open\src\hotspot\share\interpreter\linkResolver.cpp, line 759]

VM Operations (20 events):
Event: 1.435 Executing VM operation: HandshakeAllThreads done
Event: 1.491 Executing VM operation: HandshakeAllThreads
Event: 1.491 Executing VM operation: HandshakeAllThreads done
Event: 1.495 Executing VM operation: HandshakeAllThreads
Event: 1.495 Executing VM operation: HandshakeAllThreads done
Event: 1.951 Executing VM operation: ICBufferFull
Event: 1.951 Executing VM operation: ICBufferFull done
Event: 2.952 Executing VM operation: Cleanup
Event: 2.952 Executing VM operation: Cleanup done
Event: 3.952 Executing VM operation: Cleanup
Event: 3.952 Executing VM operation: Cleanup done
Event: 5.952 Executing VM operation: Cleanup
Event: 5.952 Executing VM operation: Cleanup done
Event: 6.953 Executing VM operation: Cleanup
Event: 6.954 Executing VM operation: Cleanup done
Event: 7.221 Executing VM operation: ICBufferFull
Event: 7.221 Executing VM operation: ICBufferFull done
Event: 9.222 Executing VM operation: Cleanup
Event: 9.222 Executing VM operation: Cleanup done
Event: 121.141 Executing VM operation: Exit

Events (20 events):
Event: 0.610 Thread 0x0000016a7f159cc0 Thread added: 0x0000016a7f159cc0
Event: 0.617 Thread 0x0000016a7f229ad0 Thread added: 0x0000016a7f229ad0
Event: 0.721 Thread 0x0000016a7f9c1560 Thread added: 0x0000016a7f9c1560
Event: 0.723 Loaded shared library C:\Program Files\Java\jdk-18.0.2.1\bin\jimage.dll
Event: 0.739 Thread 0x0000016a7f9b30f0 Thread added: 0x0000016a7f9b30f0
Event: 0.965 Loaded shared library C:\Program Files\Java\openjfx-19_windows-x64_bin-sdk\javafx-sdk-19\bin\javafx_font.dll
Event: 1.672 Thread 0x0000016a7e4bc710 Thread exited: 0x0000016a7e4bc710
Event: 1.730 Thread 0x0000016a7f28b4e0 Thread added: 0x0000016a7f28b4e0
Event: 1.854 Thread 0x0000016a7f3e9d20 Thread added: 0x0000016a7f3e9d20
Event: 2.096 Thread 0x0000016a7f28c820 Thread added: 0x0000016a7f28c820
Event: 2.278 Thread 0x0000016a7f3e9d20 Thread exited: 0x0000016a7f3e9d20
Event: 7.025 Thread 0x0000016a7f56f860 Thread added: 0x0000016a7f56f860
Event: 7.799 Thread 0x0000016a7f56f860 Thread exited: 0x0000016a7f56f860
Event: 7.927 Thread 0x0000016a7ebd8ca0 Thread added: 0x0000016a7ebd8ca0
Event: 8.354 Thread 0x0000016a7ebd8ca0 Thread exited: 0x0000016a7ebd8ca0
Event: 121.138 Thread 0x0000016a7fb18a00 Thread added: 0x0000016a7fb18a00
Event: 121.138 Thread 0x0000016a7fb1e0a0 Thread added: 0x0000016a7fb1e0a0
Event: 121.138 Thread 0x0000016a7fb19d40 Thread added: 0x0000016a7fb19d40
Event: 121.139 Thread 0x0000016a7fb1e0a0 Thread exited: 0x0000016a7fb1e0a0
Event: 121.141 Thread 0x0000016a7a0332d0 Thread exited: 0x0000016a7a0332d0


Dynamic libraries:
0x00007ff6c6720000 - 0x00007ff6c6730000 	C:\Program Files\Java\jdk-18.0.2.1\bin\java.exe
0x00007fff467f0000 - 0x00007fff469e8000 	C:\Windows\SYSTEM32\ntdll.dll
0x00007fff448b0000 - 0x00007fff4496d000 	C:\Windows\System32\KERNEL32.DLL
0x00007fff43fc0000 - 0x00007fff4428e000 	C:\Windows\System32\KERNELBASE.dll
0x00007fff445f0000 - 0x00007fff446f0000 	C:\Windows\System32\ucrtbase.dll
0x00007fff2d770000 - 0x00007fff2d78a000 	C:\Program Files\Java\jdk-18.0.2.1\bin\VCRUNTIME140.dll
0x00007fff2d8a0000 - 0x00007fff2d8b8000 	C:\Program Files\Java\jdk-18.0.2.1\bin\jli.dll
0x00007fff44970000 - 0x00007fff44a1e000 	C:\Windows\System32\ADVAPI32.dll
0x00007fff45320000 - 0x00007fff453be000 	C:\Windows\System32\msvcrt.dll
0x00007fff454d0000 - 0x00007fff4556c000 	C:\Windows\System32\sechost.dll
0x00007fff45040000 - 0x00007fff45165000 	C:\Windows\System32\RPCRT4.dll
0x00007fff45930000 - 0x00007fff45ad0000 	C:\Windows\System32\USER32.dll
0x00007fff445c0000 - 0x00007fff445e2000 	C:\Windows\System32\win32u.dll
0x00007fff45cc0000 - 0x00007fff45cea000 	C:\Windows\System32\GDI32.dll
0x00007fff44290000 - 0x00007fff4439b000 	C:\Windows\System32\gdi32full.dll
0x00007fff443f0000 - 0x00007fff4448d000 	C:\Windows\System32\msvcp_win.dll
0x00007fff2f2e0000 - 0x00007fff2f57a000 	C:\Windows\WinSxS\amd64_microsoft.windows.common-controls_6595b64144ccf1df_6.0.19041.1110_none_60b5254171f9507e\COMCTL32.dll
0x00007fff3dc50000 - 0x00007fff3dc5a000 	C:\Windows\SYSTEM32\VERSION.dll
0x00007fff454a0000 - 0x00007fff454d0000 	C:\Windows\System32\IMM32.DLL
0x00007fff3c1a0000 - 0x00007fff3c1ac000 	C:\Program Files\Java\jdk-18.0.2.1\bin\vcruntime140_1.dll
0x00007fff1c680000 - 0x00007fff1c70d000 	C:\Program Files\Java\jdk-18.0.2.1\bin\msvcp140.dll
0x00007ffee4250000 - 0x00007ffee4e61000 	C:\Program Files\Java\jdk-18.0.2.1\bin\server\jvm.dll
0x00007fff45cf0000 - 0x00007fff45cf8000 	C:\Windows\System32\PSAPI.DLL
0x00007fff38cd0000 - 0x00007fff38cd9000 	C:\Windows\SYSTEM32\WSOCK32.dll
0x00007fff45860000 - 0x00007fff458cb000 	C:\Windows\System32\WS2_32.dll
0x00007fff2f2a0000 - 0x00007fff2f2c7000 	C:\Windows\SYSTEM32\WINMM.dll
0x00007fff427f0000 - 0x00007fff42802000 	C:\Windows\SYSTEM32\kernel.appcore.dll
0x00007fff2d2f0000 - 0x00007fff2d2fa000 	C:\Program Files\Java\jdk-18.0.2.1\bin\jimage.dll
0x00007fff41de0000 - 0x00007fff41fc4000 	C:\Windows\SYSTEM32\DBGHELP.DLL
0x00007fff2ac50000 - 0x00007fff2ac7c000 	C:\Windows\SYSTEM32\dbgcore.DLL
0x00007fff44490000 - 0x00007fff44512000 	C:\Windows\System32\bcryptPrimitives.dll
0x00007fff2d150000 - 0x00007fff2d15e000 	C:\Program Files\Java\jdk-18.0.2.1\bin\instrument.dll
0x00007fff1cc80000 - 0x00007fff1cca5000 	C:\Program Files\Java\jdk-18.0.2.1\bin\java.dll
0x00007fff1c5a0000 - 0x00007fff1c676000 	C:\Program Files\Java\jdk-18.0.2.1\bin\jsvml.dll
0x00007fff46060000 - 0x00007fff467a4000 	C:\Windows\System32\SHELL32.dll
0x00007fff41ff0000 - 0x00007fff42784000 	C:\Windows\SYSTEM32\windows.storage.dll
0x00007fff45d00000 - 0x00007fff46054000 	C:\Windows\System32\combase.dll
0x00007fff43970000 - 0x00007fff439a0000 	C:\Windows\SYSTEM32\Wldp.dll
0x00007fff45b60000 - 0x00007fff45c0d000 	C:\Windows\System32\SHCORE.dll
0x00007fff458d0000 - 0x00007fff45925000 	C:\Windows\System32\shlwapi.dll
0x00007fff43e50000 - 0x00007fff43e6f000 	C:\Windows\SYSTEM32\profapi.dll
0x00007fff1feb0000 - 0x00007fff1fec3000 	C:\Program Files\Java\jdk-18.0.2.1\bin\net.dll
0x00007fff31680000 - 0x00007fff3178a000 	C:\Windows\SYSTEM32\WINHTTP.dll
0x00007fff436d0000 - 0x00007fff4373a000 	C:\Windows\system32\mswsock.dll
0x00007fff1c580000 - 0x00007fff1c596000 	C:\Program Files\Java\jdk-18.0.2.1\bin\nio.dll
0x00007fff2a590000 - 0x00007fff2a5a8000 	C:\Program Files\Java\jdk-18.0.2.1\bin\zip.dll
0x00007fff1c4f0000 - 0x00007fff1c50a000 	C:\Program Files\JetBrains\IntelliJ IDEA Community Edition 2022.2.1\bin\breakgen64.dll
0x0000016a696d0000 - 0x0000016a696d3000 	C:\Program Files\Java\openjfx-19_windows-x64_bin-sdk\javafx-sdk-19\bin\api-ms-win-core-console-l1-1-0.dll
0x0000016a698e0000 - 0x0000016a698e3000 	C:\Program Files\Java\openjfx-19_windows-x64_bin-sdk\javafx-sdk-19\bin\api-ms-win-core-console-l1-2-0.dll
0x0000016a698f0000 - 0x0000016a698f3000 	C:\Program Files\Java\openjfx-19_windows-x64_bin-sdk\javafx-sdk-19\bin\api-ms-win-core-datetime-l1-1-0.dll
0x0000016a7a200000 - 0x0000016a7a203000 	C:\Program Files\Java\openjfx-19_windows-x64_bin-sdk\javafx-sdk-19\bin\api-ms-win-core-debug-l1-1-0.dll
0x0000016a7a210000 - 0x0000016a7a213000 	C:\Program Files\Java\openjfx-19_windows-x64_bin-sdk\javafx-sdk-19\bin\api-ms-win-core-errorhandling-l1-1-0.dll
0x0000016a7a220000 - 0x0000016a7a224000 	C:\Program Files\Java\openjfx-19_windows-x64_bin-sdk\javafx-sdk-19\bin\api-ms-win-core-file-l1-1-0.dll
0x0000016a7a230000 - 0x0000016a7a233000 	C:\Program Files\Java\openjfx-19_windows-x64_bin-sdk\javafx-sdk-19\bin\api-ms-win-core-file-l1-2-0.dll
0x0000016a7a240000 - 0x0000016a7a243000 	C:\Program Files\Java\openjfx-19_windows-x64_bin-sdk\javafx-sdk-19\bin\api-ms-win-core-file-l2-1-0.dll
0x0000016a7a360000 - 0x0000016a7a363000 	C:\Program Files\Java\openjfx-19_windows-x64_bin-sdk\javafx-sdk-19\bin\api-ms-win-core-handle-l1-1-0.dll
0x0000016a7a250000 - 0x0000016a7a253000 	C:\Program Files\Java\openjfx-19_windows-x64_bin-sdk\javafx-sdk-19\bin\api-ms-win-core-heap-l1-1-0.dll
0x0000016a7a260000 - 0x0000016a7a263000 	C:\Program Files\Java\openjfx-19_windows-x64_bin-sdk\javafx-sdk-19\bin\api-ms-win-core-interlocked-l1-1-0.dll
0x0000016a7a270000 - 0x0000016a7a273000 	C:\Program Files\Java\openjfx-19_windows-x64_bin-sdk\javafx-sdk-19\bin\api-ms-win-core-libraryloader-l1-1-0.dll
0x0000016a7a280000 - 0x0000016a7a283000 	C:\Program Files\Java\openjfx-19_windows-x64_bin-sdk\javafx-sdk-19\bin\api-ms-win-core-localization-l1-2-0.dll
0x0000016a7a290000 - 0x0000016a7a293000 	C:\Program Files\Java\openjfx-19_windows-x64_bin-sdk\javafx-sdk-19\bin\api-ms-win-core-memory-l1-1-0.dll
0x0000016a7a2a0000 - 0x0000016a7a2a3000 	C:\Program Files\Java\openjfx-19_windows-x64_bin-sdk\javafx-sdk-19\bin\api-ms-win-core-namedpipe-l1-1-0.dll
0x0000016a7a2b0000 - 0x0000016a7a2b3000 	C:\Program Files\Java\openjfx-19_windows-x64_bin-sdk\javafx-sdk-19\bin\api-ms-win-core-processenvironment-l1-1-0.dll
0x0000016a0f000000 - 0x0000016a0f003000 	C:\Program Files\Java\openjfx-19_windows-x64_bin-sdk\javafx-sdk-19\bin\api-ms-win-core-processthreads-l1-1-0.dll
0x0000016a0f010000 - 0x0000016a0f013000 	C:\Program Files\Java\openjfx-19_windows-x64_bin-sdk\javafx-sdk-19\bin\api-ms-win-core-processthreads-l1-1-1.dll
0x0000016a0f020000 - 0x0000016a0f023000 	C:\Program Files\Java\openjfx-19_windows-x64_bin-sdk\javafx-sdk-19\bin\api-ms-win-core-profile-l1-1-0.dll
0x0000016a0f030000 - 0x0000016a0f033000 	C:\Program Files\Java\openjfx-19_windows-x64_bin-sdk\javafx-sdk-19\bin\api-ms-win-core-rtlsupport-l1-1-0.dll
0x0000016a0f040000 - 0x0000016a0f043000 	C:\Program Files\Java\openjfx-19_windows-x64_bin-sdk\javafx-sdk-19\bin\api-ms-win-core-string-l1-1-0.dll
0x0000016a0f170000 - 0x0000016a0f173000 	C:\Program Files\Java\openjfx-19_windows-x64_bin-sdk\javafx-sdk-19\bin\api-ms-win-core-synch-l1-1-0.dll
0x0000016a0f050000 - 0x0000016a0f053000 	C:\Program Files\Java\openjfx-19_windows-x64_bin-sdk\javafx-sdk-19\bin\api-ms-win-core-synch-l1-2-0.dll
0x0000016a0f060000 - 0x0000016a0f063000 	C:\Program Files\Java\openjfx-19_windows-x64_bin-sdk\javafx-sdk-19\bin\api-ms-win-core-sysinfo-l1-1-0.dll
0x0000016a0f070000 - 0x0000016a0f073000 	C:\Program Files\Java\openjfx-19_windows-x64_bin-sdk\javafx-sdk-19\bin\api-ms-win-core-timezone-l1-1-0.dll
0x0000016a0f080000 - 0x0000016a0f083000 	C:\Program Files\Java\openjfx-19_windows-x64_bin-sdk\javafx-sdk-19\bin\api-ms-win-core-util-l1-1-0.dll
0x0000016a0f090000 - 0x0000016a0f093000 	C:\Program Files\Java\openjfx-19_windows-x64_bin-sdk\javafx-sdk-19\bin\api-ms-win-crt-conio-l1-1-0.dll
0x0000016a0f0a0000 - 0x0000016a0f0a4000 	C:\Program Files\Java\openjfx-19_windows-x64_bin-sdk\javafx-sdk-19\bin\api-ms-win-crt-convert-l1-1-0.dll
0x0000016a0f0b0000 - 0x0000016a0f0b3000 	C:\Program Files\Java\openjfx-19_windows-x64_bin-sdk\javafx-sdk-19\bin\api-ms-win-crt-environment-l1-1-0.dll
0x0000016a0f0c0000 - 0x0000016a0f0c3000 	C:\Program Files\Java\openjfx-19_windows-x64_bin-sdk\javafx-sdk-19\bin\api-ms-win-crt-filesystem-l1-1-0.dll
0x0000016a0f0d0000 - 0x0000016a0f0d3000 	C:\Program Files\Java\openjfx-19_windows-x64_bin-sdk\javafx-sdk-19\bin\api-ms-win-crt-heap-l1-1-0.dll
0x0000016a0f0e0000 - 0x0000016a0f0e3000 	C:\Program Files\Java\openjfx-19_windows-x64_bin-sdk\javafx-sdk-19\bin\api-ms-win-crt-locale-l1-1-0.dll
0x0000016a0f0f0000 - 0x0000016a0f0f5000 	C:\Program Files\Java\openjfx-19_windows-x64_bin-sdk\javafx-sdk-19\bin\api-ms-win-crt-math-l1-1-0.dll
0x0000016a0f100000 - 0x0000016a0f105000 	C:\Program Files\Java\openjfx-19_windows-x64_bin-sdk\javafx-sdk-19\bin\api-ms-win-crt-multibyte-l1-1-0.dll
0x0000016a0f110000 - 0x0000016a0f120000 	C:\Program Files\Java\openjfx-19_windows-x64_bin-sdk\javafx-sdk-19\bin\api-ms-win-crt-private-l1-1-0.dll
0x0000016a0f120000 - 0x0000016a0f123000 	C:\Program Files\Java\openjfx-19_windows-x64_bin-sdk\javafx-sdk-19\bin\api-ms-win-crt-process-l1-1-0.dll
0x0000016a0f130000 - 0x0000016a0f134000 	C:\Program Files\Java\openjfx-19_windows-x64_bin-sdk\javafx-sdk-19\bin\api-ms-win-crt-runtime-l1-1-0.dll
0x0000016a0f140000 - 0x0000016a0f144000 	C:\Program Files\Java\openjfx-19_windows-x64_bin-sdk\javafx-sdk-19\bin\api-ms-win-crt-stdio-l1-1-0.dll
0x0000016a0f150000 - 0x0000016a0f154000 	C:\Program Files\Java\openjfx-19_windows-x64_bin-sdk\javafx-sdk-19\bin\api-ms-win-crt-string-l1-1-0.dll
0x0000016a0f160000 - 0x0000016a0f163000 	C:\Program Files\Java\openjfx-19_windows-x64_bin-sdk\javafx-sdk-19\bin\api-ms-win-crt-time-l1-1-0.dll
0x0000016a0f180000 - 0x0000016a0f183000 	C:\Program Files\Java\openjfx-19_windows-x64_bin-sdk\javafx-sdk-19\bin\api-ms-win-crt-utility-l1-1-0.dll
0x00007fff1c3d0000 - 0x00007fff1c4cc000 	C:\Program Files\Java\openjfx-19_windows-x64_bin-sdk\javafx-sdk-19\bin\ucrtbase.dll
0x00007fff1c3b0000 - 0x00007fff1c3cb000 	C:\Program Files\Java\openjfx-19_windows-x64_bin-sdk\javafx-sdk-19\bin\vcruntime140.dll
0x00007fff29df0000 - 0x00007fff29dfc000 	C:\Program Files\Java\openjfx-19_windows-x64_bin-sdk\javafx-sdk-19\bin\vcruntime140_1.dll
0x00007fff122b0000 - 0x00007fff1233e000 	C:\Program Files\Java\openjfx-19_windows-x64_bin-sdk\javafx-sdk-19\bin\msvcp140.dll
0x00007fff1cc70000 - 0x00007fff1cc79000 	C:\Program Files\Java\openjfx-19_windows-x64_bin-sdk\javafx-sdk-19\bin\msvcp140_1.dll
0x00007fff1bf90000 - 0x00007fff1bfc0000 	C:\Program Files\Java\openjfx-19_windows-x64_bin-sdk\javafx-sdk-19\bin\msvcp140_2.dll
0x00007fff1bf10000 - 0x00007fff1bf3c000 	C:\Program Files\Java\openjfx-19_windows-x64_bin-sdk\javafx-sdk-19\bin\prism_d3d.dll
0x00007fff32320000 - 0x00007fff324ef000 	C:\Windows\system32\d3d9.dll
0x00007fff417e0000 - 0x00007fff4180f000 	C:\Windows\SYSTEM32\dwmapi.dll
0x00007fff413d0000 - 0x00007fff4146e000 	C:\Windows\system32\uxtheme.dll
0x00007fff12140000 - 0x00007fff122a5000 	C:\Windows\System32\DriverStore\FileRepository\72_lenovo_kabylake_hws_iigd_dch.inf_amd64_d630775471e98fa9\igdumdim64.dll
0x00007fff45650000 - 0x00007fff4577a000 	C:\Windows\System32\ole32.dll
0x00007ffedeff0000 - 0x00007ffee39f9000 	C:\Windows\System32\DriverStore\FileRepository\72_lenovo_kabylake_hws_iigd_dch.inf_amd64_d630775471e98fa9\igd9dxva64.dll
0x00007fff45780000 - 0x00007fff4584d000 	C:\Windows\System32\OLEAUT32.dll
0x00007fff44ab0000 - 0x00007fff44f1f000 	C:\Windows\System32\SETUPAPI.dll
0x00007fff443a0000 - 0x00007fff443ee000 	C:\Windows\System32\cfgmgr32.dll
0x00007fff44520000 - 0x00007fff44547000 	C:\Windows\System32\bcrypt.dll
0x00007fff36db0000 - 0x00007fff370e1000 	C:\Windows\System32\DriverStore\FileRepository\72_lenovo_kabylake_hws_iigd_dch.inf_amd64_d630775471e98fa9\igdgmm64.dll
0x00007fff1bec0000 - 0x00007fff1bf02000 	C:\Program Files\Java\openjfx-19_windows-x64_bin-sdk\javafx-sdk-19\bin\glass.dll
0x00007fff453c0000 - 0x00007fff4549a000 	C:\Windows\System32\COMDLG32.dll
0x00007fff44f20000 - 0x00007fff45035000 	C:\Windows\System32\MSCTF.dll
0x00007fff2cc60000 - 0x00007fff2cc87000 	C:\Windows\System32\DriverStore\FileRepository\72_lenovo_kabylake_hws_iigd_dch.inf_amd64_d630775471e98fa9\igdinfo64.dll
0x00007fff438d0000 - 0x00007fff438e8000 	C:\Windows\SYSTEM32\CRYPTSP.dll
0x00007fff42fe0000 - 0x00007fff43014000 	C:\Windows\system32\rsaenh.dll
0x00007fff438c0000 - 0x00007fff438cc000 	C:\Windows\SYSTEM32\CRYPTBASE.dll
0x00007fff33e10000 - 0x00007fff36b4c000 	C:\Windows\System32\DriverStore\FileRepository\72_lenovo_kabylake_hws_iigd_dch.inf_amd64_d630775471e98fa9\igc64.dll
0x00007fff39180000 - 0x00007fff391bb000 	C:\Windows\SYSTEM32\dxcore.dll
0x00007fff1c0c0000 - 0x00007fff1c0d4000 	C:\Program Files\Java\openjfx-19_windows-x64_bin-sdk\javafx-sdk-19\bin\javafx_font.dll
0x00007fff31400000 - 0x00007fff3167f000 	C:\Windows\SYSTEM32\dwrite.dll
0x00007fff45c10000 - 0x00007fff45cb9000 	C:\Windows\System32\clbcatq.dll
0x00007fff3bc70000 - 0x00007fff3be24000 	C:\Windows\SYSTEM32\WindowsCodecs.dll
0x00007fff14900000 - 0x00007fff1493e000 	C:\Windows\system32\dataexchange.dll
0x00007fff403f0000 - 0x00007fff405d4000 	C:\Windows\system32\dcomp.dll
0x00007fff3f550000 - 0x00007fff3f7b3000 	C:\Windows\system32\d3d11.dll
0x00007fff42810000 - 0x00007fff42903000 	C:\Windows\system32\dxgi.dll
0x00007fff3c3e0000 - 0x00007fff3c5e0000 	C:\Windows\system32\twinapi.appcore.dll
0x00007fff13ad0000 - 0x00007fff13b04000 	C:\Program Files\Common Files\Microsoft Shared\Ink\rtscom.dll
0x00007fff37250000 - 0x00007fff37349000 	C:\Windows\SYSTEM32\textinputframework.dll
0x00007fff40980000 - 0x00007fff40cde000 	C:\Windows\System32\CoreUIComponents.dll
0x00007fff40e20000 - 0x00007fff40f12000 	C:\Windows\System32\CoreMessaging.dll

dbghelp: loaded successfully - version: 4.0.5 - missing functions: none
symbol engine: initialized successfully - sym options: 0x614 - pdb path: .;C:\Program Files\Java\jdk-18.0.2.1\bin;C:\Windows\SYSTEM32;C:\Windows\WinSxS\amd64_microsoft.windows.common-controls_6595b64144ccf1df_6.0.19041.1110_none_60b5254171f9507e;C:\Program Files\Java\jdk-18.0.2.1\bin\server;C:\Program Files\JetBrains\IntelliJ IDEA Community Edition 2022.2.1\bin;C:\Program Files\Java\openjfx-19_windows-x64_bin-sdk\javafx-sdk-19\bin;C:\Windows\System32\DriverStore\FileRepository\72_lenovo_kabylake_hws_iigd_dch.inf_amd64_d630775471e98fa9;C:\Program Files\Common Files\Microsoft Shared\Ink

VM Arguments:
jvm_args: --module-path=C:/Program Files/Java/openjfx-19_windows-x64_bin-sdk/javafx-sdk-19/lib --add-modules=javafx.controls,javafx.fxml -javaagent:C:\Program Files\JetBrains\IntelliJ IDEA Community Edition 2022.2.1\lib\idea_rt.jar=52323:C:\Program Files\JetBrains\IntelliJ IDEA Community Edition 2022.2.1\bin -Dfile.encoding=UTF-8 -Dsun.stdout.encoding=UTF-8 -Dsun.stderr.encoding=UTF-8 
java_command: Client
java_class_path (initial): E:\prog 5\\kurs\out\production\Client;C:\Program Files\Java\openjfx-19_windows-x64_bin-sdk\javafx-sdk-19\lib\javafx-swt.jar;C:\Program Files\Java\openjfx-19_windows-x64_bin-sdk\javafx-sdk-19\lib\javafx.web.jar;C:\Program Files\Java\openjfx-19_windows-x64_bin-sdk\javafx-sdk-19\lib\javafx.base.jar;C:\Program Files\Java\openjfx-19_windows-x64_bin-sdk\javafx-sdk-19\lib\javafx.fxml.jar;C:\Program Files\Java\openjfx-19_windows-x64_bin-sdk\javafx-sdk-19\lib\javafx.media.jar;C:\Program Files\Java\openjfx-19_windows-x64_bin-sdk\javafx-sdk-19\lib\javafx.swing.jar;C:\Program Files\Java\openjfx-19_windows-x64_bin-sdk\javafx-sdk-19\lib\javafx.controls.jar;C:\Program Files\Java\openjfx-19_windows-x64_bin-sdk\javafx-sdk-19\lib\javafx.graphics.jar;C:\Users\\Downloads\mysql-connector-java-8.0.26.jar;E:\prog 5\\kurs\out\production\kurs;C:\Program Files\Java\jdk-18.0.2.1\lib\jrt-fs.jar
Launcher Type: SUN_STANDARD

[Global flags]
     intx CICompilerCount                          = 3                                         {product} {ergonomic}
     uint ConcGCThreads                            = 1                                         {product} {ergonomic}
     uint G1ConcRefinementThreads                  = 4                                         {product} {ergonomic}
   size_t G1HeapRegionSize                         = 1048576                                   {product} {ergonomic}
    uintx GCDrainStackTargetSize                   = 64                                        {product} {ergonomic}
   size_t InitialHeapSize                          = 134217728                                 {product} {ergonomic}
   size_t MarkStackSize                            = 4194304                                   {product} {ergonomic}
   size_t MaxHeapSize                              = 2116026368                                {product} {ergonomic}
   size_t MaxNewSize                               = 1268776960                                {product} {ergonomic}
   size_t MinHeapDeltaBytes                        = 1048576                                   {product} {ergonomic}
   size_t MinHeapSize                              = 8388608                                   {product} {ergonomic}
    uintx NonNMethodCodeHeapSize                   = 5832780                                {pd product} {ergonomic}
    uintx NonProfiledCodeHeapSize                  = 122912730                              {pd product} {ergonomic}
    uintx ProfiledCodeHeapSize                     = 122912730                              {pd product} {ergonomic}
    uintx ReservedCodeCacheSize                    = 251658240                              {pd product} {ergonomic}
     bool SegmentedCodeCache                       = true                                      {product} {ergonomic}
   size_t SoftMaxHeapSize                          = 2116026368                             {manageable} {ergonomic}
     bool UseCompressedClassPointers               = true                           {product lp64_product} {ergonomic}
     bool UseCompressedOops                        = true                           {product lp64_product} {ergonomic}
     bool UseG1GC                                  = true                                      {product} {ergonomic}
     bool UseLargePagesIndividualAllocation        = false                                  {pd product} {ergonomic}

Logging:
Log output configuration:
 #0: stdout all=off uptime,level,tags foldmultilines=false
 #1: stderr all=off uptime,level,tags foldmultilines=false

Environment Variables:
PATH=C:\Program Files\Common Files\Oracle\Java\javapath;C:\Program Files (x86)\Common Files\Oracle\Java\javapath;C:\Windows\system32;C:\Windows;C:\Windows\System32\Wbem;C:\Windows\System32\WindowsPowerShell\v1.0\;C:\Windows\System32\OpenSSH\;C:\Program Files (x86)\NVIDIA Corporation\PhysX\Common;C:\Program Files\NVIDIA Corporation\NVIDIA NvDLISR;C:\Program Files\Azure Data Studio\bin;C:\Program Files\MySQL\MySQL Shell 8.0\bin\;C:\Users\\AppData\Local\Microsoft\WindowsApps;;C:\Program Files\Azure Data Studio\bin
USERNAME=
OS=Windows_NT
PROCESSOR_IDENTIFIER=Intel64 Family 6 Model 142 Stepping 9, GenuineIntel



---------------  S Y S T E M  ---------------

OS:
 Windows 10 , 64 bit Build 19041 (10.0.19041.1806)
OS uptime: 0 days 0:11 hours

CPU: total 4 (initial active 4) (2 cores per cpu, 2 threads per core) family 6 model 142 stepping 9 microcode 0xd6, cx8, cmov, fxsr, ht, mmx, 3dnowpref, sse, sse2, sse3, ssse3, sse4.1, sse4.2, popcnt, lzcnt, tsc, tscinvbit, avx, avx2, aes, erms, clmul, bmi1, bmi2, adx, fma, vzeroupper, clflush, clflushopt

Memory: 4k page, system-wide physical 8066M (1484M free)
TotalPageFile size 14210M (AvailPageFile size 6292M)
current process WorkingSet (physical memory assigned to process): 178M, peak: 190M
current process commit charge ("private bytes"): 290M, peak: 303M

vm_info: Java HotSpot(TM) 64-Bit Server VM (18.0.2.1+1-1) for windows-amd64 JRE (18.0.2.1+1-1), built on Aug 16 2022 01:46:33 by "mach5one" with MS VC++ 16.8 / 16.9 (VS2019)

END.
