#
# A fatal error has been detected by the Java Runtime Environment:
#
#  EXCEPTION_ACCESS_VIOLATION (0xc0000005) at pc=0x00007ffb7cee63b7, pid=9176, tid=2876
#
# JRE version: Java(TM) SE Runtime Environment (18.0.2.1+1) (build 18.0.2.1+1-1)
# Java VM: Java HotSpot(TM) 64-Bit Server VM (18.0.2.1+1-1, mixed mode, sharing, tiered, compressed oops, compressed class ptrs, g1 gc, windows-amd64)
# Problematic frame:
# C  [glass.dll+0x263b7]
#
# No core dump will be written. Minidumps are not enabled by default on client versions of Windows
#
# If you would like to submit a bug report, please visit:
#   https://bugreport.java.com/bugreport/crash.jsp
#

---------------  S U M M A R Y ------------

Command Line: --module-path=C:/Program Files/Java/openjfx-19_windows-x64_bin-sdk/javafx-sdk-19/lib --add-modules=javafx.controls,javafx.fxml -javaagent:C:\Program Files\JetBrains\IntelliJ IDEA Community Edition 2022.2.1\lib\idea_rt.jar=59109:C:\Program Files\JetBrains\IntelliJ IDEA Community Edition 2022.2.1\bin -Dfile.encoding=UTF-8 -Dsun.stdout.encoding=UTF-8 -Dsun.stderr.encoding=UTF-8 Client

Host: Intel(R) Core(TM) i3-7130U CPU @ 2.70GHz, 4 cores, 7G,  Windows 10 , 64 bit Build 19041 (10.0.19041.1806)
Time: Mon Dec  5 19:21:05 2022  Windows 10 , 64 bit Build 19041 (10.0.19041.1806) elapsed time: 172.309823 seconds (0d 0h 2m 52s)

---------------  T H R E A D  ---------------

Current thread (0x0000027fe6248ae0):  VMThread "VM Thread" [stack: 0x000000e104c00000,0x000000e104d00000] [id=2876]

Stack: [0x000000e104c00000,0x000000e104d00000],  sp=0x000000e104cfefe0,  free space=1019k
Native frames: (J=compiled Java code, j=interpreted, Vv=VM code, C=native code)
C  [glass.dll+0x263b7]


siginfo: EXCEPTION_ACCESS_VIOLATION (0xc0000005), reading address 0x0000000000000000


Register to memory mapping:

RIP=0x00007ffb7cee63b7 glass.dll
RAX=0x0 is NULL
RBX=0x0000027fe6254698 is a global jni handle
RCX=0x0000027fe6248ae0 points into unknown readable memory: 0x00007ffb43b6ea28 | 28 ea b6 43 fb 7f 00 00
RDX=0x000000e104cfefe0 points into unknown readable memory: 0x0000000000000000 | 00 00 00 00 00 00 00 00
RSP=0x000000e104cfefe0 points into unknown readable memory: 0x0000000000000000 | 00 00 00 00 00 00 00 00
RBP=0x0000027fea755328 points into unknown readable memory: 0x000010040e9e11e5 | e5 11 9e 0e 04 10 00 00
RSI=0x0000027fea755300 points into unknown readable memory: 0x9dc711040e91ee8a | 8a ee 91 0e 04 11 c7 9d
RDI=0x000010040e9e11e5 is an unknown value
R8 =0x0000000000010002 is an unknown value
R9 =0x000010040e9e11e5 is an unknown value
R10=0x0000000000008000 is an unknown value
R11=0x000000e104cfef70 points into unknown readable memory: 0x0000027fea755300 | 00 53 75 ea 7f 02 00 00
R12=0x00007ffb7cee3cf0 glass.dll
R13=0x00007ffb43d30c00 jvm.dll
R14=0x000000e104cff0d8 points into unknown readable memory: 0x000000e104cff0c0 | c0 f0 cf 04 e1 00 00 00
R15=0x0000027fea755300 points into unknown readable memory: 0x9dc711040e91ee8a | 8a ee 91 0e 04 11 c7 9d


Registers:
RAX=0x0000000000000000, RBX=0x0000027fe6254698, RCX=0x0000027fe6248ae0, RDX=0x000000e104cfefe0
RSP=0x000000e104cfefe0, RBP=0x0000027fea755328, RSI=0x0000027fea755300, RDI=0x000010040e9e11e5
R8 =0x0000000000010002, R9 =0x000010040e9e11e5, R10=0x0000000000008000, R11=0x000000e104cfef70
R12=0x00007ffb7cee3cf0, R13=0x00007ffb43d30c00, R14=0x000000e104cff0d8, R15=0x0000027fea755300
RIP=0x00007ffb7cee63b7, EFLAGS=0x0000000000010206

Top of Stack: (sp=0x000000e104cfefe0)
0x000000e104cfefe0:   0000000000000000 0000027fea755300
0x000000e104cfeff0:   00007ffb43d30c00 00007ffb7cee3cf0
0x000000e104cff000:   0000027fea755308 00007ffba2f442d6
0x000000e104cff010:   000010040e9e11e5 0000027f00000000
0x000000e104cff020:   0000027fea755328 0000027fea755300
0x000000e104cff030:   fffffffffffffffe 0000000000000000
0x000000e104cff040:   0000000000000001 00007ffb7cec0000
0x000000e104cff050:   000000e104cff0c8 00007ffba2f441fb
0x000000e104cff060:   0000000000000000 000000e104cff0d8
0x000000e104cff070:   000000e104cff3a0 00007ffba3020e40
0x000000e104cff080:   0000000000000001 00007ffba2f441b4
0x000000e104cff090:   0000000000000000 0000000000000001
0x000000e104cff0a0:   00007ffb00000001 000000e104cff0c8
0x000000e104cff0b0:   0000000000000000 00007ffb7cee3b7d
0x000000e104cff0c0:   00007ffb7cef9f88 00007ffb00000002
0x000000e104cff0d0:   0000000000000002 000000e104cff0c0 

Instructions: (pc=0x00007ffb7cee63b7)
0x00007ffb7cee62b7:   8b 4d 58 e8 7d cf ff ff 48 8b 4d 60 e8 74 cf ff
0x00007ffb7cee62c7:   ff 48 8b 95 80 00 00 00 48 8b 8d 18 01 00 00 e8
0x00007ffb7cee62d7:   66 c4 ff ff 33 d2 33 c9 e8 bc e1 ff ff 90 48 89
0x00007ffb7cee62e7:   54 24 10 55 48 83 ec 20 48 8b ea 48 b8 00 00 00
0x00007ffb7cee62f7:   00 00 00 00 00 48 83 c4 20 5d c3 cc 40 55 48 8b
0x00007ffb7cee6307:   ea 48 8b 01 33 c9 81 38 05 00 00 c0 0f 94 c1 8b
0x00007ffb7cee6317:   c1 5d c3 cc 40 55 48 83 ec 20 48 8b ea 8a 4d 40
0x00007ffb7cee6327:   48 83 c4 20 5d e9 63 d3 ff ff cc 40 55 48 83 ec
0x00007ffb7cee6337:   20 48 8b ea 8a 4d 20 e8 51 d3 ff ff 90 48 83 c4
0x00007ffb7cee6347:   20 5d c3 cc 40 55 48 83 ec 20 48 8b ea 48 83 c4
0x00007ffb7cee6357:   20 5d e9 b2 d1 ff ff cc 40 55 48 83 ec 30 48 8b
0x00007ffb7cee6367:   ea 48 8b 01 8b 10 48 89 4c 24 28 89 54 24 20 4c
0x00007ffb7cee6377:   8d 0d 53 d6 ff ff 4c 8b 45 70 8b 55 68 48 8b 4d
0x00007ffb7cee6387:   60 e8 f3 d0 ff ff 90 48 83 c4 30 5d c3 cc cc cc
0x00007ffb7cee6397:   cc cc cc cc cc cc cc cc cc 40 53 48 83 ec 20 48
0x00007ffb7cee63a7:   8b 1d db 35 01 00 48 85 db 74 16 e8 79 8b ff ff
0x00007ffb7cee63b7:   4c 8b 00 48 8b d3 48 8b c8 41 ff 90 b0 00 00 00
0x00007ffb7cee63c7:   90 48 83 c4 20 5b c3 cc cc 40 53 48 83 ec 20 48
0x00007ffb7cee63d7:   8b 1d 4b 37 01 00 48 85 db 74 57 b8 ff ff ff ff
0x00007ffb7cee63e7:   f0 0f c1 43 10 83 f8 01 75 3d 48 85 db 74 38 48
0x00007ffb7cee63f7:   8b 0b 48 85 c9 74 0d ff 15 a4 0e 00 00 48 c7 03
0x00007ffb7cee6407:   00 00 00 00 48 8b 4b 08 48 85 c9 74 0d e8 23 ce
0x00007ffb7cee6417:   ff ff 48 c7 43 08 00 00 00 00 ba 18 00 00 00 48
0x00007ffb7cee6427:   8b cb e8 0e ce ff ff 48 c7 05 ef 36 01 00 00 00
0x00007ffb7cee6437:   00 00 48 83 c4 20 5b c3 cc 40 53 48 83 ec 20 48
0x00007ffb7cee6447:   8b 1d bb 36 01 00 48 85 db 74 57 b8 ff ff ff ff
0x00007ffb7cee6457:   f0 0f c1 43 10 83 f8 01 75 3d 48 85 db 74 38 48
0x00007ffb7cee6467:   8b 0b 48 85 c9 74 0d ff 15 34 0e 00 00 48 c7 03
0x00007ffb7cee6477:   00 00 00 00 48 8b 4b 08 48 85 c9 74 0d e8 b3 cd
0x00007ffb7cee6487:   ff ff 48 c7 43 08 00 00 00 00 ba 18 00 00 00 48
0x00007ffb7cee6497:   8b cb e8 9e cd ff ff 48 c7 05 5f 36 01 00 00 00
0x00007ffb7cee64a7:   00 00 48 83 c4 20 5b c3 cc 40 53 48 83 ec 20 48 


Stack slot to memory mapping:
stack at sp + 0 slots: 0x0 is NULL
stack at sp + 1 slots: 0x0000027fea755300 points into unknown readable memory: 0x9dc711040e91ee8a | 8a ee 91 0e 04 11 c7 9d
stack at sp + 2 slots: 0x00007ffb43d30c00 jvm.dll
stack at sp + 3 slots: 0x00007ffb7cee3cf0 glass.dll
stack at sp + 4 slots: 0x0000027fea755308 points into unknown readable memory: 0x000010040e9e11e5 | e5 11 9e 0e 04 10 00 00
stack at sp + 5 slots: 0x00007ffba2f442d6 ucrtbase.dll
stack at sp + 6 slots: 0x000010040e9e11e5 is an unknown value
stack at sp + 7 slots: 0x0000027f00000000 is an unknown value

VM_Operation (0x000000e1044feeb0): Exit, mode: safepoint, requested by thread 0x0000027feba43f20


---------------  P R O C E S S  ---------------

Threads class SMR info:
_java_thread_list=0x0000027feb4f4420, length=21, elements={
0x0000027fc6a21080, 0x0000027fe624c190, 0x0000027fe624d1f0, 0x0000027fe6267c10,
0x0000027fe626a880, 0x0000027fe626ae80, 0x0000027fe626f680, 0x0000027fe627f380,
0x0000027fe6274e50, 0x0000027fe631e830, 0x0000027feaec0e70, 0x0000027feb9c78c0,
0x0000027fea615010, 0x0000027feb627030, 0x0000027feb84dc10, 0x0000027febf6d5a0,
0x0000027febcb1740, 0x0000027febbf9b80, 0x0000027febbfa520, 0x0000027feba43f20,
0x0000027feba42710
}

Java Threads: ( => current thread )
  0x0000027fc6a21080 JavaThread "main" [_thread_blocked, id=3632, stack(0x000000e104600000,0x000000e104700000)]
  0x0000027fe624c190 JavaThread "Reference Handler" daemon [_thread_blocked, id=9300, stack(0x000000e104d00000,0x000000e104e00000)]
  0x0000027fe624d1f0 JavaThread "Finalizer" daemon [_thread_blocked, id=7196, stack(0x000000e104e00000,0x000000e104f00000)]
  0x0000027fe6267c10 JavaThread "Attach Listener" daemon [_thread_blocked, id=6812, stack(0x000000e105000000,0x000000e105100000)]
  0x0000027fe626a880 JavaThread "Service Thread" daemon [_thread_blocked, id=7844, stack(0x000000e105100000,0x000000e105200000)]
  0x0000027fe626ae80 JavaThread "Monitor Deflation Thread" daemon [_thread_blocked, id=1480, stack(0x000000e105200000,0x000000e105300000)]
  0x0000027fe626f680 JavaThread "C2 CompilerThread0" daemon [_thread_blocked, id=11068, stack(0x000000e105300000,0x000000e105400000)]
  0x0000027fe627f380 JavaThread "C1 CompilerThread0" daemon [_thread_blocked, id=10044, stack(0x000000e105400000,0x000000e105500000)]
  0x0000027fe6274e50 JavaThread "Sweeper thread" daemon [_thread_blocked, id=7548, stack(0x000000e105500000,0x000000e105600000)]
  0x0000027fe631e830 JavaThread "Common-Cleaner" daemon [_thread_blocked, id=6536, stack(0x000000e105600000,0x000000e105700000)]
  0x0000027feaec0e70 JavaThread "Monitor Ctrl-Break" daemon [_thread_in_native, id=2028, stack(0x000000e105800000,0x000000e105900000)]
  0x0000027feb9c78c0 JavaThread "Notification Thread" daemon [_thread_blocked, id=7036, stack(0x000000e105900000,0x000000e105a00000)]
  0x0000027fea615010 JavaThread "QuantumRenderer-0" daemon [_thread_blocked, id=5560, stack(0x000000e105b00000,0x000000e105c00000)]
  0x0000027feb627030 JavaThread "InvokeLaterDispatcher" daemon [_thread_blocked, id=11104, stack(0x000000e105c00000,0x000000e105d00000)]
  0x0000027feb84dc10 JavaThread "JavaFX Application Thread" [_thread_in_native, id=9472, stack(0x000000e106000000,0x000000e106100000)]
  0x0000027febf6d5a0 JavaThread "Thread-1" daemon [_thread_in_native, id=10136, stack(0x000000e106400000,0x000000e106500000)]
  0x0000027febcb1740 JavaThread "JavaFX-Launcher" [_thread_blocked, id=5012, stack(0x000000e106500000,0x000000e106600000)]
  0x0000027febbf9b80 JavaThread "Prism Font Disposer" daemon [_thread_blocked, id=10008, stack(0x000000e106800000,0x000000e106900000)]
  0x0000027febbfa520 JavaThread "Cleaner-0" daemon [_thread_blocked, id=6220, stack(0x000000e106a00000,0x000000e106b00000)]
  0x0000027feba43f20 JavaThread "SIGINT handler" daemon [_thread_blocked, id=2980, stack(0x000000e104400000,0x000000e104500000)]
  0x0000027feba42710 JavaThread "Glass/Prism Shutdown Hook" [_thread_blocked, id=772, stack(0x000000e105700000,0x000000e105800000)]

Other Threads:
=>0x0000027fe6248ae0 VMThread "VM Thread" [stack: 0x000000e104c00000,0x000000e104d00000] [id=2876]
  0x0000027fc6a7eba0 WorkerThread "GC Thread#0" [stack: 0x000000e104700000,0x000000e104800000] [id=496]
  0x0000027febf1b870 WorkerThread "GC Thread#1" [stack: 0x000000e105d00000,0x000000e105e00000] [id=3112]
  0x0000027febf1bb10 WorkerThread "GC Thread#2" [stack: 0x000000e105e00000,0x000000e105f00000] [id=1436]
  0x0000027febf1c2f0 WorkerThread "GC Thread#3" [stack: 0x000000e105f00000,0x000000e106000000] [id=5464]
  0x0000027fc6a91640 ConcurrentGCThread "G1 Main Marker" terminated
  0x0000027fc6a93f60 WorkerThread "G1 Conc#0" [stack: 0x000000e104900000,0x000000e104a00000] [id=3768]
  0x0000027fc6ad4fb0 ConcurrentGCThread "G1 Refine#0" terminated
  0x0000027fc6ad77f0 ConcurrentGCThread "G1 Service" terminated

Threads with active compile tasks:

VM state: at safepoint (shutting down)

VM Mutex/Monitor currently owned by a thread:  ([mutex/lock_event])
[0x0000027fc6a1d590] Threads_lock - owner thread: 0x0000027fe6248ae0
[0x0000027fc6a1d740] Heap_lock - owner thread: 0x0000027feba43f20

Heap address: 0x0000000081e00000, size: 2018 MB, Compressed Oops mode: 32-bit

CDS archive(s) mapped at: [0x0000000800000000-0x0000000800ba0000-0x0000000800ba0000), size 12189696, SharedBaseAddress: 0x0000000800000000, ArchiveRelocationMode: 0.
Compressed class space mapped at: 0x0000000800c00000-0x0000000840c00000, reserved size: 1073741824
Narrow klass base: 0x0000000800000000, Narrow klass shift: 0, Narrow klass range: 0x100000000

GC Precious Log:
 CardTable entry size: 512
 Card Set container configuration: InlinePtr #cards 5 size 8 Array Of Cards #cards 12 size 40 Howl #buckets 4 coarsen threshold 1843 Howl Bitmap #cards 512 size 80 coarsen threshold 460 Card regions per heap region 1 cards per card region 2048
 CPUs: 4 total, 4 available
 Memory: 8066M
 Large Page Support: Disabled
 NUMA Support: Disabled
 Compressed Oops: Enabled (32-bit)
 Heap Region Size: 1M
 Heap Min Capacity: 8M
 Heap Initial Capacity: 128M
 Heap Max Capacity: 2018M
 Pre-touch: Disabled
 Parallel Workers: 4
 Concurrent Workers: 1
 Concurrent Refinement Workers: 4
 Periodic GC: Disabled

Heap:
 garbage-first heap   total 131072K, used 49483K [0x0000000081e00000, 0x0000000100000000)
  region size 1024K, 46 young (47104K), 3 survivors (3072K)
 Metaspace       used 18643K, committed 19008K, reserved 1114112K
  class space    used 2719K, committed 2880K, reserved 1048576K

Heap Regions: E=young(eden), S=young(survivor), O=old, HS=humongous(starts), HC=humongous(continues), CS=collection set, F=free, OA=open archive, CA=closed archive, TAMS=top-at-mark-start (previous, next)
|   0|0x0000000081e00000, 0x0000000081f00000, 0x0000000081f00000|100%| O|  |TAMS 0x0000000081e00000, 0x0000000081e00000| Untracked 
|   1|0x0000000081f00000, 0x0000000082000000, 0x0000000082000000|100%| O|  |TAMS 0x0000000081f00000, 0x0000000081f00000| Untracked 
|   2|0x0000000082000000, 0x0000000082052e00, 0x0000000082100000| 32%| O|  |TAMS 0x0000000082000000, 0x0000000082000000| Untracked 
|   3|0x0000000082100000, 0x0000000082200000, 0x0000000082200000|100%|HS|  |TAMS 0x0000000082100000, 0x0000000082100000| Complete 
|   4|0x0000000082200000, 0x0000000082300000, 0x0000000082300000|100%|HC|  |TAMS 0x0000000082200000, 0x0000000082200000| Complete 
|   5|0x0000000082300000, 0x0000000082300000, 0x0000000082400000|  0%| F|  |TAMS 0x0000000082300000, 0x0000000082300000| Untracked 
|   6|0x0000000082400000, 0x0000000082400000, 0x0000000082500000|  0%| F|  |TAMS 0x0000000082400000, 0x0000000082400000| Untracked 
|   7|0x0000000082500000, 0x0000000082500000, 0x0000000082600000|  0%| F|  |TAMS 0x0000000082500000, 0x0000000082500000| Untracked 
|   8|0x0000000082600000, 0x0000000082600000, 0x0000000082700000|  0%| F|  |TAMS 0x0000000082600000, 0x0000000082600000| Untracked 
|   9|0x0000000082700000, 0x0000000082700000, 0x0000000082800000|  0%| F|  |TAMS 0x0000000082700000, 0x0000000082700000| Untracked 
|  10|0x0000000082800000, 0x0000000082800000, 0x0000000082900000|  0%| F|  |TAMS 0x0000000082800000, 0x0000000082800000| Untracked 
|  11|0x0000000082900000, 0x0000000082900000, 0x0000000082a00000|  0%| F|  |TAMS 0x0000000082900000, 0x0000000082900000| Untracked 
|  12|0x0000000082a00000, 0x0000000082a00000, 0x0000000082b00000|  0%| F|  |TAMS 0x0000000082a00000, 0x0000000082a00000| Untracked 
|  13|0x0000000082b00000, 0x0000000082b00000, 0x0000000082c00000|  0%| F|  |TAMS 0x0000000082b00000, 0x0000000082b00000| Untracked 
|  14|0x0000000082c00000, 0x0000000082c00000, 0x0000000082d00000|  0%| F|  |TAMS 0x0000000082c00000, 0x0000000082c00000| Untracked 
|  15|0x0000000082d00000, 0x0000000082d00000, 0x0000000082e00000|  0%| F|  |TAMS 0x0000000082d00000, 0x0000000082d00000| Untracked 
|  16|0x0000000082e00000, 0x0000000082e00000, 0x0000000082f00000|  0%| F|  |TAMS 0x0000000082e00000, 0x0000000082e00000| Untracked 
|  17|0x0000000082f00000, 0x0000000082f00000, 0x0000000083000000|  0%| F|  |TAMS 0x0000000082f00000, 0x0000000082f00000| Untracked 
|  18|0x0000000083000000, 0x0000000083000000, 0x0000000083100000|  0%| F|  |TAMS 0x0000000083000000, 0x0000000083000000| Untracked 
|  19|0x0000000083100000, 0x0000000083100000, 0x0000000083200000|  0%| F|  |TAMS 0x0000000083100000, 0x0000000083100000| Untracked 
|  20|0x0000000083200000, 0x0000000083200000, 0x0000000083300000|  0%| F|  |TAMS 0x0000000083200000, 0x0000000083200000| Untracked 
|  21|0x0000000083300000, 0x0000000083300000, 0x0000000083400000|  0%| F|  |TAMS 0x0000000083300000, 0x0000000083300000| Untracked 
|  22|0x0000000083400000, 0x0000000083400000, 0x0000000083500000|  0%| F|  |TAMS 0x0000000083400000, 0x0000000083400000| Untracked 
|  23|0x0000000083500000, 0x0000000083500000, 0x0000000083600000|  0%| F|  |TAMS 0x0000000083500000, 0x0000000083500000| Untracked 
|  24|0x0000000083600000, 0x0000000083600000, 0x0000000083700000|  0%| F|  |TAMS 0x0000000083600000, 0x0000000083600000| Untracked 
|  25|0x0000000083700000, 0x0000000083700000, 0x0000000083800000|  0%| F|  |TAMS 0x0000000083700000, 0x0000000083700000| Untracked 
|  26|0x0000000083800000, 0x0000000083800000, 0x0000000083900000|  0%| F|  |TAMS 0x0000000083800000, 0x0000000083800000| Untracked 
|  27|0x0000000083900000, 0x0000000083900000, 0x0000000083a00000|  0%| F|  |TAMS 0x0000000083900000, 0x0000000083900000| Untracked 
|  28|0x0000000083a00000, 0x0000000083a00000, 0x0000000083b00000|  0%| F|  |TAMS 0x0000000083a00000, 0x0000000083a00000| Untracked 
|  29|0x0000000083b00000, 0x0000000083b00000, 0x0000000083c00000|  0%| F|  |TAMS 0x0000000083b00000, 0x0000000083b00000| Untracked 
|  30|0x0000000083c00000, 0x0000000083c00000, 0x0000000083d00000|  0%| F|  |TAMS 0x0000000083c00000, 0x0000000083c00000| Untracked 
|  31|0x0000000083d00000, 0x0000000083d00000, 0x0000000083e00000|  0%| F|  |TAMS 0x0000000083d00000, 0x0000000083d00000| Untracked 
|  32|0x0000000083e00000, 0x0000000083e00000, 0x0000000083f00000|  0%| F|  |TAMS 0x0000000083e00000, 0x0000000083e00000| Untracked 
|  33|0x0000000083f00000, 0x0000000083f00000, 0x0000000084000000|  0%| F|  |TAMS 0x0000000083f00000, 0x0000000083f00000| Untracked 
|  34|0x0000000084000000, 0x0000000084000000, 0x0000000084100000|  0%| F|  |TAMS 0x0000000084000000, 0x0000000084000000| Untracked 
|  35|0x0000000084100000, 0x0000000084100000, 0x0000000084200000|  0%| F|  |TAMS 0x0000000084100000, 0x0000000084100000| Untracked 
|  36|0x0000000084200000, 0x0000000084200000, 0x0000000084300000|  0%| F|  |TAMS 0x0000000084200000, 0x0000000084200000| Untracked 
|  37|0x0000000084300000, 0x0000000084300000, 0x0000000084400000|  0%| F|  |TAMS 0x0000000084300000, 0x0000000084300000| Untracked 
|  38|0x0000000084400000, 0x0000000084400000, 0x0000000084500000|  0%| F|  |TAMS 0x0000000084400000, 0x0000000084400000| Untracked 
|  39|0x0000000084500000, 0x0000000084500000, 0x0000000084600000|  0%| F|  |TAMS 0x0000000084500000, 0x0000000084500000| Untracked 
|  40|0x0000000084600000, 0x0000000084600000, 0x0000000084700000|  0%| F|  |TAMS 0x0000000084600000, 0x0000000084600000| Untracked 
|  41|0x0000000084700000, 0x0000000084700000, 0x0000000084800000|  0%| F|  |TAMS 0x0000000084700000, 0x0000000084700000| Untracked 
|  42|0x0000000084800000, 0x0000000084800000, 0x0000000084900000|  0%| F|  |TAMS 0x0000000084800000, 0x0000000084800000| Untracked 
|  43|0x0000000084900000, 0x0000000084900000, 0x0000000084a00000|  0%| F|  |TAMS 0x0000000084900000, 0x0000000084900000| Untracked 
|  44|0x0000000084a00000, 0x0000000084a00000, 0x0000000084b00000|  0%| F|  |TAMS 0x0000000084a00000, 0x0000000084a00000| Untracked 
|  45|0x0000000084b00000, 0x0000000084b00000, 0x0000000084c00000|  0%| F|  |TAMS 0x0000000084b00000, 0x0000000084b00000| Untracked 
|  46|0x0000000084c00000, 0x0000000084c00000, 0x0000000084d00000|  0%| F|  |TAMS 0x0000000084c00000, 0x0000000084c00000| Untracked 
|  47|0x0000000084d00000, 0x0000000084d00000, 0x0000000084e00000|  0%| F|  |TAMS 0x0000000084d00000, 0x0000000084d00000| Untracked 
|  48|0x0000000084e00000, 0x0000000084e00000, 0x0000000084f00000|  0%| F|  |TAMS 0x0000000084e00000, 0x0000000084e00000| Untracked 
|  49|0x0000000084f00000, 0x0000000084f00000, 0x0000000085000000|  0%| F|  |TAMS 0x0000000084f00000, 0x0000000084f00000| Untracked 
|  50|0x0000000085000000, 0x0000000085000000, 0x0000000085100000|  0%| F|  |TAMS 0x0000000085000000, 0x0000000085000000| Untracked 
|  51|0x0000000085100000, 0x0000000085100000, 0x0000000085200000|  0%| F|  |TAMS 0x0000000085100000, 0x0000000085100000| Untracked 
|  52|0x0000000085200000, 0x0000000085200000, 0x0000000085300000|  0%| F|  |TAMS 0x0000000085200000, 0x0000000085200000| Untracked 
|  53|0x0000000085300000, 0x0000000085300000, 0x0000000085400000|  0%| F|  |TAMS 0x0000000085300000, 0x0000000085300000| Untracked 
|  54|0x0000000085400000, 0x0000000085400000, 0x0000000085500000|  0%| F|  |TAMS 0x0000000085400000, 0x0000000085400000| Untracked 
|  55|0x0000000085500000, 0x0000000085500000, 0x0000000085600000|  0%| F|  |TAMS 0x0000000085500000, 0x0000000085500000| Untracked 
|  56|0x0000000085600000, 0x0000000085600000, 0x0000000085700000|  0%| F|  |TAMS 0x0000000085600000, 0x0000000085600000| Untracked 
|  57|0x0000000085700000, 0x0000000085700000, 0x0000000085800000|  0%| F|  |TAMS 0x0000000085700000, 0x0000000085700000| Untracked 
|  58|0x0000000085800000, 0x0000000085800000, 0x0000000085900000|  0%| F|  |TAMS 0x0000000085800000, 0x0000000085800000| Untracked 
|  59|0x0000000085900000, 0x0000000085900000, 0x0000000085a00000|  0%| F|  |TAMS 0x0000000085900000, 0x0000000085900000| Untracked 
|  60|0x0000000085a00000, 0x0000000085a00000, 0x0000000085b00000|  0%| F|  |TAMS 0x0000000085a00000, 0x0000000085a00000| Untracked 
|  61|0x0000000085b00000, 0x0000000085b00000, 0x0000000085c00000|  0%| F|  |TAMS 0x0000000085b00000, 0x0000000085b00000| Untracked 
|  62|0x0000000085c00000, 0x0000000085c00000, 0x0000000085d00000|  0%| F|  |TAMS 0x0000000085c00000, 0x0000000085c00000| Untracked 
|  63|0x0000000085d00000, 0x0000000085d00000, 0x0000000085e00000|  0%| F|  |TAMS 0x0000000085d00000, 0x0000000085d00000| Untracked 
|  64|0x0000000085e00000, 0x0000000085e00000, 0x0000000085f00000|  0%| F|  |TAMS 0x0000000085e00000, 0x0000000085e00000| Untracked 
|  65|0x0000000085f00000, 0x0000000085f00000, 0x0000000086000000|  0%| F|  |TAMS 0x0000000085f00000, 0x0000000085f00000| Untracked 
|  66|0x0000000086000000, 0x0000000086000000, 0x0000000086100000|  0%| F|  |TAMS 0x0000000086000000, 0x0000000086000000| Untracked 
|  67|0x0000000086100000, 0x0000000086100000, 0x0000000086200000|  0%| F|  |TAMS 0x0000000086100000, 0x0000000086100000| Untracked 
|  68|0x0000000086200000, 0x0000000086200000, 0x0000000086300000|  0%| F|  |TAMS 0x0000000086200000, 0x0000000086200000| Untracked 
|  69|0x0000000086300000, 0x0000000086300000, 0x0000000086400000|  0%| F|  |TAMS 0x0000000086300000, 0x0000000086300000| Untracked 
|  70|0x0000000086400000, 0x0000000086400000, 0x0000000086500000|  0%| F|  |TAMS 0x0000000086400000, 0x0000000086400000| Untracked 
|  71|0x0000000086500000, 0x0000000086500000, 0x0000000086600000|  0%| F|  |TAMS 0x0000000086500000, 0x0000000086500000| Untracked 
|  72|0x0000000086600000, 0x0000000086600000, 0x0000000086700000|  0%| F|  |TAMS 0x0000000086600000, 0x0000000086600000| Untracked 
|  73|0x0000000086700000, 0x0000000086700000, 0x0000000086800000|  0%| F|  |TAMS 0x0000000086700000, 0x0000000086700000| Untracked 
|  74|0x0000000086800000, 0x0000000086800000, 0x0000000086900000|  0%| F|  |TAMS 0x0000000086800000, 0x0000000086800000| Untracked 
|  75|0x0000000086900000, 0x0000000086900000, 0x0000000086a00000|  0%| F|  |TAMS 0x0000000086900000, 0x0000000086900000| Untracked 
|  76|0x0000000086a00000, 0x0000000086a00000, 0x0000000086b00000|  0%| F|  |TAMS 0x0000000086a00000, 0x0000000086a00000| Untracked 
|  77|0x0000000086b00000, 0x0000000086b00000, 0x0000000086c00000|  0%| F|  |TAMS 0x0000000086b00000, 0x0000000086b00000| Untracked 
|  78|0x0000000086c00000, 0x0000000086c00000, 0x0000000086d00000|  0%| F|  |TAMS 0x0000000086c00000, 0x0000000086c00000| Untracked 
|  79|0x0000000086d00000, 0x0000000086d00000, 0x0000000086e00000|  0%| F|  |TAMS 0x0000000086d00000, 0x0000000086d00000| Untracked 
|  80|0x0000000086e00000, 0x0000000086e00000, 0x0000000086f00000|  0%| F|  |TAMS 0x0000000086e00000, 0x0000000086e00000| Untracked 
|  81|0x0000000086f00000, 0x0000000086f00000, 0x0000000087000000|  0%| F|  |TAMS 0x0000000086f00000, 0x0000000086f00000| Untracked 
|  82|0x0000000087000000, 0x0000000087096060, 0x0000000087100000| 58%| E|  |TAMS 0x0000000087000000, 0x0000000087000000| Complete 
|  83|0x0000000087100000, 0x0000000087200000, 0x0000000087200000|100%| E|CS|TAMS 0x0000000087100000, 0x0000000087100000| Complete 
|  84|0x0000000087200000, 0x0000000087300000, 0x0000000087300000|100%| E|CS|TAMS 0x0000000087200000, 0x0000000087200000| Complete 
|  85|0x0000000087300000, 0x0000000087400000, 0x0000000087400000|100%| E|CS|TAMS 0x0000000087300000, 0x0000000087300000| Complete 
|  86|0x0000000087400000, 0x0000000087500000, 0x0000000087500000|100%| E|CS|TAMS 0x0000000087400000, 0x0000000087400000| Complete 
|  87|0x0000000087500000, 0x0000000087600000, 0x0000000087600000|100%| E|CS|TAMS 0x0000000087500000, 0x0000000087500000| Complete 
|  88|0x0000000087600000, 0x0000000087700000, 0x0000000087700000|100%| E|CS|TAMS 0x0000000087600000, 0x0000000087600000| Complete 
|  89|0x0000000087700000, 0x0000000087800000, 0x0000000087800000|100%| E|CS|TAMS 0x0000000087700000, 0x0000000087700000| Complete 
|  90|0x0000000087800000, 0x0000000087900000, 0x0000000087900000|100%| E|CS|TAMS 0x0000000087800000, 0x0000000087800000| Complete 
|  91|0x0000000087900000, 0x0000000087a00000, 0x0000000087a00000|100%| E|CS|TAMS 0x0000000087900000, 0x0000000087900000| Complete 
|  92|0x0000000087a00000, 0x0000000087b00000, 0x0000000087b00000|100%| E|CS|TAMS 0x0000000087a00000, 0x0000000087a00000| Complete 
|  93|0x0000000087b00000, 0x0000000087c00000, 0x0000000087c00000|100%| E|CS|TAMS 0x0000000087b00000, 0x0000000087b00000| Complete 
|  94|0x0000000087c00000, 0x0000000087d00000, 0x0000000087d00000|100%| E|CS|TAMS 0x0000000087c00000, 0x0000000087c00000| Complete 
|  95|0x0000000087d00000, 0x0000000087e00000, 0x0000000087e00000|100%| E|CS|TAMS 0x0000000087d00000, 0x0000000087d00000| Complete 
|  96|0x0000000087e00000, 0x0000000087f00000, 0x0000000087f00000|100%| E|CS|TAMS 0x0000000087e00000, 0x0000000087e00000| Complete 
|  97|0x0000000087f00000, 0x0000000088000000, 0x0000000088000000|100%| E|CS|TAMS 0x0000000087f00000, 0x0000000087f00000| Complete 
|  98|0x0000000088000000, 0x0000000088100000, 0x0000000088100000|100%| E|CS|TAMS 0x0000000088000000, 0x0000000088000000| Complete 
|  99|0x0000000088100000, 0x0000000088200000, 0x0000000088200000|100%| E|CS|TAMS 0x0000000088100000, 0x0000000088100000| Complete 
| 100|0x0000000088200000, 0x0000000088300000, 0x0000000088300000|100%| E|CS|TAMS 0x0000000088200000, 0x0000000088200000| Complete 
| 101|0x0000000088300000, 0x0000000088400000, 0x0000000088400000|100%| E|CS|TAMS 0x0000000088300000, 0x0000000088300000| Complete 
| 102|0x0000000088400000, 0x0000000088500000, 0x0000000088500000|100%| E|CS|TAMS 0x0000000088400000, 0x0000000088400000| Complete 
| 103|0x0000000088500000, 0x0000000088600000, 0x0000000088600000|100%| E|CS|TAMS 0x0000000088500000, 0x0000000088500000| Complete 
| 104|0x0000000088600000, 0x0000000088700000, 0x0000000088700000|100%| E|CS|TAMS 0x0000000088600000, 0x0000000088600000| Complete 
| 105|0x0000000088700000, 0x0000000088800000, 0x0000000088800000|100%| E|CS|TAMS 0x0000000088700000, 0x0000000088700000| Complete 
| 106|0x0000000088800000, 0x0000000088900000, 0x0000000088900000|100%| S|CS|TAMS 0x0000000088800000, 0x0000000088800000| Complete 
| 107|0x0000000088900000, 0x0000000088a00000, 0x0000000088a00000|100%| S|CS|TAMS 0x0000000088900000, 0x0000000088900000| Complete 
| 108|0x0000000088a00000, 0x0000000088b00000, 0x0000000088b00000|100%| S|CS|TAMS 0x0000000088a00000, 0x0000000088a00000| Complete 
| 109|0x0000000088b00000, 0x0000000088c00000, 0x0000000088c00000|100%| E|CS|TAMS 0x0000000088b00000, 0x0000000088b00000| Complete 
| 110|0x0000000088c00000, 0x0000000088d00000, 0x0000000088d00000|100%| E|CS|TAMS 0x0000000088c00000, 0x0000000088c00000| Complete 
| 111|0x0000000088d00000, 0x0000000088e00000, 0x0000000088e00000|100%| E|CS|TAMS 0x0000000088d00000, 0x0000000088d00000| Complete 
| 112|0x0000000088e00000, 0x0000000088f00000, 0x0000000088f00000|100%| E|CS|TAMS 0x0000000088e00000, 0x0000000088e00000| Complete 
| 113|0x0000000088f00000, 0x0000000089000000, 0x0000000089000000|100%| E|CS|TAMS 0x0000000088f00000, 0x0000000088f00000| Complete 
| 114|0x0000000089000000, 0x0000000089100000, 0x0000000089100000|100%| E|CS|TAMS 0x0000000089000000, 0x0000000089000000| Complete 
| 115|0x0000000089100000, 0x0000000089200000, 0x0000000089200000|100%| E|  |TAMS 0x0000000089100000, 0x0000000089100000| Complete 
| 116|0x0000000089200000, 0x0000000089300000, 0x0000000089300000|100%| E|CS|TAMS 0x0000000089200000, 0x0000000089200000| Complete 
| 117|0x0000000089300000, 0x0000000089400000, 0x0000000089400000|100%| E|CS|TAMS 0x0000000089300000, 0x0000000089300000| Complete 
| 118|0x0000000089400000, 0x0000000089500000, 0x0000000089500000|100%| E|CS|TAMS 0x0000000089400000, 0x0000000089400000| Complete 
| 119|0x0000000089500000, 0x0000000089600000, 0x0000000089600000|100%| E|CS|TAMS 0x0000000089500000, 0x0000000089500000| Complete 
| 120|0x0000000089600000, 0x0000000089700000, 0x0000000089700000|100%| E|CS|TAMS 0x0000000089600000, 0x0000000089600000| Complete 
| 121|0x0000000089700000, 0x0000000089800000, 0x0000000089800000|100%| E|CS|TAMS 0x0000000089700000, 0x0000000089700000| Complete 
| 122|0x0000000089800000, 0x0000000089900000, 0x0000000089900000|100%| E|CS|TAMS 0x0000000089800000, 0x0000000089800000| Complete 
| 123|0x0000000089900000, 0x0000000089a00000, 0x0000000089a00000|100%| E|CS|TAMS 0x0000000089900000, 0x0000000089900000| Complete 
| 124|0x0000000089a00000, 0x0000000089b00000, 0x0000000089b00000|100%| E|CS|TAMS 0x0000000089a00000, 0x0000000089a00000| Complete 
| 125|0x0000000089b00000, 0x0000000089c00000, 0x0000000089c00000|100%| E|CS|TAMS 0x0000000089b00000, 0x0000000089b00000| Complete 
| 126|0x0000000089c00000, 0x0000000089d00000, 0x0000000089d00000|100%| E|CS|TAMS 0x0000000089c00000, 0x0000000089c00000| Complete 
| 127|0x0000000089d00000, 0x0000000089e00000, 0x0000000089e00000|100%| E|CS|TAMS 0x0000000089d00000, 0x0000000089d00000| Complete 

Card table byte_map: [0x0000027fdf570000,0x0000027fdf970000] _byte_map_base: 0x0000027fdf161000

Marking Bits (Prev, Next): (CMBitMap*) 0x0000027fc6a810d0, (CMBitMap*) 0x0000027fc6a81110
 Prev Bits: [0x0000027fdfd70000, 0x0000027fe1cf8000)
 Next Bits: [0x0000027fe1d00000, 0x0000027fe3c88000)

Polling page: 0x0000027fc67d0000

Metaspace:

Usage:
  Non-class:     15.55 MB used.
      Class:      2.66 MB used.
       Both:     18.21 MB used.

Virtual space:
  Non-class space:       64.00 MB reserved,      15.75 MB ( 25%) committed,  1 nodes.
      Class space:        1.00 GB reserved,       2.81 MB ( <1%) committed,  1 nodes.
             Both:        1.06 GB reserved,      18.56 MB (  2%) committed. 

Chunk freelists:
   Non-Class:  127.00 KB
       Class:  1.17 MB
        Both:  1.29 MB

MaxMetaspaceSize: unlimited
CompressedClassSpaceSize: 1.00 GB
Initial GC threshold: 21.00 MB
Current GC threshold: 21.00 MB
CDS: on
MetaspaceReclaimPolicy: balanced
 - commit_granule_bytes: 65536.
 - commit_granule_words: 8192.
 - virtual_space_node_default_size: 8388608.
 - enlarge_chunks_in_place: 1.
 - new_chunks_are_fully_committed: 0.
 - uncommit_free_chunks: 1.
 - use_allocation_guard: 0.


Internal statistics:

num_allocs_failed_limit: 0.
num_arena_births: 364.
num_arena_deaths: 0.
num_vsnodes_births: 2.
num_vsnodes_deaths: 0.
num_space_committed: 297.
num_space_uncommitted: 0.
num_chunks_returned_to_freelist: 0.
num_chunks_taken_from_freelist: 988.
num_chunk_merges: 0.
num_chunk_splits: 668.
num_chunks_enlarged: 500.
num_inconsistent_stats: 0.

CodeHeap 'non-profiled nmethods': size=120000Kb used=1247Kb max_used=1247Kb free=118752Kb
 bounds [0x0000027fd7610000, 0x0000027fd7880000, 0x0000027fdeb40000]
CodeHeap 'profiled nmethods': size=120000Kb used=6736Kb max_used=6736Kb free=113263Kb
 bounds [0x0000027fd00e0000, 0x0000027fd0780000, 0x0000027fd7610000]
CodeHeap 'non-nmethods': size=5760Kb used=1443Kb max_used=1474Kb free=4316Kb
 bounds [0x0000027fcfb40000, 0x0000027fcfdb0000, 0x0000027fd00e0000]
 total_blobs=4311 nmethods=3514 adapters=709
 compilation: enabled
              stopped_count=0, restarted_count=0
 full_count=0

Compilation events (20 events):
Event: 12.625 Thread 0x0000027fe627f380 nmethod 3497 0x0000027fd0766e90 code [0x0000027fd0767020, 0x0000027fd0767118]
Event: 12.625 Thread 0x0000027fe627f380 3503       3       javafx.beans.property.StringPropertyBase::isBound (13 bytes)
Event: 12.625 Thread 0x0000027fe627f380 nmethod 3503 0x0000027fd0767190 code [0x0000027fd0767320, 0x0000027fd0767498]
Event: 12.625 Thread 0x0000027fe627f380 3505       3       javafx.scene.Node::isDisabled (19 bytes)
Event: 12.625 Thread 0x0000027fe627f380 nmethod 3505 0x0000027fd0767510 code [0x0000027fd07676c0, 0x0000027fd0767a48]
Event: 12.625 Thread 0x0000027fe627f380 3513       3       javafx.fxml.FXMLLoader$Element::getProperties (22 bytes)
Event: 12.626 Thread 0x0000027fe627f380 nmethod 3513 0x0000027fd0767b90 code [0x0000027fd0767da0, 0x0000027fd07686c8]
Event: 12.626 Thread 0x0000027fe627f380 3514   !   3       com.sun.org.apache.xerces.internal.impl.XMLDocumentFragmentScannerImpl$FragmentContentDriver::next (2331 bytes)
Event: 12.637 Thread 0x0000027fe627f380 nmethod 3514 0x0000027fd0768910 code [0x0000027fd0769340, 0x0000027fd076fb18]
Event: 12.637 Thread 0x0000027fe627f380 3515       1       java.lang.Class::getAnnotationType (5 bytes)
Event: 12.638 Thread 0x0000027fe627f380 nmethod 3515 0x0000027fd7744690 code [0x0000027fd7744820, 0x0000027fd77448f8]
Event: 12.638 Thread 0x0000027fe627f380 3516       1       java.lang.reflect.Method::getRoot (5 bytes)
Event: 12.638 Thread 0x0000027fe627f380 nmethod 3516 0x0000027fd7744990 code [0x0000027fd7744b20, 0x0000027fd7744bf8]
Event: 12.675 Thread 0x0000027fe626f680 nmethod 3512 0x0000027fd7744c90 code [0x0000027fd7744f40, 0x0000027fd7746078]
Event: 86.448 Thread 0x0000027fe626f680 3517       4       com.sun.javafx.tk.quantum.QuantumToolkit::postPulse (133 bytes)
Event: 86.455 Thread 0x0000027fe626f680 nmethod 3517 0x0000027fd7746f10 code [0x0000027fd77470c0, 0x0000027fd7747318]
Event: 86.960 Thread 0x0000027fe626f680 3518       4       com.sun.javafx.tk.quantum.QuantumToolkit$$Lambda$91/0x0000000800c398c0::run (8 bytes)
Event: 86.967 Thread 0x0000027fe626f680 nmethod 3518 0x0000027fd7747590 code [0x0000027fd7747740, 0x0000027fd77479e8]
Event: 171.956 Thread 0x0000027fe627f380 3519       3       java.lang.invoke.MethodHandles$Lookup$ClassDefiner::defineClassAsLookup (19 bytes)
Event: 171.956 Thread 0x0000027fe627f380 nmethod 3519 0x0000027fd0773c10 code [0x0000027fd0773dc0, 0x0000027fd0773fb8]

GC Heap History (4 events):
Event: 0.860 GC heap before
{Heap before GC invocations=0 (full 0):
 garbage-first heap   total 131072K, used 13312K [0x0000000081e00000, 0x0000000100000000)
  region size 1024K, 13 young (13312K), 0 survivors (0K)
 Metaspace       used 2763K, committed 2944K, reserved 1114112K
  class space    used 288K, committed 384K, reserved 1048576K
}
Event: 0.864 GC heap after
{Heap after GC invocations=1 (full 0):
 garbage-first heap   total 131072K, used 2095K [0x0000000081e00000, 0x0000000100000000)
  region size 1024K, 2 young (2048K), 2 survivors (2048K)
 Metaspace       used 2763K, committed 2944K, reserved 1114112K
  class space    used 288K, committed 384K, reserved 1048576K
}
Event: 1.442 GC heap before
{Heap before GC invocations=1 (full 0):
 garbage-first heap   total 131072K, used 18479K [0x0000000081e00000, 0x0000000100000000)
  region size 1024K, 19 young (19456K), 2 survivors (2048K)
 Metaspace       used 8258K, committed 8512K, reserved 1114112K
  class space    used 1055K, committed 1152K, reserved 1048576K
}
Event: 1.449 GC heap after
{Heap after GC invocations=2 (full 0):
 garbage-first heap   total 131072K, used 5451K [0x0000000081e00000, 0x0000000100000000)
  region size 1024K, 3 young (3072K), 3 survivors (3072K)
 Metaspace       used 8258K, committed 8512K, reserved 1114112K
  class space    used 1055K, committed 1152K, reserved 1048576K
}

Deoptimization events (20 events):
Event: 6.353 Thread 0x0000027fea615010 DEOPT PACKING pc=0x0000027fd76d6e9c sp=0x000000e105bfc440
Event: 6.353 Thread 0x0000027fea615010 DEOPT UNPACKING pc=0x0000027fcfb923a3 sp=0x000000e105bfc3c8 mode 2
Event: 6.773 Thread 0x0000027fea615010 Uncommon trap: trap_request=0xffffff45 fr.pc=0x0000027fd76d880c relative=0x000000000000008c
Event: 6.773 Thread 0x0000027fea615010 Uncommon trap: reason=unstable_if action=reinterpret pc=0x0000027fd76d880c method=com.sun.javafx.geom.RectBounds.isEmpty()Z @ 21 c2
Event: 6.773 Thread 0x0000027fea615010 DEOPT PACKING pc=0x0000027fd76d880c sp=0x000000e105bfc770
Event: 6.773 Thread 0x0000027fea615010 DEOPT UNPACKING pc=0x0000027fcfb923a3 sp=0x000000e105bfc700 mode 2
Event: 6.780 Thread 0x0000027fea615010 DEOPT PACKING pc=0x0000027fd065deba sp=0x000000e105bfe350
Event: 6.780 Thread 0x0000027fea615010 DEOPT UNPACKING pc=0x0000027fcfb92b43 sp=0x000000e105bfd850 mode 0
Event: 6.780 Thread 0x0000027fea615010 DEOPT PACKING pc=0x0000027fd065df26 sp=0x000000e105bfe340
Event: 6.780 Thread 0x0000027fea615010 DEOPT UNPACKING pc=0x0000027fcfb92b43 sp=0x000000e105bfd840 mode 0
Event: 6.892 Thread 0x0000027fea615010 DEOPT PACKING pc=0x0000027fd065df26 sp=0x000000e105bfe350
Event: 6.892 Thread 0x0000027fea615010 DEOPT UNPACKING pc=0x0000027fcfb92b43 sp=0x000000e105bfd850 mode 0
Event: 8.495 Thread 0x0000027fea615010 DEOPT PACKING pc=0x0000027fd065deba sp=0x000000e105bfe340
Event: 8.495 Thread 0x0000027fea615010 DEOPT UNPACKING pc=0x0000027fcfb92b43 sp=0x000000e105bfd840 mode 0
Event: 8.550 Thread 0x0000027fea615010 DEOPT PACKING pc=0x0000027fd065deba sp=0x000000e105bfe350
Event: 8.550 Thread 0x0000027fea615010 DEOPT UNPACKING pc=0x0000027fcfb92b43 sp=0x000000e105bfd850 mode 0
Event: 8.551 Thread 0x0000027fea615010 DEOPT PACKING pc=0x0000027fd065deba sp=0x000000e105bfe340
Event: 8.551 Thread 0x0000027fea615010 DEOPT UNPACKING pc=0x0000027fcfb92b43 sp=0x000000e105bfd840 mode 0
Event: 8.562 Thread 0x0000027fea615010 DEOPT PACKING pc=0x0000027fd065df26 sp=0x000000e105bfe350
Event: 8.562 Thread 0x0000027fea615010 DEOPT UNPACKING pc=0x0000027fcfb92b43 sp=0x000000e105bfd850 mode 0

Classes loaded (20 events):
Event: 11.148 Loading class java/lang/constant/MethodHandleDesc
Event: 11.148 Loading class java/lang/constant/MethodHandleDesc done
Event: 11.148 Loading class java/lang/constant/MethodHandleDesc$1
Event: 11.148 Loading class java/lang/constant/MethodHandleDesc$1 done
Event: 11.148 Loading class java/lang/constant/DirectMethodHandleDescImpl
Event: 11.148 Loading class java/lang/constant/DirectMethodHandleDesc
Event: 11.148 Loading class java/lang/constant/DirectMethodHandleDesc done
Event: 11.149 Loading class java/lang/constant/DirectMethodHandleDescImpl done
Event: 11.149 Loading class java/lang/constant/DirectMethodHandleDescImpl$1
Event: 11.149 Loading class java/lang/constant/DirectMethodHandleDescImpl$1 done
Event: 11.149 Loading class java/lang/constant/DirectMethodHandleDesc$1
Event: 11.149 Loading class java/lang/constant/DirectMethodHandleDesc$1 done
Event: 11.149 Loading class java/lang/constant/PrimitiveClassDescImpl
Event: 11.149 Loading class java/lang/constant/DynamicConstantDesc
Event: 11.149 Loading class java/lang/constant/DynamicConstantDesc done
Event: 11.149 Loading class java/lang/constant/PrimitiveClassDescImpl done
Event: 11.149 Loading class java/lang/constant/DynamicConstantDesc$AnonymousDynamicConstantDesc
Event: 11.149 Loading class java/lang/constant/DynamicConstantDesc$AnonymousDynamicConstantDesc done
Event: 171.954 Loading class jdk/internal/misc/Signal$1
Event: 171.954 Loading class jdk/internal/misc/Signal$1 done

Classes unloaded (0 events):
No events

Classes redefined (0 events):
No events

Internal exceptions (20 events):
Event: 1.896 Thread 0x0000027feb84dc10 Implicit null exception at 0x0000027fd7675aaf to 0x0000027fd7675c80
Event: 2.105 Thread 0x0000027feb84dc10 Exception <a 'java/lang/NoSuchMethodError'{0x00000000891377d0}: 'java.lang.Object java.lang.invoke.DirectMethodHandle$Holder.invokeInterface(java.lang.Object, java.lang.Object, java.lang.Object)'> (0x00000000891377d0) 
thrown [s\open\src\hotspot\share\interpreter\linkResolver.cpp, line 759]
Event: 2.106 Thread 0x0000027feb84dc10 Exception <a 'java/lang/IncompatibleClassChangeError'{0x000000008913b150}: Found class java.lang.Object, but interface was expected> (0x000000008913b150) 
thrown [s\open\src\hotspot\share\interpreter\linkResolver.cpp, line 826]
Event: 2.168 Thread 0x0000027feb84dc10 Exception <a 'java/lang/ClassNotFoundException'{0x0000000088f36910}: com/sun/javafx/scene/control/skin/resources/controls> (0x0000000088f36910) 
thrown [s\open\src\hotspot\share\prims\jni.cpp, line 535]
Event: 2.170 Thread 0x0000027feb84dc10 Exception <a 'java/lang/ClassNotFoundException'{0x0000000088f448b0}: com/sun/javafx/scene/control/skin/resources/controls_ru> (0x0000000088f448b0) 
thrown [s\open\src\hotspot\share\prims\jni.cpp, line 535]
Event: 2.170 Thread 0x0000027feb84dc10 Exception <a 'java/lang/ClassNotFoundException'{0x0000000088f46018}: com/sun/javafx/scene/control/skin/resources/controls_ru_RU> (0x0000000088f46018) 
thrown [s\open\src\hotspot\share\prims\jni.cpp, line 535]
Event: 2.236 Thread 0x0000027feb84dc10 Exception <a 'java/lang/NoSuchMethodError'{0x0000000088d01db0}: 'void java.lang.invoke.DirectMethodHandle$Holder.invokeSpecial(java.lang.Object, java.lang.Object, java.lang.Object, java.lang.Object, java.lang.Object, java.lang.Object)'> (0x0000000088d01db0) 
thrown [s\open\src\hotspot\share\interpreter\linkResolver.cpp, line 759]
Event: 2.341 Thread 0x0000027feb84dc10 Exception <a 'java/lang/NoSuchMethodError'{0x00000000887750b8}: 'int java.lang.invoke.DirectMethodHandle$Holder.invokeSpecial(java.lang.Object, java.lang.Object, int)'> (0x00000000887750b8) 
thrown [s\open\src\hotspot\share\interpreter\linkResolver.cpp, line 759]
Event: 2.354 Thread 0x0000027feb84dc10 Exception <a 'java/lang/NoSuchMethodError'{0x00000000887a76c0}: 'java.lang.Object java.lang.invoke.DirectMethodHandle$Holder.newInvokeSpecial(java.lang.Object, java.lang.Object, int)'> (0x00000000887a76c0) 
thrown [s\open\src\hotspot\share\interpreter\linkResolver.cpp, line 759]
Event: 2.393 Thread 0x0000027feb84dc10 Exception <a 'java/lang/NoSuchMethodError'{0x00000000886abb10}: 'long java.lang.invoke.DirectMethodHandle$Holder.invokeStatic(java.lang.Object, java.lang.Object, java.lang.Object)'> (0x00000000886abb10) 
thrown [s\open\src\hotspot\share\interpreter\linkResolver.cpp, line 759]
Event: 2.393 Thread 0x0000027feb84dc10 Exception <a 'java/lang/NoSuchMethodError'{0x00000000886af2b0}: 'long java.lang.invoke.DirectMethodHandle$Holder.invokeStaticInit(java.lang.Object, java.lang.Object, java.lang.Object)'> (0x00000000886af2b0) 
thrown [s\open\src\hotspot\share\interpreter\linkResolver.cpp, line 759]
Event: 2.394 Thread 0x0000027fea615010 Exception <a 'java/lang/NoSuchMethodError'{0x000000008869e7b8}: 'int java.lang.invoke.DirectMethodHandle$Holder.invokeStaticInit(java.lang.Object, java.lang.Object)'> (0x000000008869e7b8) 
thrown [s\open\src\hotspot\share\interpreter\linkResolver.cpp, line 759]
Event: 2.397 Thread 0x0000027feb84dc10 Exception <a 'java/lang/NoSuchMethodError'{0x00000000886c78f8}: 'java.lang.Object java.lang.invoke.DirectMethodHandle$Holder.newInvokeSpecial(java.lang.Object, java.lang.Object, long)'> (0x00000000886c78f8) 
thrown [s\open\src\hotspot\share\interpreter\linkResolver.cpp, line 759]
Event: 2.398 Thread 0x0000027feb84dc10 Exception <a 'java/lang/NoSuchMethodError'{0x00000000886cb470}: 'java.lang.Object java.lang.invoke.Invokers$Holder.linkToTargetMethod(java.lang.Object, long, java.lang.Object)'> (0x00000000886cb470) 
thrown [s\open\src\hotspot\share\interpreter\linkResolver.cpp, line 759]
Event: 2.579 Thread 0x0000027fea615010 Exception <a 'java/lang/NoSuchMethodError'{0x00000000882b4a48}: 'java.lang.Object java.lang.invoke.DirectMethodHandle$Holder.invokeStaticInit(java.lang.Object, int)'> (0x00000000882b4a48) 
thrown [s\open\src\hotspot\share\interpreter\linkResolver.cpp, line 759]
Event: 4.705 Thread 0x0000027feb84dc10 Exception <a 'java/lang/NoSuchMethodError'{0x0000000088094b50}: 'long java.lang.invoke.DirectMethodHandle$Holder.invokeSpecial(java.lang.Object, java.lang.Object)'> (0x0000000088094b50) 
thrown [s\open\src\hotspot\share\interpreter\linkResolver.cpp, line 759]
Event: 4.705 Thread 0x0000027feb84dc10 Exception <a 'java/lang/NoSuchMethodError'{0x0000000088098490}: 'long java.lang.invoke.Invokers$Holder.invokeExact_MT(java.lang.Object, java.lang.Object)'> (0x0000000088098490) 
thrown [s\open\src\hotspot\share\interpreter\linkResolver.cpp, line 759]
Event: 6.142 Thread 0x0000027feb84dc10 Exception <a 'java/lang/NoSuchMethodError'{0x000000008797aad0}: 'int java.lang.invoke.DirectMethodHandle$Holder.invokeVirtual(java.lang.Object, java.lang.Object)'> (0x000000008797aad0) 
thrown [s\open\src\hotspot\share\interpreter\linkResolver.cpp, line 759]
Event: 9.734 Thread 0x0000027feb84dc10 Exception <a 'java/lang/NoSuchMethodError'{0x000000008749e008}: 'void java.lang.invoke.DirectMethodHandle$Holder.invokeVirtual(java.lang.Object, java.lang.Object, int)'> (0x000000008749e008) 
thrown [s\open\src\hotspot\share\interpreter\linkResolver.cpp, line 759]
Event: 11.133 Thread 0x0000027feb84dc10 Exception <a 'java/lang/NoSuchMethodError'{0x0000000087227690}: static [I.<clinit>()V> (0x0000000087227690) 
thrown [s\open\src\hotspot\share\prims\jni.cpp, line 1104]

VM Operations (20 events):
Event: 5.324 Executing VM operation: Cleanup done
Event: 6.200 Executing VM operation: ICBufferFull
Event: 6.200 Executing VM operation: ICBufferFull done
Event: 8.199 Executing VM operation: Cleanup
Event: 8.199 Executing VM operation: Cleanup done
Event: 9.200 Executing VM operation: Cleanup
Event: 9.200 Executing VM operation: Cleanup done
Event: 9.732 Executing VM operation: HandshakeAllThreads
Event: 9.732 Executing VM operation: HandshakeAllThreads done
Event: 9.740 Executing VM operation: HandshakeAllThreads
Event: 9.740 Executing VM operation: HandshakeAllThreads done
Event: 10.741 Executing VM operation: Cleanup
Event: 10.741 Executing VM operation: Cleanup done
Event: 11.135 Executing VM operation: HandshakeAllThreads
Event: 11.135 Executing VM operation: HandshakeAllThreads done
Event: 12.135 Executing VM operation: Cleanup
Event: 12.135 Executing VM operation: Cleanup done
Event: 13.136 Executing VM operation: Cleanup
Event: 13.136 Executing VM operation: Cleanup done
Event: 171.956 Executing VM operation: Exit

Events (20 events):
Event: 0.960 Thread 0x0000027febf6d5a0 Thread added: 0x0000027febf6d5a0
Event: 0.967 Loaded shared library C:\Program Files\Java\jdk-18.0.2.1\bin\jimage.dll
Event: 0.985 Thread 0x0000027febcb1740 Thread added: 0x0000027febcb1740
Event: 1.364 Loaded shared library C:\Program Files\Java\openjfx-19_windows-x64_bin-sdk\javafx-sdk-19\bin\javafx_font.dll
Event: 1.712 Thread 0x0000027fea613940 Thread exited: 0x0000027fea613940
Event: 2.094 Thread 0x0000027febbf9b80 Thread added: 0x0000027febbf9b80
Event: 2.308 Thread 0x0000027fec0ae400 Thread added: 0x0000027fec0ae400
Event: 2.479 Thread 0x0000027febbfa520 Thread added: 0x0000027febbfa520
Event: 2.684 Thread 0x0000027fec0ae400 Thread exited: 0x0000027fec0ae400
Event: 6.019 Thread 0x0000027fec88fd30 Thread added: 0x0000027fec88fd30
Event: 6.699 Thread 0x0000027fec88fd30 Thread exited: 0x0000027fec88fd30
Event: 6.887 Thread 0x0000027febc11180 Thread added: 0x0000027febc11180
Event: 7.126 Thread 0x0000027febc11180 Thread exited: 0x0000027febc11180
Event: 7.333 Thread 0x0000027fec88fd30 Thread added: 0x0000027fec88fd30
Event: 8.461 Thread 0x0000027fec88fd30 Thread exited: 0x0000027fec88fd30
Event: 171.954 Thread 0x0000027feba43f20 Thread added: 0x0000027feba43f20
Event: 171.954 Thread 0x0000027feba413d0 Thread added: 0x0000027feba413d0
Event: 171.954 Thread 0x0000027feba42710 Thread added: 0x0000027feba42710
Event: 171.955 Thread 0x0000027feba413d0 Thread exited: 0x0000027feba413d0
Event: 171.956 Thread 0x0000027fe6267750 Thread exited: 0x0000027fe6267750


Dynamic libraries:
0x00007ff691320000 - 0x00007ff691330000 	C:\Program Files\Java\jdk-18.0.2.1\bin\java.exe
0x00007ffba56f0000 - 0x00007ffba58e8000 	C:\Windows\SYSTEM32\ntdll.dll
0x00007ffba3d30000 - 0x00007ffba3ded000 	C:\Windows\System32\KERNEL32.DLL
0x00007ffba3060000 - 0x00007ffba332e000 	C:\Windows\System32\KERNELBASE.dll
0x00007ffba2f30000 - 0x00007ffba3030000 	C:\Windows\System32\ucrtbase.dll
0x00007ffb7d520000 - 0x00007ffb7d538000 	C:\Program Files\Java\jdk-18.0.2.1\bin\jli.dll
0x00007ffb9cb00000 - 0x00007ffb9cb1a000 	C:\Program Files\Java\jdk-18.0.2.1\bin\VCRUNTIME140.dll
0x00007ffba4230000 - 0x00007ffba42de000 	C:\Windows\System32\ADVAPI32.dll
0x00007ffba4de0000 - 0x00007ffba4e7e000 	C:\Windows\System32\msvcrt.dll
0x00007ffba4180000 - 0x00007ffba421c000 	C:\Windows\System32\sechost.dll
0x00007ffba3df0000 - 0x00007ffba3f15000 	C:\Windows\System32\RPCRT4.dll
0x00007ffba42e0000 - 0x00007ffba4480000 	C:\Windows\System32\USER32.dll
0x00007ffba3030000 - 0x00007ffba3052000 	C:\Windows\System32\win32u.dll
0x00007ffba4ef0000 - 0x00007ffba4f1a000 	C:\Windows\System32\GDI32.dll
0x00007ffba33c0000 - 0x00007ffba34cb000 	C:\Windows\System32\gdi32full.dll
0x00007ffba3550000 - 0x00007ffba35ed000 	C:\Windows\System32\msvcp_win.dll
0x00007ffb8dfa0000 - 0x00007ffb8e23a000 	C:\Windows\WinSxS\amd64_microsoft.windows.common-controls_6595b64144ccf1df_6.0.19041.1110_none_60b5254171f9507e\COMCTL32.dll
0x00007ffb9d0b0000 - 0x00007ffb9d0ba000 	C:\Windows\SYSTEM32\VERSION.dll
0x00007ffba38c0000 - 0x00007ffba38f0000 	C:\Windows\System32\IMM32.DLL
0x00007ffb9cdc0000 - 0x00007ffb9cdcc000 	C:\Program Files\Java\jdk-18.0.2.1\bin\vcruntime140_1.dll
0x00007ffb7d3f0000 - 0x00007ffb7d47d000 	C:\Program Files\Java\jdk-18.0.2.1\bin\msvcp140.dll
0x00007ffb431c0000 - 0x00007ffb43dd1000 	C:\Program Files\Java\jdk-18.0.2.1\bin\server\jvm.dll
0x00007ffba3f20000 - 0x00007ffba3f28000 	C:\Windows\System32\PSAPI.DLL
0x00007ffb8c640000 - 0x00007ffb8c649000 	C:\Windows\SYSTEM32\WSOCK32.dll
0x00007ffba4e80000 - 0x00007ffba4eeb000 	C:\Windows\System32\WS2_32.dll
0x00007ffb8e400000 - 0x00007ffb8e427000 	C:\Windows\SYSTEM32\WINMM.dll
0x00007ffba16a0000 - 0x00007ffba16b2000 	C:\Windows\SYSTEM32\kernel.appcore.dll
0x00007ffb8b130000 - 0x00007ffb8b13a000 	C:\Program Files\Java\jdk-18.0.2.1\bin\jimage.dll
0x00007ffba1480000 - 0x00007ffba1664000 	C:\Windows\SYSTEM32\DBGHELP.DLL
0x00007ffb89a50000 - 0x00007ffb89a7c000 	C:\Windows\SYSTEM32\dbgcore.DLL
0x00007ffba3330000 - 0x00007ffba33b2000 	C:\Windows\System32\bcryptPrimitives.dll
0x00007ffb85c90000 - 0x00007ffb85c9e000 	C:\Program Files\Java\jdk-18.0.2.1\bin\instrument.dll
0x00007ffb7d4f0000 - 0x00007ffb7d515000 	C:\Program Files\Java\jdk-18.0.2.1\bin\java.dll
0x00007ffb7d310000 - 0x00007ffb7d3e6000 	C:\Program Files\Java\jdk-18.0.2.1\bin\jsvml.dll
0x00007ffba4690000 - 0x00007ffba4dd4000 	C:\Windows\System32\SHELL32.dll
0x00007ffba0ce0000 - 0x00007ffba1474000 	C:\Windows\SYSTEM32\windows.storage.dll
0x00007ffba38f0000 - 0x00007ffba3c44000 	C:\Windows\System32\combase.dll
0x00007ffba2870000 - 0x00007ffba28a0000 	C:\Windows\SYSTEM32\Wldp.dll
0x00007ffba5600000 - 0x00007ffba56ad000 	C:\Windows\System32\SHCORE.dll
0x00007ffba4f20000 - 0x00007ffba4f75000 	C:\Windows\System32\shlwapi.dll
0x00007ffba2d50000 - 0x00007ffba2d6f000 	C:\Windows\SYSTEM32\profapi.dll
0x00007ffb7d2d0000 - 0x00007ffb7d2e3000 	C:\Program Files\Java\jdk-18.0.2.1\bin\net.dll
0x00007ffb905d0000 - 0x00007ffb906da000 	C:\Windows\SYSTEM32\WINHTTP.dll
0x00007ffba25d0000 - 0x00007ffba263a000 	C:\Windows\system32\mswsock.dll
0x00007ffb7d2b0000 - 0x00007ffb7d2c6000 	C:\Program Files\Java\jdk-18.0.2.1\bin\nio.dll
0x00007ffb7d2f0000 - 0x00007ffb7d308000 	C:\Program Files\Java\jdk-18.0.2.1\bin\zip.dll
0x00007ffb7d290000 - 0x00007ffb7d2aa000 	C:\Program Files\JetBrains\IntelliJ IDEA Community Edition 2022.2.1\bin\breakgen64.dll
0x0000027fc6af0000 - 0x0000027fc6af3000 	C:\Program Files\Java\openjfx-19_windows-x64_bin-sdk\javafx-sdk-19\bin\api-ms-win-core-console-l1-1-0.dll
0x0000027fc6b00000 - 0x0000027fc6b03000 	C:\Program Files\Java\openjfx-19_windows-x64_bin-sdk\javafx-sdk-19\bin\api-ms-win-core-console-l1-2-0.dll
0x0000027fc6b10000 - 0x0000027fc6b13000 	C:\Program Files\Java\openjfx-19_windows-x64_bin-sdk\javafx-sdk-19\bin\api-ms-win-core-datetime-l1-1-0.dll
0x0000027fe6320000 - 0x0000027fe6323000 	C:\Program Files\Java\openjfx-19_windows-x64_bin-sdk\javafx-sdk-19\bin\api-ms-win-core-debug-l1-1-0.dll
0x0000027fe6330000 - 0x0000027fe6333000 	C:\Program Files\Java\openjfx-19_windows-x64_bin-sdk\javafx-sdk-19\bin\api-ms-win-core-errorhandling-l1-1-0.dll
0x0000027fe6340000 - 0x0000027fe6344000 	C:\Program Files\Java\openjfx-19_windows-x64_bin-sdk\javafx-sdk-19\bin\api-ms-win-core-file-l1-1-0.dll
0x0000027fe6350000 - 0x0000027fe6353000 	C:\Program Files\Java\openjfx-19_windows-x64_bin-sdk\javafx-sdk-19\bin\api-ms-win-core-file-l1-2-0.dll
0x0000027fe6360000 - 0x0000027fe6363000 	C:\Program Files\Java\openjfx-19_windows-x64_bin-sdk\javafx-sdk-19\bin\api-ms-win-core-file-l2-1-0.dll
0x0000027fe6370000 - 0x0000027fe6373000 	C:\Program Files\Java\openjfx-19_windows-x64_bin-sdk\javafx-sdk-19\bin\api-ms-win-core-handle-l1-1-0.dll
0x0000027fe6380000 - 0x0000027fe6383000 	C:\Program Files\Java\openjfx-19_windows-x64_bin-sdk\javafx-sdk-19\bin\api-ms-win-core-heap-l1-1-0.dll
0x0000027fe6390000 - 0x0000027fe6393000 	C:\Program Files\Java\openjfx-19_windows-x64_bin-sdk\javafx-sdk-19\bin\api-ms-win-core-interlocked-l1-1-0.dll
0x0000027fe63a0000 - 0x0000027fe63a3000 	C:\Program Files\Java\openjfx-19_windows-x64_bin-sdk\javafx-sdk-19\bin\api-ms-win-core-libraryloader-l1-1-0.dll
0x0000027fe63b0000 - 0x0000027fe63b3000 	C:\Program Files\Java\openjfx-19_windows-x64_bin-sdk\javafx-sdk-19\bin\api-ms-win-core-localization-l1-2-0.dll
0x0000027fe63c0000 - 0x0000027fe63c3000 	C:\Program Files\Java\openjfx-19_windows-x64_bin-sdk\javafx-sdk-19\bin\api-ms-win-core-memory-l1-1-0.dll
0x0000027fe63d0000 - 0x0000027fe63d3000 	C:\Program Files\Java\openjfx-19_windows-x64_bin-sdk\javafx-sdk-19\bin\api-ms-win-core-namedpipe-l1-1-0.dll
0x0000027fe63e0000 - 0x0000027fe63e3000 	C:\Program Files\Java\openjfx-19_windows-x64_bin-sdk\javafx-sdk-19\bin\api-ms-win-core-processenvironment-l1-1-0.dll
0x0000027fe63f0000 - 0x0000027fe63f3000 	C:\Program Files\Java\openjfx-19_windows-x64_bin-sdk\javafx-sdk-19\bin\api-ms-win-core-processthreads-l1-1-0.dll
0x0000027fec330000 - 0x0000027fec333000 	C:\Program Files\Java\openjfx-19_windows-x64_bin-sdk\javafx-sdk-19\bin\api-ms-win-core-processthreads-l1-1-1.dll
0x0000027fec340000 - 0x0000027fec343000 	C:\Program Files\Java\openjfx-19_windows-x64_bin-sdk\javafx-sdk-19\bin\api-ms-win-core-profile-l1-1-0.dll
0x0000027fec350000 - 0x0000027fec353000 	C:\Program Files\Java\openjfx-19_windows-x64_bin-sdk\javafx-sdk-19\bin\api-ms-win-core-rtlsupport-l1-1-0.dll
0x0000027fec360000 - 0x0000027fec363000 	C:\Program Files\Java\openjfx-19_windows-x64_bin-sdk\javafx-sdk-19\bin\api-ms-win-core-string-l1-1-0.dll
0x0000027fec370000 - 0x0000027fec373000 	C:\Program Files\Java\openjfx-19_windows-x64_bin-sdk\javafx-sdk-19\bin\api-ms-win-core-synch-l1-1-0.dll
0x0000027fec380000 - 0x0000027fec383000 	C:\Program Files\Java\openjfx-19_windows-x64_bin-sdk\javafx-sdk-19\bin\api-ms-win-core-synch-l1-2-0.dll
0x0000027fec390000 - 0x0000027fec393000 	C:\Program Files\Java\openjfx-19_windows-x64_bin-sdk\javafx-sdk-19\bin\api-ms-win-core-sysinfo-l1-1-0.dll
0x0000027fec3a0000 - 0x0000027fec3a3000 	C:\Program Files\Java\openjfx-19_windows-x64_bin-sdk\javafx-sdk-19\bin\api-ms-win-core-timezone-l1-1-0.dll
0x0000027fec3b0000 - 0x0000027fec3b3000 	C:\Program Files\Java\openjfx-19_windows-x64_bin-sdk\javafx-sdk-19\bin\api-ms-win-core-util-l1-1-0.dll
0x0000027fec3c0000 - 0x0000027fec3c3000 	C:\Program Files\Java\openjfx-19_windows-x64_bin-sdk\javafx-sdk-19\bin\api-ms-win-crt-conio-l1-1-0.dll
0x0000027fec3d0000 - 0x0000027fec3d4000 	C:\Program Files\Java\openjfx-19_windows-x64_bin-sdk\javafx-sdk-19\bin\api-ms-win-crt-convert-l1-1-0.dll
0x0000027fec3e0000 - 0x0000027fec3e3000 	C:\Program Files\Java\openjfx-19_windows-x64_bin-sdk\javafx-sdk-19\bin\api-ms-win-crt-environment-l1-1-0.dll
0x0000027fec3f0000 - 0x0000027fec3f3000 	C:\Program Files\Java\openjfx-19_windows-x64_bin-sdk\javafx-sdk-19\bin\api-ms-win-crt-filesystem-l1-1-0.dll
0x0000027fec400000 - 0x0000027fec403000 	C:\Program Files\Java\openjfx-19_windows-x64_bin-sdk\javafx-sdk-19\bin\api-ms-win-crt-heap-l1-1-0.dll
0x0000027fec200000 - 0x0000027fec203000 	C:\Program Files\Java\openjfx-19_windows-x64_bin-sdk\javafx-sdk-19\bin\api-ms-win-crt-locale-l1-1-0.dll
0x0000027fec210000 - 0x0000027fec215000 	C:\Program Files\Java\openjfx-19_windows-x64_bin-sdk\javafx-sdk-19\bin\api-ms-win-crt-math-l1-1-0.dll
0x0000027fec220000 - 0x0000027fec225000 	C:\Program Files\Java\openjfx-19_windows-x64_bin-sdk\javafx-sdk-19\bin\api-ms-win-crt-multibyte-l1-1-0.dll
0x0000027fec230000 - 0x0000027fec240000 	C:\Program Files\Java\openjfx-19_windows-x64_bin-sdk\javafx-sdk-19\bin\api-ms-win-crt-private-l1-1-0.dll
0x0000027fec240000 - 0x0000027fec243000 	C:\Program Files\Java\openjfx-19_windows-x64_bin-sdk\javafx-sdk-19\bin\api-ms-win-crt-process-l1-1-0.dll
0x0000027fec250000 - 0x0000027fec254000 	C:\Program Files\Java\openjfx-19_windows-x64_bin-sdk\javafx-sdk-19\bin\api-ms-win-crt-runtime-l1-1-0.dll
0x0000027fec260000 - 0x0000027fec264000 	C:\Program Files\Java\openjfx-19_windows-x64_bin-sdk\javafx-sdk-19\bin\api-ms-win-crt-stdio-l1-1-0.dll
0x0000027fec270000 - 0x0000027fec274000 	C:\Program Files\Java\openjfx-19_windows-x64_bin-sdk\javafx-sdk-19\bin\api-ms-win-crt-string-l1-1-0.dll
0x0000027fec280000 - 0x0000027fec283000 	C:\Program Files\Java\openjfx-19_windows-x64_bin-sdk\javafx-sdk-19\bin\api-ms-win-crt-time-l1-1-0.dll
0x0000027fec290000 - 0x0000027fec293000 	C:\Program Files\Java\openjfx-19_windows-x64_bin-sdk\javafx-sdk-19\bin\api-ms-win-crt-utility-l1-1-0.dll
0x00007ffb7d190000 - 0x00007ffb7d28c000 	C:\Program Files\Java\openjfx-19_windows-x64_bin-sdk\javafx-sdk-19\bin\ucrtbase.dll
0x00007ffb7d170000 - 0x00007ffb7d18b000 	C:\Program Files\Java\openjfx-19_windows-x64_bin-sdk\javafx-sdk-19\bin\vcruntime140.dll
0x00007ffb7f100000 - 0x00007ffb7f10c000 	C:\Program Files\Java\openjfx-19_windows-x64_bin-sdk\javafx-sdk-19\bin\vcruntime140_1.dll
0x00007ffb7d0e0000 - 0x00007ffb7d16e000 	C:\Program Files\Java\openjfx-19_windows-x64_bin-sdk\javafx-sdk-19\bin\msvcp140.dll
0x00007ffb7e800000 - 0x00007ffb7e809000 	C:\Program Files\Java\openjfx-19_windows-x64_bin-sdk\javafx-sdk-19\bin\msvcp140_1.dll
0x00007ffb7d0b0000 - 0x00007ffb7d0e0000 	C:\Program Files\Java\openjfx-19_windows-x64_bin-sdk\javafx-sdk-19\bin\msvcp140_2.dll
0x00007ffb7d080000 - 0x00007ffb7d0ac000 	C:\Program Files\Java\openjfx-19_windows-x64_bin-sdk\javafx-sdk-19\bin\prism_d3d.dll
0x00007ffb91370000 - 0x00007ffb9153f000 	C:\Windows\system32\d3d9.dll
0x00007ffba0560000 - 0x00007ffba058f000 	C:\Windows\SYSTEM32\dwmapi.dll
0x00007ffba02d0000 - 0x00007ffba036e000 	C:\Windows\system32\uxtheme.dll
0x00007ffb7cf10000 - 0x00007ffb7d075000 	C:\Windows\System32\DriverStore\FileRepository\72_lenovo_kabylake_hws_iigd_dch.inf_amd64_d630775471e98fa9\igdumdim64.dll
0x00007ffba4050000 - 0x00007ffba417a000 	C:\Windows\System32\ole32.dll
0x00007ffb3e7b0000 - 0x00007ffb431b9000 	C:\Windows\System32\DriverStore\FileRepository\72_lenovo_kabylake_hws_iigd_dch.inf_amd64_d630775471e98fa9\igd9dxva64.dll
0x00007ffba5530000 - 0x00007ffba55fd000 	C:\Windows\System32\OLEAUT32.dll
0x00007ffba5030000 - 0x00007ffba549f000 	C:\Windows\System32\SETUPAPI.dll
0x00007ffba3500000 - 0x00007ffba354e000 	C:\Windows\System32\cfgmgr32.dll
0x00007ffba34d0000 - 0x00007ffba34f7000 	C:\Windows\System32\bcrypt.dll
0x00007ffb95970000 - 0x00007ffb95ca1000 	C:\Windows\System32\DriverStore\FileRepository\72_lenovo_kabylake_hws_iigd_dch.inf_amd64_d630775471e98fa9\igdgmm64.dll
0x00007ffb7cec0000 - 0x00007ffb7cf02000 	C:\Program Files\Java\openjfx-19_windows-x64_bin-sdk\javafx-sdk-19\bin\glass.dll
0x00007ffba37d0000 - 0x00007ffba38aa000 	C:\Windows\System32\COMDLG32.dll
0x00007ffba3f30000 - 0x00007ffba4045000 	C:\Windows\System32\MSCTF.dll
0x00007ffb8c320000 - 0x00007ffb8c347000 	C:\Windows\System32\DriverStore\FileRepository\72_lenovo_kabylake_hws_iigd_dch.inf_amd64_d630775471e98fa9\igdinfo64.dll
0x00007ffba27c0000 - 0x00007ffba27d8000 	C:\Windows\SYSTEM32\CRYPTSP.dll
0x00007ffba1ee0000 - 0x00007ffba1f14000 	C:\Windows\system32\rsaenh.dll
0x00007ffba27e0000 - 0x00007ffba27ec000 	C:\Windows\SYSTEM32\CRYPTBASE.dll
0x00007ffb91b30000 - 0x00007ffb9486c000 	C:\Windows\System32\DriverStore\FileRepository\72_lenovo_kabylake_hws_iigd_dch.inf_amd64_d630775471e98fa9\igc64.dll
0x00007ffb97d20000 - 0x00007ffb97d5b000 	C:\Windows\SYSTEM32\dxcore.dll
0x00007ffb7ce70000 - 0x00007ffb7ce84000 	C:\Program Files\Java\openjfx-19_windows-x64_bin-sdk\javafx-sdk-19\bin\javafx_font.dll
0x00007ffb90350000 - 0x00007ffb905cf000 	C:\Windows\SYSTEM32\dwrite.dll
0x00007ffba4f80000 - 0x00007ffba5029000 	C:\Windows\System32\clbcatq.dll
0x00007ffb9b2b0000 - 0x00007ffb9b464000 	C:\Windows\SYSTEM32\WindowsCodecs.dll
0x00007ffb73160000 - 0x00007ffb7319e000 	C:\Windows\system32\dataexchange.dll
0x00007ffb9f690000 - 0x00007ffb9f874000 	C:\Windows\system32\dcomp.dll
0x00007ffb9e7c0000 - 0x00007ffb9ea23000 	C:\Windows\system32\d3d11.dll
0x00007ffba1710000 - 0x00007ffba1803000 	C:\Windows\system32\dxgi.dll
0x00007ffb9b6f0000 - 0x00007ffb9b8f0000 	C:\Windows\system32\twinapi.appcore.dll
0x00007ffb7ce30000 - 0x00007ffb7ce64000 	C:\Program Files\Common Files\Microsoft Shared\Ink\rtscom.dll
0x00007ffb95e10000 - 0x00007ffb95f09000 	C:\Windows\SYSTEM32\textinputframework.dll
0x00007ffb9fc00000 - 0x00007ffb9ff5e000 	C:\Windows\System32\CoreUIComponents.dll
0x00007ffb9ff60000 - 0x00007ffba0052000 	C:\Windows\System32\CoreMessaging.dll

dbghelp: loaded successfully - version: 4.0.5 - missing functions: none
symbol engine: initialized successfully - sym options: 0x614 - pdb path: .;C:\Program Files\Java\jdk-18.0.2.1\bin;C:\Windows\SYSTEM32;C:\Windows\WinSxS\amd64_microsoft.windows.common-controls_6595b64144ccf1df_6.0.19041.1110_none_60b5254171f9507e;C:\Program Files\Java\jdk-18.0.2.1\bin\server;C:\Program Files\JetBrains\IntelliJ IDEA Community Edition 2022.2.1\bin;C:\Program Files\Java\openjfx-19_windows-x64_bin-sdk\javafx-sdk-19\bin;C:\Windows\System32\DriverStore\FileRepository\72_lenovo_kabylake_hws_iigd_dch.inf_amd64_d630775471e98fa9;C:\Program Files\Common Files\Microsoft Shared\Ink

VM Arguments:
jvm_args: --module-path=C:/Program Files/Java/openjfx-19_windows-x64_bin-sdk/javafx-sdk-19/lib --add-modules=javafx.controls,javafx.fxml -javaagent:C:\Program Files\JetBrains\IntelliJ IDEA Community Edition 2022.2.1\lib\idea_rt.jar=59109:C:\Program Files\JetBrains\IntelliJ IDEA Community Edition 2022.2.1\bin -Dfile.encoding=UTF-8 -Dsun.stdout.encoding=UTF-8 -Dsun.stderr.encoding=UTF-8 
java_command: Client
java_class_path (initial): E:\prog 5\\kurs\out\production\Client;C:\Program Files\Java\openjfx-19_windows-x64_bin-sdk\javafx-sdk-19\lib\javafx-swt.jar;C:\Program Files\Java\openjfx-19_windows-x64_bin-sdk\javafx-sdk-19\lib\javafx.web.jar;C:\Program Files\Java\openjfx-19_windows-x64_bin-sdk\javafx-sdk-19\lib\javafx.base.jar;C:\Program Files\Java\openjfx-19_windows-x64_bin-sdk\javafx-sdk-19\lib\javafx.fxml.jar;C:\Program Files\Java\openjfx-19_windows-x64_bin-sdk\javafx-sdk-19\lib\javafx.media.jar;C:\Program Files\Java\openjfx-19_windows-x64_bin-sdk\javafx-sdk-19\lib\javafx.swing.jar;C:\Program Files\Java\openjfx-19_windows-x64_bin-sdk\javafx-sdk-19\lib\javafx.controls.jar;C:\Program Files\Java\openjfx-19_windows-x64_bin-sdk\javafx-sdk-19\lib\javafx.graphics.jar;C:\Users\\Downloads\mysql-connector-java-8.0.26.jar;E:\prog 5\\kurs\out\production\kurs;C:\Program Files\Java\jdk-18.0.2.1\lib\jrt-fs.jar
Launcher Type: SUN_STANDARD

[Global flags]
     intx CICompilerCount                          = 3                                         {product} {ergonomic}
     uint ConcGCThreads                            = 1                                         {product} {ergonomic}
     uint G1ConcRefinementThreads                  = 4                                         {product} {ergonomic}
   size_t G1HeapRegionSize                         = 1048576                                   {product} {ergonomic}
    uintx GCDrainStackTargetSize                   = 64                                        {product} {ergonomic}
   size_t InitialHeapSize                          = 134217728                                 {product} {ergonomic}
   size_t MarkStackSize                            = 4194304                                   {product} {ergonomic}
   size_t MaxHeapSize                              = 2116026368                                {product} {ergonomic}
   size_t MaxNewSize                               = 1268776960                                {product} {ergonomic}
   size_t MinHeapDeltaBytes                        = 1048576                                   {product} {ergonomic}
   size_t MinHeapSize                              = 8388608                                   {product} {ergonomic}
    uintx NonNMethodCodeHeapSize                   = 5832780                                {pd product} {ergonomic}
    uintx NonProfiledCodeHeapSize                  = 122912730                              {pd product} {ergonomic}
    uintx ProfiledCodeHeapSize                     = 122912730                              {pd product} {ergonomic}
    uintx ReservedCodeCacheSize                    = 251658240                              {pd product} {ergonomic}
     bool SegmentedCodeCache                       = true                                      {product} {ergonomic}
   size_t SoftMaxHeapSize                          = 2116026368                             {manageable} {ergonomic}
     bool UseCompressedClassPointers               = true                           {product lp64_product} {ergonomic}
     bool UseCompressedOops                        = true                           {product lp64_product} {ergonomic}
     bool UseG1GC                                  = true                                      {product} {ergonomic}
     bool UseLargePagesIndividualAllocation        = false                                  {pd product} {ergonomic}

Logging:
Log output configuration:
 #0: stdout all=off uptime,level,tags foldmultilines=false
 #1: stderr all=off uptime,level,tags foldmultilines=false

Environment Variables:
PATH=C:\Program Files\Common Files\Oracle\Java\javapath;C:\Program Files (x86)\Common Files\Oracle\Java\javapath;C:\Windows\system32;C:\Windows;C:\Windows\System32\Wbem;C:\Windows\System32\WindowsPowerShell\v1.0\;C:\Windows\System32\OpenSSH\;C:\Program Files (x86)\NVIDIA Corporation\PhysX\Common;C:\Program Files\NVIDIA Corporation\NVIDIA NvDLISR;C:\Program Files\Azure Data Studio\bin;C:\Program Files\MySQL\MySQL Shell 8.0\bin\;C:\Users\\AppData\Local\Microsoft\WindowsApps;;C:\Program Files\Azure Data Studio\bin
USERNAME=
OS=Windows_NT
PROCESSOR_IDENTIFIER=Intel64 Family 6 Model 142 Stepping 9, GenuineIntel



---------------  S Y S T E M  ---------------

OS:
 Windows 10 , 64 bit Build 19041 (10.0.19041.1806)
OS uptime: 0 days 0:23 hours

CPU: total 4 (initial active 4) (2 cores per cpu, 2 threads per core) family 6 model 142 stepping 9 microcode 0xd6, cx8, cmov, fxsr, ht, mmx, 3dnowpref, sse, sse2, sse3, ssse3, sse4.1, sse4.2, popcnt, lzcnt, tsc, tscinvbit, avx, avx2, aes, erms, clmul, bmi1, bmi2, adx, fma, vzeroupper, clflush, clflushopt

Memory: 4k page, system-wide physical 8066M (1837M free)
TotalPageFile size 14466M (AvailPageFile size 7091M)
current process WorkingSet (physical memory assigned to process): 189M, peak: 198M
current process commit charge ("private bytes"): 293M, peak: 307M

vm_info: Java HotSpot(TM) 64-Bit Server VM (18.0.2.1+1-1) for windows-amd64 JRE (18.0.2.1+1-1), built on Aug 16 2022 01:46:33 by "mach5one" with MS VC++ 16.8 / 16.9 (VS2019)

END.
