#
# A fatal error has been detected by the Java Runtime Environment:
#
#  EXCEPTION_ACCESS_VIOLATION (0xc0000005) at pc=0x00007ffe883e63b7, pid=8972, tid=6804
#
# JRE version: Java(TM) SE Runtime Environment (18.0.2.1+1) (build 18.0.2.1+1-1)
# Java VM: Java HotSpot(TM) 64-Bit Server VM (18.0.2.1+1-1, mixed mode, sharing, tiered, compressed oops, compressed class ptrs, g1 gc, windows-amd64)
# Problematic frame:
# C  [glass.dll+0x263b7]
#
# No core dump will be written. Minidumps are not enabled by default on client versions of Windows
#
# If you would like to submit a bug report, please visit:
#   https://bugreport.java.com/bugreport/crash.jsp
#

---------------  S U M M A R Y ------------

Command Line: --module-path=C:/Program Files/Java/openjfx-19_windows-x64_bin-sdk/javafx-sdk-19/lib --add-modules=javafx.controls,javafx.fxml -javaagent:C:\Program Files\JetBrains\IntelliJ IDEA Community Edition 2022.2.1\lib\idea_rt.jar=59983:C:\Program Files\JetBrains\IntelliJ IDEA Community Edition 2022.2.1\bin -Dfile.encoding=UTF-8 -Dsun.stdout.encoding=UTF-8 -Dsun.stderr.encoding=UTF-8 Client

Host: Intel(R) Core(TM) i3-7130U CPU @ 2.70GHz, 4 cores, 7G,  Windows 10 , 64 bit Build 19041 (10.0.19041.2251)
Time: Wed Dec  7 16:40:28 2022  Windows 10 , 64 bit Build 19041 (10.0.19041.2251) elapsed time: 148.911241 seconds (0d 0h 2m 28s)

---------------  T H R E A D  ---------------

Current thread (0x000001c340d734e0):  VMThread "VM Thread" [stack: 0x00000044efb00000,0x00000044efc00000] [id=6804]

Stack: [0x00000044efb00000,0x00000044efc00000],  sp=0x00000044efbff0d0,  free space=1020k
Native frames: (J=compiled Java code, j=interpreted, Vv=VM code, C=native code)
C  [glass.dll+0x263b7]


siginfo: EXCEPTION_ACCESS_VIOLATION (0xc0000005), reading address 0x0000000000000000


Register to memory mapping:

RIP=0x00007ffe883e63b7 glass.dll
RAX=0x0 is NULL
RBX=0x000001c360550360 is a global jni handle
RCX=0x000001c340d734e0 points into unknown readable memory: 0x00007ffe4d87ea28 | 28 ea 87 4d fe 7f 00 00
RDX=0x00000044efbff0d0 points into unknown readable memory: 0x0000000000000000 | 00 00 00 00 00 00 00 00
RSP=0x00000044efbff0d0 points into unknown readable memory: 0x0000000000000000 | 00 00 00 00 00 00 00 00
RBP=0x000001c364e550a8 points into unknown readable memory: 0x00005ac8000a86b7 | b7 86 0a 00 c8 5a 00 00
RSI=0x000001c364e55080 points into unknown readable memory: 0x04005af7ff4e99ab | ab 99 4e ff f7 5a 00 04
RDI=0x00005ac8000a86b7 is an unknown value
R8 =0x0000000000010002 is an unknown value
R9 =0x00005ac8000a86b7 is an unknown value
R10=0x0000000000008000 is an unknown value
R11=0x00000044efbff060 points into unknown readable memory: 0x000001c364e55080 | 80 50 e5 64 c3 01 00 00
R12=0x00007ffe883e3cf0 glass.dll
R13=0x00007ffe4da40c00 jvm.dll
R14=0x00000044efbff1c8 points into unknown readable memory: 0x00000044efbff1b0 | b0 f1 bf ef 44 00 00 00
R15=0x000001c364e55080 points into unknown readable memory: 0x04005af7ff4e99ab | ab 99 4e ff f7 5a 00 04


Registers:
RAX=0x0000000000000000, RBX=0x000001c360550360, RCX=0x000001c340d734e0, RDX=0x00000044efbff0d0
RSP=0x00000044efbff0d0, RBP=0x000001c364e550a8, RSI=0x000001c364e55080, RDI=0x00005ac8000a86b7
R8 =0x0000000000010002, R9 =0x00005ac8000a86b7, R10=0x0000000000008000, R11=0x00000044efbff060
R12=0x00007ffe883e3cf0, R13=0x00007ffe4da40c00, R14=0x00000044efbff1c8, R15=0x000001c364e55080
RIP=0x00007ffe883e63b7, EFLAGS=0x0000000000010202

Top of Stack: (sp=0x00000044efbff0d0)
0x00000044efbff0d0:   0000000000000000 000001c364e55080
0x00000044efbff0e0:   00007ffe4da40c00 00007ffe883e3cf0
0x00000044efbff0f0:   000001c364e55088 00007ffeb03842d6
0x00000044efbff100:   00005ac8000a86b7 000001c300000000
0x00000044efbff110:   000001c364e550a8 000001c364e55080
0x00000044efbff120:   fffffffffffffffe 0000000000000000
0x00000044efbff130:   0000000000000001 00007ffe883c0000
0x00000044efbff140:   00000044efbff1b8 00007ffeb03841fb
0x00000044efbff150:   0000000000000000 00000044efbff1c8
0x00000044efbff160:   00000044efbff490 00007ffeb0460e40
0x00000044efbff170:   0000000000000001 00007ffeb03841b4
0x00000044efbff180:   0000000000000000 0000000000000001
0x00000044efbff190:   00007ffe00000001 00000044efbff1b8
0x00000044efbff1a0:   0000000000000000 00007ffe883e3b7d
0x00000044efbff1b0:   00007ffe883f9f88 00007ffe00000002
0x00000044efbff1c0:   0000000000000002 00000044efbff1b0 

Instructions: (pc=0x00007ffe883e63b7)
0x00007ffe883e62b7:   8b 4d 58 e8 7d cf ff ff 48 8b 4d 60 e8 74 cf ff
0x00007ffe883e62c7:   ff 48 8b 95 80 00 00 00 48 8b 8d 18 01 00 00 e8
0x00007ffe883e62d7:   66 c4 ff ff 33 d2 33 c9 e8 bc e1 ff ff 90 48 89
0x00007ffe883e62e7:   54 24 10 55 48 83 ec 20 48 8b ea 48 b8 00 00 00
0x00007ffe883e62f7:   00 00 00 00 00 48 83 c4 20 5d c3 cc 40 55 48 8b
0x00007ffe883e6307:   ea 48 8b 01 33 c9 81 38 05 00 00 c0 0f 94 c1 8b
0x00007ffe883e6317:   c1 5d c3 cc 40 55 48 83 ec 20 48 8b ea 8a 4d 40
0x00007ffe883e6327:   48 83 c4 20 5d e9 63 d3 ff ff cc 40 55 48 83 ec
0x00007ffe883e6337:   20 48 8b ea 8a 4d 20 e8 51 d3 ff ff 90 48 83 c4
0x00007ffe883e6347:   20 5d c3 cc 40 55 48 83 ec 20 48 8b ea 48 83 c4
0x00007ffe883e6357:   20 5d e9 b2 d1 ff ff cc 40 55 48 83 ec 30 48 8b
0x00007ffe883e6367:   ea 48 8b 01 8b 10 48 89 4c 24 28 89 54 24 20 4c
0x00007ffe883e6377:   8d 0d 53 d6 ff ff 4c 8b 45 70 8b 55 68 48 8b 4d
0x00007ffe883e6387:   60 e8 f3 d0 ff ff 90 48 83 c4 30 5d c3 cc cc cc
0x00007ffe883e6397:   cc cc cc cc cc cc cc cc cc 40 53 48 83 ec 20 48
0x00007ffe883e63a7:   8b 1d db 35 01 00 48 85 db 74 16 e8 79 8b ff ff
0x00007ffe883e63b7:   4c 8b 00 48 8b d3 48 8b c8 41 ff 90 b0 00 00 00
0x00007ffe883e63c7:   90 48 83 c4 20 5b c3 cc cc 40 53 48 83 ec 20 48
0x00007ffe883e63d7:   8b 1d 4b 37 01 00 48 85 db 74 57 b8 ff ff ff ff
0x00007ffe883e63e7:   f0 0f c1 43 10 83 f8 01 75 3d 48 85 db 74 38 48
0x00007ffe883e63f7:   8b 0b 48 85 c9 74 0d ff 15 a4 0e 00 00 48 c7 03
0x00007ffe883e6407:   00 00 00 00 48 8b 4b 08 48 85 c9 74 0d e8 23 ce
0x00007ffe883e6417:   ff ff 48 c7 43 08 00 00 00 00 ba 18 00 00 00 48
0x00007ffe883e6427:   8b cb e8 0e ce ff ff 48 c7 05 ef 36 01 00 00 00
0x00007ffe883e6437:   00 00 48 83 c4 20 5b c3 cc 40 53 48 83 ec 20 48
0x00007ffe883e6447:   8b 1d bb 36 01 00 48 85 db 74 57 b8 ff ff ff ff
0x00007ffe883e6457:   f0 0f c1 43 10 83 f8 01 75 3d 48 85 db 74 38 48
0x00007ffe883e6467:   8b 0b 48 85 c9 74 0d ff 15 34 0e 00 00 48 c7 03
0x00007ffe883e6477:   00 00 00 00 48 8b 4b 08 48 85 c9 74 0d e8 b3 cd
0x00007ffe883e6487:   ff ff 48 c7 43 08 00 00 00 00 ba 18 00 00 00 48
0x00007ffe883e6497:   8b cb e8 9e cd ff ff 48 c7 05 5f 36 01 00 00 00
0x00007ffe883e64a7:   00 00 48 83 c4 20 5b c3 cc 40 53 48 83 ec 20 48 


Stack slot to memory mapping:
stack at sp + 0 slots: 0x0 is NULL
stack at sp + 1 slots: 0x000001c364e55080 points into unknown readable memory: 0x04005af7ff4e99ab | ab 99 4e ff f7 5a 00 04
stack at sp + 2 slots: 0x00007ffe4da40c00 jvm.dll
stack at sp + 3 slots: 0x00007ffe883e3cf0 glass.dll
stack at sp + 4 slots: 0x000001c364e55088 points into unknown readable memory: 0x00005ac8000a86b7 | b7 86 0a 00 c8 5a 00 00
stack at sp + 5 slots: 0x00007ffeb03842d6 ucrtbase.dll
stack at sp + 6 slots: 0x00005ac8000a86b7 is an unknown value
stack at sp + 7 slots: 0x000001c300000000 is an unknown value

VM_Operation (0x00000044ef2ff130): Exit, mode: safepoint, requested by thread 0x000001c364b843c0


---------------  P R O C E S S  ---------------

Threads class SMR info:
_java_thread_list=0x000001c365033620, length=20, elements={
0x000001c340cf2d70, 0x000001c360540040, 0x000001c360540ca0, 0x000001c36055a8f0,
0x000001c36055b290, 0x000001c36055fdd0, 0x000001c360563340, 0x000001c36056e550,
0x000001c36057bec0, 0x000001c364834ac0, 0x000001c364c77e20, 0x000001c364d850c0,
0x000001c364d5be40, 0x000001c364e9a630, 0x000001c3648725e0, 0x000001c36511ac80,
0x000001c3651099b0, 0x000001c369d473b0, 0x000001c369d47880, 0x000001c364b843c0
}

Java Threads: ( => current thread )
  0x000001c340cf2d70 JavaThread "main" [_thread_blocked, id=6620, stack(0x00000044ef500000,0x00000044ef600000)]
  0x000001c360540040 JavaThread "Reference Handler" daemon [_thread_blocked, id=5316, stack(0x00000044efc00000,0x00000044efd00000)]
  0x000001c360540ca0 JavaThread "Finalizer" daemon [_thread_blocked, id=8912, stack(0x00000044efd00000,0x00000044efe00000)]
  0x000001c36055a8f0 JavaThread "Attach Listener" daemon [_thread_blocked, id=2836, stack(0x00000044eff00000,0x00000044f0000000)]
  0x000001c36055b290 JavaThread "Service Thread" daemon [_thread_blocked, id=10068, stack(0x00000044f0000000,0x00000044f0100000)]
  0x000001c36055fdd0 JavaThread "Monitor Deflation Thread" daemon [_thread_blocked, id=5892, stack(0x00000044f0100000,0x00000044f0200000)]
  0x000001c360563340 JavaThread "C2 CompilerThread0" daemon [_thread_blocked, id=4128, stack(0x00000044f0200000,0x00000044f0300000)]
  0x000001c36056e550 JavaThread "C1 CompilerThread0" daemon [_thread_blocked, id=8080, stack(0x00000044f0300000,0x00000044f0400000)]
  0x000001c36057bec0 JavaThread "Sweeper thread" daemon [_thread_blocked, id=280, stack(0x00000044f0400000,0x00000044f0500000)]
  0x000001c364834ac0 JavaThread "Common-Cleaner" daemon [_thread_blocked, id=9024, stack(0x00000044f0500000,0x00000044f0600000)]
  0x000001c364c77e20 JavaThread "Monitor Ctrl-Break" daemon [_thread_in_native, id=1728, stack(0x00000044f0700000,0x00000044f0800000)]
  0x000001c364d850c0 JavaThread "Notification Thread" daemon [_thread_blocked, id=10608, stack(0x00000044f0800000,0x00000044f0900000)]
  0x000001c364d5be40 JavaThread "QuantumRenderer-0" daemon [_thread_blocked, id=1140, stack(0x00000044f0a00000,0x00000044f0b00000)]
  0x000001c364e9a630 JavaThread "InvokeLaterDispatcher" daemon [_thread_blocked, id=4952, stack(0x00000044f0b00000,0x00000044f0c00000)]
  0x000001c3648725e0 JavaThread "JavaFX Application Thread" [_thread_in_native, id=3544, stack(0x00000044f0f00000,0x00000044f1000000)]
  0x000001c36511ac80 JavaThread "Thread-1" daemon [_thread_in_native, id=6512, stack(0x00000044f1300000,0x00000044f1400000)]
  0x000001c3651099b0 JavaThread "JavaFX-Launcher" [_thread_blocked, id=2388, stack(0x00000044f1400000,0x00000044f1500000)]
  0x000001c369d473b0 JavaThread "Prism Font Disposer" daemon [_thread_blocked, id=10968, stack(0x00000044f1800000,0x00000044f1900000)]
  0x000001c369d47880 JavaThread "Cleaner-0" daemon [_thread_blocked, id=9512, stack(0x00000044f1900000,0x00000044f1a00000)]
  0x000001c364b843c0 JavaThread "SIGINT handler" daemon [_thread_blocked, id=7032, stack(0x00000044ef200000,0x00000044ef300000)]

Other Threads:
=>0x000001c340d734e0 VMThread "VM Thread" [stack: 0x00000044efb00000,0x00000044efc00000] [id=6804]
  0x000001c340d4efc0 WorkerThread "GC Thread#0" [stack: 0x00000044ef600000,0x00000044ef700000] [id=1644]
  0x000001c364e9af70 WorkerThread "GC Thread#1" [stack: 0x00000044f0c00000,0x00000044f0d00000] [id=6132]
  0x000001c364e9b210 WorkerThread "GC Thread#2" [stack: 0x00000044f0d00000,0x00000044f0e00000] [id=4064]
  0x000001c364eebbd0 WorkerThread "GC Thread#3" [stack: 0x00000044f0e00000,0x00000044f0f00000] [id=1368]
  0x000001c340d61b50 ConcurrentGCThread "G1 Main Marker" terminated
  0x000001c340d63cf0 WorkerThread "G1 Conc#0" [stack: 0x00000044ef800000,0x00000044ef900000] [id=9580]
  0x000001c340da43e0 ConcurrentGCThread "G1 Refine#0" terminated
  0x000001c340da4cf0 ConcurrentGCThread "G1 Service" terminated

Threads with active compile tasks:

VM state: at safepoint (shutting down)

VM Mutex/Monitor currently owned by a thread:  ([mutex/lock_event])
[0x000001c340cef240] Threads_lock - owner thread: 0x000001c340d734e0
[0x000001c340cee9d0] Heap_lock - owner thread: 0x000001c364b843c0

Heap address: 0x0000000081e00000, size: 2018 MB, Compressed Oops mode: 32-bit

CDS archive(s) mapped at: [0x0000000800000000-0x0000000800ba0000-0x0000000800ba0000), size 12189696, SharedBaseAddress: 0x0000000800000000, ArchiveRelocationMode: 0.
Compressed class space mapped at: 0x0000000800c00000-0x0000000840c00000, reserved size: 1073741824
Narrow klass base: 0x0000000800000000, Narrow klass shift: 0, Narrow klass range: 0x100000000

GC Precious Log:
 CardTable entry size: 512
 Card Set container configuration: InlinePtr #cards 5 size 8 Array Of Cards #cards 12 size 40 Howl #buckets 4 coarsen threshold 1843 Howl Bitmap #cards 512 size 80 coarsen threshold 460 Card regions per heap region 1 cards per card region 2048
 CPUs: 4 total, 4 available
 Memory: 8066M
 Large Page Support: Disabled
 NUMA Support: Disabled
 Compressed Oops: Enabled (32-bit)
 Heap Region Size: 1M
 Heap Min Capacity: 8M
 Heap Initial Capacity: 128M
 Heap Max Capacity: 2018M
 Pre-touch: Disabled
 Parallel Workers: 4
 Concurrent Workers: 1
 Concurrent Refinement Workers: 4
 Periodic GC: Disabled

Heap:
 garbage-first heap   total 131072K, used 48017K [0x0000000081e00000, 0x0000000100000000)
  region size 1024K, 45 young (46080K), 3 survivors (3072K)
 Metaspace       used 18637K, committed 18944K, reserved 1114112K
  class space    used 2722K, committed 2880K, reserved 1048576K

Heap Regions: E=young(eden), S=young(survivor), O=old, HS=humongous(starts), HC=humongous(continues), CS=collection set, F=free, OA=open archive, CA=closed archive, TAMS=top-at-mark-start (previous, next)
|   0|0x0000000081e00000, 0x0000000081f00000, 0x0000000081f00000|100%| O|  |TAMS 0x0000000081e00000, 0x0000000081e00000| Untracked 
|   1|0x0000000081f00000, 0x0000000082000000, 0x0000000082000000|100%| O|  |TAMS 0x0000000081f00000, 0x0000000081f00000| Untracked 
|   2|0x0000000082000000, 0x0000000082008c00, 0x0000000082100000|  3%| O|  |TAMS 0x0000000082000000, 0x0000000082000000| Untracked 
|   3|0x0000000082100000, 0x0000000082200000, 0x0000000082200000|100%|HS|  |TAMS 0x0000000082100000, 0x0000000082100000| Complete 
|   4|0x0000000082200000, 0x0000000082300000, 0x0000000082300000|100%|HC|  |TAMS 0x0000000082200000, 0x0000000082200000| Complete 
|   5|0x0000000082300000, 0x0000000082300000, 0x0000000082400000|  0%| F|  |TAMS 0x0000000082300000, 0x0000000082300000| Untracked 
|   6|0x0000000082400000, 0x0000000082400000, 0x0000000082500000|  0%| F|  |TAMS 0x0000000082400000, 0x0000000082400000| Untracked 
|   7|0x0000000082500000, 0x0000000082500000, 0x0000000082600000|  0%| F|  |TAMS 0x0000000082500000, 0x0000000082500000| Untracked 
|   8|0x0000000082600000, 0x0000000082600000, 0x0000000082700000|  0%| F|  |TAMS 0x0000000082600000, 0x0000000082600000| Untracked 
|   9|0x0000000082700000, 0x0000000082700000, 0x0000000082800000|  0%| F|  |TAMS 0x0000000082700000, 0x0000000082700000| Untracked 
|  10|0x0000000082800000, 0x0000000082800000, 0x0000000082900000|  0%| F|  |TAMS 0x0000000082800000, 0x0000000082800000| Untracked 
|  11|0x0000000082900000, 0x0000000082900000, 0x0000000082a00000|  0%| F|  |TAMS 0x0000000082900000, 0x0000000082900000| Untracked 
|  12|0x0000000082a00000, 0x0000000082a00000, 0x0000000082b00000|  0%| F|  |TAMS 0x0000000082a00000, 0x0000000082a00000| Untracked 
|  13|0x0000000082b00000, 0x0000000082b00000, 0x0000000082c00000|  0%| F|  |TAMS 0x0000000082b00000, 0x0000000082b00000| Untracked 
|  14|0x0000000082c00000, 0x0000000082c00000, 0x0000000082d00000|  0%| F|  |TAMS 0x0000000082c00000, 0x0000000082c00000| Untracked 
|  15|0x0000000082d00000, 0x0000000082d00000, 0x0000000082e00000|  0%| F|  |TAMS 0x0000000082d00000, 0x0000000082d00000| Untracked 
|  16|0x0000000082e00000, 0x0000000082e00000, 0x0000000082f00000|  0%| F|  |TAMS 0x0000000082e00000, 0x0000000082e00000| Untracked 
|  17|0x0000000082f00000, 0x0000000082f00000, 0x0000000083000000|  0%| F|  |TAMS 0x0000000082f00000, 0x0000000082f00000| Untracked 
|  18|0x0000000083000000, 0x0000000083000000, 0x0000000083100000|  0%| F|  |TAMS 0x0000000083000000, 0x0000000083000000| Untracked 
|  19|0x0000000083100000, 0x0000000083100000, 0x0000000083200000|  0%| F|  |TAMS 0x0000000083100000, 0x0000000083100000| Untracked 
|  20|0x0000000083200000, 0x0000000083200000, 0x0000000083300000|  0%| F|  |TAMS 0x0000000083200000, 0x0000000083200000| Untracked 
|  21|0x0000000083300000, 0x0000000083300000, 0x0000000083400000|  0%| F|  |TAMS 0x0000000083300000, 0x0000000083300000| Untracked 
|  22|0x0000000083400000, 0x0000000083400000, 0x0000000083500000|  0%| F|  |TAMS 0x0000000083400000, 0x0000000083400000| Untracked 
|  23|0x0000000083500000, 0x0000000083500000, 0x0000000083600000|  0%| F|  |TAMS 0x0000000083500000, 0x0000000083500000| Untracked 
|  24|0x0000000083600000, 0x0000000083600000, 0x0000000083700000|  0%| F|  |TAMS 0x0000000083600000, 0x0000000083600000| Untracked 
|  25|0x0000000083700000, 0x0000000083700000, 0x0000000083800000|  0%| F|  |TAMS 0x0000000083700000, 0x0000000083700000| Untracked 
|  26|0x0000000083800000, 0x0000000083800000, 0x0000000083900000|  0%| F|  |TAMS 0x0000000083800000, 0x0000000083800000| Untracked 
|  27|0x0000000083900000, 0x0000000083900000, 0x0000000083a00000|  0%| F|  |TAMS 0x0000000083900000, 0x0000000083900000| Untracked 
|  28|0x0000000083a00000, 0x0000000083a00000, 0x0000000083b00000|  0%| F|  |TAMS 0x0000000083a00000, 0x0000000083a00000| Untracked 
|  29|0x0000000083b00000, 0x0000000083b00000, 0x0000000083c00000|  0%| F|  |TAMS 0x0000000083b00000, 0x0000000083b00000| Untracked 
|  30|0x0000000083c00000, 0x0000000083c00000, 0x0000000083d00000|  0%| F|  |TAMS 0x0000000083c00000, 0x0000000083c00000| Untracked 
|  31|0x0000000083d00000, 0x0000000083d00000, 0x0000000083e00000|  0%| F|  |TAMS 0x0000000083d00000, 0x0000000083d00000| Untracked 
|  32|0x0000000083e00000, 0x0000000083e00000, 0x0000000083f00000|  0%| F|  |TAMS 0x0000000083e00000, 0x0000000083e00000| Untracked 
|  33|0x0000000083f00000, 0x0000000083f00000, 0x0000000084000000|  0%| F|  |TAMS 0x0000000083f00000, 0x0000000083f00000| Untracked 
|  34|0x0000000084000000, 0x0000000084000000, 0x0000000084100000|  0%| F|  |TAMS 0x0000000084000000, 0x0000000084000000| Untracked 
|  35|0x0000000084100000, 0x0000000084100000, 0x0000000084200000|  0%| F|  |TAMS 0x0000000084100000, 0x0000000084100000| Untracked 
|  36|0x0000000084200000, 0x0000000084200000, 0x0000000084300000|  0%| F|  |TAMS 0x0000000084200000, 0x0000000084200000| Untracked 
|  37|0x0000000084300000, 0x0000000084300000, 0x0000000084400000|  0%| F|  |TAMS 0x0000000084300000, 0x0000000084300000| Untracked 
|  38|0x0000000084400000, 0x0000000084400000, 0x0000000084500000|  0%| F|  |TAMS 0x0000000084400000, 0x0000000084400000| Untracked 
|  39|0x0000000084500000, 0x0000000084500000, 0x0000000084600000|  0%| F|  |TAMS 0x0000000084500000, 0x0000000084500000| Untracked 
|  40|0x0000000084600000, 0x0000000084600000, 0x0000000084700000|  0%| F|  |TAMS 0x0000000084600000, 0x0000000084600000| Untracked 
|  41|0x0000000084700000, 0x0000000084700000, 0x0000000084800000|  0%| F|  |TAMS 0x0000000084700000, 0x0000000084700000| Untracked 
|  42|0x0000000084800000, 0x0000000084800000, 0x0000000084900000|  0%| F|  |TAMS 0x0000000084800000, 0x0000000084800000| Untracked 
|  43|0x0000000084900000, 0x0000000084900000, 0x0000000084a00000|  0%| F|  |TAMS 0x0000000084900000, 0x0000000084900000| Untracked 
|  44|0x0000000084a00000, 0x0000000084a00000, 0x0000000084b00000|  0%| F|  |TAMS 0x0000000084a00000, 0x0000000084a00000| Untracked 
|  45|0x0000000084b00000, 0x0000000084b00000, 0x0000000084c00000|  0%| F|  |TAMS 0x0000000084b00000, 0x0000000084b00000| Untracked 
|  46|0x0000000084c00000, 0x0000000084c00000, 0x0000000084d00000|  0%| F|  |TAMS 0x0000000084c00000, 0x0000000084c00000| Untracked 
|  47|0x0000000084d00000, 0x0000000084d00000, 0x0000000084e00000|  0%| F|  |TAMS 0x0000000084d00000, 0x0000000084d00000| Untracked 
|  48|0x0000000084e00000, 0x0000000084e00000, 0x0000000084f00000|  0%| F|  |TAMS 0x0000000084e00000, 0x0000000084e00000| Untracked 
|  49|0x0000000084f00000, 0x0000000084f00000, 0x0000000085000000|  0%| F|  |TAMS 0x0000000084f00000, 0x0000000084f00000| Untracked 
|  50|0x0000000085000000, 0x0000000085000000, 0x0000000085100000|  0%| F|  |TAMS 0x0000000085000000, 0x0000000085000000| Untracked 
|  51|0x0000000085100000, 0x0000000085100000, 0x0000000085200000|  0%| F|  |TAMS 0x0000000085100000, 0x0000000085100000| Untracked 
|  52|0x0000000085200000, 0x0000000085200000, 0x0000000085300000|  0%| F|  |TAMS 0x0000000085200000, 0x0000000085200000| Untracked 
|  53|0x0000000085300000, 0x0000000085300000, 0x0000000085400000|  0%| F|  |TAMS 0x0000000085300000, 0x0000000085300000| Untracked 
|  54|0x0000000085400000, 0x0000000085400000, 0x0000000085500000|  0%| F|  |TAMS 0x0000000085400000, 0x0000000085400000| Untracked 
|  55|0x0000000085500000, 0x0000000085500000, 0x0000000085600000|  0%| F|  |TAMS 0x0000000085500000, 0x0000000085500000| Untracked 
|  56|0x0000000085600000, 0x0000000085600000, 0x0000000085700000|  0%| F|  |TAMS 0x0000000085600000, 0x0000000085600000| Untracked 
|  57|0x0000000085700000, 0x0000000085700000, 0x0000000085800000|  0%| F|  |TAMS 0x0000000085700000, 0x0000000085700000| Untracked 
|  58|0x0000000085800000, 0x0000000085800000, 0x0000000085900000|  0%| F|  |TAMS 0x0000000085800000, 0x0000000085800000| Untracked 
|  59|0x0000000085900000, 0x0000000085900000, 0x0000000085a00000|  0%| F|  |TAMS 0x0000000085900000, 0x0000000085900000| Untracked 
|  60|0x0000000085a00000, 0x0000000085a00000, 0x0000000085b00000|  0%| F|  |TAMS 0x0000000085a00000, 0x0000000085a00000| Untracked 
|  61|0x0000000085b00000, 0x0000000085b00000, 0x0000000085c00000|  0%| F|  |TAMS 0x0000000085b00000, 0x0000000085b00000| Untracked 
|  62|0x0000000085c00000, 0x0000000085c00000, 0x0000000085d00000|  0%| F|  |TAMS 0x0000000085c00000, 0x0000000085c00000| Untracked 
|  63|0x0000000085d00000, 0x0000000085d00000, 0x0000000085e00000|  0%| F|  |TAMS 0x0000000085d00000, 0x0000000085d00000| Untracked 
|  64|0x0000000085e00000, 0x0000000085e00000, 0x0000000085f00000|  0%| F|  |TAMS 0x0000000085e00000, 0x0000000085e00000| Untracked 
|  65|0x0000000085f00000, 0x0000000085f00000, 0x0000000086000000|  0%| F|  |TAMS 0x0000000085f00000, 0x0000000085f00000| Untracked 
|  66|0x0000000086000000, 0x0000000086000000, 0x0000000086100000|  0%| F|  |TAMS 0x0000000086000000, 0x0000000086000000| Untracked 
|  67|0x0000000086100000, 0x0000000086100000, 0x0000000086200000|  0%| F|  |TAMS 0x0000000086100000, 0x0000000086100000| Untracked 
|  68|0x0000000086200000, 0x0000000086200000, 0x0000000086300000|  0%| F|  |TAMS 0x0000000086200000, 0x0000000086200000| Untracked 
|  69|0x0000000086300000, 0x0000000086300000, 0x0000000086400000|  0%| F|  |TAMS 0x0000000086300000, 0x0000000086300000| Untracked 
|  70|0x0000000086400000, 0x0000000086400000, 0x0000000086500000|  0%| F|  |TAMS 0x0000000086400000, 0x0000000086400000| Untracked 
|  71|0x0000000086500000, 0x0000000086500000, 0x0000000086600000|  0%| F|  |TAMS 0x0000000086500000, 0x0000000086500000| Untracked 
|  72|0x0000000086600000, 0x0000000086600000, 0x0000000086700000|  0%| F|  |TAMS 0x0000000086600000, 0x0000000086600000| Untracked 
|  73|0x0000000086700000, 0x0000000086700000, 0x0000000086800000|  0%| F|  |TAMS 0x0000000086700000, 0x0000000086700000| Untracked 
|  74|0x0000000086800000, 0x0000000086800000, 0x0000000086900000|  0%| F|  |TAMS 0x0000000086800000, 0x0000000086800000| Untracked 
|  75|0x0000000086900000, 0x0000000086900000, 0x0000000086a00000|  0%| F|  |TAMS 0x0000000086900000, 0x0000000086900000| Untracked 
|  76|0x0000000086a00000, 0x0000000086a00000, 0x0000000086b00000|  0%| F|  |TAMS 0x0000000086a00000, 0x0000000086a00000| Untracked 
|  77|0x0000000086b00000, 0x0000000086b00000, 0x0000000086c00000|  0%| F|  |TAMS 0x0000000086b00000, 0x0000000086b00000| Untracked 
|  78|0x0000000086c00000, 0x0000000086c00000, 0x0000000086d00000|  0%| F|  |TAMS 0x0000000086c00000, 0x0000000086c00000| Untracked 
|  79|0x0000000086d00000, 0x0000000086d00000, 0x0000000086e00000|  0%| F|  |TAMS 0x0000000086d00000, 0x0000000086d00000| Untracked 
|  80|0x0000000086e00000, 0x0000000086e00000, 0x0000000086f00000|  0%| F|  |TAMS 0x0000000086e00000, 0x0000000086e00000| Untracked 
|  81|0x0000000086f00000, 0x0000000086f00000, 0x0000000087000000|  0%| F|  |TAMS 0x0000000086f00000, 0x0000000086f00000| Untracked 
|  82|0x0000000087000000, 0x0000000087000000, 0x0000000087100000|  0%| F|  |TAMS 0x0000000087000000, 0x0000000087000000| Untracked 
|  83|0x0000000087100000, 0x0000000087196060, 0x0000000087200000| 58%| E|  |TAMS 0x0000000087100000, 0x0000000087100000| Complete 
|  84|0x0000000087200000, 0x0000000087300000, 0x0000000087300000|100%| E|CS|TAMS 0x0000000087200000, 0x0000000087200000| Complete 
|  85|0x0000000087300000, 0x0000000087400000, 0x0000000087400000|100%| E|CS|TAMS 0x0000000087300000, 0x0000000087300000| Complete 
|  86|0x0000000087400000, 0x0000000087500000, 0x0000000087500000|100%| E|CS|TAMS 0x0000000087400000, 0x0000000087400000| Complete 
|  87|0x0000000087500000, 0x0000000087600000, 0x0000000087600000|100%| E|CS|TAMS 0x0000000087500000, 0x0000000087500000| Complete 
|  88|0x0000000087600000, 0x0000000087700000, 0x0000000087700000|100%| E|CS|TAMS 0x0000000087600000, 0x0000000087600000| Complete 
|  89|0x0000000087700000, 0x0000000087800000, 0x0000000087800000|100%| E|CS|TAMS 0x0000000087700000, 0x0000000087700000| Complete 
|  90|0x0000000087800000, 0x0000000087900000, 0x0000000087900000|100%| E|CS|TAMS 0x0000000087800000, 0x0000000087800000| Complete 
|  91|0x0000000087900000, 0x0000000087a00000, 0x0000000087a00000|100%| E|CS|TAMS 0x0000000087900000, 0x0000000087900000| Complete 
|  92|0x0000000087a00000, 0x0000000087b00000, 0x0000000087b00000|100%| E|CS|TAMS 0x0000000087a00000, 0x0000000087a00000| Complete 
|  93|0x0000000087b00000, 0x0000000087c00000, 0x0000000087c00000|100%| E|CS|TAMS 0x0000000087b00000, 0x0000000087b00000| Complete 
|  94|0x0000000087c00000, 0x0000000087d00000, 0x0000000087d00000|100%| E|CS|TAMS 0x0000000087c00000, 0x0000000087c00000| Complete 
|  95|0x0000000087d00000, 0x0000000087e00000, 0x0000000087e00000|100%| E|CS|TAMS 0x0000000087d00000, 0x0000000087d00000| Complete 
|  96|0x0000000087e00000, 0x0000000087f00000, 0x0000000087f00000|100%| E|CS|TAMS 0x0000000087e00000, 0x0000000087e00000| Complete 
|  97|0x0000000087f00000, 0x0000000088000000, 0x0000000088000000|100%| E|CS|TAMS 0x0000000087f00000, 0x0000000087f00000| Complete 
|  98|0x0000000088000000, 0x0000000088100000, 0x0000000088100000|100%| E|CS|TAMS 0x0000000088000000, 0x0000000088000000| Complete 
|  99|0x0000000088100000, 0x0000000088200000, 0x0000000088200000|100%| E|CS|TAMS 0x0000000088100000, 0x0000000088100000| Complete 
| 100|0x0000000088200000, 0x0000000088300000, 0x0000000088300000|100%| E|CS|TAMS 0x0000000088200000, 0x0000000088200000| Complete 
| 101|0x0000000088300000, 0x0000000088400000, 0x0000000088400000|100%| E|  |TAMS 0x0000000088300000, 0x0000000088300000| Complete 
| 102|0x0000000088400000, 0x0000000088500000, 0x0000000088500000|100%| E|CS|TAMS 0x0000000088400000, 0x0000000088400000| Complete 
| 103|0x0000000088500000, 0x0000000088600000, 0x0000000088600000|100%| E|CS|TAMS 0x0000000088500000, 0x0000000088500000| Complete 
| 104|0x0000000088600000, 0x0000000088700000, 0x0000000088700000|100%| E|CS|TAMS 0x0000000088600000, 0x0000000088600000| Complete 
| 105|0x0000000088700000, 0x0000000088800000, 0x0000000088800000|100%| E|CS|TAMS 0x0000000088700000, 0x0000000088700000| Complete 
| 106|0x0000000088800000, 0x00000000888db840, 0x0000000088900000| 85%| S|CS|TAMS 0x0000000088800000, 0x0000000088800000| Complete 
| 107|0x0000000088900000, 0x0000000088a00000, 0x0000000088a00000|100%| S|CS|TAMS 0x0000000088900000, 0x0000000088900000| Complete 
| 108|0x0000000088a00000, 0x0000000088b00000, 0x0000000088b00000|100%| S|CS|TAMS 0x0000000088a00000, 0x0000000088a00000| Complete 
| 109|0x0000000088b00000, 0x0000000088c00000, 0x0000000088c00000|100%| E|CS|TAMS 0x0000000088b00000, 0x0000000088b00000| Complete 
| 110|0x0000000088c00000, 0x0000000088d00000, 0x0000000088d00000|100%| E|CS|TAMS 0x0000000088c00000, 0x0000000088c00000| Complete 
| 111|0x0000000088d00000, 0x0000000088e00000, 0x0000000088e00000|100%| E|CS|TAMS 0x0000000088d00000, 0x0000000088d00000| Complete 
| 112|0x0000000088e00000, 0x0000000088f00000, 0x0000000088f00000|100%| E|CS|TAMS 0x0000000088e00000, 0x0000000088e00000| Complete 
| 113|0x0000000088f00000, 0x0000000089000000, 0x0000000089000000|100%| E|CS|TAMS 0x0000000088f00000, 0x0000000088f00000| Complete 
| 114|0x0000000089000000, 0x0000000089100000, 0x0000000089100000|100%| E|CS|TAMS 0x0000000089000000, 0x0000000089000000| Complete 
| 115|0x0000000089100000, 0x0000000089200000, 0x0000000089200000|100%| E|CS|TAMS 0x0000000089100000, 0x0000000089100000| Complete 
| 116|0x0000000089200000, 0x0000000089300000, 0x0000000089300000|100%| E|CS|TAMS 0x0000000089200000, 0x0000000089200000| Complete 
| 117|0x0000000089300000, 0x0000000089400000, 0x0000000089400000|100%| E|CS|TAMS 0x0000000089300000, 0x0000000089300000| Complete 
| 118|0x0000000089400000, 0x0000000089500000, 0x0000000089500000|100%| E|CS|TAMS 0x0000000089400000, 0x0000000089400000| Complete 
| 119|0x0000000089500000, 0x0000000089600000, 0x0000000089600000|100%| E|CS|TAMS 0x0000000089500000, 0x0000000089500000| Complete 
| 120|0x0000000089600000, 0x0000000089700000, 0x0000000089700000|100%| E|CS|TAMS 0x0000000089600000, 0x0000000089600000| Complete 
| 121|0x0000000089700000, 0x0000000089800000, 0x0000000089800000|100%| E|CS|TAMS 0x0000000089700000, 0x0000000089700000| Complete 
| 122|0x0000000089800000, 0x0000000089900000, 0x0000000089900000|100%| E|CS|TAMS 0x0000000089800000, 0x0000000089800000| Complete 
| 123|0x0000000089900000, 0x0000000089a00000, 0x0000000089a00000|100%| E|CS|TAMS 0x0000000089900000, 0x0000000089900000| Complete 
| 124|0x0000000089a00000, 0x0000000089b00000, 0x0000000089b00000|100%| E|CS|TAMS 0x0000000089a00000, 0x0000000089a00000| Complete 
| 125|0x0000000089b00000, 0x0000000089c00000, 0x0000000089c00000|100%| E|CS|TAMS 0x0000000089b00000, 0x0000000089b00000| Complete 
| 126|0x0000000089c00000, 0x0000000089d00000, 0x0000000089d00000|100%| E|CS|TAMS 0x0000000089c00000, 0x0000000089c00000| Complete 
| 127|0x0000000089d00000, 0x0000000089e00000, 0x0000000089e00000|100%| E|CS|TAMS 0x0000000089d00000, 0x0000000089d00000| Complete 

Card table byte_map: [0x000001c359860000,0x000001c359c60000] _byte_map_base: 0x000001c359451000

Marking Bits (Prev, Next): (CMBitMap*) 0x000001c340d505d0, (CMBitMap*) 0x000001c340d50610
 Prev Bits: [0x000001c35a060000, 0x000001c35bfe8000)
 Next Bits: [0x000001c35bff0000, 0x000001c35df78000)

Polling page: 0x000001c340dc0000

Metaspace:

Usage:
  Non-class:     15.54 MB used.
      Class:      2.66 MB used.
       Both:     18.20 MB used.

Virtual space:
  Non-class space:       64.00 MB reserved,      15.69 MB ( 25%) committed,  1 nodes.
      Class space:        1.00 GB reserved,       2.81 MB ( <1%) committed,  1 nodes.
             Both:        1.06 GB reserved,      18.50 MB (  2%) committed. 

Chunk freelists:
   Non-Class:  135.00 KB
       Class:  1.19 MB
        Both:  1.33 MB

MaxMetaspaceSize: unlimited
CompressedClassSpaceSize: 1.00 GB
Initial GC threshold: 21.00 MB
Current GC threshold: 21.00 MB
CDS: on
MetaspaceReclaimPolicy: balanced
 - commit_granule_bytes: 65536.
 - commit_granule_words: 8192.
 - virtual_space_node_default_size: 8388608.
 - enlarge_chunks_in_place: 1.
 - new_chunks_are_fully_committed: 0.
 - uncommit_free_chunks: 1.
 - use_allocation_guard: 0.


Internal statistics:

num_allocs_failed_limit: 0.
num_arena_births: 378.
num_arena_deaths: 0.
num_vsnodes_births: 2.
num_vsnodes_deaths: 0.
num_space_committed: 296.
num_space_uncommitted: 0.
num_chunks_returned_to_freelist: 0.
num_chunks_taken_from_freelist: 979.
num_chunk_merges: 0.
num_chunk_splits: 679.
num_chunks_enlarged: 518.
num_inconsistent_stats: 0.

CodeHeap 'non-profiled nmethods': size=120000Kb used=1206Kb max_used=1206Kb free=118793Kb
 bounds [0x000001c351910000, 0x000001c351b80000, 0x000001c358e40000]
CodeHeap 'profiled nmethods': size=120000Kb used=6526Kb max_used=6526Kb free=113474Kb
 bounds [0x000001c34a3e0000, 0x000001c34aa40000, 0x000001c351910000]
CodeHeap 'non-nmethods': size=5760Kb used=1447Kb max_used=1479Kb free=4312Kb
 bounds [0x000001c349e40000, 0x000001c34a0b0000, 0x000001c34a3e0000]
 total_blobs=4174 nmethods=3373 adapters=713
 compilation: enabled
              stopped_count=0, restarted_count=0
 full_count=0

Compilation events (20 events):
Event: 7.929 Thread 0x000001c36056e550 nmethod 3366 0x000001c34aa24310 code [0x000001c34aa24560, 0x000001c34aa24f88]
Event: 7.929 Thread 0x000001c36056e550 3369   !   3       com.sun.org.apache.xerces.internal.impl.XMLDocumentFragmentScannerImpl$FragmentContentDriver::next (2331 bytes)
Event: 7.929 Thread 0x000001c360563340 nmethod 3367 0x000001c351a3c310 code [0x000001c351a3c4a0, 0x000001c351a3c598]
Event: 7.940 Thread 0x000001c36056e550 nmethod 3369 0x000001c34aa25310 code [0x000001c34aa25d40, 0x000001c34aa2c518]
Event: 7.940 Thread 0x000001c36056e550 3371   !   3       com.sun.javafx.reflect.MethodUtil::invoke (111 bytes)
Event: 7.952 Thread 0x000001c36056e550 nmethod 3371 0x000001c34aa30610 code [0x000001c34aa31100, 0x000001c34aa38538]
Event: 7.952 Thread 0x000001c36056e550 3368       3       javafx.scene.Node::isDisabled (19 bytes)
Event: 7.952 Thread 0x000001c36056e550 nmethod 3368 0x000001c34aa3e710 code [0x000001c34aa3e8c0, 0x000001c34aa3ec48]
Event: 7.952 Thread 0x000001c36056e550 3363       3       javafx.fxml.FXMLLoader$Attribute::<init> (20 bytes)
Event: 7.952 Thread 0x000001c36056e550 nmethod 3363 0x000001c34aa3ed90 code [0x000001c34aa3ef40, 0x000001c34aa3f1b8]
Event: 7.952 Thread 0x000001c36056e550 3364       3       javafx.beans.property.StringPropertyBase::set (9 bytes)
Event: 7.952 Thread 0x000001c36056e550 nmethod 3364 0x000001c34aa3f290 code [0x000001c34aa3f440, 0x000001c34aa3f708]
Event: 7.952 Thread 0x000001c36056e550 3370       1       java.lang.Class::getAnnotationType (5 bytes)
Event: 7.952 Thread 0x000001c36056e550 nmethod 3370 0x000001c351a3c690 code [0x000001c351a3c820, 0x000001c351a3c8f8]
Event: 7.952 Thread 0x000001c36056e550 3372       1       java.lang.reflect.Method::getRoot (5 bytes)
Event: 7.953 Thread 0x000001c36056e550 nmethod 3372 0x000001c351a3c990 code [0x000001c351a3cb20, 0x000001c351a3cbf8]
Event: 86.337 Thread 0x000001c360563340 3373       4       com.sun.javafx.tk.quantum.QuantumToolkit::postPulse (133 bytes)
Event: 86.347 Thread 0x000001c360563340 nmethod 3373 0x000001c351a3cc90 code [0x000001c351a3ce40, 0x000001c351a3d0a8]
Event: 86.641 Thread 0x000001c360563340 3374       4       com.sun.javafx.tk.quantum.QuantumToolkit$$Lambda$91/0x0000000800c398c0::run (8 bytes)
Event: 86.652 Thread 0x000001c360563340 nmethod 3374 0x000001c351a3d310 code [0x000001c351a3d4e0, 0x000001c351a3d790]

GC Heap History (4 events):
Event: 0.531 GC heap before
{Heap before GC invocations=0 (full 0):
 garbage-first heap   total 131072K, used 13312K [0x0000000081e00000, 0x0000000100000000)
  region size 1024K, 13 young (13312K), 0 survivors (0K)
 Metaspace       used 2749K, committed 2944K, reserved 1114112K
  class space    used 288K, committed 384K, reserved 1048576K
}
Event: 0.534 GC heap after
{Heap after GC invocations=1 (full 0):
 garbage-first heap   total 131072K, used 2101K [0x0000000081e00000, 0x0000000100000000)
  region size 1024K, 2 young (2048K), 2 survivors (2048K)
 Metaspace       used 2749K, committed 2944K, reserved 1114112K
  class space    used 288K, committed 384K, reserved 1048576K
}
Event: 0.926 GC heap before
{Heap before GC invocations=1 (full 0):
 garbage-first heap   total 131072K, used 18485K [0x0000000081e00000, 0x0000000100000000)
  region size 1024K, 19 young (19456K), 2 survivors (2048K)
 Metaspace       used 8186K, committed 8384K, reserved 1114112K
  class space    used 1052K, committed 1152K, reserved 1048576K
}
Event: 0.931 GC heap after
{Heap after GC invocations=2 (full 0):
 garbage-first heap   total 131072K, used 5009K [0x0000000081e00000, 0x0000000100000000)
  region size 1024K, 3 young (3072K), 3 survivors (3072K)
 Metaspace       used 8186K, committed 8384K, reserved 1114112K
  class space    used 1052K, committed 1152K, reserved 1048576K
}

Deoptimization events (20 events):
Event: 5.533 Thread 0x000001c3648725e0 Uncommon trap: trap_request=0xffffffde fr.pc=0x000001c3519ef948 relative=0x0000000000000128
Event: 5.533 Thread 0x000001c3648725e0 Uncommon trap: reason=class_check action=maybe_recompile pc=0x000001c3519ef948 method=jdk.internal.misc.Unsafe.allocateUninitializedArray(Ljava/lang/Class;I)Ljava/lang/Object; @ 51 c2
Event: 5.533 Thread 0x000001c3648725e0 DEOPT PACKING pc=0x000001c3519ef948 sp=0x00000044f0ffc160
Event: 5.533 Thread 0x000001c3648725e0 DEOPT UNPACKING pc=0x000001c349e923a3 sp=0x00000044f0ffc0e8 mode 2
Event: 5.910 Thread 0x000001c364d5be40 Uncommon trap: trap_request=0xffffff45 fr.pc=0x000001c3519e3664 relative=0x0000000000000fa4
Event: 5.910 Thread 0x000001c364d5be40 Uncommon trap: reason=unstable_if action=reinterpret pc=0x000001c3519e3664 method=com.sun.scenario.effect.impl.state.BoxRenderState.validateWeights()V @ 147 c2
Event: 5.910 Thread 0x000001c364d5be40 DEOPT PACKING pc=0x000001c3519e3664 sp=0x00000044f0afc300
Event: 5.910 Thread 0x000001c364d5be40 DEOPT UNPACKING pc=0x000001c349e923a3 sp=0x00000044f0afc288 mode 2
Event: 7.215 Thread 0x000001c364d5be40 Uncommon trap: trap_request=0xffffff45 fr.pc=0x000001c3519e4f8c relative=0x000000000000008c
Event: 7.215 Thread 0x000001c364d5be40 Uncommon trap: reason=unstable_if action=reinterpret pc=0x000001c3519e4f8c method=com.sun.javafx.geom.RectBounds.isEmpty()Z @ 21 c2
Event: 7.215 Thread 0x000001c364d5be40 DEOPT PACKING pc=0x000001c3519e4f8c sp=0x00000044f0afd6c0
Event: 7.216 Thread 0x000001c364d5be40 DEOPT UNPACKING pc=0x000001c349e923a3 sp=0x00000044f0afd650 mode 2
Event: 7.231 Thread 0x000001c364d5be40 DEOPT PACKING pc=0x000001c34a9cadba sp=0x00000044f0afe200
Event: 7.231 Thread 0x000001c364d5be40 DEOPT UNPACKING pc=0x000001c349e92b43 sp=0x00000044f0afd700 mode 0
Event: 7.721 Thread 0x000001c364d5be40 DEOPT PACKING pc=0x000001c34a9cadba sp=0x00000044f0afe210
Event: 7.721 Thread 0x000001c364d5be40 DEOPT UNPACKING pc=0x000001c349e92b43 sp=0x00000044f0afd710 mode 0
Event: 7.722 Thread 0x000001c364d5be40 DEOPT PACKING pc=0x000001c34a9cadba sp=0x00000044f0afe200
Event: 7.722 Thread 0x000001c364d5be40 DEOPT UNPACKING pc=0x000001c349e92b43 sp=0x00000044f0afd700 mode 0
Event: 7.826 Thread 0x000001c364d5be40 DEOPT PACKING pc=0x000001c34a9cadba sp=0x00000044f0afe210
Event: 7.826 Thread 0x000001c364d5be40 DEOPT UNPACKING pc=0x000001c349e92b43 sp=0x00000044f0afd710 mode 0

Classes loaded (20 events):
Event: 7.869 Loading class java/lang/constant/MethodHandleDesc
Event: 7.869 Loading class java/lang/constant/MethodHandleDesc done
Event: 7.869 Loading class java/lang/constant/MethodHandleDesc$1
Event: 7.869 Loading class java/lang/constant/MethodHandleDesc$1 done
Event: 7.869 Loading class java/lang/constant/DirectMethodHandleDescImpl
Event: 7.869 Loading class java/lang/constant/DirectMethodHandleDesc
Event: 7.869 Loading class java/lang/constant/DirectMethodHandleDesc done
Event: 7.869 Loading class java/lang/constant/DirectMethodHandleDescImpl done
Event: 7.869 Loading class java/lang/constant/DirectMethodHandleDescImpl$1
Event: 7.869 Loading class java/lang/constant/DirectMethodHandleDescImpl$1 done
Event: 7.869 Loading class java/lang/constant/DirectMethodHandleDesc$1
Event: 7.869 Loading class java/lang/constant/DirectMethodHandleDesc$1 done
Event: 7.870 Loading class java/lang/constant/PrimitiveClassDescImpl
Event: 7.870 Loading class java/lang/constant/DynamicConstantDesc
Event: 7.870 Loading class java/lang/constant/DynamicConstantDesc done
Event: 7.870 Loading class java/lang/constant/PrimitiveClassDescImpl done
Event: 7.870 Loading class java/lang/constant/DynamicConstantDesc$AnonymousDynamicConstantDesc
Event: 7.870 Loading class java/lang/constant/DynamicConstantDesc$AnonymousDynamicConstantDesc done
Event: 148.543 Loading class jdk/internal/misc/Signal$1
Event: 148.543 Loading class jdk/internal/misc/Signal$1 done

Classes unloaded (0 events):
No events

Classes redefined (0 events):
No events

Internal exceptions (20 events):
Event: 1.405 Thread 0x000001c3648725e0 Exception <a 'java/lang/ClassNotFoundException'{0x0000000088f56568}: com/sun/javafx/scene/control/skin/resources/controls> (0x0000000088f56568) 
thrown [s\open\src\hotspot\share\prims\jni.cpp, line 535]
Event: 1.407 Thread 0x000001c3648725e0 Exception <a 'java/lang/ClassNotFoundException'{0x0000000088f64758}: com/sun/javafx/scene/control/skin/resources/controls_ru> (0x0000000088f64758) 
thrown [s\open\src\hotspot\share\prims\jni.cpp, line 535]
Event: 1.407 Thread 0x000001c3648725e0 Exception <a 'java/lang/ClassNotFoundException'{0x0000000088f65ec0}: com/sun/javafx/scene/control/skin/resources/controls_ru_RU> (0x0000000088f65ec0) 
thrown [s\open\src\hotspot\share\prims\jni.cpp, line 535]
Event: 1.478 Thread 0x000001c3648725e0 Exception <a 'java/lang/NoSuchMethodError'{0x0000000088d73190}: 'void java.lang.invoke.DirectMethodHandle$Holder.invokeSpecial(java.lang.Object, java.lang.Object, java.lang.Object, java.lang.Object, java.lang.Object, java.lang.Object)'> (0x0000000088d73190) 
thrown [s\open\src\hotspot\share\interpreter\linkResolver.cpp, line 759]
Event: 1.588 Thread 0x000001c3648725e0 Exception <a 'java/lang/NoSuchMethodError'{0x00000000887e5578}: 'int java.lang.invoke.DirectMethodHandle$Holder.invokeSpecial(java.lang.Object, java.lang.Object, int)'> (0x00000000887e5578) 
thrown [s\open\src\hotspot\share\interpreter\linkResolver.cpp, line 759]
Event: 1.606 Thread 0x000001c3648725e0 Exception <a 'java/lang/NoSuchMethodError'{0x0000000088617fd0}: 'java.lang.Object java.lang.invoke.DirectMethodHandle$Holder.newInvokeSpecial(java.lang.Object, java.lang.Object, int)'> (0x0000000088617fd0) 
thrown [s\open\src\hotspot\share\interpreter\linkResolver.cpp, line 759]
Event: 1.649 Thread 0x000001c364d5be40 Exception <a 'java/lang/NoSuchMethodError'{0x0000000088500878}: 'int java.lang.invoke.DirectMethodHandle$Holder.invokeStaticInit(java.lang.Object, java.lang.Object)'> (0x0000000088500878) 
thrown [s\open\src\hotspot\share\interpreter\linkResolver.cpp, line 759]
Event: 1.651 Thread 0x000001c3648725e0 Exception <a 'java/lang/NoSuchMethodError'{0x00000000886e5ec8}: 'long java.lang.invoke.DirectMethodHandle$Holder.invokeStatic(java.lang.Object, java.lang.Object, java.lang.Object)'> (0x00000000886e5ec8) 
thrown [s\open\src\hotspot\share\interpreter\linkResolver.cpp, line 759]
Event: 1.651 Thread 0x000001c3648725e0 Exception <a 'java/lang/NoSuchMethodError'{0x0000000088528210}: 'long java.lang.invoke.DirectMethodHandle$Holder.invokeStaticInit(java.lang.Object, java.lang.Object, java.lang.Object)'> (0x0000000088528210) 
thrown [s\open\src\hotspot\share\interpreter\linkResolver.cpp, line 759]
Event: 1.655 Thread 0x000001c3648725e0 Exception <a 'java/lang/NoSuchMethodError'{0x0000000088540858}: 'java.lang.Object java.lang.invoke.DirectMethodHandle$Holder.newInvokeSpecial(java.lang.Object, java.lang.Object, long)'> (0x0000000088540858) 
thrown [s\open\src\hotspot\share\interpreter\linkResolver.cpp, line 759]
Event: 1.656 Thread 0x000001c3648725e0 Exception <a 'java/lang/NoSuchMethodError'{0x00000000885443d0}: 'java.lang.Object java.lang.invoke.Invokers$Holder.linkToTargetMethod(java.lang.Object, long, java.lang.Object)'> (0x00000000885443d0) 
thrown [s\open\src\hotspot\share\interpreter\linkResolver.cpp, line 759]
Event: 1.825 Thread 0x000001c364d5be40 Exception <a 'java/lang/NoSuchMethodError'{0x00000000882f3378}: 'java.lang.Object java.lang.invoke.DirectMethodHandle$Holder.invokeStaticInit(java.lang.Object, int)'> (0x00000000882f3378) 
thrown [s\open\src\hotspot\share\interpreter\linkResolver.cpp, line 759]
Event: 3.506 Thread 0x000001c3648725e0 Exception <a 'java/lang/NoSuchMethodError'{0x00000000880e9eb8}: 'long java.lang.invoke.DirectMethodHandle$Holder.invokeSpecial(java.lang.Object, java.lang.Object)'> (0x00000000880e9eb8) 
thrown [s\open\src\hotspot\share\interpreter\linkResolver.cpp, line 759]
Event: 3.507 Thread 0x000001c3648725e0 Exception <a 'java/lang/NoSuchMethodError'{0x00000000880ed7f8}: 'long java.lang.invoke.Invokers$Holder.invokeExact_MT(java.lang.Object, java.lang.Object)'> (0x00000000880ed7f8) 
thrown [s\open\src\hotspot\share\interpreter\linkResolver.cpp, line 759]
Event: 5.664 Thread 0x000001c3648725e0 Exception <a 'java/lang/NoSuchMethodError'{0x00000000879c80a8}: 'int java.lang.invoke.DirectMethodHandle$Holder.invokeVirtual(java.lang.Object, java.lang.Object)'> (0x00000000879c80a8) 
thrown [s\open\src\hotspot\share\interpreter\linkResolver.cpp, line 759]
Event: 7.159 Thread 0x000001c3648725e0 Exception <a 'java/lang/NoSuchMethodError'{0x0000000087479d70}: 'void java.lang.invoke.DirectMethodHandle$Holder.invokeVirtual(java.lang.Object, java.lang.Object, int)'> (0x0000000087479d70) 
thrown [s\open\src\hotspot\share\interpreter\linkResolver.cpp, line 759]
Event: 7.167 Thread 0x000001c3648725e0 Exception <a 'java/lang/NoSuchMethodError'{0x000000008749cd30}: 'java.lang.Object java.lang.invoke.DirectMethodHandle$Holder.newInvokeSpecial(java.lang.Object, java.lang.Object, int, int, int, int, int, java.lang.Object)'> (0x000000008749cd30) 
thrown [s\open\src\hotspot\share\interpreter\linkResolver.cpp, line 759]
Event: 7.169 Thread 0x000001c3648725e0 Exception <a 'java/lang/NoSuchMethodError'{0x00000000874b0260}: 'java.lang.Object java.lang.invoke.DirectMethodHandle$Holder.newInvokeSpecial(java.lang.Object, java.lang.Object, java.lang.Object, int, int, int, int, int)'> (0x00000000874b0260) 
thrown [s\open\src\hotspot\share\interpreter\linkResolver.cpp, line 759]
Event: 7.169 Thread 0x000001c3648725e0 Exception <a 'java/lang/NoSuchMethodError'{0x00000000874b8018}: 'java.lang.Object java.lang.invoke.Invokers$Holder.linkToTargetMethod(java.lang.Object, java.lang.Object, int, int, int, int, int, java.lang.Object)'> (0x00000000874b8018) 
thrown [s\open\src\hotspot\share\interpreter\linkResolver.cpp, line 759]
Event: 7.854 Thread 0x000001c3648725e0 Exception <a 'java/lang/NoSuchMethodError'{0x0000000087217040}: static [I.<clinit>()V> (0x0000000087217040) 
thrown [s\open\src\hotspot\share\prims\jni.cpp, line 1104]

VM Operations (20 events):
Event: 1.600 Executing VM operation: ICBufferFull done
Event: 2.850 Executing VM operation: ICBufferFull
Event: 2.850 Executing VM operation: ICBufferFull done
Event: 4.850 Executing VM operation: Cleanup
Event: 4.850 Executing VM operation: Cleanup done
Event: 5.723 Executing VM operation: ICBufferFull
Event: 5.723 Executing VM operation: ICBufferFull done
Event: 5.896 Executing VM operation: HandshakeAllThreads
Event: 5.896 Executing VM operation: HandshakeAllThreads done
Event: 6.896 Executing VM operation: Cleanup
Event: 6.897 Executing VM operation: Cleanup done
Event: 7.158 Executing VM operation: HandshakeAllThreads
Event: 7.158 Executing VM operation: HandshakeAllThreads done
Event: 7.164 Executing VM operation: HandshakeAllThreads
Event: 7.164 Executing VM operation: HandshakeAllThreads done
Event: 7.855 Executing VM operation: HandshakeAllThreads
Event: 7.855 Executing VM operation: HandshakeAllThreads done
Event: 8.855 Executing VM operation: Cleanup
Event: 8.856 Executing VM operation: Cleanup done
Event: 148.546 Executing VM operation: Exit

Events (20 events):
Event: 0.524 Loaded shared library C:\Program Files\Java\openjfx-19_windows-x64_bin-sdk\javafx-sdk-19\bin\glass.dll
Event: 0.526 Thread 0x000001c364e9a630 Thread added: 0x000001c364e9a630
Event: 0.536 Thread 0x000001c3648725e0 Thread added: 0x000001c3648725e0
Event: 0.624 Loaded shared library C:\Program Files\Java\jdk-18.0.2.1\bin\jimage.dll
Event: 0.624 Thread 0x000001c36511ac80 Thread added: 0x000001c36511ac80
Event: 0.638 Thread 0x000001c3651099b0 Thread added: 0x000001c3651099b0
Event: 0.833 Loaded shared library C:\Program Files\Java\openjfx-19_windows-x64_bin-sdk\javafx-sdk-19\bin\javafx_font.dll
Event: 1.340 Thread 0x000001c369d473b0 Thread added: 0x000001c369d473b0
Event: 1.729 Thread 0x000001c369d47880 Thread added: 0x000001c369d47880
Event: 1.949 Thread 0x000001c364874540 Thread exited: 0x000001c364874540
Event: 5.550 Thread 0x000001c364ef5a70 Thread added: 0x000001c364ef5a70
Event: 6.259 Thread 0x000001c364ef5a70 Thread exited: 0x000001c364ef5a70
Event: 7.182 Thread 0x000001c364ef5a70 Thread added: 0x000001c364ef5a70
Event: 7.380 Thread 0x000001c364ef5a70 Thread exited: 0x000001c364ef5a70
Event: 148.544 Thread 0x000001c364b843c0 Thread added: 0x000001c364b843c0
Event: 148.544 Thread 0x000001c364b85700 Thread added: 0x000001c364b85700
Event: 148.544 Thread 0x000001c364b83a20 Thread added: 0x000001c364b83a20
Event: 148.545 Thread 0x000001c364b83a20 Thread exited: 0x000001c364b83a20
Event: 148.546 Thread 0x000001c364b85700 Thread exited: 0x000001c364b85700
Event: 148.546 Thread 0x000001c360559f50 Thread exited: 0x000001c360559f50


Dynamic libraries:
0x00007ff609890000 - 0x00007ff6098a0000 	C:\Program Files\Java\jdk-18.0.2.1\bin\java.exe
0x00007ffeb2470000 - 0x00007ffeb2668000 	C:\Windows\SYSTEM32\ntdll.dll
0x00007ffeb21f0000 - 0x00007ffeb22af000 	C:\Windows\System32\KERNEL32.DLL
0x00007ffeafcc0000 - 0x00007ffeaff92000 	C:\Windows\System32\KERNELBASE.dll
0x00007ffeb0370000 - 0x00007ffeb0470000 	C:\Windows\System32\ucrtbase.dll
0x00007ffe94f50000 - 0x00007ffe94f6a000 	C:\Program Files\Java\jdk-18.0.2.1\bin\VCRUNTIME140.dll
0x00007ffea48e0000 - 0x00007ffea48f8000 	C:\Program Files\Java\jdk-18.0.2.1\bin\jli.dll
0x00007ffeb1100000 - 0x00007ffeb11ae000 	C:\Windows\System32\ADVAPI32.dll
0x00007ffeb0c90000 - 0x00007ffeb0d2e000 	C:\Windows\System32\msvcrt.dll
0x00007ffeb1cc0000 - 0x00007ffeb1d5c000 	C:\Windows\System32\sechost.dll
0x00007ffeb1fd0000 - 0x00007ffeb20f5000 	C:\Windows\System32\RPCRT4.dll
0x00007ffeb12a0000 - 0x00007ffeb143d000 	C:\Windows\System32\USER32.dll
0x00007ffeaffa0000 - 0x00007ffeaffc2000 	C:\Windows\System32\win32u.dll
0x00007ffeb0df0000 - 0x00007ffeb0e1b000 	C:\Windows\System32\GDI32.dll
0x00007ffeb0100000 - 0x00007ffeb020f000 	C:\Windows\System32\gdi32full.dll
0x00007ffeafb70000 - 0x00007ffeafc0d000 	C:\Windows\System32\msvcp_win.dll
0x00007ffe9a130000 - 0x00007ffe9a3ca000 	C:\Windows\WinSxS\amd64_microsoft.windows.common-controls_6595b64144ccf1df_6.0.19041.1110_none_60b5254171f9507e\COMCTL32.dll
0x00007ffea98a0000 - 0x00007ffea98aa000 	C:\Windows\SYSTEM32\VERSION.dll
0x00007ffeb22b0000 - 0x00007ffeb22e2000 	C:\Windows\System32\IMM32.DLL
0x00007ffea8080000 - 0x00007ffea808c000 	C:\Program Files\Java\jdk-18.0.2.1\bin\vcruntime140_1.dll
0x00007ffe928f0000 - 0x00007ffe9297d000 	C:\Program Files\Java\jdk-18.0.2.1\bin\msvcp140.dll
0x00007ffe4ced0000 - 0x00007ffe4dae1000 	C:\Program Files\Java\jdk-18.0.2.1\bin\server\jvm.dll
0x00007ffeb0d30000 - 0x00007ffeb0d38000 	C:\Windows\System32\PSAPI.DLL
0x00007ffe87a10000 - 0x00007ffe87a19000 	C:\Windows\SYSTEM32\WSOCK32.dll
0x00007ffe9a3e0000 - 0x00007ffe9a407000 	C:\Windows\SYSTEM32\WINMM.dll
0x00007ffeb0ed0000 - 0x00007ffeb0f3b000 	C:\Windows\System32\WS2_32.dll
0x00007ffeae3c0000 - 0x00007ffeae3d2000 	C:\Windows\SYSTEM32\kernel.appcore.dll
0x00007ffea7aa0000 - 0x00007ffea7aaa000 	C:\Program Files\Java\jdk-18.0.2.1\bin\jimage.dll
0x00007ffeae1a0000 - 0x00007ffeae384000 	C:\Windows\SYSTEM32\DBGHELP.DLL
0x00007ffe959f0000 - 0x00007ffe95a1c000 	C:\Windows\SYSTEM32\dbgcore.DLL
0x00007ffeaffd0000 - 0x00007ffeb0052000 	C:\Windows\System32\bcryptPrimitives.dll
0x00007ffeaa8b0000 - 0x00007ffeaa8be000 	C:\Program Files\Java\jdk-18.0.2.1\bin\instrument.dll
0x00007ffe905d0000 - 0x00007ffe905f5000 	C:\Program Files\Java\jdk-18.0.2.1\bin\java.dll
0x00007ffe3e120000 - 0x00007ffe3e1f6000 	C:\Program Files\Java\jdk-18.0.2.1\bin\jsvml.dll
0x00007ffeb1440000 - 0x00007ffeb1b83000 	C:\Windows\System32\SHELL32.dll
0x00007ffeada00000 - 0x00007ffeae192000 	C:\Windows\SYSTEM32\windows.storage.dll
0x00007ffeb04c0000 - 0x00007ffeb0814000 	C:\Windows\System32\combase.dll
0x00007ffeaf5d0000 - 0x00007ffeaf600000 	C:\Windows\SYSTEM32\Wldp.dll
0x00007ffeb0e20000 - 0x00007ffeb0ecd000 	C:\Windows\System32\SHCORE.dll
0x00007ffeb1f70000 - 0x00007ffeb1fc5000 	C:\Windows\System32\shlwapi.dll
0x00007ffeafab0000 - 0x00007ffeafacf000 	C:\Windows\SYSTEM32\profapi.dll
0x00007ffe8a090000 - 0x00007ffe8a0a3000 	C:\Program Files\Java\jdk-18.0.2.1\bin\net.dll
0x00007ffe9c690000 - 0x00007ffe9c79c000 	C:\Windows\SYSTEM32\WINHTTP.dll
0x00007ffeaf330000 - 0x00007ffeaf39a000 	C:\Windows\system32\mswsock.dll
0x00007ffe887c0000 - 0x00007ffe887d6000 	C:\Program Files\Java\jdk-18.0.2.1\bin\nio.dll
0x00007ffe885a0000 - 0x00007ffe885b8000 	C:\Program Files\Java\jdk-18.0.2.1\bin\zip.dll
0x00007ffe94ae0000 - 0x00007ffe94afa000 	C:\Program Files\JetBrains\IntelliJ IDEA Community Edition 2022.2.1\bin\breakgen64.dll
0x000001c340e10000 - 0x000001c340e13000 	C:\Program Files\Java\openjfx-19_windows-x64_bin-sdk\javafx-sdk-19\bin\api-ms-win-core-console-l1-1-0.dll
0x000001c360720000 - 0x000001c360723000 	C:\Program Files\Java\openjfx-19_windows-x64_bin-sdk\javafx-sdk-19\bin\api-ms-win-core-console-l1-2-0.dll
0x000001c360730000 - 0x000001c360733000 	C:\Program Files\Java\openjfx-19_windows-x64_bin-sdk\javafx-sdk-19\bin\api-ms-win-core-datetime-l1-1-0.dll
0x000001c360740000 - 0x000001c360743000 	C:\Program Files\Java\openjfx-19_windows-x64_bin-sdk\javafx-sdk-19\bin\api-ms-win-core-debug-l1-1-0.dll
0x000001c360750000 - 0x000001c360753000 	C:\Program Files\Java\openjfx-19_windows-x64_bin-sdk\javafx-sdk-19\bin\api-ms-win-core-errorhandling-l1-1-0.dll
0x000001c360760000 - 0x000001c360764000 	C:\Program Files\Java\openjfx-19_windows-x64_bin-sdk\javafx-sdk-19\bin\api-ms-win-core-file-l1-1-0.dll
0x000001c360770000 - 0x000001c360773000 	C:\Program Files\Java\openjfx-19_windows-x64_bin-sdk\javafx-sdk-19\bin\api-ms-win-core-file-l1-2-0.dll
0x000001c360780000 - 0x000001c360783000 	C:\Program Files\Java\openjfx-19_windows-x64_bin-sdk\javafx-sdk-19\bin\api-ms-win-core-file-l2-1-0.dll
0x000001c360790000 - 0x000001c360793000 	C:\Program Files\Java\openjfx-19_windows-x64_bin-sdk\javafx-sdk-19\bin\api-ms-win-core-handle-l1-1-0.dll
0x000001c3607a0000 - 0x000001c3607a3000 	C:\Program Files\Java\openjfx-19_windows-x64_bin-sdk\javafx-sdk-19\bin\api-ms-win-core-heap-l1-1-0.dll
0x000001c3607b0000 - 0x000001c3607b3000 	C:\Program Files\Java\openjfx-19_windows-x64_bin-sdk\javafx-sdk-19\bin\api-ms-win-core-interlocked-l1-1-0.dll
0x000001c3607c0000 - 0x000001c3607c3000 	C:\Program Files\Java\openjfx-19_windows-x64_bin-sdk\javafx-sdk-19\bin\api-ms-win-core-libraryloader-l1-1-0.dll
0x000001c3607d0000 - 0x000001c3607d3000 	C:\Program Files\Java\openjfx-19_windows-x64_bin-sdk\javafx-sdk-19\bin\api-ms-win-core-localization-l1-2-0.dll
0x000001c3607e0000 - 0x000001c3607e3000 	C:\Program Files\Java\openjfx-19_windows-x64_bin-sdk\javafx-sdk-19\bin\api-ms-win-core-memory-l1-1-0.dll
0x000001c3607f0000 - 0x000001c3607f3000 	C:\Program Files\Java\openjfx-19_windows-x64_bin-sdk\javafx-sdk-19\bin\api-ms-win-core-namedpipe-l1-1-0.dll
0x000001c365400000 - 0x000001c365403000 	C:\Program Files\Java\openjfx-19_windows-x64_bin-sdk\javafx-sdk-19\bin\api-ms-win-core-processenvironment-l1-1-0.dll
0x000001c365410000 - 0x000001c365413000 	C:\Program Files\Java\openjfx-19_windows-x64_bin-sdk\javafx-sdk-19\bin\api-ms-win-core-processthreads-l1-1-0.dll
0x000001c365420000 - 0x000001c365423000 	C:\Program Files\Java\openjfx-19_windows-x64_bin-sdk\javafx-sdk-19\bin\api-ms-win-core-processthreads-l1-1-1.dll
0x000001c365430000 - 0x000001c365433000 	C:\Program Files\Java\openjfx-19_windows-x64_bin-sdk\javafx-sdk-19\bin\api-ms-win-core-profile-l1-1-0.dll
0x000001c365440000 - 0x000001c365443000 	C:\Program Files\Java\openjfx-19_windows-x64_bin-sdk\javafx-sdk-19\bin\api-ms-win-core-rtlsupport-l1-1-0.dll
0x000001c365450000 - 0x000001c365453000 	C:\Program Files\Java\openjfx-19_windows-x64_bin-sdk\javafx-sdk-19\bin\api-ms-win-core-string-l1-1-0.dll
0x000001c365460000 - 0x000001c365463000 	C:\Program Files\Java\openjfx-19_windows-x64_bin-sdk\javafx-sdk-19\bin\api-ms-win-core-synch-l1-1-0.dll
0x000001c365470000 - 0x000001c365473000 	C:\Program Files\Java\openjfx-19_windows-x64_bin-sdk\javafx-sdk-19\bin\api-ms-win-core-synch-l1-2-0.dll
0x000001c365480000 - 0x000001c365483000 	C:\Program Files\Java\openjfx-19_windows-x64_bin-sdk\javafx-sdk-19\bin\api-ms-win-core-sysinfo-l1-1-0.dll
0x000001c365490000 - 0x000001c365493000 	C:\Program Files\Java\openjfx-19_windows-x64_bin-sdk\javafx-sdk-19\bin\api-ms-win-core-timezone-l1-1-0.dll
0x000001c3654a0000 - 0x000001c3654a3000 	C:\Program Files\Java\openjfx-19_windows-x64_bin-sdk\javafx-sdk-19\bin\api-ms-win-core-util-l1-1-0.dll
0x000001c3654b0000 - 0x000001c3654b3000 	C:\Program Files\Java\openjfx-19_windows-x64_bin-sdk\javafx-sdk-19\bin\api-ms-win-crt-conio-l1-1-0.dll
0x000001c3654c0000 - 0x000001c3654c4000 	C:\Program Files\Java\openjfx-19_windows-x64_bin-sdk\javafx-sdk-19\bin\api-ms-win-crt-convert-l1-1-0.dll
0x000001c3654d0000 - 0x000001c3654d3000 	C:\Program Files\Java\openjfx-19_windows-x64_bin-sdk\javafx-sdk-19\bin\api-ms-win-crt-environment-l1-1-0.dll
0x000001c3654e0000 - 0x000001c3654e3000 	C:\Program Files\Java\openjfx-19_windows-x64_bin-sdk\javafx-sdk-19\bin\api-ms-win-crt-filesystem-l1-1-0.dll
0x000001c3654f0000 - 0x000001c3654f3000 	C:\Program Files\Java\openjfx-19_windows-x64_bin-sdk\javafx-sdk-19\bin\api-ms-win-crt-heap-l1-1-0.dll
0x000001c365500000 - 0x000001c365503000 	C:\Program Files\Java\openjfx-19_windows-x64_bin-sdk\javafx-sdk-19\bin\api-ms-win-crt-locale-l1-1-0.dll
0x000001c365510000 - 0x000001c365515000 	C:\Program Files\Java\openjfx-19_windows-x64_bin-sdk\javafx-sdk-19\bin\api-ms-win-crt-math-l1-1-0.dll
0x000001c365520000 - 0x000001c365525000 	C:\Program Files\Java\openjfx-19_windows-x64_bin-sdk\javafx-sdk-19\bin\api-ms-win-crt-multibyte-l1-1-0.dll
0x000001c365530000 - 0x000001c365540000 	C:\Program Files\Java\openjfx-19_windows-x64_bin-sdk\javafx-sdk-19\bin\api-ms-win-crt-private-l1-1-0.dll
0x000001c365540000 - 0x000001c365543000 	C:\Program Files\Java\openjfx-19_windows-x64_bin-sdk\javafx-sdk-19\bin\api-ms-win-crt-process-l1-1-0.dll
0x000001c365550000 - 0x000001c365554000 	C:\Program Files\Java\openjfx-19_windows-x64_bin-sdk\javafx-sdk-19\bin\api-ms-win-crt-runtime-l1-1-0.dll
0x000001c365560000 - 0x000001c365564000 	C:\Program Files\Java\openjfx-19_windows-x64_bin-sdk\javafx-sdk-19\bin\api-ms-win-crt-stdio-l1-1-0.dll
0x000001c365570000 - 0x000001c365574000 	C:\Program Files\Java\openjfx-19_windows-x64_bin-sdk\javafx-sdk-19\bin\api-ms-win-crt-string-l1-1-0.dll
0x000001c365580000 - 0x000001c365583000 	C:\Program Files\Java\openjfx-19_windows-x64_bin-sdk\javafx-sdk-19\bin\api-ms-win-crt-time-l1-1-0.dll
0x000001c365590000 - 0x000001c365593000 	C:\Program Files\Java\openjfx-19_windows-x64_bin-sdk\javafx-sdk-19\bin\api-ms-win-crt-utility-l1-1-0.dll
0x00007ffe949e0000 - 0x00007ffe94adc000 	C:\Program Files\Java\openjfx-19_windows-x64_bin-sdk\javafx-sdk-19\bin\ucrtbase.dll
0x00007ffe949c0000 - 0x00007ffe949db000 	C:\Program Files\Java\openjfx-19_windows-x64_bin-sdk\javafx-sdk-19\bin\vcruntime140.dll
0x00007ffeaa8a0000 - 0x00007ffeaa8ac000 	C:\Program Files\Java\openjfx-19_windows-x64_bin-sdk\javafx-sdk-19\bin\vcruntime140_1.dll
0x00007ffe88810000 - 0x00007ffe8889e000 	C:\Program Files\Java\openjfx-19_windows-x64_bin-sdk\javafx-sdk-19\bin\msvcp140.dll
0x00007ffe94fa0000 - 0x00007ffe94fa9000 	C:\Program Files\Java\openjfx-19_windows-x64_bin-sdk\javafx-sdk-19\bin\msvcp140_1.dll
0x00007ffe907b0000 - 0x00007ffe907e0000 	C:\Program Files\Java\openjfx-19_windows-x64_bin-sdk\javafx-sdk-19\bin\msvcp140_2.dll
0x00007ffe90620000 - 0x00007ffe9064c000 	C:\Program Files\Java\openjfx-19_windows-x64_bin-sdk\javafx-sdk-19\bin\prism_d3d.dll
0x00007ffe9d6d0000 - 0x00007ffe9d89f000 	C:\Windows\system32\d3d9.dll
0x00007ffead300000 - 0x00007ffead32f000 	C:\Windows\SYSTEM32\dwmapi.dll
0x00007ffead000000 - 0x00007ffead09e000 	C:\Windows\system32\uxtheme.dll
0x00007ffe59780000 - 0x00007ffe598e5000 	C:\Windows\System32\DriverStore\FileRepository\72_lenovo_kabylake_hws_iigd_dch.inf_amd64_d630775471e98fa9\igdumdim64.dll
0x00007ffeb0fd0000 - 0x00007ffeb10fa000 	C:\Windows\System32\ole32.dll
0x00007ffe484c0000 - 0x00007ffe4cec9000 	C:\Windows\System32\DriverStore\FileRepository\72_lenovo_kabylake_hws_iigd_dch.inf_amd64_d630775471e98fa9\igd9dxva64.dll
0x00007ffeb11b0000 - 0x00007ffeb127d000 	C:\Windows\System32\OLEAUT32.dll
0x00007ffeb0820000 - 0x00007ffeb0c88000 	C:\Windows\System32\SETUPAPI.dll
0x00007ffeb0470000 - 0x00007ffeb04be000 	C:\Windows\System32\cfgmgr32.dll
0x00007ffeb00d0000 - 0x00007ffeb00f7000 	C:\Windows\System32\bcrypt.dll
0x00007ffea2260000 - 0x00007ffea2591000 	C:\Windows\System32\DriverStore\FileRepository\72_lenovo_kabylake_hws_iigd_dch.inf_amd64_d630775471e98fa9\igdgmm64.dll
0x00007ffe883c0000 - 0x00007ffe88402000 	C:\Program Files\Java\openjfx-19_windows-x64_bin-sdk\javafx-sdk-19\bin\glass.dll
0x00007ffeb22f0000 - 0x00007ffeb23ca000 	C:\Windows\System32\COMDLG32.dll
0x00007ffeb1b90000 - 0x00007ffeb1ca5000 	C:\Windows\System32\MSCTF.dll
0x00007ffe980e0000 - 0x00007ffe98107000 	C:\Windows\System32\DriverStore\FileRepository\72_lenovo_kabylake_hws_iigd_dch.inf_amd64_d630775471e98fa9\igdinfo64.dll
0x00007ffeaf530000 - 0x00007ffeaf548000 	C:\Windows\SYSTEM32\CRYPTSP.dll
0x00007ffeaebe0000 - 0x00007ffeaec14000 	C:\Windows\system32\rsaenh.dll
0x00007ffeaf520000 - 0x00007ffeaf52c000 	C:\Windows\SYSTEM32\CRYPTBASE.dll
0x00007ffe9e320000 - 0x00007ffea105c000 	C:\Windows\System32\DriverStore\FileRepository\72_lenovo_kabylake_hws_iigd_dch.inf_amd64_d630775471e98fa9\igc64.dll
0x00007ffea4b30000 - 0x00007ffea4b6b000 	C:\Windows\SYSTEM32\dxcore.dll
0x00007ffe928d0000 - 0x00007ffe928e4000 	C:\Program Files\Java\openjfx-19_windows-x64_bin-sdk\javafx-sdk-19\bin\javafx_font.dll
0x00007ffe9c410000 - 0x00007ffe9c68f000 	C:\Windows\SYSTEM32\dwrite.dll
0x00007ffeb0d40000 - 0x00007ffeb0def000 	C:\Windows\System32\clbcatq.dll
0x00007ffea7810000 - 0x00007ffea79c4000 	C:\Windows\SYSTEM32\WindowsCodecs.dll
0x00007ffe81220000 - 0x00007ffe8125e000 	C:\Windows\system32\dataexchange.dll
0x00007ffeac3b0000 - 0x00007ffeac593000 	C:\Windows\system32\dcomp.dll
0x00007ffeab7e0000 - 0x00007ffeaba43000 	C:\Windows\system32\d3d11.dll
0x00007ffeae430000 - 0x00007ffeae523000 	C:\Windows\system32\dxgi.dll
0x00007ffea8090000 - 0x00007ffea8290000 	C:\Windows\system32\twinapi.appcore.dll
0x00007ffe85db0000 - 0x00007ffe85de4000 	C:\Program Files\Common Files\Microsoft Shared\Ink\rtscom.dll
0x00007ffea29a0000 - 0x00007ffea2a99000 	C:\Windows\SYSTEM32\textinputframework.dll
0x00007ffeac920000 - 0x00007ffeacc7e000 	C:\Windows\System32\CoreUIComponents.dll
0x00007ffeacc80000 - 0x00007ffeacd72000 	C:\Windows\System32\CoreMessaging.dll

dbghelp: loaded successfully - version: 4.0.5 - missing functions: none
symbol engine: initialized successfully - sym options: 0x614 - pdb path: .;C:\Program Files\Java\jdk-18.0.2.1\bin;C:\Windows\SYSTEM32;C:\Windows\WinSxS\amd64_microsoft.windows.common-controls_6595b64144ccf1df_6.0.19041.1110_none_60b5254171f9507e;C:\Program Files\Java\jdk-18.0.2.1\bin\server;C:\Program Files\JetBrains\IntelliJ IDEA Community Edition 2022.2.1\bin;C:\Program Files\Java\openjfx-19_windows-x64_bin-sdk\javafx-sdk-19\bin;C:\Windows\System32\DriverStore\FileRepository\72_lenovo_kabylake_hws_iigd_dch.inf_amd64_d630775471e98fa9;C:\Program Files\Common Files\Microsoft Shared\Ink

VM Arguments:
jvm_args: --module-path=C:/Program Files/Java/openjfx-19_windows-x64_bin-sdk/javafx-sdk-19/lib --add-modules=javafx.controls,javafx.fxml -javaagent:C:\Program Files\JetBrains\IntelliJ IDEA Community Edition 2022.2.1\lib\idea_rt.jar=59983:C:\Program Files\JetBrains\IntelliJ IDEA Community Edition 2022.2.1\bin -Dfile.encoding=UTF-8 -Dsun.stdout.encoding=UTF-8 -Dsun.stderr.encoding=UTF-8 
java_command: Client
java_class_path (initial): E:\prog 5\\kurs\out\production\Client;C:\Program Files\Java\openjfx-19_windows-x64_bin-sdk\javafx-sdk-19\lib\javafx-swt.jar;C:\Program Files\Java\openjfx-19_windows-x64_bin-sdk\javafx-sdk-19\lib\javafx.web.jar;C:\Program Files\Java\openjfx-19_windows-x64_bin-sdk\javafx-sdk-19\lib\javafx.base.jar;C:\Program Files\Java\openjfx-19_windows-x64_bin-sdk\javafx-sdk-19\lib\javafx.fxml.jar;C:\Program Files\Java\openjfx-19_windows-x64_bin-sdk\javafx-sdk-19\lib\javafx.media.jar;C:\Program Files\Java\openjfx-19_windows-x64_bin-sdk\javafx-sdk-19\lib\javafx.swing.jar;C:\Program Files\Java\openjfx-19_windows-x64_bin-sdk\javafx-sdk-19\lib\javafx.controls.jar;C:\Program Files\Java\openjfx-19_windows-x64_bin-sdk\javafx-sdk-19\lib\javafx.graphics.jar;C:\Users\\Downloads\mysql-connector-java-8.0.26.jar;E:\prog 5\\kurs\out\production\kurs;C:\Program Files\Java\jdk-18.0.2.1\lib\jrt-fs.jar
Launcher Type: SUN_STANDARD

[Global flags]
     intx CICompilerCount                          = 3                                         {product} {ergonomic}
     uint ConcGCThreads                            = 1                                         {product} {ergonomic}
     uint G1ConcRefinementThreads                  = 4                                         {product} {ergonomic}
   size_t G1HeapRegionSize                         = 1048576                                   {product} {ergonomic}
    uintx GCDrainStackTargetSize                   = 64                                        {product} {ergonomic}
   size_t InitialHeapSize                          = 134217728                                 {product} {ergonomic}
   size_t MarkStackSize                            = 4194304                                   {product} {ergonomic}
   size_t MaxHeapSize                              = 2116026368                                {product} {ergonomic}
   size_t MaxNewSize                               = 1268776960                                {product} {ergonomic}
   size_t MinHeapDeltaBytes                        = 1048576                                   {product} {ergonomic}
   size_t MinHeapSize                              = 8388608                                   {product} {ergonomic}
    uintx NonNMethodCodeHeapSize                   = 5832780                                {pd product} {ergonomic}
    uintx NonProfiledCodeHeapSize                  = 122912730                              {pd product} {ergonomic}
    uintx ProfiledCodeHeapSize                     = 122912730                              {pd product} {ergonomic}
    uintx ReservedCodeCacheSize                    = 251658240                              {pd product} {ergonomic}
     bool SegmentedCodeCache                       = true                                      {product} {ergonomic}
   size_t SoftMaxHeapSize                          = 2116026368                             {manageable} {ergonomic}
     bool UseCompressedClassPointers               = true                           {product lp64_product} {ergonomic}
     bool UseCompressedOops                        = true                           {product lp64_product} {ergonomic}
     bool UseG1GC                                  = true                                      {product} {ergonomic}
     bool UseLargePagesIndividualAllocation        = false                                  {pd product} {ergonomic}

Logging:
Log output configuration:
 #0: stdout all=off uptime,level,tags foldmultilines=false
 #1: stderr all=off uptime,level,tags foldmultilines=false

Environment Variables:
PATH=C:\Program Files\Common Files\Oracle\Java\javapath;C:\Program Files (x86)\Common Files\Oracle\Java\javapath;C:\Windows\system32;C:\Windows;C:\Windows\System32\Wbem;C:\Windows\System32\WindowsPowerShell\v1.0\;C:\Windows\System32\OpenSSH\;C:\Program Files (x86)\NVIDIA Corporation\PhysX\Common;C:\Program Files\NVIDIA Corporation\NVIDIA NvDLISR;C:\Program Files\Azure Data Studio\bin;C:\Program Files\MySQL\MySQL Shell 8.0\bin\;C:\Users\\AppData\Local\Microsoft\WindowsApps;;C:\Program Files\Azure Data Studio\bin
USERNAME=
OS=Windows_NT
PROCESSOR_IDENTIFIER=Intel64 Family 6 Model 142 Stepping 9, GenuineIntel



---------------  S Y S T E M  ---------------

OS:
 Windows 10 , 64 bit Build 19041 (10.0.19041.2251)
OS uptime: 0 days 1:02 hours

CPU: total 4 (initial active 4) (2 cores per cpu, 2 threads per core) family 6 model 142 stepping 9 microcode 0xd6, cx8, cmov, fxsr, ht, mmx, 3dnowpref, sse, sse2, sse3, ssse3, sse4.1, sse4.2, popcnt, lzcnt, tsc, tscinvbit, avx, avx2, aes, erms, clmul, bmi1, bmi2, adx, fma, vzeroupper, clflush, clflushopt

Memory: 4k page, system-wide physical 8066M (1744M free)
TotalPageFile size 14466M (AvailPageFile size 6337M)
current process WorkingSet (physical memory assigned to process): 183M, peak: 198M
current process commit charge ("private bytes"): 291M, peak: 307M

vm_info: Java HotSpot(TM) 64-Bit Server VM (18.0.2.1+1-1) for windows-amd64 JRE (18.0.2.1+1-1), built on Aug 16 2022 01:46:33 by "mach5one" with MS VC++ 16.8 / 16.9 (VS2019)

END.
